acpid-2.0.23/
acpid-2.0.23/acpid-design.odg
acpid-2.0.23/build-aux/
acpid-2.0.23/build-aux/config.guess
acpid-2.0.23/build-aux/config.sub
acpid-2.0.23/build-aux/compile
acpid-2.0.23/build-aux/depcomp
acpid-2.0.23/build-aux/install-sh
acpid-2.0.23/build-aux/missing
acpid-2.0.23/kacpimon/
acpid-2.0.23/kacpimon/netlink.c
acpid-2.0.23/kacpimon/Makefile.in
acpid-2.0.23/kacpimon/connection_list.h
acpid-2.0.23/kacpimon/sample.out
acpid-2.0.23/kacpimon/acpi_genetlink.h
acpid-2.0.23/kacpimon/kacpimon.h
acpid-2.0.23/kacpimon/input_layer.h
acpid-2.0.23/kacpimon/acpi_ids.h
acpid-2.0.23/kacpimon/input_layer.c
acpid-2.0.23/kacpimon/libnetlink.h
acpid-2.0.23/kacpimon/kacpimon.8
acpid-2.0.23/kacpimon/libnetlink.c
acpid-2.0.23/kacpimon/Makefile.am
acpid-2.0.23/kacpimon/README
acpid-2.0.23/kacpimon/acpi_ids.c
acpid-2.0.23/kacpimon/kacpimon.c
acpid-2.0.23/kacpimon/netlink.h
acpid-2.0.23/kacpimon/genetlink.h
acpid-2.0.23/kacpimon/connection_list.c
acpid-2.0.23/config.h
acpid-2.0.23/ud_socket.h
acpid-2.0.23/netlink.c
acpid-2.0.23/TODO
acpid-2.0.23/Makefile.in
acpid-2.0.23/TESTPLAN
acpid-2.0.23/COPYING
acpid-2.0.23/log.c
acpid-2.0.23/inotify_handler.c
acpid-2.0.23/connection_list.h
acpid-2.0.23/Changelog
acpid-2.0.23/acpi_listen.8
acpid-2.0.23/log.h
acpid-2.0.23/acpi_genetlink.h
acpid-2.0.23/input_layer.h
acpid-2.0.23/sock.c
acpid-2.0.23/configure
acpid-2.0.23/acpi_ids.h
acpid-2.0.23/proc.c
acpid-2.0.23/configure.ac
acpid-2.0.23/sock.h
acpid-2.0.23/acpid.c
acpid-2.0.23/proc.h
acpid-2.0.23/input_layer.c
acpid-2.0.23/config.h.in
acpid-2.0.23/samples/
acpid-2.0.23/samples/acpi_handler-conf
acpid-2.0.23/samples/power.sh
acpid-2.0.23/samples/battery/
acpid-2.0.23/samples/battery/battery.sh
acpid-2.0.23/samples/battery/battery-conf
acpid-2.0.23/samples/powerbtn/
acpid-2.0.23/samples/powerbtn/powerbtn-conf
acpid-2.0.23/samples/powerbtn/powerbtn.sh
acpid-2.0.23/samples/powerbtn/powerbtn.sh.old
acpid-2.0.23/samples/power
acpid-2.0.23/samples/panasonic/
acpid-2.0.23/samples/panasonic/ac_adapt.pl
acpid-2.0.23/samples/panasonic/ac_adapter
acpid-2.0.23/samples/panasonic/hotkey
acpid-2.0.23/samples/panasonic/hotkey.pl
acpid-2.0.23/samples/acpi_handler.sh
acpid-2.0.23/libnetlink.h
acpid-2.0.23/inotify_handler.h
acpid-2.0.23/aclocal.m4
acpid-2.0.23/libnetlink.c
acpid-2.0.23/Makefile.am
acpid-2.0.23/event.c
acpid-2.0.23/README
acpid-2.0.23/acpi_ids.c
acpid-2.0.23/acpi_listen.c
acpid-2.0.23/netlink.h
acpid-2.0.23/event.h
acpid-2.0.23/ud_socket.c
acpid-2.0.23/acpid.8
acpid-2.0.23/genetlink.h
acpid-2.0.23/connection_list.c
acpid-2.0.23/acpid.h
checking for a BSD-compatible install... /usr/bin/ginstall -c
checking whether build environment is sane... yes
checking for a thread-safe mkdir -p... build-aux/install-sh -c -d
checking for gawk... gawk
checking whether make sets $(MAKE)... yes
checking whether make supports nested variables... yes
checking how to create a pax tar archive... gnutar
checking whether make supports nested variables... (cached) yes
checking whether to enable maintainer-specific portions of Makefiles... no
checking for gawk... (cached) gawk
checking for style of include used by make... GNU
checking for gcc... gcc
checking whether the C compiler works... yes
checking for C compiler default output file name... a.out
checking for suffix of executables... 
checking whether we are cross compiling... no
checking for suffix of object files... o
checking whether we are using the GNU C compiler... yes
checking whether gcc accepts -g... yes
checking for gcc option to accept ISO C89... none needed
checking whether gcc understands -c and -o together... yes
checking dependency style of gcc... gcc3
checking for gcc option to accept ISO C99... -std=gnu99
checking for gcc -std=gnu99 option to accept ISO Standard C... (cached) -std=gnu99
checking how to run the C preprocessor... gcc -std=gnu99 -E
checking for grep that handles long lines and -e... /bin/grep
checking for egrep... /bin/grep -E
checking for ANSI C header files... yes
checking for sys/types.h... yes
checking for sys/stat.h... yes
checking for stdlib.h... yes
checking for string.h... yes
checking for memory.h... yes
checking for strings.h... yes
checking for inttypes.h... yes
checking for stdint.h... yes
checking for unistd.h... yes
checking minix/config.h usability... no
checking minix/config.h presence... no
checking for minix/config.h... no
checking whether it is safe to define __EXTENSIONS__... yes
checking for special C compiler options needed for large files... no
checking for _FILE_OFFSET_BITS value needed for large files... 64
checking whether make sets $(MAKE)... (cached) yes
checking arpa/inet.h usability... yes
checking arpa/inet.h presence... yes
checking for arpa/inet.h... yes
checking fcntl.h usability... yes
checking fcntl.h presence... yes
checking for fcntl.h... yes
checking malloc.h usability... yes
checking malloc.h presence... yes
checking for malloc.h... yes
checking netinet/in.h usability... yes
checking netinet/in.h presence... yes
checking for netinet/in.h... yes
checking for stdlib.h... (cached) yes
checking for string.h... (cached) yes
checking sys/ioctl.h usability... yes
checking sys/ioctl.h presence... yes
checking for sys/ioctl.h... yes
checking sys/socket.h usability... yes
checking sys/socket.h presence... yes
checking for sys/socket.h... yes
checking syslog.h usability... yes
checking syslog.h presence... yes
checking for syslog.h... yes
checking for unistd.h... (cached) yes
checking for mode_t... yes
checking for pid_t... yes
checking for size_t... yes
checking for ssize_t... yes
checking vfork.h usability... no
checking vfork.h presence... no
checking for vfork.h... no
checking for fork... yes
checking for vfork... yes
checking for working fork... yes
checking for working vfork... (cached) yes
checking for stdlib.h... (cached) yes
checking for GNU libc compatible malloc... yes
checking for stdlib.h... (cached) yes
checking for GNU libc compatible realloc... yes
checking build system type... i686-pc-linux-gnu
checking host system type... i686-pc-linux-gnu
checking for working strnlen... yes
checking for fchown... yes
checking for chmod... yes
checking for fstat... yes
checking for fstatat... yes
checking for openat... yes
checking for asprintf... yes
checking for alarm... yes
checking for dup2... yes
checking for memset... yes
checking for regcomp... yes
checking for select... yes
checking for socket... yes
checking for strcasecmp... yes
checking for strdup... yes
checking for strerror... yes
checking for strrchr... yes
checking for strtol... yes
checking that generated files are newer than configure... done
configure: creating ./config.status
config.status: creating Makefile
config.status: creating kacpimon/Makefile
config.status: creating config.h
config.status: executing depfiles commands
make  all-recursive
make[1]: Entering directory `/mnt/sda6/00_new-woof/petbuilds-slacko-32/builds/acpid/acpid-2.0.23'
Making all in kacpimon
make[2]: Entering directory `/mnt/sda6/00_new-woof/petbuilds-slacko-32/builds/acpid/acpid-2.0.23/kacpimon'
depbase=`echo acpi_ids.o | sed 's|[^/]*$|.deps/&|;s|\.o$||'`;\
gcc -std=gnu99 -DHAVE_CONFIG_H -I. -I..  -include ../config.h  -Wall -Wmissing-declarations -Wmissing-prototypes -Wredundant-decls -Wshadow -Wstrict-prototypes -Wformat=2 -g -O2 -MT acpi_ids.o -MD -MP -MF $depbase.Tpo -c -o acpi_ids.o acpi_ids.c &&\
mv -f $depbase.Tpo $depbase.Po
depbase=`echo kacpimon.o | sed 's|[^/]*$|.deps/&|;s|\.o$||'`;\
gcc -std=gnu99 -DHAVE_CONFIG_H -I. -I..  -include ../config.h  -Wall -Wmissing-declarations -Wmissing-prototypes -Wredundant-decls -Wshadow -Wstrict-prototypes -Wformat=2 -g -O2 -MT kacpimon.o -MD -MP -MF $depbase.Tpo -c -o kacpimon.o kacpimon.c &&\
mv -f $depbase.Tpo $depbase.Po
depbase=`echo connection_list.o | sed 's|[^/]*$|.deps/&|;s|\.o$||'`;\
gcc -std=gnu99 -DHAVE_CONFIG_H -I. -I..  -include ../config.h  -Wall -Wmissing-declarations -Wmissing-prototypes -Wredundant-decls -Wshadow -Wstrict-prototypes -Wformat=2 -g -O2 -MT connection_list.o -MD -MP -MF $depbase.Tpo -c -o connection_list.o connection_list.c &&\
mv -f $depbase.Tpo $depbase.Po
depbase=`echo input_layer.o | sed 's|[^/]*$|.deps/&|;s|\.o$||'`;\
gcc -std=gnu99 -DHAVE_CONFIG_H -I. -I..  -include ../config.h  -Wall -Wmissing-declarations -Wmissing-prototypes -Wredundant-decls -Wshadow -Wstrict-prototypes -Wformat=2 -g -O2 -MT input_layer.o -MD -MP -MF $depbase.Tpo -c -o input_layer.o input_layer.c &&\
mv -f $depbase.Tpo $depbase.Po
depbase=`echo libnetlink.o | sed 's|[^/]*$|.deps/&|;s|\.o$||'`;\
gcc -std=gnu99 -DHAVE_CONFIG_H -I. -I..  -include ../config.h  -Wall -Wmissing-declarations -Wmissing-prototypes -Wredundant-decls -Wshadow -Wstrict-prototypes -Wformat=2 -g -O2 -MT libnetlink.o -MD -MP -MF $depbase.Tpo -c -o libnetlink.o libnetlink.c &&\
mv -f $depbase.Tpo $depbase.Po
depbase=`echo netlink.o | sed 's|[^/]*$|.deps/&|;s|\.o$||'`;\
gcc -std=gnu99 -DHAVE_CONFIG_H -I. -I..  -include ../config.h  -Wall -Wmissing-declarations -Wmissing-prototypes -Wredundant-decls -Wshadow -Wstrict-prototypes -Wformat=2 -g -O2 -MT netlink.o -MD -MP -MF $depbase.Tpo -c -o netlink.o netlink.c &&\
mv -f $depbase.Tpo $depbase.Po
gcc -std=gnu99 -Wall -Wmissing-declarations -Wmissing-prototypes -Wredundant-decls -Wshadow -Wstrict-prototypes -Wformat=2 -g -O2   -o kacpimon acpi_ids.o kacpimon.o connection_list.o input_layer.o libnetlink.o netlink.o  
make[2]: Leaving directory `/mnt/sda6/00_new-woof/petbuilds-slacko-32/builds/acpid/acpid-2.0.23/kacpimon'
make[2]: Entering directory `/mnt/sda6/00_new-woof/petbuilds-slacko-32/builds/acpid/acpid-2.0.23'
depbase=`echo acpi_listen.o | sed 's|[^/]*$|.deps/&|;s|\.o$||'`;\
gcc -std=gnu99 -DHAVE_CONFIG_H -I.  -include ./config.h  -Wall -Wmissing-declarations -Wmissing-prototypes -Wredundant-decls -Wshadow -Wstrict-prototypes -Wformat=2 -g -O2 -MT acpi_listen.o -MD -MP -MF $depbase.Tpo -c -o acpi_listen.o acpi_listen.c &&\
mv -f $depbase.Tpo $depbase.Po
depbase=`echo log.o | sed 's|[^/]*$|.deps/&|;s|\.o$||'`;\
gcc -std=gnu99 -DHAVE_CONFIG_H -I.  -include ./config.h  -Wall -Wmissing-declarations -Wmissing-prototypes -Wredundant-decls -Wshadow -Wstrict-prototypes -Wformat=2 -g -O2 -MT log.o -MD -MP -MF $depbase.Tpo -c -o log.o log.c &&\
mv -f $depbase.Tpo $depbase.Po
depbase=`echo ud_socket.o | sed 's|[^/]*$|.deps/&|;s|\.o$||'`;\
gcc -std=gnu99 -DHAVE_CONFIG_H -I.  -include ./config.h  -Wall -Wmissing-declarations -Wmissing-prototypes -Wredundant-decls -Wshadow -Wstrict-prototypes -Wformat=2 -g -O2 -MT ud_socket.o -MD -MP -MF $depbase.Tpo -c -o ud_socket.o ud_socket.c &&\
mv -f $depbase.Tpo $depbase.Po
gcc -std=gnu99 -Wall -Wmissing-declarations -Wmissing-prototypes -Wredundant-decls -Wshadow -Wstrict-prototypes -Wformat=2 -g -O2   -o acpi_listen acpi_listen.o log.o ud_socket.o  
depbase=`echo acpid.o | sed 's|[^/]*$|.deps/&|;s|\.o$||'`;\
gcc -std=gnu99 -DHAVE_CONFIG_H -I.  -include ./config.h  -Wall -Wmissing-declarations -Wmissing-prototypes -Wredundant-decls -Wshadow -Wstrict-prototypes -Wformat=2 -g -O2 -MT acpid.o -MD -MP -MF $depbase.Tpo -c -o acpid.o acpid.c &&\
mv -f $depbase.Tpo $depbase.Po
depbase=`echo acpi_ids.o | sed 's|[^/]*$|.deps/&|;s|\.o$||'`;\
gcc -std=gnu99 -DHAVE_CONFIG_H -I.  -include ./config.h  -Wall -Wmissing-declarations -Wmissing-prototypes -Wredundant-decls -Wshadow -Wstrict-prototypes -Wformat=2 -g -O2 -MT acpi_ids.o -MD -MP -MF $depbase.Tpo -c -o acpi_ids.o acpi_ids.c &&\
mv -f $depbase.Tpo $depbase.Po
depbase=`echo connection_list.o | sed 's|[^/]*$|.deps/&|;s|\.o$||'`;\
gcc -std=gnu99 -DHAVE_CONFIG_H -I.  -include ./config.h  -Wall -Wmissing-declarations -Wmissing-prototypes -Wredundant-decls -Wshadow -Wstrict-prototypes -Wformat=2 -g -O2 -MT connection_list.o -MD -MP -MF $depbase.Tpo -c -o connection_list.o connection_list.c &&\
mv -f $depbase.Tpo $depbase.Po
depbase=`echo event.o | sed 's|[^/]*$|.deps/&|;s|\.o$||'`;\
gcc -std=gnu99 -DHAVE_CONFIG_H -I.  -include ./config.h  -Wall -Wmissing-declarations -Wmissing-prototypes -Wredundant-decls -Wshadow -Wstrict-prototypes -Wformat=2 -g -O2 -MT event.o -MD -MP -MF $depbase.Tpo -c -o event.o event.c &&\
mv -f $depbase.Tpo $depbase.Po
depbase=`echo input_layer.o | sed 's|[^/]*$|.deps/&|;s|\.o$||'`;\
gcc -std=gnu99 -DHAVE_CONFIG_H -I.  -include ./config.h  -Wall -Wmissing-declarations -Wmissing-prototypes -Wredundant-decls -Wshadow -Wstrict-prototypes -Wformat=2 -g -O2 -MT input_layer.o -MD -MP -MF $depbase.Tpo -c -o input_layer.o input_layer.c &&\
mv -f $depbase.Tpo $depbase.Po
depbase=`echo inotify_handler.o | sed 's|[^/]*$|.deps/&|;s|\.o$||'`;\
gcc -std=gnu99 -DHAVE_CONFIG_H -I.  -include ./config.h  -Wall -Wmissing-declarations -Wmissing-prototypes -Wredundant-decls -Wshadow -Wstrict-prototypes -Wformat=2 -g -O2 -MT inotify_handler.o -MD -MP -MF $depbase.Tpo -c -o inotify_handler.o inotify_handler.c &&\
mv -f $depbase.Tpo $depbase.Po
depbase=`echo libnetlink.o | sed 's|[^/]*$|.deps/&|;s|\.o$||'`;\
gcc -std=gnu99 -DHAVE_CONFIG_H -I.  -include ./config.h  -Wall -Wmissing-declarations -Wmissing-prototypes -Wredundant-decls -Wshadow -Wstrict-prototypes -Wformat=2 -g -O2 -MT libnetlink.o -MD -MP -MF $depbase.Tpo -c -o libnetlink.o libnetlink.c &&\
mv -f $depbase.Tpo $depbase.Po
depbase=`echo netlink.o | sed 's|[^/]*$|.deps/&|;s|\.o$||'`;\
gcc -std=gnu99 -DHAVE_CONFIG_H -I.  -include ./config.h  -Wall -Wmissing-declarations -Wmissing-prototypes -Wredundant-decls -Wshadow -Wstrict-prototypes -Wformat=2 -g -O2 -MT netlink.o -MD -MP -MF $depbase.Tpo -c -o netlink.o netlink.c &&\
mv -f $depbase.Tpo $depbase.Po
depbase=`echo proc.o | sed 's|[^/]*$|.deps/&|;s|\.o$||'`;\
gcc -std=gnu99 -DHAVE_CONFIG_H -I.  -include ./config.h  -Wall -Wmissing-declarations -Wmissing-prototypes -Wredundant-decls -Wshadow -Wstrict-prototypes -Wformat=2 -g -O2 -MT proc.o -MD -MP -MF $depbase.Tpo -c -o proc.o proc.c &&\
mv -f $depbase.Tpo $depbase.Po
depbase=`echo sock.o | sed 's|[^/]*$|.deps/&|;s|\.o$||'`;\
gcc -std=gnu99 -DHAVE_CONFIG_H -I.  -include ./config.h  -Wall -Wmissing-declarations -Wmissing-prototypes -Wredundant-decls -Wshadow -Wstrict-prototypes -Wformat=2 -g -O2 -MT sock.o -MD -MP -MF $depbase.Tpo -c -o sock.o sock.c &&\
mv -f $depbase.Tpo $depbase.Po
gcc -std=gnu99 -Wall -Wmissing-declarations -Wmissing-prototypes -Wredundant-decls -Wshadow -Wstrict-prototypes -Wformat=2 -g -O2   -o acpid acpid.o acpi_ids.o connection_list.o event.o input_layer.o inotify_handler.o libnetlink.o log.o netlink.o proc.o sock.o ud_socket.o  
make[2]: Leaving directory `/mnt/sda6/00_new-woof/petbuilds-slacko-32/builds/acpid/acpid-2.0.23'
make[1]: Leaving directory `/mnt/sda6/00_new-woof/petbuilds-slacko-32/builds/acpid/acpid-2.0.23'
Making install in kacpimon
make[1]: Entering directory `/mnt/sda6/00_new-woof/petbuilds-slacko-32/builds/acpid/acpid-2.0.23/kacpimon'
make[2]: Entering directory `/mnt/sda6/00_new-woof/petbuilds-slacko-32/builds/acpid/acpid-2.0.23/kacpimon'
 ../build-aux/install-sh -c -d '/mnt/sda6/00_new-woof/petbuilds-slacko-32/builds/acpid/acpid-2.0.23/acpid-2.0.23-i686_slk600/usr/sbin'
  /usr/bin/ginstall -c kacpimon '/mnt/sda6/00_new-woof/petbuilds-slacko-32/builds/acpid/acpid-2.0.23/acpid-2.0.23-i686_slk600/usr/sbin'
 ../build-aux/install-sh -c -d '/mnt/sda6/00_new-woof/petbuilds-slacko-32/builds/acpid/acpid-2.0.23/acpid-2.0.23-i686_slk600/usr/share/man/man8'
 /usr/bin/ginstall -c -m 644 kacpimon.8 '/mnt/sda6/00_new-woof/petbuilds-slacko-32/builds/acpid/acpid-2.0.23/acpid-2.0.23-i686_slk600/usr/share/man/man8'
make[2]: Leaving directory `/mnt/sda6/00_new-woof/petbuilds-slacko-32/builds/acpid/acpid-2.0.23/kacpimon'
make[1]: Leaving directory `/mnt/sda6/00_new-woof/petbuilds-slacko-32/builds/acpid/acpid-2.0.23/kacpimon'
make[1]: Entering directory `/mnt/sda6/00_new-woof/petbuilds-slacko-32/builds/acpid/acpid-2.0.23'
make[2]: Entering directory `/mnt/sda6/00_new-woof/petbuilds-slacko-32/builds/acpid/acpid-2.0.23'
 build-aux/install-sh -c -d '/mnt/sda6/00_new-woof/petbuilds-slacko-32/builds/acpid/acpid-2.0.23/acpid-2.0.23-i686_slk600/usr/bin'
  /usr/bin/ginstall -c acpi_listen '/mnt/sda6/00_new-woof/petbuilds-slacko-32/builds/acpid/acpid-2.0.23/acpid-2.0.23-i686_slk600/usr/bin'
 build-aux/install-sh -c -d '/mnt/sda6/00_new-woof/petbuilds-slacko-32/builds/acpid/acpid-2.0.23/acpid-2.0.23-i686_slk600/usr/sbin'
  /usr/bin/ginstall -c acpid '/mnt/sda6/00_new-woof/petbuilds-slacko-32/builds/acpid/acpid-2.0.23/acpid-2.0.23-i686_slk600/usr/sbin'
 build-aux/install-sh -c -d '/mnt/sda6/00_new-woof/petbuilds-slacko-32/builds/acpid/acpid-2.0.23/acpid-2.0.23-i686_slk600/usr/share/doc/acpid'
 /usr/bin/ginstall -c -m 644 COPYING Changelog README TESTPLAN TODO '/mnt/sda6/00_new-woof/petbuilds-slacko-32/builds/acpid/acpid-2.0.23/acpid-2.0.23-i686_slk600/usr/share/doc/acpid'
 build-aux/install-sh -c -d '/mnt/sda6/00_new-woof/petbuilds-slacko-32/builds/acpid/acpid-2.0.23/acpid-2.0.23-i686_slk600/usr/share/man/man8'
 /usr/bin/ginstall -c -m 644 acpid.8 acpi_listen.8 '/mnt/sda6/00_new-woof/petbuilds-slacko-32/builds/acpid/acpid-2.0.23/acpid-2.0.23-i686_slk600/usr/share/man/man8'
make[2]: Leaving directory `/mnt/sda6/00_new-woof/petbuilds-slacko-32/builds/acpid/acpid-2.0.23'
make[1]: Leaving directory `/mnt/sda6/00_new-woof/petbuilds-slacko-32/builds/acpid/acpid-2.0.23'
packaging acpid-2.0.23-i686_slk600
packaging acpid_DOC-2.0.23-i686_slk600
done!
