bbc_provided-2003/
bbc_provided-2003/nsswitch.conf
bbc_provided-2003/motd
bbc_provided-2003/news
bbc_provided-2003/list-packages
bbc_provided-2003/ipcalc.c
bbc_provided-2003/Makefile
bbc_provided-2003/save-config
bbc_provided-2003/root.group
bbc_provided-2003/crypt.c
bbc_provided-2003/root.passwd
bbc_provided-2003/daemon.bootstrap
bbc_provided-2003/.bashrc
bbc_provided-2003/fstab
bbc_provided-2003/hosts
bbc_provided-2003/issue
bbc_provided-2003/nobody.passwd
bbc_provided-2003/setuid.init
bbc_provided-2003/makedev
bbc_provided-2003/nobody.group
bbc_provided-2003/net.lo.init
bbc_provided-2003/bashrc
bbc_provided-2003/daemon.passwd
bbc_provided-2003/mount.devpts.init
bbc_provided-2003/daemon.group
bbc_provided-2003/halt.init
bbc_provided-2003/host-key
bbc_provided-2003/sleep3.c
bbc_provided-2003/locate
bbc_provided-2003/root.bootstrap
bbc_provided-2003/reboot.init
bbc_provided-2003/setbbctime-utc
bbc_provided-2003/hostname.init
bbc_provided-2003/COPYRIGHTS
bbc_provided-2003/trivial-net-setup
bbc_provided-2003/ld.so.conf
bbc_provided-2003/andor.c
bbc_provided-2003/services
bbc_provided-2003/zoom.c
bbc_provided-2003/setuid-wrapper.c
bbc_provided-2003/umount.all.init
bbc_provided-2003/dotquad.c
bbc_provided-2003/restore-config
bbc_provided-2003/nobody.bootstrap
bbc_provided-2003/host.conf
bbc_provided-2003/mk_compaq_raid_dev
bbc_provided-2003/protocols
bbc_provided-2003/mktemp.c
bbc_provided-2003/resolv.conf
bbc_provided-2003/profile
gcc -Wall -O2 -s    dotquad.c   -o dotquad
gcc -Wall -O2 -s -o and andor.c -DAND
andor.c: In function ‘main’:
andor.c:17:2: warning: implicit declaration of function ‘printf’ [-Wimplicit-function-declaration]
  printf("%i\n", strtoul(argv[1], (char**)NULL, 10) OP strtoul(argv[2], (char**)NULL, 10));
  ^
andor.c:17:2: warning: incompatible implicit declaration of built-in function ‘printf’ [enabled by default]
andor.c:17:2: warning: format ‘%i’ expects argument of type ‘int’, but argument 2 has type ‘long unsigned int’ [-Wformat=]
gcc -Wall -O2 -s -o or andor.c -DOR
andor.c: In function ‘main’:
andor.c:17:2: warning: implicit declaration of function ‘printf’ [-Wimplicit-function-declaration]
  printf("%i\n", strtoul(argv[1], (char**)NULL, 10) OP strtoul(argv[2], (char**)NULL, 10));
  ^
andor.c:17:2: warning: incompatible implicit declaration of built-in function ‘printf’ [enabled by default]
andor.c:17:2: warning: format ‘%i’ expects argument of type ‘int’, but argument 2 has type ‘long unsigned int’ [-Wformat=]
gcc -Wall -O2 -s -o crypt crypt.c -lcrypt
crypt.c: In function ‘main’:
crypt.c:5:2: warning: implicit declaration of function ‘malloc’ [-Wimplicit-function-declaration]
  char* password=(char*)malloc(100);
  ^
crypt.c:5:24: warning: incompatible implicit declaration of built-in function ‘malloc’ [enabled by default]
  char* password=(char*)malloc(100);
                        ^
crypt.c:11:2: warning: implicit declaration of function ‘crypt’ [-Wimplicit-function-declaration]
  printf("%s\n",crypt(password, "LC"));
  ^
crypt.c:11:2: warning: format ‘%s’ expects argument of type ‘char *’, but argument 2 has type ‘int’ [-Wformat=]
crypt.c:12:1: warning: control reaches end of non-void function [-Wreturn-type]
 }
 ^
gcc -Wall -O2 -s    sleep3.c   -o sleep3
gcc -Wall -O2 -s -o mktemp mktemp.c
gcc -Wall -O2 -s -o setuid-wrapper setuid-wrapper.c
setuid-wrapper.c: In function ‘main’:
setuid-wrapper.c:19:5: warning: implicit declaration of function ‘exit’ [-Wimplicit-function-declaration]
     exit(-1);
     ^
setuid-wrapper.c:19:5: warning: incompatible implicit declaration of built-in function ‘exit’ [enabled by default]
setuid-wrapper.c:23:5: warning: incompatible implicit declaration of built-in function ‘exit’ [enabled by default]
     exit(-1);
     ^
setuid-wrapper.c:27:3: warning: implicit declaration of function ‘getenv’ [-Wimplicit-function-declaration]
   realpath = (char *) getenv("PATH");
   ^
setuid-wrapper.c:31:5: warning: incompatible implicit declaration of built-in function ‘exit’ [enabled by default]
     exit(-1);
     ^
setuid-wrapper.c:34:25: warning: incompatible implicit declaration of built-in function ‘exit’ [enabled by default]
   if (pathcopy == NULL) exit(-1);
                         ^
setuid-wrapper.c:56:9: warning: implicit declaration of function ‘free’ [-Wimplicit-function-declaration]
         free(teststr);
         ^
setuid-wrapper.c:56:9: warning: incompatible implicit declaration of built-in function ‘free’ [enabled by default]
setuid-wrapper.c:101:5: warning: suggest parentheses around assignment used as truth value [-Wparentheses]
     if (pid = fork()) {
     ^
setuid-wrapper.c:113:7: warning: incompatible implicit declaration of built-in function ‘free’ [enabled by default]
       free(statbuftest);
       ^
setuid-wrapper.c:118:7: warning: implicit declaration of function ‘wait’ [-Wimplicit-function-declaration]
       wait(pid);
       ^
setuid-wrapper.c:122:1: warning: control reaches end of non-void function [-Wreturn-type]
 }
 ^
setuid-wrapper.c:119:11: warning: ‘suidprog’ may be used uninitialized in this function [-Wmaybe-uninitialized]
       free(suidprog);
           ^
rm -f dotquad and or crypt sleep3 mktemp  *.o *~
/mnt/sda6/00_new-woof/petbuilds-slacko-32/builds/bbc_provided
packaging bbc_provided-2003-i686_slk600
done!
