bcrypt-1.1/
bcrypt-1.1/LICENSE
bcrypt-1.1/Makefile
bcrypt-1.1/README
bcrypt-1.1/bcrypt.1
bcrypt-1.1/blowfish.c
bcrypt-1.1/blowfish.h
bcrypt-1.1/config.h
bcrypt-1.1/defines.h
bcrypt-1.1/endian.c
bcrypt-1.1/functions.h
bcrypt-1.1/includes.h
bcrypt-1.1/keys.c
bcrypt-1.1/main.c
bcrypt-1.1/rwfile.c
bcrypt-1.1/wrapbf.c
bcrypt-1.1/wrapzl.c
bcrypt-1.1/win32console/
bcrypt-1.1/win32console/CVS/
bcrypt-1.1/win32console/CVS/Root
bcrypt-1.1/win32console/CVS/Repository
bcrypt-1.1/win32console/CVS/Entries
bcrypt-1.1/win32console/Script1.rc
bcrypt-1.1/win32console/bcrypt.dsp
bcrypt-1.1/win32console/bcrypt.dsw
bcrypt-1.1/win32console/getopt.c
bcrypt-1.1/win32console/getopt.h
bcrypt-1.1/win32console/icon1.ico
bcrypt-1.1/win32console/readme-win32.txt
bcrypt-1.1/win32console/resource.h
bcrypt-1.1/win32console/DLLs/
bcrypt-1.1/win32console/DLLs/CVS/
bcrypt-1.1/win32console/DLLs/CVS/Root
bcrypt-1.1/win32console/DLLs/CVS/Repository
bcrypt-1.1/win32console/DLLs/CVS/Entries
bcrypt-1.1/win32console/DLLs/libz.def
bcrypt-1.1/win32console/DLLs/zconf.h
bcrypt-1.1/win32console/DLLs/zlib.h
gcc -O2 -Wall  -c main.c
gcc -O2 -Wall  -c blowfish.c
gcc -O2 -Wall  -c rwfile.c
gcc -O2 -Wall  -c keys.c
keys.c: In function ‘mutateKey’:
keys.c:88:3: warning: pointer targets in passing argument 2 of ‘Blowfish_Init’ differ in signedness [-Wpointer-sign]
   Blowfish_Init(&ctx, *key, strlen(*key));
   ^
In file included from functions.h:11:0,
                 from keys.c:12:
blowfish.h:15:6: note: expected ‘unsigned char *’ but argument is of type ‘char *’
 void Blowfish_Init(BLOWFISH_CTX *ctx, unsigned char *key, int keyLen);
      ^
gcc -O2 -Wall  -c wrapbf.c
wrapbf.c: In function ‘BFEncrypt’:
wrapbf.c:31:3: warning: pointer targets in passing argument 2 of ‘Blowfish_Init’ differ in signedness [-Wpointer-sign]
   Blowfish_Init (&ctx, key, MAXKEYBYTES);
   ^
In file included from functions.h:11:0,
                 from wrapbf.c:12:
blowfish.h:15:6: note: expected ‘unsigned char *’ but argument is of type ‘char *’
 void Blowfish_Init(BLOWFISH_CTX *ctx, unsigned char *key, int keyLen);
      ^
wrapbf.c: In function ‘BFDecrypt’:
wrapbf.c:84:3: warning: pointer targets in passing argument 2 of ‘Blowfish_Init’ differ in signedness [-Wpointer-sign]
   Blowfish_Init (&ctx, mykey, MAXKEYBYTES);
   ^
In file included from functions.h:11:0,
                 from wrapbf.c:12:
blowfish.h:15:6: note: expected ‘unsigned char *’ but argument is of type ‘char *’
 void Blowfish_Init(BLOWFISH_CTX *ctx, unsigned char *key, int keyLen);
      ^
gcc -O2 -Wall  -c endian.c
gcc -O2 -Wall  -c wrapzl.c
gcc -O2 -Wall  -o bcrypt main.o blowfish.o rwfile.o keys.o wrapbf.o endian.o wrapzl.o -L/usr/local/lib -lz 
rm -rf *.o bcrypt bcrypt.core core bcrypt.tgz 
/mnt/sda6/00_new-woof/petbuilds-slacko-32/builds/bcrypt
packaging bcrypt-1.1-i686_slk600
done!
