caps-0.4.5/README
caps-0.4.5/caps.html
caps-0.4.5/CHANGES
caps-0.4.5/COPYING
caps-0.4.5/Makefile
caps-0.4.5/caps.rdf
caps-0.4.5/configure.py
caps-0.4.5/Amp.cc
caps-0.4.5/basics.h
caps-0.4.5/ladspa.h
caps-0.4.5/Amp.h
caps-0.4.5/dsp/util.h
caps-0.4.5/dsp/OnePole.h
caps-0.4.5/dsp/BiQuad.h
caps-0.4.5/dsp/TwelveAX7.h
caps-0.4.5/dsp/r12ax7.h
caps-0.4.5/dsp/Roessler.h
caps-0.4.5/dsp/FIR.h
caps-0.4.5/dsp/sinc.h
caps-0.4.5/dsp/Sine.h
caps-0.4.5/dsp/windows.h
caps-0.4.5/dsp/RBJ.h
caps-0.4.5/dsp/Eq.h
caps-0.4.5/dsp/ToneStack.h
caps-0.4.5/dsp/TDFII.h
caps-0.4.5/dsp/LatFilt.h
caps-0.4.5/dsp/tonestack/tables.h
caps-0.4.5/Descriptor.h
caps-0.4.5/Cabinet.cc
caps-0.4.5/Cabinet.h
caps-0.4.5/Cabinet-Models32.h
caps-0.4.5/Chorus.cc
caps-0.4.5/Chorus.h
caps-0.4.5/dsp/Lorenz.h
caps-0.4.5/dsp/Delay.h
caps-0.4.5/dsp/FPTruncateMode.h
caps-0.4.5/Click.cc
caps-0.4.5/waves/click.h
caps-0.4.5/waves/money.h
caps-0.4.5/Click.h
caps-0.4.5/Clip.cc
caps-0.4.5/Clip.h
caps-0.4.5/Compress.cc
caps-0.4.5/Compress.h
caps-0.4.5/dsp/RMS.h
caps-0.4.5/Eq.cc
caps-0.4.5/Eq.h
caps-0.4.5/HRTF.cc
caps-0.4.5/HRTF.h
caps-0.4.5/elev0.h
caps-0.4.5/Lorenz.cc
caps-0.4.5/Lorenz.h
caps-0.4.5/Pan.cc
caps-0.4.5/Pan.h
caps-0.4.5/Phaser.cc
caps-0.4.5/Phaser.h
caps-0.4.5/Preamp.cc
caps-0.4.5/Reverb.cc
caps-0.4.5/Reverb.h
caps-0.4.5/Roessler.cc
caps-0.4.5/Roessler.h
caps-0.4.5/Scape.cc
caps-0.4.5/Scape.h
caps-0.4.5/dsp/SVF.h
caps-0.4.5/Sin.cc
caps-0.4.5/Sin.h
caps-0.4.5/SweepVF.cc
caps-0.4.5/SweepVF.h
caps-0.4.5/ToneControls.cc
caps-0.4.5/ToneStack.cc
caps-0.4.5/ToneStack.h
caps-0.4.5/dsp/tonestack/ks_tab.h
caps-0.4.5/dsp/tonestack/vs_tab.h
caps-0.4.5/VCO.cc
caps-0.4.5/VCO.h
caps-0.4.5/dsp/VCO.h
caps-0.4.5/White.cc
caps-0.4.5/White.h
caps-0.4.5/dsp/White.h
caps-0.4.5/interface.cc
g++ -MM -O2 -funroll-loops -Wall -fPIC -DPIC -msse -mfpmath=sse  White.cc Eq.cc ToneStack.cc Lorenz.cc ToneControls.cc Clip.cc Compress.cc SweepVF.cc Amp.cc Sin.cc Phaser.cc Click.cc HRTF.cc Scape.cc interface.cc Preamp.cc Roessler.cc VCO.cc Chorus.cc Pan.cc Reverb.cc Cabinet.cc > depend
g++ -O2 -funroll-loops -Wall -fPIC -DPIC -msse -mfpmath=sse -c White.cc
g++ -O2 -funroll-loops -Wall -fPIC -DPIC -msse -mfpmath=sse -c Eq.cc
g++ -O2 -funroll-loops -Wall -fPIC -DPIC -msse -mfpmath=sse -c ToneStack.cc
In file included from ToneStack.h:33:0,
                 from ToneStack.cc:30:
dsp/ToneStack.h: In member function ‘void DSP::ToneStackLT::setparams(double, double, double, double, double, double, double)’:
dsp/ToneStack.h:236:10: warning: variable ‘bp’ set but not used [-Wunused-but-set-variable]
     int *bp;
          ^
g++ -O2 -funroll-loops -Wall -fPIC -DPIC -msse -mfpmath=sse -c Lorenz.cc
g++ -O2 -funroll-loops -Wall -fPIC -DPIC -msse -mfpmath=sse -c ToneControls.cc
In file included from Amp.h:44:0,
                 from ToneControls.cc:30:
dsp/ToneStack.h: In member function ‘void DSP::ToneStackLT::setparams(double, double, double, double, double, double, double)’:
dsp/ToneStack.h:236:10: warning: variable ‘bp’ set but not used [-Wunused-but-set-variable]
     int *bp;
          ^
g++ -O2 -funroll-loops -Wall -fPIC -DPIC -msse -mfpmath=sse -c Clip.cc
g++ -O2 -funroll-loops -Wall -fPIC -DPIC -msse -mfpmath=sse -c Compress.cc
g++ -O2 -funroll-loops -Wall -fPIC -DPIC -msse -mfpmath=sse -c SweepVF.cc
g++ -O2 -funroll-loops -Wall -fPIC -DPIC -msse -mfpmath=sse -c Amp.cc
In file included from Amp.h:44:0,
                 from Amp.cc:33:
dsp/ToneStack.h: In member function ‘void DSP::ToneStackLT::setparams(double, double, double, double, double, double, double)’:
dsp/ToneStack.h:236:10: warning: variable ‘bp’ set but not used [-Wunused-but-set-variable]
     int *bp;
          ^
g++ -O2 -funroll-loops -Wall -fPIC -DPIC -msse -mfpmath=sse -c Sin.cc
g++ -O2 -funroll-loops -Wall -fPIC -DPIC -msse -mfpmath=sse -c Phaser.cc
g++ -O2 -funroll-loops -Wall -fPIC -DPIC -msse -mfpmath=sse -c Click.cc
g++ -O2 -funroll-loops -Wall -fPIC -DPIC -msse -mfpmath=sse -c HRTF.cc
g++ -O2 -funroll-loops -Wall -fPIC -DPIC -msse -mfpmath=sse -c Scape.cc
g++ -O2 -funroll-loops -Wall -fPIC -DPIC -msse -mfpmath=sse -c interface.cc
In file included from Amp.h:44:0,
                 from interface.cc:50:
dsp/ToneStack.h: In member function ‘void DSP::ToneStackLT::setparams(double, double, double, double, double, double, double)’:
dsp/ToneStack.h:236:10: warning: variable ‘bp’ set but not used [-Wunused-but-set-variable]
     int *bp;
          ^
g++ -O2 -funroll-loops -Wall -fPIC -DPIC -msse -mfpmath=sse -c Preamp.cc
In file included from Amp.h:44:0,
                 from Preamp.cc:30:
dsp/ToneStack.h: In member function ‘void DSP::ToneStackLT::setparams(double, double, double, double, double, double, double)’:
dsp/ToneStack.h:236:10: warning: variable ‘bp’ set but not used [-Wunused-but-set-variable]
     int *bp;
          ^
g++ -O2 -funroll-loops -Wall -fPIC -DPIC -msse -mfpmath=sse -c Roessler.cc
g++ -O2 -funroll-loops -Wall -fPIC -DPIC -msse -mfpmath=sse -c VCO.cc
g++ -O2 -funroll-loops -Wall -fPIC -DPIC -msse -mfpmath=sse -c Chorus.cc
g++ -O2 -funroll-loops -Wall -fPIC -DPIC -msse -mfpmath=sse -c Pan.cc
g++ -O2 -funroll-loops -Wall -fPIC -DPIC -msse -mfpmath=sse -c Reverb.cc
g++ -O2 -funroll-loops -Wall -fPIC -DPIC -msse -mfpmath=sse -c Cabinet.cc
g++ -nostartfiles -shared  -O2 -funroll-loops -Wall -fPIC -DPIC -msse -mfpmath=sse -o caps.so White.o Eq.o ToneStack.o Lorenz.o ToneControls.o Clip.o Compress.o SweepVF.o Amp.o Sin.o Phaser.o Click.o HRTF.o Scape.o interface.o Preamp.o Roessler.o VCO.o Chorus.o Pan.o Reverb.o Cabinet.o 
making tags
/mnt/sda6/00_new-woof/petbuilds-slacko-32/builds/caps
packaging caps-0.4.5-i686_slk600
done!
