cddetect-2.2/
cddetect-2.2/cddetect.c
cddetect-2.2/Makefile
cddetect-2.2/COPYING
gcc -Wall -O2     cddetect.c   -o cddetect
cddetect.c: In function ‘process_track’:
cddetect.c:371:3: warning: pointer targets in passing argument 1 of ‘strlen’ differ in signedness [-Wpointer-sign]
   if (!strncmp(&frame[1+offset], "CD001", 5)) {
   ^
In file included from cddetect.c:21:0:
/usr/include/string.h:395:15: note: expected ‘const char *’ but argument is of type ‘unsigned char *’
 extern size_t strlen (const char *__s)
               ^
cddetect.c:371:3: warning: pointer targets in passing argument 1 of ‘strlen’ differ in signedness [-Wpointer-sign]
   if (!strncmp(&frame[1+offset], "CD001", 5)) {
   ^
In file included from cddetect.c:21:0:
/usr/include/string.h:395:15: note: expected ‘const char *’ but argument is of type ‘unsigned char *’
 extern size_t strlen (const char *__s)
               ^
cddetect.c:371:3: warning: pointer targets in passing argument 1 of ‘__builtin_strcmp’ differ in signedness [-Wpointer-sign]
   if (!strncmp(&frame[1+offset], "CD001", 5)) {
   ^
cddetect.c:371:3: note: expected ‘const char *’ but argument is of type ‘unsigned char *’
cddetect.c:371:3: warning: pointer targets in passing argument 1 of ‘strlen’ differ in signedness [-Wpointer-sign]
In file included from cddetect.c:21:0:
/usr/include/string.h:395:15: note: expected ‘const char *’ but argument is of type ‘unsigned char *’
 extern size_t strlen (const char *__s)
               ^
cddetect.c:371:3: warning: pointer targets in passing argument 1 of ‘__builtin_strcmp’ differ in signedness [-Wpointer-sign]
   if (!strncmp(&frame[1+offset], "CD001", 5)) {
   ^
cddetect.c:371:3: note: expected ‘const char *’ but argument is of type ‘unsigned char *’
cddetect.c:371:3: warning: pointer targets in passing argument 1 of ‘__builtin_strcmp’ differ in signedness [-Wpointer-sign]
cddetect.c:371:3: note: expected ‘const char *’ but argument is of type ‘unsigned char *’
cddetect.c:371:3: warning: pointer targets in passing argument 1 of ‘__builtin_strcmp’ differ in signedness [-Wpointer-sign]
cddetect.c:371:3: note: expected ‘const char *’ but argument is of type ‘unsigned char *’
cddetect.c:371:3: warning: pointer targets in passing argument 1 of ‘strncmp’ differ in signedness [-Wpointer-sign]
In file included from cddetect.c:21:0:
/usr/include/string.h:143:12: note: expected ‘const char *’ but argument is of type ‘unsigned char *’
 extern int strncmp (const char *__s1, const char *__s2, size_t __n)
            ^
cddetect.c:399:4: warning: pointer targets in passing argument 2 of ‘__builtin_strncpy’ differ in signedness [-Wpointer-sign]
    strncpy(videocd_type, frame+xa_data_offset, 8);
    ^
cddetect.c:399:4: note: expected ‘const char *’ but argument is of type ‘unsigned char *’
cddetect.c:401:4: warning: pointer targets in passing argument 2 of ‘__builtin_strncpy’ differ in signedness [-Wpointer-sign]
    strncpy(videocd_title, frame+xa_data_offset+10, 16);
    ^
cddetect.c:401:4: note: expected ‘const char *’ but argument is of type ‘unsigned char *’
cddetect.c: In function ‘main’:
cddetect.c:457:4: warning: pointer targets in passing argument 1 of ‘__builtin_strncpy’ differ in signedness [-Wpointer-sign]
    case 'd': strncpy(opts.device, optarg, sizeof(opts.device)); break;
    ^
cddetect.c:457:4: note: expected ‘char *’ but argument is of type ‘unsigned char *’
cddetect.c:469:2: warning: pointer targets in passing argument 1 of ‘open’ differ in signedness [-Wpointer-sign]
  fd = open(opts.device, O_RDONLY | O_NONBLOCK);
  ^
In file included from cddetect.c:16:0:
/usr/include/fcntl.h:163:12: note: expected ‘const char *’ but argument is of type ‘unsigned char *’
 extern int open (const char *__file, int __oflag, ...) __nonnull ((1));
            ^
/mnt/sda6/00_new-woof/petbuilds-slacko-32/builds/cddetect
packaging cddetect-2.2-i686_slk600
done!
