curlftpfs-0.9.2/
curlftpfs-0.9.2/README
curlftpfs-0.9.2/acinclude.m4
curlftpfs-0.9.2/configure.ac
curlftpfs-0.9.2/aclocal.m4
curlftpfs-0.9.2/Makefile.am
curlftpfs-0.9.2/Makefile.in
curlftpfs-0.9.2/config.h.in
curlftpfs-0.9.2/configure
curlftpfs-0.9.2/AUTHORS
curlftpfs-0.9.2/COPYING
curlftpfs-0.9.2/ChangeLog
curlftpfs-0.9.2/INSTALL
curlftpfs-0.9.2/NEWS
curlftpfs-0.9.2/config.guess
curlftpfs-0.9.2/config.sub
curlftpfs-0.9.2/depcomp
curlftpfs-0.9.2/install-sh
curlftpfs-0.9.2/ltmain.sh
curlftpfs-0.9.2/missing
curlftpfs-0.9.2/cache.c
curlftpfs-0.9.2/cache.h
curlftpfs-0.9.2/ftpfs-ls.c
curlftpfs-0.9.2/ftpfs-ls.h
curlftpfs-0.9.2/charset_utils.c
curlftpfs-0.9.2/charset_utils.h
curlftpfs-0.9.2/path_utils.c
curlftpfs-0.9.2/path_utils.h
curlftpfs-0.9.2/ftpfs.h
curlftpfs-0.9.2/ftpfs.c
curlftpfs-0.9.2/compat/
curlftpfs-0.9.2/compat/Makefile.am
curlftpfs-0.9.2/compat/Makefile.in
curlftpfs-0.9.2/compat/fuse_opt.c
curlftpfs-0.9.2/compat/fuse_opt.h
curlftpfs-0.9.2/doc/
curlftpfs-0.9.2/doc/Makefile.am
curlftpfs-0.9.2/doc/Makefile.in
curlftpfs-0.9.2/doc/curlftpfs.1
curlftpfs-0.9.2/tests/
curlftpfs-0.9.2/tests/Makefile.am
curlftpfs-0.9.2/tests/Makefile.in
curlftpfs-0.9.2/tests/ftpfs-ls_unittest.c
curlftpfs-0.9.2/tests/run_tests.sh
find: `curlftpfs-install': No such file or directory
find: `curlftpfs-install': No such file or directory
find: `curlftpfs-install': No such file or directory
all done
checking for a BSD-compatible install... /usr/bin/ginstall -c
checking whether build environment is sane... yes
checking for gawk... gawk
checking whether make sets $(MAKE)... yes
checking for gcc... gcc
checking for C compiler default output file name... a.out
checking whether the C compiler works... yes
checking whether we are cross compiling... no
checking for suffix of executables... 
checking for suffix of object files... o
checking whether we are using the GNU C compiler... yes
checking whether gcc accepts -g... yes
checking for gcc option to accept ISO C89... none needed
checking for style of include used by make... GNU
checking dependency style of gcc... gcc3
checking how to run the C preprocessor... gcc -E
checking for a BSD-compatible install... /usr/bin/ginstall -c
checking whether ln -s works... yes
checking whether make sets $(MAKE)... (cached) yes
checking build system type... i686-pc-linux-gnu
checking host system type... i686-pc-linux-gnu
checking for a sed that does not truncate output... /bin/sed
checking for grep that handles long lines and -e... /bin/grep
checking for egrep... /bin/grep -E
checking for ld used by gcc... /usr/i486-slackware-linux/bin/ld
checking if the linker (/usr/i486-slackware-linux/bin/ld) is GNU ld... yes
checking for /usr/i486-slackware-linux/bin/ld option to reload object files... -r
checking for BSD-compatible nm... /usr/bin/nm -B
checking how to recognize dependent libraries... pass_all
checking for ANSI C header files... yes
checking for sys/types.h... yes
checking for sys/stat.h... yes
checking for stdlib.h... yes
checking for string.h... yes
checking for memory.h... yes
checking for strings.h... yes
checking for inttypes.h... yes
checking for stdint.h... yes
checking for unistd.h... yes
checking dlfcn.h usability... yes
checking dlfcn.h presence... yes
checking for dlfcn.h... yes
checking for g++... g++
checking whether we are using the GNU C++ compiler... yes
checking whether g++ accepts -g... yes
checking dependency style of g++... gcc3
checking how to run the C++ preprocessor... g++ -E
checking for g77... no
checking for xlf... no
checking for f77... no
checking for frt... no
checking for pgf77... no
checking for cf77... no
checking for fort77... no
checking for fl32... no
checking for af77... no
checking for xlf90... no
checking for f90... no
checking for pgf90... no
checking for pghpf... no
checking for epcf90... no
checking for gfortran... no
checking for g95... no
checking for xlf95... no
checking for f95... no
checking for fort... no
checking for ifort... no
checking for ifc... no
checking for efc... no
checking for pgf95... no
checking for lf95... no
checking for ftn... no
checking whether we are using the GNU Fortran 77 compiler... no
checking whether  accepts -g... no
checking the maximum length of command line arguments... 1572864
checking command to parse /usr/bin/nm -B output from gcc object... ok
checking for objdir... .libs
checking for ar... ar
checking for ranlib... ranlib
checking for strip... strip
checking if gcc supports -fno-rtti -fno-exceptions... no
checking for gcc option to produce PIC... -fPIC
checking if gcc PIC flag -fPIC works... yes
checking if gcc static flag -static works... yes
checking if gcc supports -c -o file.o... yes
checking whether the gcc linker (/usr/i486-slackware-linux/bin/ld) supports shared libraries... yes
checking dynamic linker characteristics... GNU/Linux ld.so
checking how to hardcode library paths into programs... immediate
checking whether stripping libraries is possible... yes
checking if libtool supports shared libraries... yes
checking whether to build shared libraries... no
checking whether to build static libraries... yes
configure: creating libtool
appending configuration tag "CXX" to libtool
checking for ld used by g++... /usr/i486-slackware-linux/bin/ld
checking if the linker (/usr/i486-slackware-linux/bin/ld) is GNU ld... yes
checking whether the g++ linker (/usr/i486-slackware-linux/bin/ld) supports shared libraries... yes
checking for g++ option to produce PIC... -fPIC
checking if g++ PIC flag -fPIC works... yes
checking if g++ static flag -static works... yes
checking if g++ supports -c -o file.o... yes
checking whether the g++ linker (/usr/i486-slackware-linux/bin/ld) supports shared libraries... yes
checking dynamic linker characteristics... GNU/Linux ld.so
checking how to hardcode library paths into programs... immediate
appending configuration tag "F77" to libtool
checking for pkg-config... /usr/bin/pkg-config
checking pkg-config is at least version 0.9.0... yes
checking for GLIB... yes
checking for FUSE... yes
checking for gawk... (cached) gawk
checking for curl-config... /usr/bin/curl-config
checking for the version of libcurl... 7.36.0
checking for libcurl >= version 7.17.0... yes
checking whether libcurl is usable... yes
checking for curl_free... yes
checking for fuse_opt_parse... yes
checking for ANSI C header files... (cached) yes
checking fcntl.h usability... yes
checking fcntl.h presence... yes
checking for fcntl.h... yes
checking netinet/in.h usability... yes
checking netinet/in.h presence... yes
checking for netinet/in.h... yes
checking for stdint.h... (cached) yes
checking for stdlib.h... (cached) yes
checking for string.h... (cached) yes
checking for unistd.h... (cached) yes
checking for an ANSI C-conforming const... yes
checking for uid_t in sys/types.h... yes
checking for inline... inline
checking for mode_t... yes
checking for off_t... yes
checking for size_t... yes
checking for struct stat.st_blksize... yes
checking for struct stat.st_blocks... yes
checking for struct stat.st_rdev... yes
checking whether time.h and sys/time.h may both be included... yes
checking whether struct tm is in sys/time.h or time.h... time.h
checking for unistd.h... (cached) yes
checking for working chown... yes
checking for stdlib.h... (cached) yes
checking for GNU libc compatible malloc... yes
checking sys/time.h usability... yes
checking sys/time.h presence... yes
checking for sys/time.h... yes
checking for unistd.h... (cached) yes
checking utime.h usability... yes
checking utime.h presence... yes
checking for utime.h... yes
checking for alarm... yes
checking for working mktime... no
checking for stdlib.h... (cached) yes
checking for GNU libc compatible realloc... yes
checking sys/select.h usability... yes
checking sys/select.h presence... yes
checking for sys/select.h... yes
checking sys/socket.h usability... yes
checking sys/socket.h presence... yes
checking for sys/socket.h... yes
checking types of arguments for select... int,fd_set *,struct timeval *
checking for strftime... yes
checking whether utime accepts a null argument... yes
checking for ftruncate... yes
checking for getpass... yes
checking for memmove... yes
checking for memset... yes
checking for mkdir... yes
checking for realpath... yes
checking for rmdir... yes
checking for select... yes
checking for strchr... yes
checking for strdup... yes
checking for strrchr... yes
checking for strstr... yes
checking for strtoull... yes
checking for utime... yes
checking for iconv... yes
checking for iconv declaration... 
         extern size_t iconv (iconv_t cd, char * *inbuf, size_t *inbytesleft, char * *outbuf, size_t *outbytesleft);
configure: creating ./config.status
config.status: creating Makefile
config.status: creating compat/Makefile
config.status: creating tests/Makefile
config.status: creating doc/Makefile
config.status: creating config.h
config.status: executing depfiles commands
make  all-recursive
make[1]: Entering directory `/mnt/sda6/00_new-woof/petbuilds-slacko-32/builds/curlftpfs/curlftpfs-0.9.2'
Making all in compat
make[2]: Entering directory `/mnt/sda6/00_new-woof/petbuilds-slacko-32/builds/curlftpfs/curlftpfs-0.9.2/compat'
if /bin/sh ../libtool --tag=CC --mode=compile gcc -DHAVE_CONFIG_H -I. -I. -I..     -g -O2 -Wall -W -Wno-sign-compare -D_REENTRANT -I/usr/include/glib-2.0 -I/usr/lib/glib-2.0/include   -D_FILE_OFFSET_BITS=64 -I/usr/include/fuse    -MT fuse_opt.lo -MD -MP -MF ".deps/fuse_opt.Tpo" -c -o fuse_opt.lo fuse_opt.c; \
then mv -f ".deps/fuse_opt.Tpo" ".deps/fuse_opt.Plo"; else rm -f ".deps/fuse_opt.Tpo"; exit 1; fi
 gcc -DHAVE_CONFIG_H -I. -I. -I.. -g -O2 -Wall -W -Wno-sign-compare -D_REENTRANT -I/usr/include/glib-2.0 -I/usr/lib/glib-2.0/include -D_FILE_OFFSET_BITS=64 -I/usr/include/fuse -MT fuse_opt.lo -MD -MP -MF .deps/fuse_opt.Tpo -c fuse_opt.c -o fuse_opt.o
/bin/sh ../libtool --tag=CC --mode=link gcc  -g -O2 -Wall -W -Wno-sign-compare -D_REENTRANT -I/usr/include/glib-2.0 -I/usr/lib/glib-2.0/include   -D_FILE_OFFSET_BITS=64 -I/usr/include/fuse      -o libcompat.la   fuse_opt.lo  -lglib-2.0   -pthread -L/lib -lfuse -lrt -ldl   -lcurl
mkdir .libs
ar cru .libs/libcompat.a  fuse_opt.o
ranlib .libs/libcompat.a
creating libcompat.la
(cd .libs && rm -f libcompat.la && ln -s ../libcompat.la libcompat.la)
make[2]: Leaving directory `/mnt/sda6/00_new-woof/petbuilds-slacko-32/builds/curlftpfs/curlftpfs-0.9.2/compat'
Making all in doc
make[2]: Entering directory `/mnt/sda6/00_new-woof/petbuilds-slacko-32/builds/curlftpfs/curlftpfs-0.9.2/doc'
make[2]: Nothing to be done for `all'.
make[2]: Leaving directory `/mnt/sda6/00_new-woof/petbuilds-slacko-32/builds/curlftpfs/curlftpfs-0.9.2/doc'
make[2]: Entering directory `/mnt/sda6/00_new-woof/petbuilds-slacko-32/builds/curlftpfs/curlftpfs-0.9.2'
if gcc -DHAVE_CONFIG_H -I. -I. -I.  -DFUSE_USE_VERSION=26   -g -O2 -Wall -W -Wno-sign-compare -D_REENTRANT -I/usr/include/glib-2.0 -I/usr/lib/glib-2.0/include   -D_FILE_OFFSET_BITS=64 -I/usr/include/fuse    -MT cache.o -MD -MP -MF ".deps/cache.Tpo" -c -o cache.o cache.c; \
then mv -f ".deps/cache.Tpo" ".deps/cache.Po"; else rm -f ".deps/cache.Tpo"; exit 1; fi
cache.c: In function ‘cache_add_attr’:
cache.c:139:12: warning: variable ‘now’ set but not used [-Wunused-but-set-variable]
     time_t now;
            ^
cache.c: In function ‘cache_add_dir’:
cache.c:160:12: warning: variable ‘now’ set but not used [-Wunused-but-set-variable]
     time_t now;
            ^
cache.c: In function ‘cache_add_link’:
cache.c:185:12: warning: variable ‘now’ set but not used [-Wunused-but-set-variable]
     time_t now;
            ^
if gcc -DHAVE_CONFIG_H -I. -I. -I.  -DFUSE_USE_VERSION=26   -g -O2 -Wall -W -Wno-sign-compare -D_REENTRANT -I/usr/include/glib-2.0 -I/usr/lib/glib-2.0/include   -D_FILE_OFFSET_BITS=64 -I/usr/include/fuse    -MT ftpfs-ls.o -MD -MP -MF ".deps/ftpfs-ls.Tpo" -c -o ftpfs-ls.o ftpfs-ls.c; \
then mv -f ".deps/ftpfs-ls.Tpo" ".deps/ftpfs-ls.Po"; else rm -f ".deps/ftpfs-ls.Tpo"; exit 1; fi
if gcc -DHAVE_CONFIG_H -I. -I. -I.  -DFUSE_USE_VERSION=26   -g -O2 -Wall -W -Wno-sign-compare -D_REENTRANT -I/usr/include/glib-2.0 -I/usr/lib/glib-2.0/include   -D_FILE_OFFSET_BITS=64 -I/usr/include/fuse    -MT charset_utils.o -MD -MP -MF ".deps/charset_utils.Tpo" -c -o charset_utils.o charset_utils.c; \
then mv -f ".deps/charset_utils.Tpo" ".deps/charset_utils.Po"; else rm -f ".deps/charset_utils.Tpo"; exit 1; fi
if gcc -DHAVE_CONFIG_H -I. -I. -I.  -DFUSE_USE_VERSION=26   -g -O2 -Wall -W -Wno-sign-compare -D_REENTRANT -I/usr/include/glib-2.0 -I/usr/lib/glib-2.0/include   -D_FILE_OFFSET_BITS=64 -I/usr/include/fuse    -MT path_utils.o -MD -MP -MF ".deps/path_utils.Tpo" -c -o path_utils.o path_utils.c; \
then mv -f ".deps/path_utils.Tpo" ".deps/path_utils.Po"; else rm -f ".deps/path_utils.Tpo"; exit 1; fi
rm -f libcurlftpfs.a
ar cru libcurlftpfs.a cache.o ftpfs-ls.o charset_utils.o path_utils.o 
ranlib libcurlftpfs.a
if gcc -DHAVE_CONFIG_H -I. -I. -I.  -DFUSE_USE_VERSION=26   -g -O2 -Wall -W -Wno-sign-compare -D_REENTRANT -I/usr/include/glib-2.0 -I/usr/lib/glib-2.0/include   -D_FILE_OFFSET_BITS=64 -I/usr/include/fuse    -MT ftpfs.o -MD -MP -MF ".deps/ftpfs.Tpo" -c -o ftpfs.o ftpfs.c; \
then mv -f ".deps/ftpfs.Tpo" ".deps/ftpfs.Po"; else rm -f ".deps/ftpfs.Tpo"; exit 1; fi
ftpfs.c: In function ‘cancel_previous_multi’:
ftpfs.c:201:17: warning: comparison between ‘CURLMcode’ and ‘enum <anonymous>’ [-Wenum-compare]
   if (curlMCode != CURLE_OK)
                 ^
ftpfs.c: In function ‘ftpfs_read_chunk’:
ftpfs.c:367:21: warning: comparison between ‘CURLMcode’ and ‘enum <anonymous>’ [-Wenum-compare]
       if (curlMCode != CURLE_OK)
                     ^
ftpfs.c: In function ‘ftpfs_write_thread’:
ftpfs.c:499:8: warning: unused variable ‘range’ [-Wunused-variable]
   char range[15];
        ^
ftpfs.c: At top level:
ftpfs.c:621:12: warning: ‘buffer_file’ defined but not used [-Wunused-function]
 static int buffer_file(struct ftpfs_file *fh) {
            ^
/bin/sh ./libtool --tag=CC --mode=link gcc  -g -O2 -Wall -W -Wno-sign-compare -D_REENTRANT -I/usr/include/glib-2.0 -I/usr/lib/glib-2.0/include   -D_FILE_OFFSET_BITS=64 -I/usr/include/fuse      -o curlftpfs  ftpfs.o libcurlftpfs.a -lglib-2.0   -pthread -L/lib -lfuse -lrt -ldl   -lcurl
mkdir .libs
gcc -g -O2 -Wall -W -Wno-sign-compare -D_REENTRANT -I/usr/include/glib-2.0 -I/usr/lib/glib-2.0/include -D_FILE_OFFSET_BITS=64 -I/usr/include/fuse -o curlftpfs ftpfs.o -pthread  libcurlftpfs.a /usr/lib/libglib-2.0.so -lpthread -L/lib /lib/libfuse.so -lrt /usr/lib/libcurl.so /usr/lib/libidn.so /usr/lib/libldap.so /usr/lib/liblber.so /usr/lib/libsasl2.so -ldl -lresolv -lssl -lcrypto -lz  
make[2]: Leaving directory `/mnt/sda6/00_new-woof/petbuilds-slacko-32/builds/curlftpfs/curlftpfs-0.9.2'
make[1]: Leaving directory `/mnt/sda6/00_new-woof/petbuilds-slacko-32/builds/curlftpfs/curlftpfs-0.9.2'
Making install in compat
make[1]: Entering directory `/mnt/sda6/00_new-woof/petbuilds-slacko-32/builds/curlftpfs/curlftpfs-0.9.2/compat'
make[2]: Entering directory `/mnt/sda6/00_new-woof/petbuilds-slacko-32/builds/curlftpfs/curlftpfs-0.9.2/compat'
make[2]: Nothing to be done for `install-exec-am'.
make[2]: Nothing to be done for `install-data-am'.
make[2]: Leaving directory `/mnt/sda6/00_new-woof/petbuilds-slacko-32/builds/curlftpfs/curlftpfs-0.9.2/compat'
make[1]: Leaving directory `/mnt/sda6/00_new-woof/petbuilds-slacko-32/builds/curlftpfs/curlftpfs-0.9.2/compat'
Making install in doc
make[1]: Entering directory `/mnt/sda6/00_new-woof/petbuilds-slacko-32/builds/curlftpfs/curlftpfs-0.9.2/doc'
make[2]: Entering directory `/mnt/sda6/00_new-woof/petbuilds-slacko-32/builds/curlftpfs/curlftpfs-0.9.2/doc'
make[2]: Nothing to be done for `install-exec-am'.
test -z "/usr/share/man/man1" || /mnt/sda6/00_new-woof/petbuilds-slacko-32/builds/curlftpfs/curlftpfs-0.9.2/install-sh -d "/mnt/sda6/00_new-woof/petbuilds-slacko-32/builds/curlftpfs/curlftpfs-install/usr/share/man/man1"
 /usr/bin/ginstall -c -m 644 './curlftpfs.1' '/mnt/sda6/00_new-woof/petbuilds-slacko-32/builds/curlftpfs/curlftpfs-install/usr/share/man/man1/curlftpfs.1'
make[2]: Leaving directory `/mnt/sda6/00_new-woof/petbuilds-slacko-32/builds/curlftpfs/curlftpfs-0.9.2/doc'
make[1]: Leaving directory `/mnt/sda6/00_new-woof/petbuilds-slacko-32/builds/curlftpfs/curlftpfs-0.9.2/doc'
make[1]: Entering directory `/mnt/sda6/00_new-woof/petbuilds-slacko-32/builds/curlftpfs/curlftpfs-0.9.2'
make[2]: Entering directory `/mnt/sda6/00_new-woof/petbuilds-slacko-32/builds/curlftpfs/curlftpfs-0.9.2'
test -z "/usr/bin" || /mnt/sda6/00_new-woof/petbuilds-slacko-32/builds/curlftpfs/curlftpfs-0.9.2/install-sh -d "/mnt/sda6/00_new-woof/petbuilds-slacko-32/builds/curlftpfs/curlftpfs-install/usr/bin"
  /bin/sh ./libtool --mode=install /usr/bin/ginstall -c 'curlftpfs' '/mnt/sda6/00_new-woof/petbuilds-slacko-32/builds/curlftpfs/curlftpfs-install/usr/bin/curlftpfs'
/usr/bin/ginstall -c curlftpfs /mnt/sda6/00_new-woof/petbuilds-slacko-32/builds/curlftpfs/curlftpfs-install/usr/bin/curlftpfs
make[2]: Nothing to be done for `install-data-am'.
make[2]: Leaving directory `/mnt/sda6/00_new-woof/petbuilds-slacko-32/builds/curlftpfs/curlftpfs-0.9.2'
make[1]: Leaving directory `/mnt/sda6/00_new-woof/petbuilds-slacko-32/builds/curlftpfs/curlftpfs-0.9.2'
/mnt/sda6/00_new-woof/petbuilds-slacko-32/builds/curlftpfs
Found 'i686'
Processing ../curlftpfs-install/usr/bin/curlftpfs
Processing ../curlftpfs-install/usr/share/man/man1/curlftpfs.1
all done
packaging curlftpfs-0.9.2-i686_slk600
packaging curlftpfs_DOC-0.9.2-i686_slk600
done!
