ddcprobe-0.4.23/
ddcprobe-0.4.23/vesamode.h
ddcprobe-0.4.23/vbe.h
ddcprobe-0.4.23/lrmi.h
ddcprobe-0.4.23/Makefile
ddcprobe-0.4.23/svgamodes.c
ddcprobe-0.4.23/modetest.c
ddcprobe-0.4.23/x86-common.c
ddcprobe-0.4.23/ddcprobe.c
ddcprobe-0.4.23/minifind.h
ddcprobe-0.4.23/lrmi.c
ddcprobe-0.4.23/include/
ddcprobe-0.4.23/include/lrmi.h
ddcprobe-0.4.23/include/xf86x86emu.h
ddcprobe-0.4.23/include/x86emu.h
ddcprobe-0.4.23/include/xf86int10.h
ddcprobe-0.4.23/include/types.h
ddcprobe-0.4.23/include/regs.h
ddcprobe-0.4.23/include/fpu_regs.h
ddcprobe-0.4.23/bioscall.h
ddcprobe-0.4.23/vesamode.c
ddcprobe-0.4.23/COPYING
ddcprobe-0.4.23/common.c
ddcprobe-0.4.23/thunk.c
ddcprobe-0.4.23/README
ddcprobe-0.4.23/minifind.c
ddcprobe-0.4.23/ddcxinfo.c
ddcprobe-0.4.23/stub.c
ddcprobe-0.4.23/of.c
ddcprobe-0.4.23/x86emu/
ddcprobe-0.4.23/x86emu/debug.c
ddcprobe-0.4.23/x86emu/makefile
ddcprobe-0.4.23/x86emu/makefile.linux
ddcprobe-0.4.23/x86emu/fpu.c
ddcprobe-0.4.23/x86emu/LICENSE
ddcprobe-0.4.23/x86emu/validate.c
ddcprobe-0.4.23/x86emu/ops.c
ddcprobe-0.4.23/x86emu/prim_ops.c
ddcprobe-0.4.23/x86emu/decode.c
ddcprobe-0.4.23/x86emu/ops2.c
ddcprobe-0.4.23/x86emu/x86emu/
ddcprobe-0.4.23/x86emu/x86emu/debug.h
ddcprobe-0.4.23/x86emu/x86emu/x86emui.h
ddcprobe-0.4.23/x86emu/x86emu/prim_asm.h
ddcprobe-0.4.23/x86emu/x86emu/fpu.h
ddcprobe-0.4.23/x86emu/x86emu/x86emu.h
ddcprobe-0.4.23/x86emu/x86emu/ops.h
ddcprobe-0.4.23/x86emu/x86emu/types.h
ddcprobe-0.4.23/x86emu/x86emu/decode.h
ddcprobe-0.4.23/x86emu/x86emu/regs.h
ddcprobe-0.4.23/x86emu/x86emu/prim_ops.h
ddcprobe-0.4.23/x86emu/x86emu/fpu_regs.h
ddcprobe-0.4.23/x86emu/sys.c
ddcprobe-0.4.23/vbe.c
ddcprobe-0.4.23/foo
ddcprobe-0.4.23/common.h
ddcprobe-0.4.23/bioscall.c
ddcprobe-0.4.23/x86-common.h
applying ddcprobe_lrmi.patch
patching file ddcprobe-0.4.23/lrmi.c
gcc -E -M -W -Wall  -g -O2  *.c > .depend
gcc -W -Wall  -g -O2    -c -o vesamode.o vesamode.c
gcc -W -Wall  -g -O2    -c -o common.o common.c
In file included from common.c:11:0:
common.h:118:2: warning: ‘packed’ attribute ignored for field of type ‘struct <anonymous>’ [-Wattributes]
  } flags __attribute__ ((packed));
  ^
common.h:175:2: warning: ‘packed’ attribute ignored for field of type ‘struct <anonymous>’ [-Wattributes]
  } video_input_definition __attribute__ ((packed));
  ^
common.h:186:2: warning: ‘packed’ attribute ignored for field of type ‘struct <anonymous>’ [-Wattributes]
  } feature_support __attribute__ ((packed));
  ^
common.h:205:2: warning: ‘packed’ attribute ignored for field of type ‘struct <anonymous>’ [-Wattributes]
  } established_timings __attribute__ ((packed));
  ^
common.h:209:2: warning: ‘packed’ attribute ignored for field of type ‘struct <anonymous>’ [-Wattributes]
  } manufacturer_timings __attribute__ ((packed));
  ^
common.h:227:2: warning: ‘packed’ attribute ignored for field of type ‘union <anonymous>’ [-Wattributes]
  } monitor_details __attribute__ ((packed));
  ^
gcc -W -Wall  -g -O2    -c -o x86-common.o x86-common.c
gcc -W -Wall  -g -O2    -c -o lrmi.o lrmi.c
lrmi.c: In function ‘debug_info’:
lrmi.c:555:16: warning: unused parameter ‘vret’ [-Wunused-parameter]
 debug_info(int vret)
                ^
gcc -W -Wall  -g -O2    -c -o vbe.o vbe.c
In file included from vbe.c:12:0:
common.h:118:2: warning: ‘packed’ attribute ignored for field of type ‘struct <anonymous>’ [-Wattributes]
  } flags __attribute__ ((packed));
  ^
common.h:175:2: warning: ‘packed’ attribute ignored for field of type ‘struct <anonymous>’ [-Wattributes]
  } video_input_definition __attribute__ ((packed));
  ^
common.h:186:2: warning: ‘packed’ attribute ignored for field of type ‘struct <anonymous>’ [-Wattributes]
  } feature_support __attribute__ ((packed));
  ^
common.h:205:2: warning: ‘packed’ attribute ignored for field of type ‘struct <anonymous>’ [-Wattributes]
  } established_timings __attribute__ ((packed));
  ^
common.h:209:2: warning: ‘packed’ attribute ignored for field of type ‘struct <anonymous>’ [-Wattributes]
  } manufacturer_timings __attribute__ ((packed));
  ^
common.h:227:2: warning: ‘packed’ attribute ignored for field of type ‘union <anonymous>’ [-Wattributes]
  } monitor_details __attribute__ ((packed));
  ^
vbe.c: In function ‘vbe_get_vbe_info’:
vbe.c:131:6: warning: pointer targets in assignment differ in signedness [-Wpointer-sign]
  mem = strdup(ret->oem_name_string); /* leak */
      ^
vbe.c:132:2: warning: pointer targets in passing argument 1 of ‘strlen’ differ in signedness [-Wpointer-sign]
  while(((i = strlen(mem)) > 0) && isspace(mem[i - 1])) {
  ^
In file included from vbe.c:7:0:
/usr/include/string.h:395:15: note: expected ‘const char *’ but argument is of type ‘unsigned char *’
 extern size_t strlen (const char *__s)
               ^
vbe.c:135:23: warning: pointer targets in assignment differ in signedness [-Wpointer-sign]
  ret->oem_name_string = mem;
                       ^
vbe.c:146:7: warning: pointer targets in assignment differ in signedness [-Wpointer-sign]
   mem = strdup(ret->vendor_name_string); /* leak */
       ^
vbe.c:147:3: warning: pointer targets in passing argument 1 of ‘strlen’ differ in signedness [-Wpointer-sign]
   while(((i = strlen(mem)) > 0) && isspace(mem[i - 1])) {
   ^
In file included from vbe.c:7:0:
/usr/include/string.h:395:15: note: expected ‘const char *’ but argument is of type ‘unsigned char *’
 extern size_t strlen (const char *__s)
               ^
vbe.c:150:27: warning: pointer targets in assignment differ in signedness [-Wpointer-sign]
   ret->vendor_name_string = mem;
                           ^
vbe.c:158:7: warning: pointer targets in assignment differ in signedness [-Wpointer-sign]
   mem = strdup(ret->product_name_string); /* leak */
       ^
vbe.c:159:3: warning: pointer targets in passing argument 1 of ‘strlen’ differ in signedness [-Wpointer-sign]
   while(((i = strlen(mem)) > 0) && isspace(mem[i - 1])) {
   ^
In file included from vbe.c:7:0:
/usr/include/string.h:395:15: note: expected ‘const char *’ but argument is of type ‘unsigned char *’
 extern size_t strlen (const char *__s)
               ^
vbe.c:162:28: warning: pointer targets in assignment differ in signedness [-Wpointer-sign]
   ret->product_name_string = mem;
                            ^
vbe.c:170:7: warning: pointer targets in assignment differ in signedness [-Wpointer-sign]
   mem = strdup(ret->product_revision_string); /* leak */
       ^
vbe.c:171:3: warning: pointer targets in passing argument 1 of ‘strlen’ differ in signedness [-Wpointer-sign]
   while(((i = strlen(mem)) > 0) && isspace(mem[i - 1])) {
   ^
In file included from vbe.c:7:0:
/usr/include/string.h:395:15: note: expected ‘const char *’ but argument is of type ‘unsigned char *’
 extern size_t strlen (const char *__s)
               ^
vbe.c:174:32: warning: pointer targets in assignment differ in signedness [-Wpointer-sign]
   ret->product_revision_string = mem;
                                ^
gcc -W -Wall  -g -O2    -c -o ddcprobe.o ddcprobe.c
In file included from vbe.h:6:0,
                 from ddcprobe.c:21:
common.h:118:2: warning: ‘packed’ attribute ignored for field of type ‘struct <anonymous>’ [-Wattributes]
  } flags __attribute__ ((packed));
  ^
common.h:175:2: warning: ‘packed’ attribute ignored for field of type ‘struct <anonymous>’ [-Wattributes]
  } video_input_definition __attribute__ ((packed));
  ^
common.h:186:2: warning: ‘packed’ attribute ignored for field of type ‘struct <anonymous>’ [-Wattributes]
  } feature_support __attribute__ ((packed));
  ^
common.h:205:2: warning: ‘packed’ attribute ignored for field of type ‘struct <anonymous>’ [-Wattributes]
  } established_timings __attribute__ ((packed));
  ^
common.h:209:2: warning: ‘packed’ attribute ignored for field of type ‘struct <anonymous>’ [-Wattributes]
  } manufacturer_timings __attribute__ ((packed));
  ^
common.h:227:2: warning: ‘packed’ attribute ignored for field of type ‘union <anonymous>’ [-Wattributes]
  } monitor_details __attribute__ ((packed));
  ^
ddcprobe.c: In function ‘main’:
ddcprobe.c:125:5: warning: format ‘%s’ expects argument of type ‘char *’, but argument 2 has type ‘struct edid1_info *’ [-Wformat=]
     printf("edid: %s\n", edid_info);
     ^
ddcprobe.c:45:14: warning: unused parameter ‘argc’ [-Wunused-parameter]
 int main(int argc, char **argv)
              ^
ddcprobe.c:45:27: warning: unused parameter ‘argv’ [-Wunused-parameter]
 int main(int argc, char **argv)
                           ^
gcc -W -Wall  -g -O2  -o ddcprobe vesamode.o common.o x86-common.o lrmi.o vbe.o ddcprobe.o 
gcc -W -Wall  -g -O2    -c -o ddcxinfo.o ddcxinfo.c
In file included from ddcxinfo.c:4:0:
common.h:118:2: warning: ‘packed’ attribute ignored for field of type ‘struct <anonymous>’ [-Wattributes]
  } flags __attribute__ ((packed));
  ^
common.h:175:2: warning: ‘packed’ attribute ignored for field of type ‘struct <anonymous>’ [-Wattributes]
  } video_input_definition __attribute__ ((packed));
  ^
common.h:186:2: warning: ‘packed’ attribute ignored for field of type ‘struct <anonymous>’ [-Wattributes]
  } feature_support __attribute__ ((packed));
  ^
common.h:205:2: warning: ‘packed’ attribute ignored for field of type ‘struct <anonymous>’ [-Wattributes]
  } established_timings __attribute__ ((packed));
  ^
common.h:209:2: warning: ‘packed’ attribute ignored for field of type ‘struct <anonymous>’ [-Wattributes]
  } manufacturer_timings __attribute__ ((packed));
  ^
common.h:227:2: warning: ‘packed’ attribute ignored for field of type ‘union <anonymous>’ [-Wattributes]
  } monitor_details __attribute__ ((packed));
  ^
gcc -W -Wall  -g -O2  -o ddcxinfo vesamode.o common.o x86-common.o lrmi.o vbe.o ddcxinfo.o 
gcc -W -Wall  -g -O2    -c -o svgamodes.o svgamodes.c
In file included from vbe.h:6:0,
                 from svgamodes.c:18:
common.h:118:2: warning: ‘packed’ attribute ignored for field of type ‘struct <anonymous>’ [-Wattributes]
  } flags __attribute__ ((packed));
  ^
common.h:175:2: warning: ‘packed’ attribute ignored for field of type ‘struct <anonymous>’ [-Wattributes]
  } video_input_definition __attribute__ ((packed));
  ^
common.h:186:2: warning: ‘packed’ attribute ignored for field of type ‘struct <anonymous>’ [-Wattributes]
  } feature_support __attribute__ ((packed));
  ^
common.h:205:2: warning: ‘packed’ attribute ignored for field of type ‘struct <anonymous>’ [-Wattributes]
  } established_timings __attribute__ ((packed));
  ^
common.h:209:2: warning: ‘packed’ attribute ignored for field of type ‘struct <anonymous>’ [-Wattributes]
  } manufacturer_timings __attribute__ ((packed));
  ^
common.h:227:2: warning: ‘packed’ attribute ignored for field of type ‘union <anonymous>’ [-Wattributes]
  } monitor_details __attribute__ ((packed));
  ^
svgamodes.c: In function ‘main’:
svgamodes.c:34:14: warning: unused parameter ‘argc’ [-Wunused-parameter]
 int main(int argc, char **argv)
              ^
svgamodes.c:34:27: warning: unused parameter ‘argv’ [-Wunused-parameter]
 int main(int argc, char **argv)
                           ^
gcc   svgamodes.o x86-common.o lrmi.o vesamode.o vbe.o   -o svgamodes
gcc -W -Wall  -g -O2    -c -o modetest.o modetest.c
In file included from vbe.h:6:0,
                 from modetest.c:12:
common.h:118:2: warning: ‘packed’ attribute ignored for field of type ‘struct <anonymous>’ [-Wattributes]
  } flags __attribute__ ((packed));
  ^
common.h:175:2: warning: ‘packed’ attribute ignored for field of type ‘struct <anonymous>’ [-Wattributes]
  } video_input_definition __attribute__ ((packed));
  ^
common.h:186:2: warning: ‘packed’ attribute ignored for field of type ‘struct <anonymous>’ [-Wattributes]
  } feature_support __attribute__ ((packed));
  ^
common.h:205:2: warning: ‘packed’ attribute ignored for field of type ‘struct <anonymous>’ [-Wattributes]
  } established_timings __attribute__ ((packed));
  ^
common.h:209:2: warning: ‘packed’ attribute ignored for field of type ‘struct <anonymous>’ [-Wattributes]
  } manufacturer_timings __attribute__ ((packed));
  ^
common.h:227:2: warning: ‘packed’ attribute ignored for field of type ‘union <anonymous>’ [-Wattributes]
  } monitor_details __attribute__ ((packed));
  ^
modetest.c: In function ‘main’:
modetest.c:31:7: warning: assignment from incompatible pointer type [enabled by default]
  info = vbe_get_vbe_info();
       ^
modetest.c:17:14: warning: unused parameter ‘argc’ [-Wunused-parameter]
 int main(int argc, char **argv)
              ^
modetest.c:17:27: warning: unused parameter ‘argv’ [-Wunused-parameter]
 int main(int argc, char **argv)
                           ^
gcc   modetest.o x86-common.o lrmi.o vesamode.o vbe.o   -o modetest
ar cru libvbe.a x86-common.o lrmi.o vesamode.o vbe.o
rm -f ddcprobe ddcxinfo  svgamodes modetest libvbe.a *.o .depend core
make -C x86emu clean
make[1]: Entering directory `/mnt/sda6/00_new-woof/petbuilds-slacko-32/builds/ddcprobe/ddcprobe-0.4.23/x86emu'
rm -f *.a *.o
make[1]: Leaving directory `/mnt/sda6/00_new-woof/petbuilds-slacko-32/builds/ddcprobe/ddcprobe-0.4.23/x86emu'
/mnt/sda6/00_new-woof/petbuilds-slacko-32/builds/ddcprobe
packaging ddcprobe-0.4.23-i686_slk600
done!
