dictd-1.10.10
dictd-1.10.10/ANNOUNCE
dictd-1.10.10/COPYING
dictd-1.10.10/INITSCRIPT
dictd-1.10.10/INSTALL
dictd-1.10.10/Makefile.conf
dictd-1.10.10/Makefile.in
dictd-1.10.10/NEWS
dictd-1.10.10/README
dictd-1.10.10/TODO
dictd-1.10.10/clientparse.y
dictd-1.10.10/clientscan.l
dictd-1.10.10/codes.h
dictd-1.10.10/colorit.1.in
dictd-1.10.10/colorit.in
dictd-1.10.10/config.guess
dictd-1.10.10/config.sub
dictd-1.10.10/configure.in
dictd-1.10.10/daemon.c
dictd-1.10.10/daemon3.c
dictd-1.10.10/data.c
dictd-1.10.10/data.h
dictd-1.10.10/defs.h
dictd-1.10.10/deps
dictd-1.10.10/dict.1.in
dictd-1.10.10/dict.c
dictd-1.10.10/dict.h
dictd-1.10.10/dictP.h
dictd-1.10.10/dictd.8.in
dictd-1.10.10/dictd.c
dictd-1.10.10/dictd.h
dictd-1.10.10/dictdplugin-config.in
dictd-1.10.10/dictdplugin.c
dictd-1.10.10/dictdplugin.h
dictd-1.10.10/dictdplugin_dbi.c
dictd-1.10.10/dictdplugin_exit.c
dictd-1.10.10/dictdplugin_judy.c
dictd-1.10.10/dictdplugin_popen.cpp
dictd-1.10.10/dictfmt.1.in
dictd-1.10.10/dictfmt.c
dictd-1.10.10/dictfmt_index2suffix
dictd-1.10.10/dictfmt_index2suffix.1.in
dictd-1.10.10/dictfmt_index2word
dictd-1.10.10/dictfmt_index2word.1.in
dictd-1.10.10/dictl.1.in
dictd-1.10.10/dictl.in
dictd-1.10.10/dictunformat.1.in
dictd-1.10.10/dictunformat.in
dictd-1.10.10/dictzip.1.in
dictd-1.10.10/dictzip.c
dictd-1.10.10/dictzip.h
dictd-1.10.10/getopt.c
dictd-1.10.10/getopt_long.c
dictd-1.10.10/heap.c
dictd-1.10.10/heap.h
dictd-1.10.10/include_regex.h.in
dictd-1.10.10/index.c
dictd-1.10.10/index.h
dictd-1.10.10/install-sh
dictd-1.10.10/iswalnum.c
dictd-1.10.10/iswspace.c
dictd-1.10.10/lev.h
dictd-1.10.10/mbrlen.c
dictd-1.10.10/mbrtowc.c
dictd-1.10.10/mbstowcs.c
dictd-1.10.10/mbtowc.c
dictd-1.10.10/md5.c
dictd-1.10.10/md5.h
dictd-1.10.10/net.c
dictd-1.10.10/net.h
dictd-1.10.10/nl_langinfo.c
dictd-1.10.10/parse.c
dictd-1.10.10/parse.h
dictd-1.10.10/plugin.c
dictd-1.10.10/plugin.h
dictd-1.10.10/plugins_common.c
dictd-1.10.10/plugins_common.h
dictd-1.10.10/search_man
dictd-1.10.10/servparse.y
dictd-1.10.10/servscan.l
dictd-1.10.10/setenv.c
dictd-1.10.10/snprintf.c
dictd-1.10.10/str.c
dictd-1.10.10/str.h
dictd-1.10.10/strategy.c
dictd-1.10.10/strategy.h
dictd-1.10.10/strlcat.c
dictd-1.10.10/strlcpy.c
dictd-1.10.10/towlower.c
dictd-1.10.10/vsnprintf.c
dictd-1.10.10/wcrtomb.c
dictd-1.10.10/wctomb.c
dictd-1.10.10/doc
dictd-1.10.10/doc/Makefile.in
dictd-1.10.10/doc/dicf.ms
dictd-1.10.10/doc/rfc.ms
dictd-1.10.10/doc/rfc.sh
dictd-1.10.10/doc/rfc2229.txt
dictd-1.10.10/doc/security.doc
dictd-1.10.10/doc/toc.ms
dictd-1.10.10/examples
dictd-1.10.10/examples/dict1.conf
dictd-1.10.10/examples/dictd1.conf
dictd-1.10.10/examples/dictd2.conf
dictd-1.10.10/examples/dictd3.conf
dictd-1.10.10/examples/dictd4.conf
dictd-1.10.10/examples/dictd_complex.conf
dictd-1.10.10/examples/dictd_mime.conf
dictd-1.10.10/examples/dictd_plugin_dbi.conf
dictd-1.10.10/examples/dictd_popen.conf
dictd-1.10.10/examples/dictd_site.txt
dictd-1.10.10/examples/dictd_virtual.conf
dictd-1.10.10/libmaa
dictd-1.10.10/libmaa/COPYING
dictd-1.10.10/libmaa/COPYING.LIB
dictd-1.10.10/libmaa/Makefile.in
dictd-1.10.10/libmaa/README
dictd-1.10.10/libmaa/alloca.c
dictd-1.10.10/libmaa/arg.c
dictd-1.10.10/libmaa/arggram.txt
dictd-1.10.10/libmaa/arggram2c.in
dictd-1.10.10/libmaa/argtest.c
dictd-1.10.10/libmaa/argtest.in
dictd-1.10.10/libmaa/argtest.out
dictd-1.10.10/libmaa/base26.c
dictd-1.10.10/libmaa/base64.c
dictd-1.10.10/libmaa/basetest.c
dictd-1.10.10/libmaa/basetest.out
dictd-1.10.10/libmaa/bit.c
dictd-1.10.10/libmaa/bittest.c
dictd-1.10.10/libmaa/bittest.out
dictd-1.10.10/libmaa/config.guess
dictd-1.10.10/libmaa/config.sub
dictd-1.10.10/libmaa/configure.in
dictd-1.10.10/libmaa/debug.c
dictd-1.10.10/libmaa/debugtest.c
dictd-1.10.10/libmaa/debugtest.out
dictd-1.10.10/libmaa/error.c
dictd-1.10.10/libmaa/flags.c
dictd-1.10.10/libmaa/getopt.c
dictd-1.10.10/libmaa/getopt.h
dictd-1.10.10/libmaa/getopt1.c
dictd-1.10.10/libmaa/hash.c
dictd-1.10.10/libmaa/hashtest.c
dictd-1.10.10/libmaa/hashtest.out
dictd-1.10.10/libmaa/install-sh
dictd-1.10.10/libmaa/list.c
dictd-1.10.10/libmaa/listtest.c
dictd-1.10.10/libmaa/listtest.out
dictd-1.10.10/libmaa/log.c
dictd-1.10.10/libmaa/maa.c
dictd-1.10.10/libmaa/maa.h
dictd-1.10.10/libmaa/maaP.h
dictd-1.10.10/libmaa/memory.c
dictd-1.10.10/libmaa/memtest.c
dictd-1.10.10/libmaa/mkrnd.c
dictd-1.10.10/libmaa/obstack.c
dictd-1.10.10/libmaa/obstack.h
dictd-1.10.10/libmaa/parse-concrete.c
dictd-1.10.10/libmaa/pr.c
dictd-1.10.10/libmaa/prime.c
dictd-1.10.10/libmaa/primetest.c
dictd-1.10.10/libmaa/primetest.out
dictd-1.10.10/libmaa/prtest.c
dictd-1.10.10/libmaa/prtest.out
dictd-1.10.10/libmaa/rnd.c
dictd-1.10.10/libmaa/set.c
dictd-1.10.10/libmaa/settest.c
dictd-1.10.10/libmaa/settest.out
dictd-1.10.10/libmaa/sl.c
dictd-1.10.10/libmaa/sltest.c
dictd-1.10.10/libmaa/sltest.out
dictd-1.10.10/libmaa/source.c
dictd-1.10.10/libmaa/stack.c
dictd-1.10.10/libmaa/strdup.c
dictd-1.10.10/libmaa/string.c
dictd-1.10.10/libmaa/stringtest.c
dictd-1.10.10/libmaa/stringtest.out
dictd-1.10.10/libmaa/strlcpy.c
dictd-1.10.10/libmaa/strtol.c
dictd-1.10.10/libmaa/strtoul.c
dictd-1.10.10/libmaa/text.c
dictd-1.10.10/libmaa/timer.c
dictd-1.10.10/libmaa/version.c
dictd-1.10.10/libmaa/xmalloc.c
dictd-1.10.10/libmaa/doc
dictd-1.10.10/libmaa/doc/Makefile.in
dictd-1.10.10/libmaa/doc/extract.pl
dictd-1.10.10/libmaa/doc/lgrindefs
dictd-1.10.10/libmaa/doc/libmaa.600dpi.ps
dictd-1.10.10/libmaa/doc/libmaa.bib
dictd-1.10.10/libmaa/doc/libmaa.tex
dictd-1.10.10/libmaa/doc/refalpha.bst
dictd-1.10.10/libmaa/config.h.in
dictd-1.10.10/libmaa/configure
dictd-1.10.10/test
dictd-1.10.10/test/db.expect.cyrillic_1.dict
dictd-1.10.10/test/db.expect.cyrillic_1.index
dictd-1.10.10/test/db.expect.dict
dictd-1.10.10/test/db.expect.hello_1.dict
dictd-1.10.10/test/db.expect.hello_1.index
dictd-1.10.10/test/db.expect.hello_2.dict
dictd-1.10.10/test/db.expect.hello_2.index
dictd-1.10.10/test/db.expect.hello_3.dict
dictd-1.10.10/test/db.expect.hello_3.index
dictd-1.10.10/test/db.expect.hello_4.dict
dictd-1.10.10/test/db.expect.hello_4.index
dictd-1.10.10/test/db.expect.hello_5.dict
dictd-1.10.10/test/db.expect.hello_5.index
dictd-1.10.10/test/db.expect.index
dictd-1.10.10/test/db.expect.indexdata_1.dict
dictd-1.10.10/test/db.expect.indexdata_1.index
dictd-1.10.10/test/db.expect.mixedcase_1.dict
dictd-1.10.10/test/db.expect.mixedcase_1.index
dictd-1.10.10/test/db.expect.smiley_1.dict
dictd-1.10.10/test/db.expect.smiley_1.index
dictd-1.10.10/test/db.expect.smiley_2.dict
dictd-1.10.10/test/db.expect.smiley_2.index
dictd-1.10.10/test/db.expect.smiley_3.dict
dictd-1.10.10/test/db.expect.smiley_3.index
dictd-1.10.10/test/db.expect.smiley_4.dict
dictd-1.10.10/test/db.expect.smiley_4.index
dictd-1.10.10/test/db.expect.smiley_5.dict
dictd-1.10.10/test/db.expect.smiley_5.index
dictd-1.10.10/test/dictd_cyrillic_1_res.expected.txt
dictd-1.10.10/test/dictd_cyrillic_3_res.expected.txt
dictd-1.10.10/test/dictd_defstrat_1_res.expected.txt
dictd-1.10.10/test/dictd_defstrat_2_res.expected.txt
dictd-1.10.10/test/dictd_hello_1_res.expected.txt
dictd-1.10.10/test/dictd_hello_2_res.expected.txt
dictd-1.10.10/test/dictd_hello_3_res.expected.txt
dictd-1.10.10/test/dictd_hello_4_res.expected.txt
dictd-1.10.10/test/dictd_hello_5_res.expected.txt
dictd-1.10.10/test/dictd_indexdata_1_res.expected.txt
dictd-1.10.10/test/dictd_limits_1_res.expected.txt
dictd-1.10.10/test/dictd_mixedcase_1_res.expected.txt
dictd-1.10.10/test/dictd_smiley_2_res.expected.txt
dictd-1.10.10/test/dictd_smiley_4_res.expected.txt
dictd-1.10.10/test/dictd_smiley_5_res.expected.txt
dictd-1.10.10/test/dictd_test.in
dictd-1.10.10/test/input.cyrillic_3.txt
dictd-1.10.10/test/input.defstrat_1.txt
dictd-1.10.10/test/input.defstrat_2.txt
dictd-1.10.10/test/input.indexdata_1.txt
dictd-1.10.10/test/input.limits_1.txt
dictd-1.10.10/test/input.mixedcase_1.txt
dictd-1.10.10/test/testdb.c5.txt
dictd-1.10.10/test/testdb.cyrillic.txt
dictd-1.10.10/test/testdb.cyrillic_1.conf
dictd-1.10.10/test/testdb.cyrillic_2.conf
dictd-1.10.10/test/testdb.cyrillic_4.conf
dictd-1.10.10/test/testdb.defstrat_1.conf
dictd-1.10.10/test/testdb.defstrat_2.conf
dictd-1.10.10/test/testdb.e.txt
dictd-1.10.10/test/testdb.f.txt
dictd-1.10.10/test/testdb.h.txt
dictd-1.10.10/test/testdb.h.txt.dict
dictd-1.10.10/test/testdb.h.txt.index
dictd-1.10.10/test/testdb.hello.txt
dictd-1.10.10/test/testdb.hello_1.conf
dictd-1.10.10/test/testdb.hello_2.conf
dictd-1.10.10/test/testdb.hello_3.conf
dictd-1.10.10/test/testdb.hello_4.conf
dictd-1.10.10/test/testdb.hello_5.conf
dictd-1.10.10/test/testdb.indexdata.txt
dictd-1.10.10/test/testdb.indexdata_1.conf
dictd-1.10.10/test/testdb.j.txt
dictd-1.10.10/test/testdb.limits_1.conf
dictd-1.10.10/test/testdb.mixedcase.txt
dictd-1.10.10/test/testdb.mixedcase_1.conf
dictd-1.10.10/test/testdb.p.txt
dictd-1.10.10/test/testdb.smiley.txt
dictd-1.10.10/test/testdb.smiley_1.conf
dictd-1.10.10/test/testdb.smiley_2.conf
dictd-1.10.10/test/testdb.smiley_3.conf
dictd-1.10.10/test/testdb.smiley_4.conf
dictd-1.10.10/test/testdb.smiley_5.conf
dictd-1.10.10/ChangeLog
dictd-1.10.10/config.h.in
dictd-1.10.10/configure
Configuring for dict
.
checking build system type... i686-pc-linux-gnu
checking host system type... i686-pc-linux-gnu
checking for gcc... gcc
checking for C compiler default output file name... a.out
checking whether the C compiler works... yes
checking whether we are cross compiling... no
checking for suffix of executables... 
checking for suffix of object files... o
checking whether we are using the GNU C compiler... yes
checking whether gcc accepts -g... yes
checking for gcc option to accept ISO C89... none needed
checking for library containing strerror... none required
checking for dlopen in -lc... no
checking for dlopen in -ldl... yes
Checking for programs
checking for gawk... gawk
checking for a BSD-compatible install... /usr/bin/ginstall -c
checking for ranlib... ranlib
checking whether make sets $(MAKE)... yes
checking for bison... bison -y
checking for flex... flex
checking lex output file root... lex.yy
checking lex library... -lfl
checking whether yytext is a pointer... yes
checking for ar... ar
checking for gnroff... gnroff
checking for groff... groff
checking for col... col
checking for expand... expand
.
Checking for libraries
checking for maa_shutdown in -lmaa... no
checking for libmaa in local source tree... yes
checking for JudySLNext in -lJudy... no
checking for dbi_shutdown in -ldbi... no
checking for main in -lsocket... no
checking for inet_ntoa in -lc... yes
.
Checking for header files
checking how to run the C preprocessor... gcc -E
checking for grep that handles long lines and -e... /bin/grep
checking for egrep... /bin/grep -E
checking for ANSI C header files... yes
checking whether time.h and sys/time.h may both be included... yes
checking for sys/types.h... yes
checking for sys/stat.h... yes
checking for stdlib.h... yes
checking for string.h... yes
checking for memory.h... yes
checking for strings.h... yes
checking for inttypes.h... yes
checking for stdint.h... yes
checking for unistd.h... yes
checking dlfcn.h usability... yes
checking dlfcn.h presence... yes
checking for dlfcn.h... yes
checking for unistd.h... (cached) yes
checking for strings.h... (cached) yes
checking limits.h usability... yes
checking limits.h presence... yes
checking for limits.h... yes
checking sys/resource.h usability... yes
checking sys/resource.h presence... yes
checking for sys/resource.h... yes
checking sys/time.h usability... yes
checking sys/time.h presence... yes
checking for sys/time.h... yes
checking sys/param.h usability... yes
checking sys/param.h presence... yes
checking for sys/param.h... yes
checking sys/wait.h usability... yes
checking sys/wait.h presence... yes
checking for sys/wait.h... yes
checking wctype.h usability... yes
checking wctype.h presence... yes
checking for wctype.h... yes
checking wchar.h usability... yes
checking wchar.h presence... yes
checking for wchar.h... yes
checking Judy.h usability... no
checking Judy.h presence... no
checking for Judy.h... no
checking dbi/dbi.h usability... no
checking dbi/dbi.h presence... no
checking for dbi/dbi.h... no
checking for wint_t... yes
checking for mbstate_t... yes
checking for wchar_t... yes
checking for size_t... yes
.
Checking for system constants
checking for an ANSI C-conforming const... yes
checking for inline... inline
.
Checking for library functions
checking for working alloca.h... yes
checking for alloca... yes
checking for pid_t... yes
checking vfork.h usability... no
checking vfork.h presence... no
checking for vfork.h... no
checking for fork... yes
checking for vfork... yes
checking for working fork... yes
checking for working vfork... (cached) yes
checking for stdlib.h... (cached) yes
checking for GNU libc compatible malloc... yes
checking for working strcoll... yes
checking for strftime... yes
checking for vprintf... yes
checking for _doprnt... no
checking for wait3 that fills in rusage... yes
checking for waitpid... yes
checking for mmap... yes
checking for munmap... yes
checking for strdup... yes
checking for strtol... yes
checking for strtoul... yes
checking for semget... yes
checking for strerror... yes
checking for inet_aton... yes
checking for strdup... (cached) yes
checking for strtol... (cached) yes
checking for strtoul... (cached) yes
checking for alarm... yes
checking for gethostbyaddr... yes
checking for gethostbyname... yes
checking for gethostname... yes
checking for gettimeofday... yes
checking for inet_ntoa... yes
checking for memmove... yes
checking for memset... yes
checking for regcomp... yes
checking for setlocale... yes
checking for socket... yes
checking for strcasecmp... yes
checking for strchr... yes
checking for strrchr... yes
checking for strstr... yes
checking for uname... yes
checking for dlopen... yes
checking for getopt... yes
checking for initgroups... yes
checking for daemon... yes
checking for setenv... yes
checking for putenv... yes
checking for strlcpy... no
checking for strlcat... no
checking for getopt_long... yes
checking for snprintf... yes
checking for vsnprintf... yes
checking whether CODESET is declared... yes
.
Making output files
configure: creating ./config.status
config.status: creating Makefile
config.status: WARNING:  Makefile.in seems to ignore the --datarootdir setting
config.status: creating doc/Makefile
config.status: creating include_regex.h
config.status: creating dictdplugin-config
config.status: WARNING:  dictdplugin-config.in seems to ignore the --datarootdir setting
config.status: creating dictl
config.status: creating colorit
config.status: creating dictunformat
config.status: creating colorit.1
config.status: creating dict.1
config.status: creating dictfmt.1
config.status: creating dictfmt_index2suffix.1
config.status: creating dictfmt_index2word.1
config.status: creating dictl.1
config.status: creating dictunformat.1
config.status: creating dictzip.1
config.status: creating dictd.8
config.status: creating test/dictd_test
config.status: creating config.h
=== configuring in libmaa (/mnt/sda6/00_new-woof/petbuilds-slacko-32/builds/dictd/dictd-1.10.10/libmaa)
configure: running /bin/sh ./configure '--prefix=/usr'  '--localstatedir=/var' '--sysconfdir=/etc' '--libdir=/usr/lib' --cache-file=/dev/null --srcdir=.
Configuring for libmaa 1.0
.
checking build system type... i686-pc-linux-gnu
checking host system type... i686-pc-linux-gnu
checking for gawk... gawk
checking for gcc... gcc
checking for C compiler default output file name... a.out
checking whether the C compiler works... yes
checking whether we are cross compiling... no
checking for suffix of executables... 
checking for suffix of object files... o
checking whether we are using the GNU C compiler... yes
checking whether gcc accepts -g... yes
checking for gcc option to accept ISO C89... none needed
checking for library containing strerror... none required
Checking for programs
checking for a BSD-compatible install... /usr/bin/ginstall -c
checking for ranlib... ranlib
checking for perl4... no
checking for perl... perl
checking for latex2e... no
checking for latex... no
checking for fig2dev... no
checking for dvips... no
checking for refbibtex... no
checking for bibtex... no
.
Checking for libraries
.
Checking for header file support
checking how to run the C preprocessor... gcc -E
checking for grep that handles long lines and -e... /bin/grep
checking for egrep... /bin/grep -E
checking for ANSI C header files... yes
checking whether time.h and sys/time.h may both be included... yes
checking for sys/types.h... yes
checking for sys/stat.h... yes
checking for stdlib.h... yes
checking for string.h... yes
checking for memory.h... yes
checking for strings.h... yes
checking for inttypes.h... yes
checking for stdint.h... yes
checking for unistd.h... yes
checking for unistd.h... (cached) yes
checking for strings.h... (cached) yes
checking limits.h usability... yes
checking limits.h presence... yes
checking for limits.h... yes
checking sys/resource.h usability... yes
checking sys/resource.h presence... yes
checking for sys/resource.h... yes
checking sys/time.h usability... yes
checking sys/time.h presence... yes
checking for sys/time.h... yes
checking sys/param.h usability... yes
checking sys/param.h presence... yes
checking for sys/param.h... yes
checking sys/wait.h usability... yes
checking sys/wait.h presence... yes
checking for sys/wait.h... yes
checking for SYSLOG_NAMES support in syslog.h... yes
.
Checking for system constants
checking for size_t... yes
checking return type of signal handlers... void
checking for an ANSI C-conforming const... yes
checking for inline... inline
checking whether byte ordering is bigendian... no
checking for int... yes
checking size of int... 4
checking for long... yes
checking size of long... 4
checking for void *... yes
checking size of void *... 4
checking for long long int... yes
checking size of long long int... 8
.
Checking for library functions
checking for working alloca.h... yes
checking for alloca... yes
checking for vprintf... yes
checking for _doprnt... no
checking for snprintf... yes
checking for gettimeofday... yes
checking for strchr... yes
checking for strerror... yes
checking for memcpy... yes
checking for atexit... yes
checking for on_exit... yes
checking for sysconf... yes
checking for strdup... yes
checking for strtol... yes
checking for strtoul... yes
checking for vsyslog... yes
checking for getopt... yes
checking for strdup... (cached) yes
checking for strtol... (cached) yes
checking for strtoul... (cached) yes
checking for strlcpy... no
.
Making output files
configure: creating ./config.status
config.status: creating Makefile
config.status: creating doc/Makefile
config.status: creating arggram2c
config.status: creating config.h
.
Done


maa:             local
plugin support:  native
 judy plugin:    disabled
 dbi plugin:     disabled


( cd ./libmaa && make ) && touch local_libmaa
make[1]: Entering directory `/mnt/sda6/00_new-woof/petbuilds-slacko-32/builds/dictd/dictd-1.10.10/libmaa'
libtool --mode=compile gcc -o xmalloc.o -c -DHAVE_CONFIG_H  -g -O2 -g -O -Wall -pedantic -DMAA_MAJOR=1 -DMAA_MINOR=0 -I. xmalloc.c
libtool: compile:  gcc -c -DHAVE_CONFIG_H -g -O2 -g -O -Wall -pedantic -DMAA_MAJOR=1 -DMAA_MINOR=0 -I. xmalloc.c  -fPIC -DPIC -o .libs/xmalloc.o
libtool: compile:  gcc -c -DHAVE_CONFIG_H -g -O2 -g -O -Wall -pedantic -DMAA_MAJOR=1 -DMAA_MINOR=0 -I. xmalloc.c -o xmalloc.o >/dev/null 2>&1
libtool --mode=compile gcc -o strlcpy.o -c -DHAVE_CONFIG_H  -g -O2 -g -O -Wall -pedantic -DMAA_MAJOR=1 -DMAA_MINOR=0 -I. strlcpy.c
libtool: compile:  gcc -c -DHAVE_CONFIG_H -g -O2 -g -O -Wall -pedantic -DMAA_MAJOR=1 -DMAA_MINOR=0 -I. strlcpy.c  -fPIC -DPIC -o .libs/strlcpy.o
libtool: compile:  gcc -c -DHAVE_CONFIG_H -g -O2 -g -O -Wall -pedantic -DMAA_MAJOR=1 -DMAA_MINOR=0 -I. strlcpy.c -o strlcpy.o >/dev/null 2>&1
libtool --mode=compile gcc -o obstack.o -c -DHAVE_CONFIG_H  -g -O2 -g -O -Wall -pedantic -DMAA_MAJOR=1 -DMAA_MINOR=0 -I. obstack.c
libtool: compile:  gcc -c -DHAVE_CONFIG_H -g -O2 -g -O -Wall -pedantic -DMAA_MAJOR=1 -DMAA_MINOR=0 -I. obstack.c  -fPIC -DPIC -o .libs/obstack.o
libtool: compile:  gcc -c -DHAVE_CONFIG_H -g -O2 -g -O -Wall -pedantic -DMAA_MAJOR=1 -DMAA_MINOR=0 -I. obstack.c -o obstack.o >/dev/null 2>&1
libtool --mode=compile gcc -o hash.o -c -DHAVE_CONFIG_H  -g -O2 -g -O -Wall -pedantic -DMAA_MAJOR=1 -DMAA_MINOR=0 -I. hash.c
libtool: compile:  gcc -c -DHAVE_CONFIG_H -g -O2 -g -O -Wall -pedantic -DMAA_MAJOR=1 -DMAA_MINOR=0 -I. hash.c  -fPIC -DPIC -o .libs/hash.o
libtool: compile:  gcc -c -DHAVE_CONFIG_H -g -O2 -g -O -Wall -pedantic -DMAA_MAJOR=1 -DMAA_MINOR=0 -I. hash.c -o hash.o >/dev/null 2>&1
libtool --mode=compile gcc -o set.o -c -DHAVE_CONFIG_H  -g -O2 -g -O -Wall -pedantic -DMAA_MAJOR=1 -DMAA_MINOR=0 -I. set.c
libtool: compile:  gcc -c -DHAVE_CONFIG_H -g -O2 -g -O -Wall -pedantic -DMAA_MAJOR=1 -DMAA_MINOR=0 -I. set.c  -fPIC -DPIC -o .libs/set.o
libtool: compile:  gcc -c -DHAVE_CONFIG_H -g -O2 -g -O -Wall -pedantic -DMAA_MAJOR=1 -DMAA_MINOR=0 -I. set.c -o set.o >/dev/null 2>&1
libtool --mode=compile gcc -o stack.o -c -DHAVE_CONFIG_H  -g -O2 -g -O -Wall -pedantic -DMAA_MAJOR=1 -DMAA_MINOR=0 -I. stack.c
libtool: compile:  gcc -c -DHAVE_CONFIG_H -g -O2 -g -O -Wall -pedantic -DMAA_MAJOR=1 -DMAA_MINOR=0 -I. stack.c  -fPIC -DPIC -o .libs/stack.o
libtool: compile:  gcc -c -DHAVE_CONFIG_H -g -O2 -g -O -Wall -pedantic -DMAA_MAJOR=1 -DMAA_MINOR=0 -I. stack.c -o stack.o >/dev/null 2>&1
libtool --mode=compile gcc -o list.o -c -DHAVE_CONFIG_H  -g -O2 -g -O -Wall -pedantic -DMAA_MAJOR=1 -DMAA_MINOR=0 -I. list.c
libtool: compile:  gcc -c -DHAVE_CONFIG_H -g -O2 -g -O -Wall -pedantic -DMAA_MAJOR=1 -DMAA_MINOR=0 -I. list.c  -fPIC -DPIC -o .libs/list.o
libtool: compile:  gcc -c -DHAVE_CONFIG_H -g -O2 -g -O -Wall -pedantic -DMAA_MAJOR=1 -DMAA_MINOR=0 -I. list.c -o list.o >/dev/null 2>&1
libtool --mode=compile gcc -o error.o -c -DHAVE_CONFIG_H  -g -O2 -g -O -Wall -pedantic -DMAA_MAJOR=1 -DMAA_MINOR=0 -I. error.c
libtool: compile:  gcc -c -DHAVE_CONFIG_H -g -O2 -g -O -Wall -pedantic -DMAA_MAJOR=1 -DMAA_MINOR=0 -I. error.c  -fPIC -DPIC -o .libs/error.o
libtool: compile:  gcc -c -DHAVE_CONFIG_H -g -O2 -g -O -Wall -pedantic -DMAA_MAJOR=1 -DMAA_MINOR=0 -I. error.c -o error.o >/dev/null 2>&1
libtool --mode=compile gcc -o memory.o -c -DHAVE_CONFIG_H  -g -O2 -g -O -Wall -pedantic -DMAA_MAJOR=1 -DMAA_MINOR=0 -I. memory.c
libtool: compile:  gcc -c -DHAVE_CONFIG_H -g -O2 -g -O -Wall -pedantic -DMAA_MAJOR=1 -DMAA_MINOR=0 -I. memory.c  -fPIC -DPIC -o .libs/memory.o
libtool: compile:  gcc -c -DHAVE_CONFIG_H -g -O2 -g -O -Wall -pedantic -DMAA_MAJOR=1 -DMAA_MINOR=0 -I. memory.c -o memory.o >/dev/null 2>&1
libtool --mode=compile gcc -o string.o -c -DHAVE_CONFIG_H  -g -O2 -g -O -Wall -pedantic -DMAA_MAJOR=1 -DMAA_MINOR=0 -I. string.c
libtool: compile:  gcc -c -DHAVE_CONFIG_H -g -O2 -g -O -Wall -pedantic -DMAA_MAJOR=1 -DMAA_MINOR=0 -I. string.c  -fPIC -DPIC -o .libs/string.o
string.c: In function 'str_pool_iterate':
string.c:116:10: warning: variable 'datum' set but not used [-Wunused-but-set-variable]
    void *datum;
          ^
string.c: In function 'str_pool_iterate_arg':
string.c:145:10: warning: variable 'datum' set but not used [-Wunused-but-set-variable]
    void *datum;
          ^
libtool: compile:  gcc -c -DHAVE_CONFIG_H -g -O2 -g -O -Wall -pedantic -DMAA_MAJOR=1 -DMAA_MINOR=0 -I. string.c -o string.o >/dev/null 2>&1
libtool --mode=compile gcc -o debug.o -c -DHAVE_CONFIG_H  -g -O2 -g -O -Wall -pedantic -DMAA_MAJOR=1 -DMAA_MINOR=0 -I. debug.c
libtool: compile:  gcc -c -DHAVE_CONFIG_H -g -O2 -g -O -Wall -pedantic -DMAA_MAJOR=1 -DMAA_MINOR=0 -I. debug.c  -fPIC -DPIC -o .libs/debug.o
libtool: compile:  gcc -c -DHAVE_CONFIG_H -g -O2 -g -O -Wall -pedantic -DMAA_MAJOR=1 -DMAA_MINOR=0 -I. debug.c -o debug.o >/dev/null 2>&1
libtool --mode=compile gcc -o flags.o -c -DHAVE_CONFIG_H  -g -O2 -g -O -Wall -pedantic -DMAA_MAJOR=1 -DMAA_MINOR=0 -I. flags.c
libtool: compile:  gcc -c -DHAVE_CONFIG_H -g -O2 -g -O -Wall -pedantic -DMAA_MAJOR=1 -DMAA_MINOR=0 -I. flags.c  -fPIC -DPIC -o .libs/flags.o
libtool: compile:  gcc -c -DHAVE_CONFIG_H -g -O2 -g -O -Wall -pedantic -DMAA_MAJOR=1 -DMAA_MINOR=0 -I. flags.c -o flags.o >/dev/null 2>&1
libtool --mode=compile gcc -o maa.o -c -DHAVE_CONFIG_H  -g -O2 -g -O -Wall -pedantic -DMAA_MAJOR=1 -DMAA_MINOR=0 -I. maa.c
libtool: compile:  gcc -c -DHAVE_CONFIG_H -g -O2 -g -O -Wall -pedantic -DMAA_MAJOR=1 -DMAA_MINOR=0 -I. maa.c  -fPIC -DPIC -o .libs/maa.o
libtool: compile:  gcc -c -DHAVE_CONFIG_H -g -O2 -g -O -Wall -pedantic -DMAA_MAJOR=1 -DMAA_MINOR=0 -I. maa.c -o maa.o >/dev/null 2>&1
libtool --mode=compile gcc -o prime.o -c -DHAVE_CONFIG_H  -g -O2 -g -O -Wall -pedantic -DMAA_MAJOR=1 -DMAA_MINOR=0 -I. prime.c
libtool: compile:  gcc -c -DHAVE_CONFIG_H -g -O2 -g -O -Wall -pedantic -DMAA_MAJOR=1 -DMAA_MINOR=0 -I. prime.c  -fPIC -DPIC -o .libs/prime.o
libtool: compile:  gcc -c -DHAVE_CONFIG_H -g -O2 -g -O -Wall -pedantic -DMAA_MAJOR=1 -DMAA_MINOR=0 -I. prime.c -o prime.o >/dev/null 2>&1
libtool --mode=compile gcc -o bit.o -c -DHAVE_CONFIG_H  -g -O2 -g -O -Wall -pedantic -DMAA_MAJOR=1 -DMAA_MINOR=0 -I. bit.c
libtool: compile:  gcc -c -DHAVE_CONFIG_H -g -O2 -g -O -Wall -pedantic -DMAA_MAJOR=1 -DMAA_MINOR=0 -I. bit.c  -fPIC -DPIC -o .libs/bit.o
libtool: compile:  gcc -c -DHAVE_CONFIG_H -g -O2 -g -O -Wall -pedantic -DMAA_MAJOR=1 -DMAA_MINOR=0 -I. bit.c -o bit.o >/dev/null 2>&1
libtool --mode=compile gcc -o timer.o -c -DHAVE_CONFIG_H  -g -O2 -g -O -Wall -pedantic -DMAA_MAJOR=1 -DMAA_MINOR=0 -I. timer.c
libtool: compile:  gcc -c -DHAVE_CONFIG_H -g -O2 -g -O -Wall -pedantic -DMAA_MAJOR=1 -DMAA_MINOR=0 -I. timer.c  -fPIC -DPIC -o .libs/timer.o
libtool: compile:  gcc -c -DHAVE_CONFIG_H -g -O2 -g -O -Wall -pedantic -DMAA_MAJOR=1 -DMAA_MINOR=0 -I. timer.c -o timer.o >/dev/null 2>&1
libtool --mode=compile gcc -o version.o -c -DHAVE_CONFIG_H  -g -O2 -g -O -Wall -pedantic -DMAA_MAJOR=1 -DMAA_MINOR=0 -I. version.c
libtool: compile:  gcc -c -DHAVE_CONFIG_H -g -O2 -g -O -Wall -pedantic -DMAA_MAJOR=1 -DMAA_MINOR=0 -I. version.c  -fPIC -DPIC -o .libs/version.o
libtool: compile:  gcc -c -DHAVE_CONFIG_H -g -O2 -g -O -Wall -pedantic -DMAA_MAJOR=1 -DMAA_MINOR=0 -I. version.c -o version.o >/dev/null 2>&1
gawk -f ./arggram2c < arggram.txt > arggram.c
libtool --mode=compile gcc -o arg.o -c -DHAVE_CONFIG_H  -g -O2 -g -O -Wall -pedantic -DMAA_MAJOR=1 -DMAA_MINOR=0 -I. arg.c
libtool: compile:  gcc -c -DHAVE_CONFIG_H -g -O2 -g -O -Wall -pedantic -DMAA_MAJOR=1 -DMAA_MINOR=0 -I. arg.c  -fPIC -DPIC -o .libs/arg.o
libtool: compile:  gcc -c -DHAVE_CONFIG_H -g -O2 -g -O -Wall -pedantic -DMAA_MAJOR=1 -DMAA_MINOR=0 -I. arg.c -o arg.o >/dev/null 2>&1
libtool --mode=compile gcc -o pr.o -c -DHAVE_CONFIG_H  -g -O2 -g -O -Wall -pedantic -DMAA_MAJOR=1 -DMAA_MINOR=0 -I. pr.c
libtool: compile:  gcc -c -DHAVE_CONFIG_H -g -O2 -g -O -Wall -pedantic -DMAA_MAJOR=1 -DMAA_MINOR=0 -I. pr.c  -fPIC -DPIC -o .libs/pr.o
pr.c: In function 'pr_filter':
pr.c:391:9: warning: variable 'pid' set but not used [-Wunused-but-set-variable]
    int  pid;
         ^
libtool: compile:  gcc -c -DHAVE_CONFIG_H -g -O2 -g -O -Wall -pedantic -DMAA_MAJOR=1 -DMAA_MINOR=0 -I. pr.c -o pr.o >/dev/null 2>&1
libtool --mode=compile gcc -o sl.o -c -DHAVE_CONFIG_H  -g -O2 -g -O -Wall -pedantic -DMAA_MAJOR=1 -DMAA_MINOR=0 -I. sl.c
libtool: compile:  gcc -c -DHAVE_CONFIG_H -g -O2 -g -O -Wall -pedantic -DMAA_MAJOR=1 -DMAA_MINOR=0 -I. sl.c  -fPIC -DPIC -o .libs/sl.o
libtool: compile:  gcc -c -DHAVE_CONFIG_H -g -O2 -g -O -Wall -pedantic -DMAA_MAJOR=1 -DMAA_MINOR=0 -I. sl.c -o sl.o >/dev/null 2>&1
libtool --mode=compile gcc -o base64.o -c -DHAVE_CONFIG_H  -g -O2 -g -O -Wall -pedantic -DMAA_MAJOR=1 -DMAA_MINOR=0 -I. base64.c
libtool: compile:  gcc -c -DHAVE_CONFIG_H -g -O2 -g -O -Wall -pedantic -DMAA_MAJOR=1 -DMAA_MINOR=0 -I. base64.c  -fPIC -DPIC -o .libs/base64.o
libtool: compile:  gcc -c -DHAVE_CONFIG_H -g -O2 -g -O -Wall -pedantic -DMAA_MAJOR=1 -DMAA_MINOR=0 -I. base64.c -o base64.o >/dev/null 2>&1
libtool --mode=compile gcc -o base26.o -c -DHAVE_CONFIG_H  -g -O2 -g -O -Wall -pedantic -DMAA_MAJOR=1 -DMAA_MINOR=0 -I. base26.c
libtool: compile:  gcc -c -DHAVE_CONFIG_H -g -O2 -g -O -Wall -pedantic -DMAA_MAJOR=1 -DMAA_MINOR=0 -I. base26.c  -fPIC -DPIC -o .libs/base26.o
libtool: compile:  gcc -c -DHAVE_CONFIG_H -g -O2 -g -O -Wall -pedantic -DMAA_MAJOR=1 -DMAA_MINOR=0 -I. base26.c -o base26.o >/dev/null 2>&1
libtool --mode=compile gcc -o source.o -c -DHAVE_CONFIG_H  -g -O2 -g -O -Wall -pedantic -DMAA_MAJOR=1 -DMAA_MINOR=0 -I. source.c
libtool: compile:  gcc -c -DHAVE_CONFIG_H -g -O2 -g -O -Wall -pedantic -DMAA_MAJOR=1 -DMAA_MINOR=0 -I. source.c  -fPIC -DPIC -o .libs/source.o
libtool: compile:  gcc -c -DHAVE_CONFIG_H -g -O2 -g -O -Wall -pedantic -DMAA_MAJOR=1 -DMAA_MINOR=0 -I. source.c -o source.o >/dev/null 2>&1
libtool --mode=compile gcc -o parse-concrete.o -c -DHAVE_CONFIG_H  -g -O2 -g -O -Wall -pedantic -DMAA_MAJOR=1 -DMAA_MINOR=0 -I. parse-concrete.c
libtool: compile:  gcc -c -DHAVE_CONFIG_H -g -O2 -g -O -Wall -pedantic -DMAA_MAJOR=1 -DMAA_MINOR=0 -I. parse-concrete.c  -fPIC -DPIC -o .libs/parse-concrete.o
libtool: compile:  gcc -c -DHAVE_CONFIG_H -g -O2 -g -O -Wall -pedantic -DMAA_MAJOR=1 -DMAA_MINOR=0 -I. parse-concrete.c -o parse-concrete.o >/dev/null 2>&1
libtool --mode=compile gcc -o text.o -c -DHAVE_CONFIG_H  -g -O2 -g -O -Wall -pedantic -DMAA_MAJOR=1 -DMAA_MINOR=0 -I. text.c
libtool: compile:  gcc -c -DHAVE_CONFIG_H -g -O2 -g -O -Wall -pedantic -DMAA_MAJOR=1 -DMAA_MINOR=0 -I. text.c  -fPIC -DPIC -o .libs/text.o
libtool: compile:  gcc -c -DHAVE_CONFIG_H -g -O2 -g -O -Wall -pedantic -DMAA_MAJOR=1 -DMAA_MINOR=0 -I. text.c -o text.o >/dev/null 2>&1
libtool --mode=compile gcc -o log.o -c -DHAVE_CONFIG_H  -g -O2 -g -O -Wall -pedantic -DMAA_MAJOR=1 -DMAA_MINOR=0 -I. log.c
libtool: compile:  gcc -c -DHAVE_CONFIG_H -g -O2 -g -O -Wall -pedantic -DMAA_MAJOR=1 -DMAA_MINOR=0 -I. log.c  -fPIC -DPIC -o .libs/log.o
libtool: compile:  gcc -c -DHAVE_CONFIG_H -g -O2 -g -O -Wall -pedantic -DMAA_MAJOR=1 -DMAA_MINOR=0 -I. log.c -o log.o >/dev/null 2>&1
libtool --mode=link gcc -o libmaa.la xmalloc.lo strlcpy.lo obstack.lo hash.lo set.lo stack.lo list.lo error.lo memory.lo string.lo debug.lo flags.lo maa.lo prime.lo bit.lo timer.lo version.lo arg.lo pr.lo sl.lo base64.lo base26.lo source.lo parse-concrete.lo text.lo log.lo \
   -rpath "/usr/lib" \
   -version-info "1:0" 
libtool: link: gcc -shared  -fPIC -DPIC  .libs/xmalloc.o .libs/strlcpy.o .libs/obstack.o .libs/hash.o .libs/set.o .libs/stack.o .libs/list.o .libs/error.o .libs/memory.o .libs/string.o .libs/debug.o .libs/flags.o .libs/maa.o .libs/prime.o .libs/bit.o .libs/timer.o .libs/version.o .libs/arg.o .libs/pr.o .libs/sl.o .libs/base64.o .libs/base26.o .libs/source.o .libs/parse-concrete.o .libs/text.o .libs/log.o      -Wl,-soname -Wl,libmaa.so.1 -o .libs/libmaa.so.1.0.0
libtool: link: (cd ".libs" && rm -f "libmaa.so.1" && ln -s "libmaa.so.1.0.0" "libmaa.so.1")
libtool: link: (cd ".libs" && rm -f "libmaa.so" && ln -s "libmaa.so.1.0.0" "libmaa.so")
libtool: link: ar cru .libs/libmaa.a  xmalloc.o strlcpy.o obstack.o hash.o set.o stack.o list.o error.o memory.o string.o debug.o flags.o maa.o prime.o bit.o timer.o version.o arg.o pr.o sl.o base64.o base26.o source.o parse-concrete.o text.o log.o
libtool: link: ranlib .libs/libmaa.a
libtool: link: ( cd ".libs" && rm -f "libmaa.la" && ln -s "../libmaa.la" "libmaa.la" )
make[1]: Leaving directory `/mnt/sda6/00_new-woof/petbuilds-slacko-32/builds/dictd/dictd-1.10.10/libmaa'
libtool --mode=compile gcc -c -Ilibmaa -DHAVE_CONFIG_H -g -O -DUSE_PLUGIN  -DDICT_PLUGIN_PATH=\"/usr/libexec/\" -DDICT_DICTIONARY_PATH=\"/usr/share/\" -DDICT_VERSION=\"1.10.10\" -DDICT_CONFIG_PATH=\"/etc/\" -I. net.c -o net.o
libtool: compile:  gcc -c -Ilibmaa -DHAVE_CONFIG_H -g -O -DUSE_PLUGIN -DDICT_PLUGIN_PATH=\"/usr/libexec/\" -DDICT_DICTIONARY_PATH=\"/usr/share/\" -DDICT_VERSION=\"1.10.10\" -DDICT_CONFIG_PATH=\"/etc/\" -I. net.c  -fPIC -DPIC -o .libs/net.o
libtool: compile:  gcc -c -Ilibmaa -DHAVE_CONFIG_H -g -O -DUSE_PLUGIN -DDICT_PLUGIN_PATH=\"/usr/libexec/\" -DDICT_DICTIONARY_PATH=\"/usr/share/\" -DDICT_VERSION=\"1.10.10\" -DDICT_CONFIG_PATH=\"/etc/\" -I. net.c -o net.o >/dev/null 2>&1
flex  -oclientscan.c clientscan.l
bison -y -tdv clientparse.y; \
    cmp -s y.tab.h clientparse.h || mv y.tab.h clientparse.h; \
    cmp -s y.tab.c clientparse.c || mv y.tab.c clientparse.c; \
    rm -f y.tab.h y.tab.c
libtool --mode=compile gcc -c -Ilibmaa -DHAVE_CONFIG_H -g -O -DUSE_PLUGIN  -DDICT_PLUGIN_PATH=\"/usr/libexec/\" -DDICT_DICTIONARY_PATH=\"/usr/share/\" -DDICT_VERSION=\"1.10.10\" -DDICT_CONFIG_PATH=\"/etc/\" -I. clientparse.c -o clientparse.o
libtool: compile:  gcc -c -Ilibmaa -DHAVE_CONFIG_H -g -O -DUSE_PLUGIN -DDICT_PLUGIN_PATH=\"/usr/libexec/\" -DDICT_DICTIONARY_PATH=\"/usr/share/\" -DDICT_VERSION=\"1.10.10\" -DDICT_CONFIG_PATH=\"/etc/\" -I. clientparse.c  -fPIC -DPIC -o .libs/clientparse.o
libtool: compile:  gcc -c -Ilibmaa -DHAVE_CONFIG_H -g -O -DUSE_PLUGIN -DDICT_PLUGIN_PATH=\"/usr/libexec/\" -DDICT_DICTIONARY_PATH=\"/usr/share/\" -DDICT_VERSION=\"1.10.10\" -DDICT_CONFIG_PATH=\"/etc/\" -I. clientparse.c -o clientparse.o >/dev/null 2>&1
libtool --mode=compile gcc -c -Ilibmaa -DHAVE_CONFIG_H -g -O -DUSE_PLUGIN  -DDICT_PLUGIN_PATH=\"/usr/libexec/\" -DDICT_DICTIONARY_PATH=\"/usr/share/\" -DDICT_VERSION=\"1.10.10\" -DDICT_CONFIG_PATH=\"/etc/\" -I. clientscan.c -o clientscan.o
libtool: compile:  gcc -c -Ilibmaa -DHAVE_CONFIG_H -g -O -DUSE_PLUGIN -DDICT_PLUGIN_PATH=\"/usr/libexec/\" -DDICT_DICTIONARY_PATH=\"/usr/share/\" -DDICT_VERSION=\"1.10.10\" -DDICT_CONFIG_PATH=\"/etc/\" -I. clientscan.c  -fPIC -DPIC -o .libs/clientscan.o
libtool: compile:  gcc -c -Ilibmaa -DHAVE_CONFIG_H -g -O -DUSE_PLUGIN -DDICT_PLUGIN_PATH=\"/usr/libexec/\" -DDICT_DICTIONARY_PATH=\"/usr/share/\" -DDICT_VERSION=\"1.10.10\" -DDICT_CONFIG_PATH=\"/etc/\" -I. clientscan.c -o clientscan.o >/dev/null 2>&1
libtool --mode=compile gcc -c -Ilibmaa -DHAVE_CONFIG_H -g -O -DUSE_PLUGIN  -DDICT_PLUGIN_PATH=\"/usr/libexec/\" -DDICT_DICTIONARY_PATH=\"/usr/share/\" -DDICT_VERSION=\"1.10.10\" -DDICT_CONFIG_PATH=\"/etc/\" -I. md5.c -o md5.o
libtool: compile:  gcc -c -Ilibmaa -DHAVE_CONFIG_H -g -O -DUSE_PLUGIN -DDICT_PLUGIN_PATH=\"/usr/libexec/\" -DDICT_DICTIONARY_PATH=\"/usr/share/\" -DDICT_VERSION=\"1.10.10\" -DDICT_CONFIG_PATH=\"/etc/\" -I. md5.c  -fPIC -DPIC -o .libs/md5.o
libtool: compile:  gcc -c -Ilibmaa -DHAVE_CONFIG_H -g -O -DUSE_PLUGIN -DDICT_PLUGIN_PATH=\"/usr/libexec/\" -DDICT_DICTIONARY_PATH=\"/usr/share/\" -DDICT_VERSION=\"1.10.10\" -DDICT_CONFIG_PATH=\"/etc/\" -I. md5.c -o md5.o >/dev/null 2>&1
libtool --mode=compile gcc -c -Ilibmaa -DHAVE_CONFIG_H -g -O -DUSE_PLUGIN  -DDICT_PLUGIN_PATH=\"/usr/libexec/\" -DDICT_DICTIONARY_PATH=\"/usr/share/\" -DDICT_VERSION=\"1.10.10\" -DDICT_CONFIG_PATH=\"/etc/\" -I. wcrtomb.c -o wcrtomb.o
libtool: compile:  gcc -c -Ilibmaa -DHAVE_CONFIG_H -g -O -DUSE_PLUGIN -DDICT_PLUGIN_PATH=\"/usr/libexec/\" -DDICT_DICTIONARY_PATH=\"/usr/share/\" -DDICT_VERSION=\"1.10.10\" -DDICT_CONFIG_PATH=\"/etc/\" -I. wcrtomb.c  -fPIC -DPIC -o .libs/wcrtomb.o
libtool: compile:  gcc -c -Ilibmaa -DHAVE_CONFIG_H -g -O -DUSE_PLUGIN -DDICT_PLUGIN_PATH=\"/usr/libexec/\" -DDICT_DICTIONARY_PATH=\"/usr/share/\" -DDICT_VERSION=\"1.10.10\" -DDICT_CONFIG_PATH=\"/etc/\" -I. wcrtomb.c -o wcrtomb.o >/dev/null 2>&1
libtool --mode=compile gcc -c -Ilibmaa -DHAVE_CONFIG_H -g -O -DUSE_PLUGIN  -DDICT_PLUGIN_PATH=\"/usr/libexec/\" -DDICT_DICTIONARY_PATH=\"/usr/share/\" -DDICT_VERSION=\"1.10.10\" -DDICT_CONFIG_PATH=\"/etc/\" -I. wctomb.c -o wctomb.o
libtool: compile:  gcc -c -Ilibmaa -DHAVE_CONFIG_H -g -O -DUSE_PLUGIN -DDICT_PLUGIN_PATH=\"/usr/libexec/\" -DDICT_DICTIONARY_PATH=\"/usr/share/\" -DDICT_VERSION=\"1.10.10\" -DDICT_CONFIG_PATH=\"/etc/\" -I. wctomb.c  -fPIC -DPIC -o .libs/wctomb.o
libtool: compile:  gcc -c -Ilibmaa -DHAVE_CONFIG_H -g -O -DUSE_PLUGIN -DDICT_PLUGIN_PATH=\"/usr/libexec/\" -DDICT_DICTIONARY_PATH=\"/usr/share/\" -DDICT_VERSION=\"1.10.10\" -DDICT_CONFIG_PATH=\"/etc/\" -I. wctomb.c -o wctomb.o >/dev/null 2>&1
libtool --mode=compile gcc -c -Ilibmaa -DHAVE_CONFIG_H -g -O -DUSE_PLUGIN  -DDICT_PLUGIN_PATH=\"/usr/libexec/\" -DDICT_DICTIONARY_PATH=\"/usr/share/\" -DDICT_VERSION=\"1.10.10\" -DDICT_CONFIG_PATH=\"/etc/\" -I. mbrlen.c -o mbrlen.o
libtool: compile:  gcc -c -Ilibmaa -DHAVE_CONFIG_H -g -O -DUSE_PLUGIN -DDICT_PLUGIN_PATH=\"/usr/libexec/\" -DDICT_DICTIONARY_PATH=\"/usr/share/\" -DDICT_VERSION=\"1.10.10\" -DDICT_CONFIG_PATH=\"/etc/\" -I. mbrlen.c  -fPIC -DPIC -o .libs/mbrlen.o
libtool: compile:  gcc -c -Ilibmaa -DHAVE_CONFIG_H -g -O -DUSE_PLUGIN -DDICT_PLUGIN_PATH=\"/usr/libexec/\" -DDICT_DICTIONARY_PATH=\"/usr/share/\" -DDICT_VERSION=\"1.10.10\" -DDICT_CONFIG_PATH=\"/etc/\" -I. mbrlen.c -o mbrlen.o >/dev/null 2>&1
libtool --mode=compile gcc -c -Ilibmaa -DHAVE_CONFIG_H -g -O -DUSE_PLUGIN  -DDICT_PLUGIN_PATH=\"/usr/libexec/\" -DDICT_DICTIONARY_PATH=\"/usr/share/\" -DDICT_VERSION=\"1.10.10\" -DDICT_CONFIG_PATH=\"/etc/\" -I. mbrtowc.c -o mbrtowc.o
libtool: compile:  gcc -c -Ilibmaa -DHAVE_CONFIG_H -g -O -DUSE_PLUGIN -DDICT_PLUGIN_PATH=\"/usr/libexec/\" -DDICT_DICTIONARY_PATH=\"/usr/share/\" -DDICT_VERSION=\"1.10.10\" -DDICT_CONFIG_PATH=\"/etc/\" -I. mbrtowc.c  -fPIC -DPIC -o .libs/mbrtowc.o
libtool: compile:  gcc -c -Ilibmaa -DHAVE_CONFIG_H -g -O -DUSE_PLUGIN -DDICT_PLUGIN_PATH=\"/usr/libexec/\" -DDICT_DICTIONARY_PATH=\"/usr/share/\" -DDICT_VERSION=\"1.10.10\" -DDICT_CONFIG_PATH=\"/etc/\" -I. mbrtowc.c -o mbrtowc.o >/dev/null 2>&1
libtool --mode=compile gcc -c -Ilibmaa -DHAVE_CONFIG_H -g -O -DUSE_PLUGIN  -DDICT_PLUGIN_PATH=\"/usr/libexec/\" -DDICT_DICTIONARY_PATH=\"/usr/share/\" -DDICT_VERSION=\"1.10.10\" -DDICT_CONFIG_PATH=\"/etc/\" -I. mbstowcs.c -o mbstowcs.o
libtool: compile:  gcc -c -Ilibmaa -DHAVE_CONFIG_H -g -O -DUSE_PLUGIN -DDICT_PLUGIN_PATH=\"/usr/libexec/\" -DDICT_DICTIONARY_PATH=\"/usr/share/\" -DDICT_VERSION=\"1.10.10\" -DDICT_CONFIG_PATH=\"/etc/\" -I. mbstowcs.c  -fPIC -DPIC -o .libs/mbstowcs.o
libtool: compile:  gcc -c -Ilibmaa -DHAVE_CONFIG_H -g -O -DUSE_PLUGIN -DDICT_PLUGIN_PATH=\"/usr/libexec/\" -DDICT_DICTIONARY_PATH=\"/usr/share/\" -DDICT_VERSION=\"1.10.10\" -DDICT_CONFIG_PATH=\"/etc/\" -I. mbstowcs.c -o mbstowcs.o >/dev/null 2>&1
libtool --mode=compile gcc -c -Ilibmaa -DHAVE_CONFIG_H -g -O -DUSE_PLUGIN  -DDICT_PLUGIN_PATH=\"/usr/libexec/\" -DDICT_DICTIONARY_PATH=\"/usr/share/\" -DDICT_VERSION=\"1.10.10\" -DDICT_CONFIG_PATH=\"/etc/\" -I. mbtowc.c -o mbtowc.o
libtool: compile:  gcc -c -Ilibmaa -DHAVE_CONFIG_H -g -O -DUSE_PLUGIN -DDICT_PLUGIN_PATH=\"/usr/libexec/\" -DDICT_DICTIONARY_PATH=\"/usr/share/\" -DDICT_VERSION=\"1.10.10\" -DDICT_CONFIG_PATH=\"/etc/\" -I. mbtowc.c  -fPIC -DPIC -o .libs/mbtowc.o
libtool: compile:  gcc -c -Ilibmaa -DHAVE_CONFIG_H -g -O -DUSE_PLUGIN -DDICT_PLUGIN_PATH=\"/usr/libexec/\" -DDICT_DICTIONARY_PATH=\"/usr/share/\" -DDICT_VERSION=\"1.10.10\" -DDICT_CONFIG_PATH=\"/etc/\" -I. mbtowc.c -o mbtowc.o >/dev/null 2>&1
libtool --mode=compile gcc -c -Ilibmaa -DHAVE_CONFIG_H -g -O -DUSE_PLUGIN  -DDICT_PLUGIN_PATH=\"/usr/libexec/\" -DDICT_DICTIONARY_PATH=\"/usr/share/\" -DDICT_VERSION=\"1.10.10\" -DDICT_CONFIG_PATH=\"/etc/\" -I. iswspace.c -o iswspace.o
libtool: compile:  gcc -c -Ilibmaa -DHAVE_CONFIG_H -g -O -DUSE_PLUGIN -DDICT_PLUGIN_PATH=\"/usr/libexec/\" -DDICT_DICTIONARY_PATH=\"/usr/share/\" -DDICT_VERSION=\"1.10.10\" -DDICT_CONFIG_PATH=\"/etc/\" -I. iswspace.c  -fPIC -DPIC -o .libs/iswspace.o
libtool: compile:  gcc -c -Ilibmaa -DHAVE_CONFIG_H -g -O -DUSE_PLUGIN -DDICT_PLUGIN_PATH=\"/usr/libexec/\" -DDICT_DICTIONARY_PATH=\"/usr/share/\" -DDICT_VERSION=\"1.10.10\" -DDICT_CONFIG_PATH=\"/etc/\" -I. iswspace.c -o iswspace.o >/dev/null 2>&1
libtool --mode=compile gcc -c -Ilibmaa -DHAVE_CONFIG_H -g -O -DUSE_PLUGIN  -DDICT_PLUGIN_PATH=\"/usr/libexec/\" -DDICT_DICTIONARY_PATH=\"/usr/share/\" -DDICT_VERSION=\"1.10.10\" -DDICT_CONFIG_PATH=\"/etc/\" -I. iswalnum.c -o iswalnum.o
libtool: compile:  gcc -c -Ilibmaa -DHAVE_CONFIG_H -g -O -DUSE_PLUGIN -DDICT_PLUGIN_PATH=\"/usr/libexec/\" -DDICT_DICTIONARY_PATH=\"/usr/share/\" -DDICT_VERSION=\"1.10.10\" -DDICT_CONFIG_PATH=\"/etc/\" -I. iswalnum.c  -fPIC -DPIC -o .libs/iswalnum.o
libtool: compile:  gcc -c -Ilibmaa -DHAVE_CONFIG_H -g -O -DUSE_PLUGIN -DDICT_PLUGIN_PATH=\"/usr/libexec/\" -DDICT_DICTIONARY_PATH=\"/usr/share/\" -DDICT_VERSION=\"1.10.10\" -DDICT_CONFIG_PATH=\"/etc/\" -I. iswalnum.c -o iswalnum.o >/dev/null 2>&1
libtool --mode=compile gcc -c -Ilibmaa -DHAVE_CONFIG_H -g -O -DUSE_PLUGIN  -DDICT_PLUGIN_PATH=\"/usr/libexec/\" -DDICT_DICTIONARY_PATH=\"/usr/share/\" -DDICT_VERSION=\"1.10.10\" -DDICT_CONFIG_PATH=\"/etc/\" -I. towlower.c -o towlower.o
libtool: compile:  gcc -c -Ilibmaa -DHAVE_CONFIG_H -g -O -DUSE_PLUGIN -DDICT_PLUGIN_PATH=\"/usr/libexec/\" -DDICT_DICTIONARY_PATH=\"/usr/share/\" -DDICT_VERSION=\"1.10.10\" -DDICT_CONFIG_PATH=\"/etc/\" -I. towlower.c  -fPIC -DPIC -o .libs/towlower.o
libtool: compile:  gcc -c -Ilibmaa -DHAVE_CONFIG_H -g -O -DUSE_PLUGIN -DDICT_PLUGIN_PATH=\"/usr/libexec/\" -DDICT_DICTIONARY_PATH=\"/usr/share/\" -DDICT_VERSION=\"1.10.10\" -DDICT_CONFIG_PATH=\"/etc/\" -I. towlower.c -o towlower.o >/dev/null 2>&1
libtool --mode=compile gcc -c -Ilibmaa -DHAVE_CONFIG_H -g -O -DUSE_PLUGIN  -DDICT_PLUGIN_PATH=\"/usr/libexec/\" -DDICT_DICTIONARY_PATH=\"/usr/share/\" -DDICT_VERSION=\"1.10.10\" -DDICT_CONFIG_PATH=\"/etc/\" -I. strlcpy.c -o strlcpy.o
libtool: compile:  gcc -c -Ilibmaa -DHAVE_CONFIG_H -g -O -DUSE_PLUGIN -DDICT_PLUGIN_PATH=\"/usr/libexec/\" -DDICT_DICTIONARY_PATH=\"/usr/share/\" -DDICT_VERSION=\"1.10.10\" -DDICT_CONFIG_PATH=\"/etc/\" -I. strlcpy.c  -fPIC -DPIC -o .libs/strlcpy.o
libtool: compile:  gcc -c -Ilibmaa -DHAVE_CONFIG_H -g -O -DUSE_PLUGIN -DDICT_PLUGIN_PATH=\"/usr/libexec/\" -DDICT_DICTIONARY_PATH=\"/usr/share/\" -DDICT_VERSION=\"1.10.10\" -DDICT_CONFIG_PATH=\"/etc/\" -I. strlcpy.c -o strlcpy.o >/dev/null 2>&1
libtool --mode=compile gcc -c -Ilibmaa -DHAVE_CONFIG_H -g -O -DUSE_PLUGIN  -DDICT_PLUGIN_PATH=\"/usr/libexec/\" -DDICT_DICTIONARY_PATH=\"/usr/share/\" -DDICT_VERSION=\"1.10.10\" -DDICT_CONFIG_PATH=\"/etc/\" -I. strlcat.c -o strlcat.o
libtool: compile:  gcc -c -Ilibmaa -DHAVE_CONFIG_H -g -O -DUSE_PLUGIN -DDICT_PLUGIN_PATH=\"/usr/libexec/\" -DDICT_DICTIONARY_PATH=\"/usr/share/\" -DDICT_VERSION=\"1.10.10\" -DDICT_CONFIG_PATH=\"/etc/\" -I. strlcat.c  -fPIC -DPIC -o .libs/strlcat.o
libtool: compile:  gcc -c -Ilibmaa -DHAVE_CONFIG_H -g -O -DUSE_PLUGIN -DDICT_PLUGIN_PATH=\"/usr/libexec/\" -DDICT_DICTIONARY_PATH=\"/usr/share/\" -DDICT_VERSION=\"1.10.10\" -DDICT_CONFIG_PATH=\"/etc/\" -I. strlcat.c -o strlcat.o >/dev/null 2>&1
libtool --mode=compile gcc -c -Ilibmaa -DHAVE_CONFIG_H -g -O -DUSE_PLUGIN  -DDICT_PLUGIN_PATH=\"/usr/libexec/\" -DDICT_DICTIONARY_PATH=\"/usr/share/\" -DDICT_VERSION=\"1.10.10\" -DDICT_CONFIG_PATH=\"/etc/\" -I. parse.c -o parse.o
libtool: compile:  gcc -c -Ilibmaa -DHAVE_CONFIG_H -g -O -DUSE_PLUGIN -DDICT_PLUGIN_PATH=\"/usr/libexec/\" -DDICT_DICTIONARY_PATH=\"/usr/share/\" -DDICT_VERSION=\"1.10.10\" -DDICT_CONFIG_PATH=\"/etc/\" -I. parse.c  -fPIC -DPIC -o .libs/parse.o
libtool: compile:  gcc -c -Ilibmaa -DHAVE_CONFIG_H -g -O -DUSE_PLUGIN -DDICT_PLUGIN_PATH=\"/usr/libexec/\" -DDICT_DICTIONARY_PATH=\"/usr/share/\" -DDICT_VERSION=\"1.10.10\" -DDICT_CONFIG_PATH=\"/etc/\" -I. parse.c -o parse.o >/dev/null 2>&1
libtool --mode=compile gcc -c -Ilibmaa -DHAVE_CONFIG_H -g -O -DUSE_PLUGIN  -DDICT_PLUGIN_PATH=\"/usr/libexec/\" -DDICT_DICTIONARY_PATH=\"/usr/share/\" -DDICT_VERSION=\"1.10.10\" -DDICT_CONFIG_PATH=\"/etc/\" -I. dict.c -o dict.o
libtool: compile:  gcc -c -Ilibmaa -DHAVE_CONFIG_H -g -O -DUSE_PLUGIN -DDICT_PLUGIN_PATH=\"/usr/libexec/\" -DDICT_DICTIONARY_PATH=\"/usr/share/\" -DDICT_VERSION=\"1.10.10\" -DDICT_CONFIG_PATH=\"/etc/\" -I. dict.c  -fPIC -DPIC -o .libs/dict.o
libtool: compile:  gcc -c -Ilibmaa -DHAVE_CONFIG_H -g -O -DUSE_PLUGIN -DDICT_PLUGIN_PATH=\"/usr/libexec/\" -DDICT_DICTIONARY_PATH=\"/usr/share/\" -DDICT_VERSION=\"1.10.10\" -DDICT_CONFIG_PATH=\"/etc/\" -I. dict.c -o dict.o >/dev/null 2>&1
libtool --mode=link gcc -o dict -static \
	dict.o net.o clientscan.o clientparse.o md5.o wcrtomb.o wctomb.o mbrlen.o mbrtowc.o mbstowcs.o mbtowc.o iswspace.o iswalnum.o towlower.o strlcpy.o strlcat.o parse.o \
	 -Llibmaa -lmaa   -ldl -lz
libtool: link: gcc -o dict dict.o net.o clientscan.o clientparse.o md5.o wcrtomb.o wctomb.o mbrlen.o mbrtowc.o mbstowcs.o mbtowc.o iswspace.o iswalnum.o towlower.o strlcpy.o strlcat.o parse.o  -Llibmaa /mnt/sda6/00_new-woof/petbuilds-slacko-32/builds/dictd/dictd-1.10.10/libmaa/.libs/libmaa.a -ldl -lz
bison -y -tdv servparse.y; \
    cmp -s y.tab.h servparse.h || mv y.tab.h servparse.h; \
    cmp -s y.tab.c servparse.c || mv y.tab.c servparse.c; \
    rm -f y.tab.h y.tab.c
libtool --mode=compile gcc -c -Ilibmaa -DHAVE_CONFIG_H -g -O -DUSE_PLUGIN  -DDICT_PLUGIN_PATH=\"/usr/libexec/\" -DDICT_DICTIONARY_PATH=\"/usr/share/\" -DDICT_VERSION=\"1.10.10\" -DDICT_CONFIG_PATH=\"/etc/\" -I. dictd.c -o dictd.o
libtool: compile:  gcc -c -Ilibmaa -DHAVE_CONFIG_H -g -O -DUSE_PLUGIN -DDICT_PLUGIN_PATH=\"/usr/libexec/\" -DDICT_DICTIONARY_PATH=\"/usr/share/\" -DDICT_VERSION=\"1.10.10\" -DDICT_CONFIG_PATH=\"/etc/\" -I. dictd.c  -fPIC -DPIC -o .libs/dictd.o
libtool: compile:  gcc -c -Ilibmaa -DHAVE_CONFIG_H -g -O -DUSE_PLUGIN -DDICT_PLUGIN_PATH=\"/usr/libexec/\" -DDICT_DICTIONARY_PATH=\"/usr/share/\" -DDICT_VERSION=\"1.10.10\" -DDICT_CONFIG_PATH=\"/etc/\" -I. dictd.c -o dictd.o >/dev/null 2>&1
libtool --mode=compile gcc -c -Ilibmaa -DHAVE_CONFIG_H -g -O -DUSE_PLUGIN  -DDICT_PLUGIN_PATH=\"/usr/libexec/\" -DDICT_DICTIONARY_PATH=\"/usr/share/\" -DDICT_VERSION=\"1.10.10\" -DDICT_CONFIG_PATH=\"/etc/\" -I. daemon.c -o daemon.o
libtool: compile:  gcc -c -Ilibmaa -DHAVE_CONFIG_H -g -O -DUSE_PLUGIN -DDICT_PLUGIN_PATH=\"/usr/libexec/\" -DDICT_DICTIONARY_PATH=\"/usr/share/\" -DDICT_VERSION=\"1.10.10\" -DDICT_CONFIG_PATH=\"/etc/\" -I. daemon.c  -fPIC -DPIC -o .libs/daemon.o
libtool: compile:  gcc -c -Ilibmaa -DHAVE_CONFIG_H -g -O -DUSE_PLUGIN -DDICT_PLUGIN_PATH=\"/usr/libexec/\" -DDICT_DICTIONARY_PATH=\"/usr/share/\" -DDICT_VERSION=\"1.10.10\" -DDICT_CONFIG_PATH=\"/etc/\" -I. daemon.c -o daemon.o >/dev/null 2>&1
libtool --mode=compile gcc -c -Ilibmaa -DHAVE_CONFIG_H -g -O -DUSE_PLUGIN  -DDICT_PLUGIN_PATH=\"/usr/libexec/\" -DDICT_DICTIONARY_PATH=\"/usr/share/\" -DDICT_VERSION=\"1.10.10\" -DDICT_CONFIG_PATH=\"/etc/\" -I. strategy.c -o strategy.o
libtool: compile:  gcc -c -Ilibmaa -DHAVE_CONFIG_H -g -O -DUSE_PLUGIN -DDICT_PLUGIN_PATH=\"/usr/libexec/\" -DDICT_DICTIONARY_PATH=\"/usr/share/\" -DDICT_VERSION=\"1.10.10\" -DDICT_CONFIG_PATH=\"/etc/\" -I. strategy.c  -fPIC -DPIC -o .libs/strategy.o
strategy.c: In function 'get_strategies':
strategy.c:104:4: warning: return from incompatible pointer type [enabled by default]
    return strategies;
    ^
libtool: compile:  gcc -c -Ilibmaa -DHAVE_CONFIG_H -g -O -DUSE_PLUGIN -DDICT_PLUGIN_PATH=\"/usr/libexec/\" -DDICT_DICTIONARY_PATH=\"/usr/share/\" -DDICT_VERSION=\"1.10.10\" -DDICT_CONFIG_PATH=\"/etc/\" -I. strategy.c -o strategy.o >/dev/null 2>&1
flex  -oservscan.c servscan.l
libtool --mode=compile gcc -c -Ilibmaa -DHAVE_CONFIG_H -g -O -DUSE_PLUGIN  -DDICT_PLUGIN_PATH=\"/usr/libexec/\" -DDICT_DICTIONARY_PATH=\"/usr/share/\" -DDICT_VERSION=\"1.10.10\" -DDICT_CONFIG_PATH=\"/etc/\" -I. servparse.c -o servparse.o
libtool: compile:  gcc -c -Ilibmaa -DHAVE_CONFIG_H -g -O -DUSE_PLUGIN -DDICT_PLUGIN_PATH=\"/usr/libexec/\" -DDICT_DICTIONARY_PATH=\"/usr/share/\" -DDICT_VERSION=\"1.10.10\" -DDICT_CONFIG_PATH=\"/etc/\" -I. servparse.c  -fPIC -DPIC -o .libs/servparse.o
libtool: compile:  gcc -c -Ilibmaa -DHAVE_CONFIG_H -g -O -DUSE_PLUGIN -DDICT_PLUGIN_PATH=\"/usr/libexec/\" -DDICT_DICTIONARY_PATH=\"/usr/share/\" -DDICT_VERSION=\"1.10.10\" -DDICT_CONFIG_PATH=\"/etc/\" -I. servparse.c -o servparse.o >/dev/null 2>&1
libtool --mode=compile gcc -c -Ilibmaa -DHAVE_CONFIG_H -g -O -DUSE_PLUGIN  -DDICT_PLUGIN_PATH=\"/usr/libexec/\" -DDICT_DICTIONARY_PATH=\"/usr/share/\" -DDICT_VERSION=\"1.10.10\" -DDICT_CONFIG_PATH=\"/etc/\" -I. servscan.c -o servscan.o
libtool: compile:  gcc -c -Ilibmaa -DHAVE_CONFIG_H -g -O -DUSE_PLUGIN -DDICT_PLUGIN_PATH=\"/usr/libexec/\" -DDICT_DICTIONARY_PATH=\"/usr/share/\" -DDICT_VERSION=\"1.10.10\" -DDICT_CONFIG_PATH=\"/etc/\" -I. servscan.c  -fPIC -DPIC -o .libs/servscan.o
libtool: compile:  gcc -c -Ilibmaa -DHAVE_CONFIG_H -g -O -DUSE_PLUGIN -DDICT_PLUGIN_PATH=\"/usr/libexec/\" -DDICT_DICTIONARY_PATH=\"/usr/share/\" -DDICT_VERSION=\"1.10.10\" -DDICT_CONFIG_PATH=\"/etc/\" -I. servscan.c -o servscan.o >/dev/null 2>&1
libtool --mode=compile gcc -c -Ilibmaa -DHAVE_CONFIG_H -g -O -DUSE_PLUGIN  -DDICT_PLUGIN_PATH=\"/usr/libexec/\" -DDICT_DICTIONARY_PATH=\"/usr/share/\" -DDICT_VERSION=\"1.10.10\" -DDICT_CONFIG_PATH=\"/etc/\" -I. index.c -o index.o
libtool: compile:  gcc -c -Ilibmaa -DHAVE_CONFIG_H -g -O -DUSE_PLUGIN -DDICT_PLUGIN_PATH=\"/usr/libexec/\" -DDICT_DICTIONARY_PATH=\"/usr/share/\" -DDICT_VERSION=\"1.10.10\" -DDICT_CONFIG_PATH=\"/etc/\" -I. index.c  -fPIC -DPIC -o .libs/index.o
libtool: compile:  gcc -c -Ilibmaa -DHAVE_CONFIG_H -g -O -DUSE_PLUGIN -DDICT_PLUGIN_PATH=\"/usr/libexec/\" -DDICT_DICTIONARY_PATH=\"/usr/share/\" -DDICT_VERSION=\"1.10.10\" -DDICT_CONFIG_PATH=\"/etc/\" -I. index.c -o index.o >/dev/null 2>&1
libtool --mode=compile gcc -c -Ilibmaa -DHAVE_CONFIG_H -g -O -DUSE_PLUGIN  -DDICT_PLUGIN_PATH=\"/usr/libexec/\" -DDICT_DICTIONARY_PATH=\"/usr/share/\" -DDICT_VERSION=\"1.10.10\" -DDICT_CONFIG_PATH=\"/etc/\" -I. data.c -o data.o
libtool: compile:  gcc -c -Ilibmaa -DHAVE_CONFIG_H -g -O -DUSE_PLUGIN -DDICT_PLUGIN_PATH=\"/usr/libexec/\" -DDICT_DICTIONARY_PATH=\"/usr/share/\" -DDICT_VERSION=\"1.10.10\" -DDICT_CONFIG_PATH=\"/etc/\" -I. data.c  -fPIC -DPIC -o .libs/data.o
libtool: compile:  gcc -c -Ilibmaa -DHAVE_CONFIG_H -g -O -DUSE_PLUGIN -DDICT_PLUGIN_PATH=\"/usr/libexec/\" -DDICT_DICTIONARY_PATH=\"/usr/share/\" -DDICT_VERSION=\"1.10.10\" -DDICT_CONFIG_PATH=\"/etc/\" -I. data.c -o data.o >/dev/null 2>&1
libtool --mode=compile gcc -c -Ilibmaa -DHAVE_CONFIG_H -g -O -DUSE_PLUGIN  -DDICT_PLUGIN_PATH=\"/usr/libexec/\" -DDICT_DICTIONARY_PATH=\"/usr/share/\" -DDICT_VERSION=\"1.10.10\" -DDICT_CONFIG_PATH=\"/etc/\" -I. str.c -o str.o
libtool: compile:  gcc -c -Ilibmaa -DHAVE_CONFIG_H -g -O -DUSE_PLUGIN -DDICT_PLUGIN_PATH=\"/usr/libexec/\" -DDICT_DICTIONARY_PATH=\"/usr/share/\" -DDICT_VERSION=\"1.10.10\" -DDICT_CONFIG_PATH=\"/etc/\" -I. str.c  -fPIC -DPIC -o .libs/str.o
libtool: compile:  gcc -c -Ilibmaa -DHAVE_CONFIG_H -g -O -DUSE_PLUGIN -DDICT_PLUGIN_PATH=\"/usr/libexec/\" -DDICT_DICTIONARY_PATH=\"/usr/share/\" -DDICT_VERSION=\"1.10.10\" -DDICT_CONFIG_PATH=\"/etc/\" -I. str.c -o str.o >/dev/null 2>&1
libtool --mode=compile gcc -c -Ilibmaa -DHAVE_CONFIG_H -g -O -DUSE_PLUGIN  -DDICT_PLUGIN_PATH=\"/usr/libexec/\" -DDICT_DICTIONARY_PATH=\"/usr/share/\" -DDICT_VERSION=\"1.10.10\" -DDICT_CONFIG_PATH=\"/etc/\" -I. plugin.c -o plugin.o
libtool: compile:  gcc -c -Ilibmaa -DHAVE_CONFIG_H -g -O -DUSE_PLUGIN -DDICT_PLUGIN_PATH=\"/usr/libexec/\" -DDICT_DICTIONARY_PATH=\"/usr/share/\" -DDICT_VERSION=\"1.10.10\" -DDICT_CONFIG_PATH=\"/etc/\" -I. plugin.c  -fPIC -DPIC -o .libs/plugin.o
libtool: compile:  gcc -c -Ilibmaa -DHAVE_CONFIG_H -g -O -DUSE_PLUGIN -DDICT_PLUGIN_PATH=\"/usr/libexec/\" -DDICT_DICTIONARY_PATH=\"/usr/share/\" -DDICT_VERSION=\"1.10.10\" -DDICT_CONFIG_PATH=\"/etc/\" -I. plugin.c -o plugin.o >/dev/null 2>&1
libtool --mode=link gcc -o dictd -static \
	dictd.o daemon.o strategy.o net.o servscan.o servparse.o md5.o index.o data.o str.o plugin.o wcrtomb.o wctomb.o mbrlen.o mbrtowc.o mbstowcs.o mbtowc.o iswspace.o iswalnum.o towlower.o strlcpy.o strlcat.o parse.o \
	  -Llibmaa -lmaa   -ldl -lz
libtool: link: gcc -o dictd dictd.o daemon.o strategy.o net.o servscan.o servparse.o md5.o index.o data.o str.o plugin.o wcrtomb.o wctomb.o mbrlen.o mbrtowc.o mbstowcs.o mbtowc.o iswspace.o iswalnum.o towlower.o strlcpy.o strlcat.o parse.o  -Llibmaa /mnt/sda6/00_new-woof/petbuilds-slacko-32/builds/dictd/dictd-1.10.10/libmaa/.libs/libmaa.a -ldl -lz
libtool --mode=compile gcc -c -Ilibmaa -DHAVE_CONFIG_H -g -O -DUSE_PLUGIN  -DDICT_PLUGIN_PATH=\"/usr/libexec/\" -DDICT_DICTIONARY_PATH=\"/usr/share/\" -DDICT_VERSION=\"1.10.10\" -DDICT_CONFIG_PATH=\"/etc/\" -I. dictzip.c -o dictzip.o
libtool: compile:  gcc -c -Ilibmaa -DHAVE_CONFIG_H -g -O -DUSE_PLUGIN -DDICT_PLUGIN_PATH=\"/usr/libexec/\" -DDICT_DICTIONARY_PATH=\"/usr/share/\" -DDICT_VERSION=\"1.10.10\" -DDICT_CONFIG_PATH=\"/etc/\" -I. dictzip.c  -fPIC -DPIC -o .libs/dictzip.o
libtool: compile:  gcc -c -Ilibmaa -DHAVE_CONFIG_H -g -O -DUSE_PLUGIN -DDICT_PLUGIN_PATH=\"/usr/libexec/\" -DDICT_DICTIONARY_PATH=\"/usr/share/\" -DDICT_VERSION=\"1.10.10\" -DDICT_CONFIG_PATH=\"/etc/\" -I. dictzip.c -o dictzip.o >/dev/null 2>&1
libtool --mode=link gcc -o dictzip -static \
	dictzip.o data.o wcrtomb.o wctomb.o mbrlen.o mbrtowc.o mbstowcs.o mbtowc.o iswspace.o iswalnum.o towlower.o strlcpy.o strlcat.o \
	 -Llibmaa -lmaa   -ldl -lz
libtool: link: gcc -o dictzip dictzip.o data.o wcrtomb.o wctomb.o mbrlen.o mbrtowc.o mbstowcs.o mbtowc.o iswspace.o iswalnum.o towlower.o strlcpy.o strlcat.o  -Llibmaa /mnt/sda6/00_new-woof/petbuilds-slacko-32/builds/dictd/dictd-1.10.10/libmaa/.libs/libmaa.a -ldl -lz
libtool --mode=compile gcc -c -Ilibmaa -DHAVE_CONFIG_H -g -O -DUSE_PLUGIN  -DDICT_PLUGIN_PATH=\"/usr/libexec/\" -DDICT_DICTIONARY_PATH=\"/usr/share/\" -DDICT_VERSION=\"1.10.10\" -DDICT_CONFIG_PATH=\"/etc/\" -I. dictfmt.c -o dictfmt.o
libtool: compile:  gcc -c -Ilibmaa -DHAVE_CONFIG_H -g -O -DUSE_PLUGIN -DDICT_PLUGIN_PATH=\"/usr/libexec/\" -DDICT_DICTIONARY_PATH=\"/usr/share/\" -DDICT_VERSION=\"1.10.10\" -DDICT_CONFIG_PATH=\"/etc/\" -I. dictfmt.c  -fPIC -DPIC -o .libs/dictfmt.o
libtool: compile:  gcc -c -Ilibmaa -DHAVE_CONFIG_H -g -O -DUSE_PLUGIN -DDICT_PLUGIN_PATH=\"/usr/libexec/\" -DDICT_DICTIONARY_PATH=\"/usr/share/\" -DDICT_VERSION=\"1.10.10\" -DDICT_CONFIG_PATH=\"/etc/\" -I. dictfmt.c -o dictfmt.o >/dev/null 2>&1
libtool --mode=link gcc -o dictfmt -static \
	dictfmt.o str.o wcrtomb.o wctomb.o mbrlen.o mbrtowc.o mbstowcs.o mbtowc.o iswspace.o iswalnum.o towlower.o strlcpy.o strlcat.o \
	 -Llibmaa -lmaa   -ldl -lz
libtool: link: gcc -o dictfmt dictfmt.o str.o wcrtomb.o wctomb.o mbrlen.o mbrtowc.o mbstowcs.o mbtowc.o iswspace.o iswalnum.o towlower.o strlcpy.o strlcat.o  -Llibmaa /mnt/sda6/00_new-woof/petbuilds-slacko-32/builds/dictd/dictd-1.10.10/libmaa/.libs/libmaa.a -ldl -lz
rm dict.o dictzip.o
mkdir -p /mnt/sda6/00_new-woof/petbuilds-slacko-32/builds/dictd/dictd-install/usr/bin && \
        mkdir -p /mnt/sda6/00_new-woof/petbuilds-slacko-32/builds/dictd/dictd-install/usr/share/man/man1 && \
libtool --mode=install /usr/bin/ginstall -c dict /mnt/sda6/00_new-woof/petbuilds-slacko-32/builds/dictd/dictd-install/usr/bin && \
/usr/bin/ginstall -c -m 644 dict.1 /mnt/sda6/00_new-woof/petbuilds-slacko-32/builds/dictd/dictd-install/usr/share/man/man1/dict.1 && \
/usr/bin/ginstall -c dictl /mnt/sda6/00_new-woof/petbuilds-slacko-32/builds/dictd/dictd-install/usr/bin && \
/usr/bin/ginstall -c -m 644 dictl.1 /mnt/sda6/00_new-woof/petbuilds-slacko-32/builds/dictd/dictd-install/usr/share/man/man1/dictl.1
libtool: install: /usr/bin/ginstall -c dict /mnt/sda6/00_new-woof/petbuilds-slacko-32/builds/dictd/dictd-install/usr/bin/dict
mkdir -p /mnt/sda6/00_new-woof/petbuilds-slacko-32/builds/dictd/dictd-install/usr/bin && \
        mkdir -p /mnt/sda6/00_new-woof/petbuilds-slacko-32/builds/dictd/dictd-install/usr/share/man/man1 && \
libtool --mode=install /usr/bin/ginstall -c dictzip /mnt/sda6/00_new-woof/petbuilds-slacko-32/builds/dictd/dictd-install/usr/bin && \
/usr/bin/ginstall -c -m 644 dictzip.1 /mnt/sda6/00_new-woof/petbuilds-slacko-32/builds/dictd/dictd-install/usr/share/man/man1/dictzip.1
libtool: install: /usr/bin/ginstall -c dictzip /mnt/sda6/00_new-woof/petbuilds-slacko-32/builds/dictd/dictd-install/usr/bin/dictzip
mkdir -p /mnt/sda6/00_new-woof/petbuilds-slacko-32/builds/dictd/dictd-install/usr/sbin && \
        mkdir -p /mnt/sda6/00_new-woof/petbuilds-slacko-32/builds/dictd/dictd-install/usr/share/man/man8 && \
libtool --mode=install /usr/bin/ginstall -c dictd /mnt/sda6/00_new-woof/petbuilds-slacko-32/builds/dictd/dictd-install/usr/sbin && \
/usr/bin/ginstall -c -m 644 dictd.8 /mnt/sda6/00_new-woof/petbuilds-slacko-32/builds/dictd/dictd-install/usr/share/man/man8/dictd.8
libtool: install: /usr/bin/ginstall -c dictd /mnt/sda6/00_new-woof/petbuilds-slacko-32/builds/dictd/dictd-install/usr/sbin/dictd
mkdir -p /mnt/sda6/00_new-woof/petbuilds-slacko-32/builds/dictd/dictd-install/usr/bin && \
        mkdir -p /mnt/sda6/00_new-woof/petbuilds-slacko-32/builds/dictd/dictd-install/usr/share/man/man1 && \
libtool --mode=install /usr/bin/ginstall -c dictfmt /mnt/sda6/00_new-woof/petbuilds-slacko-32/builds/dictd/dictd-install/usr/bin && \
/usr/bin/ginstall -c dictfmt_index2suffix /mnt/sda6/00_new-woof/petbuilds-slacko-32/builds/dictd/dictd-install/usr/bin && \
/usr/bin/ginstall -c dictfmt_index2word /mnt/sda6/00_new-woof/petbuilds-slacko-32/builds/dictd/dictd-install/usr/bin && \
/usr/bin/ginstall -c dictunformat /mnt/sda6/00_new-woof/petbuilds-slacko-32/builds/dictd/dictd-install/usr/bin && \
/usr/bin/ginstall -c -m 644 dictfmt.1 /mnt/sda6/00_new-woof/petbuilds-slacko-32/builds/dictd/dictd-install/usr/share/man/man1 && \
/usr/bin/ginstall -c -m 644 dictfmt_index2word.1 /mnt/sda6/00_new-woof/petbuilds-slacko-32/builds/dictd/dictd-install/usr/share/man/man1 && \
/usr/bin/ginstall -c -m 644 dictfmt_index2suffix.1 /mnt/sda6/00_new-woof/petbuilds-slacko-32/builds/dictd/dictd-install/usr/share/man/man1 && \
/usr/bin/ginstall -c -m 644 dictunformat.1 /mnt/sda6/00_new-woof/petbuilds-slacko-32/builds/dictd/dictd-install/usr/share/man/man1
libtool: install: /usr/bin/ginstall -c dictfmt /mnt/sda6/00_new-woof/petbuilds-slacko-32/builds/dictd/dictd-install/usr/bin/dictfmt
if test _2 != _; then \
mkdir -p /mnt/sda6/00_new-woof/petbuilds-slacko-32/builds/dictd/dictd-install/usr/lib && \
if test ""; then \
/usr/bin/ginstall -c -m 644  /mnt/sda6/00_new-woof/petbuilds-slacko-32/builds/dictd/dictd-install/usr/lib; fi fi
if test _2 != _; then \
mkdir -p /mnt/sda6/00_new-woof/petbuilds-slacko-32/builds/dictd/dictd-install/usr/include && \
if test "dictdplugin.h"; then \
/usr/bin/ginstall -c -m 644 dictdplugin.h /mnt/sda6/00_new-woof/petbuilds-slacko-32/builds/dictd/dictd-install/usr/include; fi fi
if test _2 != _; then \
mkdir -p /mnt/sda6/00_new-woof/petbuilds-slacko-32/builds/dictd/dictd-install/usr/libexec && \
if test ""; then \
        libtool --mode=install /usr/bin/ginstall -c -m 644  /mnt/sda6/00_new-woof/petbuilds-slacko-32/builds/dictd/dictd-install/usr/libexec; else true; fi fi
mkdir -p /mnt/sda6/00_new-woof/petbuilds-slacko-32/builds/dictd/dictd-install/usr/bin && \
        mkdir -p /mnt/sda6/00_new-woof/petbuilds-slacko-32/builds/dictd/dictd-install/usr/share/man/man1 && \
/usr/bin/ginstall -c colorit /mnt/sda6/00_new-woof/petbuilds-slacko-32/builds/dictd/dictd-install/usr/bin && \
/usr/bin/ginstall -c -m 644 colorit.1 /mnt/sda6/00_new-woof/petbuilds-slacko-32/builds/dictd/dictd-install/usr/share/man/man1
/usr/bin/ginstall -c dictdplugin-config /mnt/sda6/00_new-woof/petbuilds-slacko-32/builds/dictd/dictd-install/usr/bin
/mnt/sda6/00_new-woof/petbuilds-slacko-32/builds/dictd
Found 'i686'
Processing ../dictd-install/usr/bin/colorit
Processing ../dictd-install/usr/bin/dict
Processing ../dictd-install/usr/bin/dictdplugin-config
Processing ../dictd-install/usr/bin/dictfmt
Processing ../dictd-install/usr/bin/dictfmt_index2suffix
Processing ../dictd-install/usr/bin/dictfmt_index2word
Processing ../dictd-install/usr/bin/dictl
Processing ../dictd-install/usr/bin/dictunformat
Processing ../dictd-install/usr/bin/dictzip
Processing ../dictd-install/usr/include/dictdplugin.h
Processing ../dictd-install/usr/lib
Processing ../dictd-install/usr/libexec
Processing ../dictd-install/usr/sbin/dictd
Processing ../dictd-install/usr/share/man/man1/colorit.1
Processing ../dictd-install/usr/share/man/man1/dict.1
Processing ../dictd-install/usr/share/man/man1/dictfmt.1
Processing ../dictd-install/usr/share/man/man1/dictfmt_index2suffix.1
Processing ../dictd-install/usr/share/man/man1/dictfmt_index2word.1
Processing ../dictd-install/usr/share/man/man1/dictl.1
Processing ../dictd-install/usr/share/man/man1/dictunformat.1
Processing ../dictd-install/usr/share/man/man1/dictzip.1
Processing ../dictd-install/usr/share/man/man8/dictd.8
all done
packaging dictd-1.10.10-i686_slk600
packaging dictd_DEV-1.10.10-i686_slk600
packaging dictd_DOC-1.10.10-i686_slk600
done!
