dunst-1.0.0/
dunst-1.0.0/VERSION
dunst-1.0.0/x.h
dunst-1.0.0/x.c
dunst-1.0.0/utils.h
dunst-1.0.0/utils.c
dunst-1.0.0/test/
dunst-1.0.0/test/test.sh
dunst-1.0.0/test/script_test.sh
dunst-1.0.0/test/dunstrc.show_age
dunst-1.0.0/test/dunstrc.run_script
dunst-1.0.0/test/dunstrc.nowrap
dunst-1.0.0/test/dunstrc.nomarkup
dunst-1.0.0/test/dunstrc.markup
dunst-1.0.0/test/dunstrc.ignore_newline_no_wrap
dunst-1.0.0/test/dunstrc.ignore_newline
dunst-1.0.0/test/dunstrc.default
dunst-1.0.0/settings.h
dunst-1.0.0/settings.c
dunst-1.0.0/rules.h
dunst-1.0.0/rules.c
dunst-1.0.0/org.knopwob.dunst.service.in
dunst-1.0.0/option_parser.h
dunst-1.0.0/option_parser.c
dunst-1.0.0/notification.h
dunst-1.0.0/notification.c
dunst-1.0.0/menu.h
dunst-1.0.0/menu.c
dunst-1.0.0/dunstrc
dunst-1.0.0/dunstify.c
dunst-1.0.0/dunst.h
dunst-1.0.0/dunst.c
dunst-1.0.0/docs/
dunst-1.0.0/docs/dunst_explainations.xcf
dunst-1.0.0/docs/dunst_explainations.png
dunst-1.0.0/dbus.h
dunst-1.0.0/dbus.c
dunst-1.0.0/contrib/
dunst-1.0.0/contrib/dunst_espeak.sh
dunst-1.0.0/config.mk
dunst-1.0.0/config.def.h
dunst-1.0.0/RELEASE_NOTES.1.0.0
dunst-1.0.0/RELEASE_NOTES.0.4.0
dunst-1.0.0/README.pod
dunst-1.0.0/Makefile
dunst-1.0.0/LICENSE
dunst-1.0.0/INSTALL
dunst-1.0.0/CHANGELOG
dunst-1.0.0/AUTHORS
dunst-1.0.0/.gitignore
dunst-1.0.0/.clang_complete
pod2man --name=dunst -c "Dunst Reference" --section=1 --release='1.0.0' README.pod > dunst.1
dunst build options:
creating config.h from config.def.h
CFLAGS   = -g --std=c99 -pedantic -Wall -Wno-overlength-strings -Os  -D_BSD_SOURCE -DVERSION="'1.0.0'" -DXINERAMA   -pthread -I/usr/include/dbus-1.0 -I/usr/lib/dbus-1.0/include -I/usr/include/freetype2 -I/usr/include/glib-2.0 -I/usr/lib/glib-2.0/include -I/usr/include/pango-1.0 -I/usr/include/cairo -I/usr/include/pixman-1 -I/usr/include/libpng14 -I/usr/include/libdrm  
LDFLAGS  = -lm -L -lXss -lXinerama -ldbus-1 -lX11 -lfreetype -lXext -lXft -lXss -lgio-2.0 -lpangocairo-1.0 -lpango-1.0 -lcairo -lgobject-2.0 -lglib-2.0 -lxdg-basedir  
CC       = cc
CC -c x.c
CC -c dunst.c
CC -c dbus.c
dunstify.c: In function ‘main’:
dunstify.c:253:5: warning: ‘g_type_init’ is deprecated (declared at /usr/include/glib-2.0/gobject/gtype.h:669) [-Wdeprecated-declarations]
     g_type_init();
     ^
CC -c utils.c
dbus.c: In function ‘initdbus’:
dbus.c:392:9: warning: ‘g_type_init’ is deprecated (declared at /usr/include/glib-2.0/gobject/gtype.h:669) [-Wdeprecated-declarations]
         g_type_init();
         ^
CC -c option_parser.c
CC -c settings.c
CC -c rules.c
CC -c menu.c
CC -c notification.c
notification.c: In function ‘notification_init’:
notification.c:347:41: warning: assignment discards ‘const’ qualifier from pointer target type [enabled by default]
                 n->color_strings[ColFG] = xctx.color_strings[ColFG][n->urgency];
                                         ^
notification.c:351:41: warning: assignment discards ‘const’ qualifier from pointer target type [enabled by default]
                 n->color_strings[ColBG] = xctx.color_strings[ColBG][n->urgency];
                                         ^
CC -o dunst
dunst build options:
CFLAGS   = -g --std=c99 -pedantic -Wall -Wno-overlength-strings -Os  -D_BSD_SOURCE -DVERSION="'1.0.0'" -DXINERAMA   -pthread -I/usr/include/dbus-1.0 -I/usr/lib/dbus-1.0/include -I/usr/include/freetype2 -I/usr/include/glib-2.0 -I/usr/lib/glib-2.0/include -I/usr/include/pango-1.0 -I/usr/include/cairo -I/usr/include/pixman-1 -I/usr/include/libpng14 -I/usr/include/libdrm  
LDFLAGS  = -lm -L -lXss -lXinerama -ldbus-1 -lX11 -lfreetype -lXext -lXft -lXss -lgio-2.0 -lpangocairo-1.0 -lpango-1.0 -lcairo -lgobject-2.0 -lglib-2.0 -lxdg-basedir  
CC       = cc
installing executables to /mnt/sda6/00_new-woof/petbuilds-slacko-32/builds/dunst/dunst-install/usr/bin
installing manual pages to /mnt/sda6/00_new-woof/petbuilds-slacko-32/builds/dunst/dunst-install/usr/share/man/man1
‘org.knopwob.dunst.service’ -> ‘/mnt/sda6/00_new-woof/petbuilds-slacko-32/builds/dunst/dunst-install/usr/share/dbus-1/services/org.knopwob.dunst.service’
/mnt/sda6/00_new-woof/petbuilds-slacko-32/builds/dunst
Processing ../dunst-install/usr/bin/dunst
Processing ../dunst-install/usr/share/dbus-1/services/org.knopwob.dunst.service
Processing ../dunst-install/usr/share/dunst/dunstrc
Processing ../dunst-install/usr/share/man/man1/dunst.1
all done
packaging dunst-1.0.0-i686_slk600
packaging dunst_DOC-1.0.0-i686_slk600
done!
