--2015-06-28 21:34:11--  http://distro.ibiblio.org/puppylinux/sources/f/f2fs-tools-1.4.0.tar.gz
Resolving distro.ibiblio.org (distro.ibiblio.org)... 152.19.134.43
Connecting to distro.ibiblio.org (distro.ibiblio.org)|152.19.134.43|:80... connected.
HTTP request sent, awaiting response... 200 OK
Length: 56011 (55K) [application/x-gzip]
Saving to: ‘f2fs-tools-1.4.0.tar.gz’

     0K .......... .......... .......... .......... .......... 91% 90.7K 0s
    50K ....                                                  100%  163K=0.6s

2015-06-28 21:34:12 (94.3 KB/s) - ‘f2fs-tools-1.4.0.tar.gz’ saved [56011/56011]

f2fs-tools-1.4.0/
f2fs-tools-1.4.0/.gitignore
f2fs-tools-1.4.0/AUTHORS
f2fs-tools-1.4.0/COPYING
f2fs-tools-1.4.0/ChangeLog
f2fs-tools-1.4.0/Makefile.am
f2fs-tools-1.4.0/README
f2fs-tools-1.4.0/VERSION
f2fs-tools-1.4.0/configure.ac
f2fs-tools-1.4.0/fsck/
f2fs-tools-1.4.0/fsck/Makefile.am
f2fs-tools-1.4.0/fsck/dump.c
f2fs-tools-1.4.0/fsck/f2fs.h
f2fs-tools-1.4.0/fsck/fsck.c
f2fs-tools-1.4.0/fsck/fsck.h
f2fs-tools-1.4.0/fsck/main.c
f2fs-tools-1.4.0/fsck/mount.c
f2fs-tools-1.4.0/include/
f2fs-tools-1.4.0/include/f2fs_fs.h
f2fs-tools-1.4.0/include/list.h
f2fs-tools-1.4.0/lib/
f2fs-tools-1.4.0/lib/Makefile.am
f2fs-tools-1.4.0/lib/libf2fs.c
f2fs-tools-1.4.0/lib/libf2fs_io.c
f2fs-tools-1.4.0/m4/
f2fs-tools-1.4.0/m4/.gitignore
f2fs-tools-1.4.0/man/
f2fs-tools-1.4.0/man/Makefile.am
f2fs-tools-1.4.0/man/mkfs.f2fs.8
f2fs-tools-1.4.0/mkfs/
f2fs-tools-1.4.0/mkfs/Makefile.am
f2fs-tools-1.4.0/mkfs/f2fs_format.c
f2fs-tools-1.4.0/mkfs/f2fs_format_main.c
f2fs-tools-1.4.0/mkfs/f2fs_format_utils.c
f2fs-tools-1.4.0/mkfs/f2fs_format_utils.h
f2fs-tools-1.4.0/scripts/
f2fs-tools-1.4.0/scripts/dumpf2fs.sh
f2fs-tools-1.4.0/scripts/spo_test.sh
f2fs-tools-1.4.0/scripts/tracepoint.sh
f2fs-tools-1.4.0/tools/
f2fs-tools-1.4.0/tools/Makefile.am
f2fs-tools-1.4.0/tools/f2fstat.c
f2fs-tools-1.4.0/tools/fibmap.c
libtoolize: putting auxiliary files in AC_CONFIG_AUX_DIR, `build-aux'.
libtoolize: copying file `build-aux/ltmain.sh'
libtoolize: putting macros in AC_CONFIG_MACRO_DIR, `m4'.
libtoolize: copying file `m4/libtool.m4'
libtoolize: copying file `m4/ltoptions.m4'
libtoolize: copying file `m4/ltsugar.m4'
libtoolize: copying file `m4/ltversion.m4'
libtoolize: copying file `m4/lt~obsolete.m4'
configure.ac:50: installing 'build-aux/config.guess'
configure.ac:50: installing 'build-aux/config.sub'
configure.ac:36: installing 'build-aux/install-sh'
configure.ac:36: installing 'build-aux/missing'
fsck/Makefile.am: installing 'build-aux/depcomp'
checking for .git... no
checking for a BSD-compatible install... /usr/bin/ginstall -c
checking whether build environment is sane... yes
checking for a thread-safe mkdir -p... build-aux/install-sh -c -d
checking for gawk... gawk
checking whether make sets $(MAKE)... yes
checking whether make supports nested variables... yes
checking how to create a pax tar archive... gnutar
checking for style of include used by make... GNU
checking for gcc... gcc
checking whether the C compiler works... yes
checking for C compiler default output file name... a.out
checking for suffix of executables... 
checking whether we are cross compiling... no
checking for suffix of object files... o
checking whether we are using the GNU C compiler... yes
checking whether gcc accepts -g... yes
checking for gcc option to accept ISO C89... none needed
checking dependency style of gcc... gcc3
checking how to run the C preprocessor... gcc -E
checking for grep that handles long lines and -e... /bin/grep
checking for egrep... /bin/grep -E
checking for ANSI C header files... yes
checking for sys/types.h... yes
checking for sys/stat.h... yes
checking for stdlib.h... yes
checking for string.h... yes
checking for memory.h... yes
checking for strings.h... yes
checking for inttypes.h... yes
checking for stdint.h... yes
checking for unistd.h... yes
checking for fcntl.h... yes
checking for mntent.h... yes
checking for stdlib.h... (cached) yes
checking for string.h... (cached) yes
checking for unistd.h... (cached) yes
checking for sys/ioctl.h... yes
checking for sys/mount.h... yes
checking for gcc... (cached) gcc
checking whether we are using the GNU C compiler... (cached) yes
checking whether gcc accepts -g... (cached) yes
checking for gcc option to accept ISO C89... (cached) none needed
checking dependency style of gcc... (cached) gcc3
checking build system type... i686-pc-linux-gnu
checking host system type... i686-pc-linux-gnu
checking how to print strings... printf
checking for a sed that does not truncate output... /bin/sed
checking for fgrep... /bin/grep -F
checking for ld used by gcc... /usr/i486-slackware-linux/bin/ld
checking if the linker (/usr/i486-slackware-linux/bin/ld) is GNU ld... yes
checking for BSD- or MS-compatible name lister (nm)... /usr/bin/nm -B
checking the name lister (/usr/bin/nm -B) interface... BSD nm
checking whether ln -s works... yes
checking the maximum length of command line arguments... 1572864
checking whether the shell understands some XSI constructs... yes
checking whether the shell understands "+="... yes
checking how to convert i686-pc-linux-gnu file names to i686-pc-linux-gnu format... func_convert_file_noop
checking how to convert i686-pc-linux-gnu file names to toolchain format... func_convert_file_noop
checking for /usr/i486-slackware-linux/bin/ld option to reload object files... -r
checking for objdump... objdump
checking how to recognize dependent libraries... pass_all
checking for dlltool... dlltool
checking how to associate runtime and link libraries... printf %s\n
checking for ar... ar
checking for archiver @FILE support... @
checking for strip... strip
checking for ranlib... ranlib
checking command to parse /usr/bin/nm -B output from gcc object... ok
checking for sysroot... no
checking for mt... no
checking if : is a manifest tool... no
checking for dlfcn.h... yes
checking for objdir... .libs
checking if gcc supports -fno-rtti -fno-exceptions... no
checking for gcc option to produce PIC... -fPIC -DPIC
checking if gcc PIC flag -fPIC -DPIC works... yes
checking if gcc static flag -static works... yes
checking if gcc supports -c -o file.o... yes
checking if gcc supports -c -o file.o... (cached) yes
checking whether the gcc linker (/usr/i486-slackware-linux/bin/ld) supports shared libraries... yes
checking whether -lc should be explicitly linked in... no
checking dynamic linker characteristics... GNU/Linux ld.so
checking how to hardcode library paths into programs... immediate
checking whether stripping libraries is possible... yes
checking if libtool supports shared libraries... yes
checking whether to build shared libraries... yes
checking whether to build static libraries... yes
checking for ldconfig... /sbin/ldconfig
checking for pkg-config... /usr/bin/pkg-config
checking pkg-config is at least version 0.9.0... yes
checking for libuuid... yes
checking linux/fs.h usability... yes
checking linux/fs.h presence... yes
checking for linux/fs.h... yes
checking for fcntl.h... (cached) yes
checking for mntent.h... (cached) yes
checking for stdlib.h... (cached) yes
checking for string.h... (cached) yes
checking for sys/ioctl.h... (cached) yes
checking for sys/mount.h... (cached) yes
checking for unistd.h... (cached) yes
checking for inline... inline
checking for int32_t... yes
checking for int8_t... yes
checking for size_t... yes
checking for library containing getmntent... none required
checking for getmntent... (cached) yes
checking for memset... yes
checking that generated files are newer than configure... done
configure: creating ./config.status
config.status: creating Makefile
config.status: creating man/Makefile
config.status: creating lib/Makefile
config.status: creating mkfs/Makefile
config.status: creating fsck/Makefile
config.status: creating tools/Makefile
config.status: creating config.h
config.status: executing depfiles commands
config.status: executing libtool commands
make  all-recursive
make[1]: Entering directory `/mnt/sda6/00_new-woof/petbuilds-slacko-32/builds/f2fs-tools/f2fs-tools-1.4.0'
Making all in man
make[2]: Entering directory `/mnt/sda6/00_new-woof/petbuilds-slacko-32/builds/f2fs-tools/f2fs-tools-1.4.0/man'
make[2]: Nothing to be done for `all'.
make[2]: Leaving directory `/mnt/sda6/00_new-woof/petbuilds-slacko-32/builds/f2fs-tools/f2fs-tools-1.4.0/man'
Making all in lib
make[2]: Entering directory `/mnt/sda6/00_new-woof/petbuilds-slacko-32/builds/f2fs-tools/f2fs-tools-1.4.0/lib'
/bin/sh ../libtool  --tag=CC   --mode=compile gcc -DHAVE_CONFIG_H -I. -I..  -I../include  -Wall -g -O2 -MT libf2fs_la-libf2fs.lo -MD -MP -MF .deps/libf2fs_la-libf2fs.Tpo -c -o libf2fs_la-libf2fs.lo `test -f 'libf2fs.c' || echo './'`libf2fs.c
/bin/sh ../libtool  --tag=CC   --mode=compile gcc -DHAVE_CONFIG_H -I. -I..  -I../include  -Wall -g -O2 -MT libf2fs_la-libf2fs_io.lo -MD -MP -MF .deps/libf2fs_la-libf2fs_io.Tpo -c -o libf2fs_la-libf2fs_io.lo `test -f 'libf2fs_io.c' || echo './'`libf2fs_io.c
libtool: compile:  gcc -DHAVE_CONFIG_H -I. -I.. -I../include -Wall -g -O2 -MT libf2fs_la-libf2fs.lo -MD -MP -MF .deps/libf2fs_la-libf2fs.Tpo -c libf2fs.c  -fPIC -DPIC -o .libs/libf2fs_la-libf2fs.o
libtool: compile:  gcc -DHAVE_CONFIG_H -I. -I.. -I../include -Wall -g -O2 -MT libf2fs_la-libf2fs_io.lo -MD -MP -MF .deps/libf2fs_la-libf2fs_io.Tpo -c libf2fs_io.c  -fPIC -DPIC -o .libs/libf2fs_la-libf2fs_io.o
libtool: compile:  gcc -DHAVE_CONFIG_H -I. -I.. -I../include -Wall -g -O2 -MT libf2fs_la-libf2fs_io.lo -MD -MP -MF .deps/libf2fs_la-libf2fs_io.Tpo -c libf2fs_io.c -o libf2fs_la-libf2fs_io.o >/dev/null 2>&1
mv -f .deps/libf2fs_la-libf2fs_io.Tpo .deps/libf2fs_la-libf2fs_io.Plo
libtool: compile:  gcc -DHAVE_CONFIG_H -I. -I.. -I../include -Wall -g -O2 -MT libf2fs_la-libf2fs.lo -MD -MP -MF .deps/libf2fs_la-libf2fs.Tpo -c libf2fs.c -o libf2fs_la-libf2fs.o >/dev/null 2>&1
mv -f .deps/libf2fs_la-libf2fs.Tpo .deps/libf2fs_la-libf2fs.Plo
/bin/sh ../libtool  --tag=CC   --mode=link gcc -Wall -g -O2   -o libf2fs.la -rpath /usr/lib libf2fs_la-libf2fs.lo libf2fs_la-libf2fs_io.lo  
libtool: link: gcc -shared  -fPIC -DPIC  .libs/libf2fs_la-libf2fs.o .libs/libf2fs_la-libf2fs_io.o    -O2   -Wl,-soname -Wl,libf2fs.so.0 -o .libs/libf2fs.so.0.0.0
libtool: link: (cd ".libs" && rm -f "libf2fs.so.0" && ln -s "libf2fs.so.0.0.0" "libf2fs.so.0")
libtool: link: (cd ".libs" && rm -f "libf2fs.so" && ln -s "libf2fs.so.0.0.0" "libf2fs.so")
libtool: link: ar cru .libs/libf2fs.a  libf2fs_la-libf2fs.o libf2fs_la-libf2fs_io.o
libtool: link: ranlib .libs/libf2fs.a
libtool: link: ( cd ".libs" && rm -f "libf2fs.la" && ln -s "../libf2fs.la" "libf2fs.la" )
make[2]: Leaving directory `/mnt/sda6/00_new-woof/petbuilds-slacko-32/builds/f2fs-tools/f2fs-tools-1.4.0/lib'
Making all in mkfs
make[2]: Entering directory `/mnt/sda6/00_new-woof/petbuilds-slacko-32/builds/f2fs-tools/f2fs-tools-1.4.0/mkfs'
gcc -DHAVE_CONFIG_H -I. -I..  -I/usr/include/uuid   -I../include  -Wall -DWITH_BLKDISCARD -g -O2 -MT f2fs_format_main.o -MD -MP -MF .deps/f2fs_format_main.Tpo -c -o f2fs_format_main.o f2fs_format_main.c
gcc -DHAVE_CONFIG_H -I. -I..  -I/usr/include/uuid   -I../include  -Wall -DWITH_BLKDISCARD -g -O2 -MT f2fs_format.o -MD -MP -MF .deps/f2fs_format.Tpo -c -o f2fs_format.o f2fs_format.c
gcc -DHAVE_CONFIG_H -I. -I..  -I/usr/include/uuid   -I../include  -Wall -DWITH_BLKDISCARD -g -O2 -MT f2fs_format_utils.o -MD -MP -MF .deps/f2fs_format_utils.Tpo -c -o f2fs_format_utils.o f2fs_format_utils.c
f2fs_format_utils.c: In function ‘f2fs_trim_device’:
f2fs_format_utils.c:46:4: warning: format ‘%lu’ expects argument of type ‘long unsigned int’, but argument 2 has type ‘u_int64_t’ [-Wformat=]
    MSG(0, "Info: Discarded %lu sectors\n",
    ^
f2fs_format_main.c: In function ‘f2fs_parse_options’:
f2fs_format_main.c:106:3: warning: format ‘%lu’ expects argument of type ‘long unsigned int’, but argument 2 has type ‘u_int64_t’ [-Wformat=]
   MSG(0, "\ttotal_sectors=%lu (%s bytes)\n", config.total_sectors, argv[optind+1]);
   ^
mv -f .deps/f2fs_format_utils.Tpo .deps/f2fs_format_utils.Po
mv -f .deps/f2fs_format_main.Tpo .deps/f2fs_format_main.Po
mv -f .deps/f2fs_format.Tpo .deps/f2fs_format.Po
/bin/sh ../libtool  --tag=CC   --mode=link gcc -Wall -DWITH_BLKDISCARD -g -O2   -o mkfs.f2fs f2fs_format_main.o f2fs_format.o f2fs_format_utils.o -luuid   ../lib/libf2fs.la 
libtool: link: gcc -Wall -DWITH_BLKDISCARD -g -O2 -o .libs/mkfs.f2fs f2fs_format_main.o f2fs_format.o f2fs_format_utils.o  /usr/lib/libuuid.so ../lib/.libs/libf2fs.so
make[2]: Leaving directory `/mnt/sda6/00_new-woof/petbuilds-slacko-32/builds/f2fs-tools/f2fs-tools-1.4.0/mkfs'
Making all in fsck
make[2]: Entering directory `/mnt/sda6/00_new-woof/petbuilds-slacko-32/builds/f2fs-tools/f2fs-tools-1.4.0/fsck'
gcc -DHAVE_CONFIG_H -I. -I..  -I/usr/include/uuid   -I../include  -Wall -g -O2 -MT main.o -MD -MP -MF .deps/main.Tpo -c -o main.o main.c
gcc -DHAVE_CONFIG_H -I. -I..  -I/usr/include/uuid   -I../include  -Wall -g -O2 -MT fsck.o -MD -MP -MF .deps/fsck.Tpo -c -o fsck.o fsck.c
gcc -DHAVE_CONFIG_H -I. -I..  -I/usr/include/uuid   -I../include  -Wall -g -O2 -MT dump.o -MD -MP -MF .deps/dump.Tpo -c -o dump.o dump.c
gcc -DHAVE_CONFIG_H -I. -I..  -I/usr/include/uuid   -I../include  -Wall -g -O2 -MT mount.o -MD -MP -MF .deps/mount.Tpo -c -o mount.o mount.c
mv -f .deps/main.Tpo .deps/main.Po
mv -f .deps/dump.Tpo .deps/dump.Po
mv -f .deps/fsck.Tpo .deps/fsck.Po
mv -f .deps/mount.Tpo .deps/mount.Po
/bin/sh ../libtool  --tag=CC   --mode=link gcc -Wall -g -O2   -o fsck.f2fs main.o fsck.o dump.o mount.o -luuid   ../lib/libf2fs.la 
libtool: link: gcc -Wall -g -O2 -o .libs/fsck.f2fs main.o fsck.o dump.o mount.o  /usr/lib/libuuid.so ../lib/.libs/libf2fs.so
make[2]: Leaving directory `/mnt/sda6/00_new-woof/petbuilds-slacko-32/builds/f2fs-tools/f2fs-tools-1.4.0/fsck'
Making all in tools
make[2]: Entering directory `/mnt/sda6/00_new-woof/petbuilds-slacko-32/builds/f2fs-tools/f2fs-tools-1.4.0/tools'
gcc -DHAVE_CONFIG_H -I. -I..  -I/usr/include/uuid   -I../include  -Wall -g -O2 -MT f2fstat.o -MD -MP -MF .deps/f2fstat.Tpo -c -o f2fstat.o f2fstat.c
gcc -DHAVE_CONFIG_H -I. -I..  -I/usr/include/uuid   -I../include  -Wall -g -O2 -MT fibmap.o -MD -MP -MF .deps/fibmap.Tpo -c -o fibmap.o fibmap.c
fibmap.c: In function ‘print_stat’:
fibmap.c:36:2: warning: format ‘%lx’ expects argument of type ‘long unsigned int’, but argument 2 has type ‘__ino64_t’ [-Wformat=]
  printf("ino       [0x%8lx : %ld]\n", st->st_ino, st->st_ino);
  ^
fibmap.c:36:2: warning: format ‘%ld’ expects argument of type ‘long int’, but argument 3 has type ‘__ino64_t’ [-Wformat=]
fibmap.c:38:2: warning: format ‘%lx’ expects argument of type ‘long unsigned int’, but argument 2 has type ‘__nlink_t’ [-Wformat=]
  printf("nlink     [0x%8lx : %ld]\n", st->st_nlink, st->st_nlink);
  ^
fibmap.c:38:2: warning: format ‘%ld’ expects argument of type ‘long int’, but argument 3 has type ‘__nlink_t’ [-Wformat=]
fibmap.c:41:2: warning: format ‘%lx’ expects argument of type ‘long unsigned int’, but argument 2 has type ‘__off64_t’ [-Wformat=]
  printf("size      [0x%8lx : %ld]\n", st->st_size, st->st_size);
  ^
fibmap.c:41:2: warning: format ‘%ld’ expects argument of type ‘long int’, but argument 3 has type ‘__off64_t’ [-Wformat=]
fibmap.c:43:2: warning: format ‘%lx’ expects argument of type ‘long unsigned int’, but argument 2 has type ‘__blkcnt64_t’ [-Wformat=]
  printf("blocks    [0x%8lx : %ld]\n", st->st_blocks, st->st_blocks);
  ^
fibmap.c:43:2: warning: format ‘%ld’ expects argument of type ‘long int’, but argument 3 has type ‘__blkcnt64_t’ [-Wformat=]
mv -f .deps/fibmap.Tpo .deps/fibmap.Po
/bin/sh ../libtool  --tag=CC   --mode=link gcc -Wall -g -O2   -o fibmap.f2fs fibmap.o  
mv -f .deps/f2fstat.Tpo .deps/f2fstat.Po
/bin/sh ../libtool  --tag=CC   --mode=link gcc -Wall -g -O2   -o f2fstat f2fstat.o  
libtool: link: gcc -Wall -g -O2 -o fibmap.f2fs fibmap.o 
libtool: link: gcc -Wall -g -O2 -o f2fstat f2fstat.o 
make[2]: Leaving directory `/mnt/sda6/00_new-woof/petbuilds-slacko-32/builds/f2fs-tools/f2fs-tools-1.4.0/tools'
make[2]: Entering directory `/mnt/sda6/00_new-woof/petbuilds-slacko-32/builds/f2fs-tools/f2fs-tools-1.4.0'
make[2]: Leaving directory `/mnt/sda6/00_new-woof/petbuilds-slacko-32/builds/f2fs-tools/f2fs-tools-1.4.0'
make[1]: Leaving directory `/mnt/sda6/00_new-woof/petbuilds-slacko-32/builds/f2fs-tools/f2fs-tools-1.4.0'
Making install in man
make[1]: Entering directory `/mnt/sda6/00_new-woof/petbuilds-slacko-32/builds/f2fs-tools/f2fs-tools-1.4.0/man'
make[2]: Entering directory `/mnt/sda6/00_new-woof/petbuilds-slacko-32/builds/f2fs-tools/f2fs-tools-1.4.0/man'
make[2]: Nothing to be done for `install-exec-am'.
 ../build-aux/install-sh -c -d '/mnt/sda6/00_new-woof/petbuilds-slacko-32/builds/f2fs-tools/f2fs-tools-install/usr/share/man/man8'
 /usr/bin/ginstall -c -m 644 mkfs.f2fs.8 '/mnt/sda6/00_new-woof/petbuilds-slacko-32/builds/f2fs-tools/f2fs-tools-install/usr/share/man/man8'
make[2]: Leaving directory `/mnt/sda6/00_new-woof/petbuilds-slacko-32/builds/f2fs-tools/f2fs-tools-1.4.0/man'
make[1]: Leaving directory `/mnt/sda6/00_new-woof/petbuilds-slacko-32/builds/f2fs-tools/f2fs-tools-1.4.0/man'
Making install in lib
make[1]: Entering directory `/mnt/sda6/00_new-woof/petbuilds-slacko-32/builds/f2fs-tools/f2fs-tools-1.4.0/lib'
make[2]: Entering directory `/mnt/sda6/00_new-woof/petbuilds-slacko-32/builds/f2fs-tools/f2fs-tools-1.4.0/lib'
 ../build-aux/install-sh -c -d '/mnt/sda6/00_new-woof/petbuilds-slacko-32/builds/f2fs-tools/f2fs-tools-install/usr/lib'
 /bin/sh ../libtool   --mode=install /usr/bin/ginstall -c   libf2fs.la '/mnt/sda6/00_new-woof/petbuilds-slacko-32/builds/f2fs-tools/f2fs-tools-install/usr/lib'
libtool: install: /usr/bin/ginstall -c .libs/libf2fs.so.0.0.0 /mnt/sda6/00_new-woof/petbuilds-slacko-32/builds/f2fs-tools/f2fs-tools-install/usr/lib/libf2fs.so.0.0.0
libtool: install: (cd /mnt/sda6/00_new-woof/petbuilds-slacko-32/builds/f2fs-tools/f2fs-tools-install/usr/lib && { ln -s -f libf2fs.so.0.0.0 libf2fs.so.0 || { rm -f libf2fs.so.0 && ln -s libf2fs.so.0.0.0 libf2fs.so.0; }; })
libtool: install: (cd /mnt/sda6/00_new-woof/petbuilds-slacko-32/builds/f2fs-tools/f2fs-tools-install/usr/lib && { ln -s -f libf2fs.so.0.0.0 libf2fs.so || { rm -f libf2fs.so && ln -s libf2fs.so.0.0.0 libf2fs.so; }; })
libtool: install: /usr/bin/ginstall -c .libs/libf2fs.lai /mnt/sda6/00_new-woof/petbuilds-slacko-32/builds/f2fs-tools/f2fs-tools-install/usr/lib/libf2fs.la
libtool: install: /usr/bin/ginstall -c .libs/libf2fs.a /mnt/sda6/00_new-woof/petbuilds-slacko-32/builds/f2fs-tools/f2fs-tools-install/usr/lib/libf2fs.a
libtool: install: chmod 644 /mnt/sda6/00_new-woof/petbuilds-slacko-32/builds/f2fs-tools/f2fs-tools-install/usr/lib/libf2fs.a
libtool: install: ranlib /mnt/sda6/00_new-woof/petbuilds-slacko-32/builds/f2fs-tools/f2fs-tools-install/usr/lib/libf2fs.a
libtool: install: warning: remember to run `libtool --finish /usr/lib'
make[2]: Nothing to be done for `install-data-am'.
make[2]: Leaving directory `/mnt/sda6/00_new-woof/petbuilds-slacko-32/builds/f2fs-tools/f2fs-tools-1.4.0/lib'
make[1]: Leaving directory `/mnt/sda6/00_new-woof/petbuilds-slacko-32/builds/f2fs-tools/f2fs-tools-1.4.0/lib'
Making install in mkfs
make[1]: Entering directory `/mnt/sda6/00_new-woof/petbuilds-slacko-32/builds/f2fs-tools/f2fs-tools-1.4.0/mkfs'
make[2]: Entering directory `/mnt/sda6/00_new-woof/petbuilds-slacko-32/builds/f2fs-tools/f2fs-tools-1.4.0/mkfs'
 ../build-aux/install-sh -c -d '/mnt/sda6/00_new-woof/petbuilds-slacko-32/builds/f2fs-tools/f2fs-tools-install/sbin'
  /bin/sh ../libtool   --mode=install /usr/bin/ginstall -c mkfs.f2fs '/mnt/sda6/00_new-woof/petbuilds-slacko-32/builds/f2fs-tools/f2fs-tools-install/sbin'
libtool: install: warning: `../lib/libf2fs.la' has not been installed in `/usr/lib'
libtool: install: /usr/bin/ginstall -c .libs/mkfs.f2fs /mnt/sda6/00_new-woof/petbuilds-slacko-32/builds/f2fs-tools/f2fs-tools-install/sbin/mkfs.f2fs
make[2]: Nothing to be done for `install-data-am'.
make[2]: Leaving directory `/mnt/sda6/00_new-woof/petbuilds-slacko-32/builds/f2fs-tools/f2fs-tools-1.4.0/mkfs'
make[1]: Leaving directory `/mnt/sda6/00_new-woof/petbuilds-slacko-32/builds/f2fs-tools/f2fs-tools-1.4.0/mkfs'
Making install in fsck
make[1]: Entering directory `/mnt/sda6/00_new-woof/petbuilds-slacko-32/builds/f2fs-tools/f2fs-tools-1.4.0/fsck'
make[2]: Entering directory `/mnt/sda6/00_new-woof/petbuilds-slacko-32/builds/f2fs-tools/f2fs-tools-1.4.0/fsck'
 ../build-aux/install-sh -c -d '/mnt/sda6/00_new-woof/petbuilds-slacko-32/builds/f2fs-tools/f2fs-tools-install/sbin'
  /bin/sh ../libtool   --mode=install /usr/bin/ginstall -c fsck.f2fs '/mnt/sda6/00_new-woof/petbuilds-slacko-32/builds/f2fs-tools/f2fs-tools-install/sbin'
libtool: install: warning: `../lib/libf2fs.la' has not been installed in `/usr/lib'
libtool: install: /usr/bin/ginstall -c .libs/fsck.f2fs /mnt/sda6/00_new-woof/petbuilds-slacko-32/builds/f2fs-tools/f2fs-tools-install/sbin/fsck.f2fs
make  install-data-hook
make[3]: Entering directory `/mnt/sda6/00_new-woof/petbuilds-slacko-32/builds/f2fs-tools/f2fs-tools-1.4.0/fsck'
ln -sf fsck.f2fs /mnt/sda6/00_new-woof/petbuilds-slacko-32/builds/f2fs-tools/f2fs-tools-install//sbin/dump.f2fs
make[3]: Leaving directory `/mnt/sda6/00_new-woof/petbuilds-slacko-32/builds/f2fs-tools/f2fs-tools-1.4.0/fsck'
make[2]: Leaving directory `/mnt/sda6/00_new-woof/petbuilds-slacko-32/builds/f2fs-tools/f2fs-tools-1.4.0/fsck'
make[1]: Leaving directory `/mnt/sda6/00_new-woof/petbuilds-slacko-32/builds/f2fs-tools/f2fs-tools-1.4.0/fsck'
Making install in tools
make[1]: Entering directory `/mnt/sda6/00_new-woof/petbuilds-slacko-32/builds/f2fs-tools/f2fs-tools-1.4.0/tools'
make[2]: Entering directory `/mnt/sda6/00_new-woof/petbuilds-slacko-32/builds/f2fs-tools/f2fs-tools-1.4.0/tools'
 ../build-aux/install-sh -c -d '/mnt/sda6/00_new-woof/petbuilds-slacko-32/builds/f2fs-tools/f2fs-tools-install/sbin'
  /bin/sh ../libtool   --mode=install /usr/bin/ginstall -c f2fstat fibmap.f2fs '/mnt/sda6/00_new-woof/petbuilds-slacko-32/builds/f2fs-tools/f2fs-tools-install/sbin'
libtool: install: /usr/bin/ginstall -c f2fstat /mnt/sda6/00_new-woof/petbuilds-slacko-32/builds/f2fs-tools/f2fs-tools-install/sbin/f2fstat
libtool: install: /usr/bin/ginstall -c fibmap.f2fs /mnt/sda6/00_new-woof/petbuilds-slacko-32/builds/f2fs-tools/f2fs-tools-install/sbin/fibmap.f2fs
make[2]: Nothing to be done for `install-data-am'.
make[2]: Leaving directory `/mnt/sda6/00_new-woof/petbuilds-slacko-32/builds/f2fs-tools/f2fs-tools-1.4.0/tools'
make[1]: Leaving directory `/mnt/sda6/00_new-woof/petbuilds-slacko-32/builds/f2fs-tools/f2fs-tools-1.4.0/tools'
make[1]: Entering directory `/mnt/sda6/00_new-woof/petbuilds-slacko-32/builds/f2fs-tools/f2fs-tools-1.4.0'
make[2]: Entering directory `/mnt/sda6/00_new-woof/petbuilds-slacko-32/builds/f2fs-tools/f2fs-tools-1.4.0'
make[2]: Nothing to be done for `install-exec-am'.
make[2]: Nothing to be done for `install-data-am'.
make[2]: Leaving directory `/mnt/sda6/00_new-woof/petbuilds-slacko-32/builds/f2fs-tools/f2fs-tools-1.4.0'
make[1]: Leaving directory `/mnt/sda6/00_new-woof/petbuilds-slacko-32/builds/f2fs-tools/f2fs-tools-1.4.0'
/mnt/sda6/00_new-woof/petbuilds-slacko-32/builds/f2fs-tools
Found 'i686'
Processing ../f2fs-tools-install/sbin/dump.f2fs
Processing ../f2fs-tools-install/sbin/f2fstat
Processing ../f2fs-tools-install/sbin/fibmap.f2fs
Processing ../f2fs-tools-install/sbin/fsck.f2fs
Processing ../f2fs-tools-install/sbin/mkfs.f2fs
Processing ../f2fs-tools-install/usr/lib/libf2fs.a
Processing ../f2fs-tools-install/usr/lib/libf2fs.la
Processing ../f2fs-tools-install/usr/lib/libf2fs.so
Processing ../f2fs-tools-install/usr/lib/libf2fs.so.0
Processing ../f2fs-tools-install/usr/lib/libf2fs.so.0.0.0
Processing ../f2fs-tools-install/usr/share/man/man8/mkfs.f2fs.8
all done
packaging f2fs-tools-1.4.0-i686_slk600
packaging f2fs-tools_DEV-1.4.0-i686_slk600
packaging f2fs-tools_DOC-1.4.0-i686_slk600
done!
