faad2-2.7/
faad2-2.7/ChangeLog
faad2-2.7/AUTHORS
faad2-2.7/COPYING
faad2-2.7/aacDECdrop/
faad2-2.7/aacDECdrop/aacDECdrop/
faad2-2.7/aacDECdrop/aacDECdrop/aacDECdrop.sln
faad2-2.7/aacDECdrop/aacDECdrop/aacDECdrop.vcproj
faad2-2.7/aacDECdrop/Script.rc
faad2-2.7/aacDECdrop/audio.c
faad2-2.7/aacDECdrop/audio.h
faad2-2.7/aacDECdrop/decode.c
faad2-2.7/aacDECdrop/decode.h
faad2-2.7/aacDECdrop/decthread.c
faad2-2.7/aacDECdrop/decthread.h
faad2-2.7/aacDECdrop/main.c
faad2-2.7/aacDECdrop/misc.c
faad2-2.7/aacDECdrop/misc.h
faad2-2.7/aacDECdrop/resource.h
faad2-2.7/aacDECdrop/wave_out.c
faad2-2.7/aacDECdrop/wave_out.h
faad2-2.7/aacDECdrop/resource/
faad2-2.7/aacDECdrop/resource/AAC01.bmp
faad2-2.7/aacDECdrop/resource/AAC01.ico
faad2-2.7/aacDECdrop/resource/AAC02.bmp
faad2-2.7/aacDECdrop/resource/AAC03.bmp
faad2-2.7/aacDECdrop/resource/AAC04.bmp
faad2-2.7/aacDECdrop/resource/AAC05.bmp
faad2-2.7/aacDECdrop/resource/AAC06.bmp
faad2-2.7/aacDECdrop/resource/AAC07.bmp
faad2-2.7/aacDECdrop/resource/AAC08.bmp
faad2-2.7/Makefile.am
faad2-2.7/NEWS
faad2-2.7/README
faad2-2.7/README.linux
faad2-2.7/TODO
faad2-2.7/bootstrap
faad2-2.7/configure.in
faad2-2.7/faad2.spec.in
faad2-2.7/in_mpeg4aac.nsi
faad2-2.7/common/
faad2-2.7/common/faad/
faad2-2.7/common/faad/aacinfo.c
faad2-2.7/common/faad/aacinfo.h
faad2-2.7/common/faad/aacinfo.sln
faad2-2.7/common/faad/aacinfo.vcproj
faad2-2.7/common/faad/filestream.c
faad2-2.7/common/faad/filestream.h
faad2-2.7/common/faad/getopt.c
faad2-2.7/common/faad/getopt.h
faad2-2.7/common/faad/id3v2tag.c
faad2-2.7/common/faad/id3v2tag.h
faad2-2.7/common/Makefile.am
faad2-2.7/common/mp4ff/
faad2-2.7/common/mp4ff/Makefile.in
faad2-2.7/common/mp4ff/Makefile.am
faad2-2.7/common/mp4ff/mp4atom.c
faad2-2.7/common/mp4ff/mp4ff.c
faad2-2.7/common/mp4ff/mp4ff.h
faad2-2.7/common/mp4ff/mp4ff.vcproj
faad2-2.7/common/mp4ff/mp4ff_int_types.h
faad2-2.7/common/mp4ff/mp4ffint.h
faad2-2.7/common/mp4ff/mp4meta.c
faad2-2.7/common/mp4ff/mp4sample.c
faad2-2.7/common/mp4ff/mp4tagupdate.c
faad2-2.7/common/mp4ff/mp4util.c
faad2-2.7/common/Makefile.in
faad2-2.7/docs/
faad2-2.7/docs/Ahead AAC Decoder library documentation.doc
faad2-2.7/docs/Ahead AAC Decoder library documentation.pdf
faad2-2.7/frontend/
faad2-2.7/frontend/Makefile.in
faad2-2.7/frontend/Makefile.am
faad2-2.7/frontend/audio.c
faad2-2.7/frontend/audio.h
faad2-2.7/frontend/faad.man
faad2-2.7/frontend/faad.sln
faad2-2.7/frontend/faad.vcproj
faad2-2.7/frontend/main.c
faad2-2.7/include/
faad2-2.7/include/neaacdec.h
faad2-2.7/include/faad.h
faad2-2.7/libfaad/
faad2-2.7/libfaad/codebook/
faad2-2.7/libfaad/codebook/hcb_10.h
faad2-2.7/libfaad/codebook/hcb.h
faad2-2.7/libfaad/codebook/hcb_1.h
faad2-2.7/libfaad/codebook/hcb_11.h
faad2-2.7/libfaad/codebook/hcb_2.h
faad2-2.7/libfaad/codebook/hcb_3.h
faad2-2.7/libfaad/codebook/hcb_4.h
faad2-2.7/libfaad/codebook/hcb_5.h
faad2-2.7/libfaad/codebook/hcb_6.h
faad2-2.7/libfaad/codebook/hcb_7.h
faad2-2.7/libfaad/codebook/hcb_8.h
faad2-2.7/libfaad/codebook/hcb_9.h
faad2-2.7/libfaad/codebook/hcb_sf.h
faad2-2.7/libfaad/Makefile.am
faad2-2.7/libfaad/analysis.h
faad2-2.7/libfaad/bits.c
faad2-2.7/libfaad/bits.h
faad2-2.7/libfaad/cfft.c
faad2-2.7/libfaad/cfft.h
faad2-2.7/libfaad/cfft_tab.h
faad2-2.7/libfaad/common.c
faad2-2.7/libfaad/common.h
faad2-2.7/libfaad/decoder.c
faad2-2.7/libfaad/drc.c
faad2-2.7/libfaad/drc.h
faad2-2.7/libfaad/drm_dec.c
faad2-2.7/libfaad/drm_dec.h
faad2-2.7/libfaad/error.c
faad2-2.7/libfaad/error.h
faad2-2.7/libfaad/filtbank.c
faad2-2.7/libfaad/filtbank.h
faad2-2.7/libfaad/fixed.h
faad2-2.7/libfaad/hcr.c
faad2-2.7/libfaad/huffman.c
faad2-2.7/libfaad/huffman.h
faad2-2.7/libfaad/ic_predict.c
faad2-2.7/libfaad/ic_predict.h
faad2-2.7/libfaad/iq_table.h
faad2-2.7/libfaad/is.c
faad2-2.7/libfaad/is.h
faad2-2.7/libfaad/kbd_win.h
faad2-2.7/libfaad/libfaad.sln
faad2-2.7/libfaad/libfaad.vcproj
faad2-2.7/libfaad/libfaad2.def
faad2-2.7/libfaad/libfaad2_dll.sln
faad2-2.7/libfaad/libfaad2_dll.vcproj
faad2-2.7/libfaad/lt_predict.c
faad2-2.7/libfaad/lt_predict.h
faad2-2.7/libfaad/mdct.c
faad2-2.7/libfaad/mdct.h
faad2-2.7/libfaad/mdct_tab.h
faad2-2.7/libfaad/mp4.c
faad2-2.7/libfaad/mp4.h
faad2-2.7/libfaad/ms.c
faad2-2.7/libfaad/ms.h
faad2-2.7/libfaad/output.c
faad2-2.7/libfaad/output.h
faad2-2.7/libfaad/pns.c
faad2-2.7/libfaad/pns.h
faad2-2.7/libfaad/ps_dec.c
faad2-2.7/libfaad/ps_dec.h
faad2-2.7/libfaad/ps_syntax.c
faad2-2.7/libfaad/ps_tables.h
faad2-2.7/libfaad/pulse.c
faad2-2.7/libfaad/pulse.h
faad2-2.7/libfaad/rvlc.c
faad2-2.7/libfaad/rvlc.h
faad2-2.7/libfaad/sbr_dct.c
faad2-2.7/libfaad/sbr_dct.h
faad2-2.7/libfaad/sbr_dec.c
faad2-2.7/libfaad/sbr_dec.h
faad2-2.7/libfaad/sbr_e_nf.c
faad2-2.7/libfaad/sbr_e_nf.h
faad2-2.7/libfaad/sbr_fbt.c
faad2-2.7/libfaad/sbr_fbt.h
faad2-2.7/libfaad/sbr_hfadj.c
faad2-2.7/libfaad/sbr_hfadj.h
faad2-2.7/libfaad/sbr_hfgen.c
faad2-2.7/libfaad/sbr_hfgen.h
faad2-2.7/libfaad/sbr_huff.c
faad2-2.7/libfaad/sbr_huff.h
faad2-2.7/libfaad/sbr_noise.h
faad2-2.7/libfaad/sbr_qmf.c
faad2-2.7/libfaad/sbr_qmf.h
faad2-2.7/libfaad/sbr_qmf_c.h
faad2-2.7/libfaad/sbr_syntax.c
faad2-2.7/libfaad/sbr_syntax.h
faad2-2.7/libfaad/sbr_tf_grid.c
faad2-2.7/libfaad/sbr_tf_grid.h
faad2-2.7/libfaad/sine_win.h
faad2-2.7/libfaad/specrec.c
faad2-2.7/libfaad/specrec.h
faad2-2.7/libfaad/ssr.c
faad2-2.7/libfaad/ssr.h
faad2-2.7/libfaad/ssr_fb.c
faad2-2.7/libfaad/ssr_fb.h
faad2-2.7/libfaad/ssr_ipqf.c
faad2-2.7/libfaad/ssr_ipqf.h
faad2-2.7/libfaad/ssr_win.h
faad2-2.7/libfaad/structs.h
faad2-2.7/libfaad/syntax.c
faad2-2.7/libfaad/syntax.h
faad2-2.7/libfaad/tns.c
faad2-2.7/libfaad/tns.h
faad2-2.7/libfaad/Makefile.in
faad2-2.7/plugins/
faad2-2.7/plugins/QCD/
faad2-2.7/plugins/QCD/QCDFAAD.c
faad2-2.7/plugins/QCD/QCDFAAD.sln
faad2-2.7/plugins/QCD/QCDFAAD.vcproj
faad2-2.7/plugins/QCD/QCDInputDLL.h
faad2-2.7/plugins/QCD/QCDModDefs.h
faad2-2.7/plugins/QCD/QCDModInput.h
faad2-2.7/plugins/QCD/ReadMe.txt
faad2-2.7/plugins/QCD/logo.bmp
faad2-2.7/plugins/QCD/plugin_dlg.rc
faad2-2.7/plugins/QCD/resource.h
faad2-2.7/plugins/xmms/
faad2-2.7/plugins/xmms/ChangeLog
faad2-2.7/plugins/xmms/AUTHORS
faad2-2.7/plugins/xmms/Makefile.am
faad2-2.7/plugins/xmms/INSTALL
faad2-2.7/plugins/xmms/src/
faad2-2.7/plugins/xmms/src/Makefile.in
faad2-2.7/plugins/xmms/src/Makefile.am
faad2-2.7/plugins/xmms/src/aac_utils.c
faad2-2.7/plugins/xmms/src/libmp4.c
faad2-2.7/plugins/xmms/src/mp4_utils.c
faad2-2.7/plugins/xmms/NEWS
faad2-2.7/plugins/xmms/README
faad2-2.7/plugins/xmms/TODO
faad2-2.7/plugins/xmms/Makefile.in
faad2-2.7/plugins/Makefile.am
faad2-2.7/plugins/QCDMp4/
faad2-2.7/plugins/QCDMp4/QCDInputDLL.h
faad2-2.7/plugins/QCDMp4/QCDModDefs.h
faad2-2.7/plugins/QCDMp4/QCDModInput.h
faad2-2.7/plugins/QCDMp4/QCDModTagEditor.h
faad2-2.7/plugins/QCDMp4/QCDMp4.c
faad2-2.7/plugins/QCDMp4/QCDMp4.rc
faad2-2.7/plugins/QCDMp4/QCDMp4.sln
faad2-2.7/plugins/QCDMp4/QCDMp4.vcproj
faad2-2.7/plugins/QCDMp4/QCDMp4Tag.cpp
faad2-2.7/plugins/QCDMp4/QCDTagsDLL.h
faad2-2.7/plugins/QCDMp4/aac2mp4.cpp
faad2-2.7/plugins/QCDMp4/aac2mp4.h
faad2-2.7/plugins/QCDMp4/aacinfo.c
faad2-2.7/plugins/QCDMp4/aacinfo.h
faad2-2.7/plugins/QCDMp4/config.c
faad2-2.7/plugins/QCDMp4/config.h
faad2-2.7/plugins/QCDMp4/mbs.h
faad2-2.7/plugins/QCDMp4/resource.h
faad2-2.7/plugins/QCDMp4/utils.c
faad2-2.7/plugins/QCDMp4/utils.h
faad2-2.7/plugins/mpeg4ip/
faad2-2.7/plugins/mpeg4ip/Makefile.in
faad2-2.7/plugins/mpeg4ip/Makefile.am
faad2-2.7/plugins/mpeg4ip/README_WIN32.txt
faad2-2.7/plugins/mpeg4ip/aa_file.cpp
faad2-2.7/plugins/mpeg4ip/aa_file.h
faad2-2.7/plugins/mpeg4ip/faad2.cpp
faad2-2.7/plugins/mpeg4ip/faad2.h
faad2-2.7/plugins/Makefile.in
faad2-2.7/aclocal.m4
faad2-2.7/config.guess
faad2-2.7/config.sub
faad2-2.7/ltmain.sh
faad2-2.7/config.h.in
faad2-2.7/configure
faad2-2.7/install-sh
faad2-2.7/missing
faad2-2.7/compile
faad2-2.7/depcomp
faad2-2.7/INSTALL
faad2-2.7/Makefile.in
checking for a BSD-compatible install... /usr/bin/ginstall -c
checking whether build environment is sane... yes
checking for gawk... gawk
checking whether make sets $(MAKE)... yes
checking build system type... i686-pc-linux-gnu
checking host system type... i686-pc-linux-gnu
checking for style of include used by make... GNU
checking for gcc... gcc
checking for C compiler default output file name... a.out
checking whether the C compiler works... yes
checking whether we are cross compiling... no
checking for suffix of executables... 
checking for suffix of object files... o
checking whether we are using the GNU C compiler... yes
checking whether gcc accepts -g... yes
checking for gcc option to accept ISO C89... none needed
checking dependency style of gcc... gcc3
checking for a sed that does not truncate output... /bin/sed
checking for grep that handles long lines and -e... /bin/grep
checking for egrep... /bin/grep -E
checking for ld used by gcc... /usr/i486-slackware-linux/bin/ld
checking if the linker (/usr/i486-slackware-linux/bin/ld) is GNU ld... yes
checking for /usr/i486-slackware-linux/bin/ld option to reload object files... -r
checking for BSD-compatible nm... /usr/bin/nm -B
checking whether ln -s works... yes
checking how to recognise dependent libraries... pass_all
checking how to run the C preprocessor... gcc -E
checking for ANSI C header files... yes
checking for sys/types.h... yes
checking for sys/stat.h... yes
checking for stdlib.h... yes
checking for string.h... yes
checking for memory.h... yes
checking for strings.h... yes
checking for inttypes.h... yes
checking for stdint.h... yes
checking for unistd.h... yes
checking dlfcn.h usability... yes
checking dlfcn.h presence... yes
checking for dlfcn.h... yes
checking for g++... g++
checking whether we are using the GNU C++ compiler... yes
checking whether g++ accepts -g... yes
checking dependency style of g++... gcc3
checking how to run the C++ preprocessor... g++ -E
checking for g77... no
checking for xlf... no
checking for f77... no
checking for frt... no
checking for pgf77... no
checking for cf77... no
checking for fort77... no
checking for fl32... no
checking for af77... no
checking for xlf90... no
checking for f90... no
checking for pgf90... no
checking for pghpf... no
checking for epcf90... no
checking for gfortran... no
checking for g95... no
checking for xlf95... no
checking for f95... no
checking for fort... no
checking for ifort... no
checking for ifc... no
checking for efc... no
checking for pgf95... no
checking for lf95... no
checking for ftn... no
checking whether we are using the GNU Fortran 77 compiler... no
checking whether  accepts -g... no
checking the maximum length of command line arguments... 32768
checking command to parse /usr/bin/nm -B output from gcc object... ok
checking for objdir... .libs
checking for ar... ar
checking for ranlib... ranlib
checking for strip... strip
checking if gcc supports -fno-rtti -fno-exceptions... no
checking for gcc option to produce PIC... -fPIC
checking if gcc PIC flag -fPIC works... yes
checking if gcc static flag -static works... yes
checking if gcc supports -c -o file.o... yes
checking whether the gcc linker (/usr/i486-slackware-linux/bin/ld) supports shared libraries... yes
checking whether -lc should be explicitly linked in... no
checking dynamic linker characteristics... GNU/Linux ld.so
checking how to hardcode library paths into programs... immediate
checking whether stripping libraries is possible... yes
checking if libtool supports shared libraries... yes
checking whether to build shared libraries... yes
checking whether to build static libraries... no
configure: creating libtool
appending configuration tag "CXX" to libtool
checking for ld used by g++... /usr/i486-slackware-linux/bin/ld
checking if the linker (/usr/i486-slackware-linux/bin/ld) is GNU ld... yes
checking whether the g++ linker (/usr/i486-slackware-linux/bin/ld) supports shared libraries... yes
checking for g++ option to produce PIC... -fPIC
checking if g++ PIC flag -fPIC works... yes
checking if g++ static flag -static works... yes
checking if g++ supports -c -o file.o... yes
checking whether the g++ linker (/usr/i486-slackware-linux/bin/ld) supports shared libraries... yes
checking dynamic linker characteristics... GNU/Linux ld.so
checking how to hardcode library paths into programs... immediate
appending configuration tag "F77" to libtool
checking for gcc... (cached) gcc
checking whether we are using the GNU C compiler... (cached) yes
checking whether gcc accepts -g... (cached) yes
checking for gcc option to accept ISO C89... (cached) none needed
checking dependency style of gcc... (cached) gcc3
checking whether gcc and cc understand -c and -o together... yes
checking how to run the C preprocessor... gcc -E
checking whether we are using the GNU C++ compiler... (cached) yes
checking whether g++ accepts -g... (cached) yes
checking dependency style of g++... (cached) gcc3
checking for a BSD-compatible install... /usr/bin/ginstall -c
checking whether ln -s works... yes
checking whether make sets $(MAKE)... (cached) yes
checking for rpmbuild... no
checking for ANSI C header files... (cached) yes
checking for stdint.h... (cached) yes
checking for inttypes.h... (cached) yes
checking mathf.h usability... no
checking mathf.h presence... no
checking for mathf.h... no
checking float.h usability... yes
checking float.h presence... yes
checking for float.h... yes
checking for strchr... yes
checking for memcpy... yes
checking sys/time.h usability... yes
checking sys/time.h presence... yes
checking for sys/time.h... yes
checking whether time.h and sys/time.h may both be included... yes
checking errno.h usability... yes
checking errno.h presence... yes
checking for errno.h... yes
checking for sys/stat.h... (cached) yes
checking for sys/types.h... (cached) yes
checking limits.h usability... yes
checking limits.h presence... yes
checking for limits.h... yes
checking sysfs/libsysfs.h usability... yes
checking sysfs/libsysfs.h presence... yes
checking for sysfs/libsysfs.h... yes
checking IOKit/IOKitLib.h usability... no
checking IOKit/IOKitLib.h presence... no
checking for IOKit/IOKitLib.h... no
checking for getpwuid... yes
checking for inline... inline
checking whether byte ordering is bigendian... no
checking for off_t... yes
checking for lrintf... yes
checking for float32_t temp... no
checking for strsep... yes
checking for mpeg4ip-config... no
configure: no xmms build configured
configure: creating ./config.status
config.status: creating libfaad/Makefile
config.status: creating common/Makefile
config.status: creating common/mp4ff/Makefile
config.status: creating plugins/Makefile
config.status: creating plugins/xmms/Makefile
config.status: creating plugins/xmms/src/Makefile
config.status: creating plugins/mpeg4ip/Makefile
config.status: creating faad2.spec
config.status: creating frontend/Makefile
config.status: creating Makefile
config.status: creating config.h
config.status: executing depfiles commands
make  all-recursive
make[1]: Entering directory `/mnt/sda6/00_new-woof/petbuilds-slacko-32/builds/faad2/faad2-2.7'
Making all in libfaad
make[2]: Entering directory `/mnt/sda6/00_new-woof/petbuilds-slacko-32/builds/faad2/faad2-2.7/libfaad'
if /bin/sh ../libtool --tag=CC --mode=compile gcc -DHAVE_CONFIG_H -I. -I. -I..    -iquote ../include -g -O2 -MT bits.lo -MD -MP -MF ".deps/bits.Tpo" -c -o bits.lo bits.c; \
then mv -f ".deps/bits.Tpo" ".deps/bits.Plo"; else rm -f ".deps/bits.Tpo"; exit 1; fi
if /bin/sh ../libtool --tag=CC --mode=compile gcc -DHAVE_CONFIG_H -I. -I. -I..    -iquote ../include -g -O2 -MT cfft.lo -MD -MP -MF ".deps/cfft.Tpo" -c -o cfft.lo cfft.c; \
then mv -f ".deps/cfft.Tpo" ".deps/cfft.Plo"; else rm -f ".deps/cfft.Tpo"; exit 1; fi
if /bin/sh ../libtool --tag=CC --mode=compile gcc -DHAVE_CONFIG_H -I. -I. -I..    -iquote ../include -g -O2 -MT decoder.lo -MD -MP -MF ".deps/decoder.Tpo" -c -o decoder.lo decoder.c; \
then mv -f ".deps/decoder.Tpo" ".deps/decoder.Plo"; else rm -f ".deps/decoder.Tpo"; exit 1; fi
if /bin/sh ../libtool --tag=CC --mode=compile gcc -DHAVE_CONFIG_H -I. -I. -I..    -iquote ../include -g -O2 -MT drc.lo -MD -MP -MF ".deps/drc.Tpo" -c -o drc.lo drc.c; \
then mv -f ".deps/drc.Tpo" ".deps/drc.Plo"; else rm -f ".deps/drc.Tpo"; exit 1; fi
mkdir .libs
 gcc -DHAVE_CONFIG_H -I. -I. -I.. -iquote ../include -g -O2 -MT decoder.lo -MD -MP -MF .deps/decoder.Tpo -c decoder.c  -fPIC -DPIC -o .libs/decoder.o
 gcc -DHAVE_CONFIG_H -I. -I. -I.. -iquote ../include -g -O2 -MT bits.lo -MD -MP -MF .deps/bits.Tpo -c bits.c  -fPIC -DPIC -o .libs/bits.o
 gcc -DHAVE_CONFIG_H -I. -I. -I.. -iquote ../include -g -O2 -MT drc.lo -MD -MP -MF .deps/drc.Tpo -c drc.c  -fPIC -DPIC -o .libs/drc.o
 gcc -DHAVE_CONFIG_H -I. -I. -I.. -iquote ../include -g -O2 -MT cfft.lo -MD -MP -MF .deps/cfft.Tpo -c cfft.c  -fPIC -DPIC -o .libs/cfft.o
if /bin/sh ../libtool --tag=CC --mode=compile gcc -DHAVE_CONFIG_H -I. -I. -I..    -iquote ../include -g -O2 -MT drm_dec.lo -MD -MP -MF ".deps/drm_dec.Tpo" -c -o drm_dec.lo drm_dec.c; \
then mv -f ".deps/drm_dec.Tpo" ".deps/drm_dec.Plo"; else rm -f ".deps/drm_dec.Tpo"; exit 1; fi
if /bin/sh ../libtool --tag=CC --mode=compile gcc -DHAVE_CONFIG_H -I. -I. -I..    -iquote ../include -g -O2 -MT error.lo -MD -MP -MF ".deps/error.Tpo" -c -o error.lo error.c; \
then mv -f ".deps/error.Tpo" ".deps/error.Plo"; else rm -f ".deps/error.Tpo"; exit 1; fi
if /bin/sh ../libtool --tag=CC --mode=compile gcc -DHAVE_CONFIG_H -I. -I. -I..    -iquote ../include -g -O2 -MT filtbank.lo -MD -MP -MF ".deps/filtbank.Tpo" -c -o filtbank.lo filtbank.c; \
then mv -f ".deps/filtbank.Tpo" ".deps/filtbank.Plo"; else rm -f ".deps/filtbank.Tpo"; exit 1; fi
 gcc -DHAVE_CONFIG_H -I. -I. -I.. -iquote ../include -g -O2 -MT drm_dec.lo -MD -MP -MF .deps/drm_dec.Tpo -c drm_dec.c  -fPIC -DPIC -o .libs/drm_dec.o
 gcc -DHAVE_CONFIG_H -I. -I. -I.. -iquote ../include -g -O2 -MT filtbank.lo -MD -MP -MF .deps/filtbank.Tpo -c filtbank.c  -fPIC -DPIC -o .libs/filtbank.o
if /bin/sh ../libtool --tag=CC --mode=compile gcc -DHAVE_CONFIG_H -I. -I. -I..    -iquote ../include -g -O2 -MT ic_predict.lo -MD -MP -MF ".deps/ic_predict.Tpo" -c -o ic_predict.lo ic_predict.c; \
then mv -f ".deps/ic_predict.Tpo" ".deps/ic_predict.Plo"; else rm -f ".deps/ic_predict.Tpo"; exit 1; fi
 gcc -DHAVE_CONFIG_H -I. -I. -I.. -iquote ../include -g -O2 -MT error.lo -MD -MP -MF .deps/error.Tpo -c error.c  -fPIC -DPIC -o .libs/error.o
if /bin/sh ../libtool --tag=CC --mode=compile gcc -DHAVE_CONFIG_H -I. -I. -I..    -iquote ../include -g -O2 -MT is.lo -MD -MP -MF ".deps/is.Tpo" -c -o is.lo is.c; \
then mv -f ".deps/is.Tpo" ".deps/is.Plo"; else rm -f ".deps/is.Tpo"; exit 1; fi
if /bin/sh ../libtool --tag=CC --mode=compile gcc -DHAVE_CONFIG_H -I. -I. -I..    -iquote ../include -g -O2 -MT lt_predict.lo -MD -MP -MF ".deps/lt_predict.Tpo" -c -o lt_predict.lo lt_predict.c; \
then mv -f ".deps/lt_predict.Tpo" ".deps/lt_predict.Plo"; else rm -f ".deps/lt_predict.Tpo"; exit 1; fi
 gcc -DHAVE_CONFIG_H -I. -I. -I.. -iquote ../include -g -O2 -MT ic_predict.lo -MD -MP -MF .deps/ic_predict.Tpo -c ic_predict.c  -fPIC -DPIC -o .libs/ic_predict.o
if /bin/sh ../libtool --tag=CC --mode=compile gcc -DHAVE_CONFIG_H -I. -I. -I..    -iquote ../include -g -O2 -MT mdct.lo -MD -MP -MF ".deps/mdct.Tpo" -c -o mdct.lo mdct.c; \
then mv -f ".deps/mdct.Tpo" ".deps/mdct.Plo"; else rm -f ".deps/mdct.Tpo"; exit 1; fi
 gcc -DHAVE_CONFIG_H -I. -I. -I.. -iquote ../include -g -O2 -MT lt_predict.lo -MD -MP -MF .deps/lt_predict.Tpo -c lt_predict.c  -fPIC -DPIC -o .libs/lt_predict.o
if /bin/sh ../libtool --tag=CC --mode=compile gcc -DHAVE_CONFIG_H -I. -I. -I..    -iquote ../include -g -O2 -MT mp4.lo -MD -MP -MF ".deps/mp4.Tpo" -c -o mp4.lo mp4.c; \
then mv -f ".deps/mp4.Tpo" ".deps/mp4.Plo"; else rm -f ".deps/mp4.Tpo"; exit 1; fi
 gcc -DHAVE_CONFIG_H -I. -I. -I.. -iquote ../include -g -O2 -MT is.lo -MD -MP -MF .deps/is.Tpo -c is.c  -fPIC -DPIC -o .libs/is.o
 gcc -DHAVE_CONFIG_H -I. -I. -I.. -iquote ../include -g -O2 -MT mdct.lo -MD -MP -MF .deps/mdct.Tpo -c mdct.c  -fPIC -DPIC -o .libs/mdct.o
if /bin/sh ../libtool --tag=CC --mode=compile gcc -DHAVE_CONFIG_H -I. -I. -I..    -iquote ../include -g -O2 -MT ms.lo -MD -MP -MF ".deps/ms.Tpo" -c -o ms.lo ms.c; \
then mv -f ".deps/ms.Tpo" ".deps/ms.Plo"; else rm -f ".deps/ms.Tpo"; exit 1; fi
if /bin/sh ../libtool --tag=CC --mode=compile gcc -DHAVE_CONFIG_H -I. -I. -I..    -iquote ../include -g -O2 -MT output.lo -MD -MP -MF ".deps/output.Tpo" -c -o output.lo output.c; \
then mv -f ".deps/output.Tpo" ".deps/output.Plo"; else rm -f ".deps/output.Tpo"; exit 1; fi
 gcc -DHAVE_CONFIG_H -I. -I. -I.. -iquote ../include -g -O2 -MT mp4.lo -MD -MP -MF .deps/mp4.Tpo -c mp4.c  -fPIC -DPIC -o .libs/mp4.o
if /bin/sh ../libtool --tag=CC --mode=compile gcc -DHAVE_CONFIG_H -I. -I. -I..    -iquote ../include -g -O2 -MT pns.lo -MD -MP -MF ".deps/pns.Tpo" -c -o pns.lo pns.c; \
then mv -f ".deps/pns.Tpo" ".deps/pns.Plo"; else rm -f ".deps/pns.Tpo"; exit 1; fi
 gcc -DHAVE_CONFIG_H -I. -I. -I.. -iquote ../include -g -O2 -MT ms.lo -MD -MP -MF .deps/ms.Tpo -c ms.c  -fPIC -DPIC -o .libs/ms.o
if /bin/sh ../libtool --tag=CC --mode=compile gcc -DHAVE_CONFIG_H -I. -I. -I..    -iquote ../include -g -O2 -MT ps_dec.lo -MD -MP -MF ".deps/ps_dec.Tpo" -c -o ps_dec.lo ps_dec.c; \
then mv -f ".deps/ps_dec.Tpo" ".deps/ps_dec.Plo"; else rm -f ".deps/ps_dec.Tpo"; exit 1; fi
 gcc -DHAVE_CONFIG_H -I. -I. -I.. -iquote ../include -g -O2 -MT output.lo -MD -MP -MF .deps/output.Tpo -c output.c  -fPIC -DPIC -o .libs/output.o
if /bin/sh ../libtool --tag=CC --mode=compile gcc -DHAVE_CONFIG_H -I. -I. -I..    -iquote ../include -g -O2 -MT ps_syntax.lo -MD -MP -MF ".deps/ps_syntax.Tpo" -c -o ps_syntax.lo ps_syntax.c; \
then mv -f ".deps/ps_syntax.Tpo" ".deps/ps_syntax.Plo"; else rm -f ".deps/ps_syntax.Tpo"; exit 1; fi
 gcc -DHAVE_CONFIG_H -I. -I. -I.. -iquote ../include -g -O2 -MT ps_dec.lo -MD -MP -MF .deps/ps_dec.Tpo -c ps_dec.c  -fPIC -DPIC -o .libs/ps_dec.o
 gcc -DHAVE_CONFIG_H -I. -I. -I.. -iquote ../include -g -O2 -MT pns.lo -MD -MP -MF .deps/pns.Tpo -c pns.c  -fPIC -DPIC -o .libs/pns.o
if /bin/sh ../libtool --tag=CC --mode=compile gcc -DHAVE_CONFIG_H -I. -I. -I..    -iquote ../include -g -O2 -MT pulse.lo -MD -MP -MF ".deps/pulse.Tpo" -c -o pulse.lo pulse.c; \
then mv -f ".deps/pulse.Tpo" ".deps/pulse.Plo"; else rm -f ".deps/pulse.Tpo"; exit 1; fi
if /bin/sh ../libtool --tag=CC --mode=compile gcc -DHAVE_CONFIG_H -I. -I. -I..    -iquote ../include -g -O2 -MT specrec.lo -MD -MP -MF ".deps/specrec.Tpo" -c -o specrec.lo specrec.c; \
then mv -f ".deps/specrec.Tpo" ".deps/specrec.Plo"; else rm -f ".deps/specrec.Tpo"; exit 1; fi
 gcc -DHAVE_CONFIG_H -I. -I. -I.. -iquote ../include -g -O2 -MT ps_syntax.lo -MD -MP -MF .deps/ps_syntax.Tpo -c ps_syntax.c  -fPIC -DPIC -o .libs/ps_syntax.o
if /bin/sh ../libtool --tag=CC --mode=compile gcc -DHAVE_CONFIG_H -I. -I. -I..    -iquote ../include -g -O2 -MT syntax.lo -MD -MP -MF ".deps/syntax.Tpo" -c -o syntax.lo syntax.c; \
then mv -f ".deps/syntax.Tpo" ".deps/syntax.Plo"; else rm -f ".deps/syntax.Tpo"; exit 1; fi
 gcc -DHAVE_CONFIG_H -I. -I. -I.. -iquote ../include -g -O2 -MT pulse.lo -MD -MP -MF .deps/pulse.Tpo -c pulse.c  -fPIC -DPIC -o .libs/pulse.o
 gcc -DHAVE_CONFIG_H -I. -I. -I.. -iquote ../include -g -O2 -MT specrec.lo -MD -MP -MF .deps/specrec.Tpo -c specrec.c  -fPIC -DPIC -o .libs/specrec.o
if /bin/sh ../libtool --tag=CC --mode=compile gcc -DHAVE_CONFIG_H -I. -I. -I..    -iquote ../include -g -O2 -MT tns.lo -MD -MP -MF ".deps/tns.Tpo" -c -o tns.lo tns.c; \
then mv -f ".deps/tns.Tpo" ".deps/tns.Plo"; else rm -f ".deps/tns.Tpo"; exit 1; fi
 gcc -DHAVE_CONFIG_H -I. -I. -I.. -iquote ../include -g -O2 -MT syntax.lo -MD -MP -MF .deps/syntax.Tpo -c syntax.c  -fPIC -DPIC -o .libs/syntax.o
if /bin/sh ../libtool --tag=CC --mode=compile gcc -DHAVE_CONFIG_H -I. -I. -I..    -iquote ../include -g -O2 -MT hcr.lo -MD -MP -MF ".deps/hcr.Tpo" -c -o hcr.lo hcr.c; \
then mv -f ".deps/hcr.Tpo" ".deps/hcr.Plo"; else rm -f ".deps/hcr.Tpo"; exit 1; fi
 gcc -DHAVE_CONFIG_H -I. -I. -I.. -iquote ../include -g -O2 -MT tns.lo -MD -MP -MF .deps/tns.Tpo -c tns.c  -fPIC -DPIC -o .libs/tns.o
if /bin/sh ../libtool --tag=CC --mode=compile gcc -DHAVE_CONFIG_H -I. -I. -I..    -iquote ../include -g -O2 -MT huffman.lo -MD -MP -MF ".deps/huffman.Tpo" -c -o huffman.lo huffman.c; \
then mv -f ".deps/huffman.Tpo" ".deps/huffman.Plo"; else rm -f ".deps/huffman.Tpo"; exit 1; fi
 gcc -DHAVE_CONFIG_H -I. -I. -I.. -iquote ../include -g -O2 -MT hcr.lo -MD -MP -MF .deps/hcr.Tpo -c hcr.c  -fPIC -DPIC -o .libs/hcr.o
if /bin/sh ../libtool --tag=CC --mode=compile gcc -DHAVE_CONFIG_H -I. -I. -I..    -iquote ../include -g -O2 -MT rvlc.lo -MD -MP -MF ".deps/rvlc.Tpo" -c -o rvlc.lo rvlc.c; \
then mv -f ".deps/rvlc.Tpo" ".deps/rvlc.Plo"; else rm -f ".deps/rvlc.Tpo"; exit 1; fi
if /bin/sh ../libtool --tag=CC --mode=compile gcc -DHAVE_CONFIG_H -I. -I. -I..    -iquote ../include -g -O2 -MT ssr.lo -MD -MP -MF ".deps/ssr.Tpo" -c -o ssr.lo ssr.c; \
then mv -f ".deps/ssr.Tpo" ".deps/ssr.Plo"; else rm -f ".deps/ssr.Tpo"; exit 1; fi
 gcc -DHAVE_CONFIG_H -I. -I. -I.. -iquote ../include -g -O2 -MT huffman.lo -MD -MP -MF .deps/huffman.Tpo -c huffman.c  -fPIC -DPIC -o .libs/huffman.o
if /bin/sh ../libtool --tag=CC --mode=compile gcc -DHAVE_CONFIG_H -I. -I. -I..    -iquote ../include -g -O2 -MT ssr_fb.lo -MD -MP -MF ".deps/ssr_fb.Tpo" -c -o ssr_fb.lo ssr_fb.c; \
then mv -f ".deps/ssr_fb.Tpo" ".deps/ssr_fb.Plo"; else rm -f ".deps/ssr_fb.Tpo"; exit 1; fi
 gcc -DHAVE_CONFIG_H -I. -I. -I.. -iquote ../include -g -O2 -MT rvlc.lo -MD -MP -MF .deps/rvlc.Tpo -c rvlc.c  -fPIC -DPIC -o .libs/rvlc.o
 gcc -DHAVE_CONFIG_H -I. -I. -I.. -iquote ../include -g -O2 -MT ssr.lo -MD -MP -MF .deps/ssr.Tpo -c ssr.c  -fPIC -DPIC -o .libs/ssr.o
if /bin/sh ../libtool --tag=CC --mode=compile gcc -DHAVE_CONFIG_H -I. -I. -I..    -iquote ../include -g -O2 -MT ssr_ipqf.lo -MD -MP -MF ".deps/ssr_ipqf.Tpo" -c -o ssr_ipqf.lo ssr_ipqf.c; \
then mv -f ".deps/ssr_ipqf.Tpo" ".deps/ssr_ipqf.Plo"; else rm -f ".deps/ssr_ipqf.Tpo"; exit 1; fi
if /bin/sh ../libtool --tag=CC --mode=compile gcc -DHAVE_CONFIG_H -I. -I. -I..    -iquote ../include -g -O2 -MT common.lo -MD -MP -MF ".deps/common.Tpo" -c -o common.lo common.c; \
then mv -f ".deps/common.Tpo" ".deps/common.Plo"; else rm -f ".deps/common.Tpo"; exit 1; fi
 gcc -DHAVE_CONFIG_H -I. -I. -I.. -iquote ../include -g -O2 -MT ssr_fb.lo -MD -MP -MF .deps/ssr_fb.Tpo -c ssr_fb.c  -fPIC -DPIC -o .libs/ssr_fb.o
if /bin/sh ../libtool --tag=CC --mode=compile gcc -DHAVE_CONFIG_H -I. -I. -I..    -iquote ../include -g -O2 -MT sbr_dct.lo -MD -MP -MF ".deps/sbr_dct.Tpo" -c -o sbr_dct.lo sbr_dct.c; \
then mv -f ".deps/sbr_dct.Tpo" ".deps/sbr_dct.Plo"; else rm -f ".deps/sbr_dct.Tpo"; exit 1; fi
 gcc -DHAVE_CONFIG_H -I. -I. -I.. -iquote ../include -g -O2 -MT ssr_ipqf.lo -MD -MP -MF .deps/ssr_ipqf.Tpo -c ssr_ipqf.c  -fPIC -DPIC -o .libs/ssr_ipqf.o
 gcc -DHAVE_CONFIG_H -I. -I. -I.. -iquote ../include -g -O2 -MT common.lo -MD -MP -MF .deps/common.Tpo -c common.c  -fPIC -DPIC -o .libs/common.o
if /bin/sh ../libtool --tag=CC --mode=compile gcc -DHAVE_CONFIG_H -I. -I. -I..    -iquote ../include -g -O2 -MT sbr_e_nf.lo -MD -MP -MF ".deps/sbr_e_nf.Tpo" -c -o sbr_e_nf.lo sbr_e_nf.c; \
then mv -f ".deps/sbr_e_nf.Tpo" ".deps/sbr_e_nf.Plo"; else rm -f ".deps/sbr_e_nf.Tpo"; exit 1; fi
if /bin/sh ../libtool --tag=CC --mode=compile gcc -DHAVE_CONFIG_H -I. -I. -I..    -iquote ../include -g -O2 -MT sbr_fbt.lo -MD -MP -MF ".deps/sbr_fbt.Tpo" -c -o sbr_fbt.lo sbr_fbt.c; \
then mv -f ".deps/sbr_fbt.Tpo" ".deps/sbr_fbt.Plo"; else rm -f ".deps/sbr_fbt.Tpo"; exit 1; fi
if /bin/sh ../libtool --tag=CC --mode=compile gcc -DHAVE_CONFIG_H -I. -I. -I..    -iquote ../include -g -O2 -MT sbr_hfadj.lo -MD -MP -MF ".deps/sbr_hfadj.Tpo" -c -o sbr_hfadj.lo sbr_hfadj.c; \
then mv -f ".deps/sbr_hfadj.Tpo" ".deps/sbr_hfadj.Plo"; else rm -f ".deps/sbr_hfadj.Tpo"; exit 1; fi
 gcc -DHAVE_CONFIG_H -I. -I. -I.. -iquote ../include -g -O2 -MT sbr_dct.lo -MD -MP -MF .deps/sbr_dct.Tpo -c sbr_dct.c  -fPIC -DPIC -o .libs/sbr_dct.o
 gcc -DHAVE_CONFIG_H -I. -I. -I.. -iquote ../include -g -O2 -MT sbr_e_nf.lo -MD -MP -MF .deps/sbr_e_nf.Tpo -c sbr_e_nf.c  -fPIC -DPIC -o .libs/sbr_e_nf.o
 gcc -DHAVE_CONFIG_H -I. -I. -I.. -iquote ../include -g -O2 -MT sbr_fbt.lo -MD -MP -MF .deps/sbr_fbt.Tpo -c sbr_fbt.c  -fPIC -DPIC -o .libs/sbr_fbt.o
 gcc -DHAVE_CONFIG_H -I. -I. -I.. -iquote ../include -g -O2 -MT sbr_hfadj.lo -MD -MP -MF .deps/sbr_hfadj.Tpo -c sbr_hfadj.c  -fPIC -DPIC -o .libs/sbr_hfadj.o
if /bin/sh ../libtool --tag=CC --mode=compile gcc -DHAVE_CONFIG_H -I. -I. -I..    -iquote ../include -g -O2 -MT sbr_hfgen.lo -MD -MP -MF ".deps/sbr_hfgen.Tpo" -c -o sbr_hfgen.lo sbr_hfgen.c; \
then mv -f ".deps/sbr_hfgen.Tpo" ".deps/sbr_hfgen.Plo"; else rm -f ".deps/sbr_hfgen.Tpo"; exit 1; fi
if /bin/sh ../libtool --tag=CC --mode=compile gcc -DHAVE_CONFIG_H -I. -I. -I..    -iquote ../include -g -O2 -MT sbr_huff.lo -MD -MP -MF ".deps/sbr_huff.Tpo" -c -o sbr_huff.lo sbr_huff.c; \
then mv -f ".deps/sbr_huff.Tpo" ".deps/sbr_huff.Plo"; else rm -f ".deps/sbr_huff.Tpo"; exit 1; fi
if /bin/sh ../libtool --tag=CC --mode=compile gcc -DHAVE_CONFIG_H -I. -I. -I..    -iquote ../include -g -O2 -MT sbr_qmf.lo -MD -MP -MF ".deps/sbr_qmf.Tpo" -c -o sbr_qmf.lo sbr_qmf.c; \
then mv -f ".deps/sbr_qmf.Tpo" ".deps/sbr_qmf.Plo"; else rm -f ".deps/sbr_qmf.Tpo"; exit 1; fi
 gcc -DHAVE_CONFIG_H -I. -I. -I.. -iquote ../include -g -O2 -MT sbr_hfgen.lo -MD -MP -MF .deps/sbr_hfgen.Tpo -c sbr_hfgen.c  -fPIC -DPIC -o .libs/sbr_hfgen.o
if /bin/sh ../libtool --tag=CC --mode=compile gcc -DHAVE_CONFIG_H -I. -I. -I..    -iquote ../include -g -O2 -MT sbr_syntax.lo -MD -MP -MF ".deps/sbr_syntax.Tpo" -c -o sbr_syntax.lo sbr_syntax.c; \
then mv -f ".deps/sbr_syntax.Tpo" ".deps/sbr_syntax.Plo"; else rm -f ".deps/sbr_syntax.Tpo"; exit 1; fi
 gcc -DHAVE_CONFIG_H -I. -I. -I.. -iquote ../include -g -O2 -MT sbr_qmf.lo -MD -MP -MF .deps/sbr_qmf.Tpo -c sbr_qmf.c  -fPIC -DPIC -o .libs/sbr_qmf.o
 gcc -DHAVE_CONFIG_H -I. -I. -I.. -iquote ../include -g -O2 -MT sbr_huff.lo -MD -MP -MF .deps/sbr_huff.Tpo -c sbr_huff.c  -fPIC -DPIC -o .libs/sbr_huff.o
if /bin/sh ../libtool --tag=CC --mode=compile gcc -DHAVE_CONFIG_H -I. -I. -I..    -iquote ../include -g -O2 -MT sbr_tf_grid.lo -MD -MP -MF ".deps/sbr_tf_grid.Tpo" -c -o sbr_tf_grid.lo sbr_tf_grid.c; \
then mv -f ".deps/sbr_tf_grid.Tpo" ".deps/sbr_tf_grid.Plo"; else rm -f ".deps/sbr_tf_grid.Tpo"; exit 1; fi
if /bin/sh ../libtool --tag=CC --mode=compile gcc -DHAVE_CONFIG_H -I. -I. -I..    -iquote ../include -g -O2 -MT sbr_dec.lo -MD -MP -MF ".deps/sbr_dec.Tpo" -c -o sbr_dec.lo sbr_dec.c; \
then mv -f ".deps/sbr_dec.Tpo" ".deps/sbr_dec.Plo"; else rm -f ".deps/sbr_dec.Tpo"; exit 1; fi
 gcc -DHAVE_CONFIG_H -I. -I. -I.. -iquote ../include -g -O2 -MT sbr_syntax.lo -MD -MP -MF .deps/sbr_syntax.Tpo -c sbr_syntax.c  -fPIC -DPIC -o .libs/sbr_syntax.o
 gcc -DHAVE_CONFIG_H -I. -I. -I.. -iquote ../include -g -O2 -MT sbr_tf_grid.lo -MD -MP -MF .deps/sbr_tf_grid.Tpo -c sbr_tf_grid.c  -fPIC -DPIC -o .libs/sbr_tf_grid.o
 gcc -DHAVE_CONFIG_H -I. -I. -I.. -iquote ../include -g -O2 -MT sbr_dec.lo -MD -MP -MF .deps/sbr_dec.Tpo -c sbr_dec.c  -fPIC -DPIC -o .libs/sbr_dec.o
/bin/sh ../libtool --tag=CC --mode=link gcc -iquote ../include -g -O2   -o libfaad.la -rpath /usr/lib -version-info 2:0:0 bits.lo cfft.lo decoder.lo drc.lo drm_dec.lo error.lo filtbank.lo ic_predict.lo is.lo lt_predict.lo mdct.lo mp4.lo ms.lo output.lo pns.lo ps_dec.lo ps_syntax.lo pulse.lo specrec.lo syntax.lo tns.lo hcr.lo huffman.lo rvlc.lo ssr.lo ssr_fb.lo ssr_ipqf.lo common.lo sbr_dct.lo sbr_e_nf.lo sbr_fbt.lo sbr_hfadj.lo sbr_hfgen.lo sbr_huff.lo sbr_qmf.lo sbr_syntax.lo sbr_tf_grid.lo sbr_dec.lo -lm 
gcc -shared  .libs/bits.o .libs/cfft.o .libs/decoder.o .libs/drc.o .libs/drm_dec.o .libs/error.o .libs/filtbank.o .libs/ic_predict.o .libs/is.o .libs/lt_predict.o .libs/mdct.o .libs/mp4.o .libs/ms.o .libs/output.o .libs/pns.o .libs/ps_dec.o .libs/ps_syntax.o .libs/pulse.o .libs/specrec.o .libs/syntax.o .libs/tns.o .libs/hcr.o .libs/huffman.o .libs/rvlc.o .libs/ssr.o .libs/ssr_fb.o .libs/ssr_ipqf.o .libs/common.o .libs/sbr_dct.o .libs/sbr_e_nf.o .libs/sbr_fbt.o .libs/sbr_hfadj.o .libs/sbr_hfgen.o .libs/sbr_huff.o .libs/sbr_qmf.o .libs/sbr_syntax.o .libs/sbr_tf_grid.o .libs/sbr_dec.o  -lm  -Wl,-soname -Wl,libfaad.so.2 -o .libs/libfaad.so.2.0.0
(cd .libs && rm -f libfaad.so.2 && ln -s libfaad.so.2.0.0 libfaad.so.2)
(cd .libs && rm -f libfaad.so && ln -s libfaad.so.2.0.0 libfaad.so)
creating libfaad.la
(cd .libs && rm -f libfaad.la && ln -s ../libfaad.la libfaad.la)
make[2]: Leaving directory `/mnt/sda6/00_new-woof/petbuilds-slacko-32/builds/faad2/faad2-2.7/libfaad'
Making all in common
make[2]: Entering directory `/mnt/sda6/00_new-woof/petbuilds-slacko-32/builds/faad2/faad2-2.7/common'
Making all in mp4ff
make[3]: Entering directory `/mnt/sda6/00_new-woof/petbuilds-slacko-32/builds/faad2/faad2-2.7/common/mp4ff'
if gcc -DHAVE_CONFIG_H -I. -I. -I../..    -DUSE_TAGGING=1 -g -O2 -MT libmp4ff_a-mp4ff.o -MD -MP -MF ".deps/libmp4ff_a-mp4ff.Tpo" -c -o libmp4ff_a-mp4ff.o `test -f 'mp4ff.c' || echo './'`mp4ff.c; \
then mv -f ".deps/libmp4ff_a-mp4ff.Tpo" ".deps/libmp4ff_a-mp4ff.Po"; else rm -f ".deps/libmp4ff_a-mp4ff.Tpo"; exit 1; fi
if gcc -DHAVE_CONFIG_H -I. -I. -I../..    -DUSE_TAGGING=1 -g -O2 -MT libmp4ff_a-mp4atom.o -MD -MP -MF ".deps/libmp4ff_a-mp4atom.Tpo" -c -o libmp4ff_a-mp4atom.o `test -f 'mp4atom.c' || echo './'`mp4atom.c; \
then mv -f ".deps/libmp4ff_a-mp4atom.Tpo" ".deps/libmp4ff_a-mp4atom.Po"; else rm -f ".deps/libmp4ff_a-mp4atom.Tpo"; exit 1; fi
if gcc -DHAVE_CONFIG_H -I. -I. -I../..    -DUSE_TAGGING=1 -g -O2 -MT libmp4ff_a-mp4meta.o -MD -MP -MF ".deps/libmp4ff_a-mp4meta.Tpo" -c -o libmp4ff_a-mp4meta.o `test -f 'mp4meta.c' || echo './'`mp4meta.c; \
then mv -f ".deps/libmp4ff_a-mp4meta.Tpo" ".deps/libmp4ff_a-mp4meta.Po"; else rm -f ".deps/libmp4ff_a-mp4meta.Tpo"; exit 1; fi
if gcc -DHAVE_CONFIG_H -I. -I. -I../..    -DUSE_TAGGING=1 -g -O2 -MT libmp4ff_a-mp4sample.o -MD -MP -MF ".deps/libmp4ff_a-mp4sample.Tpo" -c -o libmp4ff_a-mp4sample.o `test -f 'mp4sample.c' || echo './'`mp4sample.c; \
then mv -f ".deps/libmp4ff_a-mp4sample.Tpo" ".deps/libmp4ff_a-mp4sample.Po"; else rm -f ".deps/libmp4ff_a-mp4sample.Tpo"; exit 1; fi
if gcc -DHAVE_CONFIG_H -I. -I. -I../..    -DUSE_TAGGING=1 -g -O2 -MT libmp4ff_a-mp4util.o -MD -MP -MF ".deps/libmp4ff_a-mp4util.Tpo" -c -o libmp4ff_a-mp4util.o `test -f 'mp4util.c' || echo './'`mp4util.c; \
then mv -f ".deps/libmp4ff_a-mp4util.Tpo" ".deps/libmp4ff_a-mp4util.Po"; else rm -f ".deps/libmp4ff_a-mp4util.Tpo"; exit 1; fi
if gcc -DHAVE_CONFIG_H -I. -I. -I../..    -DUSE_TAGGING=1 -g -O2 -MT libmp4ff_a-mp4tagupdate.o -MD -MP -MF ".deps/libmp4ff_a-mp4tagupdate.Tpo" -c -o libmp4ff_a-mp4tagupdate.o `test -f 'mp4tagupdate.c' || echo './'`mp4tagupdate.c; \
then mv -f ".deps/libmp4ff_a-mp4tagupdate.Tpo" ".deps/libmp4ff_a-mp4tagupdate.Po"; else rm -f ".deps/libmp4ff_a-mp4tagupdate.Tpo"; exit 1; fi
rm -f libmp4ff.a
ar cru libmp4ff.a libmp4ff_a-mp4ff.o libmp4ff_a-mp4atom.o libmp4ff_a-mp4meta.o libmp4ff_a-mp4sample.o libmp4ff_a-mp4util.o libmp4ff_a-mp4tagupdate.o 
ranlib libmp4ff.a
make[3]: Leaving directory `/mnt/sda6/00_new-woof/petbuilds-slacko-32/builds/faad2/faad2-2.7/common/mp4ff'
make[3]: Entering directory `/mnt/sda6/00_new-woof/petbuilds-slacko-32/builds/faad2/faad2-2.7/common'
make[3]: Nothing to be done for `all-am'.
make[3]: Leaving directory `/mnt/sda6/00_new-woof/petbuilds-slacko-32/builds/faad2/faad2-2.7/common'
make[2]: Leaving directory `/mnt/sda6/00_new-woof/petbuilds-slacko-32/builds/faad2/faad2-2.7/common'
Making all in frontend
make[2]: Entering directory `/mnt/sda6/00_new-woof/petbuilds-slacko-32/builds/faad2/faad2-2.7/frontend'
if gcc -DHAVE_CONFIG_H -I. -I. -I.. -I../include -I../common/faad -I../common/mp4ff    -g -O2 -MT main.o -MD -MP -MF ".deps/main.Tpo" -c -o main.o main.c; \
then mv -f ".deps/main.Tpo" ".deps/main.Po"; else rm -f ".deps/main.Tpo"; exit 1; fi
if gcc -DHAVE_CONFIG_H -I. -I. -I.. -I../include -I../common/faad -I../common/mp4ff    -g -O2 -MT audio.o -MD -MP -MF ".deps/audio.Tpo" -c -o audio.o audio.c; \
then mv -f ".deps/audio.Tpo" ".deps/audio.Po"; else rm -f ".deps/audio.Tpo"; exit 1; fi
if gcc -DHAVE_CONFIG_H -I. -I. -I.. -I../include -I../common/faad -I../common/mp4ff    -g -O2 -MT getopt.o -MD -MP -MF ".deps/getopt.Tpo" -c -o getopt.o `test -f '../common/faad/getopt.c' || echo './'`../common/faad/getopt.c; \
then mv -f ".deps/getopt.Tpo" ".deps/getopt.Po"; else rm -f ".deps/getopt.Tpo"; exit 1; fi
/bin/sh ../libtool --tag=CC --mode=link gcc  -g -O2   -o faad  main.o audio.o getopt.o ../libfaad/libfaad.la ../common/mp4ff/libmp4ff.a 
mkdir .libs
gcc -g -O2 -o .libs/faad main.o audio.o getopt.o  ../libfaad/.libs/libfaad.so ../common/mp4ff/libmp4ff.a
creating faad
make[2]: Leaving directory `/mnt/sda6/00_new-woof/petbuilds-slacko-32/builds/faad2/faad2-2.7/frontend'
Making all in plugins
make[2]: Entering directory `/mnt/sda6/00_new-woof/petbuilds-slacko-32/builds/faad2/faad2-2.7/plugins'
make[3]: Entering directory `/mnt/sda6/00_new-woof/petbuilds-slacko-32/builds/faad2/faad2-2.7/plugins'
make[3]: Nothing to be done for `all-am'.
make[3]: Leaving directory `/mnt/sda6/00_new-woof/petbuilds-slacko-32/builds/faad2/faad2-2.7/plugins'
make[2]: Leaving directory `/mnt/sda6/00_new-woof/petbuilds-slacko-32/builds/faad2/faad2-2.7/plugins'
make[2]: Entering directory `/mnt/sda6/00_new-woof/petbuilds-slacko-32/builds/faad2/faad2-2.7'
make[2]: Leaving directory `/mnt/sda6/00_new-woof/petbuilds-slacko-32/builds/faad2/faad2-2.7'
make[1]: Leaving directory `/mnt/sda6/00_new-woof/petbuilds-slacko-32/builds/faad2/faad2-2.7'
Making install in libfaad
make[1]: Entering directory `/mnt/sda6/00_new-woof/petbuilds-slacko-32/builds/faad2/faad2-2.7/libfaad'
make[2]: Entering directory `/mnt/sda6/00_new-woof/petbuilds-slacko-32/builds/faad2/faad2-2.7/libfaad'
test -z "/usr/lib" || /mnt/sda6/00_new-woof/petbuilds-slacko-32/builds/faad2/faad2-2.7/install-sh -d "/mnt/sda6/00_new-woof/petbuilds-slacko-32/builds/faad2/faad2-install/usr/lib"
 /bin/sh ../libtool --mode=install /usr/bin/ginstall -c  'libfaad.la' '/mnt/sda6/00_new-woof/petbuilds-slacko-32/builds/faad2/faad2-install/usr/lib/libfaad.la'
/usr/bin/ginstall -c .libs/libfaad.so.2.0.0 /mnt/sda6/00_new-woof/petbuilds-slacko-32/builds/faad2/faad2-install/usr/lib/libfaad.so.2.0.0
(cd /mnt/sda6/00_new-woof/petbuilds-slacko-32/builds/faad2/faad2-install/usr/lib && { ln -s -f libfaad.so.2.0.0 libfaad.so.2 || { rm -f libfaad.so.2 && ln -s libfaad.so.2.0.0 libfaad.so.2; }; })
(cd /mnt/sda6/00_new-woof/petbuilds-slacko-32/builds/faad2/faad2-install/usr/lib && { ln -s -f libfaad.so.2.0.0 libfaad.so || { rm -f libfaad.so && ln -s libfaad.so.2.0.0 libfaad.so; }; })
/usr/bin/ginstall -c .libs/libfaad.lai /mnt/sda6/00_new-woof/petbuilds-slacko-32/builds/faad2/faad2-install/usr/lib/libfaad.la
libtool: install: warning: remember to run `libtool --finish /usr/lib'
test -z "/usr/include" || /mnt/sda6/00_new-woof/petbuilds-slacko-32/builds/faad2/faad2-2.7/install-sh -d "/mnt/sda6/00_new-woof/petbuilds-slacko-32/builds/faad2/faad2-install/usr/include"
 /usr/bin/ginstall -c -m 644 '../include/faad.h' '/mnt/sda6/00_new-woof/petbuilds-slacko-32/builds/faad2/faad2-install/usr/include/faad.h'
 /usr/bin/ginstall -c -m 644 '../include/neaacdec.h' '/mnt/sda6/00_new-woof/petbuilds-slacko-32/builds/faad2/faad2-install/usr/include/neaacdec.h'
make[2]: Leaving directory `/mnt/sda6/00_new-woof/petbuilds-slacko-32/builds/faad2/faad2-2.7/libfaad'
make[1]: Leaving directory `/mnt/sda6/00_new-woof/petbuilds-slacko-32/builds/faad2/faad2-2.7/libfaad'
Making install in common
make[1]: Entering directory `/mnt/sda6/00_new-woof/petbuilds-slacko-32/builds/faad2/faad2-2.7/common'
Making install in mp4ff
make[2]: Entering directory `/mnt/sda6/00_new-woof/petbuilds-slacko-32/builds/faad2/faad2-2.7/common/mp4ff'
make[3]: Entering directory `/mnt/sda6/00_new-woof/petbuilds-slacko-32/builds/faad2/faad2-2.7/common/mp4ff'
test -z "/usr/lib" || /mnt/sda6/00_new-woof/petbuilds-slacko-32/builds/faad2/faad2-2.7/install-sh -d "/mnt/sda6/00_new-woof/petbuilds-slacko-32/builds/faad2/faad2-install/usr/lib"
 /usr/bin/ginstall -c -m 644 'libmp4ff.a' '/mnt/sda6/00_new-woof/petbuilds-slacko-32/builds/faad2/faad2-install/usr/lib/libmp4ff.a'
 ranlib '/mnt/sda6/00_new-woof/petbuilds-slacko-32/builds/faad2/faad2-install/usr/lib/libmp4ff.a'
test -z "/usr/include" || /mnt/sda6/00_new-woof/petbuilds-slacko-32/builds/faad2/faad2-2.7/install-sh -d "/mnt/sda6/00_new-woof/petbuilds-slacko-32/builds/faad2/faad2-install/usr/include"
 /usr/bin/ginstall -c -m 644 'mp4ff.h' '/mnt/sda6/00_new-woof/petbuilds-slacko-32/builds/faad2/faad2-install/usr/include/mp4ff.h'
 /usr/bin/ginstall -c -m 644 'mp4ffint.h' '/mnt/sda6/00_new-woof/petbuilds-slacko-32/builds/faad2/faad2-install/usr/include/mp4ffint.h'
make[3]: Leaving directory `/mnt/sda6/00_new-woof/petbuilds-slacko-32/builds/faad2/faad2-2.7/common/mp4ff'
make[2]: Leaving directory `/mnt/sda6/00_new-woof/petbuilds-slacko-32/builds/faad2/faad2-2.7/common/mp4ff'
make[2]: Entering directory `/mnt/sda6/00_new-woof/petbuilds-slacko-32/builds/faad2/faad2-2.7/common'
make[3]: Entering directory `/mnt/sda6/00_new-woof/petbuilds-slacko-32/builds/faad2/faad2-2.7/common'
make[3]: Nothing to be done for `install-exec-am'.
make[3]: Nothing to be done for `install-data-am'.
make[3]: Leaving directory `/mnt/sda6/00_new-woof/petbuilds-slacko-32/builds/faad2/faad2-2.7/common'
make[2]: Leaving directory `/mnt/sda6/00_new-woof/petbuilds-slacko-32/builds/faad2/faad2-2.7/common'
make[1]: Leaving directory `/mnt/sda6/00_new-woof/petbuilds-slacko-32/builds/faad2/faad2-2.7/common'
Making install in frontend
make[1]: Entering directory `/mnt/sda6/00_new-woof/petbuilds-slacko-32/builds/faad2/faad2-2.7/frontend'
make[2]: Entering directory `/mnt/sda6/00_new-woof/petbuilds-slacko-32/builds/faad2/faad2-2.7/frontend'
test -z "/usr/bin" || /mnt/sda6/00_new-woof/petbuilds-slacko-32/builds/faad2/faad2-2.7/install-sh -d "/mnt/sda6/00_new-woof/petbuilds-slacko-32/builds/faad2/faad2-install/usr/bin"
  /bin/sh ../libtool --mode=install /usr/bin/ginstall -c 'faad' '/mnt/sda6/00_new-woof/petbuilds-slacko-32/builds/faad2/faad2-install/usr/bin/faad'
/usr/bin/ginstall -c .libs/faad /mnt/sda6/00_new-woof/petbuilds-slacko-32/builds/faad2/faad2-install/usr/bin/faad
test -z "/usr/share/man/manm" || /mnt/sda6/00_new-woof/petbuilds-slacko-32/builds/faad2/faad2-2.7/install-sh -d "/mnt/sda6/00_new-woof/petbuilds-slacko-32/builds/faad2/faad2-install/usr/share/man/manm"
 /usr/bin/ginstall -c -m 644 './faad.man' '/mnt/sda6/00_new-woof/petbuilds-slacko-32/builds/faad2/faad2-install/usr/share/man/manm/faad.man'
make[2]: Leaving directory `/mnt/sda6/00_new-woof/petbuilds-slacko-32/builds/faad2/faad2-2.7/frontend'
make[1]: Leaving directory `/mnt/sda6/00_new-woof/petbuilds-slacko-32/builds/faad2/faad2-2.7/frontend'
Making install in plugins
make[1]: Entering directory `/mnt/sda6/00_new-woof/petbuilds-slacko-32/builds/faad2/faad2-2.7/plugins'
make[2]: Entering directory `/mnt/sda6/00_new-woof/petbuilds-slacko-32/builds/faad2/faad2-2.7/plugins'
make[3]: Entering directory `/mnt/sda6/00_new-woof/petbuilds-slacko-32/builds/faad2/faad2-2.7/plugins'
make[3]: Nothing to be done for `install-exec-am'.
make[3]: Nothing to be done for `install-data-am'.
make[3]: Leaving directory `/mnt/sda6/00_new-woof/petbuilds-slacko-32/builds/faad2/faad2-2.7/plugins'
make[2]: Leaving directory `/mnt/sda6/00_new-woof/petbuilds-slacko-32/builds/faad2/faad2-2.7/plugins'
make[1]: Leaving directory `/mnt/sda6/00_new-woof/petbuilds-slacko-32/builds/faad2/faad2-2.7/plugins'
make[1]: Entering directory `/mnt/sda6/00_new-woof/petbuilds-slacko-32/builds/faad2/faad2-2.7'
make[2]: Entering directory `/mnt/sda6/00_new-woof/petbuilds-slacko-32/builds/faad2/faad2-2.7'
make[2]: Nothing to be done for `install-exec-am'.
make[2]: Nothing to be done for `install-data-am'.
make[2]: Leaving directory `/mnt/sda6/00_new-woof/petbuilds-slacko-32/builds/faad2/faad2-2.7'
make[1]: Leaving directory `/mnt/sda6/00_new-woof/petbuilds-slacko-32/builds/faad2/faad2-2.7'
/mnt/sda6/00_new-woof/petbuilds-slacko-32/builds/faad2
Found 'i686'
Processing ../faad2-install/usr/bin/faad
Processing ../faad2-install/usr/include/faad.h
Processing ../faad2-install/usr/include/mp4ff.h
Processing ../faad2-install/usr/include/mp4ffint.h
Processing ../faad2-install/usr/include/neaacdec.h
Processing ../faad2-install/usr/lib/libfaad.la
Processing ../faad2-install/usr/lib/libfaad.so
Processing ../faad2-install/usr/lib/libfaad.so.2
Processing ../faad2-install/usr/lib/libfaad.so.2.0.0
Processing ../faad2-install/usr/lib/libmp4ff.a
Processing ../faad2-install/usr/share/man/manm/faad.man
all done
packaging faad2-2.7-i686_slk600
packaging faad2_DEV-2.7-i686_slk600
packaging faad2_DOC-2.7-i686_slk600
done!
