fltk-1.3.0/
fltk-1.3.0/ANNOUNCEMENT
fltk-1.3.0/cairo/
fltk-1.3.0/cairo/CMakeLists.txt
fltk-1.3.0/cairo/Fl_Cairo.cxx
fltk-1.3.0/cairo/makedepend
fltk-1.3.0/cairo/Makefile
fltk-1.3.0/CHANGES
fltk-1.3.0/CMake/
fltk-1.3.0/CMake/cmake_uninstall.cmake.in
fltk-1.3.0/CMake/FLTKConfig.cmake.in
fltk-1.3.0/CMake/install-symlinks.cmake.in
fltk-1.3.0/CMake/posixScandir.cxx
fltk-1.3.0/CMake/UseFLTK.cmake.in
fltk-1.3.0/CMakeLists.txt
fltk-1.3.0/configh.cmake.in
fltk-1.3.0/configh.in
fltk-1.3.0/configure
fltk-1.3.0/configure.in
fltk-1.3.0/COPYING
fltk-1.3.0/CREDITS
fltk-1.3.0/DartConfig.cmake
fltk-1.3.0/documentation/
fltk-1.3.0/documentation/Doxybook
fltk-1.3.0/documentation/Doxyfile
fltk-1.3.0/documentation/Makefile
fltk-1.3.0/documentation/README
fltk-1.3.0/documentation/src/
fltk-1.3.0/documentation/src/adjuster1.png
fltk-1.3.0/documentation/src/advanced.dox
fltk-1.3.0/documentation/src/basics.dox
fltk-1.3.0/documentation/src/blocks.man
fltk-1.3.0/documentation/src/boxtypes.png
fltk-1.3.0/documentation/src/buttons.png
fltk-1.3.0/documentation/src/charts.png
fltk-1.3.0/documentation/src/checkers.man
fltk-1.3.0/documentation/src/choice.png
fltk-1.3.0/documentation/src/clock.png
fltk-1.3.0/documentation/src/common.dox
fltk-1.3.0/documentation/src/counter.png
fltk-1.3.0/documentation/src/cubeview.png
fltk-1.3.0/documentation/src/development.dox
fltk-1.3.0/documentation/src/dial.png
fltk-1.3.0/documentation/src/drawing.dox
fltk-1.3.0/documentation/src/editor-replace.png
fltk-1.3.0/documentation/src/editor.dox
fltk-1.3.0/documentation/src/editor.png
fltk-1.3.0/documentation/src/enumerations.dox
fltk-1.3.0/documentation/src/events.dox
fltk-1.3.0/documentation/src/examples.dox
fltk-1.3.0/documentation/src/FL.png
fltk-1.3.0/documentation/src/FL200.png
fltk-1.3.0/documentation/src/fl_alert.png
fltk-1.3.0/documentation/src/fl_ask.png
fltk-1.3.0/documentation/src/Fl_Check_Button.png
fltk-1.3.0/documentation/src/fl_choice.png
fltk-1.3.0/documentation/src/fl_color_chooser.jpg
fltk-1.3.0/documentation/src/Fl_File_Chooser.jpg
fltk-1.3.0/documentation/src/Fl_File_Input.png
fltk-1.3.0/documentation/src/Fl_Help_Dialog.png
fltk-1.3.0/documentation/src/fl_input.png
fltk-1.3.0/documentation/src/Fl_Light_Button.png
fltk-1.3.0/documentation/src/fl_message.png
fltk-1.3.0/documentation/src/Fl_Native_File_Chooser.png
fltk-1.3.0/documentation/src/fl_password.png
fltk-1.3.0/documentation/src/Fl_Return_Button.png
fltk-1.3.0/documentation/src/Fl_Roller.png
fltk-1.3.0/documentation/src/Fl_Round_Button.png
fltk-1.3.0/documentation/src/Fl_Scroll.png
fltk-1.3.0/documentation/src/fl_show_colormap.png
fltk-1.3.0/documentation/src/Fl_Tile.png
fltk-1.3.0/documentation/src/Fl_Value_Input.png
fltk-1.3.0/documentation/src/Fl_Value_Output.png
fltk-1.3.0/documentation/src/fltk-book.tex
fltk-1.3.0/documentation/src/fltk-config.man
fltk-1.3.0/documentation/src/fltk.book
fltk-1.3.0/documentation/src/fltk.man
fltk-1.3.0/documentation/src/fluid-catgets.png
fltk-1.3.0/documentation/src/fluid-gettext.png
fltk-1.3.0/documentation/src/fluid-org.png
fltk-1.3.0/documentation/src/fluid.dox
fltk-1.3.0/documentation/src/fluid.man
fltk-1.3.0/documentation/src/fluid1.png
fltk-1.3.0/documentation/src/fluid2.png
fltk-1.3.0/documentation/src/fluid3-cxx.png
fltk-1.3.0/documentation/src/fluid3-gui.png
fltk-1.3.0/documentation/src/fluid3-style.png
fltk-1.3.0/documentation/src/fluid4.png
fltk-1.3.0/documentation/src/fluid_prefs.png
fltk-1.3.0/documentation/src/fluid_widget_cxx.png
fltk-1.3.0/documentation/src/fluid_widget_gui.png
fltk-1.3.0/documentation/src/fluid_widget_style.png
fltk-1.3.0/documentation/src/forms.dox
fltk-1.3.0/documentation/src/glut.dox
fltk-1.3.0/documentation/src/hello.C.png
fltk-1.3.0/documentation/src/html_footer
fltk-1.3.0/documentation/src/html_stylesheet.css
fltk-1.3.0/documentation/src/index.dox
fltk-1.3.0/documentation/src/input_choice.jpg
fltk-1.3.0/documentation/src/intro.dox
fltk-1.3.0/documentation/src/license.dox
fltk-1.3.0/documentation/src/menu.png
fltk-1.3.0/documentation/src/menu_button.png
fltk-1.3.0/documentation/src/menubar.png
fltk-1.3.0/documentation/src/migration_1_1.dox
fltk-1.3.0/documentation/src/migration_1_3.dox
fltk-1.3.0/documentation/src/opengl.dox
fltk-1.3.0/documentation/src/osissues.dox
fltk-1.3.0/documentation/src/positioner.png
fltk-1.3.0/documentation/src/preface.dox
fltk-1.3.0/documentation/src/resizebox1.png
fltk-1.3.0/documentation/src/resizebox2.png
fltk-1.3.0/documentation/src/round_clock.png
fltk-1.3.0/documentation/src/scrollbar.png
fltk-1.3.0/documentation/src/slider.png
fltk-1.3.0/documentation/src/subclassing.dox
fltk-1.3.0/documentation/src/sudoku.man
fltk-1.3.0/documentation/src/symbols.png
fltk-1.3.0/documentation/src/table-as-container.png
fltk-1.3.0/documentation/src/table-dimensions.png
fltk-1.3.0/documentation/src/table-simple.png
fltk-1.3.0/documentation/src/tabs.png
fltk-1.3.0/documentation/src/text.png
fltk-1.3.0/documentation/src/tiny.png
fltk-1.3.0/documentation/src/tree-elements.png
fltk-1.3.0/documentation/src/tree-simple.png
fltk-1.3.0/documentation/src/unicode.dox
fltk-1.3.0/documentation/src/valuators.png
fltk-1.3.0/documentation/src/value_slider.png
fltk-1.3.0/documentation/strip_tags
fltk-1.3.0/examples/
fltk-1.3.0/examples/howto-add_fd-and-popen.cxx
fltk-1.3.0/examples/howto-drag-and-drop.cxx
fltk-1.3.0/examples/howto-parse-args.cxx
fltk-1.3.0/examples/howto-text-over-image-button.cxx
fltk-1.3.0/examples/Makefile
fltk-1.3.0/examples/Makefile.FLTK
fltk-1.3.0/examples/menubar-add.cxx
fltk-1.3.0/examples/nativefilechooser-simple-app.cxx
fltk-1.3.0/examples/README.examples
fltk-1.3.0/examples/table-as-container.cxx
fltk-1.3.0/examples/table-simple.cxx
fltk-1.3.0/examples/table-sort.cxx
fltk-1.3.0/examples/table-spreadsheet-with-keyboard-nav.cxx
fltk-1.3.0/examples/table-spreadsheet.cxx
fltk-1.3.0/examples/tabs-simple.cxx
fltk-1.3.0/examples/textdisplay-with-colors.cxx
fltk-1.3.0/examples/texteditor-simple.cxx
fltk-1.3.0/examples/tree-simple.cxx
fltk-1.3.0/examples/wizard-simple.cxx
fltk-1.3.0/FL/
fltk-1.3.0/FL/dirent.h
fltk-1.3.0/FL/Enumerations.H
fltk-1.3.0/FL/filename.H
fltk-1.3.0/FL/Fl.H
fltk-1.3.0/FL/Fl_Adjuster.H
fltk-1.3.0/FL/fl_ask.H
fltk-1.3.0/FL/Fl_Bitmap.H
fltk-1.3.0/FL/Fl_BMP_Image.H
fltk-1.3.0/FL/Fl_Box.H
fltk-1.3.0/FL/Fl_Browser.H
fltk-1.3.0/FL/Fl_Browser_.H
fltk-1.3.0/FL/Fl_Button.H
fltk-1.3.0/FL/Fl_Cairo.H
fltk-1.3.0/FL/Fl_Cairo_Window.H
fltk-1.3.0/FL/Fl_Chart.H
fltk-1.3.0/FL/Fl_Check_Browser.H
fltk-1.3.0/FL/Fl_Check_Button.H
fltk-1.3.0/FL/Fl_Choice.H
fltk-1.3.0/FL/Fl_Clock.H
fltk-1.3.0/FL/Fl_Color_Chooser.H
fltk-1.3.0/FL/Fl_Counter.H
fltk-1.3.0/FL/Fl_Device.H
fltk-1.3.0/FL/Fl_Dial.H
fltk-1.3.0/FL/Fl_Double_Window.H
fltk-1.3.0/FL/fl_draw.H
fltk-1.3.0/FL/Fl_Export.H
fltk-1.3.0/FL/Fl_File_Browser.H
fltk-1.3.0/FL/Fl_File_Chooser.H
fltk-1.3.0/FL/Fl_File_Icon.H
fltk-1.3.0/FL/Fl_File_Input.H
fltk-1.3.0/FL/Fl_Fill_Dial.H
fltk-1.3.0/FL/Fl_Fill_Slider.H
fltk-1.3.0/FL/Fl_Float_Input.H
fltk-1.3.0/FL/Fl_FormsBitmap.H
fltk-1.3.0/FL/Fl_FormsPixmap.H
fltk-1.3.0/FL/Fl_Free.H
fltk-1.3.0/FL/Fl_GIF_Image.H
fltk-1.3.0/FL/Fl_Gl_Window.H
fltk-1.3.0/FL/Fl_Group.H
fltk-1.3.0/FL/Fl_Help_Dialog.H
fltk-1.3.0/FL/Fl_Help_View.H
fltk-1.3.0/FL/Fl_Hold_Browser.H
fltk-1.3.0/FL/Fl_Hor_Fill_Slider.H
fltk-1.3.0/FL/Fl_Hor_Nice_Slider.H
fltk-1.3.0/FL/Fl_Hor_Slider.H
fltk-1.3.0/FL/Fl_Hor_Value_Slider.H
fltk-1.3.0/FL/Fl_Image.H
fltk-1.3.0/FL/Fl_Input.H
fltk-1.3.0/FL/Fl_Input_.H
fltk-1.3.0/FL/Fl_Input_Choice.H
fltk-1.3.0/FL/Fl_Int_Input.H
fltk-1.3.0/FL/Fl_JPEG_Image.H
fltk-1.3.0/FL/Fl_Light_Button.H
fltk-1.3.0/FL/Fl_Line_Dial.H
fltk-1.3.0/FL/Fl_Menu.H
fltk-1.3.0/FL/Fl_Menu_.H
fltk-1.3.0/FL/Fl_Menu_Bar.H
fltk-1.3.0/FL/Fl_Menu_Button.H
fltk-1.3.0/FL/Fl_Menu_Item.H
fltk-1.3.0/FL/Fl_Menu_Window.H
fltk-1.3.0/FL/fl_message.H
fltk-1.3.0/FL/Fl_Multi_Browser.H
fltk-1.3.0/FL/Fl_Multi_Label.H
fltk-1.3.0/FL/Fl_Multiline_Input.H
fltk-1.3.0/FL/Fl_Multiline_Output.H
fltk-1.3.0/FL/Fl_Native_File_Chooser.H
fltk-1.3.0/FL/Fl_Nice_Slider.H
fltk-1.3.0/FL/Fl_Object.H
fltk-1.3.0/FL/Fl_Output.H
fltk-1.3.0/FL/Fl_Overlay_Window.H
fltk-1.3.0/FL/Fl_Pack.H
fltk-1.3.0/FL/Fl_Paged_Device.H
fltk-1.3.0/FL/Fl_Pixmap.H
fltk-1.3.0/FL/Fl_Plugin.H
fltk-1.3.0/FL/Fl_PNG_Image.H
fltk-1.3.0/FL/Fl_PNM_Image.H
fltk-1.3.0/FL/Fl_Positioner.H
fltk-1.3.0/FL/Fl_PostScript.H
fltk-1.3.0/FL/Fl_Preferences.H
fltk-1.3.0/FL/Fl_Printer.H
fltk-1.3.0/FL/Fl_Progress.H
fltk-1.3.0/FL/Fl_Radio_Button.H
fltk-1.3.0/FL/Fl_Radio_Light_Button.H
fltk-1.3.0/FL/Fl_Radio_Round_Button.H
fltk-1.3.0/FL/Fl_Repeat_Button.H
fltk-1.3.0/FL/Fl_Return_Button.H
fltk-1.3.0/FL/Fl_RGB_Image.H
fltk-1.3.0/FL/Fl_Roller.H
fltk-1.3.0/FL/Fl_Round_Button.H
fltk-1.3.0/FL/Fl_Round_Clock.H
fltk-1.3.0/FL/Fl_Scroll.H
fltk-1.3.0/FL/Fl_Scrollbar.H
fltk-1.3.0/FL/Fl_Secret_Input.H
fltk-1.3.0/FL/Fl_Select_Browser.H
fltk-1.3.0/FL/Fl_Shared_Image.H
fltk-1.3.0/FL/fl_show_colormap.H
fltk-1.3.0/FL/fl_show_input.H
fltk-1.3.0/FL/Fl_Simple_Counter.H
fltk-1.3.0/FL/Fl_Single_Window.H
fltk-1.3.0/FL/Fl_Slider.H
fltk-1.3.0/FL/Fl_Spinner.H
fltk-1.3.0/FL/Fl_Sys_Menu_Bar.H
fltk-1.3.0/FL/Fl_Table.H
fltk-1.3.0/FL/Fl_Table_Row.H
fltk-1.3.0/FL/Fl_Tabs.H
fltk-1.3.0/FL/Fl_Text_Buffer.H
fltk-1.3.0/FL/Fl_Text_Display.H
fltk-1.3.0/FL/Fl_Text_Editor.H
fltk-1.3.0/FL/Fl_Tile.H
fltk-1.3.0/FL/Fl_Tiled_Image.H
fltk-1.3.0/FL/Fl_Timer.H
fltk-1.3.0/FL/Fl_Toggle_Button.H
fltk-1.3.0/FL/Fl_Toggle_Light_Button.H
fltk-1.3.0/FL/Fl_Toggle_Round_Button.H
fltk-1.3.0/FL/Fl_Tooltip.H
fltk-1.3.0/FL/Fl_Tree.H
fltk-1.3.0/FL/Fl_Tree_Item.H
fltk-1.3.0/FL/Fl_Tree_Item_Array.H
fltk-1.3.0/FL/Fl_Tree_Prefs.H
fltk-1.3.0/FL/fl_types.h
fltk-1.3.0/FL/fl_utf8.h
fltk-1.3.0/FL/Fl_Valuator.H
fltk-1.3.0/FL/Fl_Value_Input.H
fltk-1.3.0/FL/Fl_Value_Output.H
fltk-1.3.0/FL/Fl_Value_Slider.H
fltk-1.3.0/FL/Fl_Widget.H
fltk-1.3.0/FL/Fl_Window.H
fltk-1.3.0/FL/Fl_Wizard.H
fltk-1.3.0/FL/Fl_XBM_Image.H
fltk-1.3.0/FL/Fl_XPM_Image.H
fltk-1.3.0/FL/forms.H
fltk-1.3.0/FL/gl.h
fltk-1.3.0/FL/gl2opengl.h
fltk-1.3.0/FL/gl_draw.H
fltk-1.3.0/FL/glu.h
fltk-1.3.0/FL/glut.H
fltk-1.3.0/FL/mac.H
fltk-1.3.0/FL/Makefile.in
fltk-1.3.0/FL/math.h
fltk-1.3.0/FL/names.h
fltk-1.3.0/FL/README.Xcode
fltk-1.3.0/FL/win32.H
fltk-1.3.0/FL/x.H
fltk-1.3.0/FL/Xutf8.h
fltk-1.3.0/fltk-config.cmake.in
fltk-1.3.0/fltk-config.in
fltk-1.3.0/fltk.list.in
fltk-1.3.0/fltk.spec
fltk-1.3.0/fltk.spec.in
fltk-1.3.0/fltk.xpm
fltk-1.3.0/fluid/
fltk-1.3.0/fluid/about_panel.cxx
fltk-1.3.0/fluid/about_panel.fl
fltk-1.3.0/fluid/about_panel.h
fltk-1.3.0/fluid/align_widget.cxx
fltk-1.3.0/fluid/alignment_panel.cxx
fltk-1.3.0/fluid/alignment_panel.fl
fltk-1.3.0/fluid/alignment_panel.h
fltk-1.3.0/fluid/CMakeLists.txt
fltk-1.3.0/fluid/code.cxx
fltk-1.3.0/fluid/CodeEditor.cxx
fltk-1.3.0/fluid/CodeEditor.h
fltk-1.3.0/fluid/comments.h
fltk-1.3.0/fluid/factory.cxx
fltk-1.3.0/fluid/file.cxx
fltk-1.3.0/fluid/Fl_Function_Type.cxx
fltk-1.3.0/fluid/Fl_Group_Type.cxx
fltk-1.3.0/fluid/Fl_Menu_Type.cxx
fltk-1.3.0/fluid/Fl_Type.cxx
fltk-1.3.0/fluid/Fl_Type.h
fltk-1.3.0/fluid/Fl_Widget_Type.cxx
fltk-1.3.0/fluid/Fl_Widget_Type.h
fltk-1.3.0/fluid/Fl_Window_Type.cxx
fltk-1.3.0/fluid/fluid.app/
fltk-1.3.0/fluid/fluid.app/Contents/
fltk-1.3.0/fluid/fluid.app/Contents/Info.plist
fltk-1.3.0/fluid/fluid.app/Contents/MacOS/
fltk-1.3.0/fluid/fluid.app/Contents/PkgInfo
fltk-1.3.0/fluid/fluid.app/Contents/Resources/
fltk-1.3.0/fluid/fluid.app/Contents/Resources/fluid.icns
fltk-1.3.0/fluid/fluid.cxx
fltk-1.3.0/fluid/fluid.desktop
fltk-1.3.0/fluid/Fluid_Image.cxx
fltk-1.3.0/fluid/Fluid_Image.h
fltk-1.3.0/fluid/function_panel.cxx
fltk-1.3.0/fluid/function_panel.fl
fltk-1.3.0/fluid/function_panel.h
fltk-1.3.0/fluid/icons/
fltk-1.3.0/fluid/icons/fluid-128.png
fltk-1.3.0/fluid/icons/fluid-16.png
fltk-1.3.0/fluid/icons/fluid-16i.png
fltk-1.3.0/fluid/icons/fluid-256.png
fltk-1.3.0/fluid/icons/fluid-32.png
fltk-1.3.0/fluid/icons/fluid-32.xpm
fltk-1.3.0/fluid/icons/fluid-32i.png
fltk-1.3.0/fluid/icons/fluid-48.png
fltk-1.3.0/fluid/icons/fluid-64.png
fltk-1.3.0/fluid/icons/fluid-96.xpm
fltk-1.3.0/fluid/icons/fluid.ico
fltk-1.3.0/fluid/icons/fluid.xcf.gz
fltk-1.3.0/fluid/makedepend
fltk-1.3.0/fluid/Makefile
fltk-1.3.0/fluid/makefile.wat
fltk-1.3.0/fluid/pixmaps/
fltk-1.3.0/fluid/pixmaps/flAdjuster.xpm
fltk-1.3.0/fluid/pixmaps/flBox.xpm
fltk-1.3.0/fluid/pixmaps/flBrowser.xpm
fltk-1.3.0/fluid/pixmaps/flButton.xpm
fltk-1.3.0/fluid/pixmaps/flCheckBrowser.xpm
fltk-1.3.0/fluid/pixmaps/flCheckButton.xpm
fltk-1.3.0/fluid/pixmaps/flChoice.xpm
fltk-1.3.0/fluid/pixmaps/flClass.xpm
fltk-1.3.0/fluid/pixmaps/flClock.xpm
fltk-1.3.0/fluid/pixmaps/flCode.xpm
fltk-1.3.0/fluid/pixmaps/flCodeBlock.xpm
fltk-1.3.0/fluid/pixmaps/flComment.xpm
fltk-1.3.0/fluid/pixmaps/flCounter.xpm
fltk-1.3.0/fluid/pixmaps/flData.xpm
fltk-1.3.0/fluid/pixmaps/flDeclaration.xpm
fltk-1.3.0/fluid/pixmaps/flDeclarationBlock.xpm
fltk-1.3.0/fluid/pixmaps/flDial.xpm
fltk-1.3.0/fluid/pixmaps/flFileBrowser.xpm
fltk-1.3.0/fluid/pixmaps/flFileInput.xpm
fltk-1.3.0/fluid/pixmaps/flFunction.xpm
fltk-1.3.0/fluid/pixmaps/flGroup.xpm
fltk-1.3.0/fluid/pixmaps/flHelp.xpm
fltk-1.3.0/fluid/pixmaps/flInput.xpm
fltk-1.3.0/fluid/pixmaps/flLightButton.xpm
fltk-1.3.0/fluid/pixmaps/flMenubar.xpm
fltk-1.3.0/fluid/pixmaps/flMenuButton.xpm
fltk-1.3.0/fluid/pixmaps/flMenuitem.xpm
fltk-1.3.0/fluid/pixmaps/flOutput.xpm
fltk-1.3.0/fluid/pixmaps/flPack.xpm
fltk-1.3.0/fluid/pixmaps/flProgress.xpm
fltk-1.3.0/fluid/pixmaps/flRepeatButton.xpm
fltk-1.3.0/fluid/pixmaps/flReturnButton.xpm
fltk-1.3.0/fluid/pixmaps/flRoller.xpm
fltk-1.3.0/fluid/pixmaps/flRoundButton.xpm
fltk-1.3.0/fluid/pixmaps/flScroll.xpm
fltk-1.3.0/fluid/pixmaps/flScrollBar.xpm
fltk-1.3.0/fluid/pixmaps/flSlider.xpm
fltk-1.3.0/fluid/pixmaps/flSpinner.xpm
fltk-1.3.0/fluid/pixmaps/flSubmenu.xpm
fltk-1.3.0/fluid/pixmaps/flTable.xpm
fltk-1.3.0/fluid/pixmaps/flTabs.xpm
fltk-1.3.0/fluid/pixmaps/flTextDisplay.xpm
fltk-1.3.0/fluid/pixmaps/flTextEdit.xpm
fltk-1.3.0/fluid/pixmaps/flTile.xpm
fltk-1.3.0/fluid/pixmaps/flTree.xpm
fltk-1.3.0/fluid/pixmaps/flValueInput.xpm
fltk-1.3.0/fluid/pixmaps/flValueOutput.xpm
fltk-1.3.0/fluid/pixmaps/flValueSlider.xpm
fltk-1.3.0/fluid/pixmaps/flWidgetClass.xpm
fltk-1.3.0/fluid/pixmaps/flWindow.xpm
fltk-1.3.0/fluid/pixmaps/flWizard.xpm
fltk-1.3.0/fluid/pixmaps/lock.xpm
fltk-1.3.0/fluid/pixmaps/print_color.xpm
fltk-1.3.0/fluid/pixmaps/print_gray.xpm
fltk-1.3.0/fluid/pixmaps/protected.xpm
fltk-1.3.0/fluid/print_panel.cxx
fltk-1.3.0/fluid/print_panel.fl
fltk-1.3.0/fluid/print_panel.h
fltk-1.3.0/fluid/Shortcut_Button.h
fltk-1.3.0/fluid/template_panel.cxx
fltk-1.3.0/fluid/template_panel.fl
fltk-1.3.0/fluid/template_panel.h
fltk-1.3.0/fluid/undo.cxx
fltk-1.3.0/fluid/undo.h
fltk-1.3.0/fluid/widget_panel.cxx
fltk-1.3.0/fluid/widget_panel.fl
fltk-1.3.0/fluid/widget_panel.h
fltk-1.3.0/fluid/x-fluid.desktop
fltk-1.3.0/forms.h
fltk-1.3.0/GL/
fltk-1.3.0/GL/glut.h
fltk-1.3.0/ide/
fltk-1.3.0/ide/README.IDE
fltk-1.3.0/ide/VisualC2008/
fltk-1.3.0/ide/VisualC2008/adjuster.vcproj
fltk-1.3.0/ide/VisualC2008/arc.vcproj
fltk-1.3.0/ide/VisualC2008/ask.vcproj
fltk-1.3.0/ide/VisualC2008/bitmap.vcproj
fltk-1.3.0/ide/VisualC2008/blocks.vcproj
fltk-1.3.0/ide/VisualC2008/boxtype.vcproj
fltk-1.3.0/ide/VisualC2008/browser.vcproj
fltk-1.3.0/ide/VisualC2008/button.vcproj
fltk-1.3.0/ide/VisualC2008/buttons.vcproj
fltk-1.3.0/ide/VisualC2008/cairo_test.vcproj
fltk-1.3.0/ide/VisualC2008/cfluid.cmd
fltk-1.3.0/ide/VisualC2008/checkers.vcproj
fltk-1.3.0/ide/VisualC2008/clock.vcproj
fltk-1.3.0/ide/VisualC2008/colbrowser.vcproj
fltk-1.3.0/ide/VisualC2008/color_chooser.vcproj
fltk-1.3.0/ide/VisualC2008/config.h
fltk-1.3.0/ide/VisualC2008/cube.vcproj
fltk-1.3.0/ide/VisualC2008/CubeView.vcproj
fltk-1.3.0/ide/VisualC2008/cursor.vcproj
fltk-1.3.0/ide/VisualC2008/curve.vcproj
fltk-1.3.0/ide/VisualC2008/demo.vcproj
fltk-1.3.0/ide/VisualC2008/device.vcproj
fltk-1.3.0/ide/VisualC2008/doublebuffer.vcproj
fltk-1.3.0/ide/VisualC2008/editor.vcproj
fltk-1.3.0/ide/VisualC2008/fast_slow.vcproj
fltk-1.3.0/ide/VisualC2008/file_chooser.vcproj
fltk-1.3.0/ide/VisualC2008/fltk.lib.vcproj
fltk-1.3.0/ide/VisualC2008/fltk.sln
fltk-1.3.0/ide/VisualC2008/fltkdll.vcproj
fltk-1.3.0/ide/VisualC2008/fltkforms.vcproj
fltk-1.3.0/ide/VisualC2008/fltkgl.vcproj
fltk-1.3.0/ide/VisualC2008/fltkimages.vcproj
fltk-1.3.0/ide/VisualC2008/fluid.vcproj
fltk-1.3.0/ide/VisualC2008/fonts.vcproj
fltk-1.3.0/ide/VisualC2008/forms.vcproj
fltk-1.3.0/ide/VisualC2008/fractals.vcproj
fltk-1.3.0/ide/VisualC2008/fullscreen.vcproj
fltk-1.3.0/ide/VisualC2008/gl_overlay.vcproj
fltk-1.3.0/ide/VisualC2008/glpuzzle.vcproj
fltk-1.3.0/ide/VisualC2008/hello.vcproj
fltk-1.3.0/ide/VisualC2008/help.vcproj
fltk-1.3.0/ide/VisualC2008/iconize.vcproj
fltk-1.3.0/ide/VisualC2008/image.vcproj
fltk-1.3.0/ide/VisualC2008/inactive.vcproj
fltk-1.3.0/ide/VisualC2008/input.vcproj
fltk-1.3.0/ide/VisualC2008/input_choice.vcproj
fltk-1.3.0/ide/VisualC2008/jpeg.vcproj
fltk-1.3.0/ide/VisualC2008/keyboard.vcproj
fltk-1.3.0/ide/VisualC2008/label.vcproj
fltk-1.3.0/ide/VisualC2008/libpng.vcproj
fltk-1.3.0/ide/VisualC2008/line_style.vcproj
fltk-1.3.0/ide/VisualC2008/mandelbrot.vcproj
fltk-1.3.0/ide/VisualC2008/menubar.vcproj
fltk-1.3.0/ide/VisualC2008/message.vcproj
fltk-1.3.0/ide/VisualC2008/minimum.vcproj
fltk-1.3.0/ide/VisualC2008/native-filechooser.vcproj
fltk-1.3.0/ide/VisualC2008/navigation.vcproj
fltk-1.3.0/ide/VisualC2008/output.vcproj
fltk-1.3.0/ide/VisualC2008/overlay.vcproj
fltk-1.3.0/ide/VisualC2008/pack.vcproj
fltk-1.3.0/ide/VisualC2008/pixmap.vcproj
fltk-1.3.0/ide/VisualC2008/pixmap_browser.vcproj
fltk-1.3.0/ide/VisualC2008/preferences.vcproj
fltk-1.3.0/ide/VisualC2008/radio.vcproj
fltk-1.3.0/ide/VisualC2008/resize.vcproj
fltk-1.3.0/ide/VisualC2008/resizebox.vcproj
fltk-1.3.0/ide/VisualC2008/rotated_text.vcproj
fltk-1.3.0/ide/VisualC2008/scroll.vcproj
fltk-1.3.0/ide/VisualC2008/shape.vcproj
fltk-1.3.0/ide/VisualC2008/subwindow.vcproj
fltk-1.3.0/ide/VisualC2008/sudoku.vcproj
fltk-1.3.0/ide/VisualC2008/symbols.vcproj
fltk-1.3.0/ide/VisualC2008/table.vcproj
fltk-1.3.0/ide/VisualC2008/tabs.vcproj
fltk-1.3.0/ide/VisualC2008/threads.vcproj
fltk-1.3.0/ide/VisualC2008/tile.vcproj
fltk-1.3.0/ide/VisualC2008/tiled_image.vcproj
fltk-1.3.0/ide/VisualC2008/tree.vcproj
fltk-1.3.0/ide/VisualC2008/unittests.vcproj
fltk-1.3.0/ide/VisualC2008/utf8.vcproj
fltk-1.3.0/ide/VisualC2008/valuators.vcproj
fltk-1.3.0/ide/VisualC2008/zlib.vcproj
fltk-1.3.0/ide/VisualC2010/
fltk-1.3.0/ide/VisualC2010/adjuster.vcxproj
fltk-1.3.0/ide/VisualC2010/arc.vcxproj
fltk-1.3.0/ide/VisualC2010/ask.vcxproj
fltk-1.3.0/ide/VisualC2010/bitmap.vcxproj
fltk-1.3.0/ide/VisualC2010/blocks.vcxproj
fltk-1.3.0/ide/VisualC2010/boxtype.vcxproj
fltk-1.3.0/ide/VisualC2010/browser.vcxproj
fltk-1.3.0/ide/VisualC2010/button.vcxproj
fltk-1.3.0/ide/VisualC2010/buttons.vcxproj
fltk-1.3.0/ide/VisualC2010/cairo_test.vcxproj
fltk-1.3.0/ide/VisualC2010/cfluid.cmd
fltk-1.3.0/ide/VisualC2010/checkers.vcxproj
fltk-1.3.0/ide/VisualC2010/clock.vcxproj
fltk-1.3.0/ide/VisualC2010/colbrowser.vcxproj
fltk-1.3.0/ide/VisualC2010/color_chooser.vcxproj
fltk-1.3.0/ide/VisualC2010/config.h
fltk-1.3.0/ide/VisualC2010/cube.vcxproj
fltk-1.3.0/ide/VisualC2010/CubeView.vcxproj
fltk-1.3.0/ide/VisualC2010/cursor.vcxproj
fltk-1.3.0/ide/VisualC2010/curve.vcxproj
fltk-1.3.0/ide/VisualC2010/demo.vcxproj
fltk-1.3.0/ide/VisualC2010/device.vcxproj
fltk-1.3.0/ide/VisualC2010/doublebuffer.vcxproj
fltk-1.3.0/ide/VisualC2010/editor.vcxproj
fltk-1.3.0/ide/VisualC2010/fast_slow.vcxproj
fltk-1.3.0/ide/VisualC2010/file_chooser.vcxproj
fltk-1.3.0/ide/VisualC2010/fltk.lib.vcxproj
fltk-1.3.0/ide/VisualC2010/fltk.lib.vcxproj.filters
fltk-1.3.0/ide/VisualC2010/fltk.sln
fltk-1.3.0/ide/VisualC2010/fltkdll.vcxproj
fltk-1.3.0/ide/VisualC2010/fltkforms.vcxproj
fltk-1.3.0/ide/VisualC2010/fltkgl.vcxproj
fltk-1.3.0/ide/VisualC2010/fltkimages.vcxproj
fltk-1.3.0/ide/VisualC2010/fluid.vcxproj
fltk-1.3.0/ide/VisualC2010/fonts.vcxproj
fltk-1.3.0/ide/VisualC2010/forms.vcxproj
fltk-1.3.0/ide/VisualC2010/fractals.vcxproj
fltk-1.3.0/ide/VisualC2010/fullscreen.vcxproj
fltk-1.3.0/ide/VisualC2010/gl_overlay.vcxproj
fltk-1.3.0/ide/VisualC2010/glpuzzle.vcxproj
fltk-1.3.0/ide/VisualC2010/hello.vcxproj
fltk-1.3.0/ide/VisualC2010/help.vcxproj
fltk-1.3.0/ide/VisualC2010/iconize.vcxproj
fltk-1.3.0/ide/VisualC2010/image.vcxproj
fltk-1.3.0/ide/VisualC2010/inactive.vcxproj
fltk-1.3.0/ide/VisualC2010/input.vcxproj
fltk-1.3.0/ide/VisualC2010/input_choice.vcxproj
fltk-1.3.0/ide/VisualC2010/jpeg.vcxproj
fltk-1.3.0/ide/VisualC2010/keyboard.vcxproj
fltk-1.3.0/ide/VisualC2010/label.vcxproj
fltk-1.3.0/ide/VisualC2010/libpng.vcxproj
fltk-1.3.0/ide/VisualC2010/line_style.vcxproj
fltk-1.3.0/ide/VisualC2010/mandelbrot.vcxproj
fltk-1.3.0/ide/VisualC2010/menubar.vcxproj
fltk-1.3.0/ide/VisualC2010/message.vcxproj
fltk-1.3.0/ide/VisualC2010/minimum.vcxproj
fltk-1.3.0/ide/VisualC2010/native-filechooser.vcxproj
fltk-1.3.0/ide/VisualC2010/navigation.vcxproj
fltk-1.3.0/ide/VisualC2010/output.vcxproj
fltk-1.3.0/ide/VisualC2010/overlay.vcxproj
fltk-1.3.0/ide/VisualC2010/pack.vcxproj
fltk-1.3.0/ide/VisualC2010/pixmap.vcxproj
fltk-1.3.0/ide/VisualC2010/pixmap_browser.vcxproj
fltk-1.3.0/ide/VisualC2010/preferences.vcxproj
fltk-1.3.0/ide/VisualC2010/radio.vcxproj
fltk-1.3.0/ide/VisualC2010/resize.vcxproj
fltk-1.3.0/ide/VisualC2010/resizebox.vcxproj
fltk-1.3.0/ide/VisualC2010/rotated_text.vcxproj
fltk-1.3.0/ide/VisualC2010/scroll.vcxproj
fltk-1.3.0/ide/VisualC2010/shape.vcxproj
fltk-1.3.0/ide/VisualC2010/subwindow.vcxproj
fltk-1.3.0/ide/VisualC2010/sudoku.vcxproj
fltk-1.3.0/ide/VisualC2010/symbols.vcxproj
fltk-1.3.0/ide/VisualC2010/table.vcxproj
fltk-1.3.0/ide/VisualC2010/tabs.vcxproj
fltk-1.3.0/ide/VisualC2010/threads.vcxproj
fltk-1.3.0/ide/VisualC2010/tile.vcxproj
fltk-1.3.0/ide/VisualC2010/tiled_image.vcxproj
fltk-1.3.0/ide/VisualC2010/tree.vcxproj
fltk-1.3.0/ide/VisualC2010/unittests.vcxproj
fltk-1.3.0/ide/VisualC2010/utf8.vcxproj
fltk-1.3.0/ide/VisualC2010/valuators.vcxproj
fltk-1.3.0/ide/VisualC2010/zlib.vcxproj
fltk-1.3.0/ide/VisualC6/
fltk-1.3.0/ide/VisualC6/adjuster.dsp
fltk-1.3.0/ide/VisualC6/arc.dsp
fltk-1.3.0/ide/VisualC6/ask.dsp
fltk-1.3.0/ide/VisualC6/bitmap.dsp
fltk-1.3.0/ide/VisualC6/blocks.dsp
fltk-1.3.0/ide/VisualC6/boxtype.dsp
fltk-1.3.0/ide/VisualC6/browser.dsp
fltk-1.3.0/ide/VisualC6/button.dsp
fltk-1.3.0/ide/VisualC6/buttons.dsp
fltk-1.3.0/ide/VisualC6/checkers.dsp
fltk-1.3.0/ide/VisualC6/clock.dsp
fltk-1.3.0/ide/VisualC6/colbrowser.dsp
fltk-1.3.0/ide/VisualC6/color_chooser.dsp
fltk-1.3.0/ide/VisualC6/config.h
fltk-1.3.0/ide/VisualC6/cube.dsp
fltk-1.3.0/ide/VisualC6/CubeView.dsp
fltk-1.3.0/ide/VisualC6/cursor.dsp
fltk-1.3.0/ide/VisualC6/curve.dsp
fltk-1.3.0/ide/VisualC6/Demo.dsp
fltk-1.3.0/ide/VisualC6/device.dsp
fltk-1.3.0/ide/VisualC6/doublebuffer.dsp
fltk-1.3.0/ide/VisualC6/editor.dsp
fltk-1.3.0/ide/VisualC6/fast_slow.dsp
fltk-1.3.0/ide/VisualC6/file_chooser.dsp
fltk-1.3.0/ide/VisualC6/fltk.dsp
fltk-1.3.0/ide/VisualC6/fltk.dsw
fltk-1.3.0/ide/VisualC6/fltk_forms.dsp
fltk-1.3.0/ide/VisualC6/fltk_formsdll.dsp
fltk-1.3.0/ide/VisualC6/fltk_gl.dsp
fltk-1.3.0/ide/VisualC6/fltk_gldll.dsp
fltk-1.3.0/ide/VisualC6/fltk_images.dsp
fltk-1.3.0/ide/VisualC6/fltk_imagesdll.dsp
fltk-1.3.0/ide/VisualC6/fltk_jpeg.dsp
fltk-1.3.0/ide/VisualC6/fltk_jpegdll.dsp
fltk-1.3.0/ide/VisualC6/fltk_png.dsp
fltk-1.3.0/ide/VisualC6/fltk_pngdll.dsp
fltk-1.3.0/ide/VisualC6/fltk_zlib.dsp
fltk-1.3.0/ide/VisualC6/fltk_zlibdll.dsp
fltk-1.3.0/ide/VisualC6/fltkdll.dsp
fltk-1.3.0/ide/VisualC6/Fluid.dsp
fltk-1.3.0/ide/VisualC6/fonts.dsp
fltk-1.3.0/ide/VisualC6/forms.dsp
fltk-1.3.0/ide/VisualC6/fractals.dsp
fltk-1.3.0/ide/VisualC6/fullscreen.dsp
fltk-1.3.0/ide/VisualC6/gl_overlay.dsp
fltk-1.3.0/ide/VisualC6/glpuzzle.dsp
fltk-1.3.0/ide/VisualC6/hello.dsp
fltk-1.3.0/ide/VisualC6/help.dsp
fltk-1.3.0/ide/VisualC6/iconize.dsp
fltk-1.3.0/ide/VisualC6/image.dsp
fltk-1.3.0/ide/VisualC6/inactive.dsp
fltk-1.3.0/ide/VisualC6/input.dsp
fltk-1.3.0/ide/VisualC6/input_choice.dsp
fltk-1.3.0/ide/VisualC6/keyboard.dsp
fltk-1.3.0/ide/VisualC6/label.dsp
fltk-1.3.0/ide/VisualC6/line_style.dsp
fltk-1.3.0/ide/VisualC6/list_visuals.dsp
fltk-1.3.0/ide/VisualC6/mandelbrot.dsp
fltk-1.3.0/ide/VisualC6/menubar.dsp
fltk-1.3.0/ide/VisualC6/message.dsp
fltk-1.3.0/ide/VisualC6/minimum.dsp
fltk-1.3.0/ide/VisualC6/native-filechooser.dsp
fltk-1.3.0/ide/VisualC6/navigation.dsp
fltk-1.3.0/ide/VisualC6/output.dsp
fltk-1.3.0/ide/VisualC6/overlay.dsp
fltk-1.3.0/ide/VisualC6/pack.dsp
fltk-1.3.0/ide/VisualC6/pixmap.dsp
fltk-1.3.0/ide/VisualC6/pixmap_browser.dsp
fltk-1.3.0/ide/VisualC6/preferences.dsp
fltk-1.3.0/ide/VisualC6/radio.dsp
fltk-1.3.0/ide/VisualC6/resize.dsp
fltk-1.3.0/ide/VisualC6/resizebox.dsp
fltk-1.3.0/ide/VisualC6/rotated_text.dsp
fltk-1.3.0/ide/VisualC6/scroll.dsp
fltk-1.3.0/ide/VisualC6/shape.dsp
fltk-1.3.0/ide/VisualC6/subwindow.dsp
fltk-1.3.0/ide/VisualC6/sudoku.dsp
fltk-1.3.0/ide/VisualC6/symbols.dsp
fltk-1.3.0/ide/VisualC6/table.dsp
fltk-1.3.0/ide/VisualC6/tabs.dsp
fltk-1.3.0/ide/VisualC6/threads.dsp
fltk-1.3.0/ide/VisualC6/tile.dsp
fltk-1.3.0/ide/VisualC6/tiled_image.dsp
fltk-1.3.0/ide/VisualC6/tree.dsp
fltk-1.3.0/ide/VisualC6/utf8.dsp
fltk-1.3.0/ide/VisualC6/valuators.dsp
fltk-1.3.0/ide/Xcode3/
fltk-1.3.0/ide/Xcode3/config.h
fltk-1.3.0/ide/Xcode3/fltk.pch
fltk-1.3.0/ide/Xcode3/FLTK.xcodeproj/
fltk-1.3.0/ide/Xcode3/FLTK.xcodeproj/project.pbxproj
fltk-1.3.0/ide/Xcode3/fluid.pbfilespec
fltk-1.3.0/ide/Xcode3/icons/
fltk-1.3.0/ide/Xcode3/icons/fluid.icns
fltk-1.3.0/ide/Xcode3/plists/
fltk-1.3.0/ide/Xcode3/plists/adjuster-Info.plist
fltk-1.3.0/ide/Xcode3/plists/arc-Info.plist
fltk-1.3.0/ide/Xcode3/plists/ask-Info.plist
fltk-1.3.0/ide/Xcode3/plists/bitmap-Info.plist
fltk-1.3.0/ide/Xcode3/plists/blocks-Info.plist
fltk-1.3.0/ide/Xcode3/plists/boxtype-Info.plist
fltk-1.3.0/ide/Xcode3/plists/browser-Info.plist
fltk-1.3.0/ide/Xcode3/plists/button-Info.plist
fltk-1.3.0/ide/Xcode3/plists/buttons-Info.plist
fltk-1.3.0/ide/Xcode3/plists/checkers-Info.plist
fltk-1.3.0/ide/Xcode3/plists/clock-Info.plist
fltk-1.3.0/ide/Xcode3/plists/colbrowser-Info.plist
fltk-1.3.0/ide/Xcode3/plists/color_chooser-Info.plist
fltk-1.3.0/ide/Xcode3/plists/cube-Info.plist
fltk-1.3.0/ide/Xcode3/plists/CubeView-Info.plist
fltk-1.3.0/ide/Xcode3/plists/cursor-Info.plist
fltk-1.3.0/ide/Xcode3/plists/curve-Info.plist
fltk-1.3.0/ide/Xcode3/plists/Demo-Info.plist
fltk-1.3.0/ide/Xcode3/plists/device-Info.plist
fltk-1.3.0/ide/Xcode3/plists/doublebuffer-Info.plist
fltk-1.3.0/ide/Xcode3/plists/editor-Info.plist
fltk-1.3.0/ide/Xcode3/plists/fast_slow-Info.plist
fltk-1.3.0/ide/Xcode3/plists/file_chooser-Info.plist
fltk-1.3.0/ide/Xcode3/plists/fltk-Info.plist
fltk-1.3.0/ide/Xcode3/plists/fltk_forms-Info.plist
fltk-1.3.0/ide/Xcode3/plists/fltk_gl-Info.plist
fltk-1.3.0/ide/Xcode3/plists/fltk_images-Info.plist
fltk-1.3.0/ide/Xcode3/plists/fltk_jpeg-Info.plist
fltk-1.3.0/ide/Xcode3/plists/fltk_png-Info.plist
fltk-1.3.0/ide/Xcode3/plists/fltk_zlib-Info.plist
fltk-1.3.0/ide/Xcode3/plists/Fluid-Info.plist
fltk-1.3.0/ide/Xcode3/plists/fonts-Info.plist
fltk-1.3.0/ide/Xcode3/plists/forms-Info.plist
fltk-1.3.0/ide/Xcode3/plists/fractals-Info.plist
fltk-1.3.0/ide/Xcode3/plists/fullscreen-Info.plist
fltk-1.3.0/ide/Xcode3/plists/gl_overlay-Info.plist
fltk-1.3.0/ide/Xcode3/plists/glpuzzle-Info.plist
fltk-1.3.0/ide/Xcode3/plists/hello-Info.plist
fltk-1.3.0/ide/Xcode3/plists/help-Info.plist
fltk-1.3.0/ide/Xcode3/plists/iconize-Info.plist
fltk-1.3.0/ide/Xcode3/plists/image-Info.plist
fltk-1.3.0/ide/Xcode3/plists/inactive-Info.plist
fltk-1.3.0/ide/Xcode3/plists/input-Info.plist
fltk-1.3.0/ide/Xcode3/plists/input_choice-Info.plist
fltk-1.3.0/ide/Xcode3/plists/keyboard-Info.plist
fltk-1.3.0/ide/Xcode3/plists/label-Info.plist
fltk-1.3.0/ide/Xcode3/plists/line_style-Info.plist
fltk-1.3.0/ide/Xcode3/plists/list_visuals-Info.plist
fltk-1.3.0/ide/Xcode3/plists/mandelbrot-Info.plist
fltk-1.3.0/ide/Xcode3/plists/menubar-Info.plist
fltk-1.3.0/ide/Xcode3/plists/message-Info.plist
fltk-1.3.0/ide/Xcode3/plists/minimum-Info.plist
fltk-1.3.0/ide/Xcode3/plists/native-filechooser-Info.plist
fltk-1.3.0/ide/Xcode3/plists/navigation-Info.plist
fltk-1.3.0/ide/Xcode3/plists/output-Info.plist
fltk-1.3.0/ide/Xcode3/plists/overlay-Info.plist
fltk-1.3.0/ide/Xcode3/plists/pack-Info.plist
fltk-1.3.0/ide/Xcode3/plists/pixmap-Info.plist
fltk-1.3.0/ide/Xcode3/plists/pixmap_browser-Info.plist
fltk-1.3.0/ide/Xcode3/plists/preferences-Info.plist
fltk-1.3.0/ide/Xcode3/plists/radio-Info.plist
fltk-1.3.0/ide/Xcode3/plists/resize-Info.plist
fltk-1.3.0/ide/Xcode3/plists/resizebox-Info.plist
fltk-1.3.0/ide/Xcode3/plists/rotated_text-Info.plist
fltk-1.3.0/ide/Xcode3/plists/scroll-Info.plist
fltk-1.3.0/ide/Xcode3/plists/shape-Info.plist
fltk-1.3.0/ide/Xcode3/plists/subwindow-Info.plist
fltk-1.3.0/ide/Xcode3/plists/sudoku-Info.plist
fltk-1.3.0/ide/Xcode3/plists/symbols-Info.plist
fltk-1.3.0/ide/Xcode3/plists/table-Info.plist
fltk-1.3.0/ide/Xcode3/plists/tabs-Info.plist
fltk-1.3.0/ide/Xcode3/plists/threads-Info.plist
fltk-1.3.0/ide/Xcode3/plists/tile-Info.plist
fltk-1.3.0/ide/Xcode3/plists/tiled_image-Info.plist
fltk-1.3.0/ide/Xcode3/plists/tree-Info.plist
fltk-1.3.0/ide/Xcode3/plists/utf8-Info.plist
fltk-1.3.0/ide/Xcode3/plists/valuators-Info.plist
fltk-1.3.0/ide/Xcode3/plists/zlib-Info.plist
fltk-1.3.0/ide/Xcode3/Project Templates/
fltk-1.3.0/ide/Xcode3/Project Templates/FLTK Application/
fltk-1.3.0/ide/Xcode3/Project Templates/FLTK Application/FLTK 1.3/
fltk-1.3.0/ide/Xcode3/Project Templates/FLTK Application/FLTK 1.3/___PROJECTNAME___.xcodeproj/
fltk-1.3.0/ide/Xcode3/Project Templates/FLTK Application/FLTK 1.3/___PROJECTNAME___.xcodeproj/project.pbxproj
fltk-1.3.0/ide/Xcode3/Project Templates/FLTK Application/FLTK 1.3/___PROJECTNAME___.xcodeproj/TemplateInfo.plist
fltk-1.3.0/ide/Xcode3/Project Templates/FLTK Application/FLTK 1.3/___PROJECTNAMEASIDENTIFIER___-Info.plist
fltk-1.3.0/ide/Xcode3/Project Templates/FLTK Application/FLTK 1.3/English.lproj/
fltk-1.3.0/ide/Xcode3/Project Templates/FLTK Application/FLTK 1.3/English.lproj/InfoPlist.strings
fltk-1.3.0/ide/Xcode3/Project Templates/FLTK Application/FLTK 1.3/main.cpp
fltk-1.3.0/ide/Xcode3/Project Templates/FLTK Application/FLTK 1.3/main.h
fltk-1.3.0/ide/Xcode3/Project Templates/FLTK Application/FLTK 1.3/ui.fl
fltk-1.3.0/ide/Xcode4/
fltk-1.3.0/ide/Xcode4/config.h
fltk-1.3.0/ide/Xcode4/fltk.pch
fltk-1.3.0/ide/Xcode4/FLTK.xcodeproj/
fltk-1.3.0/ide/Xcode4/FLTK.xcodeproj/project.pbxproj
fltk-1.3.0/ide/Xcode4/fluid.pbfilespec
fltk-1.3.0/ide/Xcode4/icons/
fltk-1.3.0/ide/Xcode4/icons/fluid.icns
fltk-1.3.0/ide/Xcode4/plists/
fltk-1.3.0/ide/Xcode4/plists/adjuster-Info.plist
fltk-1.3.0/ide/Xcode4/plists/arc-Info.plist
fltk-1.3.0/ide/Xcode4/plists/ask-Info.plist
fltk-1.3.0/ide/Xcode4/plists/bitmap-Info.plist
fltk-1.3.0/ide/Xcode4/plists/blocks-Info.plist
fltk-1.3.0/ide/Xcode4/plists/boxtype-Info.plist
fltk-1.3.0/ide/Xcode4/plists/browser-Info.plist
fltk-1.3.0/ide/Xcode4/plists/button-Info.plist
fltk-1.3.0/ide/Xcode4/plists/buttons-Info.plist
fltk-1.3.0/ide/Xcode4/plists/checkers-Info.plist
fltk-1.3.0/ide/Xcode4/plists/clock-Info.plist
fltk-1.3.0/ide/Xcode4/plists/colbrowser-Info.plist
fltk-1.3.0/ide/Xcode4/plists/color_chooser-Info.plist
fltk-1.3.0/ide/Xcode4/plists/cube-Info.plist
fltk-1.3.0/ide/Xcode4/plists/CubeView-Info.plist
fltk-1.3.0/ide/Xcode4/plists/cursor-Info.plist
fltk-1.3.0/ide/Xcode4/plists/curve-Info.plist
fltk-1.3.0/ide/Xcode4/plists/Demo-Info.plist
fltk-1.3.0/ide/Xcode4/plists/device-Info.plist
fltk-1.3.0/ide/Xcode4/plists/doublebuffer-Info.plist
fltk-1.3.0/ide/Xcode4/plists/editor-Info.plist
fltk-1.3.0/ide/Xcode4/plists/fast_slow-Info.plist
fltk-1.3.0/ide/Xcode4/plists/file_chooser-Info.plist
fltk-1.3.0/ide/Xcode4/plists/fltk-Info.plist
fltk-1.3.0/ide/Xcode4/plists/fltk_forms-Info.plist
fltk-1.3.0/ide/Xcode4/plists/fltk_gl-Info.plist
fltk-1.3.0/ide/Xcode4/plists/fltk_images-Info.plist
fltk-1.3.0/ide/Xcode4/plists/fltk_jpeg-Info.plist
fltk-1.3.0/ide/Xcode4/plists/fltk_png-Info.plist
fltk-1.3.0/ide/Xcode4/plists/fltk_zlib-Info.plist
fltk-1.3.0/ide/Xcode4/plists/Fluid-Info.plist
fltk-1.3.0/ide/Xcode4/plists/fonts-Info.plist
fltk-1.3.0/ide/Xcode4/plists/forms-Info.plist
fltk-1.3.0/ide/Xcode4/plists/fractals-Info.plist
fltk-1.3.0/ide/Xcode4/plists/fullscreen-Info.plist
fltk-1.3.0/ide/Xcode4/plists/gl_overlay-Info.plist
fltk-1.3.0/ide/Xcode4/plists/glpuzzle-Info.plist
fltk-1.3.0/ide/Xcode4/plists/hello-Info.plist
fltk-1.3.0/ide/Xcode4/plists/help-Info.plist
fltk-1.3.0/ide/Xcode4/plists/iconize-Info.plist
fltk-1.3.0/ide/Xcode4/plists/image-Info.plist
fltk-1.3.0/ide/Xcode4/plists/inactive-Info.plist
fltk-1.3.0/ide/Xcode4/plists/input-Info.plist
fltk-1.3.0/ide/Xcode4/plists/input_choice-Info.plist
fltk-1.3.0/ide/Xcode4/plists/keyboard-Info.plist
fltk-1.3.0/ide/Xcode4/plists/label-Info.plist
fltk-1.3.0/ide/Xcode4/plists/line_style-Info.plist
fltk-1.3.0/ide/Xcode4/plists/list_visuals-Info.plist
fltk-1.3.0/ide/Xcode4/plists/mandelbrot-Info.plist
fltk-1.3.0/ide/Xcode4/plists/menubar-Info.plist
fltk-1.3.0/ide/Xcode4/plists/message-Info.plist
fltk-1.3.0/ide/Xcode4/plists/minimum-Info.plist
fltk-1.3.0/ide/Xcode4/plists/native-filechooser-Info.plist
fltk-1.3.0/ide/Xcode4/plists/navigation-Info.plist
fltk-1.3.0/ide/Xcode4/plists/output-Info.plist
fltk-1.3.0/ide/Xcode4/plists/overlay-Info.plist
fltk-1.3.0/ide/Xcode4/plists/pack-Info.plist
fltk-1.3.0/ide/Xcode4/plists/pixmap-Info.plist
fltk-1.3.0/ide/Xcode4/plists/pixmap_browser-Info.plist
fltk-1.3.0/ide/Xcode4/plists/preferences-Info.plist
fltk-1.3.0/ide/Xcode4/plists/radio-Info.plist
fltk-1.3.0/ide/Xcode4/plists/resize-Info.plist
fltk-1.3.0/ide/Xcode4/plists/resizebox-Info.plist
fltk-1.3.0/ide/Xcode4/plists/rotated_text-Info.plist
fltk-1.3.0/ide/Xcode4/plists/scroll-Info.plist
fltk-1.3.0/ide/Xcode4/plists/shape-Info.plist
fltk-1.3.0/ide/Xcode4/plists/subwindow-Info.plist
fltk-1.3.0/ide/Xcode4/plists/sudoku-Info.plist
fltk-1.3.0/ide/Xcode4/plists/symbols-Info.plist
fltk-1.3.0/ide/Xcode4/plists/table-Info.plist
fltk-1.3.0/ide/Xcode4/plists/tabs-Info.plist
fltk-1.3.0/ide/Xcode4/plists/threads-Info.plist
fltk-1.3.0/ide/Xcode4/plists/tile-Info.plist
fltk-1.3.0/ide/Xcode4/plists/tiled_image-Info.plist
fltk-1.3.0/ide/Xcode4/plists/tree-Info.plist
fltk-1.3.0/ide/Xcode4/plists/utf8-Info.plist
fltk-1.3.0/ide/Xcode4/plists/valuators-Info.plist
fltk-1.3.0/ide/Xcode4/plists/zlib-Info.plist
fltk-1.3.0/ide/Xcode4/Project Templates/
fltk-1.3.0/ide/Xcode4/Project Templates/FLTK Application/
fltk-1.3.0/ide/Xcode4/Project Templates/FLTK Application/FLTK 1.3/
fltk-1.3.0/ide/Xcode4/Project Templates/FLTK Application/FLTK 1.3/___PROJECTNAME___.xcodeproj/
fltk-1.3.0/ide/Xcode4/Project Templates/FLTK Application/FLTK 1.3/___PROJECTNAME___.xcodeproj/project.pbxproj
fltk-1.3.0/ide/Xcode4/Project Templates/FLTK Application/FLTK 1.3/___PROJECTNAME___.xcodeproj/TemplateInfo.plist
fltk-1.3.0/ide/Xcode4/Project Templates/FLTK Application/FLTK 1.3/___PROJECTNAMEASIDENTIFIER___-Info.plist
fltk-1.3.0/ide/Xcode4/Project Templates/FLTK Application/FLTK 1.3/English.lproj/
fltk-1.3.0/ide/Xcode4/Project Templates/FLTK Application/FLTK 1.3/English.lproj/InfoPlist.strings
fltk-1.3.0/ide/Xcode4/Project Templates/FLTK Application/FLTK 1.3/main.cpp
fltk-1.3.0/ide/Xcode4/Project Templates/FLTK Application/FLTK 1.3/main.h
fltk-1.3.0/ide/Xcode4/Project Templates/FLTK Application/FLTK 1.3/ui.fl
fltk-1.3.0/install-sh
fltk-1.3.0/jpeg/
fltk-1.3.0/jpeg/change.log
fltk-1.3.0/jpeg/CMakeLists.txt
fltk-1.3.0/jpeg/coderules.txt
fltk-1.3.0/jpeg/filelist.txt
fltk-1.3.0/jpeg/install.txt
fltk-1.3.0/jpeg/jaricom.c
fltk-1.3.0/jpeg/jcapimin.c
fltk-1.3.0/jpeg/jcapistd.c
fltk-1.3.0/jpeg/jcarith.c
fltk-1.3.0/jpeg/jccoefct.c
fltk-1.3.0/jpeg/jccolor.c
fltk-1.3.0/jpeg/jcdctmgr.c
fltk-1.3.0/jpeg/jchuff.c
fltk-1.3.0/jpeg/jcinit.c
fltk-1.3.0/jpeg/jcmainct.c
fltk-1.3.0/jpeg/jcmarker.c
fltk-1.3.0/jpeg/jcmaster.c
fltk-1.3.0/jpeg/jcomapi.c
fltk-1.3.0/jpeg/jconfig.h
fltk-1.3.0/jpeg/jconfig.txt
fltk-1.3.0/jpeg/jcparam.c
fltk-1.3.0/jpeg/jcprepct.c
fltk-1.3.0/jpeg/jcsample.c
fltk-1.3.0/jpeg/jctrans.c
fltk-1.3.0/jpeg/jdapimin.c
fltk-1.3.0/jpeg/jdapistd.c
fltk-1.3.0/jpeg/jdarith.c
fltk-1.3.0/jpeg/jdatadst.c
fltk-1.3.0/jpeg/jdatasrc.c
fltk-1.3.0/jpeg/jdcoefct.c
fltk-1.3.0/jpeg/jdcolor.c
fltk-1.3.0/jpeg/jdct.h
fltk-1.3.0/jpeg/jddctmgr.c
fltk-1.3.0/jpeg/jdhuff.c
fltk-1.3.0/jpeg/jdinput.c
fltk-1.3.0/jpeg/jdmainct.c
fltk-1.3.0/jpeg/jdmarker.c
fltk-1.3.0/jpeg/jdmaster.c
fltk-1.3.0/jpeg/jdmerge.c
fltk-1.3.0/jpeg/jdpostct.c
fltk-1.3.0/jpeg/jdsample.c
fltk-1.3.0/jpeg/jdtrans.c
fltk-1.3.0/jpeg/jerror.c
fltk-1.3.0/jpeg/jerror.h
fltk-1.3.0/jpeg/jfdctflt.c
fltk-1.3.0/jpeg/jfdctfst.c
fltk-1.3.0/jpeg/jfdctint.c
fltk-1.3.0/jpeg/jidctflt.c
fltk-1.3.0/jpeg/jidctfst.c
fltk-1.3.0/jpeg/jidctint.c
fltk-1.3.0/jpeg/jinclude.h
fltk-1.3.0/jpeg/jmemmgr.c
fltk-1.3.0/jpeg/jmemnobs.c
fltk-1.3.0/jpeg/jmemsys.h
fltk-1.3.0/jpeg/jmorecfg.h
fltk-1.3.0/jpeg/jpegint.h
fltk-1.3.0/jpeg/jpeglib.h
fltk-1.3.0/jpeg/jquant1.c
fltk-1.3.0/jpeg/jquant2.c
fltk-1.3.0/jpeg/jutils.c
fltk-1.3.0/jpeg/jversion.h
fltk-1.3.0/jpeg/libjpeg.txt
fltk-1.3.0/jpeg/makedepend
fltk-1.3.0/jpeg/Makefile
fltk-1.3.0/jpeg/makefile.wat
fltk-1.3.0/jpeg/README
fltk-1.3.0/jpeg/structure.txt
fltk-1.3.0/jpeg/usage.txt
fltk-1.3.0/jpeg/wizard.txt
fltk-1.3.0/lib/
fltk-1.3.0/lib/README.lib
fltk-1.3.0/mac_endianness.h
fltk-1.3.0/Makefile
fltk-1.3.0/makeinclude.in
fltk-1.3.0/misc/
fltk-1.3.0/misc/cp1252.html
fltk-1.3.0/misc/cp1252.png
fltk-1.3.0/misc/cp1252.txt
fltk-1.3.0/misc/cp1252_utf-8.html
fltk-1.3.0/misc/cp1252_utf-8.txt
fltk-1.3.0/misc/doxystar.cxx
fltk-1.3.0/misc/iso-8859-1.txt
fltk-1.3.0/misc/iso-8859-1_utf-8.txt
fltk-1.3.0/misc/MacRoman_utf-8.png
fltk-1.3.0/misc/MacRoman_utf-8.txt
fltk-1.3.0/misc/README
fltk-1.3.0/png/
fltk-1.3.0/png/ANNOUNCE
fltk-1.3.0/png/CHANGES
fltk-1.3.0/png/CMakeLists.txt
fltk-1.3.0/png/INSTALL
fltk-1.3.0/png/libpng-manual.txt
fltk-1.3.0/png/libpng.3
fltk-1.3.0/png/libpngpf.3
fltk-1.3.0/png/LICENSE
fltk-1.3.0/png/makedepend
fltk-1.3.0/png/Makefile
fltk-1.3.0/png/makefile.wat
fltk-1.3.0/png/png.5
fltk-1.3.0/png/png.c
fltk-1.3.0/png/png.h
fltk-1.3.0/png/pngconf.h
fltk-1.3.0/png/pngdebug.h
fltk-1.3.0/png/pngerror.c
fltk-1.3.0/png/pngget.c
fltk-1.3.0/png/pnginfo.h
fltk-1.3.0/png/pnglibconf.h
fltk-1.3.0/png/pngmem.c
fltk-1.3.0/png/pngpread.c
fltk-1.3.0/png/pngpriv.h
fltk-1.3.0/png/pngread.c
fltk-1.3.0/png/pngrio.c
fltk-1.3.0/png/pngrtran.c
fltk-1.3.0/png/pngrutil.c
fltk-1.3.0/png/pngset.c
fltk-1.3.0/png/pngstruct.h
fltk-1.3.0/png/pngtrans.c
fltk-1.3.0/png/pngwio.c
fltk-1.3.0/png/pngwrite.c
fltk-1.3.0/png/pngwtran.c
fltk-1.3.0/png/pngwutil.c
fltk-1.3.0/png/README
fltk-1.3.0/png/TODO
fltk-1.3.0/README
fltk-1.3.0/README.Cairo.txt
fltk-1.3.0/README.CMake.txt
fltk-1.3.0/README.MSWindows.txt
fltk-1.3.0/README.OSX.txt
fltk-1.3.0/README.Unix.txt
fltk-1.3.0/src/
fltk-1.3.0/src/aimm.h
fltk-1.3.0/src/allfiles.xbm
fltk-1.3.0/src/cgdebug.h
fltk-1.3.0/src/CMakeLists.txt
fltk-1.3.0/src/cmap.cxx
fltk-1.3.0/src/d1.xbm
fltk-1.3.0/src/d1_mask.xbm
fltk-1.3.0/src/dump_compose.c
fltk-1.3.0/src/ew.xbm
fltk-1.3.0/src/ew_mask.xbm
fltk-1.3.0/src/fastarrow.h
fltk-1.3.0/src/filename_absolute.cxx
fltk-1.3.0/src/filename_expand.cxx
fltk-1.3.0/src/filename_ext.cxx
fltk-1.3.0/src/filename_isdir.cxx
fltk-1.3.0/src/filename_list.cxx
fltk-1.3.0/src/filename_match.cxx
fltk-1.3.0/src/filename_setext.cxx
fltk-1.3.0/src/Fl.cxx
fltk-1.3.0/src/Fl_abort.cxx
fltk-1.3.0/src/Fl_add_idle.cxx
fltk-1.3.0/src/Fl_Adjuster.cxx
fltk-1.3.0/src/fl_arc.cxx
fltk-1.3.0/src/fl_arci.cxx
fltk-1.3.0/src/Fl_arg.cxx
fltk-1.3.0/src/fl_ask.cxx
fltk-1.3.0/src/Fl_Bitmap.cxx
fltk-1.3.0/src/Fl_BMP_Image.cxx
fltk-1.3.0/src/Fl_Box.cxx
fltk-1.3.0/src/fl_boxtype.cxx
fltk-1.3.0/src/Fl_Browser.cxx
fltk-1.3.0/src/Fl_Browser_.cxx
fltk-1.3.0/src/Fl_Browser_load.cxx
fltk-1.3.0/src/Fl_Button.cxx
fltk-1.3.0/src/fl_call_main.c
fltk-1.3.0/src/Fl_Chart.cxx
fltk-1.3.0/src/Fl_Check_Browser.cxx
fltk-1.3.0/src/Fl_Check_Button.cxx
fltk-1.3.0/src/Fl_Choice.cxx
fltk-1.3.0/src/Fl_Clock.cxx
fltk-1.3.0/src/fl_cmap.h
fltk-1.3.0/src/Fl_cocoa.mm
fltk-1.3.0/src/fl_color.cxx
fltk-1.3.0/src/Fl_Color_Chooser.cxx
fltk-1.3.0/src/fl_color_mac.cxx
fltk-1.3.0/src/fl_color_win32.cxx
fltk-1.3.0/src/Fl_compose.cxx
fltk-1.3.0/src/Fl_Counter.cxx
fltk-1.3.0/src/fl_cursor.cxx
fltk-1.3.0/src/fl_curve.cxx
fltk-1.3.0/src/Fl_Device.cxx
fltk-1.3.0/src/Fl_Dial.cxx
fltk-1.3.0/src/fl_diamond_box.cxx
fltk-1.3.0/src/Fl_display.cxx
fltk-1.3.0/src/fl_dnd.cxx
fltk-1.3.0/src/fl_dnd_win32.cxx
fltk-1.3.0/src/fl_dnd_x.cxx
fltk-1.3.0/src/Fl_Double_Window.cxx
fltk-1.3.0/src/fl_draw.cxx
fltk-1.3.0/src/fl_draw_image.cxx
fltk-1.3.0/src/fl_draw_image_mac.cxx
fltk-1.3.0/src/fl_draw_image_win32.cxx
fltk-1.3.0/src/fl_draw_pixmap.cxx
fltk-1.3.0/src/fl_encoding_latin1.cxx
fltk-1.3.0/src/fl_encoding_mac_roman.cxx
fltk-1.3.0/src/fl_engraved_label.cxx
fltk-1.3.0/src/Fl_File_Browser.cxx
fltk-1.3.0/src/Fl_File_Chooser.cxx
fltk-1.3.0/src/Fl_File_Chooser.fl
fltk-1.3.0/src/Fl_File_Chooser2.cxx
fltk-1.3.0/src/fl_file_dir.cxx
fltk-1.3.0/src/Fl_File_Icon.cxx
fltk-1.3.0/src/Fl_File_Icon2.cxx
fltk-1.3.0/src/Fl_File_Input.cxx
fltk-1.3.0/src/fl_font.cxx
fltk-1.3.0/src/Fl_Font.H
fltk-1.3.0/src/fl_font_mac.cxx
fltk-1.3.0/src/fl_font_win32.cxx
fltk-1.3.0/src/fl_font_x.cxx
fltk-1.3.0/src/fl_font_xft.cxx
fltk-1.3.0/src/Fl_GDI_Printer.cxx
fltk-1.3.0/src/Fl_get_key.cxx
fltk-1.3.0/src/Fl_get_key_mac.cxx
fltk-1.3.0/src/Fl_get_key_win32.cxx
fltk-1.3.0/src/Fl_get_system_colors.cxx
fltk-1.3.0/src/Fl_GIF_Image.cxx
fltk-1.3.0/src/Fl_Gl_Choice.cxx
fltk-1.3.0/src/Fl_Gl_Choice.H
fltk-1.3.0/src/Fl_Gl_Device_Plugin.cxx
fltk-1.3.0/src/Fl_Gl_Overlay.cxx
fltk-1.3.0/src/Fl_Gl_Window.cxx
fltk-1.3.0/src/Fl_grab.cxx
fltk-1.3.0/src/Fl_Group.cxx
fltk-1.3.0/src/fl_gtk.cxx
fltk-1.3.0/src/Fl_Help_Dialog.cxx
fltk-1.3.0/src/Fl_Help_Dialog.fl
fltk-1.3.0/src/Fl_Help_Dialog_Dox.cxx
fltk-1.3.0/src/Fl_Help_View.cxx
fltk-1.3.0/src/Fl_Image.cxx
fltk-1.3.0/src/fl_images_core.cxx
fltk-1.3.0/src/Fl_Input.cxx
fltk-1.3.0/src/Fl_Input_.cxx
fltk-1.3.0/src/Fl_JPEG_Image.cxx
fltk-1.3.0/src/fl_labeltype.cxx
fltk-1.3.0/src/Fl_Light_Button.cxx
fltk-1.3.0/src/fl_line_style.cxx
fltk-1.3.0/src/Fl_lock.cxx
fltk-1.3.0/src/Fl_mac.cxx
fltk-1.3.0/src/Fl_Menu.cxx
fltk-1.3.0/src/Fl_Menu_.cxx
fltk-1.3.0/src/Fl_Menu_add.cxx
fltk-1.3.0/src/Fl_Menu_Bar.cxx
fltk-1.3.0/src/Fl_Menu_Button.cxx
fltk-1.3.0/src/Fl_Menu_global.cxx
fltk-1.3.0/src/Fl_Menu_Window.cxx
fltk-1.3.0/src/Fl_Multi_Label.cxx
fltk-1.3.0/src/Fl_Native_File_Chooser.cxx
fltk-1.3.0/src/Fl_Native_File_Chooser_common.cxx
fltk-1.3.0/src/Fl_Native_File_Chooser_FLTK.cxx
fltk-1.3.0/src/Fl_Native_File_Chooser_MAC.mm
fltk-1.3.0/src/Fl_Native_File_Chooser_WIN32.cxx
fltk-1.3.0/src/fl_open_uri.cxx
fltk-1.3.0/src/fl_oval_box.cxx
fltk-1.3.0/src/fl_overlay.cxx
fltk-1.3.0/src/fl_overlay_visual.cxx
fltk-1.3.0/src/Fl_Overlay_Window.cxx
fltk-1.3.0/src/Fl_own_colormap.cxx
fltk-1.3.0/src/Fl_Pack.cxx
fltk-1.3.0/src/Fl_Paged_Device.cxx
fltk-1.3.0/src/Fl_Pixmap.cxx
fltk-1.3.0/src/fl_plastic.cxx
fltk-1.3.0/src/Fl_PNG_Image.cxx
fltk-1.3.0/src/Fl_PNM_Image.cxx
fltk-1.3.0/src/Fl_Positioner.cxx
fltk-1.3.0/src/Fl_PostScript.cxx
fltk-1.3.0/src/Fl_Preferences.cxx
fltk-1.3.0/src/Fl_Printer.cxx
fltk-1.3.0/src/Fl_Progress.cxx
fltk-1.3.0/src/Fl_Quartz_Printer.mm
fltk-1.3.0/src/fl_read_image.cxx
fltk-1.3.0/src/fl_read_image_mac.cxx
fltk-1.3.0/src/fl_read_image_win32.cxx
fltk-1.3.0/src/fl_rect.cxx
fltk-1.3.0/src/Fl_Repeat_Button.cxx
fltk-1.3.0/src/Fl_Return_Button.cxx
fltk-1.3.0/src/Fl_Roller.cxx
fltk-1.3.0/src/fl_round_box.cxx
fltk-1.3.0/src/Fl_Round_Button.cxx
fltk-1.3.0/src/fl_rounded_box.cxx
fltk-1.3.0/src/Fl_Scroll.cxx
fltk-1.3.0/src/fl_scroll_area.cxx
fltk-1.3.0/src/Fl_Scrollbar.cxx
fltk-1.3.0/src/fl_set_font.cxx
fltk-1.3.0/src/fl_set_fonts.cxx
fltk-1.3.0/src/fl_set_fonts_mac.cxx
fltk-1.3.0/src/fl_set_fonts_win32.cxx
fltk-1.3.0/src/fl_set_fonts_x.cxx
fltk-1.3.0/src/fl_set_fonts_xft.cxx
fltk-1.3.0/src/fl_shadow_box.cxx
fltk-1.3.0/src/Fl_Shared_Image.cxx
fltk-1.3.0/src/fl_shortcut.cxx
fltk-1.3.0/src/fl_show_colormap.cxx
fltk-1.3.0/src/Fl_Single_Window.cxx
fltk-1.3.0/src/Fl_Slider.cxx
fltk-1.3.0/src/fl_symbols.cxx
fltk-1.3.0/src/Fl_Sys_Menu_Bar.cxx
fltk-1.3.0/src/Fl_Table.cxx
fltk-1.3.0/src/Fl_Table_Row.cxx
fltk-1.3.0/src/Fl_Tabs.cxx
fltk-1.3.0/src/Fl_Text_Buffer.cxx
fltk-1.3.0/src/Fl_Text_Display.cxx
fltk-1.3.0/src/Fl_Text_Editor.cxx
fltk-1.3.0/src/Fl_Tile.cxx
fltk-1.3.0/src/Fl_Tiled_Image.cxx
fltk-1.3.0/src/Fl_Tooltip.cxx
fltk-1.3.0/src/Fl_Tree.cxx
fltk-1.3.0/src/Fl_Tree_Item.cxx
fltk-1.3.0/src/Fl_Tree_Item_Array.cxx
fltk-1.3.0/src/Fl_Tree_Prefs.cxx
fltk-1.3.0/src/fl_utf.c
fltk-1.3.0/src/fl_utf8.cxx
fltk-1.3.0/src/Fl_Valuator.cxx
fltk-1.3.0/src/Fl_Value_Input.cxx
fltk-1.3.0/src/Fl_Value_Output.cxx
fltk-1.3.0/src/Fl_Value_Slider.cxx
fltk-1.3.0/src/fl_vertex.cxx
fltk-1.3.0/src/Fl_visual.cxx
fltk-1.3.0/src/Fl_Widget.cxx
fltk-1.3.0/src/Fl_win32.cxx
fltk-1.3.0/src/Fl_Window.cxx
fltk-1.3.0/src/Fl_Window_fullscreen.cxx
fltk-1.3.0/src/Fl_Window_hotspot.cxx
fltk-1.3.0/src/Fl_Window_iconize.cxx
fltk-1.3.0/src/Fl_Wizard.cxx
fltk-1.3.0/src/Fl_x.cxx
fltk-1.3.0/src/Fl_XBM_Image.cxx
fltk-1.3.0/src/Fl_XColor.H
fltk-1.3.0/src/Fl_XPM_Image.cxx
fltk-1.3.0/src/flstring.c
fltk-1.3.0/src/flstring.h
fltk-1.3.0/src/forms_bitmap.cxx
fltk-1.3.0/src/forms_compatability.cxx
fltk-1.3.0/src/forms_free.cxx
fltk-1.3.0/src/forms_fselect.cxx
fltk-1.3.0/src/forms_pixmap.cxx
fltk-1.3.0/src/forms_timer.cxx
fltk-1.3.0/src/freeglut_geometry.cxx
fltk-1.3.0/src/freeglut_stroke_mono_roman.cxx
fltk-1.3.0/src/freeglut_stroke_roman.cxx
fltk-1.3.0/src/freeglut_teapot.cxx
fltk-1.3.0/src/freeglut_teapot_data.h
fltk-1.3.0/src/gl_draw.cxx
fltk-1.3.0/src/gl_start.cxx
fltk-1.3.0/src/glut_compatability.cxx
fltk-1.3.0/src/glut_font.cxx
fltk-1.3.0/src/makedepend
fltk-1.3.0/src/Makefile
fltk-1.3.0/src/makefile.wat
fltk-1.3.0/src/mediumarrow.h
fltk-1.3.0/src/new.xbm
fltk-1.3.0/src/ns.xbm
fltk-1.3.0/src/ns_mask.xbm
fltk-1.3.0/src/numericsort.c
fltk-1.3.0/src/print_panel.cxx
fltk-1.3.0/src/print_panel.h
fltk-1.3.0/src/ps_image.cxx
fltk-1.3.0/src/scandir.c
fltk-1.3.0/src/scandir_win32.c
fltk-1.3.0/src/screen_xywh.cxx
fltk-1.3.0/src/slowarrow.h
fltk-1.3.0/src/tile.xpm
fltk-1.3.0/src/up.xbm
fltk-1.3.0/src/vsnprintf.c
fltk-1.3.0/src/xutf8/
fltk-1.3.0/src/xutf8/case.c
fltk-1.3.0/src/xutf8/COPYING
fltk-1.3.0/src/xutf8/fl_wcwidth.c
fltk-1.3.0/src/xutf8/headers/
fltk-1.3.0/src/xutf8/headers/case.h
fltk-1.3.0/src/xutf8/headers/case_tbl.txt
fltk-1.3.0/src/xutf8/headers/dingbats_.h
fltk-1.3.0/src/xutf8/headers/spacing.h
fltk-1.3.0/src/xutf8/headers/spacing_tbl.txt
fltk-1.3.0/src/xutf8/headers/symbol_.h
fltk-1.3.0/src/xutf8/headers/tbl.txt
fltk-1.3.0/src/xutf8/imKStoUCS.c
fltk-1.3.0/src/xutf8/is_right2left.c
fltk-1.3.0/src/xutf8/is_spacing.c
fltk-1.3.0/src/xutf8/keysym2Ucs.c
fltk-1.3.0/src/xutf8/lcUniConv/
fltk-1.3.0/src/xutf8/lcUniConv/8bit_tab_to_h.c
fltk-1.3.0/src/xutf8/lcUniConv/armscii_8.h
fltk-1.3.0/src/xutf8/lcUniConv/ascii.h
fltk-1.3.0/src/xutf8/lcUniConv/big5.h
fltk-1.3.0/src/xutf8/lcUniConv/big5_emacs.h
fltk-1.3.0/src/xutf8/lcUniConv/cjk_tab_to_h.c
fltk-1.3.0/src/xutf8/lcUniConv/COPYRIGHT
fltk-1.3.0/src/xutf8/lcUniConv/cp1133.h
fltk-1.3.0/src/xutf8/lcUniConv/cp1251.h
fltk-1.3.0/src/xutf8/lcUniConv/cp1255.h
fltk-1.3.0/src/xutf8/lcUniConv/cp1256.h
fltk-1.3.0/src/xutf8/lcUniConv/cp936ext.h
fltk-1.3.0/src/xutf8/lcUniConv/gb2312.h
fltk-1.3.0/src/xutf8/lcUniConv/gbk_tab_to_h.c
fltk-1.3.0/src/xutf8/lcUniConv/georgian_academy.h
fltk-1.3.0/src/xutf8/lcUniConv/georgian_ps.h
fltk-1.3.0/src/xutf8/lcUniConv/iso8859_1.h
fltk-1.3.0/src/xutf8/lcUniConv/iso8859_10.h
fltk-1.3.0/src/xutf8/lcUniConv/iso8859_11.h
fltk-1.3.0/src/xutf8/lcUniConv/iso8859_13.h
fltk-1.3.0/src/xutf8/lcUniConv/iso8859_14.h
fltk-1.3.0/src/xutf8/lcUniConv/iso8859_15.h
fltk-1.3.0/src/xutf8/lcUniConv/iso8859_16.h
fltk-1.3.0/src/xutf8/lcUniConv/iso8859_2.h
fltk-1.3.0/src/xutf8/lcUniConv/iso8859_3.h
fltk-1.3.0/src/xutf8/lcUniConv/iso8859_4.h
fltk-1.3.0/src/xutf8/lcUniConv/iso8859_5.h
fltk-1.3.0/src/xutf8/lcUniConv/iso8859_6.h
fltk-1.3.0/src/xutf8/lcUniConv/iso8859_7.h
fltk-1.3.0/src/xutf8/lcUniConv/iso8859_8.h
fltk-1.3.0/src/xutf8/lcUniConv/iso8859_9.h
fltk-1.3.0/src/xutf8/lcUniConv/iso8859_9e.h
fltk-1.3.0/src/xutf8/lcUniConv/jisx0201.h
fltk-1.3.0/src/xutf8/lcUniConv/jisx0208.h
fltk-1.3.0/src/xutf8/lcUniConv/jisx0212.h
fltk-1.3.0/src/xutf8/lcUniConv/koi8_c.h
fltk-1.3.0/src/xutf8/lcUniConv/koi8_r.h
fltk-1.3.0/src/xutf8/lcUniConv/koi8_u.h
fltk-1.3.0/src/xutf8/lcUniConv/ksc5601.h
fltk-1.3.0/src/xutf8/lcUniConv/mulelao.h
fltk-1.3.0/src/xutf8/lcUniConv/README
fltk-1.3.0/src/xutf8/lcUniConv/tatar_cyr.h
fltk-1.3.0/src/xutf8/lcUniConv/tcvn.h
fltk-1.3.0/src/xutf8/lcUniConv/tis620.h
fltk-1.3.0/src/xutf8/lcUniConv/ucs2be.h
fltk-1.3.0/src/xutf8/lcUniConv/utf8.h
fltk-1.3.0/src/xutf8/lcUniConv/viscii.h
fltk-1.3.0/src/xutf8/MAPPINGS/
fltk-1.3.0/src/xutf8/mk_wcwidth.c
fltk-1.3.0/src/xutf8/README
fltk-1.3.0/src/xutf8/stamp-h
fltk-1.3.0/src/xutf8/stamp-h.in
fltk-1.3.0/src/xutf8/test.c
fltk-1.3.0/src/xutf8/test2.c
fltk-1.3.0/src/xutf8/ucs2fontmap.c
fltk-1.3.0/src/xutf8/ucs2fontmap.c.mini
fltk-1.3.0/src/xutf8/utf8Input.c
fltk-1.3.0/src/xutf8/utf8Utils.c
fltk-1.3.0/src/xutf8/utf8Wrap.c
fltk-1.3.0/src/xutf8/utils/
fltk-1.3.0/src/xutf8/utils/case.sh
fltk-1.3.0/src/xutf8/utils/conv_gen.c
fltk-1.3.0/src/xutf8/utils/convert_map.c
fltk-1.3.0/src/xutf8/utils/create_table.c
fltk-1.3.0/src/xutf8/utils/euc_tw.c
fltk-1.3.0/src/xutf8/utils/INSTALL
fltk-1.3.0/src/xutf8/utils/Makefile
fltk-1.3.0/src/xutf8/utils/non_spacing.sh
fltk-1.3.0/src/xutf8/utils/README
fltk-1.3.0/src/xutf8/utils/tbl_gen.sh
fltk-1.3.0/src/xutf8/Ximint.h
fltk-1.3.0/src/xutf8/Xlibint.h
fltk-1.3.0/test/
fltk-1.3.0/test/adjuster.cxx
fltk-1.3.0/test/arc.cxx
fltk-1.3.0/test/ask.cxx
fltk-1.3.0/test/bitmap.cxx
fltk-1.3.0/test/blocks.app/
fltk-1.3.0/test/blocks.app/Contents/
fltk-1.3.0/test/blocks.app/Contents/Info.plist
fltk-1.3.0/test/blocks.app/Contents/MacOS/
fltk-1.3.0/test/blocks.app/Contents/PkgInfo
fltk-1.3.0/test/blocks.app/Contents/Resources/
fltk-1.3.0/test/blocks.app/Contents/Resources/blocks.icns
fltk-1.3.0/test/blocks.cxx
fltk-1.3.0/test/boxtype.cxx
fltk-1.3.0/test/browser.cxx
fltk-1.3.0/test/button.cxx
fltk-1.3.0/test/buttons.cxx
fltk-1.3.0/test/cairo_test.cxx
fltk-1.3.0/test/checkers.app/
fltk-1.3.0/test/checkers.app/Contents/
fltk-1.3.0/test/checkers.app/Contents/Info.plist
fltk-1.3.0/test/checkers.app/Contents/MacOS/
fltk-1.3.0/test/checkers.app/Contents/PkgInfo
fltk-1.3.0/test/checkers.app/Contents/Resources/
fltk-1.3.0/test/checkers.app/Contents/Resources/checkers.icns
fltk-1.3.0/test/checkers.cxx
fltk-1.3.0/test/clock.cxx
fltk-1.3.0/test/CMakeLists.txt
fltk-1.3.0/test/colbrowser.cxx
fltk-1.3.0/test/color_chooser.cxx
fltk-1.3.0/test/connect.cxx
fltk-1.3.0/test/cube.cxx
fltk-1.3.0/test/CubeMain.cxx
fltk-1.3.0/test/CubeView.cxx
fltk-1.3.0/test/CubeView.h
fltk-1.3.0/test/CubeViewUI.fl
fltk-1.3.0/test/cursor.cxx
fltk-1.3.0/test/curve.cxx
fltk-1.3.0/test/demo.cxx
fltk-1.3.0/test/demo.menu
fltk-1.3.0/test/desktop/
fltk-1.3.0/test/desktop/blocks-128.png
fltk-1.3.0/test/desktop/blocks-32.png
fltk-1.3.0/test/desktop/blocks.desktop
fltk-1.3.0/test/desktop/checkers-128.png
fltk-1.3.0/test/desktop/checkers-32.png
fltk-1.3.0/test/desktop/checkers.desktop
fltk-1.3.0/test/desktop/sudoku-128.png
fltk-1.3.0/test/desktop/sudoku-32.png
fltk-1.3.0/test/desktop/sudoku.desktop
fltk-1.3.0/test/device.cxx
fltk-1.3.0/test/doublebuffer.cxx
fltk-1.3.0/test/editor.cxx
fltk-1.3.0/test/fast_slow.fl
fltk-1.3.0/test/file_chooser.cxx
fltk-1.3.0/test/fl_jpeg_image.cxx
fltk-1.3.0/test/fonts.cxx
fltk-1.3.0/test/forms.cxx
fltk-1.3.0/test/fractals.cxx
fltk-1.3.0/test/fracviewer.cxx
fltk-1.3.0/test/fracviewer.h
fltk-1.3.0/test/fromdos.c
fltk-1.3.0/test/fullscreen.cxx
fltk-1.3.0/test/gl_overlay.cxx
fltk-1.3.0/test/glpuzzle.cxx
fltk-1.3.0/test/hello.cxx
fltk-1.3.0/test/help.cxx
fltk-1.3.0/test/iconize.cxx
fltk-1.3.0/test/image.cxx
fltk-1.3.0/test/inactive.fl
fltk-1.3.0/test/input.cxx
fltk-1.3.0/test/input_choice.cxx
fltk-1.3.0/test/keyboard.cxx
fltk-1.3.0/test/keyboard.h
fltk-1.3.0/test/keyboard_ui.fl
fltk-1.3.0/test/label.cxx
fltk-1.3.0/test/line_style.cxx
fltk-1.3.0/test/list_visuals.cxx
fltk-1.3.0/test/makedepend
fltk-1.3.0/test/Makefile
fltk-1.3.0/test/makefile.wat
fltk-1.3.0/test/mandelbrot.cxx
fltk-1.3.0/test/mandelbrot.h
fltk-1.3.0/test/mandelbrot_ui.fl
fltk-1.3.0/test/menubar.cxx
fltk-1.3.0/test/message.cxx
fltk-1.3.0/test/minimum.cxx
fltk-1.3.0/test/native-filechooser.cxx
fltk-1.3.0/test/navigation.cxx
fltk-1.3.0/test/output.cxx
fltk-1.3.0/test/overlay.cxx
fltk-1.3.0/test/pack.cxx
fltk-1.3.0/test/pixmap.cxx
fltk-1.3.0/test/pixmap_browser.cxx
fltk-1.3.0/test/pixmaps/
fltk-1.3.0/test/pixmaps/black_1.xbm
fltk-1.3.0/test/pixmaps/black_2.xbm
fltk-1.3.0/test/pixmaps/black_3.xbm
fltk-1.3.0/test/pixmaps/black_4.xbm
fltk-1.3.0/test/pixmaps/blackking_1.xbm
fltk-1.3.0/test/pixmaps/blackking_2.xbm
fltk-1.3.0/test/pixmaps/blackking_3.xbm
fltk-1.3.0/test/pixmaps/blackking_4.xbm
fltk-1.3.0/test/pixmaps/blast.xpm
fltk-1.3.0/test/pixmaps/block.xcf.gz
fltk-1.3.0/test/pixmaps/blue.xpm
fltk-1.3.0/test/pixmaps/blue_bomb.xpm
fltk-1.3.0/test/pixmaps/cyan.xpm
fltk-1.3.0/test/pixmaps/cyan_bomb.xpm
fltk-1.3.0/test/pixmaps/gray.xpm
fltk-1.3.0/test/pixmaps/gray_bomb.xpm
fltk-1.3.0/test/pixmaps/green.xpm
fltk-1.3.0/test/pixmaps/green_bomb.xpm
fltk-1.3.0/test/pixmaps/magenta.xpm
fltk-1.3.0/test/pixmaps/magenta_bomb.xpm
fltk-1.3.0/test/pixmaps/porsche.xpm
fltk-1.3.0/test/pixmaps/porsche1.xpm
fltk-1.3.0/test/pixmaps/red.xpm
fltk-1.3.0/test/pixmaps/red_bomb.xpm
fltk-1.3.0/test/pixmaps/srs.xbm
fltk-1.3.0/test/pixmaps/sudoku.xbm
fltk-1.3.0/test/pixmaps/tile.xpm
fltk-1.3.0/test/pixmaps/white_1.xbm
fltk-1.3.0/test/pixmaps/white_2.xbm
fltk-1.3.0/test/pixmaps/white_3.xbm
fltk-1.3.0/test/pixmaps/white_4.xbm
fltk-1.3.0/test/pixmaps/whiteking_1.xbm
fltk-1.3.0/test/pixmaps/whiteking_2.xbm
fltk-1.3.0/test/pixmaps/whiteking_3.xbm
fltk-1.3.0/test/pixmaps/whiteking_4.xbm
fltk-1.3.0/test/pixmaps/yellow.xpm
fltk-1.3.0/test/pixmaps/yellow_bomb.xpm
fltk-1.3.0/test/preferences.fl
fltk-1.3.0/test/radio.fl
fltk-1.3.0/test/README
fltk-1.3.0/test/resize.fl
fltk-1.3.0/test/resizebox.cxx
fltk-1.3.0/test/rgb.txt
fltk-1.3.0/test/rotated_text.cxx
fltk-1.3.0/test/scroll.cxx
fltk-1.3.0/test/shape.cxx
fltk-1.3.0/test/subwindow.cxx
fltk-1.3.0/test/sudoku.app/
fltk-1.3.0/test/sudoku.app/Contents/
fltk-1.3.0/test/sudoku.app/Contents/Info.plist
fltk-1.3.0/test/sudoku.app/Contents/MacOS/
fltk-1.3.0/test/sudoku.app/Contents/PkgInfo
fltk-1.3.0/test/sudoku.app/Contents/Resources/
fltk-1.3.0/test/sudoku.app/Contents/Resources/sudoku.icns
fltk-1.3.0/test/sudoku.cxx
fltk-1.3.0/test/sudoku.ico
fltk-1.3.0/test/sudoku.rc
fltk-1.3.0/test/sudokurc.h
fltk-1.3.0/test/symbols.cxx
fltk-1.3.0/test/table.cxx
fltk-1.3.0/test/tabs.fl
fltk-1.3.0/test/threads.cxx
fltk-1.3.0/test/threads.h
fltk-1.3.0/test/tile.cxx
fltk-1.3.0/test/tiled_image.cxx
fltk-1.3.0/test/trackball.c
fltk-1.3.0/test/trackball.h
fltk-1.3.0/test/tree.fl
fltk-1.3.0/test/unittest_about.cxx
fltk-1.3.0/test/unittest_circles.cxx
fltk-1.3.0/test/unittest_images.cxx
fltk-1.3.0/test/unittest_lines.cxx
fltk-1.3.0/test/unittest_points.cxx
fltk-1.3.0/test/unittest_rects.cxx
fltk-1.3.0/test/unittest_scrollbarsize.cxx
fltk-1.3.0/test/unittest_text.cxx
fltk-1.3.0/test/unittest_viewport.cxx
fltk-1.3.0/test/unittests.cxx
fltk-1.3.0/test/utf8.cxx
fltk-1.3.0/test/valuators.fl
fltk-1.3.0/zlib/
fltk-1.3.0/zlib/adler32.c
fltk-1.3.0/zlib/algorithm.txt
fltk-1.3.0/zlib/ChangeLog
fltk-1.3.0/zlib/CMakeLists.txt
fltk-1.3.0/zlib/compress.c
fltk-1.3.0/zlib/crc32.c
fltk-1.3.0/zlib/crc32.h
fltk-1.3.0/zlib/deflate.c
fltk-1.3.0/zlib/deflate.h
fltk-1.3.0/zlib/FAQ
fltk-1.3.0/zlib/gzclose.c
fltk-1.3.0/zlib/gzguts.h
fltk-1.3.0/zlib/gzlib.c
fltk-1.3.0/zlib/gzread.c
fltk-1.3.0/zlib/gzwrite.c
fltk-1.3.0/zlib/INDEX
fltk-1.3.0/zlib/infback.c
fltk-1.3.0/zlib/inffast.c
fltk-1.3.0/zlib/inffast.h
fltk-1.3.0/zlib/inffixed.h
fltk-1.3.0/zlib/inflate.c
fltk-1.3.0/zlib/inflate.h
fltk-1.3.0/zlib/inftrees.c
fltk-1.3.0/zlib/inftrees.h
fltk-1.3.0/zlib/makedepend
fltk-1.3.0/zlib/Makefile
fltk-1.3.0/zlib/makefile.wat
fltk-1.3.0/zlib/README
fltk-1.3.0/zlib/trees.c
fltk-1.3.0/zlib/trees.h
fltk-1.3.0/zlib/uncompr.c
fltk-1.3.0/zlib/zconf.h
fltk-1.3.0/zlib/zlib.3
fltk-1.3.0/zlib/zlib.h
fltk-1.3.0/zlib/zutil.c
fltk-1.3.0/zlib/zutil.h
checking for gcc... gcc
checking for C compiler default output file name... a.out
checking whether the C compiler works... yes
checking whether we are cross compiling... no
checking for suffix of executables... 
checking for suffix of object files... o
checking whether we are using the GNU C compiler... yes
checking whether gcc accepts -g... yes
checking for gcc option to accept ISO C89... none needed
checking for g++... g++
checking whether we are using the GNU C++ compiler... yes
checking whether g++ accepts -g... yes
checking for a BSD-compatible install... /usr/bin/ginstall -c
checking for nroff... /usr/bin/nroff
checking for htmldoc... no
checking for doxygen... no
checking for ranlib... ranlib
checking for ar... /usr/bin/ar
checking for windres... /usr/bin/windres
checking how to run the C preprocessor... gcc -E
checking for grep that handles long lines and -e... /bin/grep
checking for egrep... /bin/grep -E
checking for ANSI C header files... yes
checking for sys/types.h... yes
checking for sys/stat.h... yes
checking for stdlib.h... yes
checking for string.h... yes
checking for memory.h... yes
checking for strings.h... yes
checking for inttypes.h... yes
checking for stdint.h... yes
checking for unistd.h... yes
checking whether byte ordering is bigendian... no
checking for short... yes
checking size of short... 2
checking for int... yes
checking size of int... 4
checking for long... yes
checking size of long... 4
checking whether the compiler recognizes bool as a built-in type... yes
checking for dirent.h that defines DIR... yes
checking for library containing opendir... none required
checking sys/select.h usability... yes
checking sys/select.h presence... yes
checking for sys/select.h... yes
checking sys/stdtypes.h usability... no
checking sys/stdtypes.h presence... no
checking for sys/stdtypes.h... no
checking whether we have the POSIX compatible scandir() prototype... yes
checking for vsnprintf... yes
checking for snprintf... yes
checking for strings.h... (cached) yes
checking for strcasecmp... yes
checking for strlcat... no
checking for strlcpy... no
checking locale.h usability... yes
checking locale.h presence... yes
checking for locale.h... yes
checking for localeconv... yes
checking for library containing pow... -lm
checking for special C compiler options needed for large files... no
checking for _FILE_OFFSET_BITS value needed for large files... 64
checking for long long int... yes
checking for strtoll... yes
checking for library containing dlsym... -ldl
checking dlfcn.h usability... yes
checking dlfcn.h presence... yes
checking for dlfcn.h... yes
checking alsa/asoundlib.h usability... yes
checking alsa/asoundlib.h presence... yes
checking for alsa/asoundlib.h... yes
checking for jpeg_CreateCompress in -ljpeg... yes
checking jpeglib.h usability... yes
checking jpeglib.h presence... yes
checking for jpeglib.h... yes
checking for gzgets in -lz... yes
checking zlib.h usability... yes
checking zlib.h presence... yes
checking for zlib.h... yes
checking for png_read_info in -lpng... yes
checking png.h usability... yes
checking png.h presence... yes
checking for png.h... yes
checking libpng/png.h usability... yes
checking libpng/png.h presence... yes
checking for libpng/png.h... yes
checking for png_get_valid in -lpng... yes
checking for png_set_tRNS_to_alpha in -lpng... yes
checking pthread.h usability... yes
checking pthread.h presence... yes
checking for pthread.h... yes
checking for pthread_create using -lpthreads... no
checking for pthread_create using -lpthread... yes
checking for X... libraries , headers 
checking for gethostbyname... yes
checking for connect... yes
checking for remove... yes
checking for shmat... yes
checking for IceConnectionNumber in -lICE... yes
configure: WARNING: Ignoring libraries " -lSM -lICE" requested by configure.
checking for library containing dlopen... none required
checking GL/gl.h usability... yes
checking GL/gl.h presence... yes
checking for GL/gl.h... yes
checking for glXMakeCurrent in -lGL... yes
checking for glXGetProcAddressARB in -lGL... yes
checking GL/glu.h usability... yes
checking GL/glu.h presence... yes
checking for GL/glu.h... yes
checking for XineramaIsActive in -lXinerama... yes
checking for freetype-config... /usr/bin/freetype-config
checking for FcPatternCreate in -lfontconfig... yes
checking X11/Xft/Xft.h usability... yes
checking X11/Xft/Xft.h presence... yes
checking for X11/Xft/Xft.h... yes
checking for XftDrawCreate in -lXft... yes
checking for X11/extensions/Xdbe.h... yes
checking for XdbeQueryExtension in -lXext... yes
checking for xprop... /usr/bin/xprop
checking for X overlay visuals... no
checking if GCC supports -fno-exceptions... yes
checking if GCC supports -fno-strict-aliasing... yes

Configuration Summary
-------------------------------------------------------------------------
    Directories: prefix=/usr
                 bindir=${exec_prefix}/bin
                 datadir=${datarootdir}
                 datarootdir=${prefix}/share
                 exec_prefix=${prefix}
                 includedir=${prefix}/include
                 libdir=/usr/lib
                 mandir=${datarootdir}/man
       Graphics: X11+Xft+Xdbe+Xinerama
Image Libraries: JPEG=System
                 PNG=System
                 ZLIB=System
    Large Files: YES
         OpenGL: YES
        Threads: YES
configure: creating ./config.status
config.status: creating makeinclude
config.status: creating fltk.list
config.status: creating fltk-config
config.status: creating fltk.spec
config.status: creating FL/Makefile
config.status: creating config.h
=== making src ===
Compiling Fl.cxx...
Compiling Fl_Adjuster.cxx...
Compiling Fl_Bitmap.cxx...
Compiling Fl_Browser.cxx...
Fl_Browser.cxx: In member function virtual int Fl_Browser::item_height(void*) const:
Fl_Browser.cxx:384:14: warning: variable dummy set but not used [-Wunused-but-set-variable]
     long int dummy;
              ^
Fl_Browser.cxx: In member function virtual int Fl_Browser::item_width(void*) const:
Fl_Browser.cxx:452:14: warning: variable dummy set but not used [-Wunused-but-set-variable]
     long int dummy;
              ^
Fl_Browser.cxx: In member function virtual void Fl_Browser::item_draw(void*, int, int, int, int) const:
Fl_Browser.cxx:547:16: warning: variable dummy set but not used [-Wunused-but-set-variable]
       long int dummy;
                ^
Compiling Fl_Browser_.cxx...
Compiling Fl_Browser_load.cxx...
Compiling Fl_Box.cxx...
Compiling Fl_Button.cxx...
Compiling Fl_Chart.cxx...
Compiling Fl_Check_Browser.cxx...
Compiling Fl_Check_Button.cxx...
Compiling Fl_Choice.cxx...
Compiling Fl_Clock.cxx...
Compiling Fl_Color_Chooser.cxx...
Compiling Fl_Counter.cxx...
Compiling Fl_Dial.cxx...
Compiling Fl_Device.cxx...
Compiling Fl_Double_Window.cxx...
Compiling Fl_File_Browser.cxx...
Compiling Fl_File_Chooser.cxx...
Compiling Fl_File_Chooser2.cxx...
Compiling Fl_File_Icon.cxx...
Compiling Fl_File_Input.cxx...
Compiling Fl_Group.cxx...
Compiling Fl_Help_View.cxx...
Compiling Fl_Image.cxx...
Compiling Fl_Input.cxx...
Compiling Fl_Input_.cxx...
Compiling Fl_Light_Button.cxx...
Compiling Fl_Menu.cxx...
Compiling Fl_Menu_.cxx...
Compiling Fl_Menu_Bar.cxx...
Compiling Fl_Sys_Menu_Bar.cxx...
Compiling Fl_Menu_Button.cxx...
Compiling Fl_Menu_Window.cxx...
Compiling Fl_Menu_add.cxx...
Compiling Fl_Menu_global.cxx...
Compiling Fl_Multi_Label.cxx...
Compiling Fl_Native_File_Chooser.cxx...
Compiling Fl_Overlay_Window.cxx...
Compiling Fl_Pack.cxx...
Compiling Fl_Paged_Device.cxx...
Compiling Fl_Pixmap.cxx...
Compiling Fl_Positioner.cxx...
Compiling Fl_Preferences.cxx...
Compiling Fl_Printer.cxx...
Fl_Preferences.cxx: In member function int Fl_Preferences::Node::write(FILE*):
Fl_Preferences.cxx:1319:16: warning: variable written set but not used [-Wunused-but-set-variable]
       int cnt, written;
                ^
Compiling Fl_Progress.cxx...
Compiling Fl_Repeat_Button.cxx...
Compiling Fl_Return_Button.cxx...
Compiling Fl_Roller.cxx...
Compiling Fl_Round_Button.cxx...
Compiling Fl_Scroll.cxx...
Compiling Fl_Scrollbar.cxx...
Compiling Fl_Shared_Image.cxx...
Compiling Fl_Single_Window.cxx...
Compiling Fl_Slider.cxx...
Compiling Fl_Table.cxx...
Compiling Fl_Table_Row.cxx...
Compiling Fl_Tabs.cxx...
Compiling Fl_Text_Buffer.cxx...
Compiling Fl_Text_Display.cxx...
Fl_Text_Display.cxx: In member function int Fl_Text_Display::position_to_xy(int, int*, int*) const:
Fl_Text_Display.cxx:814:33: warning: variable lineLen set but not used [-Wunused-but-set-variable]
   int lineStartPos, fontHeight, lineLen;
                                 ^
Compiling Fl_Text_Editor.cxx...
Fl_Text_Display.cxx: In member function void Fl_Text_Display::measure_deleted_lines(int, int):
Fl_Text_Display.cxx:2973:7: warning: variable visLineNum set but not used [-Wunused-but-set-variable]
   int visLineNum = 0, nLines = 0, i;
       ^
Compiling Fl_Tile.cxx...
Compiling Fl_Tiled_Image.cxx...
Compiling Fl_Tree.cxx...
Compiling Fl_Tree_Item.cxx...
Compiling Fl_Tree_Item_Array.cxx...
Compiling Fl_Tree_Prefs.cxx...
Compiling Fl_Tooltip.cxx...
Compiling Fl_Valuator.cxx...
Compiling Fl_Value_Input.cxx...
Compiling Fl_Value_Output.cxx...
Compiling Fl_Value_Slider.cxx...
Compiling Fl_Widget.cxx...
Compiling Fl_Window.cxx...
Compiling Fl_Window_fullscreen.cxx...
Compiling Fl_Window_hotspot.cxx...
Compiling Fl_Window_iconize.cxx...
Compiling Fl_Wizard.cxx...
Compiling Fl_XBM_Image.cxx...
Compiling Fl_XPM_Image.cxx...
Compiling Fl_abort.cxx...
Compiling Fl_add_idle.cxx...
Compiling Fl_arg.cxx...
Compiling Fl_compose.cxx...
Compiling Fl_display.cxx...
Compiling Fl_get_key.cxx...
Compiling Fl_get_system_colors.cxx...
Compiling Fl_grab.cxx...
Compiling Fl_lock.cxx...
Compiling Fl_own_colormap.cxx...
Compiling Fl_visual.cxx...
Compiling Fl_x.cxx...
Compiling filename_absolute.cxx...
Compiling filename_expand.cxx...
Compiling filename_ext.cxx...
Compiling filename_isdir.cxx...
Fl_x.cxx: In function int fl_handle(const XEvent&):
Fl_x.cxx:1258:11: warning: KeySym XKeycodeToKeysym(Display*, KeyCode, int) is deprecated (declared at /usr/include/X11/Xlib.h:1699) [-Wdeprecated-declarations]
  keysym = XKeycodeToKeysym(fl_display, keycode, 0);
           ^
Fl_x.cxx:1258:50: warning: KeySym XKeycodeToKeysym(Display*, KeyCode, int) is deprecated (declared at /usr/include/X11/Xlib.h:1699) [-Wdeprecated-declarations]
  keysym = XKeycodeToKeysym(fl_display, keycode, 0);
                                                  ^
Fl_x.cxx:1270:20: warning: KeySym XKeycodeToKeysym(Display*, KeyCode, int) is deprecated (declared at /usr/include/X11/Xlib.h:1699) [-Wdeprecated-declarations]
           keysym = XKeycodeToKeysym(fl_display, keycode, 0);
                    ^
Fl_x.cxx:1270:59: warning: KeySym XKeycodeToKeysym(Display*, KeyCode, int) is deprecated (declared at /usr/include/X11/Xlib.h:1699) [-Wdeprecated-declarations]
           keysym = XKeycodeToKeysym(fl_display, keycode, 0);
                                                           ^
Fl_x.cxx:1316:16: warning: KeySym XKeycodeToKeysym(Display*, KeyCode, int) is deprecated (declared at /usr/include/X11/Xlib.h:1699) [-Wdeprecated-declarations]
       keysym = XKeycodeToKeysym(fl_display, keycode, 0);
                ^
Fl_x.cxx:1316:55: warning: KeySym XKeycodeToKeysym(Display*, KeyCode, int) is deprecated (declared at /usr/include/X11/Xlib.h:1699) [-Wdeprecated-declarations]
       keysym = XKeycodeToKeysym(fl_display, keycode, 0);
                                                       ^
Fl_x.cxx:1409:31: warning: KeySym XKeycodeToKeysym(Display*, KeyCode, int) is deprecated (declared at /usr/include/X11/Xlib.h:1699) [-Wdeprecated-declarations]
       unsigned long keysym1 = XKeycodeToKeysym(fl_display, keycode, 1);
                               ^
Fl_x.cxx:1409:70: warning: KeySym XKeycodeToKeysym(Display*, KeyCode, int) is deprecated (declared at /usr/include/X11/Xlib.h:1699) [-Wdeprecated-declarations]
       unsigned long keysym1 = XKeycodeToKeysym(fl_display, keycode, 1);
                                                                      ^
Fl_x.cxx:1237:9: warning: variable len set but not used [-Wunused-but-set-variable]
     int len;
         ^
Compiling filename_list.cxx...
Compiling filename_match.cxx...
Compiling filename_setext.cxx...
Compiling fl_arc.cxx...
Compiling fl_arci.cxx...
Compiling fl_ask.cxx...
Compiling fl_boxtype.cxx...
Compiling fl_color.cxx...
Compiling fl_cursor.cxx...
Compiling fl_curve.cxx...
Compiling fl_diamond_box.cxx...
Compiling fl_dnd.cxx...
Compiling fl_draw.cxx...
Compiling fl_draw_image.cxx...
Compiling fl_draw_pixmap.cxx...
Compiling fl_encoding_latin1.cxx...
fl_draw_pixmap.cxx: In function int fl_draw_pixmap(const char* const*, int, int, Fl_Color):
fl_draw_pixmap.cxx:221:10: warning: variable transparent_c set but not used [-Wunused-but-set-variable]
   uchar *transparent_c = (uchar *)0; // such that transparent_c[0,1,2] are the RGB of the transparent color
          ^
Compiling fl_encoding_mac_roman.cxx...
Compiling fl_engraved_label.cxx...
Compiling fl_file_dir.cxx...
Compiling fl_font.cxx...
Compiling fl_gtk.cxx...
Compiling fl_labeltype.cxx...
In file included from fl_font.cxx:62:0:
fl_font_xft.cxx: In member function virtual void Fl_Xlib_Graphics_Driver::rtl_draw(const char*, int, int, int):
fl_font_xft.cxx:685:7: warning: variable in set but not used [-Wunused-but-set-variable]
   int in, out, sz;
       ^
Compiling fl_line_style.cxx...
Compiling fl_open_uri.cxx...
Compiling fl_oval_box.cxx...
Compiling fl_overlay.cxx...
Compiling fl_overlay_visual.cxx...
Compiling fl_plastic.cxx...
Compiling fl_read_image.cxx...
Compiling fl_rect.cxx...
Compiling fl_round_box.cxx...
Compiling fl_rounded_box.cxx...
Compiling fl_set_font.cxx...
Compiling fl_set_fonts.cxx...
Compiling fl_scroll_area.cxx...
Compiling fl_shadow_box.cxx...
Compiling fl_shortcut.cxx...
Compiling fl_show_colormap.cxx...
Compiling fl_symbols.cxx...
Compiling fl_vertex.cxx...
Compiling screen_xywh.cxx...
Compiling fl_utf8.cxx...
Compiling ps_image.cxx...
Compiling fl_call_main.c...
Compiling flstring.c...
Compiling scandir.c...
Compiling numericsort.c...
Compiling vsnprintf.c...
Compiling fl_utf.c...
Compiling xutf8/case.c...
Compiling xutf8/is_right2left.c...
Compiling xutf8/is_spacing.c...
Compiling xutf8/keysym2Ucs.c...
Compiling xutf8/utf8Input.c...
Compiling xutf8/utf8Utils.c...
Compiling xutf8/utf8Wrap.c...
Compiling forms_compatability.cxx...
xutf8/utf8Input.c: In function XConvertEucTwToUtf8:
xutf8/utf8Input.c:95:21: warning: variable b set but not used [-Wunused-but-set-variable]
       unsigned char b[2];
                     ^
xutf8/utf8Input.c:100:21: warning: variable b set but not used [-Wunused-but-set-variable]
       unsigned char b[2];
                     ^
xutf8/utf8Input.c:74:15: warning: variable b set but not used [-Wunused-but-set-variable]
   char *buf, *b;
               ^
Compiling forms_bitmap.cxx...
Compiling forms_free.cxx...
xutf8/utf8Wrap.c: In function load_fonts:
xutf8/utf8Wrap.c:242:10: warning: variable list set but not used [-Wunused-but-set-variable]
   char **list;
          ^
xutf8/utf8Wrap.c: In function XUtf8_measure_extents:
xutf8/utf8Wrap.c:599:7: warning: variable res set but not used [-Wunused-but-set-variable]
   int res; /* result from calling XTextExtents16() - we should test this is OK! */
       ^
xutf8/utf8Wrap.c: In function XGetUtf8FontAndGlyph:
xutf8/utf8Wrap.c:838:19: warning: variable last_fnum set but not used [-Wunused-but-set-variable]
   int             last_fnum;  /* font index of the previous char */
                   ^
xutf8/utf8Wrap.c:836:19: warning: variable i set but not used [-Wunused-but-set-variable]
   int             i;          /* current byte in the XChar2b buffer */
                   ^
xutf8/utf8Wrap.c:832:19: warning: variable x set but not used [-Wunused-but-set-variable]
   int             x;
                   ^
xutf8/utf8Wrap.c: In function XUtf8UcsWidth:
xutf8/utf8Wrap.c:908:9: warning: variable last_fnum set but not used [-Wunused-but-set-variable]
   int   last_fnum;  /* font index of the previous char */
         ^
xutf8/utf8Wrap.c:906:9: warning: variable i set but not used [-Wunused-but-set-variable]
   int   i;          /* current byte in the XChar2b buffer */
         ^
Compiling forms_fselect.cxx...
Compiling forms_pixmap.cxx...
Compiling forms_timer.cxx...
Compiling Fl_Gl_Choice.cxx...
Compiling Fl_Gl_Overlay.cxx...
Compiling Fl_Gl_Device_Plugin.cxx...
Compiling Fl_Gl_Window.cxx...
Compiling freeglut_geometry.cxx...
Compiling freeglut_stroke_mono_roman.cxx...
Compiling freeglut_stroke_roman.cxx...
Compiling freeglut_teapot.cxx...
Compiling gl_draw.cxx...
Compiling gl_start.cxx...
Compiling glut_compatability.cxx...
Compiling glut_font.cxx...
Compiling fl_images_core.cxx...
Compiling Fl_BMP_Image.cxx...
Compiling Fl_File_Icon2.cxx...
Compiling Fl_GIF_Image.cxx...
Compiling Fl_Help_Dialog.cxx...
Compiling Fl_JPEG_Image.cxx...
Compiling Fl_PNG_Image.cxx...
Compiling Fl_PNM_Image.cxx...
/usr/bin/ar cr ../lib/libfltk.a ...
/usr/bin/ar cr ../lib/libfltk_forms.a ...
/usr/bin/ar cr ../lib/libfltk_gl.a ...
/usr/bin/ar cr ../lib/libfltk_images.a ...
=== making fluid ===
Compiling CodeEditor.cxx...
Compiling Fl_Function_Type.cxx...
Compiling Fl_Group_Type.cxx...
Compiling Fl_Menu_Type.cxx...
Compiling Fl_Type.cxx...
Compiling Fl_Widget_Type.cxx...
Compiling Fl_Window_Type.cxx...
Compiling Fluid_Image.cxx...
Compiling about_panel.cxx...
Compiling align_widget.cxx...
Compiling alignment_panel.cxx...
Compiling code.cxx...
Compiling factory.cxx...
Compiling file.cxx...
Compiling fluid.cxx...
Compiling function_panel.cxx...
Compiling template_panel.cxx...
Compiling undo.cxx...
Compiling widget_panel.cxx...
Linking fluid...
=== making test ===
Compiling unittests.cxx...
Compiling adjuster.cxx...
Compiling arc.cxx...
Compiling ask.cxx...
Compiling bitmap.cxx...
Compiling blocks.cxx...
Compiling boxtype.cxx...
Compiling browser.cxx...
Compiling button.cxx...
Compiling buttons.cxx...
Compiling cairo_test.cxx...
Compiling checkers.cxx...
Compiling clock.cxx...
Compiling colbrowser.cxx...
Compiling color_chooser.cxx...
Compiling cursor.cxx...
Compiling curve.cxx...
Compiling demo.cxx...
Compiling device.cxx...
Compiling doublebuffer.cxx...
Compiling editor.cxx...
Generating fast_slow.cxx and header from fast_slow.fl...
Compiling file_chooser.cxx...
Generating fast_slow.h and header from fast_slow.fl...
Compiling fonts.cxx...
Compiling forms.cxx...
Compiling hello.cxx...
Compiling help.cxx...
Compiling iconize.cxx...
Compiling image.cxx...
Generating inactive.cxx and header from inactive.fl...
Generating inactive.h and header from inactive.fl...
Compiling input.cxx...
Compiling input_choice.cxx...
Generating keyboard_ui.cxx and header from keyboard_ui.fl...
Generating keyboard_ui.h and header from keyboard_ui.fl...
Compiling label.cxx...
Compiling line_style.cxx...
Compiling list_visuals.cxx...
Generating mandelbrot_ui.cxx and header from mandelbrot_ui.fl...
Generating mandelbrot_ui.h and header from mandelbrot_ui.fl...
Compiling menubar.cxx...
Compiling message.cxx...
Compiling minimum.cxx...
Compiling native-filechooser.cxx...
Compiling navigation.cxx...
Compiling output.cxx...
Compiling overlay.cxx...
Compiling pack.cxx...
Compiling pixmap.cxx...
Compiling pixmap_browser.cxx...
Generating preferences.cxx and header from preferences.fl...
Generating preferences.h and header from preferences.fl...
Generating radio.cxx and header from radio.fl...
Generating radio.h and header from radio.fl...
Generating resize.cxx and header from resize.fl...
Generating resize.h and header from resize.fl...
Compiling resizebox.cxx...
Compiling rotated_text.cxx...
Compiling scroll.cxx...
Compiling subwindow.cxx...
Compiling sudoku.cxx...
Compiling symbols.cxx...
Compiling table.cxx...
Generating tabs.cxx and header from tabs.fl...
Generating tabs.h and header from tabs.fl...
Compiling threads.cxx...
Compiling tile.cxx...
Compiling tiled_image.cxx...
Generating tree.cxx and header from tree.fl...
Generating tree.h and header from tree.fl...
Generating valuators.cxx and header from valuators.fl...
Generating valuators.h and header from valuators.fl...
Compiling utf8.cxx...
Compiling cube.cxx...
Generating CubeViewUI.h and header from CubeViewUI.fl...
Generating CubeViewUI.cxx and header from CubeViewUI.fl...
Compiling CubeView.cxx...
Compiling fractals.cxx...
Compiling fracviewer.cxx...
Compiling fullscreen.cxx...
Compiling gl_overlay.cxx...
Compiling glpuzzle.cxx...
Compiling shape.cxx...
Linking unittests...
Linking adjuster...
Linking arc...
Linking ask...
Linking bitmap...
Linking blocks...
Linking boxtype...
Linking browser...
Linking button...
Linking buttons...
Linking cairo_test...
Linking checkers...
Linking clock...
Linking colbrowser...
Linking color_chooser...
Linking cursor...
Linking curve...
Linking demo...
Linking device...
Linking doublebuffer...
Linking editor...
Compiling fast_slow.cxx...
Linking file_chooser...
Linking fonts...
Linking forms...
Linking hello...
Linking help...
Linking iconize...
Linking image...
Compiling inactive.cxx...
Linking input...
Linking input_choice...
Compiling keyboard_ui.cxx...
Compiling keyboard.cxx...
Linking label...
Linking line_style...
Linking list_visuals...
Compiling mandelbrot_ui.cxx...
Compiling mandelbrot.cxx...
Linking menubar...
Linking message...
Linking minimum...
Linking native-filechooser...
Linking navigation...
Linking output...
Linking overlay...
Linking pack...
Linking pixmap...
Linking pixmap_browser...
Compiling preferences.cxx...
Compiling radio.cxx...
Compiling resize.cxx...
Linking resizebox...
Linking rotated_text...
Linking scroll...
Linking subwindow...
Linking sudoku...
Linking symbols...
Linking table...
Compiling tabs.cxx...
Linking threads...
Linking tile...
Linking tiled_image...
Compiling tree.cxx...
Compiling valuators.cxx...
Linking utf8...
Linking cube...
Compiling CubeMain.cxx...
Compiling CubeViewUI.cxx...
Linking fractals...
Linking fullscreen...
Linking gl_overlay...
Linking glpuzzle...
Linking shape...
Linking fast_slow...
Linking inactive...
Linking keyboard...
Linking mandelbrot...
Linking preferences...
Linking radio...
Linking resize...
Linking tabs...
Linking tree...
Linking valuators...
Linking CubeView...
=== making documentation ===
Formatting src/fltk.man...
Formatting src/fltk-config.man...
Formatting src/fluid.man...
Formatting src/blocks.man...
Formatting src/checkers.man...
Formatting src/sudoku.man...
=== installing FL ===
Installing include files in /mnt/sda6/00_new-woof/petbuilds-slacko-32/builds/fltk/fltk-install/usr/include...
=== installing src ===
Installing libraries in /mnt/sda6/00_new-woof/petbuilds-slacko-32/builds/fltk/fltk-install/usr/lib...
=== installing fluid ===
Installing FLUID in /mnt/sda6/00_new-woof/petbuilds-slacko-32/builds/fltk/fltk-install/usr/bin...
=== installing test ===
Installing example programs to /mnt/sda6/00_new-woof/petbuilds-slacko-32/builds/fltk/fltk-install/usr/share/doc/fltk/examples...
=== installing documentation ===
Installing documentation files in /mnt/sda6/00_new-woof/petbuilds-slacko-32/builds/fltk/fltk-install/usr/share/doc/fltk ...
Installing man pages in /mnt/sda6/00_new-woof/petbuilds-slacko-32/builds/fltk/fltk-install/usr/share/man ...
/mnt/sda6/00_new-woof/petbuilds-slacko-32/builds/fltk
Processing ../fltk-install/usr/bin/fltk-config
Processing ../fltk-install/usr/bin/fluid
Processing ../fltk-install/usr/include/FL/dirent.h
Processing ../fltk-install/usr/include/FL/Enumerations.H
Processing ../fltk-install/usr/include/FL/filename.H
Processing ../fltk-install/usr/include/FL/Fl_Adjuster.H
Processing ../fltk-install/usr/include/FL/fl_ask.H
Processing ../fltk-install/usr/include/FL/Fl_Bitmap.H
Processing ../fltk-install/usr/include/FL/Fl_BMP_Image.H
Processing ../fltk-install/usr/include/FL/Fl_Box.H
Processing ../fltk-install/usr/include/FL/Fl_Browser_.H
Processing ../fltk-install/usr/include/FL/Fl_Browser.H
Processing ../fltk-install/usr/include/FL/Fl_Button.H
Processing ../fltk-install/usr/include/FL/Fl_Cairo.H
Processing ../fltk-install/usr/include/FL/Fl_Cairo_Window.H
Processing ../fltk-install/usr/include/FL/Fl_Chart.H
Processing ../fltk-install/usr/include/FL/Fl_Check_Browser.H
Processing ../fltk-install/usr/include/FL/Fl_Check_Button.H
Processing ../fltk-install/usr/include/FL/Fl_Choice.H
Processing ../fltk-install/usr/include/FL/Fl_Clock.H
Processing ../fltk-install/usr/include/FL/Fl_Color_Chooser.H
Processing ../fltk-install/usr/include/FL/Fl_Counter.H
Processing ../fltk-install/usr/include/FL/Fl_Device.H
Processing ../fltk-install/usr/include/FL/Fl_Dial.H
Processing ../fltk-install/usr/include/FL/Fl_Double_Window.H
Processing ../fltk-install/usr/include/FL/fl_draw.H
Processing ../fltk-install/usr/include/FL/Fl_Export.H
Processing ../fltk-install/usr/include/FL/Fl_File_Browser.H
Processing ../fltk-install/usr/include/FL/Fl_File_Chooser.H
Processing ../fltk-install/usr/include/FL/Fl_File_Icon.H
Processing ../fltk-install/usr/include/FL/Fl_File_Input.H
Processing ../fltk-install/usr/include/FL/Fl_Fill_Dial.H
Processing ../fltk-install/usr/include/FL/Fl_Fill_Slider.H
Processing ../fltk-install/usr/include/FL/Fl_Float_Input.H
Processing ../fltk-install/usr/include/FL/Fl_FormsBitmap.H
Processing ../fltk-install/usr/include/FL/Fl_FormsPixmap.H
Processing ../fltk-install/usr/include/FL/Fl_Free.H
Processing ../fltk-install/usr/include/FL/Fl_GIF_Image.H
Processing ../fltk-install/usr/include/FL/Fl_Gl_Window.H
Processing ../fltk-install/usr/include/FL/Fl_Group.H
Processing ../fltk-install/usr/include/FL/Fl.H
Processing ../fltk-install/usr/include/FL/Fl_Help_Dialog.H
Processing ../fltk-install/usr/include/FL/Fl_Help_View.H
Processing ../fltk-install/usr/include/FL/Fl_Hold_Browser.H
Processing ../fltk-install/usr/include/FL/Fl_Hor_Fill_Slider.H
Processing ../fltk-install/usr/include/FL/Fl_Hor_Nice_Slider.H
Processing ../fltk-install/usr/include/FL/Fl_Hor_Slider.H
Processing ../fltk-install/usr/include/FL/Fl_Hor_Value_Slider.H
Processing ../fltk-install/usr/include/FL/Fl_Image.H
Processing ../fltk-install/usr/include/FL/Fl_Input_Choice.H
Processing ../fltk-install/usr/include/FL/Fl_Input_.H
Processing ../fltk-install/usr/include/FL/Fl_Input.H
Processing ../fltk-install/usr/include/FL/Fl_Int_Input.H
Processing ../fltk-install/usr/include/FL/Fl_JPEG_Image.H
Processing ../fltk-install/usr/include/FL/Fl_Light_Button.H
Processing ../fltk-install/usr/include/FL/Fl_Line_Dial.H
Processing ../fltk-install/usr/include/FL/Fl_Menu_Bar.H
Processing ../fltk-install/usr/include/FL/Fl_Menu_Button.H
Processing ../fltk-install/usr/include/FL/Fl_Menu_.H
Processing ../fltk-install/usr/include/FL/Fl_Menu.H
Processing ../fltk-install/usr/include/FL/Fl_Menu_Item.H
Processing ../fltk-install/usr/include/FL/Fl_Menu_Window.H
Processing ../fltk-install/usr/include/FL/fl_message.H
Processing ../fltk-install/usr/include/FL/Fl_Multi_Browser.H
Processing ../fltk-install/usr/include/FL/Fl_Multi_Label.H
Processing ../fltk-install/usr/include/FL/Fl_Multiline_Input.H
Processing ../fltk-install/usr/include/FL/Fl_Multiline_Output.H
Processing ../fltk-install/usr/include/FL/Fl_Native_File_Chooser.H
Processing ../fltk-install/usr/include/FL/Fl_Nice_Slider.H
Processing ../fltk-install/usr/include/FL/Fl_Object.H
Processing ../fltk-install/usr/include/FL/Fl_Output.H
Processing ../fltk-install/usr/include/FL/Fl_Overlay_Window.H
Processing ../fltk-install/usr/include/FL/Fl_Pack.H
Processing ../fltk-install/usr/include/FL/Fl_Paged_Device.H
Processing ../fltk-install/usr/include/FL/Fl_Pixmap.H
Processing ../fltk-install/usr/include/FL/Fl_Plugin.H
Processing ../fltk-install/usr/include/FL/Fl_PNG_Image.H
Processing ../fltk-install/usr/include/FL/Fl_PNM_Image.H
Processing ../fltk-install/usr/include/FL/Fl_Positioner.H
Processing ../fltk-install/usr/include/FL/Fl_PostScript.H
Processing ../fltk-install/usr/include/FL/Fl_Preferences.H
Processing ../fltk-install/usr/include/FL/Fl_Printer.H
Processing ../fltk-install/usr/include/FL/Fl_Progress.H
Processing ../fltk-install/usr/include/FL/Fl_Radio_Button.H
Processing ../fltk-install/usr/include/FL/Fl_Radio_Light_Button.H
Processing ../fltk-install/usr/include/FL/Fl_Radio_Round_Button.H
Processing ../fltk-install/usr/include/FL/Fl_Repeat_Button.H
Processing ../fltk-install/usr/include/FL/Fl_Return_Button.H
Processing ../fltk-install/usr/include/FL/Fl_RGB_Image.H
Processing ../fltk-install/usr/include/FL/Fl_Roller.H
Processing ../fltk-install/usr/include/FL/Fl_Round_Button.H
Processing ../fltk-install/usr/include/FL/Fl_Round_Clock.H
Processing ../fltk-install/usr/include/FL/Fl_Scrollbar.H
Processing ../fltk-install/usr/include/FL/Fl_Scroll.H
Processing ../fltk-install/usr/include/FL/Fl_Secret_Input.H
Processing ../fltk-install/usr/include/FL/Fl_Select_Browser.H
Processing ../fltk-install/usr/include/FL/Fl_Shared_Image.H
Processing ../fltk-install/usr/include/FL/fl_show_colormap.H
Processing ../fltk-install/usr/include/FL/fl_show_input.H
Processing ../fltk-install/usr/include/FL/Fl_Simple_Counter.H
Processing ../fltk-install/usr/include/FL/Fl_Single_Window.H
Processing ../fltk-install/usr/include/FL/Fl_Slider.H
Processing ../fltk-install/usr/include/FL/Fl_Spinner.H
Processing ../fltk-install/usr/include/FL/Fl_Sys_Menu_Bar.H
Processing ../fltk-install/usr/include/FL/Fl_Table.H
Processing ../fltk-install/usr/include/FL/Fl_Table_Row.H
Processing ../fltk-install/usr/include/FL/Fl_Tabs.H
Processing ../fltk-install/usr/include/FL/Fl_Text_Buffer.H
Processing ../fltk-install/usr/include/FL/Fl_Text_Display.H
Processing ../fltk-install/usr/include/FL/Fl_Text_Editor.H
Processing ../fltk-install/usr/include/FL/Fl_Tiled_Image.H
Processing ../fltk-install/usr/include/FL/Fl_Tile.H
Processing ../fltk-install/usr/include/FL/Fl_Timer.H
Processing ../fltk-install/usr/include/FL/Fl_Toggle_Button.H
Processing ../fltk-install/usr/include/FL/Fl_Toggle_Light_Button.H
Processing ../fltk-install/usr/include/FL/Fl_Toggle_Round_Button.H
Processing ../fltk-install/usr/include/FL/Fl_Tooltip.H
Processing ../fltk-install/usr/include/FL/Fl_Tree.H
Processing ../fltk-install/usr/include/FL/Fl_Tree_Item_Array.H
Processing ../fltk-install/usr/include/FL/Fl_Tree_Item.H
Processing ../fltk-install/usr/include/FL/Fl_Tree_Prefs.H
Processing ../fltk-install/usr/include/FL/fl_types.h
Processing ../fltk-install/usr/include/FL/fl_utf8.h
Processing ../fltk-install/usr/include/FL/Fl_Valuator.H
Processing ../fltk-install/usr/include/FL/Fl_Value_Input.H
Processing ../fltk-install/usr/include/FL/Fl_Value_Output.H
Processing ../fltk-install/usr/include/FL/Fl_Value_Slider.H
Processing ../fltk-install/usr/include/FL/Fl_Widget.H
Processing ../fltk-install/usr/include/FL/Fl_Window.H
Processing ../fltk-install/usr/include/FL/Fl_Wizard.H
Processing ../fltk-install/usr/include/FL/Fl_XBM_Image.H
Processing ../fltk-install/usr/include/FL/Fl_XPM_Image.H
Processing ../fltk-install/usr/include/FL/forms.H
Processing ../fltk-install/usr/include/FL/gl2opengl.h
Processing ../fltk-install/usr/include/FL/gl_draw.H
Processing ../fltk-install/usr/include/FL/gl.h
Processing ../fltk-install/usr/include/FL/glu.h
Processing ../fltk-install/usr/include/FL/glut.H
Processing ../fltk-install/usr/include/FL/mac.H
Processing ../fltk-install/usr/include/FL/math.h
Processing ../fltk-install/usr/include/FL/names.h
Processing ../fltk-install/usr/include/FL/win32.H
Processing ../fltk-install/usr/include/FL/x.H
Processing ../fltk-install/usr/include/FL/Xutf8.h
Processing ../fltk-install/usr/lib/libfltk.a
Processing ../fltk-install/usr/lib/libfltk_forms.a
Processing ../fltk-install/usr/lib/libfltk_gl.a
Processing ../fltk-install/usr/lib/libfltk_images.a
Processing ../fltk-install/usr/share/doc/fltk/examples/adjuster.cxx
Processing ../fltk-install/usr/share/doc/fltk/examples/arc.cxx
Processing ../fltk-install/usr/share/doc/fltk/examples/ask.cxx
Processing ../fltk-install/usr/share/doc/fltk/examples/bitmap.cxx
Processing ../fltk-install/usr/share/doc/fltk/examples/blocks.cxx
Processing ../fltk-install/usr/share/doc/fltk/examples/boxtype.cxx
Processing ../fltk-install/usr/share/doc/fltk/examples/browser.cxx
Processing ../fltk-install/usr/share/doc/fltk/examples/button.cxx
Processing ../fltk-install/usr/share/doc/fltk/examples/buttons.cxx
Processing ../fltk-install/usr/share/doc/fltk/examples/cairo_test.cxx
Processing ../fltk-install/usr/share/doc/fltk/examples/checkers.cxx
Processing ../fltk-install/usr/share/doc/fltk/examples/clock.cxx
Processing ../fltk-install/usr/share/doc/fltk/examples/colbrowser.cxx
Processing ../fltk-install/usr/share/doc/fltk/examples/color_chooser.cxx
Processing ../fltk-install/usr/share/doc/fltk/examples/connect.cxx
Processing ../fltk-install/usr/share/doc/fltk/examples/cube.cxx
Processing ../fltk-install/usr/share/doc/fltk/examples/CubeMain.cxx
Processing ../fltk-install/usr/share/doc/fltk/examples/CubeView.cxx
Processing ../fltk-install/usr/share/doc/fltk/examples/CubeView.h
Processing ../fltk-install/usr/share/doc/fltk/examples/CubeViewUI.cxx
Processing ../fltk-install/usr/share/doc/fltk/examples/CubeViewUI.fl
Processing ../fltk-install/usr/share/doc/fltk/examples/CubeViewUI.h
Processing ../fltk-install/usr/share/doc/fltk/examples/cursor.cxx
Processing ../fltk-install/usr/share/doc/fltk/examples/curve.cxx
Processing ../fltk-install/usr/share/doc/fltk/examples/demo.cxx
Processing ../fltk-install/usr/share/doc/fltk/examples/demo.menu
Processing ../fltk-install/usr/share/doc/fltk/examples/device.cxx
Processing ../fltk-install/usr/share/doc/fltk/examples/doublebuffer.cxx
Processing ../fltk-install/usr/share/doc/fltk/examples/editor.cxx
Processing ../fltk-install/usr/share/doc/fltk/examples/fast_slow.cxx
Processing ../fltk-install/usr/share/doc/fltk/examples/fast_slow.fl
Processing ../fltk-install/usr/share/doc/fltk/examples/fast_slow.h
Processing ../fltk-install/usr/share/doc/fltk/examples/file_chooser.cxx
Processing ../fltk-install/usr/share/doc/fltk/examples/fl_jpeg_image.cxx
Processing ../fltk-install/usr/share/doc/fltk/examples/fonts.cxx
Processing ../fltk-install/usr/share/doc/fltk/examples/forms.cxx
Processing ../fltk-install/usr/share/doc/fltk/examples/fractals.cxx
Processing ../fltk-install/usr/share/doc/fltk/examples/fracviewer.cxx
Processing ../fltk-install/usr/share/doc/fltk/examples/fracviewer.h
Processing ../fltk-install/usr/share/doc/fltk/examples/fullscreen.cxx
Processing ../fltk-install/usr/share/doc/fltk/examples/gl_overlay.cxx
Processing ../fltk-install/usr/share/doc/fltk/examples/glpuzzle.cxx
Processing ../fltk-install/usr/share/doc/fltk/examples/hello.cxx
Processing ../fltk-install/usr/share/doc/fltk/examples/help.cxx
Processing ../fltk-install/usr/share/doc/fltk/examples/iconize.cxx
Processing ../fltk-install/usr/share/doc/fltk/examples/image.cxx
Processing ../fltk-install/usr/share/doc/fltk/examples/inactive.cxx
Processing ../fltk-install/usr/share/doc/fltk/examples/inactive.fl
Processing ../fltk-install/usr/share/doc/fltk/examples/inactive.h
Processing ../fltk-install/usr/share/doc/fltk/examples/input_choice.cxx
Processing ../fltk-install/usr/share/doc/fltk/examples/input.cxx
Processing ../fltk-install/usr/share/doc/fltk/examples/keyboard.cxx
Processing ../fltk-install/usr/share/doc/fltk/examples/keyboard.h
Processing ../fltk-install/usr/share/doc/fltk/examples/keyboard_ui.cxx
Processing ../fltk-install/usr/share/doc/fltk/examples/keyboard_ui.fl
Processing ../fltk-install/usr/share/doc/fltk/examples/keyboard_ui.h
Processing ../fltk-install/usr/share/doc/fltk/examples/label.cxx
Processing ../fltk-install/usr/share/doc/fltk/examples/line_style.cxx
Processing ../fltk-install/usr/share/doc/fltk/examples/list_visuals.cxx
Processing ../fltk-install/usr/share/doc/fltk/examples/mandelbrot.cxx
Processing ../fltk-install/usr/share/doc/fltk/examples/mandelbrot.h
Processing ../fltk-install/usr/share/doc/fltk/examples/mandelbrot_ui.cxx
Processing ../fltk-install/usr/share/doc/fltk/examples/mandelbrot_ui.fl
Processing ../fltk-install/usr/share/doc/fltk/examples/mandelbrot_ui.h
Processing ../fltk-install/usr/share/doc/fltk/examples/menubar.cxx
Processing ../fltk-install/usr/share/doc/fltk/examples/message.cxx
Processing ../fltk-install/usr/share/doc/fltk/examples/minimum.cxx
Processing ../fltk-install/usr/share/doc/fltk/examples/native-filechooser.cxx
Processing ../fltk-install/usr/share/doc/fltk/examples/navigation.cxx
Processing ../fltk-install/usr/share/doc/fltk/examples/output.cxx
Processing ../fltk-install/usr/share/doc/fltk/examples/overlay.cxx
Processing ../fltk-install/usr/share/doc/fltk/examples/pack.cxx
Processing ../fltk-install/usr/share/doc/fltk/examples/pixmap_browser.cxx
Processing ../fltk-install/usr/share/doc/fltk/examples/pixmap.cxx
Processing ../fltk-install/usr/share/doc/fltk/examples/pixmaps/black_1.xbm
Processing ../fltk-install/usr/share/doc/fltk/examples/pixmaps/black_2.xbm
Processing ../fltk-install/usr/share/doc/fltk/examples/pixmaps/black_3.xbm
Processing ../fltk-install/usr/share/doc/fltk/examples/pixmaps/black_4.xbm
Processing ../fltk-install/usr/share/doc/fltk/examples/pixmaps/blackking_1.xbm
Processing ../fltk-install/usr/share/doc/fltk/examples/pixmaps/blackking_2.xbm
Processing ../fltk-install/usr/share/doc/fltk/examples/pixmaps/blackking_3.xbm
Processing ../fltk-install/usr/share/doc/fltk/examples/pixmaps/blackking_4.xbm
Processing ../fltk-install/usr/share/doc/fltk/examples/pixmaps/blast.xpm
Processing ../fltk-install/usr/share/doc/fltk/examples/pixmaps/blue_bomb.xpm
Processing ../fltk-install/usr/share/doc/fltk/examples/pixmaps/blue.xpm
Processing ../fltk-install/usr/share/doc/fltk/examples/pixmaps/cyan_bomb.xpm
Processing ../fltk-install/usr/share/doc/fltk/examples/pixmaps/cyan.xpm
Processing ../fltk-install/usr/share/doc/fltk/examples/pixmaps/gray_bomb.xpm
Processing ../fltk-install/usr/share/doc/fltk/examples/pixmaps/gray.xpm
Processing ../fltk-install/usr/share/doc/fltk/examples/pixmaps/green_bomb.xpm
Processing ../fltk-install/usr/share/doc/fltk/examples/pixmaps/green.xpm
Processing ../fltk-install/usr/share/doc/fltk/examples/pixmaps/magenta_bomb.xpm
Processing ../fltk-install/usr/share/doc/fltk/examples/pixmaps/magenta.xpm
Processing ../fltk-install/usr/share/doc/fltk/examples/pixmaps/porsche1.xpm
Processing ../fltk-install/usr/share/doc/fltk/examples/pixmaps/porsche.xpm
Processing ../fltk-install/usr/share/doc/fltk/examples/pixmaps/red_bomb.xpm
Processing ../fltk-install/usr/share/doc/fltk/examples/pixmaps/red.xpm
Processing ../fltk-install/usr/share/doc/fltk/examples/pixmaps/srs.xbm
Processing ../fltk-install/usr/share/doc/fltk/examples/pixmaps/sudoku.xbm
Processing ../fltk-install/usr/share/doc/fltk/examples/pixmaps/tile.xpm
Processing ../fltk-install/usr/share/doc/fltk/examples/pixmaps/white_1.xbm
Processing ../fltk-install/usr/share/doc/fltk/examples/pixmaps/white_2.xbm
Processing ../fltk-install/usr/share/doc/fltk/examples/pixmaps/white_3.xbm
Processing ../fltk-install/usr/share/doc/fltk/examples/pixmaps/white_4.xbm
Processing ../fltk-install/usr/share/doc/fltk/examples/pixmaps/whiteking_1.xbm
Processing ../fltk-install/usr/share/doc/fltk/examples/pixmaps/whiteking_2.xbm
Processing ../fltk-install/usr/share/doc/fltk/examples/pixmaps/whiteking_3.xbm
Processing ../fltk-install/usr/share/doc/fltk/examples/pixmaps/whiteking_4.xbm
Processing ../fltk-install/usr/share/doc/fltk/examples/pixmaps/yellow_bomb.xpm
Processing ../fltk-install/usr/share/doc/fltk/examples/pixmaps/yellow.xpm
Processing ../fltk-install/usr/share/doc/fltk/examples/preferences.cxx
Processing ../fltk-install/usr/share/doc/fltk/examples/preferences.fl
Processing ../fltk-install/usr/share/doc/fltk/examples/preferences.h
Processing ../fltk-install/usr/share/doc/fltk/examples/radio.cxx
Processing ../fltk-install/usr/share/doc/fltk/examples/radio.fl
Processing ../fltk-install/usr/share/doc/fltk/examples/radio.h
Processing ../fltk-install/usr/share/doc/fltk/examples/resizebox.cxx
Processing ../fltk-install/usr/share/doc/fltk/examples/resize.cxx
Processing ../fltk-install/usr/share/doc/fltk/examples/resize.fl
Processing ../fltk-install/usr/share/doc/fltk/examples/resize.h
Processing ../fltk-install/usr/share/doc/fltk/examples/rotated_text.cxx
Processing ../fltk-install/usr/share/doc/fltk/examples/scroll.cxx
Processing ../fltk-install/usr/share/doc/fltk/examples/shape.cxx
Processing ../fltk-install/usr/share/doc/fltk/examples/subwindow.cxx
Processing ../fltk-install/usr/share/doc/fltk/examples/sudoku.cxx
Processing ../fltk-install/usr/share/doc/fltk/examples/sudokurc.h
Processing ../fltk-install/usr/share/doc/fltk/examples/symbols.cxx
Processing ../fltk-install/usr/share/doc/fltk/examples/table.cxx
Processing ../fltk-install/usr/share/doc/fltk/examples/tabs.cxx
Processing ../fltk-install/usr/share/doc/fltk/examples/tabs.fl
Processing ../fltk-install/usr/share/doc/fltk/examples/tabs.h
Processing ../fltk-install/usr/share/doc/fltk/examples/threads.cxx
Processing ../fltk-install/usr/share/doc/fltk/examples/threads.h
Processing ../fltk-install/usr/share/doc/fltk/examples/tile.cxx
Processing ../fltk-install/usr/share/doc/fltk/examples/tiled_image.cxx
Processing ../fltk-install/usr/share/doc/fltk/examples/trackball.h
Processing ../fltk-install/usr/share/doc/fltk/examples/tree.cxx
Processing ../fltk-install/usr/share/doc/fltk/examples/tree.fl
Processing ../fltk-install/usr/share/doc/fltk/examples/tree.h
Processing ../fltk-install/usr/share/doc/fltk/examples/unittest_about.cxx
Processing ../fltk-install/usr/share/doc/fltk/examples/unittest_circles.cxx
Processing ../fltk-install/usr/share/doc/fltk/examples/unittest_images.cxx
Processing ../fltk-install/usr/share/doc/fltk/examples/unittest_lines.cxx
Processing ../fltk-install/usr/share/doc/fltk/examples/unittest_points.cxx
Processing ../fltk-install/usr/share/doc/fltk/examples/unittest_rects.cxx
Processing ../fltk-install/usr/share/doc/fltk/examples/unittest_scrollbarsize.cxx
Processing ../fltk-install/usr/share/doc/fltk/examples/unittests.cxx
Processing ../fltk-install/usr/share/doc/fltk/examples/unittest_text.cxx
Processing ../fltk-install/usr/share/doc/fltk/examples/unittest_viewport.cxx
Processing ../fltk-install/usr/share/doc/fltk/examples/utf8.cxx
Processing ../fltk-install/usr/share/doc/fltk/examples/valuators.cxx
Processing ../fltk-install/usr/share/doc/fltk/examples/valuators.fl
Processing ../fltk-install/usr/share/doc/fltk/examples/valuators.h
Processing ../fltk-install/usr/share/man/cat1/fltk-config.1
Processing ../fltk-install/usr/share/man/cat1/fluid.1
Processing ../fltk-install/usr/share/man/cat3/fltk.3
Processing ../fltk-install/usr/share/man/man1/fltk-config.1
Processing ../fltk-install/usr/share/man/man1/fluid.1
Processing ../fltk-install/usr/share/man/man3/fltk.3
all done
packaging fltk-1.3.0-i686_slk600
packaging fltk_DEV-1.3.0-i686_slk600
packaging fltk_DOC-1.3.0-i686_slk600
done!
