galculator-2.1.3/
galculator-2.1.3/intltool-extract.in
galculator-2.1.3/galculator.spec.in
galculator-2.1.3/configure.in
galculator-2.1.3/ylwrap
galculator-2.1.3/config.guess
galculator-2.1.3/src/
galculator-2.1.3/src/flex_parser.h
galculator-2.1.3/src/display.h
galculator-2.1.3/src/flex_parser.c
galculator-2.1.3/src/math_functions.c
galculator-2.1.3/src/display.c
galculator-2.1.3/src/Makefile.am
galculator-2.1.3/src/Makefile.in
galculator-2.1.3/src/general_functions.c
galculator-2.1.3/src/math_functions.h
galculator-2.1.3/src/callbacks.h
galculator-2.1.3/src/flex_parser.l
galculator-2.1.3/src/galculator.h
galculator-2.1.3/src/calc_basic.h
galculator-2.1.3/src/ui.c
galculator-2.1.3/src/g_real.h
galculator-2.1.3/src/config_file.h
galculator-2.1.3/src/general_functions.h
galculator-2.1.3/src/calc_basic.c
galculator-2.1.3/src/config_file.c
galculator-2.1.3/src/main.c
galculator-2.1.3/src/ui.h
galculator-2.1.3/src/callbacks.c
galculator-2.1.3/m4/
galculator-2.1.3/m4/ltsugar.m4
galculator-2.1.3/m4/libtool.m4
galculator-2.1.3/m4/ltoptions.m4
galculator-2.1.3/m4/lt~obsolete.m4
galculator-2.1.3/m4/intltool.m4
galculator-2.1.3/m4/ltversion.m4
galculator-2.1.3/depcomp
galculator-2.1.3/THANKS
galculator-2.1.3/NEWS
galculator-2.1.3/Makefile.am
galculator-2.1.3/COPYING
galculator-2.1.3/Makefile.in
galculator-2.1.3/install-sh
galculator-2.1.3/galculator.desktop.in
galculator-2.1.3/ui/
galculator-2.1.3/ui/scientific_buttons_gtk2.ui
galculator-2.1.3/ui/dispctrl_bottom_gtk2.ui
galculator-2.1.3/ui/basic_buttons_gtk3.ui
galculator-2.1.3/ui/prefs_gtk3.ui
galculator-2.1.3/ui/scientific_buttons_gtk3.ui
galculator-2.1.3/ui/prefs_gtk2.ui
galculator-2.1.3/ui/Makefile.am
galculator-2.1.3/ui/prefs-ume.ui
galculator-2.1.3/ui/Makefile.in
galculator-2.1.3/ui/dispctrl_right_vertical_gtk3.ui
galculator-2.1.3/ui/main_frame_hildon.ui
galculator-2.1.3/ui/dispctrl_right_vertical_gtk2.ui
galculator-2.1.3/ui/dispctrl_right_gtk3.ui
galculator-2.1.3/ui/about.ui
galculator-2.1.3/ui/about.ui.in
galculator-2.1.3/ui/dispctrl_right_gtk2.ui
galculator-2.1.3/ui/dispctrl_bottom_gtk3.ui
galculator-2.1.3/ui/classic_view.ui
galculator-2.1.3/ui/paper_view.ui
galculator-2.1.3/ui/basic_buttons_gtk2.ui
galculator-2.1.3/ui/main_frame.ui
galculator-2.1.3/doc/
galculator-2.1.3/doc/shortcuts
galculator-2.1.3/doc/Makefile.am
galculator-2.1.3/doc/Makefile.in
galculator-2.1.3/doc/galculator.1
galculator-2.1.3/aclocal.m4
galculator-2.1.3/AUTHORS
galculator-2.1.3/intltool-merge.in
galculator-2.1.3/ChangeLog
galculator-2.1.3/compile
galculator-2.1.3/configure
galculator-2.1.3/config.sub
galculator-2.1.3/galculator.spec
galculator-2.1.3/intltool-update.in
galculator-2.1.3/INSTALL
galculator-2.1.3/pixmaps/
galculator-2.1.3/pixmaps/galculator.xpm
galculator-2.1.3/pixmaps/galculator.svg
galculator-2.1.3/pixmaps/Makefile.am
galculator-2.1.3/pixmaps/Makefile.in
galculator-2.1.3/pixmaps/galculator.png
galculator-2.1.3/ltmain.sh
galculator-2.1.3/config.h.in
galculator-2.1.3/ABOUT-NLS
galculator-2.1.3/mkinstalldirs
galculator-2.1.3/po/
galculator-2.1.3/po/es.po
galculator-2.1.3/po/zh_TW.po
galculator-2.1.3/po/Makefile.in.in
galculator-2.1.3/po/da_DK.po
galculator-2.1.3/po/pt.po
galculator-2.1.3/po/pl.po
galculator-2.1.3/po/de.po
galculator-2.1.3/po/kk_KZ.po
galculator-2.1.3/po/ja.po
galculator-2.1.3/po/sk.po
galculator-2.1.3/po/ChangeLog
galculator-2.1.3/po/zh_CN.po
galculator-2.1.3/po/tr.po
galculator-2.1.3/po/sv.po
galculator-2.1.3/po/es_MX.po
galculator-2.1.3/po/pt_BR.po
galculator-2.1.3/po/fr.po
galculator-2.1.3/po/ru.po
galculator-2.1.3/po/ro.po
galculator-2.1.3/po/lt.po
galculator-2.1.3/po/hu.po
galculator-2.1.3/po/POTFILES.skip
galculator-2.1.3/po/POTFILES.in
galculator-2.1.3/README
galculator-2.1.3/missing
checking for a BSD-compatible install... /usr/bin/ginstall -c
checking whether build environment is sane... yes
/mnt/sda6/00_new-woof/petbuilds-slacko-32/builds/galculator/galculator-2.1.3/missing: Unknown `--is-lightweight' option
Try `/mnt/sda6/00_new-woof/petbuilds-slacko-32/builds/galculator/galculator-2.1.3/missing --help' for more information
configure: WARNING: 'missing' script is too old or missing
checking for a thread-safe mkdir -p... ./install-sh -c -d
checking for gawk... gawk
checking whether make sets $(MAKE)... yes
checking whether make supports nested variables... yes
checking whether to enable maintainer-specific portions of Makefiles... no
checking for gcc... gcc
checking whether the C compiler works... yes
checking for C compiler default output file name... a.out
checking for suffix of executables... 
checking whether we are cross compiling... no
checking for suffix of object files... o
checking whether we are using the GNU C compiler... yes
checking whether gcc accepts -g... yes
checking for gcc option to accept ISO C89... none needed
checking for style of include used by make... GNU
checking dependency style of gcc... gcc3
checking whether NLS is requested... yes
checking for intltool-update... /usr/bin/intltool-update
checking for intltool-merge... /usr/bin/intltool-merge
checking for intltool-extract... /usr/bin/intltool-extract
checking for xgettext... /usr/bin/xgettext
checking for msgmerge... /usr/bin/msgmerge
checking for msgfmt... /usr/bin/msgfmt
checking for gmsgfmt... /usr/bin/msgfmt
checking for perl... /usr/bin/perl
checking for perl >= 5.8.1... 5.18.1
checking for library containing strerror... none required
checking how to run the C preprocessor... gcc -E
checking for grep that handles long lines and -e... /bin/grep
checking for egrep... /bin/grep -E
checking for ANSI C header files... yes
checking build system type... i686-pc-linux-gnu
checking host system type... i686-pc-linux-gnu
checking for cos in -lm... yes
checking for pkg-config... /usr/bin/pkg-config
checking pkg-config is at least version 0.9.0... yes
checking for GTK... yes
checking for sinhq in -lquadmath... yes
checking for flex... flex
checking lex output file root... lex.yy
checking lex library... -lfl
checking whether yytext is a pointer... yes
checking whether gcc and cc understand -c and -o together... yes
checking how to print strings... printf
checking for a sed that does not truncate output... /bin/sed
checking for fgrep... /bin/grep -F
checking for ld used by gcc... /usr/i486-slackware-linux/bin/ld
checking if the linker (/usr/i486-slackware-linux/bin/ld) is GNU ld... yes
checking for BSD- or MS-compatible name lister (nm)... /usr/bin/nm -B
checking the name lister (/usr/bin/nm -B) interface... BSD nm
checking whether ln -s works... yes
checking the maximum length of command line arguments... 1572864
checking whether the shell understands some XSI constructs... yes
checking whether the shell understands "+="... yes
checking how to convert i686-pc-linux-gnu file names to i686-pc-linux-gnu format... func_convert_file_noop
checking how to convert i686-pc-linux-gnu file names to toolchain format... func_convert_file_noop
checking for /usr/i486-slackware-linux/bin/ld option to reload object files... -r
checking for objdump... objdump
checking how to recognize dependent libraries... pass_all
checking for dlltool... dlltool
checking how to associate runtime and link libraries... printf %s\n
checking for ar... ar
checking for archiver @FILE support... @
checking for strip... strip
checking for ranlib... ranlib
checking command to parse /usr/bin/nm -B output from gcc object... ok
checking for sysroot... no
checking for mt... no
checking if : is a manifest tool... no
checking for sys/types.h... yes
checking for sys/stat.h... yes
checking for stdlib.h... yes
checking for string.h... yes
checking for memory.h... yes
checking for strings.h... yes
checking for inttypes.h... yes
checking for stdint.h... yes
checking for unistd.h... yes
checking for dlfcn.h... yes
checking for objdir... .libs
checking if gcc supports -fno-rtti -fno-exceptions... no
checking for gcc option to produce PIC... -fPIC -DPIC
checking if gcc PIC flag -fPIC -DPIC works... yes
checking if gcc static flag -static works... yes
checking if gcc supports -c -o file.o... yes
checking if gcc supports -c -o file.o... (cached) yes
checking whether the gcc linker (/usr/i486-slackware-linux/bin/ld) supports shared libraries... yes
checking whether -lc should be explicitly linked in... no
checking dynamic linker characteristics... GNU/Linux ld.so
checking how to hardcode library paths into programs... immediate
checking whether stripping libraries is possible... yes
checking if libtool supports shared libraries... yes
checking whether to build shared libraries... yes
checking whether to build static libraries... yes
checking locale.h usability... yes
checking locale.h presence... yes
checking for locale.h... yes
checking for LC_MESSAGES... yes
checking libintl.h usability... yes
checking libintl.h presence... yes
checking for libintl.h... yes
checking for ngettext in libc... yes
checking for dgettext in libc... yes
checking for bind_textdomain_codeset... yes
checking for msgfmt... (cached) /usr/bin/msgfmt
checking for dcgettext... yes
checking if msgfmt accepts -c... yes
checking for gmsgfmt... (cached) /usr/bin/msgfmt
checking for xgettext... (cached) /usr/bin/xgettext
checking for catalogs to be installed...  de fr ja pt pt_BR pl ro sk es_MX ru zh_TW zh_CN da_DK kk_KZ sv tr lt hu es
checking that generated files are newer than configure... done
configure: creating ./config.status
config.status: creating Makefile
config.status: creating galculator.spec
config.status: creating src/Makefile
config.status: creating po/Makefile.in
config.status: creating ui/Makefile
config.status: creating ui/about.ui
config.status: creating doc/Makefile
config.status: creating pixmaps/Makefile
config.status: creating config.h
config.status: executing depfiles commands
config.status: executing libtool commands
config.status: executing default-1 commands
config.status: executing po/stamp-it commands
make  all-recursive
make[1]: Entering directory `/mnt/sda6/00_new-woof/petbuilds-slacko-32/builds/galculator/galculator-2.1.3'
Making all in src
make[2]: Entering directory `/mnt/sda6/00_new-woof/petbuilds-slacko-32/builds/galculator/galculator-2.1.3/src'
gcc -DHAVE_CONFIG_H -I. -I..  -DPACKAGE_LOCALE_DIR=\""/usr/share/locale"\" -DPACKAGE_UI_DIR=\""/usr/share/galculator/ui"\" -DPACKAGE_PIXMAPS_DIR=\""/usr/share/pixmaps"\" -DGDK_DISABLE_DEPRECATED -DGTK_DISABLE_DEPRECATED -DGSEAL_ENABLE  -pthread -I/usr/include/gtk-2.0 -I/usr/lib/gtk-2.0/include -I/usr/include/atk-1.0 -I/usr/include/cairo -I/usr/include/gdk-pixbuf-2.0 -I/usr/include/pango-1.0 -I/usr/include/glib-2.0 -I/usr/lib/glib-2.0/include -I/usr/include/pixman-1 -I/usr/include/freetype2 -I/usr/include/libpng14 -I/usr/include/libdrm -I/usr/include/harfbuzz   -g -O2 -Wall -MT galculator-main.o -MD -MP -MF .deps/galculator-main.Tpo -c -o galculator-main.o `test -f 'main.c' || echo './'`main.c
gcc -DHAVE_CONFIG_H -I. -I..  -DPACKAGE_LOCALE_DIR=\""/usr/share/locale"\" -DPACKAGE_UI_DIR=\""/usr/share/galculator/ui"\" -DPACKAGE_PIXMAPS_DIR=\""/usr/share/pixmaps"\" -DGDK_DISABLE_DEPRECATED -DGTK_DISABLE_DEPRECATED -DGSEAL_ENABLE  -pthread -I/usr/include/gtk-2.0 -I/usr/lib/gtk-2.0/include -I/usr/include/atk-1.0 -I/usr/include/cairo -I/usr/include/gdk-pixbuf-2.0 -I/usr/include/pango-1.0 -I/usr/include/glib-2.0 -I/usr/lib/glib-2.0/include -I/usr/include/pixman-1 -I/usr/include/freetype2 -I/usr/include/libpng14 -I/usr/include/libdrm -I/usr/include/harfbuzz   -g -O2 -Wall -MT galculator-math_functions.o -MD -MP -MF .deps/galculator-math_functions.Tpo -c -o galculator-math_functions.o `test -f 'math_functions.c' || echo './'`math_functions.c
gcc -DHAVE_CONFIG_H -I. -I..  -DPACKAGE_LOCALE_DIR=\""/usr/share/locale"\" -DPACKAGE_UI_DIR=\""/usr/share/galculator/ui"\" -DPACKAGE_PIXMAPS_DIR=\""/usr/share/pixmaps"\" -DGDK_DISABLE_DEPRECATED -DGTK_DISABLE_DEPRECATED -DGSEAL_ENABLE  -pthread -I/usr/include/gtk-2.0 -I/usr/lib/gtk-2.0/include -I/usr/include/atk-1.0 -I/usr/include/cairo -I/usr/include/gdk-pixbuf-2.0 -I/usr/include/pango-1.0 -I/usr/include/glib-2.0 -I/usr/lib/glib-2.0/include -I/usr/include/pixman-1 -I/usr/include/freetype2 -I/usr/include/libpng14 -I/usr/include/libdrm -I/usr/include/harfbuzz   -g -O2 -Wall -MT galculator-display.o -MD -MP -MF .deps/galculator-display.Tpo -c -o galculator-display.o `test -f 'display.c' || echo './'`display.c
gcc -DHAVE_CONFIG_H -I. -I..  -DPACKAGE_LOCALE_DIR=\""/usr/share/locale"\" -DPACKAGE_UI_DIR=\""/usr/share/galculator/ui"\" -DPACKAGE_PIXMAPS_DIR=\""/usr/share/pixmaps"\" -DGDK_DISABLE_DEPRECATED -DGTK_DISABLE_DEPRECATED -DGSEAL_ENABLE  -pthread -I/usr/include/gtk-2.0 -I/usr/lib/gtk-2.0/include -I/usr/include/atk-1.0 -I/usr/include/cairo -I/usr/include/gdk-pixbuf-2.0 -I/usr/include/pango-1.0 -I/usr/include/glib-2.0 -I/usr/lib/glib-2.0/include -I/usr/include/pixman-1 -I/usr/include/freetype2 -I/usr/include/libpng14 -I/usr/include/libdrm -I/usr/include/harfbuzz   -g -O2 -Wall -MT galculator-general_functions.o -MD -MP -MF .deps/galculator-general_functions.Tpo -c -o galculator-general_functions.o `test -f 'general_functions.c' || echo './'`general_functions.c
mv -f .deps/galculator-main.Tpo .deps/galculator-main.Po
gcc -DHAVE_CONFIG_H -I. -I..  -DPACKAGE_LOCALE_DIR=\""/usr/share/locale"\" -DPACKAGE_UI_DIR=\""/usr/share/galculator/ui"\" -DPACKAGE_PIXMAPS_DIR=\""/usr/share/pixmaps"\" -DGDK_DISABLE_DEPRECATED -DGTK_DISABLE_DEPRECATED -DGSEAL_ENABLE  -pthread -I/usr/include/gtk-2.0 -I/usr/lib/gtk-2.0/include -I/usr/include/atk-1.0 -I/usr/include/cairo -I/usr/include/gdk-pixbuf-2.0 -I/usr/include/pango-1.0 -I/usr/include/glib-2.0 -I/usr/lib/glib-2.0/include -I/usr/include/pixman-1 -I/usr/include/freetype2 -I/usr/include/libpng14 -I/usr/include/libdrm -I/usr/include/harfbuzz   -g -O2 -Wall -MT galculator-calc_basic.o -MD -MP -MF .deps/galculator-calc_basic.Tpo -c -o galculator-calc_basic.o `test -f 'calc_basic.c' || echo './'`calc_basic.c
mv -f .deps/galculator-math_functions.Tpo .deps/galculator-math_functions.Po
gcc -DHAVE_CONFIG_H -I. -I..  -DPACKAGE_LOCALE_DIR=\""/usr/share/locale"\" -DPACKAGE_UI_DIR=\""/usr/share/galculator/ui"\" -DPACKAGE_PIXMAPS_DIR=\""/usr/share/pixmaps"\" -DGDK_DISABLE_DEPRECATED -DGTK_DISABLE_DEPRECATED -DGSEAL_ENABLE  -pthread -I/usr/include/gtk-2.0 -I/usr/lib/gtk-2.0/include -I/usr/include/atk-1.0 -I/usr/include/cairo -I/usr/include/gdk-pixbuf-2.0 -I/usr/include/pango-1.0 -I/usr/include/glib-2.0 -I/usr/lib/glib-2.0/include -I/usr/include/pixman-1 -I/usr/include/freetype2 -I/usr/include/libpng14 -I/usr/include/libdrm -I/usr/include/harfbuzz   -g -O2 -Wall -MT galculator-config_file.o -MD -MP -MF .deps/galculator-config_file.Tpo -c -o galculator-config_file.o `test -f 'config_file.c' || echo './'`config_file.c
mv -f .deps/galculator-general_functions.Tpo .deps/galculator-general_functions.Po
gcc -DHAVE_CONFIG_H -I. -I..  -DPACKAGE_LOCALE_DIR=\""/usr/share/locale"\" -DPACKAGE_UI_DIR=\""/usr/share/galculator/ui"\" -DPACKAGE_PIXMAPS_DIR=\""/usr/share/pixmaps"\" -DGDK_DISABLE_DEPRECATED -DGTK_DISABLE_DEPRECATED -DGSEAL_ENABLE  -pthread -I/usr/include/gtk-2.0 -I/usr/lib/gtk-2.0/include -I/usr/include/atk-1.0 -I/usr/include/cairo -I/usr/include/gdk-pixbuf-2.0 -I/usr/include/pango-1.0 -I/usr/include/glib-2.0 -I/usr/lib/glib-2.0/include -I/usr/include/pixman-1 -I/usr/include/freetype2 -I/usr/include/libpng14 -I/usr/include/libdrm -I/usr/include/harfbuzz   -g -O2 -Wall -MT galculator-callbacks.o -MD -MP -MF .deps/galculator-callbacks.Tpo -c -o galculator-callbacks.o `test -f 'callbacks.c' || echo './'`callbacks.c
mv -f .deps/galculator-display.Tpo .deps/galculator-display.Po
gcc -DHAVE_CONFIG_H -I. -I..  -DPACKAGE_LOCALE_DIR=\""/usr/share/locale"\" -DPACKAGE_UI_DIR=\""/usr/share/galculator/ui"\" -DPACKAGE_PIXMAPS_DIR=\""/usr/share/pixmaps"\" -DGDK_DISABLE_DEPRECATED -DGTK_DISABLE_DEPRECATED -DGSEAL_ENABLE  -pthread -I/usr/include/gtk-2.0 -I/usr/lib/gtk-2.0/include -I/usr/include/atk-1.0 -I/usr/include/cairo -I/usr/include/gdk-pixbuf-2.0 -I/usr/include/pango-1.0 -I/usr/include/glib-2.0 -I/usr/lib/glib-2.0/include -I/usr/include/pixman-1 -I/usr/include/freetype2 -I/usr/include/libpng14 -I/usr/include/libdrm -I/usr/include/harfbuzz   -g -O2 -Wall -MT galculator-ui.o -MD -MP -MF .deps/galculator-ui.Tpo -c -o galculator-ui.o `test -f 'ui.c' || echo './'`ui.c
mv -f .deps/galculator-calc_basic.Tpo .deps/galculator-calc_basic.Po
gcc -DHAVE_CONFIG_H -I. -I..  -DPACKAGE_LOCALE_DIR=\""/usr/share/locale"\" -DPACKAGE_UI_DIR=\""/usr/share/galculator/ui"\" -DPACKAGE_PIXMAPS_DIR=\""/usr/share/pixmaps"\" -DGDK_DISABLE_DEPRECATED -DGTK_DISABLE_DEPRECATED -DGSEAL_ENABLE  -pthread -I/usr/include/gtk-2.0 -I/usr/lib/gtk-2.0/include -I/usr/include/atk-1.0 -I/usr/include/cairo -I/usr/include/gdk-pixbuf-2.0 -I/usr/include/pango-1.0 -I/usr/include/glib-2.0 -I/usr/lib/glib-2.0/include -I/usr/include/pixman-1 -I/usr/include/freetype2 -I/usr/include/libpng14 -I/usr/include/libdrm -I/usr/include/harfbuzz   -g -O2 -Wall -MT galculator-flex_parser.o -MD -MP -MF .deps/galculator-flex_parser.Tpo -c -o galculator-flex_parser.o `test -f 'flex_parser.c' || echo './'`flex_parser.c
mv -f .deps/galculator-config_file.Tpo .deps/galculator-config_file.Po
flex_parser.c:1551:16: warning: ‘input’ defined but not used [-Wunused-function]
     static int input  (void)
                ^
mv -f .deps/galculator-flex_parser.Tpo .deps/galculator-flex_parser.Po
mv -f .deps/galculator-ui.Tpo .deps/galculator-ui.Po
mv -f .deps/galculator-callbacks.Tpo .deps/galculator-callbacks.Po
/bin/sh ../libtool  --tag=CC   --mode=link gcc -pthread -I/usr/include/gtk-2.0 -I/usr/lib/gtk-2.0/include -I/usr/include/atk-1.0 -I/usr/include/cairo -I/usr/include/gdk-pixbuf-2.0 -I/usr/include/pango-1.0 -I/usr/include/glib-2.0 -I/usr/lib/glib-2.0/include -I/usr/include/pixman-1 -I/usr/include/freetype2 -I/usr/include/libpng14 -I/usr/include/libdrm -I/usr/include/harfbuzz   -g -O2 -Wall -export-dynamic  -o galculator galculator-main.o galculator-math_functions.o galculator-display.o galculator-general_functions.o galculator-calc_basic.o galculator-config_file.o galculator-callbacks.o galculator-ui.o galculator-flex_parser.o -lgtk-x11-2.0 -lgdk-x11-2.0 -latk-1.0 -lgio-2.0 -lpangoft2-1.0 -lpangocairo-1.0 -lgdk_pixbuf-2.0 -lcairo -lpango-1.0 -lfreetype -lfontconfig -lgobject-2.0 -lglib-2.0   -lm -lquadmath 
libtool: link: gcc -pthread -I/usr/include/gtk-2.0 -I/usr/lib/gtk-2.0/include -I/usr/include/atk-1.0 -I/usr/include/cairo -I/usr/include/gdk-pixbuf-2.0 -I/usr/include/pango-1.0 -I/usr/include/glib-2.0 -I/usr/lib/glib-2.0/include -I/usr/include/pixman-1 -I/usr/include/freetype2 -I/usr/include/libpng14 -I/usr/include/libdrm -I/usr/include/harfbuzz -g -O2 -Wall -o galculator galculator-main.o galculator-math_functions.o galculator-display.o galculator-general_functions.o galculator-calc_basic.o galculator-config_file.o galculator-callbacks.o galculator-ui.o galculator-flex_parser.o -Wl,--export-dynamic  /usr/lib/libgtk-x11-2.0.so /usr/lib/libgdk-x11-2.0.so /usr/lib/libatk-1.0.so /usr/lib/libgio-2.0.so /usr/lib/libpangoft2-1.0.so /usr/lib/libpangocairo-1.0.so /usr/lib/libgdk_pixbuf-2.0.so /usr/lib/libcairo.so /usr/lib/libpango-1.0.so /usr/lib/libfreetype.so /usr/lib/libfontconfig.so /usr/lib/libgobject-2.0.so /usr/lib/libglib-2.0.so -lm /usr/lib/libquadmath.so -pthread
make[2]: Leaving directory `/mnt/sda6/00_new-woof/petbuilds-slacko-32/builds/galculator/galculator-2.1.3/src'
Making all in po
make[2]: Entering directory `/mnt/sda6/00_new-woof/petbuilds-slacko-32/builds/galculator/galculator-2.1.3/po'
file=`echo de | sed 's,.*/,,'`.gmo \
  && rm -f $file && /usr/bin/msgfmt -o $file de.po
file=`echo fr | sed 's,.*/,,'`.gmo \
  && rm -f $file && /usr/bin/msgfmt -o $file fr.po
file=`echo ja | sed 's,.*/,,'`.gmo \
  && rm -f $file && /usr/bin/msgfmt -o $file ja.po
file=`echo pt | sed 's,.*/,,'`.gmo \
  && rm -f $file && /usr/bin/msgfmt -o $file pt.po
file=`echo pt_BR | sed 's,.*/,,'`.gmo \
  && rm -f $file && /usr/bin/msgfmt -o $file pt_BR.po
file=`echo pl | sed 's,.*/,,'`.gmo \
  && rm -f $file && /usr/bin/msgfmt -o $file pl.po
file=`echo ro | sed 's,.*/,,'`.gmo \
  && rm -f $file && /usr/bin/msgfmt -o $file ro.po
file=`echo sk | sed 's,.*/,,'`.gmo \
  && rm -f $file && /usr/bin/msgfmt -o $file sk.po
file=`echo es_MX | sed 's,.*/,,'`.gmo \
  && rm -f $file && /usr/bin/msgfmt -o $file es_MX.po
file=`echo ru | sed 's,.*/,,'`.gmo \
  && rm -f $file && /usr/bin/msgfmt -o $file ru.po
file=`echo zh_TW | sed 's,.*/,,'`.gmo \
  && rm -f $file && /usr/bin/msgfmt -o $file zh_TW.po
file=`echo zh_CN | sed 's,.*/,,'`.gmo \
  && rm -f $file && /usr/bin/msgfmt -o $file zh_CN.po
file=`echo da_DK | sed 's,.*/,,'`.gmo \
  && rm -f $file && /usr/bin/msgfmt -o $file da_DK.po
file=`echo kk_KZ | sed 's,.*/,,'`.gmo \
  && rm -f $file && /usr/bin/msgfmt -o $file kk_KZ.po
file=`echo sv | sed 's,.*/,,'`.gmo \
  && rm -f $file && /usr/bin/msgfmt -o $file sv.po
file=`echo tr | sed 's,.*/,,'`.gmo \
  && rm -f $file && /usr/bin/msgfmt -o $file tr.po
file=`echo lt | sed 's,.*/,,'`.gmo \
  && rm -f $file && /usr/bin/msgfmt -o $file lt.po
file=`echo hu | sed 's,.*/,,'`.gmo \
  && rm -f $file && /usr/bin/msgfmt -o $file hu.po
file=`echo es | sed 's,.*/,,'`.gmo \
  && rm -f $file && /usr/bin/msgfmt -o $file es.po
make[2]: Leaving directory `/mnt/sda6/00_new-woof/petbuilds-slacko-32/builds/galculator/galculator-2.1.3/po'
Making all in ui
make[2]: Entering directory `/mnt/sda6/00_new-woof/petbuilds-slacko-32/builds/galculator/galculator-2.1.3/ui'
make[2]: Nothing to be done for `all'.
make[2]: Leaving directory `/mnt/sda6/00_new-woof/petbuilds-slacko-32/builds/galculator/galculator-2.1.3/ui'
Making all in doc
make[2]: Entering directory `/mnt/sda6/00_new-woof/petbuilds-slacko-32/builds/galculator/galculator-2.1.3/doc'
make[2]: Nothing to be done for `all'.
make[2]: Leaving directory `/mnt/sda6/00_new-woof/petbuilds-slacko-32/builds/galculator/galculator-2.1.3/doc'
Making all in pixmaps
make[2]: Entering directory `/mnt/sda6/00_new-woof/petbuilds-slacko-32/builds/galculator/galculator-2.1.3/pixmaps'
make[2]: Nothing to be done for `all'.
make[2]: Leaving directory `/mnt/sda6/00_new-woof/petbuilds-slacko-32/builds/galculator/galculator-2.1.3/pixmaps'
make[2]: Entering directory `/mnt/sda6/00_new-woof/petbuilds-slacko-32/builds/galculator/galculator-2.1.3'
LC_ALL=C /usr/bin/intltool-merge  -d -u -c ./po/.intltool-merge-cache ./po galculator.desktop.in galculator.desktop
Generating and caching the translation database
Merging translations into galculator.desktop.
make[2]: Leaving directory `/mnt/sda6/00_new-woof/petbuilds-slacko-32/builds/galculator/galculator-2.1.3'
make[1]: Leaving directory `/mnt/sda6/00_new-woof/petbuilds-slacko-32/builds/galculator/galculator-2.1.3'
Making install in src
make[1]: Entering directory `/mnt/sda6/00_new-woof/petbuilds-slacko-32/builds/galculator/galculator-2.1.3/src'
make[2]: Entering directory `/mnt/sda6/00_new-woof/petbuilds-slacko-32/builds/galculator/galculator-2.1.3/src'
 .././install-sh -c -d '/mnt/sda6/00_new-woof/petbuilds-slacko-32/builds/galculator/galculator-install/usr/bin'
  /bin/sh ../libtool   --mode=install /usr/bin/ginstall -c galculator '/mnt/sda6/00_new-woof/petbuilds-slacko-32/builds/galculator/galculator-install/usr/bin'
libtool: install: /usr/bin/ginstall -c galculator /mnt/sda6/00_new-woof/petbuilds-slacko-32/builds/galculator/galculator-install/usr/bin/galculator
make[2]: Nothing to be done for `install-data-am'.
make[2]: Leaving directory `/mnt/sda6/00_new-woof/petbuilds-slacko-32/builds/galculator/galculator-2.1.3/src'
make[1]: Leaving directory `/mnt/sda6/00_new-woof/petbuilds-slacko-32/builds/galculator/galculator-2.1.3/src'
Making install in po
make[1]: Entering directory `/mnt/sda6/00_new-woof/petbuilds-slacko-32/builds/galculator/galculator-2.1.3/po'
linguas="de fr ja pt pt_BR pl ro sk es_MX ru zh_TW zh_CN da_DK kk_KZ sv tr lt hu es "; \
for lang in $linguas; do \
  dir=/mnt/sda6/00_new-woof/petbuilds-slacko-32/builds/galculator/galculator-install/usr/share/locale/$lang/LC_MESSAGES; \
  /bin/sh /mnt/sda6/00_new-woof/petbuilds-slacko-32/builds/galculator/galculator-2.1.3/install-sh -d $dir; \
  if test -r $lang.gmo; then \
    /usr/bin/ginstall -c -m 644 $lang.gmo $dir/galculator.mo; \
    echo "installing $lang.gmo as $dir/galculator.mo"; \
  else \
    /usr/bin/ginstall -c -m 644 ./$lang.gmo $dir/galculator.mo; \
    echo "installing ./$lang.gmo as" \
	 "$dir/galculator.mo"; \
  fi; \
  if test -r $lang.gmo.m; then \
    /usr/bin/ginstall -c -m 644 $lang.gmo.m $dir/galculator.mo.m; \
    echo "installing $lang.gmo.m as $dir/galculator.mo.m"; \
  else \
    if test -r ./$lang.gmo.m ; then \
      /usr/bin/ginstall -c -m 644 ./$lang.gmo.m \
	$dir/galculator.mo.m; \
      echo "installing ./$lang.gmo.m as" \
	   "$dir/galculator.mo.m"; \
    else \
      true; \
    fi; \
  fi; \
done
installing de.gmo as /mnt/sda6/00_new-woof/petbuilds-slacko-32/builds/galculator/galculator-install/usr/share/locale/de/LC_MESSAGES/galculator.mo
installing fr.gmo as /mnt/sda6/00_new-woof/petbuilds-slacko-32/builds/galculator/galculator-install/usr/share/locale/fr/LC_MESSAGES/galculator.mo
installing ja.gmo as /mnt/sda6/00_new-woof/petbuilds-slacko-32/builds/galculator/galculator-install/usr/share/locale/ja/LC_MESSAGES/galculator.mo
installing pt.gmo as /mnt/sda6/00_new-woof/petbuilds-slacko-32/builds/galculator/galculator-install/usr/share/locale/pt/LC_MESSAGES/galculator.mo
installing pt_BR.gmo as /mnt/sda6/00_new-woof/petbuilds-slacko-32/builds/galculator/galculator-install/usr/share/locale/pt_BR/LC_MESSAGES/galculator.mo
installing pl.gmo as /mnt/sda6/00_new-woof/petbuilds-slacko-32/builds/galculator/galculator-install/usr/share/locale/pl/LC_MESSAGES/galculator.mo
installing ro.gmo as /mnt/sda6/00_new-woof/petbuilds-slacko-32/builds/galculator/galculator-install/usr/share/locale/ro/LC_MESSAGES/galculator.mo
installing sk.gmo as /mnt/sda6/00_new-woof/petbuilds-slacko-32/builds/galculator/galculator-install/usr/share/locale/sk/LC_MESSAGES/galculator.mo
installing es_MX.gmo as /mnt/sda6/00_new-woof/petbuilds-slacko-32/builds/galculator/galculator-install/usr/share/locale/es_MX/LC_MESSAGES/galculator.mo
installing ru.gmo as /mnt/sda6/00_new-woof/petbuilds-slacko-32/builds/galculator/galculator-install/usr/share/locale/ru/LC_MESSAGES/galculator.mo
installing zh_TW.gmo as /mnt/sda6/00_new-woof/petbuilds-slacko-32/builds/galculator/galculator-install/usr/share/locale/zh_TW/LC_MESSAGES/galculator.mo
installing zh_CN.gmo as /mnt/sda6/00_new-woof/petbuilds-slacko-32/builds/galculator/galculator-install/usr/share/locale/zh_CN/LC_MESSAGES/galculator.mo
installing da_DK.gmo as /mnt/sda6/00_new-woof/petbuilds-slacko-32/builds/galculator/galculator-install/usr/share/locale/da_DK/LC_MESSAGES/galculator.mo
installing kk_KZ.gmo as /mnt/sda6/00_new-woof/petbuilds-slacko-32/builds/galculator/galculator-install/usr/share/locale/kk_KZ/LC_MESSAGES/galculator.mo
installing sv.gmo as /mnt/sda6/00_new-woof/petbuilds-slacko-32/builds/galculator/galculator-install/usr/share/locale/sv/LC_MESSAGES/galculator.mo
installing tr.gmo as /mnt/sda6/00_new-woof/petbuilds-slacko-32/builds/galculator/galculator-install/usr/share/locale/tr/LC_MESSAGES/galculator.mo
installing lt.gmo as /mnt/sda6/00_new-woof/petbuilds-slacko-32/builds/galculator/galculator-install/usr/share/locale/lt/LC_MESSAGES/galculator.mo
installing hu.gmo as /mnt/sda6/00_new-woof/petbuilds-slacko-32/builds/galculator/galculator-install/usr/share/locale/hu/LC_MESSAGES/galculator.mo
installing es.gmo as /mnt/sda6/00_new-woof/petbuilds-slacko-32/builds/galculator/galculator-install/usr/share/locale/es/LC_MESSAGES/galculator.mo
make[1]: Leaving directory `/mnt/sda6/00_new-woof/petbuilds-slacko-32/builds/galculator/galculator-2.1.3/po'
Making install in ui
make[1]: Entering directory `/mnt/sda6/00_new-woof/petbuilds-slacko-32/builds/galculator/galculator-2.1.3/ui'
make[2]: Entering directory `/mnt/sda6/00_new-woof/petbuilds-slacko-32/builds/galculator/galculator-2.1.3/ui'
make[2]: Nothing to be done for `install-exec-am'.
 .././install-sh -c -d '/mnt/sda6/00_new-woof/petbuilds-slacko-32/builds/galculator/galculator-install/usr/share/galculator/ui'
 /usr/bin/ginstall -c -m 644 about.ui prefs_gtk2.ui prefs_gtk3.ui prefs-ume.ui main_frame.ui main_frame_hildon.ui scientific_buttons_gtk2.ui scientific_buttons_gtk3.ui basic_buttons_gtk2.ui basic_buttons_gtk3.ui dispctrl_bottom_gtk2.ui dispctrl_bottom_gtk3.ui dispctrl_right_gtk2.ui dispctrl_right_gtk3.ui dispctrl_right_vertical_gtk2.ui dispctrl_right_vertical_gtk3.ui classic_view.ui paper_view.ui '/mnt/sda6/00_new-woof/petbuilds-slacko-32/builds/galculator/galculator-install/usr/share/galculator/ui'
make[2]: Leaving directory `/mnt/sda6/00_new-woof/petbuilds-slacko-32/builds/galculator/galculator-2.1.3/ui'
make[1]: Leaving directory `/mnt/sda6/00_new-woof/petbuilds-slacko-32/builds/galculator/galculator-2.1.3/ui'
Making install in doc
make[1]: Entering directory `/mnt/sda6/00_new-woof/petbuilds-slacko-32/builds/galculator/galculator-2.1.3/doc'
make[2]: Entering directory `/mnt/sda6/00_new-woof/petbuilds-slacko-32/builds/galculator/galculator-2.1.3/doc'
make[2]: Nothing to be done for `install-exec-am'.
 .././install-sh -c -d '/mnt/sda6/00_new-woof/petbuilds-slacko-32/builds/galculator/galculator-install/usr/share/man/man1'
 /usr/bin/ginstall -c -m 644 galculator.1 '/mnt/sda6/00_new-woof/petbuilds-slacko-32/builds/galculator/galculator-install/usr/share/man/man1'
make[2]: Leaving directory `/mnt/sda6/00_new-woof/petbuilds-slacko-32/builds/galculator/galculator-2.1.3/doc'
make[1]: Leaving directory `/mnt/sda6/00_new-woof/petbuilds-slacko-32/builds/galculator/galculator-2.1.3/doc'
Making install in pixmaps
make[1]: Entering directory `/mnt/sda6/00_new-woof/petbuilds-slacko-32/builds/galculator/galculator-2.1.3/pixmaps'
make[2]: Entering directory `/mnt/sda6/00_new-woof/petbuilds-slacko-32/builds/galculator/galculator-2.1.3/pixmaps'
make[2]: Nothing to be done for `install-exec-am'.
 .././install-sh -c -d '/mnt/sda6/00_new-woof/petbuilds-slacko-32/builds/galculator/galculator-install/usr/share/icons/hicolor/48x48/apps'
 /usr/bin/ginstall -c -m 644 galculator.png '/mnt/sda6/00_new-woof/petbuilds-slacko-32/builds/galculator/galculator-install/usr/share/icons/hicolor/48x48/apps'
 .././install-sh -c -d '/mnt/sda6/00_new-woof/petbuilds-slacko-32/builds/galculator/galculator-install/usr/share/icons/hicolor/scalable/apps'
 /usr/bin/ginstall -c -m 644 galculator.svg '/mnt/sda6/00_new-woof/petbuilds-slacko-32/builds/galculator/galculator-install/usr/share/icons/hicolor/scalable/apps'
 .././install-sh -c -d '/mnt/sda6/00_new-woof/petbuilds-slacko-32/builds/galculator/galculator-install/usr/share/pixmaps'
 /usr/bin/ginstall -c -m 644 galculator.xpm '/mnt/sda6/00_new-woof/petbuilds-slacko-32/builds/galculator/galculator-install/usr/share/pixmaps'
make[2]: Leaving directory `/mnt/sda6/00_new-woof/petbuilds-slacko-32/builds/galculator/galculator-2.1.3/pixmaps'
make[1]: Leaving directory `/mnt/sda6/00_new-woof/petbuilds-slacko-32/builds/galculator/galculator-2.1.3/pixmaps'
make[1]: Entering directory `/mnt/sda6/00_new-woof/petbuilds-slacko-32/builds/galculator/galculator-2.1.3'
make[2]: Entering directory `/mnt/sda6/00_new-woof/petbuilds-slacko-32/builds/galculator/galculator-2.1.3'
make[2]: Nothing to be done for `install-exec-am'.
 ./install-sh -c -d '/mnt/sda6/00_new-woof/petbuilds-slacko-32/builds/galculator/galculator-install/usr/share/applications'
 /usr/bin/ginstall -c -m 644 galculator.desktop '/mnt/sda6/00_new-woof/petbuilds-slacko-32/builds/galculator/galculator-install/usr/share/applications'
make[2]: Leaving directory `/mnt/sda6/00_new-woof/petbuilds-slacko-32/builds/galculator/galculator-2.1.3'
make[1]: Leaving directory `/mnt/sda6/00_new-woof/petbuilds-slacko-32/builds/galculator/galculator-2.1.3'
/mnt/sda6/00_new-woof/petbuilds-slacko-32/builds/galculator
Found 'i686'
Processing ../galculator-install/usr/bin/galculator
Processing ../galculator-install/usr/share/applications/galculator.desktop
Processing ../galculator-install/usr/share/galculator/ui/about.ui
Processing ../galculator-install/usr/share/galculator/ui/basic_buttons_gtk2.ui
Processing ../galculator-install/usr/share/galculator/ui/basic_buttons_gtk3.ui
Processing ../galculator-install/usr/share/galculator/ui/classic_view.ui
Processing ../galculator-install/usr/share/galculator/ui/dispctrl_bottom_gtk2.ui
Processing ../galculator-install/usr/share/galculator/ui/dispctrl_bottom_gtk3.ui
Processing ../galculator-install/usr/share/galculator/ui/dispctrl_right_gtk2.ui
Processing ../galculator-install/usr/share/galculator/ui/dispctrl_right_gtk3.ui
Processing ../galculator-install/usr/share/galculator/ui/dispctrl_right_vertical_gtk2.ui
Processing ../galculator-install/usr/share/galculator/ui/dispctrl_right_vertical_gtk3.ui
Processing ../galculator-install/usr/share/galculator/ui/main_frame_hildon.ui
Processing ../galculator-install/usr/share/galculator/ui/main_frame.ui
Processing ../galculator-install/usr/share/galculator/ui/paper_view.ui
Processing ../galculator-install/usr/share/galculator/ui/prefs_gtk2.ui
Processing ../galculator-install/usr/share/galculator/ui/prefs_gtk3.ui
Processing ../galculator-install/usr/share/galculator/ui/prefs-ume.ui
Processing ../galculator-install/usr/share/galculator/ui/scientific_buttons_gtk2.ui
Processing ../galculator-install/usr/share/galculator/ui/scientific_buttons_gtk3.ui
Processing ../galculator-install/usr/share/icons/hicolor/48x48/apps/galculator.png
Processing ../galculator-install/usr/share/icons/hicolor/scalable/apps/galculator.svg
Processing ../galculator-install/usr/share/locale/da_DK/LC_MESSAGES/galculator.mo
Processing ../galculator-install/usr/share/locale/de/LC_MESSAGES/galculator.mo
Processing ../galculator-install/usr/share/locale/es/LC_MESSAGES/galculator.mo
Processing ../galculator-install/usr/share/locale/es_MX/LC_MESSAGES/galculator.mo
Processing ../galculator-install/usr/share/locale/fr/LC_MESSAGES/galculator.mo
Processing ../galculator-install/usr/share/locale/hu/LC_MESSAGES/galculator.mo
Processing ../galculator-install/usr/share/locale/ja/LC_MESSAGES/galculator.mo
Processing ../galculator-install/usr/share/locale/kk_KZ/LC_MESSAGES/galculator.mo
Processing ../galculator-install/usr/share/locale/lt/LC_MESSAGES/galculator.mo
Processing ../galculator-install/usr/share/locale/pl/LC_MESSAGES/galculator.mo
Processing ../galculator-install/usr/share/locale/pt_BR/LC_MESSAGES/galculator.mo
Processing ../galculator-install/usr/share/locale/pt/LC_MESSAGES/galculator.mo
Processing ../galculator-install/usr/share/locale/ro/LC_MESSAGES/galculator.mo
Processing ../galculator-install/usr/share/locale/ru/LC_MESSAGES/galculator.mo
Processing ../galculator-install/usr/share/locale/sk/LC_MESSAGES/galculator.mo
Processing ../galculator-install/usr/share/locale/sv/LC_MESSAGES/galculator.mo
Processing ../galculator-install/usr/share/locale/tr/LC_MESSAGES/galculator.mo
Processing ../galculator-install/usr/share/locale/zh_CN/LC_MESSAGES/galculator.mo
Processing ../galculator-install/usr/share/locale/zh_TW/LC_MESSAGES/galculator.mo
Processing ../galculator-install/usr/share/man/man1/galculator.1
Processing ../galculator-install/usr/share/pixmaps/galculator.xpm
all done
packaging galculator-2.1.3-i686_slk600
packaging galculator_DOC-2.1.3-i686_slk600
packaging galculator_NLS-2.1.3-i686_slk600
done!
