gexec-0.4-patched1/
gexec-0.4-patched1/gexec.c-ORIG
gexec-0.4-patched1/autocomp.c
gexec-0.4-patched1/CHANGELOG
gexec-0.4-patched1/README
gexec-0.4-patched1/COPYING
gexec-0.4-patched1/gexec.c
gexec-0.4-patched1/gexec.1
gexec-0.4-patched1/autocomp.h
gexec-0.4-patched1/Makefile
gcc -c autocomp.c `pkg-config --cflags gtk+-2.0` -Wall -g
gcc -c gexec.c `pkg-config --cflags gtk+-2.0` -Wall -g
gexec.c: In function ‘main’:
gexec.c:553:24: warning: unused variable ‘chk_su’ [-Wunused-variable]
  GtkWidget *chk_term, *chk_su;
                        ^
gcc autocomp.o gexec.o -o gexec `pkg-config --libs gtk+-2.0` `pkg-config --cflags gtk+-2.0` -Wall -g
strip gexec
rm gexec
rm *.o
/mnt/sda6/00_new-woof/petbuilds-slacko-32/builds/gexec
packaging gexec-0.4-patched1-i686_slk600_slk600
done!
