gmtk-1.0.9b/
gmtk-1.0.9b/COPYING
gmtk-1.0.9b/configure
gmtk-1.0.9b/missing
gmtk-1.0.9b/install-sh
gmtk-1.0.9b/Makefile.am
gmtk-1.0.9b/ChangeLog
gmtk-1.0.9b/gmtk.spec.in
gmtk-1.0.9b/aclocal.m4
gmtk-1.0.9b/Makefile.in
gmtk-1.0.9b/config.h.in
gmtk-1.0.9b/ltmain.sh
gmtk-1.0.9b/intltool-merge.in
gmtk-1.0.9b/NEWS
gmtk-1.0.9b/README
gmtk-1.0.9b/intltool-update.in
gmtk-1.0.9b/po/
gmtk-1.0.9b/po/eu.po
gmtk-1.0.9b/po/fi.po
gmtk-1.0.9b/po/he.po
gmtk-1.0.9b/po/cs.po
gmtk-1.0.9b/po/ChangeLog
gmtk-1.0.9b/po/zh_TW.po
gmtk-1.0.9b/po/ro.po
gmtk-1.0.9b/po/it.po
gmtk-1.0.9b/po/bg.po
gmtk-1.0.9b/po/pl.po
gmtk-1.0.9b/po/tr.po
gmtk-1.0.9b/po/fr.po
gmtk-1.0.9b/po/fo.po
gmtk-1.0.9b/po/hr.po
gmtk-1.0.9b/po/zh_HK.po
gmtk-1.0.9b/po/fy.po
gmtk-1.0.9b/po/el.po
gmtk-1.0.9b/po/lt.po
gmtk-1.0.9b/po/uk.po
gmtk-1.0.9b/po/pt_BR.po
gmtk-1.0.9b/po/POTFILES.in
gmtk-1.0.9b/po/vi.po
gmtk-1.0.9b/po/es.po
gmtk-1.0.9b/po/en_GB.po
gmtk-1.0.9b/po/sr.po
gmtk-1.0.9b/po/Makefile.in.in
gmtk-1.0.9b/po/pt.po
gmtk-1.0.9b/po/nl.po
gmtk-1.0.9b/po/gl.po
gmtk-1.0.9b/po/hu.po
gmtk-1.0.9b/po/ug.po
gmtk-1.0.9b/po/sr@latin.po
gmtk-1.0.9b/po/zh_CN.po
gmtk-1.0.9b/po/et.po
gmtk-1.0.9b/po/ko.po
gmtk-1.0.9b/po/si.po
gmtk-1.0.9b/po/id.po
gmtk-1.0.9b/po/sv.po
gmtk-1.0.9b/po/da.po
gmtk-1.0.9b/po/ru.po
gmtk-1.0.9b/po/ca.po
gmtk-1.0.9b/po/ar.po
gmtk-1.0.9b/po/de.po
gmtk-1.0.9b/po/ja.po
gmtk-1.0.9b/po/th.po
gmtk-1.0.9b/intltool-extract.in
gmtk-1.0.9b/configure.ac
gmtk-1.0.9b/gmtk.spec
gmtk-1.0.9b/depcomp
gmtk-1.0.9b/config.sub
gmtk-1.0.9b/m4/
gmtk-1.0.9b/m4/intltool.m4
gmtk-1.0.9b/m4/ltsugar.m4
gmtk-1.0.9b/m4/lt~obsolete.m4
gmtk-1.0.9b/m4/libtool.m4
gmtk-1.0.9b/m4/ltoptions.m4
gmtk-1.0.9b/m4/ltversion.m4
gmtk-1.0.9b/INSTALL
gmtk-1.0.9b/config.guess
gmtk-1.0.9b/mkinstalldirs
gmtk-1.0.9b/AUTHORS
gmtk-1.0.9b/src/
gmtk-1.0.9b/src/gm_file.h
gmtk-1.0.9b/src/gmlib.pc.in
gmtk-1.0.9b/src/gm_common.h
gmtk-1.0.9b/src/gmtk.h
gmtk-1.0.9b/src/gmtk_media_player.h
gmtk-1.0.9b/src/gmtk_output_combo_box.c
gmtk-1.0.9b/src/gmtk.pc.in
gmtk-1.0.9b/src/gmtk_media_player.c
gmtk-1.0.9b/src/gm_strfuncs.c
gmtk-1.0.9b/src/gm_pref_store.h
gmtk-1.0.9b/src/Makefile.am
gmtk-1.0.9b/src/gmtk_audio_meter.h
gmtk-1.0.9b/src/gmtk_audio_meter.c
gmtk-1.0.9b/src/gmtk_output_combo_box.h
gmtk-1.0.9b/src/Makefile.in
gmtk-1.0.9b/src/gm_log.c
gmtk-1.0.9b/src/gm_audio.h
gmtk-1.0.9b/src/gmtk_common.h
gmtk-1.0.9b/src/gm_parse.c
gmtk-1.0.9b/src/gmtk_common.c
gmtk-1.0.9b/src/gmtk_media_tracker.c
gmtk-1.0.9b/src/gm_strfuncs.h
gmtk-1.0.9b/src/libgmlib.la
gmtk-1.0.9b/src/gm_pref_store.c
gmtk-1.0.9b/src/gmtk_media_tracker.h
gmtk-1.0.9b/src/gm_log.h
gmtk-1.0.9b/src/gm_parse.h
gmtk-1.0.9b/src/gm_common.c
gmtk-1.0.9b/src/gmlib.h
gmtk-1.0.9b/src/gm_file.c
gmtk-1.0.9b/src/gm_audio.c
checking whether make supports nested variables... yes
checking for a BSD-compatible install... /usr/bin/ginstall -c
checking whether build environment is sane... yes
/mnt/sda6/00_new-woof/petbuilds-slacko-32/builds/gmtk/gmtk-1.0.9b/missing: Unknown '--is-lightweight' option
Try '/mnt/sda6/00_new-woof/petbuilds-slacko-32/builds/gmtk/gmtk-1.0.9b/missing --help' for more information
configure: WARNING: 'missing' script is too old or missing
checking for a thread-safe mkdir -p... ./install-sh -c -d
checking for gawk... gawk
checking whether make sets $(MAKE)... yes
checking whether to enable maintainer-specific portions of Makefiles... yes
checking for gcc... gcc
checking whether the C compiler works... yes
checking for C compiler default output file name... a.out
checking for suffix of executables... 
checking whether we are cross compiling... no
checking for suffix of object files... o
checking whether we are using the GNU C compiler... yes
checking whether gcc accepts -g... yes
checking for gcc option to accept ISO C89... none needed
checking for style of include used by make... GNU
checking dependency style of gcc... gcc3
checking how to run the C preprocessor... gcc -E
checking for grep that handles long lines and -e... /bin/grep
checking for egrep... /bin/grep -E
checking for ANSI C header files... yes
checking for sys/types.h... yes
checking for sys/stat.h... yes
checking for stdlib.h... yes
checking for string.h... yes
checking for memory.h... yes
checking for strings.h... yes
checking for inttypes.h... yes
checking for stdint.h... yes
checking for unistd.h... yes
checking locale.h usability... yes
checking locale.h presence... yes
checking for locale.h... yes
checking for LC_MESSAGES... yes
checking libintl.h usability... yes
checking libintl.h presence... yes
checking for libintl.h... yes
checking for ngettext in libc... yes
checking for dgettext in libc... yes
checking for bind_textdomain_codeset... yes
checking for msgfmt... /usr/bin/msgfmt
checking for dcgettext... yes
checking if msgfmt accepts -c... yes
checking for gmsgfmt... /usr/bin/msgfmt
checking for xgettext... /usr/bin/xgettext
checking for catalogs to be installed...  ar bg ca cs da de el en_GB es et eu fi fo fr fy gl he hr hu id it ja ko lt nl pl pt pt_BR ro ru si sr sr@latin sv th tr ug uk vi zh_CN zh_HK zh_TW
checking whether NLS is requested... yes
checking for intltool >= 0.35.0... 0.50.2 found
checking for intltool-update... /usr/bin/intltool-update
checking for intltool-merge... /usr/bin/intltool-merge
checking for intltool-extract... /usr/bin/intltool-extract
checking for xgettext... (cached) /usr/bin/xgettext
checking for msgmerge... /usr/bin/msgmerge
checking for msgfmt... (cached) /usr/bin/msgfmt
checking for gmsgfmt... (cached) /usr/bin/msgfmt
checking for perl... /usr/bin/perl
checking for perl >= 5.8.1... 5.18.1
checking for XML::Parser... ok
checking for WIN32... no
checking build system type... i686-pc-linux-gnu
checking host system type... i686-pc-linux-gnu
checking how to print strings... printf
checking for a sed that does not truncate output... /bin/sed
checking for fgrep... /bin/grep -F
checking for ld used by gcc... /usr/i486-slackware-linux/bin/ld
checking if the linker (/usr/i486-slackware-linux/bin/ld) is GNU ld... yes
checking for BSD- or MS-compatible name lister (nm)... /usr/bin/nm -B
checking the name lister (/usr/bin/nm -B) interface... BSD nm
checking whether ln -s works... yes
checking the maximum length of command line arguments... 1572864
checking whether the shell understands some XSI constructs... yes
checking whether the shell understands "+="... yes
checking how to convert i686-pc-linux-gnu file names to i686-pc-linux-gnu format... func_convert_file_noop
checking how to convert i686-pc-linux-gnu file names to toolchain format... func_convert_file_noop
checking for /usr/i486-slackware-linux/bin/ld option to reload object files... -r
checking for objdump... objdump
checking how to recognize dependent libraries... pass_all
checking for dlltool... dlltool
checking how to associate runtime and link libraries... printf %s\n
checking for ar... ar
checking for archiver @FILE support... @
checking for strip... strip
checking for ranlib... ranlib
checking command to parse /usr/bin/nm -B output from gcc object... ok
checking for sysroot... no
checking for mt... no
checking if : is a manifest tool... no
checking for dlfcn.h... yes
checking for objdir... .libs
checking if gcc supports -fno-rtti -fno-exceptions... no
checking for gcc option to produce PIC... -fPIC -DPIC
checking if gcc PIC flag -fPIC -DPIC works... yes
checking if gcc static flag -static works... yes
checking if gcc supports -c -o file.o... yes
checking if gcc supports -c -o file.o... (cached) yes
checking whether the gcc linker (/usr/i486-slackware-linux/bin/ld) supports shared libraries... yes
checking whether -lc should be explicitly linked in... no
checking dynamic linker characteristics... GNU/Linux ld.so
checking how to hardcode library paths into programs... immediate
checking whether stripping libraries is possible... yes
checking if libtool supports shared libraries... yes
checking whether to build shared libraries... yes
checking whether to build static libraries... yes
checking for pkg-config... /usr/bin/pkg-config
checking pkg-config is at least version 0.9.0... yes
checking for X11... yes
checking for floor in -lm... yes
checking for GTK... no
checking for GTK... yes
configure: Using GTK2
checking for GLIB... yes
checking for GTK2_12... yes
checking for GTK2_14... yes
checking for GTK2_18... yes
checking for GTK2_20... yes
checking for GTK2_22... yes
checking for GTK2_24... yes
checking for GLIB2_14... yes
checking for GLIB2_18... yes
checking for GLIB2_24... yes
checking for GLIB2_26... yes
configure: Determining backend
checking for GCONF... no
checking for GLIB2_26... yes
configure: Using GSettings backend
checking for pkg-config... (cached) /usr/bin/pkg-config
checking pkg-config is at least version 0.16... yes
checking for GIO... yes
checking for ALSA... yes
checking for PULSE... no
configure: Compiling without PulseAudio support
checking that generated files are newer than configure... done
configure: creating ./config.status
config.status: creating Makefile
config.status: creating gmtk.spec
config.status: creating src/gmtk.pc
config.status: creating src/gmlib.pc
config.status: creating src/Makefile
config.status: creating po/Makefile.in
config.status: creating config.h
config.status: executing depfiles commands
config.status: executing default-1 commands
config.status: executing libtool commands
config.status: executing po/stamp-it commands
make  all-recursive
make[1]: Entering directory `/mnt/sda6/00_new-woof/petbuilds-slacko-32/builds/gmtk/gmtk-1.0.9b'
Making all in src
make[2]: Entering directory `/mnt/sda6/00_new-woof/petbuilds-slacko-32/builds/gmtk/gmtk-1.0.9b/src'
  CC       libgmlib_la-gm_common.lo
  CC       libgmlib_la-gm_audio.lo
  CC       libgmlib_la-gm_file.lo
  CC       libgmlib_la-gm_log.lo
gm_log.c: In function 'threadid':
gm_log.c:136:5: warning: 'g_static_mutex_get_mutex_impl' is deprecated (declared at /usr/include/glib-2.0/glib/deprecated/gthread.h:149): Use 'GMutex' instead [-Wdeprecated-declarations]
     g_static_mutex_lock(&ptr2strmutex);
     ^
gm_log.c:138:5: warning: 'g_static_mutex_get_mutex_impl' is deprecated (declared at /usr/include/glib-2.0/glib/deprecated/gthread.h:149): Use 'GMutex' instead [-Wdeprecated-declarations]
     g_static_mutex_unlock(&ptr2strmutex);
     ^
gm_log.c: In function 'gm_log_name_this_thread':
gm_log.c:150:5: warning: 'g_static_mutex_get_mutex_impl' is deprecated (declared at /usr/include/glib-2.0/glib/deprecated/gthread.h:149): Use 'GMutex' instead [-Wdeprecated-declarations]
     g_static_mutex_lock(&ptr2strmutex);
     ^
gm_log.c:152:5: warning: 'g_static_mutex_get_mutex_impl' is deprecated (declared at /usr/include/glib-2.0/glib/deprecated/gthread.h:149): Use 'GMutex' instead [-Wdeprecated-declarations]
     g_static_mutex_unlock(&ptr2strmutex);
     ^
  CC       libgmlib_la-gm_parse.lo
  CC       libgmlib_la-gm_pref_store.lo
  CC       libgmlib_la-gm_strfuncs.lo
  CC       libgmtk_la-gmtk_common.lo
  CC       libgmtk_la-gmtk_audio_meter.lo
  CC       libgmtk_la-gmtk_media_player.lo
  CC       libgmtk_la-gmtk_media_tracker.lo
gmtk_media_player.c: In function 'gmtk_media_player_init':
gmtk_media_player.c:446:5: warning: 'g_cond_new' is deprecated (declared at /usr/include/glib-2.0/glib/deprecated/gthread.h:276) [-Wdeprecated-declarations]
     player->mplayer_complete_cond = g_cond_new();
     ^
gmtk_media_player.c:447:5: warning: 'g_mutex_new' is deprecated (declared at /usr/include/glib-2.0/glib/deprecated/gthread.h:272) [-Wdeprecated-declarations]
     player->thread_running = g_mutex_new();
     ^
gmtk_media_player.c:498:5: warning: 'g_mutex_new' is deprecated (declared at /usr/include/glib-2.0/glib/deprecated/gthread.h:272) [-Wdeprecated-declarations]
     player->player_lock = g_mutex_new();
     ^
gmtk_media_player.c: In function 'gmtk_media_player_set_state':
gmtk_media_player.c:1074:13: warning: 'g_thread_create' is deprecated (declared at /usr/include/glib-2.0/glib/deprecated/gthread.h:100): Use 'g_thread_new' instead [-Wdeprecated-declarations]
             player->mplayer_thread = g_thread_create(launch_mplayer, player, TRUE, NULL);
             ^
  CC       libgmtk_la-gmtk_output_combo_box.lo
  CCLD     libgmlib.la
  CCLD     libgmtk.la
make[2]: Leaving directory `/mnt/sda6/00_new-woof/petbuilds-slacko-32/builds/gmtk/gmtk-1.0.9b/src'
Making all in po
make[2]: Entering directory `/mnt/sda6/00_new-woof/petbuilds-slacko-32/builds/gmtk/gmtk-1.0.9b/po'
file=`echo ar | sed 's,.*/,,'`.gmo \
  && rm -f $file && /usr/bin/msgfmt -o $file ar.po
file=`echo bg | sed 's,.*/,,'`.gmo \
  && rm -f $file && /usr/bin/msgfmt -o $file bg.po
file=`echo ca | sed 's,.*/,,'`.gmo \
  && rm -f $file && /usr/bin/msgfmt -o $file ca.po
file=`echo cs | sed 's,.*/,,'`.gmo \
  && rm -f $file && /usr/bin/msgfmt -o $file cs.po
file=`echo da | sed 's,.*/,,'`.gmo \
  && rm -f $file && /usr/bin/msgfmt -o $file da.po
file=`echo de | sed 's,.*/,,'`.gmo \
  && rm -f $file && /usr/bin/msgfmt -o $file de.po
file=`echo el | sed 's,.*/,,'`.gmo \
  && rm -f $file && /usr/bin/msgfmt -o $file el.po
file=`echo en_GB | sed 's,.*/,,'`.gmo \
  && rm -f $file && /usr/bin/msgfmt -o $file en_GB.po
file=`echo es | sed 's,.*/,,'`.gmo \
  && rm -f $file && /usr/bin/msgfmt -o $file es.po
file=`echo et | sed 's,.*/,,'`.gmo \
  && rm -f $file && /usr/bin/msgfmt -o $file et.po
file=`echo eu | sed 's,.*/,,'`.gmo \
  && rm -f $file && /usr/bin/msgfmt -o $file eu.po
file=`echo fi | sed 's,.*/,,'`.gmo \
  && rm -f $file && /usr/bin/msgfmt -o $file fi.po
file=`echo fo | sed 's,.*/,,'`.gmo \
  && rm -f $file && /usr/bin/msgfmt -o $file fo.po
file=`echo fr | sed 's,.*/,,'`.gmo \
  && rm -f $file && /usr/bin/msgfmt -o $file fr.po
file=`echo fy | sed 's,.*/,,'`.gmo \
  && rm -f $file && /usr/bin/msgfmt -o $file fy.po
file=`echo gl | sed 's,.*/,,'`.gmo \
  && rm -f $file && /usr/bin/msgfmt -o $file gl.po
file=`echo he | sed 's,.*/,,'`.gmo \
  && rm -f $file && /usr/bin/msgfmt -o $file he.po
file=`echo hr | sed 's,.*/,,'`.gmo \
  && rm -f $file && /usr/bin/msgfmt -o $file hr.po
file=`echo hu | sed 's,.*/,,'`.gmo \
  && rm -f $file && /usr/bin/msgfmt -o $file hu.po
file=`echo id | sed 's,.*/,,'`.gmo \
  && rm -f $file && /usr/bin/msgfmt -o $file id.po
file=`echo it | sed 's,.*/,,'`.gmo \
  && rm -f $file && /usr/bin/msgfmt -o $file it.po
file=`echo ja | sed 's,.*/,,'`.gmo \
  && rm -f $file && /usr/bin/msgfmt -o $file ja.po
file=`echo ko | sed 's,.*/,,'`.gmo \
  && rm -f $file && /usr/bin/msgfmt -o $file ko.po
file=`echo lt | sed 's,.*/,,'`.gmo \
  && rm -f $file && /usr/bin/msgfmt -o $file lt.po
file=`echo nl | sed 's,.*/,,'`.gmo \
  && rm -f $file && /usr/bin/msgfmt -o $file nl.po
file=`echo pl | sed 's,.*/,,'`.gmo \
  && rm -f $file && /usr/bin/msgfmt -o $file pl.po
file=`echo pt | sed 's,.*/,,'`.gmo \
  && rm -f $file && /usr/bin/msgfmt -o $file pt.po
file=`echo pt_BR | sed 's,.*/,,'`.gmo \
  && rm -f $file && /usr/bin/msgfmt -o $file pt_BR.po
file=`echo ro | sed 's,.*/,,'`.gmo \
  && rm -f $file && /usr/bin/msgfmt -o $file ro.po
file=`echo ru | sed 's,.*/,,'`.gmo \
  && rm -f $file && /usr/bin/msgfmt -o $file ru.po
file=`echo si | sed 's,.*/,,'`.gmo \
  && rm -f $file && /usr/bin/msgfmt -o $file si.po
file=`echo sr | sed 's,.*/,,'`.gmo \
  && rm -f $file && /usr/bin/msgfmt -o $file sr.po
file=`echo sr@latin | sed 's,.*/,,'`.gmo \
  && rm -f $file && /usr/bin/msgfmt -o $file sr@latin.po
file=`echo sv | sed 's,.*/,,'`.gmo \
  && rm -f $file && /usr/bin/msgfmt -o $file sv.po
file=`echo th | sed 's,.*/,,'`.gmo \
  && rm -f $file && /usr/bin/msgfmt -o $file th.po
file=`echo tr | sed 's,.*/,,'`.gmo \
  && rm -f $file && /usr/bin/msgfmt -o $file tr.po
file=`echo ug | sed 's,.*/,,'`.gmo \
  && rm -f $file && /usr/bin/msgfmt -o $file ug.po
file=`echo uk | sed 's,.*/,,'`.gmo \
  && rm -f $file && /usr/bin/msgfmt -o $file uk.po
file=`echo vi | sed 's,.*/,,'`.gmo \
  && rm -f $file && /usr/bin/msgfmt -o $file vi.po
file=`echo zh_CN | sed 's,.*/,,'`.gmo \
  && rm -f $file && /usr/bin/msgfmt -o $file zh_CN.po
file=`echo zh_HK | sed 's,.*/,,'`.gmo \
  && rm -f $file && /usr/bin/msgfmt -o $file zh_HK.po
file=`echo zh_TW | sed 's,.*/,,'`.gmo \
  && rm -f $file && /usr/bin/msgfmt -o $file zh_TW.po
make[2]: Leaving directory `/mnt/sda6/00_new-woof/petbuilds-slacko-32/builds/gmtk/gmtk-1.0.9b/po'
make[2]: Entering directory `/mnt/sda6/00_new-woof/petbuilds-slacko-32/builds/gmtk/gmtk-1.0.9b'
make[2]: Leaving directory `/mnt/sda6/00_new-woof/petbuilds-slacko-32/builds/gmtk/gmtk-1.0.9b'
make[1]: Leaving directory `/mnt/sda6/00_new-woof/petbuilds-slacko-32/builds/gmtk/gmtk-1.0.9b'
Making install in src
make[1]: Entering directory `/mnt/sda6/00_new-woof/petbuilds-slacko-32/builds/gmtk/gmtk-1.0.9b/src'
make[2]: Entering directory `/mnt/sda6/00_new-woof/petbuilds-slacko-32/builds/gmtk/gmtk-1.0.9b/src'
 .././install-sh -c -d '/mnt/sda6/00_new-woof/petbuilds-slacko-32/builds/gmtk/gmtk-install/usr/lib'
 /bin/sh ../libtool   --mode=install /usr/bin/ginstall -c   libgmlib.la libgmtk.la '/mnt/sda6/00_new-woof/petbuilds-slacko-32/builds/gmtk/gmtk-install/usr/lib'
libtool: install: /usr/bin/ginstall -c .libs/libgmlib.so.1.0.9 /mnt/sda6/00_new-woof/petbuilds-slacko-32/builds/gmtk/gmtk-install/usr/lib/libgmlib.so.1.0.9
libtool: install: (cd /mnt/sda6/00_new-woof/petbuilds-slacko-32/builds/gmtk/gmtk-install/usr/lib && { ln -s -f libgmlib.so.1.0.9 libgmlib.so.1 || { rm -f libgmlib.so.1 && ln -s libgmlib.so.1.0.9 libgmlib.so.1; }; })
libtool: install: (cd /mnt/sda6/00_new-woof/petbuilds-slacko-32/builds/gmtk/gmtk-install/usr/lib && { ln -s -f libgmlib.so.1.0.9 libgmlib.so || { rm -f libgmlib.so && ln -s libgmlib.so.1.0.9 libgmlib.so; }; })
libtool: install: /usr/bin/ginstall -c .libs/libgmlib.lai /mnt/sda6/00_new-woof/petbuilds-slacko-32/builds/gmtk/gmtk-install/usr/lib/libgmlib.la
libtool: install: warning: relinking `libgmtk.la'
libtool: install: (cd /mnt/sda6/00_new-woof/petbuilds-slacko-32/builds/gmtk/gmtk-1.0.9b/src; /bin/sh /mnt/sda6/00_new-woof/petbuilds-slacko-32/builds/gmtk/gmtk-1.0.9b/libtool  --silent --tag CC --mode=relink gcc -fPIC -pthread -I/usr/include/gtk-2.0 -I/usr/lib/gtk-2.0/include -I/usr/include/atk-1.0 -I/usr/include/cairo -I/usr/include/gdk-pixbuf-2.0 -I/usr/include/pango-1.0 -I/usr/include/glib-2.0 -I/usr/lib/glib-2.0/include -I/usr/include/pixman-1 -I/usr/include/freetype2 -I/usr/include/libpng14 -I/usr/include/libdrm -I/usr/include/harfbuzz -I/usr/include/alsa -g -O2 -L.libs -version-number 1:0:9 -no-undefined -o libgmtk.la -rpath /usr/lib libgmtk_la-gmtk_common.lo libgmtk_la-gmtk_audio_meter.lo libgmtk_la-gmtk_media_player.lo libgmtk_la-gmtk_media_tracker.lo libgmtk_la-gmtk_output_combo_box.lo libgmlib.la -pthread -lgtk-x11-2.0 -lgdk-x11-2.0 -latk-1.0 -lgio-2.0 -lpangoft2-1.0 -lpangocairo-1.0 -lgdk_pixbuf-2.0 -lcairo -lpango-1.0 -lfreetype -lfontconfig -lgobject-2.0 -lgthread-2.0 -lglib-2.0 -lasound -lm -inst-prefix-dir /mnt/sda6/00_new-woof/petbuilds-slacko-32/builds/gmtk/gmtk-install)
libtool: install: /usr/bin/ginstall -c .libs/libgmtk.so.1.0.9T /mnt/sda6/00_new-woof/petbuilds-slacko-32/builds/gmtk/gmtk-install/usr/lib/libgmtk.so.1.0.9
libtool: install: (cd /mnt/sda6/00_new-woof/petbuilds-slacko-32/builds/gmtk/gmtk-install/usr/lib && { ln -s -f libgmtk.so.1.0.9 libgmtk.so.1 || { rm -f libgmtk.so.1 && ln -s libgmtk.so.1.0.9 libgmtk.so.1; }; })
libtool: install: (cd /mnt/sda6/00_new-woof/petbuilds-slacko-32/builds/gmtk/gmtk-install/usr/lib && { ln -s -f libgmtk.so.1.0.9 libgmtk.so || { rm -f libgmtk.so && ln -s libgmtk.so.1.0.9 libgmtk.so; }; })
libtool: install: /usr/bin/ginstall -c .libs/libgmtk.lai /mnt/sda6/00_new-woof/petbuilds-slacko-32/builds/gmtk/gmtk-install/usr/lib/libgmtk.la
libtool: install: /usr/bin/ginstall -c .libs/libgmlib.a /mnt/sda6/00_new-woof/petbuilds-slacko-32/builds/gmtk/gmtk-install/usr/lib/libgmlib.a
libtool: install: chmod 644 /mnt/sda6/00_new-woof/petbuilds-slacko-32/builds/gmtk/gmtk-install/usr/lib/libgmlib.a
libtool: install: ranlib /mnt/sda6/00_new-woof/petbuilds-slacko-32/builds/gmtk/gmtk-install/usr/lib/libgmlib.a
libtool: install: /usr/bin/ginstall -c .libs/libgmtk.a /mnt/sda6/00_new-woof/petbuilds-slacko-32/builds/gmtk/gmtk-install/usr/lib/libgmtk.a
libtool: install: chmod 644 /mnt/sda6/00_new-woof/petbuilds-slacko-32/builds/gmtk/gmtk-install/usr/lib/libgmtk.a
libtool: install: ranlib /mnt/sda6/00_new-woof/petbuilds-slacko-32/builds/gmtk/gmtk-install/usr/lib/libgmtk.a
libtool: install: warning: remember to run `libtool --finish /usr/lib'
 .././install-sh -c -d '/mnt/sda6/00_new-woof/petbuilds-slacko-32/builds/gmtk/gmtk-install/usr/include/gmtk'
 /usr/bin/ginstall -c -m 644 gmlib.h gm_common.h gm_audio.h gm_file.h gm_log.h gm_parse.h gm_pref_store.h gm_strfuncs.h gmtk.h gmtk_audio_meter.h gmtk_media_player.h gmtk_media_tracker.h gmtk_output_combo_box.h gmtk_common.h '/mnt/sda6/00_new-woof/petbuilds-slacko-32/builds/gmtk/gmtk-install/usr/include/gmtk'
 .././install-sh -c -d '/mnt/sda6/00_new-woof/petbuilds-slacko-32/builds/gmtk/gmtk-install/usr/lib/pkgconfig'
 /usr/bin/ginstall -c -m 644 gmtk.pc gmlib.pc '/mnt/sda6/00_new-woof/petbuilds-slacko-32/builds/gmtk/gmtk-install/usr/lib/pkgconfig'
make[2]: Leaving directory `/mnt/sda6/00_new-woof/petbuilds-slacko-32/builds/gmtk/gmtk-1.0.9b/src'
make[1]: Leaving directory `/mnt/sda6/00_new-woof/petbuilds-slacko-32/builds/gmtk/gmtk-1.0.9b/src'
Making install in po
make[1]: Entering directory `/mnt/sda6/00_new-woof/petbuilds-slacko-32/builds/gmtk/gmtk-1.0.9b/po'
linguas="ar bg ca cs da de el en_GB es et eu fi fo fr fy gl he hr hu id it ja ko lt nl pl pt pt_BR ro ru si sr sr@latin sv th tr ug uk vi zh_CN zh_HK zh_TW "; \
for lang in $linguas; do \
  dir=/mnt/sda6/00_new-woof/petbuilds-slacko-32/builds/gmtk/gmtk-install/usr/share/locale/$lang/LC_MESSAGES; \
  /bin/sh /mnt/sda6/00_new-woof/petbuilds-slacko-32/builds/gmtk/gmtk-1.0.9b/install-sh -d $dir; \
  if test -r $lang.gmo; then \
    /usr/bin/ginstall -c -m 644 $lang.gmo $dir/gmtk.mo; \
    echo "installing $lang.gmo as $dir/gmtk.mo"; \
  else \
    /usr/bin/ginstall -c -m 644 ./$lang.gmo $dir/gmtk.mo; \
    echo "installing ./$lang.gmo as" \
	 "$dir/gmtk.mo"; \
  fi; \
  if test -r $lang.gmo.m; then \
    /usr/bin/ginstall -c -m 644 $lang.gmo.m $dir/gmtk.mo.m; \
    echo "installing $lang.gmo.m as $dir/gmtk.mo.m"; \
  else \
    if test -r ./$lang.gmo.m ; then \
      /usr/bin/ginstall -c -m 644 ./$lang.gmo.m \
	$dir/gmtk.mo.m; \
      echo "installing ./$lang.gmo.m as" \
	   "$dir/gmtk.mo.m"; \
    else \
      true; \
    fi; \
  fi; \
done
installing ar.gmo as /mnt/sda6/00_new-woof/petbuilds-slacko-32/builds/gmtk/gmtk-install/usr/share/locale/ar/LC_MESSAGES/gmtk.mo
installing bg.gmo as /mnt/sda6/00_new-woof/petbuilds-slacko-32/builds/gmtk/gmtk-install/usr/share/locale/bg/LC_MESSAGES/gmtk.mo
installing ca.gmo as /mnt/sda6/00_new-woof/petbuilds-slacko-32/builds/gmtk/gmtk-install/usr/share/locale/ca/LC_MESSAGES/gmtk.mo
installing cs.gmo as /mnt/sda6/00_new-woof/petbuilds-slacko-32/builds/gmtk/gmtk-install/usr/share/locale/cs/LC_MESSAGES/gmtk.mo
installing da.gmo as /mnt/sda6/00_new-woof/petbuilds-slacko-32/builds/gmtk/gmtk-install/usr/share/locale/da/LC_MESSAGES/gmtk.mo
installing de.gmo as /mnt/sda6/00_new-woof/petbuilds-slacko-32/builds/gmtk/gmtk-install/usr/share/locale/de/LC_MESSAGES/gmtk.mo
installing el.gmo as /mnt/sda6/00_new-woof/petbuilds-slacko-32/builds/gmtk/gmtk-install/usr/share/locale/el/LC_MESSAGES/gmtk.mo
installing en_GB.gmo as /mnt/sda6/00_new-woof/petbuilds-slacko-32/builds/gmtk/gmtk-install/usr/share/locale/en_GB/LC_MESSAGES/gmtk.mo
installing es.gmo as /mnt/sda6/00_new-woof/petbuilds-slacko-32/builds/gmtk/gmtk-install/usr/share/locale/es/LC_MESSAGES/gmtk.mo
installing et.gmo as /mnt/sda6/00_new-woof/petbuilds-slacko-32/builds/gmtk/gmtk-install/usr/share/locale/et/LC_MESSAGES/gmtk.mo
installing eu.gmo as /mnt/sda6/00_new-woof/petbuilds-slacko-32/builds/gmtk/gmtk-install/usr/share/locale/eu/LC_MESSAGES/gmtk.mo
installing fi.gmo as /mnt/sda6/00_new-woof/petbuilds-slacko-32/builds/gmtk/gmtk-install/usr/share/locale/fi/LC_MESSAGES/gmtk.mo
installing fo.gmo as /mnt/sda6/00_new-woof/petbuilds-slacko-32/builds/gmtk/gmtk-install/usr/share/locale/fo/LC_MESSAGES/gmtk.mo
installing fr.gmo as /mnt/sda6/00_new-woof/petbuilds-slacko-32/builds/gmtk/gmtk-install/usr/share/locale/fr/LC_MESSAGES/gmtk.mo
installing fy.gmo as /mnt/sda6/00_new-woof/petbuilds-slacko-32/builds/gmtk/gmtk-install/usr/share/locale/fy/LC_MESSAGES/gmtk.mo
installing gl.gmo as /mnt/sda6/00_new-woof/petbuilds-slacko-32/builds/gmtk/gmtk-install/usr/share/locale/gl/LC_MESSAGES/gmtk.mo
installing he.gmo as /mnt/sda6/00_new-woof/petbuilds-slacko-32/builds/gmtk/gmtk-install/usr/share/locale/he/LC_MESSAGES/gmtk.mo
installing hr.gmo as /mnt/sda6/00_new-woof/petbuilds-slacko-32/builds/gmtk/gmtk-install/usr/share/locale/hr/LC_MESSAGES/gmtk.mo
installing hu.gmo as /mnt/sda6/00_new-woof/petbuilds-slacko-32/builds/gmtk/gmtk-install/usr/share/locale/hu/LC_MESSAGES/gmtk.mo
installing id.gmo as /mnt/sda6/00_new-woof/petbuilds-slacko-32/builds/gmtk/gmtk-install/usr/share/locale/id/LC_MESSAGES/gmtk.mo
installing it.gmo as /mnt/sda6/00_new-woof/petbuilds-slacko-32/builds/gmtk/gmtk-install/usr/share/locale/it/LC_MESSAGES/gmtk.mo
installing ja.gmo as /mnt/sda6/00_new-woof/petbuilds-slacko-32/builds/gmtk/gmtk-install/usr/share/locale/ja/LC_MESSAGES/gmtk.mo
installing ko.gmo as /mnt/sda6/00_new-woof/petbuilds-slacko-32/builds/gmtk/gmtk-install/usr/share/locale/ko/LC_MESSAGES/gmtk.mo
installing lt.gmo as /mnt/sda6/00_new-woof/petbuilds-slacko-32/builds/gmtk/gmtk-install/usr/share/locale/lt/LC_MESSAGES/gmtk.mo
installing nl.gmo as /mnt/sda6/00_new-woof/petbuilds-slacko-32/builds/gmtk/gmtk-install/usr/share/locale/nl/LC_MESSAGES/gmtk.mo
installing pl.gmo as /mnt/sda6/00_new-woof/petbuilds-slacko-32/builds/gmtk/gmtk-install/usr/share/locale/pl/LC_MESSAGES/gmtk.mo
installing pt.gmo as /mnt/sda6/00_new-woof/petbuilds-slacko-32/builds/gmtk/gmtk-install/usr/share/locale/pt/LC_MESSAGES/gmtk.mo
installing pt_BR.gmo as /mnt/sda6/00_new-woof/petbuilds-slacko-32/builds/gmtk/gmtk-install/usr/share/locale/pt_BR/LC_MESSAGES/gmtk.mo
installing ro.gmo as /mnt/sda6/00_new-woof/petbuilds-slacko-32/builds/gmtk/gmtk-install/usr/share/locale/ro/LC_MESSAGES/gmtk.mo
installing ru.gmo as /mnt/sda6/00_new-woof/petbuilds-slacko-32/builds/gmtk/gmtk-install/usr/share/locale/ru/LC_MESSAGES/gmtk.mo
installing si.gmo as /mnt/sda6/00_new-woof/petbuilds-slacko-32/builds/gmtk/gmtk-install/usr/share/locale/si/LC_MESSAGES/gmtk.mo
installing sr.gmo as /mnt/sda6/00_new-woof/petbuilds-slacko-32/builds/gmtk/gmtk-install/usr/share/locale/sr/LC_MESSAGES/gmtk.mo
installing sr@latin.gmo as /mnt/sda6/00_new-woof/petbuilds-slacko-32/builds/gmtk/gmtk-install/usr/share/locale/sr@latin/LC_MESSAGES/gmtk.mo
installing sv.gmo as /mnt/sda6/00_new-woof/petbuilds-slacko-32/builds/gmtk/gmtk-install/usr/share/locale/sv/LC_MESSAGES/gmtk.mo
installing th.gmo as /mnt/sda6/00_new-woof/petbuilds-slacko-32/builds/gmtk/gmtk-install/usr/share/locale/th/LC_MESSAGES/gmtk.mo
installing tr.gmo as /mnt/sda6/00_new-woof/petbuilds-slacko-32/builds/gmtk/gmtk-install/usr/share/locale/tr/LC_MESSAGES/gmtk.mo
installing ug.gmo as /mnt/sda6/00_new-woof/petbuilds-slacko-32/builds/gmtk/gmtk-install/usr/share/locale/ug/LC_MESSAGES/gmtk.mo
installing uk.gmo as /mnt/sda6/00_new-woof/petbuilds-slacko-32/builds/gmtk/gmtk-install/usr/share/locale/uk/LC_MESSAGES/gmtk.mo
installing vi.gmo as /mnt/sda6/00_new-woof/petbuilds-slacko-32/builds/gmtk/gmtk-install/usr/share/locale/vi/LC_MESSAGES/gmtk.mo
installing zh_CN.gmo as /mnt/sda6/00_new-woof/petbuilds-slacko-32/builds/gmtk/gmtk-install/usr/share/locale/zh_CN/LC_MESSAGES/gmtk.mo
installing zh_HK.gmo as /mnt/sda6/00_new-woof/petbuilds-slacko-32/builds/gmtk/gmtk-install/usr/share/locale/zh_HK/LC_MESSAGES/gmtk.mo
installing zh_TW.gmo as /mnt/sda6/00_new-woof/petbuilds-slacko-32/builds/gmtk/gmtk-install/usr/share/locale/zh_TW/LC_MESSAGES/gmtk.mo
make[1]: Leaving directory `/mnt/sda6/00_new-woof/petbuilds-slacko-32/builds/gmtk/gmtk-1.0.9b/po'
make[1]: Entering directory `/mnt/sda6/00_new-woof/petbuilds-slacko-32/builds/gmtk/gmtk-1.0.9b'
make[2]: Entering directory `/mnt/sda6/00_new-woof/petbuilds-slacko-32/builds/gmtk/gmtk-1.0.9b'
make[2]: Nothing to be done for `install-exec-am'.
 ./install-sh -c -d '/mnt/sda6/00_new-woof/petbuilds-slacko-32/builds/gmtk/gmtk-install/usr/share/doc/gmtk'
 /usr/bin/ginstall -c -m 644 README COPYING AUTHORS ChangeLog INSTALL NEWS '/mnt/sda6/00_new-woof/petbuilds-slacko-32/builds/gmtk/gmtk-install/usr/share/doc/gmtk'
make[2]: Leaving directory `/mnt/sda6/00_new-woof/petbuilds-slacko-32/builds/gmtk/gmtk-1.0.9b'
make[1]: Leaving directory `/mnt/sda6/00_new-woof/petbuilds-slacko-32/builds/gmtk/gmtk-1.0.9b'
/mnt/sda6/00_new-woof/petbuilds-slacko-32/builds/gmtk
Found 'i686'
Processing ../gmtk-install/usr/include/gmtk/gm_audio.h
Processing ../gmtk-install/usr/include/gmtk/gm_common.h
Processing ../gmtk-install/usr/include/gmtk/gm_file.h
Processing ../gmtk-install/usr/include/gmtk/gmlib.h
Processing ../gmtk-install/usr/include/gmtk/gm_log.h
Processing ../gmtk-install/usr/include/gmtk/gm_parse.h
Processing ../gmtk-install/usr/include/gmtk/gm_pref_store.h
Processing ../gmtk-install/usr/include/gmtk/gm_strfuncs.h
Processing ../gmtk-install/usr/include/gmtk/gmtk_audio_meter.h
Processing ../gmtk-install/usr/include/gmtk/gmtk_common.h
Processing ../gmtk-install/usr/include/gmtk/gmtk.h
Processing ../gmtk-install/usr/include/gmtk/gmtk_media_player.h
Processing ../gmtk-install/usr/include/gmtk/gmtk_media_tracker.h
Processing ../gmtk-install/usr/include/gmtk/gmtk_output_combo_box.h
Processing ../gmtk-install/usr/lib/libgmlib.a
Processing ../gmtk-install/usr/lib/libgmlib.la
Processing ../gmtk-install/usr/lib/libgmlib.so
Processing ../gmtk-install/usr/lib/libgmlib.so.1
Processing ../gmtk-install/usr/lib/libgmlib.so.1.0.9
Processing ../gmtk-install/usr/lib/libgmtk.a
Processing ../gmtk-install/usr/lib/libgmtk.la
Processing ../gmtk-install/usr/lib/libgmtk.so
Processing ../gmtk-install/usr/lib/libgmtk.so.1
Processing ../gmtk-install/usr/lib/libgmtk.so.1.0.9
Processing ../gmtk-install/usr/lib/pkgconfig/gmlib.pc
Processing ../gmtk-install/usr/lib/pkgconfig/gmtk.pc
Processing ../gmtk-install/usr/share/doc/gmtk/AUTHORS
Processing ../gmtk-install/usr/share/doc/gmtk/ChangeLog
Processing ../gmtk-install/usr/share/doc/gmtk/COPYING
Processing ../gmtk-install/usr/share/doc/gmtk/INSTALL
Processing ../gmtk-install/usr/share/doc/gmtk/NEWS
Processing ../gmtk-install/usr/share/doc/gmtk/README
Processing ../gmtk-install/usr/share/locale/ar/LC_MESSAGES/gmtk.mo
Processing ../gmtk-install/usr/share/locale/bg/LC_MESSAGES/gmtk.mo
Processing ../gmtk-install/usr/share/locale/ca/LC_MESSAGES/gmtk.mo
Processing ../gmtk-install/usr/share/locale/cs/LC_MESSAGES/gmtk.mo
Processing ../gmtk-install/usr/share/locale/da/LC_MESSAGES/gmtk.mo
Processing ../gmtk-install/usr/share/locale/de/LC_MESSAGES/gmtk.mo
Processing ../gmtk-install/usr/share/locale/el/LC_MESSAGES/gmtk.mo
Processing ../gmtk-install/usr/share/locale/en_GB/LC_MESSAGES/gmtk.mo
Processing ../gmtk-install/usr/share/locale/es/LC_MESSAGES/gmtk.mo
Processing ../gmtk-install/usr/share/locale/et/LC_MESSAGES/gmtk.mo
Processing ../gmtk-install/usr/share/locale/eu/LC_MESSAGES/gmtk.mo
Processing ../gmtk-install/usr/share/locale/fi/LC_MESSAGES/gmtk.mo
Processing ../gmtk-install/usr/share/locale/fo/LC_MESSAGES/gmtk.mo
Processing ../gmtk-install/usr/share/locale/fr/LC_MESSAGES/gmtk.mo
Processing ../gmtk-install/usr/share/locale/fy/LC_MESSAGES/gmtk.mo
Processing ../gmtk-install/usr/share/locale/gl/LC_MESSAGES/gmtk.mo
Processing ../gmtk-install/usr/share/locale/he/LC_MESSAGES/gmtk.mo
Processing ../gmtk-install/usr/share/locale/hr/LC_MESSAGES/gmtk.mo
Processing ../gmtk-install/usr/share/locale/hu/LC_MESSAGES/gmtk.mo
Processing ../gmtk-install/usr/share/locale/id/LC_MESSAGES/gmtk.mo
Processing ../gmtk-install/usr/share/locale/it/LC_MESSAGES/gmtk.mo
Processing ../gmtk-install/usr/share/locale/ja/LC_MESSAGES/gmtk.mo
Processing ../gmtk-install/usr/share/locale/ko/LC_MESSAGES/gmtk.mo
Processing ../gmtk-install/usr/share/locale/lt/LC_MESSAGES/gmtk.mo
Processing ../gmtk-install/usr/share/locale/nl/LC_MESSAGES/gmtk.mo
Processing ../gmtk-install/usr/share/locale/pl/LC_MESSAGES/gmtk.mo
Processing ../gmtk-install/usr/share/locale/pt_BR/LC_MESSAGES/gmtk.mo
Processing ../gmtk-install/usr/share/locale/pt/LC_MESSAGES/gmtk.mo
Processing ../gmtk-install/usr/share/locale/ro/LC_MESSAGES/gmtk.mo
Processing ../gmtk-install/usr/share/locale/ru/LC_MESSAGES/gmtk.mo
Processing ../gmtk-install/usr/share/locale/si/LC_MESSAGES/gmtk.mo
Processing ../gmtk-install/usr/share/locale/sr@latin/LC_MESSAGES/gmtk.mo
Processing ../gmtk-install/usr/share/locale/sr/LC_MESSAGES/gmtk.mo
Processing ../gmtk-install/usr/share/locale/sv/LC_MESSAGES/gmtk.mo
Processing ../gmtk-install/usr/share/locale/th/LC_MESSAGES/gmtk.mo
Processing ../gmtk-install/usr/share/locale/tr/LC_MESSAGES/gmtk.mo
Processing ../gmtk-install/usr/share/locale/ug/LC_MESSAGES/gmtk.mo
Processing ../gmtk-install/usr/share/locale/uk/LC_MESSAGES/gmtk.mo
Processing ../gmtk-install/usr/share/locale/vi/LC_MESSAGES/gmtk.mo
Processing ../gmtk-install/usr/share/locale/zh_CN/LC_MESSAGES/gmtk.mo
Processing ../gmtk-install/usr/share/locale/zh_HK/LC_MESSAGES/gmtk.mo
Processing ../gmtk-install/usr/share/locale/zh_TW/LC_MESSAGES/gmtk.mo
all done
packaging gmtk-1.0.9b-i686_slk600
packaging gmtk_DEV-1.0.9b-i686_slk600
packaging gmtk_DOC-1.0.9b-i686_slk600
packaging gmtk_NLS-1.0.9b-i686_slk600
done!

+++++++++++++++++++++++++++++++++++++++++++++++++++++++++++++++++++++++++++++++

                              ATTENTION!                                     

  gmtk needs to be installed now if it is not on your system.

+++++++++++++++++++++++++++++++++++++++++++++++++++++++++++++++++++++++++++++++

