gnome-mplayer-1.0.9b/
gnome-mplayer-1.0.9b/COPYING
gnome-mplayer-1.0.9b/configure.in
gnome-mplayer-1.0.9b/compile
gnome-mplayer-1.0.9b/configure
gnome-mplayer-1.0.9b/missing
gnome-mplayer-1.0.9b/apps.gnome-mplayer.preferences.gschema.xml
gnome-mplayer-1.0.9b/install-sh
gnome-mplayer-1.0.9b/Makefile.am
gnome-mplayer-1.0.9b/ChangeLog
gnome-mplayer-1.0.9b/aclocal.m4
gnome-mplayer-1.0.9b/Makefile.in
gnome-mplayer-1.0.9b/config.h.in
gnome-mplayer-1.0.9b/ltmain.sh
gnome-mplayer-1.0.9b/gnome-mplayer.desktop
gnome-mplayer-1.0.9b/NEWS
gnome-mplayer-1.0.9b/README
gnome-mplayer-1.0.9b/po/
gnome-mplayer-1.0.9b/po/ja.gmo
gnome-mplayer-1.0.9b/po/pt.gmo
gnome-mplayer-1.0.9b/po/kk.gmo
gnome-mplayer-1.0.9b/po/eu.po
gnome-mplayer-1.0.9b/po/es.gmo
gnome-mplayer-1.0.9b/po/sv.gmo
gnome-mplayer-1.0.9b/po/fi.po
gnome-mplayer-1.0.9b/po/zh_TW.gmo
gnome-mplayer-1.0.9b/po/nl.gmo
gnome-mplayer-1.0.9b/po/de.gmo
gnome-mplayer-1.0.9b/po/he.po
gnome-mplayer-1.0.9b/po/ca.gmo
gnome-mplayer-1.0.9b/po/eu.gmo
gnome-mplayer-1.0.9b/po/id.gmo
gnome-mplayer-1.0.9b/po/cs.po
gnome-mplayer-1.0.9b/po/ChangeLog
gnome-mplayer-1.0.9b/po/kk.po
gnome-mplayer-1.0.9b/po/th.gmo
gnome-mplayer-1.0.9b/po/zh_TW.po
gnome-mplayer-1.0.9b/po/pt_BR.gmo
gnome-mplayer-1.0.9b/po/fy.gmo
gnome-mplayer-1.0.9b/po/ro.po
gnome-mplayer-1.0.9b/po/ug.gmo
gnome-mplayer-1.0.9b/po/it.po
gnome-mplayer-1.0.9b/po/sr@latin.gmo
gnome-mplayer-1.0.9b/po/bg.po
gnome-mplayer-1.0.9b/po/tr.gmo
gnome-mplayer-1.0.9b/po/pl.po
gnome-mplayer-1.0.9b/po/en_GB.gmo
gnome-mplayer-1.0.9b/po/tr.po
gnome-mplayer-1.0.9b/po/fr.po
gnome-mplayer-1.0.9b/po/fo.po
gnome-mplayer-1.0.9b/po/el.gmo
gnome-mplayer-1.0.9b/po/hr.po
gnome-mplayer-1.0.9b/po/zh_HK.po
gnome-mplayer-1.0.9b/po/cs.gmo
gnome-mplayer-1.0.9b/po/fy.po
gnome-mplayer-1.0.9b/po/el.po
gnome-mplayer-1.0.9b/po/pl.gmo
gnome-mplayer-1.0.9b/po/bg.gmo
gnome-mplayer-1.0.9b/po/zh_HK.gmo
gnome-mplayer-1.0.9b/po/lt.po
gnome-mplayer-1.0.9b/po/uk.po
gnome-mplayer-1.0.9b/po/fi.gmo
gnome-mplayer-1.0.9b/po/si.gmo
gnome-mplayer-1.0.9b/po/zh_CN.gmo
gnome-mplayer-1.0.9b/po/lt.gmo
gnome-mplayer-1.0.9b/po/hr.gmo
gnome-mplayer-1.0.9b/po/pt_BR.po
gnome-mplayer-1.0.9b/po/sr.gmo
gnome-mplayer-1.0.9b/po/POTFILES.in
gnome-mplayer-1.0.9b/po/vi.po
gnome-mplayer-1.0.9b/po/it.gmo
gnome-mplayer-1.0.9b/po/vi.gmo
gnome-mplayer-1.0.9b/po/es.po
gnome-mplayer-1.0.9b/po/en_GB.po
gnome-mplayer-1.0.9b/po/sr.po
gnome-mplayer-1.0.9b/po/ko.gmo
gnome-mplayer-1.0.9b/po/Makefile.in.in
gnome-mplayer-1.0.9b/po/pt.po
gnome-mplayer-1.0.9b/po/nl.po
gnome-mplayer-1.0.9b/po/gl.po
gnome-mplayer-1.0.9b/po/hu.po
gnome-mplayer-1.0.9b/po/ug.po
gnome-mplayer-1.0.9b/po/ar.gmo
gnome-mplayer-1.0.9b/po/sr@latin.po
gnome-mplayer-1.0.9b/po/da.gmo
gnome-mplayer-1.0.9b/po/zh_CN.po
gnome-mplayer-1.0.9b/po/uk.gmo
gnome-mplayer-1.0.9b/po/et.po
gnome-mplayer-1.0.9b/po/et.gmo
gnome-mplayer-1.0.9b/po/he.gmo
gnome-mplayer-1.0.9b/po/ko.po
gnome-mplayer-1.0.9b/po/gnome-mplayer.pot
gnome-mplayer-1.0.9b/po/si.po
gnome-mplayer-1.0.9b/po/gl.gmo
gnome-mplayer-1.0.9b/po/fo.gmo
gnome-mplayer-1.0.9b/po/ru.gmo
gnome-mplayer-1.0.9b/po/id.po
gnome-mplayer-1.0.9b/po/fr.gmo
gnome-mplayer-1.0.9b/po/sv.po
gnome-mplayer-1.0.9b/po/da.po
gnome-mplayer-1.0.9b/po/ru.po
gnome-mplayer-1.0.9b/po/ca.po
gnome-mplayer-1.0.9b/po/hu.gmo
gnome-mplayer-1.0.9b/po/ar.po
gnome-mplayer-1.0.9b/po/de.po
gnome-mplayer-1.0.9b/po/ja.po
gnome-mplayer-1.0.9b/po/ro.gmo
gnome-mplayer-1.0.9b/po/th.po
gnome-mplayer-1.0.9b/apps.gecko-mediaplayer.preferences.gschema.xml
gnome-mplayer-1.0.9b/depcomp
gnome-mplayer-1.0.9b/config.sub
gnome-mplayer-1.0.9b/gnome-mplayer.xml
gnome-mplayer-1.0.9b/INSTALL
gnome-mplayer-1.0.9b/gnome-mplayer.schemas.in
gnome-mplayer-1.0.9b/pixmaps/
gnome-mplayer-1.0.9b/pixmaps/media-playback-start.xpm
gnome-mplayer-1.0.9b/pixmaps/media-playback-stop.xpm
gnome-mplayer-1.0.9b/pixmaps/media-skip-forward.xpm
gnome-mplayer-1.0.9b/pixmaps/gnome_mplayer.xpm
gnome-mplayer-1.0.9b/pixmaps/media-seek-backward.xpm
gnome-mplayer-1.0.9b/pixmaps/media-skip-backward.xpm
gnome-mplayer-1.0.9b/pixmaps/media-seek-forward.xpm
gnome-mplayer-1.0.9b/pixmaps/view-fullscreen.xpm
gnome-mplayer-1.0.9b/pixmaps/media-playback-pause.xpm
gnome-mplayer-1.0.9b/config.guess
gnome-mplayer-1.0.9b/gnome-mplayer.1
gnome-mplayer-1.0.9b/config.h
gnome-mplayer-1.0.9b/gnome-mplayer.spec
gnome-mplayer-1.0.9b/mkinstalldirs
gnome-mplayer-1.0.9b/AUTHORS
gnome-mplayer-1.0.9b/icons/
gnome-mplayer-1.0.9b/icons/scalable/
gnome-mplayer-1.0.9b/icons/scalable/Makefile.am
gnome-mplayer-1.0.9b/icons/scalable/gnome-mplayer.svg
gnome-mplayer-1.0.9b/icons/scalable/Makefile.in
gnome-mplayer-1.0.9b/icons/Makefile.am
gnome-mplayer-1.0.9b/icons/Makefile.in
gnome-mplayer-1.0.9b/icons/22x22/
gnome-mplayer-1.0.9b/icons/22x22/Makefile.am
gnome-mplayer-1.0.9b/icons/22x22/Makefile.in
gnome-mplayer-1.0.9b/icons/22x22/gnome-mplayer.png
gnome-mplayer-1.0.9b/icons/24x24/
gnome-mplayer-1.0.9b/icons/24x24/Makefile.am
gnome-mplayer-1.0.9b/icons/24x24/Makefile.in
gnome-mplayer-1.0.9b/icons/24x24/gnome-mplayer.png
gnome-mplayer-1.0.9b/icons/32x32/
gnome-mplayer-1.0.9b/icons/32x32/Makefile.am
gnome-mplayer-1.0.9b/icons/32x32/Makefile.in
gnome-mplayer-1.0.9b/icons/32x32/gnome-mplayer.png
gnome-mplayer-1.0.9b/icons/48x48/
gnome-mplayer-1.0.9b/icons/48x48/Makefile.am
gnome-mplayer-1.0.9b/icons/48x48/Makefile.in
gnome-mplayer-1.0.9b/icons/48x48/gnome-mplayer.png
gnome-mplayer-1.0.9b/icons/16x16/
gnome-mplayer-1.0.9b/icons/16x16/Makefile.am
gnome-mplayer-1.0.9b/icons/16x16/Makefile.in
gnome-mplayer-1.0.9b/icons/16x16/gnome-mplayer.png
gnome-mplayer-1.0.9b/DOCS/
gnome-mplayer-1.0.9b/DOCS/tech/
gnome-mplayer-1.0.9b/DOCS/tech/dbus.txt
gnome-mplayer-1.0.9b/DOCS/tech/plugin-interaction.txt
gnome-mplayer-1.0.9b/DOCS/keyboard_shortcuts.txt
gnome-mplayer-1.0.9b/src/
gnome-mplayer-1.0.9b/src/playlist.h
gnome-mplayer-1.0.9b/src/mime_types.h
gnome-mplayer-1.0.9b/src/main.c
gnome-mplayer-1.0.9b/src/database.c
gnome-mplayer-1.0.9b/src/nautilus_property_page.c
gnome-mplayer-1.0.9b/src/dbus-interface.h
gnome-mplayer-1.0.9b/src/common.h
gnome-mplayer-1.0.9b/src/mpris-interface.c
gnome-mplayer-1.0.9b/src/Makefile.am
gnome-mplayer-1.0.9b/src/mpris-interface.h
gnome-mplayer-1.0.9b/src/Makefile.in
gnome-mplayer-1.0.9b/src/nemo_property_page.c
gnome-mplayer-1.0.9b/src/mntent_compat.c
gnome-mplayer-1.0.9b/src/support.c
gnome-mplayer-1.0.9b/src/property_page_common.h
gnome-mplayer-1.0.9b/src/gui.h
gnome-mplayer-1.0.9b/src/gui.c
gnome-mplayer-1.0.9b/src/database.h
gnome-mplayer-1.0.9b/src/mntent_compat.h
gnome-mplayer-1.0.9b/src/support.h
gnome-mplayer-1.0.9b/src/langlist.h
gnome-mplayer-1.0.9b/src/playlist.c
gnome-mplayer-1.0.9b/src/property_page_common.c
gnome-mplayer-1.0.9b/src/dbus-interface.c
gnome-mplayer-1.0.9b/gnome-mplayer.spec.in
checking for a BSD-compatible install... /usr/bin/ginstall -c
checking whether build environment is sane... yes
checking for a thread-safe mkdir -p... ./install-sh -c -d
checking for gawk... gawk
checking whether make sets $(MAKE)... yes
checking whether make supports nested variables... yes
checking whether to enable maintainer-specific portions of Makefiles... yes
checking whether make supports nested variables... (cached) yes
checking for style of include used by make... GNU
checking for gcc... gcc
checking whether the C compiler works... yes
checking for C compiler default output file name... a.out
checking for suffix of executables... 
checking whether we are cross compiling... no
checking for suffix of object files... o
checking whether we are using the GNU C compiler... yes
checking whether gcc accepts -g... yes
checking for gcc option to accept ISO C89... none needed
checking dependency style of gcc... gcc3
checking for library containing strerror... none required
checking for gcc... (cached) gcc
checking whether we are using the GNU C compiler... (cached) yes
checking whether gcc accepts -g... (cached) yes
checking for gcc option to accept ISO C89... (cached) none needed
checking dependency style of gcc... (cached) gcc3
checking for gcc... (cached) gcc
checking whether we are using the GNU C compiler... (cached) yes
checking whether gcc accepts -g... (cached) yes
checking for gcc option to accept ISO C89... (cached) none needed
checking dependency style of gcc... (cached) gcc3
checking how to run the C preprocessor... gcc -E
checking for grep that handles long lines and -e... /bin/grep
checking for egrep... /bin/grep -E
checking for ANSI C header files... yes
checking how to run the C preprocessor... gcc -E
checking for g++... g++
checking whether we are using the GNU C++ compiler... yes
checking whether g++ accepts -g... yes
checking dependency style of g++... gcc3
checking whether gcc and cc understand -c and -o together... yes
checking for ranlib... ranlib
checking for sys/types.h... yes
checking for sys/stat.h... yes
checking for stdlib.h... yes
checking for string.h... yes
checking for memory.h... yes
checking for strings.h... yes
checking for inttypes.h... yes
checking for stdint.h... yes
checking for unistd.h... yes
checking locale.h usability... yes
checking locale.h presence... yes
checking for locale.h... yes
checking for LC_MESSAGES... yes
checking libintl.h usability... yes
checking libintl.h presence... yes
checking for libintl.h... yes
checking for ngettext in libc... yes
checking for dgettext in libc... yes
checking for bind_textdomain_codeset... yes
checking for msgfmt... /usr/bin/msgfmt
checking for dcgettext... yes
checking if msgfmt accepts -c... yes
checking for gmsgfmt... /usr/bin/msgfmt
checking for xgettext... /usr/bin/xgettext
checking for catalogs to be installed...  ar bg ca cs da de el en_GB es et eu fi fo fr fy gl he hr hu id it ja kk ko lt nl pl pt pt_BR ro ru si sr sr@latin sv th tr ug uk vi zh_CN zh_HK zh_TW
checking for WIN32... no
checking for pkg-config... /usr/bin/pkg-config
checking pkg-config is at least version 0.9.0... yes
checking for X11... yes
checking for GTK... no
checking for GTK... yes
configure: Using GTK2
checking for GLIB... yes
checking for GTK2_12... yes
checking for GTK2_14... yes
checking for GTK2_18... yes
checking for GTK2_20... yes
checking for GTK2_22... yes
checking for GTK2_24... yes
checking for GLIB2_14... yes
checking for GLIB2_24... yes
checking for GMLIB... yes
checking for GMTK... yes
checking for GIO... yes
checking for DBUS... yes
checking for XSCRNSAVER... yes
checking for LIBGDA_04... no
configure: Compiling without libgda 4.0 support
checking for LIBGDA_05... no
configure: Compiling without libgda 5.0 support
checking for ALSA... yes
checking for PULSE... no
configure: Compiling without PulseAudio support
checking for NOTIFY... yes
checking for LIBNOTIFY_07... yes
checking for GPOD06... no
configure: Compiling without libgpod 0.6.0 support
checking for GPOD07... no
configure: Compiling without libgpod 0.7.0 support
checking for MUSICBRAINZ... no
configure: Compiling without libmusicbrainz3 support
checking for NAUTILUS... no
checking for NEMO... no
configure: gmlib is using gsettings for preference storage
checking for pkg-config... (cached) /usr/bin/pkg-config
checking pkg-config is at least version 0.16... yes
checking mntent.h usability... yes
checking mntent.h presence... yes
checking for mntent.h... yes
checking sys/ucred.h usability... no
checking sys/ucred.h presence... no
checking for sys/ucred.h... no
checking sys/mount.h usability... yes
checking sys/mount.h presence... yes
checking for sys/mount.h... yes
checking fstab.h usability... yes
checking fstab.h presence... yes
checking for fstab.h... yes
checking signal.h usability... yes
checking signal.h presence... yes
checking for signal.h... yes
checking that generated files are newer than configure... done
configure: creating ./config.status
config.status: creating Makefile
config.status: creating icons/Makefile
config.status: creating icons/16x16/Makefile
config.status: creating icons/22x22/Makefile
config.status: creating icons/24x24/Makefile
config.status: creating icons/32x32/Makefile
config.status: creating icons/48x48/Makefile
config.status: creating icons/scalable/Makefile
config.status: creating src/Makefile
config.status: creating po/Makefile.in
config.status: creating gnome-mplayer.spec
config.status: creating gnome-mplayer.schemas
config.status: creating config.h
config.status: executing depfiles commands
config.status: executing default-1 commands
make  all-recursive
make[1]: Entering directory `/mnt/sda6/00_new-woof/petbuilds-slacko-32/builds/gnome-mplayer/gnome-mplayer-1.0.9b'
Making all in src
make[2]: Entering directory `/mnt/sda6/00_new-woof/petbuilds-slacko-32/builds/gnome-mplayer/gnome-mplayer-1.0.9b/src'
make[3]: Entering directory `/mnt/sda6/00_new-woof/petbuilds-slacko-32/builds/gnome-mplayer/gnome-mplayer-1.0.9b/src'
  CC       gui.o
  CC       support.o
  CC       playlist.o
  CC       mntent_compat.o
  CC       main.o
main.c: In function ‘play_iter’:
main.c:441:9: warning: ‘g_thread_create’ is deprecated (declared at /usr/include/glib-2.0/glib/deprecated/gthread.h:100): Use 'g_thread_new' instead [-Wdeprecated-declarations]
         g_thread_create(get_cover_art, metadata, FALSE, NULL);
         ^
main.c: In function ‘main’:
main.c:857:9: warning: ‘g_thread_init’ is deprecated (declared at /usr/include/glib-2.0/glib/deprecated/gthread.h:260) [-Wdeprecated-declarations]
         g_thread_init(NULL);
         ^
main.c:859:5: warning: ‘g_type_init’ is deprecated (declared at /usr/include/glib-2.0/gobject/gtype.h:669) [-Wdeprecated-declarations]
     g_type_init();
     ^
main.c:1142:5: warning: ‘g_mutex_new’ is deprecated (declared at /usr/include/glib-2.0/glib/deprecated/gthread.h:272) [-Wdeprecated-declarations]
     idledata->caching = g_mutex_new();
     ^
main.c:1143:5: warning: ‘g_cond_new’ is deprecated (declared at /usr/include/glib-2.0/glib/deprecated/gthread.h:276) [-Wdeprecated-declarations]
     idledata->caching_complete = g_cond_new();
     ^
main.c:1146:5: warning: ‘g_mutex_new’ is deprecated (declared at /usr/include/glib-2.0/glib/deprecated/gthread.h:272) [-Wdeprecated-declarations]
     retrieve_mutex = g_mutex_new();
     ^
main.c:1147:5: warning: ‘g_mutex_new’ is deprecated (declared at /usr/include/glib-2.0/glib/deprecated/gthread.h:272) [-Wdeprecated-declarations]
     set_mutex = g_mutex_new();
     ^
gui.c: In function ‘player_media_state_changed_callback’:
gui.c:7222:9: warning: passing argument 1 of ‘gtk_check_menu_item_get_active’ from incompatible pointer type [enabled by default]
         gmtk_media_player_set_attribute_boolean(GMTK_MEDIA_PLAYER(media), ATTRIBUTE_SUB_VISIBLE, gtk_check_menu_item_get_active (menuitem_view_subtitles));
         ^
In file included from /usr/include/gtk-2.0/gtk/gtk.h:67:0,
                 from gui.h:29,
                 from gui.c:29:
/usr/include/gtk-2.0/gtk/gtkcheckmenuitem.h:84:12: note: expected ‘struct GtkCheckMenuItem *’ but argument is of type ‘struct GtkMenuItem *’
 gboolean   gtk_check_menu_item_get_active        (GtkCheckMenuItem *check_menu_item);
            ^
  CC       dbus-interface.o
  CC       mpris-interface.o
  CC       database.o
  CCLD     gnome-mplayer
make[3]: Leaving directory `/mnt/sda6/00_new-woof/petbuilds-slacko-32/builds/gnome-mplayer/gnome-mplayer-1.0.9b/src'
make[2]: Leaving directory `/mnt/sda6/00_new-woof/petbuilds-slacko-32/builds/gnome-mplayer/gnome-mplayer-1.0.9b/src'
Making all in po
make[2]: Entering directory `/mnt/sda6/00_new-woof/petbuilds-slacko-32/builds/gnome-mplayer/gnome-mplayer-1.0.9b/po'
make[2]: Nothing to be done for `all'.
make[2]: Leaving directory `/mnt/sda6/00_new-woof/petbuilds-slacko-32/builds/gnome-mplayer/gnome-mplayer-1.0.9b/po'
Making all in icons
make[2]: Entering directory `/mnt/sda6/00_new-woof/petbuilds-slacko-32/builds/gnome-mplayer/gnome-mplayer-1.0.9b/icons'
Making all in 16x16
make[3]: Entering directory `/mnt/sda6/00_new-woof/petbuilds-slacko-32/builds/gnome-mplayer/gnome-mplayer-1.0.9b/icons/16x16'
make[3]: Nothing to be done for `all'.
make[3]: Leaving directory `/mnt/sda6/00_new-woof/petbuilds-slacko-32/builds/gnome-mplayer/gnome-mplayer-1.0.9b/icons/16x16'
Making all in 22x22
make[3]: Entering directory `/mnt/sda6/00_new-woof/petbuilds-slacko-32/builds/gnome-mplayer/gnome-mplayer-1.0.9b/icons/22x22'
make[3]: Nothing to be done for `all'.
make[3]: Leaving directory `/mnt/sda6/00_new-woof/petbuilds-slacko-32/builds/gnome-mplayer/gnome-mplayer-1.0.9b/icons/22x22'
Making all in 24x24
make[3]: Entering directory `/mnt/sda6/00_new-woof/petbuilds-slacko-32/builds/gnome-mplayer/gnome-mplayer-1.0.9b/icons/24x24'
make[3]: Nothing to be done for `all'.
make[3]: Leaving directory `/mnt/sda6/00_new-woof/petbuilds-slacko-32/builds/gnome-mplayer/gnome-mplayer-1.0.9b/icons/24x24'
Making all in 32x32
make[3]: Entering directory `/mnt/sda6/00_new-woof/petbuilds-slacko-32/builds/gnome-mplayer/gnome-mplayer-1.0.9b/icons/32x32'
make[3]: Nothing to be done for `all'.
make[3]: Leaving directory `/mnt/sda6/00_new-woof/petbuilds-slacko-32/builds/gnome-mplayer/gnome-mplayer-1.0.9b/icons/32x32'
Making all in 48x48
make[3]: Entering directory `/mnt/sda6/00_new-woof/petbuilds-slacko-32/builds/gnome-mplayer/gnome-mplayer-1.0.9b/icons/48x48'
make[3]: Nothing to be done for `all'.
make[3]: Leaving directory `/mnt/sda6/00_new-woof/petbuilds-slacko-32/builds/gnome-mplayer/gnome-mplayer-1.0.9b/icons/48x48'
Making all in scalable
make[3]: Entering directory `/mnt/sda6/00_new-woof/petbuilds-slacko-32/builds/gnome-mplayer/gnome-mplayer-1.0.9b/icons/scalable'
make[3]: Nothing to be done for `all'.
make[3]: Leaving directory `/mnt/sda6/00_new-woof/petbuilds-slacko-32/builds/gnome-mplayer/gnome-mplayer-1.0.9b/icons/scalable'
make[3]: Entering directory `/mnt/sda6/00_new-woof/petbuilds-slacko-32/builds/gnome-mplayer/gnome-mplayer-1.0.9b/icons'
make[3]: Nothing to be done for `all-am'.
make[3]: Leaving directory `/mnt/sda6/00_new-woof/petbuilds-slacko-32/builds/gnome-mplayer/gnome-mplayer-1.0.9b/icons'
make[2]: Leaving directory `/mnt/sda6/00_new-woof/petbuilds-slacko-32/builds/gnome-mplayer/gnome-mplayer-1.0.9b/icons'
make[2]: Entering directory `/mnt/sda6/00_new-woof/petbuilds-slacko-32/builds/gnome-mplayer/gnome-mplayer-1.0.9b'
  GEN      apps.gnome-mplayer.preferences.enums.xml
  GEN      apps.gnome-mplayer.preferences.gschema.valid
  GEN      apps.gecko-mediaplayer.preferences.gschema.valid
warning: Schema 'apps.gnome-mplayer.preferences' has path '/apps/gnome-mplayer/preferences/'.  Paths starting with '/apps/', '/desktop/' or '/system/' are deprecated.
warning: Schema 'apps.gecko-mediaplayer.preferences' has path '/apps/gecko-mediaplayer/preferences/'.  Paths starting with '/apps/', '/desktop/' or '/system/' are deprecated.
make[2]: Leaving directory `/mnt/sda6/00_new-woof/petbuilds-slacko-32/builds/gnome-mplayer/gnome-mplayer-1.0.9b'
make[1]: Leaving directory `/mnt/sda6/00_new-woof/petbuilds-slacko-32/builds/gnome-mplayer/gnome-mplayer-1.0.9b'
Making install in src
make[1]: Entering directory `/mnt/sda6/00_new-woof/petbuilds-slacko-32/builds/gnome-mplayer/gnome-mplayer-1.0.9b/src'
make[2]: Entering directory `/mnt/sda6/00_new-woof/petbuilds-slacko-32/builds/gnome-mplayer/gnome-mplayer-1.0.9b/src'
make[3]: Entering directory `/mnt/sda6/00_new-woof/petbuilds-slacko-32/builds/gnome-mplayer/gnome-mplayer-1.0.9b/src'
 .././install-sh -c -d '/mnt/sda6/00_new-woof/petbuilds-slacko-32/builds/gnome-mplayer/gnome-mplayer-install/usr/bin'
  /usr/bin/ginstall -c gnome-mplayer '/mnt/sda6/00_new-woof/petbuilds-slacko-32/builds/gnome-mplayer/gnome-mplayer-install/usr/bin'
make[3]: Leaving directory `/mnt/sda6/00_new-woof/petbuilds-slacko-32/builds/gnome-mplayer/gnome-mplayer-1.0.9b/src'
make[2]: Leaving directory `/mnt/sda6/00_new-woof/petbuilds-slacko-32/builds/gnome-mplayer/gnome-mplayer-1.0.9b/src'
make[1]: Leaving directory `/mnt/sda6/00_new-woof/petbuilds-slacko-32/builds/gnome-mplayer/gnome-mplayer-1.0.9b/src'
Making install in po
make[1]: Entering directory `/mnt/sda6/00_new-woof/petbuilds-slacko-32/builds/gnome-mplayer/gnome-mplayer-1.0.9b/po'
if test -r ".././mkinstalldirs"; then \
  .././mkinstalldirs /mnt/sda6/00_new-woof/petbuilds-slacko-32/builds/gnome-mplayer/gnome-mplayer-install/usr/share; \
else \
  /bin/sh ../mkinstalldirs /mnt/sda6/00_new-woof/petbuilds-slacko-32/builds/gnome-mplayer/gnome-mplayer-install/usr/share; \
fi
mkdir /mnt/sda6/00_new-woof/petbuilds-slacko-32/builds/gnome-mplayer/gnome-mplayer-install/usr/share
mkdir /mnt/sda6/00_new-woof/petbuilds-slacko-32/builds/gnome-mplayer/gnome-mplayer-install/usr/share/locale
mkdir /mnt/sda6/00_new-woof/petbuilds-slacko-32/builds/gnome-mplayer/gnome-mplayer-install/usr/share/locale/ar
mkdir /mnt/sda6/00_new-woof/petbuilds-slacko-32/builds/gnome-mplayer/gnome-mplayer-install/usr/share/locale/ar/LC_MESSAGES
installing ar.gmo as /mnt/sda6/00_new-woof/petbuilds-slacko-32/builds/gnome-mplayer/gnome-mplayer-install/usr/share/locale/ar/LC_MESSAGES/gnome-mplayer.mo
mkdir /mnt/sda6/00_new-woof/petbuilds-slacko-32/builds/gnome-mplayer/gnome-mplayer-install/usr/share/locale/bg
mkdir /mnt/sda6/00_new-woof/petbuilds-slacko-32/builds/gnome-mplayer/gnome-mplayer-install/usr/share/locale/bg/LC_MESSAGES
installing bg.gmo as /mnt/sda6/00_new-woof/petbuilds-slacko-32/builds/gnome-mplayer/gnome-mplayer-install/usr/share/locale/bg/LC_MESSAGES/gnome-mplayer.mo
mkdir /mnt/sda6/00_new-woof/petbuilds-slacko-32/builds/gnome-mplayer/gnome-mplayer-install/usr/share/locale/ca
mkdir /mnt/sda6/00_new-woof/petbuilds-slacko-32/builds/gnome-mplayer/gnome-mplayer-install/usr/share/locale/ca/LC_MESSAGES
installing ca.gmo as /mnt/sda6/00_new-woof/petbuilds-slacko-32/builds/gnome-mplayer/gnome-mplayer-install/usr/share/locale/ca/LC_MESSAGES/gnome-mplayer.mo
mkdir /mnt/sda6/00_new-woof/petbuilds-slacko-32/builds/gnome-mplayer/gnome-mplayer-install/usr/share/locale/cs
mkdir /mnt/sda6/00_new-woof/petbuilds-slacko-32/builds/gnome-mplayer/gnome-mplayer-install/usr/share/locale/cs/LC_MESSAGES
installing cs.gmo as /mnt/sda6/00_new-woof/petbuilds-slacko-32/builds/gnome-mplayer/gnome-mplayer-install/usr/share/locale/cs/LC_MESSAGES/gnome-mplayer.mo
mkdir /mnt/sda6/00_new-woof/petbuilds-slacko-32/builds/gnome-mplayer/gnome-mplayer-install/usr/share/locale/da
mkdir /mnt/sda6/00_new-woof/petbuilds-slacko-32/builds/gnome-mplayer/gnome-mplayer-install/usr/share/locale/da/LC_MESSAGES
installing da.gmo as /mnt/sda6/00_new-woof/petbuilds-slacko-32/builds/gnome-mplayer/gnome-mplayer-install/usr/share/locale/da/LC_MESSAGES/gnome-mplayer.mo
mkdir /mnt/sda6/00_new-woof/petbuilds-slacko-32/builds/gnome-mplayer/gnome-mplayer-install/usr/share/locale/de
mkdir /mnt/sda6/00_new-woof/petbuilds-slacko-32/builds/gnome-mplayer/gnome-mplayer-install/usr/share/locale/de/LC_MESSAGES
installing de.gmo as /mnt/sda6/00_new-woof/petbuilds-slacko-32/builds/gnome-mplayer/gnome-mplayer-install/usr/share/locale/de/LC_MESSAGES/gnome-mplayer.mo
mkdir /mnt/sda6/00_new-woof/petbuilds-slacko-32/builds/gnome-mplayer/gnome-mplayer-install/usr/share/locale/el
mkdir /mnt/sda6/00_new-woof/petbuilds-slacko-32/builds/gnome-mplayer/gnome-mplayer-install/usr/share/locale/el/LC_MESSAGES
installing el.gmo as /mnt/sda6/00_new-woof/petbuilds-slacko-32/builds/gnome-mplayer/gnome-mplayer-install/usr/share/locale/el/LC_MESSAGES/gnome-mplayer.mo
mkdir /mnt/sda6/00_new-woof/petbuilds-slacko-32/builds/gnome-mplayer/gnome-mplayer-install/usr/share/locale/en_GB
mkdir /mnt/sda6/00_new-woof/petbuilds-slacko-32/builds/gnome-mplayer/gnome-mplayer-install/usr/share/locale/en_GB/LC_MESSAGES
installing en_GB.gmo as /mnt/sda6/00_new-woof/petbuilds-slacko-32/builds/gnome-mplayer/gnome-mplayer-install/usr/share/locale/en_GB/LC_MESSAGES/gnome-mplayer.mo
mkdir /mnt/sda6/00_new-woof/petbuilds-slacko-32/builds/gnome-mplayer/gnome-mplayer-install/usr/share/locale/es
mkdir /mnt/sda6/00_new-woof/petbuilds-slacko-32/builds/gnome-mplayer/gnome-mplayer-install/usr/share/locale/es/LC_MESSAGES
installing es.gmo as /mnt/sda6/00_new-woof/petbuilds-slacko-32/builds/gnome-mplayer/gnome-mplayer-install/usr/share/locale/es/LC_MESSAGES/gnome-mplayer.mo
mkdir /mnt/sda6/00_new-woof/petbuilds-slacko-32/builds/gnome-mplayer/gnome-mplayer-install/usr/share/locale/et
mkdir /mnt/sda6/00_new-woof/petbuilds-slacko-32/builds/gnome-mplayer/gnome-mplayer-install/usr/share/locale/et/LC_MESSAGES
installing et.gmo as /mnt/sda6/00_new-woof/petbuilds-slacko-32/builds/gnome-mplayer/gnome-mplayer-install/usr/share/locale/et/LC_MESSAGES/gnome-mplayer.mo
mkdir /mnt/sda6/00_new-woof/petbuilds-slacko-32/builds/gnome-mplayer/gnome-mplayer-install/usr/share/locale/eu
mkdir /mnt/sda6/00_new-woof/petbuilds-slacko-32/builds/gnome-mplayer/gnome-mplayer-install/usr/share/locale/eu/LC_MESSAGES
installing eu.gmo as /mnt/sda6/00_new-woof/petbuilds-slacko-32/builds/gnome-mplayer/gnome-mplayer-install/usr/share/locale/eu/LC_MESSAGES/gnome-mplayer.mo
mkdir /mnt/sda6/00_new-woof/petbuilds-slacko-32/builds/gnome-mplayer/gnome-mplayer-install/usr/share/locale/fi
mkdir /mnt/sda6/00_new-woof/petbuilds-slacko-32/builds/gnome-mplayer/gnome-mplayer-install/usr/share/locale/fi/LC_MESSAGES
installing fi.gmo as /mnt/sda6/00_new-woof/petbuilds-slacko-32/builds/gnome-mplayer/gnome-mplayer-install/usr/share/locale/fi/LC_MESSAGES/gnome-mplayer.mo
mkdir /mnt/sda6/00_new-woof/petbuilds-slacko-32/builds/gnome-mplayer/gnome-mplayer-install/usr/share/locale/fo
mkdir /mnt/sda6/00_new-woof/petbuilds-slacko-32/builds/gnome-mplayer/gnome-mplayer-install/usr/share/locale/fo/LC_MESSAGES
installing fo.gmo as /mnt/sda6/00_new-woof/petbuilds-slacko-32/builds/gnome-mplayer/gnome-mplayer-install/usr/share/locale/fo/LC_MESSAGES/gnome-mplayer.mo
mkdir /mnt/sda6/00_new-woof/petbuilds-slacko-32/builds/gnome-mplayer/gnome-mplayer-install/usr/share/locale/fr
mkdir /mnt/sda6/00_new-woof/petbuilds-slacko-32/builds/gnome-mplayer/gnome-mplayer-install/usr/share/locale/fr/LC_MESSAGES
installing fr.gmo as /mnt/sda6/00_new-woof/petbuilds-slacko-32/builds/gnome-mplayer/gnome-mplayer-install/usr/share/locale/fr/LC_MESSAGES/gnome-mplayer.mo
mkdir /mnt/sda6/00_new-woof/petbuilds-slacko-32/builds/gnome-mplayer/gnome-mplayer-install/usr/share/locale/fy
mkdir /mnt/sda6/00_new-woof/petbuilds-slacko-32/builds/gnome-mplayer/gnome-mplayer-install/usr/share/locale/fy/LC_MESSAGES
installing fy.gmo as /mnt/sda6/00_new-woof/petbuilds-slacko-32/builds/gnome-mplayer/gnome-mplayer-install/usr/share/locale/fy/LC_MESSAGES/gnome-mplayer.mo
mkdir /mnt/sda6/00_new-woof/petbuilds-slacko-32/builds/gnome-mplayer/gnome-mplayer-install/usr/share/locale/gl
mkdir /mnt/sda6/00_new-woof/petbuilds-slacko-32/builds/gnome-mplayer/gnome-mplayer-install/usr/share/locale/gl/LC_MESSAGES
installing gl.gmo as /mnt/sda6/00_new-woof/petbuilds-slacko-32/builds/gnome-mplayer/gnome-mplayer-install/usr/share/locale/gl/LC_MESSAGES/gnome-mplayer.mo
mkdir /mnt/sda6/00_new-woof/petbuilds-slacko-32/builds/gnome-mplayer/gnome-mplayer-install/usr/share/locale/he
mkdir /mnt/sda6/00_new-woof/petbuilds-slacko-32/builds/gnome-mplayer/gnome-mplayer-install/usr/share/locale/he/LC_MESSAGES
installing he.gmo as /mnt/sda6/00_new-woof/petbuilds-slacko-32/builds/gnome-mplayer/gnome-mplayer-install/usr/share/locale/he/LC_MESSAGES/gnome-mplayer.mo
mkdir /mnt/sda6/00_new-woof/petbuilds-slacko-32/builds/gnome-mplayer/gnome-mplayer-install/usr/share/locale/hr
mkdir /mnt/sda6/00_new-woof/petbuilds-slacko-32/builds/gnome-mplayer/gnome-mplayer-install/usr/share/locale/hr/LC_MESSAGES
installing hr.gmo as /mnt/sda6/00_new-woof/petbuilds-slacko-32/builds/gnome-mplayer/gnome-mplayer-install/usr/share/locale/hr/LC_MESSAGES/gnome-mplayer.mo
mkdir /mnt/sda6/00_new-woof/petbuilds-slacko-32/builds/gnome-mplayer/gnome-mplayer-install/usr/share/locale/hu
mkdir /mnt/sda6/00_new-woof/petbuilds-slacko-32/builds/gnome-mplayer/gnome-mplayer-install/usr/share/locale/hu/LC_MESSAGES
installing hu.gmo as /mnt/sda6/00_new-woof/petbuilds-slacko-32/builds/gnome-mplayer/gnome-mplayer-install/usr/share/locale/hu/LC_MESSAGES/gnome-mplayer.mo
mkdir /mnt/sda6/00_new-woof/petbuilds-slacko-32/builds/gnome-mplayer/gnome-mplayer-install/usr/share/locale/id
mkdir /mnt/sda6/00_new-woof/petbuilds-slacko-32/builds/gnome-mplayer/gnome-mplayer-install/usr/share/locale/id/LC_MESSAGES
installing id.gmo as /mnt/sda6/00_new-woof/petbuilds-slacko-32/builds/gnome-mplayer/gnome-mplayer-install/usr/share/locale/id/LC_MESSAGES/gnome-mplayer.mo
mkdir /mnt/sda6/00_new-woof/petbuilds-slacko-32/builds/gnome-mplayer/gnome-mplayer-install/usr/share/locale/it
mkdir /mnt/sda6/00_new-woof/petbuilds-slacko-32/builds/gnome-mplayer/gnome-mplayer-install/usr/share/locale/it/LC_MESSAGES
installing it.gmo as /mnt/sda6/00_new-woof/petbuilds-slacko-32/builds/gnome-mplayer/gnome-mplayer-install/usr/share/locale/it/LC_MESSAGES/gnome-mplayer.mo
mkdir /mnt/sda6/00_new-woof/petbuilds-slacko-32/builds/gnome-mplayer/gnome-mplayer-install/usr/share/locale/ja
mkdir /mnt/sda6/00_new-woof/petbuilds-slacko-32/builds/gnome-mplayer/gnome-mplayer-install/usr/share/locale/ja/LC_MESSAGES
installing ja.gmo as /mnt/sda6/00_new-woof/petbuilds-slacko-32/builds/gnome-mplayer/gnome-mplayer-install/usr/share/locale/ja/LC_MESSAGES/gnome-mplayer.mo
mkdir /mnt/sda6/00_new-woof/petbuilds-slacko-32/builds/gnome-mplayer/gnome-mplayer-install/usr/share/locale/kk
mkdir /mnt/sda6/00_new-woof/petbuilds-slacko-32/builds/gnome-mplayer/gnome-mplayer-install/usr/share/locale/kk/LC_MESSAGES
installing kk.gmo as /mnt/sda6/00_new-woof/petbuilds-slacko-32/builds/gnome-mplayer/gnome-mplayer-install/usr/share/locale/kk/LC_MESSAGES/gnome-mplayer.mo
mkdir /mnt/sda6/00_new-woof/petbuilds-slacko-32/builds/gnome-mplayer/gnome-mplayer-install/usr/share/locale/ko
mkdir /mnt/sda6/00_new-woof/petbuilds-slacko-32/builds/gnome-mplayer/gnome-mplayer-install/usr/share/locale/ko/LC_MESSAGES
installing ko.gmo as /mnt/sda6/00_new-woof/petbuilds-slacko-32/builds/gnome-mplayer/gnome-mplayer-install/usr/share/locale/ko/LC_MESSAGES/gnome-mplayer.mo
mkdir /mnt/sda6/00_new-woof/petbuilds-slacko-32/builds/gnome-mplayer/gnome-mplayer-install/usr/share/locale/lt
mkdir /mnt/sda6/00_new-woof/petbuilds-slacko-32/builds/gnome-mplayer/gnome-mplayer-install/usr/share/locale/lt/LC_MESSAGES
installing lt.gmo as /mnt/sda6/00_new-woof/petbuilds-slacko-32/builds/gnome-mplayer/gnome-mplayer-install/usr/share/locale/lt/LC_MESSAGES/gnome-mplayer.mo
mkdir /mnt/sda6/00_new-woof/petbuilds-slacko-32/builds/gnome-mplayer/gnome-mplayer-install/usr/share/locale/nl
mkdir /mnt/sda6/00_new-woof/petbuilds-slacko-32/builds/gnome-mplayer/gnome-mplayer-install/usr/share/locale/nl/LC_MESSAGES
installing nl.gmo as /mnt/sda6/00_new-woof/petbuilds-slacko-32/builds/gnome-mplayer/gnome-mplayer-install/usr/share/locale/nl/LC_MESSAGES/gnome-mplayer.mo
mkdir /mnt/sda6/00_new-woof/petbuilds-slacko-32/builds/gnome-mplayer/gnome-mplayer-install/usr/share/locale/pl
mkdir /mnt/sda6/00_new-woof/petbuilds-slacko-32/builds/gnome-mplayer/gnome-mplayer-install/usr/share/locale/pl/LC_MESSAGES
installing pl.gmo as /mnt/sda6/00_new-woof/petbuilds-slacko-32/builds/gnome-mplayer/gnome-mplayer-install/usr/share/locale/pl/LC_MESSAGES/gnome-mplayer.mo
mkdir /mnt/sda6/00_new-woof/petbuilds-slacko-32/builds/gnome-mplayer/gnome-mplayer-install/usr/share/locale/pt
mkdir /mnt/sda6/00_new-woof/petbuilds-slacko-32/builds/gnome-mplayer/gnome-mplayer-install/usr/share/locale/pt/LC_MESSAGES
installing pt.gmo as /mnt/sda6/00_new-woof/petbuilds-slacko-32/builds/gnome-mplayer/gnome-mplayer-install/usr/share/locale/pt/LC_MESSAGES/gnome-mplayer.mo
mkdir /mnt/sda6/00_new-woof/petbuilds-slacko-32/builds/gnome-mplayer/gnome-mplayer-install/usr/share/locale/pt_BR
mkdir /mnt/sda6/00_new-woof/petbuilds-slacko-32/builds/gnome-mplayer/gnome-mplayer-install/usr/share/locale/pt_BR/LC_MESSAGES
installing pt_BR.gmo as /mnt/sda6/00_new-woof/petbuilds-slacko-32/builds/gnome-mplayer/gnome-mplayer-install/usr/share/locale/pt_BR/LC_MESSAGES/gnome-mplayer.mo
mkdir /mnt/sda6/00_new-woof/petbuilds-slacko-32/builds/gnome-mplayer/gnome-mplayer-install/usr/share/locale/ro
mkdir /mnt/sda6/00_new-woof/petbuilds-slacko-32/builds/gnome-mplayer/gnome-mplayer-install/usr/share/locale/ro/LC_MESSAGES
installing ro.gmo as /mnt/sda6/00_new-woof/petbuilds-slacko-32/builds/gnome-mplayer/gnome-mplayer-install/usr/share/locale/ro/LC_MESSAGES/gnome-mplayer.mo
mkdir /mnt/sda6/00_new-woof/petbuilds-slacko-32/builds/gnome-mplayer/gnome-mplayer-install/usr/share/locale/ru
mkdir /mnt/sda6/00_new-woof/petbuilds-slacko-32/builds/gnome-mplayer/gnome-mplayer-install/usr/share/locale/ru/LC_MESSAGES
installing ru.gmo as /mnt/sda6/00_new-woof/petbuilds-slacko-32/builds/gnome-mplayer/gnome-mplayer-install/usr/share/locale/ru/LC_MESSAGES/gnome-mplayer.mo
mkdir /mnt/sda6/00_new-woof/petbuilds-slacko-32/builds/gnome-mplayer/gnome-mplayer-install/usr/share/locale/si
mkdir /mnt/sda6/00_new-woof/petbuilds-slacko-32/builds/gnome-mplayer/gnome-mplayer-install/usr/share/locale/si/LC_MESSAGES
installing si.gmo as /mnt/sda6/00_new-woof/petbuilds-slacko-32/builds/gnome-mplayer/gnome-mplayer-install/usr/share/locale/si/LC_MESSAGES/gnome-mplayer.mo
mkdir /mnt/sda6/00_new-woof/petbuilds-slacko-32/builds/gnome-mplayer/gnome-mplayer-install/usr/share/locale/sr
mkdir /mnt/sda6/00_new-woof/petbuilds-slacko-32/builds/gnome-mplayer/gnome-mplayer-install/usr/share/locale/sr/LC_MESSAGES
installing sr.gmo as /mnt/sda6/00_new-woof/petbuilds-slacko-32/builds/gnome-mplayer/gnome-mplayer-install/usr/share/locale/sr/LC_MESSAGES/gnome-mplayer.mo
mkdir /mnt/sda6/00_new-woof/petbuilds-slacko-32/builds/gnome-mplayer/gnome-mplayer-install/usr/share/locale/sr@latin
mkdir /mnt/sda6/00_new-woof/petbuilds-slacko-32/builds/gnome-mplayer/gnome-mplayer-install/usr/share/locale/sr@latin/LC_MESSAGES
installing sr@latin.gmo as /mnt/sda6/00_new-woof/petbuilds-slacko-32/builds/gnome-mplayer/gnome-mplayer-install/usr/share/locale/sr@latin/LC_MESSAGES/gnome-mplayer.mo
mkdir /mnt/sda6/00_new-woof/petbuilds-slacko-32/builds/gnome-mplayer/gnome-mplayer-install/usr/share/locale/sv
mkdir /mnt/sda6/00_new-woof/petbuilds-slacko-32/builds/gnome-mplayer/gnome-mplayer-install/usr/share/locale/sv/LC_MESSAGES
installing sv.gmo as /mnt/sda6/00_new-woof/petbuilds-slacko-32/builds/gnome-mplayer/gnome-mplayer-install/usr/share/locale/sv/LC_MESSAGES/gnome-mplayer.mo
mkdir /mnt/sda6/00_new-woof/petbuilds-slacko-32/builds/gnome-mplayer/gnome-mplayer-install/usr/share/locale/th
mkdir /mnt/sda6/00_new-woof/petbuilds-slacko-32/builds/gnome-mplayer/gnome-mplayer-install/usr/share/locale/th/LC_MESSAGES
installing th.gmo as /mnt/sda6/00_new-woof/petbuilds-slacko-32/builds/gnome-mplayer/gnome-mplayer-install/usr/share/locale/th/LC_MESSAGES/gnome-mplayer.mo
mkdir /mnt/sda6/00_new-woof/petbuilds-slacko-32/builds/gnome-mplayer/gnome-mplayer-install/usr/share/locale/tr
mkdir /mnt/sda6/00_new-woof/petbuilds-slacko-32/builds/gnome-mplayer/gnome-mplayer-install/usr/share/locale/tr/LC_MESSAGES
installing tr.gmo as /mnt/sda6/00_new-woof/petbuilds-slacko-32/builds/gnome-mplayer/gnome-mplayer-install/usr/share/locale/tr/LC_MESSAGES/gnome-mplayer.mo
mkdir /mnt/sda6/00_new-woof/petbuilds-slacko-32/builds/gnome-mplayer/gnome-mplayer-install/usr/share/locale/ug
mkdir /mnt/sda6/00_new-woof/petbuilds-slacko-32/builds/gnome-mplayer/gnome-mplayer-install/usr/share/locale/ug/LC_MESSAGES
installing ug.gmo as /mnt/sda6/00_new-woof/petbuilds-slacko-32/builds/gnome-mplayer/gnome-mplayer-install/usr/share/locale/ug/LC_MESSAGES/gnome-mplayer.mo
mkdir /mnt/sda6/00_new-woof/petbuilds-slacko-32/builds/gnome-mplayer/gnome-mplayer-install/usr/share/locale/uk
mkdir /mnt/sda6/00_new-woof/petbuilds-slacko-32/builds/gnome-mplayer/gnome-mplayer-install/usr/share/locale/uk/LC_MESSAGES
installing uk.gmo as /mnt/sda6/00_new-woof/petbuilds-slacko-32/builds/gnome-mplayer/gnome-mplayer-install/usr/share/locale/uk/LC_MESSAGES/gnome-mplayer.mo
mkdir /mnt/sda6/00_new-woof/petbuilds-slacko-32/builds/gnome-mplayer/gnome-mplayer-install/usr/share/locale/vi
mkdir /mnt/sda6/00_new-woof/petbuilds-slacko-32/builds/gnome-mplayer/gnome-mplayer-install/usr/share/locale/vi/LC_MESSAGES
installing vi.gmo as /mnt/sda6/00_new-woof/petbuilds-slacko-32/builds/gnome-mplayer/gnome-mplayer-install/usr/share/locale/vi/LC_MESSAGES/gnome-mplayer.mo
mkdir /mnt/sda6/00_new-woof/petbuilds-slacko-32/builds/gnome-mplayer/gnome-mplayer-install/usr/share/locale/zh_CN
mkdir /mnt/sda6/00_new-woof/petbuilds-slacko-32/builds/gnome-mplayer/gnome-mplayer-install/usr/share/locale/zh_CN/LC_MESSAGES
installing zh_CN.gmo as /mnt/sda6/00_new-woof/petbuilds-slacko-32/builds/gnome-mplayer/gnome-mplayer-install/usr/share/locale/zh_CN/LC_MESSAGES/gnome-mplayer.mo
mkdir /mnt/sda6/00_new-woof/petbuilds-slacko-32/builds/gnome-mplayer/gnome-mplayer-install/usr/share/locale/zh_HK
mkdir /mnt/sda6/00_new-woof/petbuilds-slacko-32/builds/gnome-mplayer/gnome-mplayer-install/usr/share/locale/zh_HK/LC_MESSAGES
installing zh_HK.gmo as /mnt/sda6/00_new-woof/petbuilds-slacko-32/builds/gnome-mplayer/gnome-mplayer-install/usr/share/locale/zh_HK/LC_MESSAGES/gnome-mplayer.mo
mkdir /mnt/sda6/00_new-woof/petbuilds-slacko-32/builds/gnome-mplayer/gnome-mplayer-install/usr/share/locale/zh_TW
mkdir /mnt/sda6/00_new-woof/petbuilds-slacko-32/builds/gnome-mplayer/gnome-mplayer-install/usr/share/locale/zh_TW/LC_MESSAGES
installing zh_TW.gmo as /mnt/sda6/00_new-woof/petbuilds-slacko-32/builds/gnome-mplayer/gnome-mplayer-install/usr/share/locale/zh_TW/LC_MESSAGES/gnome-mplayer.mo
if test "gnome-mplayer" = "glib"; then \
  if test -r ".././mkinstalldirs"; then \
    .././mkinstalldirs /mnt/sda6/00_new-woof/petbuilds-slacko-32/builds/gnome-mplayer/gnome-mplayer-install/usr/share/glib-2.0/gettext/po; \
  else \
    /bin/sh ../mkinstalldirs /mnt/sda6/00_new-woof/petbuilds-slacko-32/builds/gnome-mplayer/gnome-mplayer-install/usr/share/glib-2.0/gettext/po; \
  fi; \
  /usr/bin/ginstall -c -m 644 ./Makefile.in.in \
		  /mnt/sda6/00_new-woof/petbuilds-slacko-32/builds/gnome-mplayer/gnome-mplayer-install/usr/share/glib-2.0/gettext/po/Makefile.in.in; \
else \
  : ; \
fi
make[1]: Leaving directory `/mnt/sda6/00_new-woof/petbuilds-slacko-32/builds/gnome-mplayer/gnome-mplayer-1.0.9b/po'
Making install in icons
make[1]: Entering directory `/mnt/sda6/00_new-woof/petbuilds-slacko-32/builds/gnome-mplayer/gnome-mplayer-1.0.9b/icons'
Making install in 16x16
make[2]: Entering directory `/mnt/sda6/00_new-woof/petbuilds-slacko-32/builds/gnome-mplayer/gnome-mplayer-1.0.9b/icons/16x16'
make[3]: Entering directory `/mnt/sda6/00_new-woof/petbuilds-slacko-32/builds/gnome-mplayer/gnome-mplayer-1.0.9b/icons/16x16'
make[3]: Nothing to be done for `install-exec-am'.
 ../.././install-sh -c -d '/mnt/sda6/00_new-woof/petbuilds-slacko-32/builds/gnome-mplayer/gnome-mplayer-install/usr/share/icons/hicolor/16x16/apps'
 /usr/bin/ginstall -c -m 644 gnome-mplayer.png '/mnt/sda6/00_new-woof/petbuilds-slacko-32/builds/gnome-mplayer/gnome-mplayer-install/usr/share/icons/hicolor/16x16/apps'
make[3]: Leaving directory `/mnt/sda6/00_new-woof/petbuilds-slacko-32/builds/gnome-mplayer/gnome-mplayer-1.0.9b/icons/16x16'
make[2]: Leaving directory `/mnt/sda6/00_new-woof/petbuilds-slacko-32/builds/gnome-mplayer/gnome-mplayer-1.0.9b/icons/16x16'
Making install in 22x22
make[2]: Entering directory `/mnt/sda6/00_new-woof/petbuilds-slacko-32/builds/gnome-mplayer/gnome-mplayer-1.0.9b/icons/22x22'
make[3]: Entering directory `/mnt/sda6/00_new-woof/petbuilds-slacko-32/builds/gnome-mplayer/gnome-mplayer-1.0.9b/icons/22x22'
make[3]: Nothing to be done for `install-exec-am'.
 ../.././install-sh -c -d '/mnt/sda6/00_new-woof/petbuilds-slacko-32/builds/gnome-mplayer/gnome-mplayer-install/usr/share/icons/hicolor/22x22/apps'
 /usr/bin/ginstall -c -m 644 gnome-mplayer.png '/mnt/sda6/00_new-woof/petbuilds-slacko-32/builds/gnome-mplayer/gnome-mplayer-install/usr/share/icons/hicolor/22x22/apps'
make[3]: Leaving directory `/mnt/sda6/00_new-woof/petbuilds-slacko-32/builds/gnome-mplayer/gnome-mplayer-1.0.9b/icons/22x22'
make[2]: Leaving directory `/mnt/sda6/00_new-woof/petbuilds-slacko-32/builds/gnome-mplayer/gnome-mplayer-1.0.9b/icons/22x22'
Making install in 24x24
make[2]: Entering directory `/mnt/sda6/00_new-woof/petbuilds-slacko-32/builds/gnome-mplayer/gnome-mplayer-1.0.9b/icons/24x24'
make[3]: Entering directory `/mnt/sda6/00_new-woof/petbuilds-slacko-32/builds/gnome-mplayer/gnome-mplayer-1.0.9b/icons/24x24'
make[3]: Nothing to be done for `install-exec-am'.
 ../.././install-sh -c -d '/mnt/sda6/00_new-woof/petbuilds-slacko-32/builds/gnome-mplayer/gnome-mplayer-install/usr/share/icons/hicolor/24x24/apps'
 /usr/bin/ginstall -c -m 644 gnome-mplayer.png '/mnt/sda6/00_new-woof/petbuilds-slacko-32/builds/gnome-mplayer/gnome-mplayer-install/usr/share/icons/hicolor/24x24/apps'
make[3]: Leaving directory `/mnt/sda6/00_new-woof/petbuilds-slacko-32/builds/gnome-mplayer/gnome-mplayer-1.0.9b/icons/24x24'
make[2]: Leaving directory `/mnt/sda6/00_new-woof/petbuilds-slacko-32/builds/gnome-mplayer/gnome-mplayer-1.0.9b/icons/24x24'
Making install in 32x32
make[2]: Entering directory `/mnt/sda6/00_new-woof/petbuilds-slacko-32/builds/gnome-mplayer/gnome-mplayer-1.0.9b/icons/32x32'
make[3]: Entering directory `/mnt/sda6/00_new-woof/petbuilds-slacko-32/builds/gnome-mplayer/gnome-mplayer-1.0.9b/icons/32x32'
make[3]: Nothing to be done for `install-exec-am'.
 ../.././install-sh -c -d '/mnt/sda6/00_new-woof/petbuilds-slacko-32/builds/gnome-mplayer/gnome-mplayer-install/usr/share/icons/hicolor/32x32/apps'
 /usr/bin/ginstall -c -m 644 gnome-mplayer.png '/mnt/sda6/00_new-woof/petbuilds-slacko-32/builds/gnome-mplayer/gnome-mplayer-install/usr/share/icons/hicolor/32x32/apps'
make[3]: Leaving directory `/mnt/sda6/00_new-woof/petbuilds-slacko-32/builds/gnome-mplayer/gnome-mplayer-1.0.9b/icons/32x32'
make[2]: Leaving directory `/mnt/sda6/00_new-woof/petbuilds-slacko-32/builds/gnome-mplayer/gnome-mplayer-1.0.9b/icons/32x32'
Making install in 48x48
make[2]: Entering directory `/mnt/sda6/00_new-woof/petbuilds-slacko-32/builds/gnome-mplayer/gnome-mplayer-1.0.9b/icons/48x48'
make[3]: Entering directory `/mnt/sda6/00_new-woof/petbuilds-slacko-32/builds/gnome-mplayer/gnome-mplayer-1.0.9b/icons/48x48'
make[3]: Nothing to be done for `install-exec-am'.
 ../.././install-sh -c -d '/mnt/sda6/00_new-woof/petbuilds-slacko-32/builds/gnome-mplayer/gnome-mplayer-install/usr/share/icons/hicolor/48x48/apps'
 /usr/bin/ginstall -c -m 644 gnome-mplayer.png '/mnt/sda6/00_new-woof/petbuilds-slacko-32/builds/gnome-mplayer/gnome-mplayer-install/usr/share/icons/hicolor/48x48/apps'
make[3]: Leaving directory `/mnt/sda6/00_new-woof/petbuilds-slacko-32/builds/gnome-mplayer/gnome-mplayer-1.0.9b/icons/48x48'
make[2]: Leaving directory `/mnt/sda6/00_new-woof/petbuilds-slacko-32/builds/gnome-mplayer/gnome-mplayer-1.0.9b/icons/48x48'
Making install in scalable
make[2]: Entering directory `/mnt/sda6/00_new-woof/petbuilds-slacko-32/builds/gnome-mplayer/gnome-mplayer-1.0.9b/icons/scalable'
make[3]: Entering directory `/mnt/sda6/00_new-woof/petbuilds-slacko-32/builds/gnome-mplayer/gnome-mplayer-1.0.9b/icons/scalable'
make[3]: Nothing to be done for `install-exec-am'.
 ../.././install-sh -c -d '/mnt/sda6/00_new-woof/petbuilds-slacko-32/builds/gnome-mplayer/gnome-mplayer-install/usr/share/icons/hicolor/scalable/apps'
 /usr/bin/ginstall -c -m 644 gnome-mplayer.svg '/mnt/sda6/00_new-woof/petbuilds-slacko-32/builds/gnome-mplayer/gnome-mplayer-install/usr/share/icons/hicolor/scalable/apps'
make[3]: Leaving directory `/mnt/sda6/00_new-woof/petbuilds-slacko-32/builds/gnome-mplayer/gnome-mplayer-1.0.9b/icons/scalable'
make[2]: Leaving directory `/mnt/sda6/00_new-woof/petbuilds-slacko-32/builds/gnome-mplayer/gnome-mplayer-1.0.9b/icons/scalable'
make[2]: Entering directory `/mnt/sda6/00_new-woof/petbuilds-slacko-32/builds/gnome-mplayer/gnome-mplayer-1.0.9b/icons'
make[3]: Entering directory `/mnt/sda6/00_new-woof/petbuilds-slacko-32/builds/gnome-mplayer/gnome-mplayer-1.0.9b/icons'
make[3]: Nothing to be done for `install-exec-am'.
make[3]: Nothing to be done for `install-data-am'.
make[3]: Leaving directory `/mnt/sda6/00_new-woof/petbuilds-slacko-32/builds/gnome-mplayer/gnome-mplayer-1.0.9b/icons'
make[2]: Leaving directory `/mnt/sda6/00_new-woof/petbuilds-slacko-32/builds/gnome-mplayer/gnome-mplayer-1.0.9b/icons'
make[1]: Leaving directory `/mnt/sda6/00_new-woof/petbuilds-slacko-32/builds/gnome-mplayer/gnome-mplayer-1.0.9b/icons'
make[1]: Entering directory `/mnt/sda6/00_new-woof/petbuilds-slacko-32/builds/gnome-mplayer/gnome-mplayer-1.0.9b'
make[2]: Entering directory `/mnt/sda6/00_new-woof/petbuilds-slacko-32/builds/gnome-mplayer/gnome-mplayer-1.0.9b'
make[2]: Nothing to be done for `install-exec-am'.
 ./install-sh -c -d '/mnt/sda6/00_new-woof/petbuilds-slacko-32/builds/gnome-mplayer/gnome-mplayer-install/usr/share/applications'
 /usr/bin/ginstall -c -m 644 gnome-mplayer.desktop '/mnt/sda6/00_new-woof/petbuilds-slacko-32/builds/gnome-mplayer/gnome-mplayer-install/usr/share/applications'
 ./install-sh -c -d '/mnt/sda6/00_new-woof/petbuilds-slacko-32/builds/gnome-mplayer/gnome-mplayer-install/usr/share/doc/gnome-mplayer'
 /usr/bin/ginstall -c -m 644 README COPYING AUTHORS ChangeLog INSTALL NEWS DOCS/keyboard_shortcuts.txt DOCS/tech/dbus.txt DOCS/tech/plugin-interaction.txt '/mnt/sda6/00_new-woof/petbuilds-slacko-32/builds/gnome-mplayer/gnome-mplayer-install/usr/share/doc/gnome-mplayer'
 ./install-sh -c -d '/mnt/sda6/00_new-woof/petbuilds-slacko-32/builds/gnome-mplayer/gnome-mplayer-install/usr/share/man/man1'
 /usr/bin/ginstall -c -m 644 gnome-mplayer.1 '/mnt/sda6/00_new-woof/petbuilds-slacko-32/builds/gnome-mplayer/gnome-mplayer-install/usr/share/man/man1'
 ./install-sh -c -d '/mnt/sda6/00_new-woof/petbuilds-slacko-32/builds/gnome-mplayer/gnome-mplayer-install/usr/share/gnome-control-center/default-apps'
 /usr/bin/ginstall -c -m 644 gnome-mplayer.xml '/mnt/sda6/00_new-woof/petbuilds-slacko-32/builds/gnome-mplayer/gnome-mplayer-install/usr/share/gnome-control-center/default-apps'
if test -n "apps.gnome-mplayer.preferences.gschema.xml apps.gecko-mediaplayer.preferences.gschema.xml apps.gnome-mplayer.preferences.enums.xml"; then \
	test -z "/usr/share/glib-2.0/schemas" || ./install-sh -c -d "/mnt/sda6/00_new-woof/petbuilds-slacko-32/builds/gnome-mplayer/gnome-mplayer-install/usr/share/glib-2.0/schemas"; \
	/usr/bin/ginstall -c -m 644 apps.gnome-mplayer.preferences.gschema.xml apps.gecko-mediaplayer.preferences.gschema.xml apps.gnome-mplayer.preferences.enums.xml "/mnt/sda6/00_new-woof/petbuilds-slacko-32/builds/gnome-mplayer/gnome-mplayer-install/usr/share/glib-2.0/schemas"; \
	test -n "1/mnt/sda6/00_new-woof/petbuilds-slacko-32/builds/gnome-mplayer/gnome-mplayer-install" || glib-compile-schemas /usr/share/glib-2.0/schemas; \
fi
make  install-data-hook
make[3]: Entering directory `/mnt/sda6/00_new-woof/petbuilds-slacko-32/builds/gnome-mplayer/gnome-mplayer-1.0.9b'
make[3]: Leaving directory `/mnt/sda6/00_new-woof/petbuilds-slacko-32/builds/gnome-mplayer/gnome-mplayer-1.0.9b'
make[2]: Leaving directory `/mnt/sda6/00_new-woof/petbuilds-slacko-32/builds/gnome-mplayer/gnome-mplayer-1.0.9b'
make[1]: Leaving directory `/mnt/sda6/00_new-woof/petbuilds-slacko-32/builds/gnome-mplayer/gnome-mplayer-1.0.9b'
/mnt/sda6/00_new-woof/petbuilds-slacko-32/builds/gnome-mplayer
Processing ../gnome-mplayer-install/usr/bin/gnome-mplayer
Processing ../gnome-mplayer-install/usr/share/applications/gnome-mplayer.desktop
Processing ../gnome-mplayer-install/usr/share/doc/gnome-mplayer/AUTHORS
Processing ../gnome-mplayer-install/usr/share/doc/gnome-mplayer/ChangeLog
Processing ../gnome-mplayer-install/usr/share/doc/gnome-mplayer/COPYING
Processing ../gnome-mplayer-install/usr/share/doc/gnome-mplayer/dbus.txt
Processing ../gnome-mplayer-install/usr/share/doc/gnome-mplayer/INSTALL
Processing ../gnome-mplayer-install/usr/share/doc/gnome-mplayer/keyboard_shortcuts.txt
Processing ../gnome-mplayer-install/usr/share/doc/gnome-mplayer/NEWS
Processing ../gnome-mplayer-install/usr/share/doc/gnome-mplayer/plugin-interaction.txt
Processing ../gnome-mplayer-install/usr/share/doc/gnome-mplayer/README
Processing ../gnome-mplayer-install/usr/share/glib-2.0/schemas/apps.gecko-mediaplayer.preferences.gschema.xml
Processing ../gnome-mplayer-install/usr/share/glib-2.0/schemas/apps.gnome-mplayer.preferences.enums.xml
Processing ../gnome-mplayer-install/usr/share/glib-2.0/schemas/apps.gnome-mplayer.preferences.gschema.xml
Processing ../gnome-mplayer-install/usr/share/gnome-control-center/default-apps/gnome-mplayer.xml
Processing ../gnome-mplayer-install/usr/share/icons/hicolor/16x16/apps/gnome-mplayer.png
Processing ../gnome-mplayer-install/usr/share/icons/hicolor/22x22/apps/gnome-mplayer.png
Processing ../gnome-mplayer-install/usr/share/icons/hicolor/24x24/apps/gnome-mplayer.png
Processing ../gnome-mplayer-install/usr/share/icons/hicolor/32x32/apps/gnome-mplayer.png
Processing ../gnome-mplayer-install/usr/share/icons/hicolor/48x48/apps/gnome-mplayer.png
Processing ../gnome-mplayer-install/usr/share/icons/hicolor/scalable/apps/gnome-mplayer.svg
Processing ../gnome-mplayer-install/usr/share/locale/ar/LC_MESSAGES/gnome-mplayer.mo
Processing ../gnome-mplayer-install/usr/share/locale/bg/LC_MESSAGES/gnome-mplayer.mo
Processing ../gnome-mplayer-install/usr/share/locale/ca/LC_MESSAGES/gnome-mplayer.mo
Processing ../gnome-mplayer-install/usr/share/locale/cs/LC_MESSAGES/gnome-mplayer.mo
Processing ../gnome-mplayer-install/usr/share/locale/da/LC_MESSAGES/gnome-mplayer.mo
Processing ../gnome-mplayer-install/usr/share/locale/de/LC_MESSAGES/gnome-mplayer.mo
Processing ../gnome-mplayer-install/usr/share/locale/el/LC_MESSAGES/gnome-mplayer.mo
Processing ../gnome-mplayer-install/usr/share/locale/en_GB/LC_MESSAGES/gnome-mplayer.mo
Processing ../gnome-mplayer-install/usr/share/locale/es/LC_MESSAGES/gnome-mplayer.mo
Processing ../gnome-mplayer-install/usr/share/locale/et/LC_MESSAGES/gnome-mplayer.mo
Processing ../gnome-mplayer-install/usr/share/locale/eu/LC_MESSAGES/gnome-mplayer.mo
Processing ../gnome-mplayer-install/usr/share/locale/fi/LC_MESSAGES/gnome-mplayer.mo
Processing ../gnome-mplayer-install/usr/share/locale/fo/LC_MESSAGES/gnome-mplayer.mo
Processing ../gnome-mplayer-install/usr/share/locale/fr/LC_MESSAGES/gnome-mplayer.mo
Processing ../gnome-mplayer-install/usr/share/locale/fy/LC_MESSAGES/gnome-mplayer.mo
Processing ../gnome-mplayer-install/usr/share/locale/gl/LC_MESSAGES/gnome-mplayer.mo
Processing ../gnome-mplayer-install/usr/share/locale/he/LC_MESSAGES/gnome-mplayer.mo
Processing ../gnome-mplayer-install/usr/share/locale/hr/LC_MESSAGES/gnome-mplayer.mo
Processing ../gnome-mplayer-install/usr/share/locale/hu/LC_MESSAGES/gnome-mplayer.mo
Processing ../gnome-mplayer-install/usr/share/locale/id/LC_MESSAGES/gnome-mplayer.mo
Processing ../gnome-mplayer-install/usr/share/locale/it/LC_MESSAGES/gnome-mplayer.mo
Processing ../gnome-mplayer-install/usr/share/locale/ja/LC_MESSAGES/gnome-mplayer.mo
Processing ../gnome-mplayer-install/usr/share/locale/kk/LC_MESSAGES/gnome-mplayer.mo
Processing ../gnome-mplayer-install/usr/share/locale/ko/LC_MESSAGES/gnome-mplayer.mo
Processing ../gnome-mplayer-install/usr/share/locale/lt/LC_MESSAGES/gnome-mplayer.mo
Processing ../gnome-mplayer-install/usr/share/locale/nl/LC_MESSAGES/gnome-mplayer.mo
Processing ../gnome-mplayer-install/usr/share/locale/pl/LC_MESSAGES/gnome-mplayer.mo
Processing ../gnome-mplayer-install/usr/share/locale/pt_BR/LC_MESSAGES/gnome-mplayer.mo
Processing ../gnome-mplayer-install/usr/share/locale/pt/LC_MESSAGES/gnome-mplayer.mo
Processing ../gnome-mplayer-install/usr/share/locale/ro/LC_MESSAGES/gnome-mplayer.mo
Processing ../gnome-mplayer-install/usr/share/locale/ru/LC_MESSAGES/gnome-mplayer.mo
Processing ../gnome-mplayer-install/usr/share/locale/si/LC_MESSAGES/gnome-mplayer.mo
Processing ../gnome-mplayer-install/usr/share/locale/sr@latin/LC_MESSAGES/gnome-mplayer.mo
Processing ../gnome-mplayer-install/usr/share/locale/sr/LC_MESSAGES/gnome-mplayer.mo
Processing ../gnome-mplayer-install/usr/share/locale/sv/LC_MESSAGES/gnome-mplayer.mo
Processing ../gnome-mplayer-install/usr/share/locale/th/LC_MESSAGES/gnome-mplayer.mo
Processing ../gnome-mplayer-install/usr/share/locale/tr/LC_MESSAGES/gnome-mplayer.mo
Processing ../gnome-mplayer-install/usr/share/locale/ug/LC_MESSAGES/gnome-mplayer.mo
Processing ../gnome-mplayer-install/usr/share/locale/uk/LC_MESSAGES/gnome-mplayer.mo
Processing ../gnome-mplayer-install/usr/share/locale/vi/LC_MESSAGES/gnome-mplayer.mo
Processing ../gnome-mplayer-install/usr/share/locale/zh_CN/LC_MESSAGES/gnome-mplayer.mo
Processing ../gnome-mplayer-install/usr/share/locale/zh_HK/LC_MESSAGES/gnome-mplayer.mo
Processing ../gnome-mplayer-install/usr/share/locale/zh_TW/LC_MESSAGES/gnome-mplayer.mo
Processing ../gnome-mplayer-install/usr/share/man/man1/gnome-mplayer.1
all done
packaging gnome-mplayer-1.0.9b-i686_slk600
packaging gnome-mplayer_DOC-1.0.9b-i686_slk600
packaging gnome-mplayer_NLS-1.0.9b-i686_slk600
done!
