gxmessage-2.12.4/
gxmessage-2.12.4/TODO
gxmessage-2.12.4/gxmessage.c
gxmessage-2.12.4/ChangeLog
gxmessage-2.12.4/po/
gxmessage-2.12.4/po/en_CA.po
gxmessage-2.12.4/po/de.po
gxmessage-2.12.4/po/ChangeLog
gxmessage-2.12.4/po/LINGUAS
gxmessage-2.12.4/po/sk.po
gxmessage-2.12.4/po/POTFILES.in
gxmessage-2.12.4/po/Makefile.in.in
gxmessage-2.12.4/po/en_NZ.po
gxmessage-2.12.4/po/sv.po
gxmessage-2.12.4/po/en_GB.po
gxmessage-2.12.4/po/en_AU.po
gxmessage-2.12.4/configure
gxmessage-2.12.4/Makefile.am
gxmessage-2.12.4/Makefile.in
gxmessage-2.12.4/examples/
gxmessage-2.12.4/examples/nautilus-word-count
gxmessage-2.12.4/examples/gxdialup
gxmessage-2.12.4/examples/gtkrc
gxmessage-2.12.4/examples/gxdict
gxmessage-2.12.4/examples/gxaddress
gxmessage-2.12.4/examples/gxview
gxmessage-2.12.4/examples/gxman
gxmessage-2.12.4/README
gxmessage-2.12.4/INSTALL
gxmessage-2.12.4/COPYING
gxmessage-2.12.4/config.h.in
gxmessage-2.12.4/depcomp
gxmessage-2.12.4/configure.in
gxmessage-2.12.4/aclocal.m4
gxmessage-2.12.4/COPYING.icon
gxmessage-2.12.4/install-sh
gxmessage-2.12.4/gxmessage.png
gxmessage-2.12.4/missing
gxmessage-2.12.4/HACKING
gxmessage-2.12.4/NEWS
gxmessage-2.12.4/doc/
gxmessage-2.12.4/doc/Makefile.am
gxmessage-2.12.4/doc/Makefile.in
gxmessage-2.12.4/doc/gxmessage.texi
gxmessage-2.12.4/doc/texinfo.tex
gxmessage-2.12.4/doc/gxmessage.1
gxmessage-2.12.4/doc/gxmessage.info
gxmessage-2.12.4/doc/fdl.texi
gxmessage-2.12.4/AUTHORS
checking for a BSD-compatible install... /usr/bin/ginstall -c
checking whether build environment is sane... yes
checking for gawk... gawk
checking whether make sets $(MAKE)... yes
checking whether to enable maintainer-specific portions of Makefiles... no
checking for style of include used by make... GNU
checking for gcc... gcc
checking for C compiler default output file name... a.out
checking whether the C compiler works... yes
checking whether we are cross compiling... no
checking for suffix of executables... 
checking for suffix of object files... o
checking whether we are using the GNU C compiler... yes
checking whether gcc accepts -g... yes
checking for gcc option to accept ISO C89... none needed
checking dependency style of gcc... gcc3
checking for library containing strerror... none required
checking for gcc... (cached) gcc
checking whether we are using the GNU C compiler... (cached) yes
checking whether gcc accepts -g... (cached) yes
checking for gcc option to accept ISO C89... (cached) none needed
checking dependency style of gcc... (cached) gcc3
checking for gcc... (cached) gcc
checking whether we are using the GNU C compiler... (cached) yes
checking whether gcc accepts -g... (cached) yes
checking for gcc option to accept ISO C89... (cached) none needed
checking dependency style of gcc... (cached) gcc3
checking how to run the C preprocessor... gcc -E
checking for grep that handles long lines and -e... /bin/grep
checking for egrep... /bin/grep -E
checking for ANSI C header files... yes
checking for sys/types.h... yes
checking for sys/stat.h... yes
checking for stdlib.h... yes
checking for string.h... yes
checking for memory.h... yes
checking for strings.h... yes
checking for inttypes.h... yes
checking for stdint.h... yes
checking for unistd.h... yes
checking locale.h usability... yes
checking locale.h presence... yes
checking for locale.h... yes
checking for LC_MESSAGES... yes
checking libintl.h usability... yes
checking libintl.h presence... yes
checking for libintl.h... yes
checking for ngettext in libc... yes
checking for dgettext in libc... yes
checking for bind_textdomain_codeset... yes
checking for msgfmt... /usr/bin/msgfmt
checking for dcgettext... yes
checking if msgfmt accepts -c... yes
checking for gmsgfmt... /usr/bin/msgfmt
checking for xgettext... /usr/bin/xgettext
checking whether NLS is requested... no
checking for intltool >= 0.40.0... 0.50.2 found
checking for intltool-update... /usr/bin/intltool-update
checking for intltool-merge... /usr/bin/intltool-merge
checking for intltool-extract... /usr/bin/intltool-extract
checking for xgettext... (cached) /usr/bin/xgettext
checking for msgmerge... /usr/bin/msgmerge
checking for msgfmt... (cached) /usr/bin/msgfmt
checking for gmsgfmt... (cached) /usr/bin/msgfmt
checking for perl... /usr/bin/perl
checking for perl >= 5.8.1... 5.18.1
checking for XML::Parser... ok
checking for pkg-config... /usr/bin/pkg-config
checking pkg-config is at least version 0.9.0... yes
checking for PACKAGE... yes
configure: creating ./config.status
config.status: creating doc/Makefile
config.status: creating po/Makefile.in
config.status: creating Makefile
config.status: creating config.h
config.status: executing depfiles commands
config.status: executing default-1 commands
config.status: executing po/stamp-it commands
make  all-recursive
make[1]: Entering directory `/mnt/sda6/00_new-woof/petbuilds-slacko-32/builds/gxmessage/gxmessage-2.12.4'
Making all in doc
make[2]: Entering directory `/mnt/sda6/00_new-woof/petbuilds-slacko-32/builds/gxmessage/gxmessage-2.12.4/doc'
make[3]: Entering directory `/mnt/sda6/00_new-woof/petbuilds-slacko-32/builds/gxmessage/gxmessage-2.12.4/doc'
make[3]: Nothing to be done for `all-am'.
make[3]: Leaving directory `/mnt/sda6/00_new-woof/petbuilds-slacko-32/builds/gxmessage/gxmessage-2.12.4/doc'
make[2]: Leaving directory `/mnt/sda6/00_new-woof/petbuilds-slacko-32/builds/gxmessage/gxmessage-2.12.4/doc'
Making all in po
make[2]: Entering directory `/mnt/sda6/00_new-woof/petbuilds-slacko-32/builds/gxmessage/gxmessage-2.12.4/po'
make[2]: Nothing to be done for `all'.
make[2]: Leaving directory `/mnt/sda6/00_new-woof/petbuilds-slacko-32/builds/gxmessage/gxmessage-2.12.4/po'
make[2]: Entering directory `/mnt/sda6/00_new-woof/petbuilds-slacko-32/builds/gxmessage/gxmessage-2.12.4'
if gcc -DHAVE_CONFIG_H -I. -I. -I.  -DPACKAGE_DATA_DIR=\"/usr/share\" -DPACKAGE_LOCALE_DIR=\"/usr/share/locale\" -pthread -I/usr/include/gtk-2.0 -I/usr/lib/gtk-2.0/include -I/usr/include/atk-1.0 -I/usr/include/cairo -I/usr/include/gdk-pixbuf-2.0 -I/usr/include/pango-1.0 -I/usr/include/glib-2.0 -I/usr/lib/glib-2.0/include -I/usr/include/pixman-1 -I/usr/include/freetype2 -I/usr/include/libpng14 -I/usr/include/libdrm -I/usr/include/harfbuzz     -g -O2 -MT gxmessage.o -MD -MP -MF ".deps/gxmessage.Tpo" -c -o gxmessage.o gxmessage.c; \
then mv -f ".deps/gxmessage.Tpo" ".deps/gxmessage.Po"; else rm -f ".deps/gxmessage.Tpo"; exit 1; fi
gcc  -g -O2   -o gxmessage  gxmessage.o -lgtk-x11-2.0 -lgdk-x11-2.0 -latk-1.0 -lgio-2.0 -lpangoft2-1.0 -lpangocairo-1.0 -lgdk_pixbuf-2.0 -lcairo -lpango-1.0 -lfreetype -lfontconfig -lgobject-2.0 -lglib-2.0   
make[2]: Leaving directory `/mnt/sda6/00_new-woof/petbuilds-slacko-32/builds/gxmessage/gxmessage-2.12.4'
make[1]: Leaving directory `/mnt/sda6/00_new-woof/petbuilds-slacko-32/builds/gxmessage/gxmessage-2.12.4'
Making install in doc
make[1]: Entering directory `/mnt/sda6/00_new-woof/petbuilds-slacko-32/builds/gxmessage/gxmessage-2.12.4/doc'
make[2]: Entering directory `/mnt/sda6/00_new-woof/petbuilds-slacko-32/builds/gxmessage/gxmessage-2.12.4/doc'
make[3]: Entering directory `/mnt/sda6/00_new-woof/petbuilds-slacko-32/builds/gxmessage/gxmessage-2.12.4/doc'
make[3]: Nothing to be done for `install-exec-am'.
test -z "/usr/share/info" || /mnt/sda6/00_new-woof/petbuilds-slacko-32/builds/gxmessage/gxmessage-2.12.4/install-sh -d "/mnt/sda6/00_new-woof/petbuilds-slacko-32/builds/gxmessage/gxmessage-install/usr/share/info"
 /usr/bin/ginstall -c -m 644 './gxmessage.info' '/mnt/sda6/00_new-woof/petbuilds-slacko-32/builds/gxmessage/gxmessage-install/usr/share/info/gxmessage.info'
 install-info --info-dir='/mnt/sda6/00_new-woof/petbuilds-slacko-32/builds/gxmessage/gxmessage-install/usr/share/info' '/mnt/sda6/00_new-woof/petbuilds-slacko-32/builds/gxmessage/gxmessage-install/usr/share/info/gxmessage.info'
test -z "/usr/share/man/man1" || /mnt/sda6/00_new-woof/petbuilds-slacko-32/builds/gxmessage/gxmessage-2.12.4/install-sh -d "/mnt/sda6/00_new-woof/petbuilds-slacko-32/builds/gxmessage/gxmessage-install/usr/share/man/man1"
 /usr/bin/ginstall -c -m 644 'gxmessage.1' '/mnt/sda6/00_new-woof/petbuilds-slacko-32/builds/gxmessage/gxmessage-install/usr/share/man/man1/gxmessage.1'
make[3]: Leaving directory `/mnt/sda6/00_new-woof/petbuilds-slacko-32/builds/gxmessage/gxmessage-2.12.4/doc'
make[2]: Leaving directory `/mnt/sda6/00_new-woof/petbuilds-slacko-32/builds/gxmessage/gxmessage-2.12.4/doc'
make[1]: Leaving directory `/mnt/sda6/00_new-woof/petbuilds-slacko-32/builds/gxmessage/gxmessage-2.12.4/doc'
Making install in po
make[1]: Entering directory `/mnt/sda6/00_new-woof/petbuilds-slacko-32/builds/gxmessage/gxmessage-2.12.4/po'
make[1]: Nothing to be done for `install'.
make[1]: Leaving directory `/mnt/sda6/00_new-woof/petbuilds-slacko-32/builds/gxmessage/gxmessage-2.12.4/po'
make[1]: Entering directory `/mnt/sda6/00_new-woof/petbuilds-slacko-32/builds/gxmessage/gxmessage-2.12.4'
make[2]: Entering directory `/mnt/sda6/00_new-woof/petbuilds-slacko-32/builds/gxmessage/gxmessage-2.12.4'
test -z "/usr/bin" || /mnt/sda6/00_new-woof/petbuilds-slacko-32/builds/gxmessage/gxmessage-2.12.4/install-sh -d "/mnt/sda6/00_new-woof/petbuilds-slacko-32/builds/gxmessage/gxmessage-install/usr/bin"
  /usr/bin/ginstall -c 'gxmessage' '/mnt/sda6/00_new-woof/petbuilds-slacko-32/builds/gxmessage/gxmessage-install/usr/bin/gxmessage'
test -z "/usr/share/icons/hicolor/48x48/apps" || /mnt/sda6/00_new-woof/petbuilds-slacko-32/builds/gxmessage/gxmessage-2.12.4/install-sh -d "/mnt/sda6/00_new-woof/petbuilds-slacko-32/builds/gxmessage/gxmessage-install/usr/share/icons/hicolor/48x48/apps"
 /usr/bin/ginstall -c -m 644 'gxmessage.png' '/mnt/sda6/00_new-woof/petbuilds-slacko-32/builds/gxmessage/gxmessage-install/usr/share/icons/hicolor/48x48/apps/gxmessage.png'
make  install-data-hook
make[3]: Entering directory `/mnt/sda6/00_new-woof/petbuilds-slacko-32/builds/gxmessage/gxmessage-2.12.4'
if test -z "/mnt/sda6/00_new-woof/petbuilds-slacko-32/builds/gxmessage/gxmessage-install"; then \
	echo "Updating Gtk icon cache."; \
	gtk-update-icon-cache -f -t /usr/share/icons/hicolor; \
else \
	echo "*** Icon cache not updated.  After (un)install, run this:"; \
	echo "***   gtk-update-icon-cache -f -t /usr/share/icons/hicolor"; \
fi
*** Icon cache not updated.  After (un)install, run this:
***   gtk-update-icon-cache -f -t /usr/share/icons/hicolor
make[3]: Leaving directory `/mnt/sda6/00_new-woof/petbuilds-slacko-32/builds/gxmessage/gxmessage-2.12.4'
make[2]: Leaving directory `/mnt/sda6/00_new-woof/petbuilds-slacko-32/builds/gxmessage/gxmessage-2.12.4'
make[1]: Leaving directory `/mnt/sda6/00_new-woof/petbuilds-slacko-32/builds/gxmessage/gxmessage-2.12.4'
/mnt/sda6/00_new-woof/petbuilds-slacko-32/builds/gxmessage
Processing ../gxmessage-install/usr/bin/gxmessage
Processing ../gxmessage-install/usr/share/icons/hicolor/48x48/apps/gxmessage.png
Processing ../gxmessage-install/usr/share/info/dir
Processing ../gxmessage-install/usr/share/info/gxmessage.info
Processing ../gxmessage-install/usr/share/man/man1/gxmessage.1
all done
packaging gxmessage-2.12.4-i686_slk600
packaging gxmessage_DOC-2.12.4-i686_slk600
done!
