hardinfo-5.2-i18n/
hardinfo-5.2-i18n/hardinfo.desktop.cmake
hardinfo-5.2-i18n/config.h.cmake
hardinfo-5.2-i18n/LICENSE
hardinfo-5.2-i18n/remote/
hardinfo-5.2-i18n/remote/remote.c
hardinfo-5.2-i18n/remote/xmlrpc-client.c
hardinfo-5.2-i18n/remote/ssh-conn.c
hardinfo-5.2-i18n/remote/xmlrpc-server.c
hardinfo-5.2-i18n/hardinfo/
hardinfo-5.2-i18n/hardinfo/socket.c
hardinfo-5.2-i18n/hardinfo/hardinfo.c
hardinfo-5.2-i18n/hardinfo/binreloc.c
hardinfo-5.2-i18n/hardinfo/util.c
hardinfo-5.2-i18n/hardinfo/expr.c
hardinfo-5.2-i18n/hardinfo/vendor.c
hardinfo-5.2-i18n/help-viewer/
hardinfo-5.2-i18n/help-viewer/help-viewer.c
hardinfo-5.2-i18n/help-viewer/egg-markdown.c
hardinfo-5.2-i18n/help-viewer/markdown-text-view.c
hardinfo-5.2-i18n/benchmark.conf
hardinfo-5.2-i18n/shell/
hardinfo-5.2-i18n/shell/report.c
hardinfo-5.2-i18n/shell/syncmanager.c
hardinfo-5.2-i18n/shell/stock.c
hardinfo-5.2-i18n/shell/shell.c
hardinfo-5.2-i18n/shell/loadgraph.c
hardinfo-5.2-i18n/shell/iconcache.c
hardinfo-5.2-i18n/shell/menu.c
hardinfo-5.2-i18n/shell/callbacks.c
hardinfo-5.2-i18n/doc/
hardinfo-5.2-i18n/doc/index.hlp
hardinfo-5.2-i18n/includes/
hardinfo-5.2-i18n/includes/help-viewer.h
hardinfo-5.2-i18n/includes/test-utils.h
hardinfo-5.2-i18n/includes/shell.h
hardinfo-5.2-i18n/includes/benchmark.h
hardinfo-5.2-i18n/includes/x86/
hardinfo-5.2-i18n/includes/x86/processor-platform.h
hardinfo-5.2-i18n/includes/binreloc.h
hardinfo-5.2-i18n/includes/md5.h
hardinfo-5.2-i18n/includes/stock.h
hardinfo-5.2-i18n/includes/sha1.h
hardinfo-5.2-i18n/includes/x86_64
hardinfo-5.2-i18n/includes/xmlrpc-server.h
hardinfo-5.2-i18n/includes/report.h
hardinfo-5.2-i18n/includes/ppc/
hardinfo-5.2-i18n/includes/ppc/processor-platform.h
hardinfo-5.2-i18n/includes/expr.h
hardinfo-5.2-i18n/includes/hardinfo.h
hardinfo-5.2-i18n/includes/guibench.h
hardinfo-5.2-i18n/includes/fftbench.h
hardinfo-5.2-i18n/includes/ssh-conn.h
hardinfo-5.2-i18n/includes/syncmanager.h
hardinfo-5.2-i18n/includes/sparc/
hardinfo-5.2-i18n/includes/sparc/processor-platform.h
hardinfo-5.2-i18n/includes/menu.h
hardinfo-5.2-i18n/includes/network.h
hardinfo-5.2-i18n/includes/remote.h
hardinfo-5.2-i18n/includes/loadgraph.h
hardinfo-5.2-i18n/includes/iconcache.h
hardinfo-5.2-i18n/includes/arm/
hardinfo-5.2-i18n/includes/arm/processor-platform.h
hardinfo-5.2-i18n/includes/alpha/
hardinfo-5.2-i18n/includes/alpha/processor-platform.h
hardinfo-5.2-i18n/includes/markdown-text-view.h
hardinfo-5.2-i18n/includes/socket.h
hardinfo-5.2-i18n/includes/s390/
hardinfo-5.2-i18n/includes/s390/processor-platform.h
hardinfo-5.2-i18n/includes/nqueens.h
hardinfo-5.2-i18n/includes/sh/
hardinfo-5.2-i18n/includes/sh/processor-platform.h
hardinfo-5.2-i18n/includes/egg-markdown.h
hardinfo-5.2-i18n/includes/ia64/
hardinfo-5.2-i18n/includes/ia64/processor-platform.h
hardinfo-5.2-i18n/includes/computer.h
hardinfo-5.2-i18n/includes/uidefs.h
hardinfo-5.2-i18n/includes/parisc/
hardinfo-5.2-i18n/includes/parisc/processor-platform.h
hardinfo-5.2-i18n/includes/devices.h
hardinfo-5.2-i18n/includes/xmlrpc-client.h
hardinfo-5.2-i18n/includes/callbacks.h
hardinfo-5.2-i18n/includes/m68k/
hardinfo-5.2-i18n/includes/m68k/processor-platform.h
hardinfo-5.2-i18n/includes/vendor.h
hardinfo-5.2-i18n/includes/mips/
hardinfo-5.2-i18n/includes/mips/processor-platform.h
hardinfo-5.2-i18n/includes/blowfish.h
hardinfo-5.2-i18n/.gitignore
hardinfo-5.2-i18n/README
hardinfo-5.2-i18n/CMakeLists.txt
hardinfo-5.2-i18n/cmake/
hardinfo-5.2-i18n/cmake/GNUInstallDirs.cmake
hardinfo-5.2-i18n/benchmark.data
hardinfo-5.2-i18n/modules/
hardinfo-5.2-i18n/modules/computer/
hardinfo-5.2-i18n/modules/computer/memory.c
hardinfo-5.2-i18n/modules/computer/uptime.c
hardinfo-5.2-i18n/modules/computer/alsa.c
hardinfo-5.2-i18n/modules/computer/loadavg.c
hardinfo-5.2-i18n/modules/computer/display.c
hardinfo-5.2-i18n/modules/computer/users.c
hardinfo-5.2-i18n/modules/computer/groups.c
hardinfo-5.2-i18n/modules/computer/boots.c
hardinfo-5.2-i18n/modules/computer/os.c
hardinfo-5.2-i18n/modules/computer/languages.c
hardinfo-5.2-i18n/modules/computer/modules.c
hardinfo-5.2-i18n/modules/computer/filesystem.c
hardinfo-5.2-i18n/modules/computer/environment.c
hardinfo-5.2-i18n/modules/network/
hardinfo-5.2-i18n/modules/network/nfs.c
hardinfo-5.2-i18n/modules/network/net.c
hardinfo-5.2-i18n/modules/network/samba.c
hardinfo-5.2-i18n/modules/benchmark/
hardinfo-5.2-i18n/modules/benchmark/guibench.c
hardinfo-5.2-i18n/modules/benchmark/fft.c
hardinfo-5.2-i18n/modules/benchmark/blowfish.c
hardinfo-5.2-i18n/modules/benchmark/fbench.c
hardinfo-5.2-i18n/modules/benchmark/cryptohash.c
hardinfo-5.2-i18n/modules/benchmark/sha1.c
hardinfo-5.2-i18n/modules/benchmark/fftbench.c
hardinfo-5.2-i18n/modules/benchmark/md5.c
hardinfo-5.2-i18n/modules/benchmark/raytrace.c
hardinfo-5.2-i18n/modules/benchmark/drawing.c
hardinfo-5.2-i18n/modules/benchmark/fib.c
hardinfo-5.2-i18n/modules/benchmark/nqueens.c
hardinfo-5.2-i18n/modules/computer.c
hardinfo-5.2-i18n/modules/benchmark.c
hardinfo-5.2-i18n/modules/network.c
hardinfo-5.2-i18n/modules/devices.c
hardinfo-5.2-i18n/modules/devices/
hardinfo-5.2-i18n/modules/devices/x86/
hardinfo-5.2-i18n/modules/devices/x86/processor.c
hardinfo-5.2-i18n/modules/devices/x86/processor.c.rej
hardinfo-5.2-i18n/modules/devices/x86_64
hardinfo-5.2-i18n/modules/devices/ppc/
hardinfo-5.2-i18n/modules/devices/ppc/processor.c
hardinfo-5.2-i18n/modules/devices/sparc/
hardinfo-5.2-i18n/modules/devices/sparc/processor.c
hardinfo-5.2-i18n/modules/devices/spd-decode.c
hardinfo-5.2-i18n/modules/devices/arm/
hardinfo-5.2-i18n/modules/devices/arm/processor.c
hardinfo-5.2-i18n/modules/devices/inputdevices.c
hardinfo-5.2-i18n/modules/devices/usb.c
hardinfo-5.2-i18n/modules/devices/alpha/
hardinfo-5.2-i18n/modules/devices/alpha/processor.c
hardinfo-5.2-i18n/modules/devices/s390/
hardinfo-5.2-i18n/modules/devices/s390/processor.c
hardinfo-5.2-i18n/modules/devices/pci.c
hardinfo-5.2-i18n/modules/devices/dmi.c
hardinfo-5.2-i18n/modules/devices/sh/
hardinfo-5.2-i18n/modules/devices/sh/processor.c
hardinfo-5.2-i18n/modules/devices/ia64/
hardinfo-5.2-i18n/modules/devices/ia64/processor.c
hardinfo-5.2-i18n/modules/devices/printers.c
hardinfo-5.2-i18n/modules/devices/resources.c
hardinfo-5.2-i18n/modules/devices/devmemory.c
hardinfo-5.2-i18n/modules/devices/parisc/
hardinfo-5.2-i18n/modules/devices/parisc/processor.c
hardinfo-5.2-i18n/modules/devices/m68k/
hardinfo-5.2-i18n/modules/devices/m68k/processor.c
hardinfo-5.2-i18n/modules/devices/battery.c
hardinfo-5.2-i18n/modules/devices/sensors.c
hardinfo-5.2-i18n/modules/devices/storage.c
hardinfo-5.2-i18n/modules/devices/mips/
hardinfo-5.2-i18n/modules/devices/mips/processor.c
hardinfo-5.2-i18n/TODO
hardinfo-5.2-i18n/po/
hardinfo-5.2-i18n/po/build_pot.sh
hardinfo-5.2-i18n/po/missing
hardinfo-5.2-i18n/po/ru.po
hardinfo-5.2-i18n/po/hardinfo.pot
hardinfo-5.2-i18n/po/POTFILES.in
hardinfo-5.2-i18n/pixmaps/
hardinfo-5.2-i18n/pixmaps/usbfldisk.png
hardinfo-5.2-i18n/pixmaps/battery.png
hardinfo-5.2-i18n/pixmaps/benchmark.png
hardinfo-5.2-i18n/pixmaps/cdrom.png
hardinfo-5.2-i18n/pixmaps/modem.png
hardinfo-5.2-i18n/pixmaps/dialog-error.png
hardinfo-5.2-i18n/pixmaps/bluetooth.png
hardinfo-5.2-i18n/pixmaps/devices.png
hardinfo-5.2-i18n/pixmaps/printer.png
hardinfo-5.2-i18n/pixmaps/hdd.png
hardinfo-5.2-i18n/pixmaps/raytrace.png
hardinfo-5.2-i18n/pixmaps/internet.png
hardinfo-5.2-i18n/pixmaps/server.png
hardinfo-5.2-i18n/pixmaps/dialog-warning.png
hardinfo-5.2-i18n/pixmaps/compress.png
hardinfo-5.2-i18n/pixmaps/wireless.png
hardinfo-5.2-i18n/pixmaps/nqueens.png
hardinfo-5.2-i18n/pixmaps/summary.png
hardinfo-5.2-i18n/pixmaps/face-grin.png
hardinfo-5.2-i18n/pixmaps/dns.png
hardinfo-5.2-i18n/pixmaps/language.png
hardinfo-5.2-i18n/pixmaps/close.png
hardinfo-5.2-i18n/pixmaps/syncmanager.png
hardinfo-5.2-i18n/pixmaps/logo.png
hardinfo-5.2-i18n/pixmaps/audio.png
hardinfo-5.2-i18n/pixmaps/processor.png
hardinfo-5.2-i18n/pixmaps/about-modules.png
hardinfo-5.2-i18n/pixmaps/logo.xcf
hardinfo-5.2-i18n/pixmaps/dev_removable.png
hardinfo-5.2-i18n/pixmaps/blowfish.png
hardinfo-5.2-i18n/pixmaps/cryptohash.png
hardinfo-5.2-i18n/pixmaps/monitor.png
hardinfo-5.2-i18n/pixmaps/home.png
hardinfo-5.2-i18n/pixmaps/network-connections.png
hardinfo-5.2-i18n/pixmaps/dialog-information.png
hardinfo-5.2-i18n/pixmaps/network.png
hardinfo-5.2-i18n/pixmaps/inputdevices.png
hardinfo-5.2-i18n/pixmaps/memory.png
hardinfo-5.2-i18n/pixmaps/fft.png
hardinfo-5.2-i18n/pixmaps/mouse.png
hardinfo-5.2-i18n/pixmaps/therm.png
hardinfo-5.2-i18n/pixmaps/environment.png
hardinfo-5.2-i18n/pixmaps/network-interface.png
hardinfo-5.2-i18n/pixmaps/report.png
hardinfo-5.2-i18n/pixmaps/nautilus.png
hardinfo-5.2-i18n/pixmaps/network-statistics.png
hardinfo-5.2-i18n/pixmaps/boot.png
hardinfo-5.2-i18n/pixmaps/os.png
hardinfo-5.2-i18n/pixmaps/syncmanager-small.png
hardinfo-5.2-i18n/pixmaps/server-large.png
hardinfo-5.2-i18n/pixmaps/report-large.png
hardinfo-5.2-i18n/pixmaps/shares.png
hardinfo-5.2-i18n/pixmaps/devel.png
hardinfo-5.2-i18n/pixmaps/joystick.png
hardinfo-5.2-i18n/pixmaps/pcmcia.png
hardinfo-5.2-i18n/pixmaps/users.png
hardinfo-5.2-i18n/pixmaps/keyboard.png
hardinfo-5.2-i18n/pixmaps/computer.png
hardinfo-5.2-i18n/pixmaps/module.png
hardinfo-5.2-i18n/pixmaps/resources.png
hardinfo-5.2-i18n/pixmaps/usb.png
-- The C compiler identification is GNU 4.8.2
-- The CXX compiler identification is GNU 4.8.2
-- Check for working C compiler: /usr/bin/cc
-- Check for working C compiler: /usr/bin/cc -- works
-- Detecting C compiler ABI info
-- Detecting C compiler ABI info - done
-- Check for working CXX compiler: /usr/bin/c++
-- Check for working CXX compiler: /usr/bin/c++ -- works
-- Detecting CXX compiler ABI info
-- Detecting CXX compiler ABI info - done
-- Building HardInfo for architecture: linux-x86
-- Found PkgConfig: /usr/bin/pkg-config (found version "0.25") 
-- checking for modules 'gtk+-2.0>=2.10;glib-2.0>=2.10;gthread-2.0>=2.10;gmodule-export-2.0>=2.10'
--   found gtk+-2.0, version 2.24.20
--   found glib-2.0, version 2.36.4
--   found gthread-2.0, version 2.36.4
--   found gmodule-export-2.0, version 2.36.4
-- checking for module 'libsoup-2.4>=2.24'
--   package 'libsoup-2.4>=2.24' not found
-- Configuring done
-- Generating done
-- Build files have been written to: /mnt/sda6/00_new-woof/petbuilds-slacko-32/builds/hardinfo/hardinfo-5.2-i18n/build
Scanning dependencies of target benchmark
[  1%] Building C object CMakeFiles/benchmark.dir/modules/benchmark.c.o
/mnt/sda6/00_new-woof/petbuilds-slacko-32/builds/hardinfo/hardinfo-5.2-i18n/modules/benchmark.c: In function ‘benchmark_parallel_for’:
/mnt/sda6/00_new-woof/petbuilds-slacko-32/builds/hardinfo/hardinfo-5.2-i18n/modules/benchmark.c:134:9: warning: ‘g_thread_create’ is deprecated (declared at /usr/include/glib-2.0/glib/deprecated/gthread.h:100): Use 'g_thread_new' instead [-Wdeprecated-declarations]
         thread = g_thread_create((GThreadFunc) benchmark_parallel_for_dispatcher,
         ^
[  3%] Building C object CMakeFiles/benchmark.dir/modules/benchmark/blowfish.c.o
[  4%] Building C object CMakeFiles/benchmark.dir/modules/benchmark/cryptohash.c.o
[  6%] Building C object CMakeFiles/benchmark.dir/modules/benchmark/drawing.c.o
[  7%] Building C object CMakeFiles/benchmark.dir/modules/benchmark/fbench.c.o
[  9%] Building C object CMakeFiles/benchmark.dir/modules/benchmark/fftbench.c.o
[ 10%] Building C object CMakeFiles/benchmark.dir/modules/benchmark/fft.c.o
[ 12%] Building C object CMakeFiles/benchmark.dir/modules/benchmark/fib.c.o
[ 13%] Building C object CMakeFiles/benchmark.dir/modules/benchmark/guibench.c.o
[ 15%] Building C object CMakeFiles/benchmark.dir/modules/benchmark/md5.c.o
[ 16%] Building C object CMakeFiles/benchmark.dir/modules/benchmark/nqueens.c.o
[ 18%] Building C object CMakeFiles/benchmark.dir/modules/benchmark/raytrace.c.o
[ 20%] Building C object CMakeFiles/benchmark.dir/modules/benchmark/sha1.c.o
Linking C shared module benchmark.so
[ 20%] Built target benchmark
Scanning dependencies of target computer
[ 21%] Building C object CMakeFiles/computer.dir/modules/computer.c.o
[ 23%] Building C object CMakeFiles/computer.dir/modules/computer/alsa.c.o
[ 24%] Building C object CMakeFiles/computer.dir/modules/computer/boots.c.o
[ 26%] Building C object CMakeFiles/computer.dir/modules/computer/display.c.o
[ 27%] Building C object CMakeFiles/computer.dir/modules/computer/environment.c.o
[ 29%] Building C object CMakeFiles/computer.dir/modules/computer/filesystem.c.o
[ 30%] Building C object CMakeFiles/computer.dir/modules/computer/languages.c.o
[ 32%] Building C object CMakeFiles/computer.dir/modules/computer/loadavg.c.o
[ 33%] Building C object CMakeFiles/computer.dir/modules/computer/memory.c.o
[ 35%] Building C object CMakeFiles/computer.dir/modules/computer/modules.c.o
[ 36%] Building C object CMakeFiles/computer.dir/modules/computer/os.c.o
[ 38%] Building C object CMakeFiles/computer.dir/modules/computer/uptime.c.o
[ 40%] Building C object CMakeFiles/computer.dir/modules/computer/users.c.o
[ 41%] Building C object CMakeFiles/computer.dir/modules/computer/groups.c.o
Linking C shared module computer.so
[ 41%] Built target computer
Scanning dependencies of target devices
[ 43%] Building C object CMakeFiles/devices.dir/modules/devices.c.o
[ 44%] Building C object CMakeFiles/devices.dir/modules/devices/x86/processor.c.o
[ 46%] Building C object CMakeFiles/devices.dir/modules/devices/battery.c.o
[ 47%] Building C object CMakeFiles/devices.dir/modules/devices/devmemory.c.o
[ 49%] Building C object CMakeFiles/devices.dir/modules/devices/dmi.c.o
[ 50%] Building C object CMakeFiles/devices.dir/modules/devices/inputdevices.c.o
[ 52%] Building C object CMakeFiles/devices.dir/modules/devices/pci.c.o
[ 53%] Building C object CMakeFiles/devices.dir/modules/devices/printers.c.o
[ 55%] Building C object CMakeFiles/devices.dir/modules/devices/resources.c.o
[ 56%] Building C object CMakeFiles/devices.dir/modules/devices/sensors.c.o
[ 58%] Building C object CMakeFiles/devices.dir/modules/devices/spd-decode.c.o
[ 60%] Building C object CMakeFiles/devices.dir/modules/devices/storage.c.o
[ 61%] Building C object CMakeFiles/devices.dir/modules/devices/usb.c.o
Linking C shared module devices.so
[ 61%] Built target devices
Scanning dependencies of target hardinfo-remote
[ 63%] Building C object CMakeFiles/hardinfo-remote.dir/remote/remote.c.o
[ 64%] Building C object CMakeFiles/hardinfo-remote.dir/remote/ssh-conn.c.o
[ 66%] Building C object CMakeFiles/hardinfo-remote.dir/remote/xmlrpc-client.c.o
[ 67%] Building C object CMakeFiles/hardinfo-remote.dir/remote/xmlrpc-server.c.o
Linking C static library libhardinfo-remote.a
[ 67%] Built target hardinfo-remote
Scanning dependencies of target hardinfo-help-viewer
[ 69%] Building C object CMakeFiles/hardinfo-help-viewer.dir/help-viewer/egg-markdown.c.o
[ 70%] Building C object CMakeFiles/hardinfo-help-viewer.dir/help-viewer/help-viewer.c.o
[ 72%] Building C object CMakeFiles/hardinfo-help-viewer.dir/help-viewer/markdown-text-view.c.o
Linking C static library libhardinfo-help-viewer.a
[ 72%] Built target hardinfo-help-viewer
Scanning dependencies of target hardinfo-shell
[ 73%] Building C object CMakeFiles/hardinfo-shell.dir/shell/callbacks.c.o
/mnt/sda6/00_new-woof/petbuilds-slacko-32/builds/hardinfo/hardinfo-5.2-i18n/shell/callbacks.c: In function ‘cb_open_online_docs’:
/mnt/sda6/00_new-woof/petbuilds-slacko-32/builds/hardinfo/hardinfo-5.2-i18n/shell/callbacks.c:192:15: warning: assignment makes pointer from integer without a cast [enabled by default]
         lang2 = strtok(lang2, "_"); /* ex: pt */
               ^
/mnt/sda6/00_new-woof/petbuilds-slacko-32/builds/hardinfo/hardinfo-5.2-i18n/shell/callbacks.c:195:19: warning: assignment makes pointer from integer without a cast [enabled by default]
             lang1 = strtok(lang, "."); /* ex: pt_BR */
                   ^
[ 75%] Building C object CMakeFiles/hardinfo-shell.dir/shell/iconcache.c.o
[ 76%] Building C object CMakeFiles/hardinfo-shell.dir/shell/loadgraph.c.o
[ 78%] Building C object CMakeFiles/hardinfo-shell.dir/shell/menu.c.o
[ 80%] Building C object CMakeFiles/hardinfo-shell.dir/shell/report.c.o
[ 81%] Building C object CMakeFiles/hardinfo-shell.dir/shell/shell.c.o
[ 83%] Building C object CMakeFiles/hardinfo-shell.dir/shell/stock.c.o
[ 84%] Building C object CMakeFiles/hardinfo-shell.dir/shell/syncmanager.c.o
Linking C static library libhardinfo-shell.a
[ 84%] Built target hardinfo-shell
Scanning dependencies of target hardinfo
[ 86%] Building C object CMakeFiles/hardinfo.dir/hardinfo/binreloc.c.o
[ 87%] Building C object CMakeFiles/hardinfo.dir/hardinfo/expr.c.o
[ 89%] Building C object CMakeFiles/hardinfo.dir/hardinfo/hardinfo.c.o
/mnt/sda6/00_new-woof/petbuilds-slacko-32/builds/hardinfo/hardinfo-5.2-i18n/hardinfo/hardinfo.c: In function ‘main’:
/mnt/sda6/00_new-woof/petbuilds-slacko-32/builds/hardinfo/hardinfo-5.2-i18n/hardinfo/hardinfo.c:45:2: warning: ‘g_thread_init’ is deprecated (declared at /usr/include/glib-2.0/glib/deprecated/gthread.h:260) [-Wdeprecated-declarations]
  g_thread_init(NULL);
  ^
/mnt/sda6/00_new-woof/petbuilds-slacko-32/builds/hardinfo/hardinfo-5.2-i18n/hardinfo/hardinfo.c:126:9: warning: ‘g_type_init’ is deprecated (declared at /usr/include/glib-2.0/gobject/gtype.h:669) [-Wdeprecated-declarations]
         g_type_init();
         ^
[ 90%] Building C object CMakeFiles/hardinfo.dir/hardinfo/socket.c.o
[ 92%] Building C object CMakeFiles/hardinfo.dir/hardinfo/util.c.o
/mnt/sda6/00_new-woof/petbuilds-slacko-32/builds/hardinfo/hardinfo-5.2-i18n/hardinfo/util.c: In function ‘module_unload’:
/mnt/sda6/00_new-woof/petbuilds-slacko-32/builds/hardinfo/hardinfo-5.2-i18n/hardinfo/util.c:612:5: warning: ‘gdk_pixbuf_unref’ is deprecated (declared at /usr/include/gdk-pixbuf-2.0/gdk-pixbuf/gdk-pixbuf-core.h:243): Use 'g_object_unref' instead [-Wdeprecated-declarations]
     gdk_pixbuf_unref(module->icon);
     ^
[ 93%] Building C object CMakeFiles/hardinfo.dir/hardinfo/vendor.c.o
Linking C executable hardinfo
[ 93%] Built target hardinfo
Scanning dependencies of target network
[ 95%] Building C object CMakeFiles/network.dir/modules/network.c.o
[ 96%] Building C object CMakeFiles/network.dir/modules/network/net.c.o
[ 98%] Building C object CMakeFiles/network.dir/modules/network/nfs.c.o
[100%] Building C object CMakeFiles/network.dir/modules/network/samba.c.o
Linking C shared module network.so
[100%] Built target network
[ 20%] Built target benchmark
[ 41%] Built target computer
[ 61%] Built target devices
[ 67%] Built target hardinfo-remote
[ 72%] Built target hardinfo-help-viewer
[ 84%] Built target hardinfo-shell
[ 93%] Built target hardinfo
[100%] Built target network
Install the project...
-- Install configuration: ""
-- Installing: /mnt/sda6/00_new-woof/petbuilds-slacko-32/builds/hardinfo/hardinfo-install/usr/bin/hardinfo
-- Installing: /mnt/sda6/00_new-woof/petbuilds-slacko-32/builds/hardinfo/hardinfo-install/usr/lib/hardinfo/modules/computer.so
-- Installing: /mnt/sda6/00_new-woof/petbuilds-slacko-32/builds/hardinfo/hardinfo-install/usr/lib/hardinfo/modules/devices.so
-- Installing: /mnt/sda6/00_new-woof/petbuilds-slacko-32/builds/hardinfo/hardinfo-install/usr/lib/hardinfo/modules/benchmark.so
-- Installing: /mnt/sda6/00_new-woof/petbuilds-slacko-32/builds/hardinfo/hardinfo-install/usr/lib/hardinfo/modules/network.so
-- Installing: /mnt/sda6/00_new-woof/petbuilds-slacko-32/builds/hardinfo/hardinfo-install/usr/share/applications/hardinfo.desktop
-- Installing: /mnt/sda6/00_new-woof/petbuilds-slacko-32/builds/hardinfo/hardinfo-install/usr/share/hardinfo/benchmark.conf
-- Installing: /mnt/sda6/00_new-woof/petbuilds-slacko-32/builds/hardinfo/hardinfo-install/usr/share/hardinfo/benchmark.data
-- Installing: /mnt/sda6/00_new-woof/petbuilds-slacko-32/builds/hardinfo/hardinfo-install/usr/share/hardinfo/pixmaps
-- Installing: /mnt/sda6/00_new-woof/petbuilds-slacko-32/builds/hardinfo/hardinfo-install/usr/share/hardinfo/pixmaps/usbfldisk.png
-- Installing: /mnt/sda6/00_new-woof/petbuilds-slacko-32/builds/hardinfo/hardinfo-install/usr/share/hardinfo/pixmaps/battery.png
-- Installing: /mnt/sda6/00_new-woof/petbuilds-slacko-32/builds/hardinfo/hardinfo-install/usr/share/hardinfo/pixmaps/benchmark.png
-- Installing: /mnt/sda6/00_new-woof/petbuilds-slacko-32/builds/hardinfo/hardinfo-install/usr/share/hardinfo/pixmaps/cdrom.png
-- Installing: /mnt/sda6/00_new-woof/petbuilds-slacko-32/builds/hardinfo/hardinfo-install/usr/share/hardinfo/pixmaps/modem.png
-- Installing: /mnt/sda6/00_new-woof/petbuilds-slacko-32/builds/hardinfo/hardinfo-install/usr/share/hardinfo/pixmaps/dialog-error.png
-- Installing: /mnt/sda6/00_new-woof/petbuilds-slacko-32/builds/hardinfo/hardinfo-install/usr/share/hardinfo/pixmaps/bluetooth.png
-- Installing: /mnt/sda6/00_new-woof/petbuilds-slacko-32/builds/hardinfo/hardinfo-install/usr/share/hardinfo/pixmaps/devices.png
-- Installing: /mnt/sda6/00_new-woof/petbuilds-slacko-32/builds/hardinfo/hardinfo-install/usr/share/hardinfo/pixmaps/printer.png
-- Installing: /mnt/sda6/00_new-woof/petbuilds-slacko-32/builds/hardinfo/hardinfo-install/usr/share/hardinfo/pixmaps/hdd.png
-- Installing: /mnt/sda6/00_new-woof/petbuilds-slacko-32/builds/hardinfo/hardinfo-install/usr/share/hardinfo/pixmaps/raytrace.png
-- Installing: /mnt/sda6/00_new-woof/petbuilds-slacko-32/builds/hardinfo/hardinfo-install/usr/share/hardinfo/pixmaps/internet.png
-- Installing: /mnt/sda6/00_new-woof/petbuilds-slacko-32/builds/hardinfo/hardinfo-install/usr/share/hardinfo/pixmaps/server.png
-- Installing: /mnt/sda6/00_new-woof/petbuilds-slacko-32/builds/hardinfo/hardinfo-install/usr/share/hardinfo/pixmaps/dialog-warning.png
-- Installing: /mnt/sda6/00_new-woof/petbuilds-slacko-32/builds/hardinfo/hardinfo-install/usr/share/hardinfo/pixmaps/compress.png
-- Installing: /mnt/sda6/00_new-woof/petbuilds-slacko-32/builds/hardinfo/hardinfo-install/usr/share/hardinfo/pixmaps/wireless.png
-- Installing: /mnt/sda6/00_new-woof/petbuilds-slacko-32/builds/hardinfo/hardinfo-install/usr/share/hardinfo/pixmaps/nqueens.png
-- Installing: /mnt/sda6/00_new-woof/petbuilds-slacko-32/builds/hardinfo/hardinfo-install/usr/share/hardinfo/pixmaps/summary.png
-- Installing: /mnt/sda6/00_new-woof/petbuilds-slacko-32/builds/hardinfo/hardinfo-install/usr/share/hardinfo/pixmaps/face-grin.png
-- Installing: /mnt/sda6/00_new-woof/petbuilds-slacko-32/builds/hardinfo/hardinfo-install/usr/share/hardinfo/pixmaps/dns.png
-- Installing: /mnt/sda6/00_new-woof/petbuilds-slacko-32/builds/hardinfo/hardinfo-install/usr/share/hardinfo/pixmaps/language.png
-- Installing: /mnt/sda6/00_new-woof/petbuilds-slacko-32/builds/hardinfo/hardinfo-install/usr/share/hardinfo/pixmaps/close.png
-- Installing: /mnt/sda6/00_new-woof/petbuilds-slacko-32/builds/hardinfo/hardinfo-install/usr/share/hardinfo/pixmaps/syncmanager.png
-- Installing: /mnt/sda6/00_new-woof/petbuilds-slacko-32/builds/hardinfo/hardinfo-install/usr/share/hardinfo/pixmaps/logo.png
-- Installing: /mnt/sda6/00_new-woof/petbuilds-slacko-32/builds/hardinfo/hardinfo-install/usr/share/hardinfo/pixmaps/audio.png
-- Installing: /mnt/sda6/00_new-woof/petbuilds-slacko-32/builds/hardinfo/hardinfo-install/usr/share/hardinfo/pixmaps/processor.png
-- Installing: /mnt/sda6/00_new-woof/petbuilds-slacko-32/builds/hardinfo/hardinfo-install/usr/share/hardinfo/pixmaps/about-modules.png
-- Installing: /mnt/sda6/00_new-woof/petbuilds-slacko-32/builds/hardinfo/hardinfo-install/usr/share/hardinfo/pixmaps/logo.xcf
-- Installing: /mnt/sda6/00_new-woof/petbuilds-slacko-32/builds/hardinfo/hardinfo-install/usr/share/hardinfo/pixmaps/dev_removable.png
-- Installing: /mnt/sda6/00_new-woof/petbuilds-slacko-32/builds/hardinfo/hardinfo-install/usr/share/hardinfo/pixmaps/blowfish.png
-- Installing: /mnt/sda6/00_new-woof/petbuilds-slacko-32/builds/hardinfo/hardinfo-install/usr/share/hardinfo/pixmaps/cryptohash.png
-- Installing: /mnt/sda6/00_new-woof/petbuilds-slacko-32/builds/hardinfo/hardinfo-install/usr/share/hardinfo/pixmaps/monitor.png
-- Installing: /mnt/sda6/00_new-woof/petbuilds-slacko-32/builds/hardinfo/hardinfo-install/usr/share/hardinfo/pixmaps/home.png
-- Installing: /mnt/sda6/00_new-woof/petbuilds-slacko-32/builds/hardinfo/hardinfo-install/usr/share/hardinfo/pixmaps/network-connections.png
-- Installing: /mnt/sda6/00_new-woof/petbuilds-slacko-32/builds/hardinfo/hardinfo-install/usr/share/hardinfo/pixmaps/dialog-information.png
-- Installing: /mnt/sda6/00_new-woof/petbuilds-slacko-32/builds/hardinfo/hardinfo-install/usr/share/hardinfo/pixmaps/network.png
-- Installing: /mnt/sda6/00_new-woof/petbuilds-slacko-32/builds/hardinfo/hardinfo-install/usr/share/hardinfo/pixmaps/inputdevices.png
-- Installing: /mnt/sda6/00_new-woof/petbuilds-slacko-32/builds/hardinfo/hardinfo-install/usr/share/hardinfo/pixmaps/memory.png
-- Installing: /mnt/sda6/00_new-woof/petbuilds-slacko-32/builds/hardinfo/hardinfo-install/usr/share/hardinfo/pixmaps/fft.png
-- Installing: /mnt/sda6/00_new-woof/petbuilds-slacko-32/builds/hardinfo/hardinfo-install/usr/share/hardinfo/pixmaps/mouse.png
-- Installing: /mnt/sda6/00_new-woof/petbuilds-slacko-32/builds/hardinfo/hardinfo-install/usr/share/hardinfo/pixmaps/therm.png
-- Installing: /mnt/sda6/00_new-woof/petbuilds-slacko-32/builds/hardinfo/hardinfo-install/usr/share/hardinfo/pixmaps/environment.png
-- Installing: /mnt/sda6/00_new-woof/petbuilds-slacko-32/builds/hardinfo/hardinfo-install/usr/share/hardinfo/pixmaps/network-interface.png
-- Installing: /mnt/sda6/00_new-woof/petbuilds-slacko-32/builds/hardinfo/hardinfo-install/usr/share/hardinfo/pixmaps/report.png
-- Installing: /mnt/sda6/00_new-woof/petbuilds-slacko-32/builds/hardinfo/hardinfo-install/usr/share/hardinfo/pixmaps/nautilus.png
-- Installing: /mnt/sda6/00_new-woof/petbuilds-slacko-32/builds/hardinfo/hardinfo-install/usr/share/hardinfo/pixmaps/network-statistics.png
-- Installing: /mnt/sda6/00_new-woof/petbuilds-slacko-32/builds/hardinfo/hardinfo-install/usr/share/hardinfo/pixmaps/boot.png
-- Installing: /mnt/sda6/00_new-woof/petbuilds-slacko-32/builds/hardinfo/hardinfo-install/usr/share/hardinfo/pixmaps/os.png
-- Installing: /mnt/sda6/00_new-woof/petbuilds-slacko-32/builds/hardinfo/hardinfo-install/usr/share/hardinfo/pixmaps/syncmanager-small.png
-- Installing: /mnt/sda6/00_new-woof/petbuilds-slacko-32/builds/hardinfo/hardinfo-install/usr/share/hardinfo/pixmaps/server-large.png
-- Installing: /mnt/sda6/00_new-woof/petbuilds-slacko-32/builds/hardinfo/hardinfo-install/usr/share/hardinfo/pixmaps/report-large.png
-- Installing: /mnt/sda6/00_new-woof/petbuilds-slacko-32/builds/hardinfo/hardinfo-install/usr/share/hardinfo/pixmaps/shares.png
-- Installing: /mnt/sda6/00_new-woof/petbuilds-slacko-32/builds/hardinfo/hardinfo-install/usr/share/hardinfo/pixmaps/devel.png
-- Installing: /mnt/sda6/00_new-woof/petbuilds-slacko-32/builds/hardinfo/hardinfo-install/usr/share/hardinfo/pixmaps/joystick.png
-- Installing: /mnt/sda6/00_new-woof/petbuilds-slacko-32/builds/hardinfo/hardinfo-install/usr/share/hardinfo/pixmaps/pcmcia.png
-- Installing: /mnt/sda6/00_new-woof/petbuilds-slacko-32/builds/hardinfo/hardinfo-install/usr/share/hardinfo/pixmaps/users.png
-- Installing: /mnt/sda6/00_new-woof/petbuilds-slacko-32/builds/hardinfo/hardinfo-install/usr/share/hardinfo/pixmaps/keyboard.png
-- Installing: /mnt/sda6/00_new-woof/petbuilds-slacko-32/builds/hardinfo/hardinfo-install/usr/share/hardinfo/pixmaps/computer.png
-- Installing: /mnt/sda6/00_new-woof/petbuilds-slacko-32/builds/hardinfo/hardinfo-install/usr/share/hardinfo/pixmaps/module.png
-- Installing: /mnt/sda6/00_new-woof/petbuilds-slacko-32/builds/hardinfo/hardinfo-install/usr/share/hardinfo/pixmaps/resources.png
-- Installing: /mnt/sda6/00_new-woof/petbuilds-slacko-32/builds/hardinfo/hardinfo-install/usr/share/hardinfo/pixmaps/usb.png
-- Installing: /mnt/sda6/00_new-woof/petbuilds-slacko-32/builds/hardinfo/hardinfo-install/usr/share/hardinfo/doc
-- Installing: /mnt/sda6/00_new-woof/petbuilds-slacko-32/builds/hardinfo/hardinfo-install/usr/share/hardinfo/doc/index.hlp
Processing ../hardinfo-install/usr/bin/hardinfo
Processing ../hardinfo-install/usr/lib/hardinfo/modules/benchmark.so
Processing ../hardinfo-install/usr/lib/hardinfo/modules/computer.so
Processing ../hardinfo-install/usr/lib/hardinfo/modules/devices.so
Processing ../hardinfo-install/usr/lib/hardinfo/modules/network.so
Processing ../hardinfo-install/usr/share/applications/hardinfo.desktop
Processing ../hardinfo-install/usr/share/hardinfo/benchmark.conf
Processing ../hardinfo-install/usr/share/hardinfo/benchmark.data
Processing ../hardinfo-install/usr/share/hardinfo/doc/index.hlp
Processing ../hardinfo-install/usr/share/hardinfo/pixmaps/about-modules.png
Processing ../hardinfo-install/usr/share/hardinfo/pixmaps/audio.png
Processing ../hardinfo-install/usr/share/hardinfo/pixmaps/battery.png
Processing ../hardinfo-install/usr/share/hardinfo/pixmaps/benchmark.png
Processing ../hardinfo-install/usr/share/hardinfo/pixmaps/blowfish.png
Processing ../hardinfo-install/usr/share/hardinfo/pixmaps/bluetooth.png
Processing ../hardinfo-install/usr/share/hardinfo/pixmaps/boot.png
Processing ../hardinfo-install/usr/share/hardinfo/pixmaps/cdrom.png
Processing ../hardinfo-install/usr/share/hardinfo/pixmaps/close.png
Processing ../hardinfo-install/usr/share/hardinfo/pixmaps/compress.png
Processing ../hardinfo-install/usr/share/hardinfo/pixmaps/computer.png
Processing ../hardinfo-install/usr/share/hardinfo/pixmaps/cryptohash.png
Processing ../hardinfo-install/usr/share/hardinfo/pixmaps/devel.png
Processing ../hardinfo-install/usr/share/hardinfo/pixmaps/devices.png
Processing ../hardinfo-install/usr/share/hardinfo/pixmaps/dev_removable.png
Processing ../hardinfo-install/usr/share/hardinfo/pixmaps/dialog-error.png
Processing ../hardinfo-install/usr/share/hardinfo/pixmaps/dialog-information.png
Processing ../hardinfo-install/usr/share/hardinfo/pixmaps/dialog-warning.png
Processing ../hardinfo-install/usr/share/hardinfo/pixmaps/dns.png
Processing ../hardinfo-install/usr/share/hardinfo/pixmaps/environment.png
Processing ../hardinfo-install/usr/share/hardinfo/pixmaps/face-grin.png
Processing ../hardinfo-install/usr/share/hardinfo/pixmaps/fft.png
Processing ../hardinfo-install/usr/share/hardinfo/pixmaps/hdd.png
Processing ../hardinfo-install/usr/share/hardinfo/pixmaps/home.png
Processing ../hardinfo-install/usr/share/hardinfo/pixmaps/inputdevices.png
Processing ../hardinfo-install/usr/share/hardinfo/pixmaps/internet.png
Processing ../hardinfo-install/usr/share/hardinfo/pixmaps/joystick.png
Processing ../hardinfo-install/usr/share/hardinfo/pixmaps/keyboard.png
Processing ../hardinfo-install/usr/share/hardinfo/pixmaps/language.png
Processing ../hardinfo-install/usr/share/hardinfo/pixmaps/logo.png
Processing ../hardinfo-install/usr/share/hardinfo/pixmaps/logo.xcf
Processing ../hardinfo-install/usr/share/hardinfo/pixmaps/memory.png
Processing ../hardinfo-install/usr/share/hardinfo/pixmaps/modem.png
Processing ../hardinfo-install/usr/share/hardinfo/pixmaps/module.png
Processing ../hardinfo-install/usr/share/hardinfo/pixmaps/monitor.png
Processing ../hardinfo-install/usr/share/hardinfo/pixmaps/mouse.png
Processing ../hardinfo-install/usr/share/hardinfo/pixmaps/nautilus.png
Processing ../hardinfo-install/usr/share/hardinfo/pixmaps/network-connections.png
Processing ../hardinfo-install/usr/share/hardinfo/pixmaps/network-interface.png
Processing ../hardinfo-install/usr/share/hardinfo/pixmaps/network.png
Processing ../hardinfo-install/usr/share/hardinfo/pixmaps/network-statistics.png
Processing ../hardinfo-install/usr/share/hardinfo/pixmaps/nqueens.png
Processing ../hardinfo-install/usr/share/hardinfo/pixmaps/os.png
Processing ../hardinfo-install/usr/share/hardinfo/pixmaps/pcmcia.png
Processing ../hardinfo-install/usr/share/hardinfo/pixmaps/printer.png
Processing ../hardinfo-install/usr/share/hardinfo/pixmaps/processor.png
Processing ../hardinfo-install/usr/share/hardinfo/pixmaps/raytrace.png
Processing ../hardinfo-install/usr/share/hardinfo/pixmaps/report-large.png
Processing ../hardinfo-install/usr/share/hardinfo/pixmaps/report.png
Processing ../hardinfo-install/usr/share/hardinfo/pixmaps/resources.png
Processing ../hardinfo-install/usr/share/hardinfo/pixmaps/server-large.png
Processing ../hardinfo-install/usr/share/hardinfo/pixmaps/server.png
Processing ../hardinfo-install/usr/share/hardinfo/pixmaps/shares.png
Processing ../hardinfo-install/usr/share/hardinfo/pixmaps/summary.png
Processing ../hardinfo-install/usr/share/hardinfo/pixmaps/syncmanager.png
Processing ../hardinfo-install/usr/share/hardinfo/pixmaps/syncmanager-small.png
Processing ../hardinfo-install/usr/share/hardinfo/pixmaps/therm.png
Processing ../hardinfo-install/usr/share/hardinfo/pixmaps/usbfldisk.png
Processing ../hardinfo-install/usr/share/hardinfo/pixmaps/usb.png
Processing ../hardinfo-install/usr/share/hardinfo/pixmaps/users.png
Processing ../hardinfo-install/usr/share/hardinfo/pixmaps/wireless.png
all done
packaging hardinfo-5.2-i18n-i686_slk600
done!
