hunspell-1.3.3/
hunspell-1.3.3/man/
hunspell-1.3.3/man/hzip.1
hunspell-1.3.3/man/Makefile.in
hunspell-1.3.3/man/hunspell.1
hunspell-1.3.3/man/Makefile.am
hunspell-1.3.3/man/hunspell.3
hunspell-1.3.3/man/hunspell.5
hunspell-1.3.3/man/hu/
hunspell-1.3.3/man/hu/Makefile.in
hunspell-1.3.3/man/hu/hunspell.1
hunspell-1.3.3/man/hu/Makefile.am
hunspell-1.3.3/man/hu/hunspell.5
hunspell-1.3.3/man/hunzip.1
hunspell-1.3.3/config.rpath
hunspell-1.3.3/intl/
hunspell-1.3.3/intl/dngettext.c
hunspell-1.3.3/intl/localcharset.c
hunspell-1.3.3/intl/hash-string.h
hunspell-1.3.3/intl/printf-parse.c
hunspell-1.3.3/intl/os2compat.h
hunspell-1.3.3/intl/plural-exp.c
hunspell-1.3.3/intl/log.c
hunspell-1.3.3/intl/intl-compat.c
hunspell-1.3.3/intl/gettext.c
hunspell-1.3.3/intl/tsearch.c
hunspell-1.3.3/intl/printf.c
hunspell-1.3.3/intl/plural-exp.h
hunspell-1.3.3/intl/langprefs.c
hunspell-1.3.3/intl/printf-args.h
hunspell-1.3.3/intl/wprintf-parse.h
hunspell-1.3.3/intl/finddomain.c
hunspell-1.3.3/intl/localcharset.h
hunspell-1.3.3/intl/ref-del.sin
hunspell-1.3.3/intl/tsearch.h
hunspell-1.3.3/intl/Makefile.in
hunspell-1.3.3/intl/loadinfo.h
hunspell-1.3.3/intl/export.h
hunspell-1.3.3/intl/l10nflist.c
hunspell-1.3.3/intl/gettextP.h
hunspell-1.3.3/intl/version.c
hunspell-1.3.3/intl/printf-args.c
hunspell-1.3.3/intl/bindtextdom.c
hunspell-1.3.3/intl/ngettext.c
hunspell-1.3.3/intl/config.charset
hunspell-1.3.3/intl/ref-add.sin
hunspell-1.3.3/intl/textdomain.c
hunspell-1.3.3/intl/dcgettext.c
hunspell-1.3.3/intl/dcngettext.c
hunspell-1.3.3/intl/vasnprintf.c
hunspell-1.3.3/intl/ChangeLog
hunspell-1.3.3/intl/localename.c
hunspell-1.3.3/intl/locale.alias
hunspell-1.3.3/intl/vasnwprintf.h
hunspell-1.3.3/intl/explodename.c
hunspell-1.3.3/intl/plural.y
hunspell-1.3.3/intl/printf-parse.h
hunspell-1.3.3/intl/lock.c
hunspell-1.3.3/intl/os2compat.c
hunspell-1.3.3/intl/dcigettext.c
hunspell-1.3.3/intl/xsize.h
hunspell-1.3.3/intl/osdep.c
hunspell-1.3.3/intl/eval-plural.h
hunspell-1.3.3/intl/vasnprintf.h
hunspell-1.3.3/intl/libintl.rc
hunspell-1.3.3/intl/intl-exports.c
hunspell-1.3.3/intl/plural.c
hunspell-1.3.3/intl/gmo.h
hunspell-1.3.3/intl/dgettext.c
hunspell-1.3.3/intl/libgnuintl.h.in
hunspell-1.3.3/intl/relocatable.c
hunspell-1.3.3/intl/VERSION
hunspell-1.3.3/intl/hash-string.c
hunspell-1.3.3/intl/lock.h
hunspell-1.3.3/intl/loadmsgcat.c
hunspell-1.3.3/intl/relocatable.h
hunspell-1.3.3/intl/localealias.c
hunspell-1.3.3/missing
hunspell-1.3.3/tests/
hunspell-1.3.3/tests/checkcompoundpattern.wrong
hunspell-1.3.3/tests/allcaps.wrong
hunspell-1.3.3/tests/checksharpsutf.wrong
hunspell-1.3.3/tests/encoding.test
hunspell-1.3.3/tests/1463589_utf.dic
hunspell-1.3.3/tests/checkcompoundpattern4.dic
hunspell-1.3.3/tests/checkcompoundpattern2.good
hunspell-1.3.3/tests/compoundaffix.wrong
hunspell-1.3.3/tests/oconv.good
hunspell-1.3.3/tests/alias2.test
hunspell-1.3.3/tests/onlyincompound.test
hunspell-1.3.3/tests/iconv.aff
hunspell-1.3.3/tests/germancompoundingold.test
hunspell-1.3.3/tests/onlyincompound2.aff
hunspell-1.3.3/tests/sug.sug
hunspell-1.3.3/tests/checkcompoundpattern4.wrong
hunspell-1.3.3/tests/1463589.dic
hunspell-1.3.3/tests/allcaps2.sug
hunspell-1.3.3/tests/utf8_bom2.dic
hunspell-1.3.3/tests/ignore.good
hunspell-1.3.3/tests/i54633.wrong
hunspell-1.3.3/tests/opentaal_keepcase.test
hunspell-1.3.3/tests/fogemorpheme.aff
hunspell-1.3.3/tests/map.wrong
hunspell-1.3.3/tests/IJ.wrong
hunspell-1.3.3/tests/sugutf.wrong
hunspell-1.3.3/tests/flagutf8.aff
hunspell-1.3.3/tests/breakdefault.test
hunspell-1.3.3/tests/i35725.wrong
hunspell-1.3.3/tests/ignore.aff
hunspell-1.3.3/tests/flagnum.dic
hunspell-1.3.3/tests/reputf.wrong
hunspell-1.3.3/tests/checkcompounddup.aff
hunspell-1.3.3/tests/i54633.good
hunspell-1.3.3/tests/compoundrule2.good
hunspell-1.3.3/tests/i53643.test
hunspell-1.3.3/tests/i68568utf.wrong
hunspell-1.3.3/tests/allcaps3.dic
hunspell-1.3.3/tests/breakdefault.good
hunspell-1.3.3/tests/i54633.aff
hunspell-1.3.3/tests/slash.good
hunspell-1.3.3/tests/compoundrule8.test
hunspell-1.3.3/tests/allcaps_utf.good
hunspell-1.3.3/tests/2970240.aff
hunspell-1.3.3/tests/compoundrule6.wrong
hunspell-1.3.3/tests/germancompounding.aff
hunspell-1.3.3/tests/i53643.dic
hunspell-1.3.3/tests/encoding.good
hunspell-1.3.3/tests/needaffix4.aff
hunspell-1.3.3/tests/opentaal_cpdpat2.aff
hunspell-1.3.3/tests/oconv.aff
hunspell-1.3.3/tests/i58202.good
hunspell-1.3.3/tests/utf8.aff
hunspell-1.3.3/tests/opentaal_cpdpat.test
hunspell-1.3.3/tests/opentaal_forbiddenword1.test
hunspell-1.3.3/tests/compoundrule5.morph
hunspell-1.3.3/tests/needaffix2.test
hunspell-1.3.3/tests/i54980.test
hunspell-1.3.3/tests/ngram_utf_fix.sug
hunspell-1.3.3/tests/breakoff.dic
hunspell-1.3.3/tests/base_utf.dic
hunspell-1.3.3/tests/nosuggest.good
hunspell-1.3.3/tests/needaffix5.wrong
hunspell-1.3.3/tests/checkcompoundtriple.good
hunspell-1.3.3/tests/nosuggest.test
hunspell-1.3.3/tests/ignoreutf.test
hunspell-1.3.3/tests/1463589.sug
hunspell-1.3.3/tests/opentaal_keepcase.good
hunspell-1.3.3/tests/i58202.sug
hunspell-1.3.3/tests/checkcompoundcase.good
hunspell-1.3.3/tests/needaffix2.good
hunspell-1.3.3/tests/checkcompounddup.wrong
hunspell-1.3.3/tests/base_utf.wrong
hunspell-1.3.3/tests/phone.test
hunspell-1.3.3/tests/opentaal_cpdpat.wrong
hunspell-1.3.3/tests/simplifiedtriple.aff
hunspell-1.3.3/tests/ignoreutf.dic
hunspell-1.3.3/tests/circumfix.dic
hunspell-1.3.3/tests/keepcase.dic
hunspell-1.3.3/tests/checksharps.good
hunspell-1.3.3/tests/alias.good
hunspell-1.3.3/tests/i58202.dic
hunspell-1.3.3/tests/sugutf.test
hunspell-1.3.3/tests/checksharps.wrong
hunspell-1.3.3/tests/compoundrule4.good
hunspell-1.3.3/tests/rep.dic
hunspell-1.3.3/tests/conditionalprefix.dic
hunspell-1.3.3/tests/utfcompound.aff
hunspell-1.3.3/tests/utf8_nonbmp.aff
hunspell-1.3.3/tests/1975530.dic
hunspell-1.3.3/tests/map.aff
hunspell-1.3.3/tests/germancompoundingold.good
hunspell-1.3.3/tests/1463589_utf.aff
hunspell-1.3.3/tests/onlyincompound.dic
hunspell-1.3.3/tests/2970240.test
hunspell-1.3.3/tests/opentaal_forbiddenword2.good
hunspell-1.3.3/tests/digits_in_words.dic
hunspell-1.3.3/tests/complexprefixes.wrong
hunspell-1.3.3/tests/checkcompoundcase.wrong
hunspell-1.3.3/tests/compoundrule.aff
hunspell-1.3.3/tests/utf8_bom2.test
hunspell-1.3.3/tests/checksharps.test
hunspell-1.3.3/tests/checkcompoundcase2.aff
hunspell-1.3.3/tests/compoundaffix2.dic
hunspell-1.3.3/tests/zeroaffix.morph
hunspell-1.3.3/tests/needaffix4.test
hunspell-1.3.3/tests/allcaps2.aff
hunspell-1.3.3/tests/needaffix3.test
hunspell-1.3.3/tests/2999225.aff
hunspell-1.3.3/tests/opentaal_cpdpat2.dic
hunspell-1.3.3/tests/flag.dic
hunspell-1.3.3/tests/ngram_utf_fix.good
hunspell-1.3.3/tests/checkcompoundtriple.test
hunspell-1.3.3/tests/utf8_bom.dic
hunspell-1.3.3/tests/condition_utf.dic
hunspell-1.3.3/tests/ignore.test
hunspell-1.3.3/tests/alias2.dic
hunspell-1.3.3/tests/warn.aff
hunspell-1.3.3/tests/onlyincompound2.test
hunspell-1.3.3/tests/keepcase.good
hunspell-1.3.3/tests/needaffix.wrong
hunspell-1.3.3/tests/checksharpsutf.good
hunspell-1.3.3/tests/compoundflag.good
hunspell-1.3.3/tests/opentaal_cpdpat2.good
hunspell-1.3.3/tests/keepcase.sug
hunspell-1.3.3/tests/compoundrule7.dic
hunspell-1.3.3/tests/1463589_utf.wrong
hunspell-1.3.3/tests/needaffix.test
hunspell-1.3.3/tests/keepcase.aff
hunspell-1.3.3/tests/compoundaffix3.dic
hunspell-1.3.3/tests/slash.test
hunspell-1.3.3/tests/IJ.good
hunspell-1.3.3/tests/zeroaffix.test
hunspell-1.3.3/tests/allcaps2.dic
hunspell-1.3.3/tests/allcaps.aff
hunspell-1.3.3/tests/zeroaffix.good
hunspell-1.3.3/tests/fullstrip.test
hunspell-1.3.3/tests/i54633.dic
hunspell-1.3.3/tests/opentaal_forbiddenword1.aff
hunspell-1.3.3/tests/slash.dic
hunspell-1.3.3/tests/utf8_bom.test
hunspell-1.3.3/tests/checkcompounddup.dic
hunspell-1.3.3/tests/Makefile.in
hunspell-1.3.3/tests/opentaal_forbiddenword1.dic
hunspell-1.3.3/tests/iconv.dic
hunspell-1.3.3/tests/needaffix3.good
hunspell-1.3.3/tests/allcaps2.test
hunspell-1.3.3/tests/breakdefault.sug
hunspell-1.3.3/tests/compoundrule4.aff
hunspell-1.3.3/tests/checkcompoundpattern4.aff
hunspell-1.3.3/tests/keepcase.wrong
hunspell-1.3.3/tests/forbiddenword.good
hunspell-1.3.3/tests/reputf.test
hunspell-1.3.3/tests/sug.wrong
hunspell-1.3.3/tests/reputf.dic
hunspell-1.3.3/tests/sugutf.dic
hunspell-1.3.3/tests/break.good
hunspell-1.3.3/tests/forceucase.aff
hunspell-1.3.3/tests/compoundrule6.good
hunspell-1.3.3/tests/checkcompoundpattern3.dic
hunspell-1.3.3/tests/i68568.test
hunspell-1.3.3/tests/onlyincompound.aff
hunspell-1.3.3/tests/utf8.dic
hunspell-1.3.3/tests/compoundaffix.good
hunspell-1.3.3/tests/utf8_nonbmp.good
hunspell-1.3.3/tests/forbiddenword.dic
hunspell-1.3.3/tests/checkcompoundcase2.dic
hunspell-1.3.3/tests/flaglong.good
hunspell-1.3.3/tests/compoundrule7.good
hunspell-1.3.3/tests/breakoff.wrong
hunspell-1.3.3/tests/compoundaffix3.good
hunspell-1.3.3/tests/circumfix.morph
hunspell-1.3.3/tests/allcaps_utf.test
hunspell-1.3.3/tests/compoundaffix.test
hunspell-1.3.3/tests/compoundrule5.wrong
hunspell-1.3.3/tests/i68568utf.test
hunspell-1.3.3/tests/rep.aff
hunspell-1.3.3/tests/2970242.aff
hunspell-1.3.3/tests/1463589.wrong
hunspell-1.3.3/tests/1975530.wrong
hunspell-1.3.3/tests/compoundaffix.dic
hunspell-1.3.3/tests/compoundrule3.wrong
hunspell-1.3.3/tests/i58202.aff
hunspell-1.3.3/tests/colons_in_words.aff
hunspell-1.3.3/tests/1706659.wrong
hunspell-1.3.3/tests/ngram_utf_fix.aff
hunspell-1.3.3/tests/zeroaffix.dic
hunspell-1.3.3/tests/checkcompoundpattern2.dic
hunspell-1.3.3/tests/opentaal_forbiddenword2.sug
hunspell-1.3.3/tests/compoundaffix3.aff
hunspell-1.3.3/tests/1592880.aff
hunspell-1.3.3/tests/checkcompoundrep.good
hunspell-1.3.3/tests/germancompoundingold.dic
hunspell-1.3.3/tests/breakoff.test
hunspell-1.3.3/tests/map.dic
hunspell-1.3.3/tests/utf8_bom2.aff
hunspell-1.3.3/tests/simplifiedtriple.dic
hunspell-1.3.3/tests/complexprefixesutf.dic
hunspell-1.3.3/tests/phone.aff
hunspell-1.3.3/tests/checkcompoundcase2.good
hunspell-1.3.3/tests/i54980.aff
hunspell-1.3.3/tests/base_utf.sug
hunspell-1.3.3/tests/germancompounding.wrong
hunspell-1.3.3/tests/1592880.good
hunspell-1.3.3/tests/opentaal_cpdpat2.test
hunspell-1.3.3/tests/condition.good
hunspell-1.3.3/tests/IJ.test
hunspell-1.3.3/tests/IJ.sug
hunspell-1.3.3/tests/morph.aff
hunspell-1.3.3/tests/checkcompoundcase.dic
hunspell-1.3.3/tests/maputf.aff
hunspell-1.3.3/tests/compoundrule7.wrong
hunspell-1.3.3/tests/complexprefixes2.good
hunspell-1.3.3/tests/checksharps.dic
hunspell-1.3.3/tests/utf8.test
hunspell-1.3.3/tests/i58202.test
hunspell-1.3.3/tests/simplifiedtriple.good
hunspell-1.3.3/tests/1463589_utf.test
hunspell-1.3.3/tests/condition.test
hunspell-1.3.3/tests/i35725.aff
hunspell-1.3.3/tests/checkcompoundpattern2.wrong
hunspell-1.3.3/tests/iconv.good
hunspell-1.3.3/tests/compoundrule5.aff
hunspell-1.3.3/tests/complexprefixesutf.wrong
hunspell-1.3.3/tests/1706659.test
hunspell-1.3.3/tests/alias3.aff
hunspell-1.3.3/tests/checkcompoundcase.test
hunspell-1.3.3/tests/Makefile.am
hunspell-1.3.3/tests/compoundaffix3.wrong
hunspell-1.3.3/tests/utfcompound.test
hunspell-1.3.3/tests/fogemorpheme.wrong
hunspell-1.3.3/tests/compoundrule8.wrong
hunspell-1.3.3/tests/allcaps_utf.aff
hunspell-1.3.3/tests/arabic.dic
hunspell-1.3.3/tests/opentaal_cpdpat.dic
hunspell-1.3.3/tests/break.wrong
hunspell-1.3.3/tests/reputf.aff
hunspell-1.3.3/tests/compoundflag.aff
hunspell-1.3.3/tests/checkcompoundpattern.good
hunspell-1.3.3/tests/onlyincompound2.good
hunspell-1.3.3/tests/breakoff.good
hunspell-1.3.3/tests/base_utf.aff
hunspell-1.3.3/tests/IJ.dic
hunspell-1.3.3/tests/maputf.dic
hunspell-1.3.3/tests/base_utf.test
hunspell-1.3.3/tests/2970240.good
hunspell-1.3.3/tests/nosuggest.aff
hunspell-1.3.3/tests/allcaps3.test
hunspell-1.3.3/tests/alias2.morph
hunspell-1.3.3/tests/sug.aff
hunspell-1.3.3/tests/utf8_bom.aff
hunspell-1.3.3/tests/compoundrule.test
hunspell-1.3.3/tests/allcaps_utf.dic
hunspell-1.3.3/tests/allcaps.sug
hunspell-1.3.3/tests/forceucase.wrong
hunspell-1.3.3/tests/morph.test
hunspell-1.3.3/tests/slash.aff
hunspell-1.3.3/tests/i68568utf.aff
hunspell-1.3.3/tests/i58202.wrong
hunspell-1.3.3/tests/ignoreutf.aff
hunspell-1.3.3/tests/condition.wrong
hunspell-1.3.3/tests/colons_in_words.dic
hunspell-1.3.3/tests/compoundaffix2.good
hunspell-1.3.3/tests/opentaal_forbiddenword2.aff
hunspell-1.3.3/tests/alias3.dic
hunspell-1.3.3/tests/checksharps.aff
hunspell-1.3.3/tests/compoundflag.dic
hunspell-1.3.3/tests/needaffix4.good
hunspell-1.3.3/tests/checkcompoundrep.dic
hunspell-1.3.3/tests/ngram_utf_fix.dic
hunspell-1.3.3/tests/checkcompoundpattern3.good
hunspell-1.3.3/tests/compoundrule.wrong
hunspell-1.3.3/tests/flagutf8.dic
hunspell-1.3.3/tests/breakdefault.aff
hunspell-1.3.3/tests/i53643.wrong
hunspell-1.3.3/tests/checkcompoundpattern.aff
hunspell-1.3.3/tests/complexprefixes.test
hunspell-1.3.3/tests/opentaal_cpdpat2.wrong
hunspell-1.3.3/tests/compoundrule6.test
hunspell-1.3.3/tests/1975530.test
hunspell-1.3.3/tests/allcaps_utf.wrong
hunspell-1.3.3/tests/flagutf8.good
hunspell-1.3.3/tests/reputf.sug
hunspell-1.3.3/tests/allcaps2.good
hunspell-1.3.3/tests/alias.dic
hunspell-1.3.3/tests/1592880.test
hunspell-1.3.3/tests/compoundaffix2.test
hunspell-1.3.3/tests/compoundrule7.aff
hunspell-1.3.3/tests/checkcompoundrep.wrong
hunspell-1.3.3/tests/checkcompoundcaseutf.aff
hunspell-1.3.3/tests/utf8_nonbmp.test
hunspell-1.3.3/tests/1706659.aff
hunspell-1.3.3/tests/map.test
hunspell-1.3.3/tests/map.sug
hunspell-1.3.3/tests/affixes.dic
hunspell-1.3.3/tests/complexprefixes.dic
hunspell-1.3.3/tests/compoundrule.dic
hunspell-1.3.3/tests/condition.aff
hunspell-1.3.3/tests/nosuggest.sug
hunspell-1.3.3/tests/circumfix.aff
hunspell-1.3.3/tests/needaffix.good
hunspell-1.3.3/tests/circumfix.test
hunspell-1.3.3/tests/encoding.dic
hunspell-1.3.3/tests/checkcompoundpattern.dic
hunspell-1.3.3/tests/nosuggest.dic
hunspell-1.3.3/tests/needaffix2.dic
hunspell-1.3.3/tests/complexprefixesutf.aff
hunspell-1.3.3/tests/compoundrule5.test
hunspell-1.3.3/tests/checkcompoundcaseutf.dic
hunspell-1.3.3/tests/allcaps_utf.sug
hunspell-1.3.3/tests/needaffix5.dic
hunspell-1.3.3/tests/base.good
hunspell-1.3.3/tests/flagnum.test
hunspell-1.3.3/tests/utf8_nonbmp.sug
hunspell-1.3.3/tests/test.sh
hunspell-1.3.3/tests/base.dic
hunspell-1.3.3/tests/checkcompoundtriple.wrong
hunspell-1.3.3/tests/needaffix.dic
hunspell-1.3.3/tests/opentaal_keepcase.sug
hunspell-1.3.3/tests/compoundrule7.test
hunspell-1.3.3/tests/compoundflag.wrong
hunspell-1.3.3/tests/germancompounding.good
hunspell-1.3.3/tests/germancompoundingold.aff
hunspell-1.3.3/tests/affixes.test
hunspell-1.3.3/tests/oconv.sug
hunspell-1.3.3/tests/checkcompoundpattern3.aff
hunspell-1.3.3/tests/suggestiontest/
hunspell-1.3.3/tests/suggestiontest/Makefile.orig
hunspell-1.3.3/tests/suggestiontest/prepare
hunspell-1.3.3/tests/suggestiontest/Makefile.in
hunspell-1.3.3/tests/suggestiontest/Makefile.am
hunspell-1.3.3/tests/suggestiontest/test
hunspell-1.3.3/tests/suggestiontest/README
hunspell-1.3.3/tests/suggestiontest/List_of_common_misspellings.txt
hunspell-1.3.3/tests/germancompounding.test
hunspell-1.3.3/tests/i68568.wrong
hunspell-1.3.3/tests/allcaps.test
hunspell-1.3.3/tests/utf8.good
hunspell-1.3.3/tests/rep.wrong
hunspell-1.3.3/tests/complexprefixes2.dic
hunspell-1.3.3/tests/flaglong.test
hunspell-1.3.3/tests/opentaal_cpdpat.good
hunspell-1.3.3/tests/alias.test
hunspell-1.3.3/tests/morph.morph
hunspell-1.3.3/tests/compoundrule3.test
hunspell-1.3.3/tests/break.test
hunspell-1.3.3/tests/checkcompoundcase2.wrong
hunspell-1.3.3/tests/1695964.sug
hunspell-1.3.3/tests/needaffix5.test
hunspell-1.3.3/tests/korean.wrong
hunspell-1.3.3/tests/rep.test
hunspell-1.3.3/tests/compoundrule5.good
hunspell-1.3.3/tests/i53643.good
hunspell-1.3.3/tests/1695964.test
hunspell-1.3.3/tests/opentaal_keepcase.dic
hunspell-1.3.3/tests/checksharpsutf.aff
hunspell-1.3.3/tests/opentaal_forbiddenword1.wrong
hunspell-1.3.3/tests/1463589.test
hunspell-1.3.3/tests/2999225.good
hunspell-1.3.3/tests/i35725.sug
hunspell-1.3.3/tests/condition.dic
hunspell-1.3.3/tests/phone.dic
hunspell-1.3.3/tests/compoundrule2.wrong
hunspell-1.3.3/tests/complexprefixesutf.test
hunspell-1.3.3/tests/compoundrule5.dic
hunspell-1.3.3/tests/nosuggest.wrong
hunspell-1.3.3/tests/maputf.test
hunspell-1.3.3/tests/affixes.aff
hunspell-1.3.3/tests/1975530.good
hunspell-1.3.3/tests/arabic.test
hunspell-1.3.3/tests/checkcompoundpattern4.test
hunspell-1.3.3/tests/korean.good
hunspell-1.3.3/tests/digits_in_words.wrong
hunspell-1.3.3/tests/allcaps3.good
hunspell-1.3.3/tests/compoundrule3.good
hunspell-1.3.3/tests/2999225.dic
hunspell-1.3.3/tests/i54633.sug
hunspell-1.3.3/tests/fogemorpheme.test
hunspell-1.3.3/tests/checkcompoundpattern.test
hunspell-1.3.3/tests/2970242.dic
hunspell-1.3.3/tests/compoundaffix2.aff
hunspell-1.3.3/tests/complexprefixesutf.good
hunspell-1.3.3/tests/digits_in_words.aff
hunspell-1.3.3/tests/encoding.aff
hunspell-1.3.3/tests/checkcompoundpattern3.wrong
hunspell-1.3.3/tests/utf8_nonbmp.wrong
hunspell-1.3.3/tests/ignore.dic
hunspell-1.3.3/tests/2970240.dic
hunspell-1.3.3/tests/compoundaffix.aff
hunspell-1.3.3/tests/onlyincompound.good
hunspell-1.3.3/tests/compoundrule4.wrong
hunspell-1.3.3/tests/colons_in_words.test
hunspell-1.3.3/tests/rep.sug
hunspell-1.3.3/tests/korean.test
hunspell-1.3.3/tests/simplifiedtriple.wrong
hunspell-1.3.3/tests/korean.dic
hunspell-1.3.3/tests/breakdefault.dic
hunspell-1.3.3/tests/i35725.good
hunspell-1.3.3/tests/onlyincompound.wrong
hunspell-1.3.3/tests/alias3.test
hunspell-1.3.3/tests/fullstrip.dic
hunspell-1.3.3/tests/digits_in_words.test
hunspell-1.3.3/tests/opentaal_forbiddenword1.sug
hunspell-1.3.3/tests/2999225.test
hunspell-1.3.3/tests/phone.wrong
hunspell-1.3.3/tests/1592880.dic
hunspell-1.3.3/tests/checkcompoundpattern2.test
hunspell-1.3.3/tests/circumfix.good
hunspell-1.3.3/tests/alias2.good
hunspell-1.3.3/tests/sug.test
hunspell-1.3.3/tests/base.test
hunspell-1.3.3/tests/checksharpsutf.sug
hunspell-1.3.3/tests/forbiddenword.aff
hunspell-1.3.3/tests/flagnum.good
hunspell-1.3.3/tests/allcaps3.wrong
hunspell-1.3.3/tests/forceucase.sug
hunspell-1.3.3/tests/onlyincompound2.dic
hunspell-1.3.3/tests/i54633.test
hunspell-1.3.3/tests/checksharpsutf.dic
hunspell-1.3.3/tests/forceucase.good
hunspell-1.3.3/tests/alias3.good
hunspell-1.3.3/tests/checkcompoundcase.aff
hunspell-1.3.3/tests/1463589.aff
hunspell-1.3.3/tests/needaffix2.morph
hunspell-1.3.3/tests/i68568.aff
hunspell-1.3.3/tests/2970242.wrong
hunspell-1.3.3/tests/ngram_utf_fix.wrong
hunspell-1.3.3/tests/opentaal_forbiddenword2.dic
hunspell-1.3.3/tests/alias2.aff
hunspell-1.3.3/tests/i54980.dic
hunspell-1.3.3/tests/1975530.aff
hunspell-1.3.3/tests/IJ.aff
hunspell-1.3.3/tests/flag.good
hunspell-1.3.3/tests/allcaps2.wrong
hunspell-1.3.3/tests/simplifiedtriple.test
hunspell-1.3.3/tests/sugutf.aff
hunspell-1.3.3/tests/condition_utf.wrong
hunspell-1.3.3/tests/alias.aff
hunspell-1.3.3/tests/iconv.test
hunspell-1.3.3/tests/break.dic
hunspell-1.3.3/tests/compoundrule4.dic
hunspell-1.3.3/tests/checkcompoundpattern2.aff
hunspell-1.3.3/tests/checkcompoundtriple.dic
hunspell-1.3.3/tests/2970242.test
hunspell-1.3.3/tests/checkcompoundpattern4.good
hunspell-1.3.3/tests/opentaal_keepcase.aff
hunspell-1.3.3/tests/flag.test
hunspell-1.3.3/tests/maputf.wrong
hunspell-1.3.3/tests/needaffix3.dic
hunspell-1.3.3/tests/conditionalprefix.wrong
hunspell-1.3.3/tests/checksharps.sug
hunspell-1.3.3/tests/needaffix5.good
hunspell-1.3.3/tests/warn.dic
hunspell-1.3.3/tests/i35725.dic
hunspell-1.3.3/tests/checkcompoundrep.aff
hunspell-1.3.3/tests/compoundrule4.test
hunspell-1.3.3/tests/flagutf8.test
hunspell-1.3.3/tests/condition_utf.aff
hunspell-1.3.3/tests/opentaal_forbiddenword1.good
hunspell-1.3.3/tests/sug.dic
hunspell-1.3.3/tests/checkcompoundcase2.test
hunspell-1.3.3/tests/checkcompoundcaseutf.good
hunspell-1.3.3/tests/oconv.wrong
hunspell-1.3.3/tests/needaffix2.aff
hunspell-1.3.3/tests/compoundrule6.dic
hunspell-1.3.3/tests/flaglong.dic
hunspell-1.3.3/tests/compoundrule2.aff
hunspell-1.3.3/tests/utf8_bom.good
hunspell-1.3.3/tests/compoundrule8.good
hunspell-1.3.3/tests/needaffix3.wrong
hunspell-1.3.3/tests/breakdefault.wrong
hunspell-1.3.3/tests/needaffix.aff
hunspell-1.3.3/tests/utfcompound.wrong
hunspell-1.3.3/tests/2970242.good
hunspell-1.3.3/tests/needaffix3.aff
hunspell-1.3.3/tests/compoundrule8.dic
hunspell-1.3.3/tests/checkcompoundrep.test
hunspell-1.3.3/tests/1463589_utf.sug
hunspell-1.3.3/tests/complexprefixes.aff
hunspell-1.3.3/tests/compoundrule3.dic
hunspell-1.3.3/tests/sugutf.sug
hunspell-1.3.3/tests/utfcompound.good
hunspell-1.3.3/tests/opentaal_cpdpat.aff
hunspell-1.3.3/tests/germancompoundingold.wrong
hunspell-1.3.3/tests/warn.good
hunspell-1.3.3/tests/keepcase.test
hunspell-1.3.3/tests/break.aff
hunspell-1.3.3/tests/flag.aff
hunspell-1.3.3/tests/onlyincompound2.wrong
hunspell-1.3.3/tests/1706659.dic
hunspell-1.3.3/tests/oconv.test
hunspell-1.3.3/tests/circumfix.wrong
hunspell-1.3.3/tests/condition_utf.test
hunspell-1.3.3/tests/maputf.sug
hunspell-1.3.3/tests/condition_utf.good
hunspell-1.3.3/tests/i53643.aff
hunspell-1.3.3/tests/alias3.morph
hunspell-1.3.3/tests/1695964.aff
hunspell-1.3.3/tests/onlyincompound.sug
hunspell-1.3.3/tests/checksharpsutf.test
hunspell-1.3.3/tests/korean.aff
hunspell-1.3.3/tests/complexprefixes2.aff
hunspell-1.3.3/tests/compoundrule2.test
hunspell-1.3.3/tests/morph.dic
hunspell-1.3.3/tests/opentaal_forbiddenword2.test
hunspell-1.3.3/tests/zeroaffix.aff
hunspell-1.3.3/tests/checkcompounddup.test
hunspell-1.3.3/tests/warn.test
hunspell-1.3.3/tests/checkcompoundcaseutf.test
hunspell-1.3.3/tests/complexprefixes2.test
hunspell-1.3.3/tests/fullstrip.aff
hunspell-1.3.3/tests/forbiddenword.test
hunspell-1.3.3/tests/compoundflag.test
hunspell-1.3.3/tests/fogemorpheme.dic
hunspell-1.3.3/tests/opentaal_forbiddenword2.wrong
hunspell-1.3.3/tests/opentaal_keepcase.wrong
hunspell-1.3.3/tests/1695964.dic
hunspell-1.3.3/tests/compoundrule.good
hunspell-1.3.3/tests/needaffix5.aff
hunspell-1.3.3/tests/flagnum.aff
hunspell-1.3.3/tests/oconv.dic
hunspell-1.3.3/tests/utfcompound.dic
hunspell-1.3.3/tests/allcaps3.aff
hunspell-1.3.3/tests/forbiddenword.wrong
hunspell-1.3.3/tests/allcaps.dic
hunspell-1.3.3/tests/utf8_bom2.good
hunspell-1.3.3/tests/checkcompoundpattern3.test
hunspell-1.3.3/tests/i35725.test
hunspell-1.3.3/tests/base_utf.good
hunspell-1.3.3/tests/phone.sug
hunspell-1.3.3/tests/needaffix4.dic
hunspell-1.3.3/tests/i68568utf.dic
hunspell-1.3.3/tests/base.wrong
hunspell-1.3.3/tests/i54980.good
hunspell-1.3.3/tests/compoundrule3.aff
hunspell-1.3.3/tests/affixes.good
hunspell-1.3.3/tests/forceucase.test
hunspell-1.3.3/tests/flaglong.aff
hunspell-1.3.3/tests/checkcompoundtriple.aff
hunspell-1.3.3/tests/conditionalprefix.morph
hunspell-1.3.3/tests/i68568.dic
hunspell-1.3.3/tests/ignoreutf.good
hunspell-1.3.3/tests/ngram_utf_fix.test
hunspell-1.3.3/tests/compoundrule8.aff
hunspell-1.3.3/tests/conditionalprefix.test
hunspell-1.3.3/tests/morph.good
hunspell-1.3.3/tests/fullstrip.good
hunspell-1.3.3/tests/compoundrule6.aff
hunspell-1.3.3/tests/base.aff
hunspell-1.3.3/tests/germancompounding.dic
hunspell-1.3.3/tests/2970240.wrong
hunspell-1.3.3/tests/checkcompounddup.good
hunspell-1.3.3/tests/1695964.wrong
hunspell-1.3.3/tests/arabic.wrong
hunspell-1.3.3/tests/conditionalprefix.good
hunspell-1.3.3/tests/base.sug
hunspell-1.3.3/tests/forceucase.dic
hunspell-1.3.3/tests/checkcompoundcaseutf.wrong
hunspell-1.3.3/tests/conditionalprefix.aff
hunspell-1.3.3/tests/arabic.aff
hunspell-1.3.3/tests/compoundrule2.dic
hunspell-1.3.3/tests/breakoff.aff
hunspell-1.3.3/tests/fogemorpheme.good
hunspell-1.3.3/tests/utf8_nonbmp.dic
hunspell-1.3.3/tests/compoundaffix3.test
hunspell-1.3.3/tests/allcaps.good
hunspell-1.3.3/tests/complexprefixes.good
hunspell-1.3.3/depcomp
hunspell-1.3.3/TODO
hunspell-1.3.3/license.myspell
hunspell-1.3.3/configure
hunspell-1.3.3/COPYING.MPL
hunspell-1.3.3/install-sh
hunspell-1.3.3/Makefile.in
hunspell-1.3.3/COPYING.LGPL
hunspell-1.3.3/m4/
hunspell-1.3.3/m4/ltsugar.m4
hunspell-1.3.3/m4/glibc21.m4
hunspell-1.3.3/m4/lib-ld.m4
hunspell-1.3.3/m4/Makefile.in
hunspell-1.3.3/m4/wchar_t.m4
hunspell-1.3.3/m4/ltoptions.m4
hunspell-1.3.3/m4/iconv.m4
hunspell-1.3.3/m4/po.m4
hunspell-1.3.3/m4/size_max.m4
hunspell-1.3.3/m4/lib-link.m4
hunspell-1.3.3/m4/Makefile.am
hunspell-1.3.3/m4/libtool.m4
hunspell-1.3.3/m4/nls.m4
hunspell-1.3.3/m4/uintmax_t.m4
hunspell-1.3.3/m4/inttypes_h.m4
hunspell-1.3.3/m4/stdint_h.m4
hunspell-1.3.3/m4/lcmessage.m4
hunspell-1.3.3/m4/lt~obsolete.m4
hunspell-1.3.3/m4/printf-posix.m4
hunspell-1.3.3/m4/ChangeLog
hunspell-1.3.3/m4/longlong.m4
hunspell-1.3.3/m4/ltversion.m4
hunspell-1.3.3/m4/isc-posix.m4
hunspell-1.3.3/m4/intmax.m4
hunspell-1.3.3/m4/codeset.m4
hunspell-1.3.3/m4/glibc2.m4
hunspell-1.3.3/m4/progtest.m4
hunspell-1.3.3/m4/lib-prefix.m4
hunspell-1.3.3/m4/README
hunspell-1.3.3/m4/intdiv0.m4
hunspell-1.3.3/m4/xsize.m4
hunspell-1.3.3/m4/intl.m4
hunspell-1.3.3/m4/intldir.m4
hunspell-1.3.3/m4/lock.m4
hunspell-1.3.3/m4/gettext.m4
hunspell-1.3.3/m4/intlmacosx.m4
hunspell-1.3.3/m4/visibility.m4
hunspell-1.3.3/m4/inttypes-pri.m4
hunspell-1.3.3/m4/wint_t.m4
hunspell-1.3.3/NEWS
hunspell-1.3.3/BUGS
hunspell-1.3.3/Makefile.am
hunspell-1.3.3/configure.ac
hunspell-1.3.3/config.h.in
hunspell-1.3.3/THANKS
hunspell-1.3.3/mkinstalldirs
hunspell-1.3.3/ChangeLog
hunspell-1.3.3/INSTALL
hunspell-1.3.3/AUTHORS
hunspell-1.3.3/ABOUT-NLS
hunspell-1.3.3/aclocal.m4
hunspell-1.3.3/hunspell.pc.in
hunspell-1.3.3/README
hunspell-1.3.3/ChangeLog.O
hunspell-1.3.3/ltmain.sh
hunspell-1.3.3/README.myspell
hunspell-1.3.3/AUTHORS.myspell
hunspell-1.3.3/COPYING
hunspell-1.3.3/src/
hunspell-1.3.3/src/parsers/
hunspell-1.3.3/src/parsers/testparser.cxx
hunspell-1.3.3/src/parsers/htmlparser.hxx
hunspell-1.3.3/src/parsers/htmlparser.cxx
hunspell-1.3.3/src/parsers/manparser.cxx
hunspell-1.3.3/src/parsers/Makefile.in
hunspell-1.3.3/src/parsers/Makefile.am
hunspell-1.3.3/src/parsers/xmlparser.cxx
hunspell-1.3.3/src/parsers/manparser.hxx
hunspell-1.3.3/src/parsers/latexparser.hxx
hunspell-1.3.3/src/parsers/odfparser.cxx
hunspell-1.3.3/src/parsers/textparser.hxx
hunspell-1.3.3/src/parsers/textparser.cxx
hunspell-1.3.3/src/parsers/firstparser.cxx
hunspell-1.3.3/src/parsers/latexparser.cxx
hunspell-1.3.3/src/parsers/odfparser.hxx
hunspell-1.3.3/src/parsers/firstparser.hxx
hunspell-1.3.3/src/parsers/xmlparser.hxx
hunspell-1.3.3/src/tools/
hunspell-1.3.3/src/tools/hzip.c
hunspell-1.3.3/src/tools/affixcompress
hunspell-1.3.3/src/tools/ispellaff2myspell
hunspell-1.3.3/src/tools/unmunch.c
hunspell-1.3.3/src/tools/Makefile.in
hunspell-1.3.3/src/tools/wordforms
hunspell-1.3.3/src/tools/Makefile.am
hunspell-1.3.3/src/tools/analyze.cxx
hunspell-1.3.3/src/tools/munch.h
hunspell-1.3.3/src/tools/wordlist2hunspell
hunspell-1.3.3/src/tools/munch.c
hunspell-1.3.3/src/tools/hunspell.cxx
hunspell-1.3.3/src/tools/unmunch.h
hunspell-1.3.3/src/tools/example.cxx
hunspell-1.3.3/src/tools/chmorph.cxx
hunspell-1.3.3/src/tools/makealias
hunspell-1.3.3/src/tools/hunzip.cxx
hunspell-1.3.3/src/Makefile.in
hunspell-1.3.3/src/Makefile.am
hunspell-1.3.3/src/win_api/
hunspell-1.3.3/src/win_api/Hunspell.rc
hunspell-1.3.3/src/win_api/testparser.vcproj
hunspell-1.3.3/src/win_api/hunspell.vcproj
hunspell-1.3.3/src/win_api/Makefile.in
hunspell-1.3.3/src/win_api/config.h
hunspell-1.3.3/src/win_api/Makefile.am
hunspell-1.3.3/src/win_api/hunspelldll.h
hunspell-1.3.3/src/win_api/hunspelldll.dev
hunspell-1.3.3/src/win_api/libhunspell.vcproj
hunspell-1.3.3/src/win_api/hunspelldll.c
hunspell-1.3.3/src/win_api/Hunspell.sln
hunspell-1.3.3/src/win_api/README
hunspell-1.3.3/src/win_api/Makefile.cygwin
hunspell-1.3.3/src/hunspell/
hunspell-1.3.3/src/hunspell/hunspell.h
hunspell-1.3.3/src/hunspell/hunspell.dsp
hunspell-1.3.3/src/hunspell/w_char.hxx
hunspell-1.3.3/src/hunspell/suggestmgr.cxx
hunspell-1.3.3/src/hunspell/csutil.cxx
hunspell-1.3.3/src/hunspell/hunspell.hxx
hunspell-1.3.3/src/hunspell/affixmgr.cxx
hunspell-1.3.3/src/hunspell/license.myspell
hunspell-1.3.3/src/hunspell/hashmgr.hxx
hunspell-1.3.3/src/hunspell/replist.hxx
hunspell-1.3.3/src/hunspell/Makefile.in
hunspell-1.3.3/src/hunspell/suggestmgr.hxx
hunspell-1.3.3/src/hunspell/filemgr.hxx
hunspell-1.3.3/src/hunspell/hunvisapi.h.in
hunspell-1.3.3/src/hunspell/htypes.hxx
hunspell-1.3.3/src/hunspell/filemgr.cxx
hunspell-1.3.3/src/hunspell/dictmgr.cxx
hunspell-1.3.3/src/hunspell/hunzip.hxx
hunspell-1.3.3/src/hunspell/Makefile.am
hunspell-1.3.3/src/hunspell/affixmgr.hxx
hunspell-1.3.3/src/hunspell/utf_info.cxx
hunspell-1.3.3/src/hunspell/atypes.hxx
hunspell-1.3.3/src/hunspell/replist.cxx
hunspell-1.3.3/src/hunspell/phonet.cxx
hunspell-1.3.3/src/hunspell/langnum.hxx
hunspell-1.3.3/src/hunspell/makefile.mk
hunspell-1.3.3/src/hunspell/phonet.hxx
hunspell-1.3.3/src/hunspell/README
hunspell-1.3.3/src/hunspell/csutil.hxx
hunspell-1.3.3/src/hunspell/affentry.hxx
hunspell-1.3.3/src/hunspell/hunvisapi.h
hunspell-1.3.3/src/hunspell/dictmgr.hxx
hunspell-1.3.3/src/hunspell/affentry.cxx
hunspell-1.3.3/src/hunspell/baseaffix.hxx
hunspell-1.3.3/src/hunspell/hashmgr.cxx
hunspell-1.3.3/src/hunspell/hunspell.cxx
hunspell-1.3.3/src/hunspell/license.hunspell
hunspell-1.3.3/src/hunspell/hunzip.cxx
hunspell-1.3.3/license.hunspell
hunspell-1.3.3/config.sub
hunspell-1.3.3/config.guess
hunspell-1.3.3/po/
hunspell-1.3.3/po/quot.sed
hunspell-1.3.3/po/en@boldquot.header
hunspell-1.3.3/po/LINGUAS
hunspell-1.3.3/po/insert-header.sin
hunspell-1.3.3/po/boldquot.sed
hunspell-1.3.3/po/hu.gmo
hunspell-1.3.3/po/remove-potcdate.sin
hunspell-1.3.3/po/Makefile.in.in
hunspell-1.3.3/po/it.gmo
hunspell-1.3.3/po/POTFILES.in
hunspell-1.3.3/po/Makevars
hunspell-1.3.3/po/it.po
hunspell-1.3.3/po/stamp-po
hunspell-1.3.3/po/en@quot.header
hunspell-1.3.3/po/hunspell.pot
hunspell-1.3.3/po/hu.po
hunspell-1.3.3/po/Rules-quot
checking build system type... i686-pc-linux-gnu
checking host system type... i686-pc-linux-gnu
checking target system type... i686-pc-linux-gnu
checking for a BSD-compatible install... /usr/bin/ginstall -c
checking whether build environment is sane... yes
checking for a thread-safe mkdir -p... ./install-sh -c -d
checking for gawk... gawk
checking whether make sets $(MAKE)... yes
checking for g++... g++
checking whether the C++ compiler works... yes
checking for C++ compiler default output file name... a.out
checking for suffix of executables... 
checking whether we are cross compiling... no
checking for suffix of object files... o
checking whether we are using the GNU C++ compiler... yes
checking whether g++ accepts -g... yes
checking for style of include used by make... GNU
checking dependency style of g++... gcc3
checking for gcc... gcc
checking whether we are using the GNU C compiler... yes
checking whether gcc accepts -g... yes
checking for gcc option to accept ISO C89... none needed
checking dependency style of gcc... gcc3
checking for a sed that does not truncate output... /bin/sed
checking for grep that handles long lines and -e... /bin/grep
checking for egrep... /bin/grep -E
checking for fgrep... /bin/grep -F
checking for ld used by gcc... /usr/i486-slackware-linux/bin/ld
checking if the linker (/usr/i486-slackware-linux/bin/ld) is GNU ld... yes
checking for BSD- or MS-compatible name lister (nm)... /usr/bin/nm -B
checking the name lister (/usr/bin/nm -B) interface... BSD nm
checking whether ln -s works... yes
checking the maximum length of command line arguments... 1572864
checking whether the shell understands some XSI constructs... yes
checking whether the shell understands "+="... yes
checking for /usr/i486-slackware-linux/bin/ld option to reload object files... -r
checking for objdump... objdump
checking how to recognize dependent libraries... pass_all
checking for ar... ar
checking for strip... strip
checking for ranlib... ranlib
checking command to parse /usr/bin/nm -B output from gcc object... ok
checking how to run the C preprocessor... gcc -E
checking for ANSI C header files... yes
checking for sys/types.h... yes
checking for sys/stat.h... yes
checking for stdlib.h... yes
checking for string.h... yes
checking for memory.h... yes
checking for strings.h... yes
checking for inttypes.h... yes
checking for stdint.h... yes
checking for unistd.h... yes
checking for dlfcn.h... yes
checking whether we are using the GNU C++ compiler... (cached) yes
checking whether g++ accepts -g... (cached) yes
checking dependency style of g++... (cached) gcc3
checking how to run the C++ preprocessor... g++ -E
checking for objdir... .libs
checking if gcc supports -fno-rtti -fno-exceptions... no
checking for gcc option to produce PIC... -fPIC -DPIC
checking if gcc PIC flag -fPIC -DPIC works... yes
checking if gcc static flag -static works... yes
checking if gcc supports -c -o file.o... yes
checking if gcc supports -c -o file.o... (cached) yes
checking whether the gcc linker (/usr/i486-slackware-linux/bin/ld) supports shared libraries... yes
checking whether -lc should be explicitly linked in... no
checking dynamic linker characteristics... GNU/Linux ld.so
checking how to hardcode library paths into programs... immediate
checking whether stripping libraries is possible... yes
checking if libtool supports shared libraries... yes
checking whether to build shared libraries... yes
checking whether to build static libraries... yes
checking for ld used by g++... /usr/i486-slackware-linux/bin/ld
checking if the linker (/usr/i486-slackware-linux/bin/ld) is GNU ld... yes
checking whether the g++ linker (/usr/i486-slackware-linux/bin/ld) supports shared libraries... yes
checking for g++ option to produce PIC... -fPIC -DPIC
checking if g++ PIC flag -fPIC -DPIC works... yes
checking if g++ static flag -static works... yes
checking if g++ supports -c -o file.o... yes
checking if g++ supports -c -o file.o... (cached) yes
checking whether the g++ linker (/usr/i486-slackware-linux/bin/ld) supports shared libraries... yes
checking dynamic linker characteristics... GNU/Linux ld.so
checking how to hardcode library paths into programs... immediate
checking fcntl.h usability... yes
checking fcntl.h presence... yes
checking for fcntl.h... yes
checking libintl.h usability... yes
checking libintl.h presence... yes
checking for libintl.h... yes
checking locale.h usability... yes
checking locale.h presence... yes
checking for locale.h... yes
checking for unistd.h... (cached) yes
checking error.h usability... yes
checking error.h presence... yes
checking for error.h... yes
checking for an ANSI C-conforming const... yes
checking for inline... inline
checking for error_at_line... yes
checking for ANSI C header files... (cached) yes
checking for memchr... yes
checking for setlocale... yes
checking for strchr... yes
checking for strstr... yes
checking whether NLS is requested... yes
checking for msgfmt... /usr/bin/msgfmt
checking for gmsgfmt... /usr/bin/msgfmt
checking for xgettext... /usr/bin/xgettext
checking for msgmerge... /usr/bin/msgmerge
checking whether we are using the GNU C Library 2 or newer... yes
checking for ranlib... (cached) ranlib
checking for simple visibility declarations... yes
checking for size_t... yes
checking for stdint.h... yes
checking for working alloca.h... yes
checking for alloca... yes
checking for stdlib.h... (cached) yes
checking for unistd.h... (cached) yes
checking for sys/param.h... yes
checking for getpagesize... yes
checking for working mmap... yes
checking whether integer division by zero raises SIGFPE... yes
checking for inttypes.h... yes
checking for unsigned long long int... yes
checking for inttypes.h... (cached) yes
checking whether the inttypes.h PRIxNN macros are broken... no
checking minix/config.h usability... no
checking minix/config.h presence... no
checking for minix/config.h... no
checking whether it is safe to define __EXTENSIONS__... yes
checking for ld used by GCC... /usr/i486-slackware-linux/bin/ld
checking if the linker (/usr/i486-slackware-linux/bin/ld) is GNU ld... yes
checking for shared library run path origin... done
checking whether imported symbols can be declared weak... yes
checking pthread.h usability... yes
checking pthread.h presence... yes
checking for pthread.h... yes
checking for pthread_kill in -lpthread... yes
checking for pthread_rwlock_t... yes
checking for multithread API to use... posix
checking argz.h usability... yes
checking argz.h presence... yes
checking for argz.h... yes
checking for inttypes.h... (cached) yes
checking limits.h usability... yes
checking limits.h presence... yes
checking for limits.h... yes
checking for unistd.h... (cached) yes
checking for sys/param.h... (cached) yes
checking for getcwd... yes
checking for getegid... yes
checking for geteuid... yes
checking for getgid... yes
checking for getuid... yes
checking for mempcpy... yes
checking for munmap... yes
checking for stpcpy... yes
checking for strcasecmp... yes
checking for strdup... yes
checking for strtoul... yes
checking for tsearch... yes
checking for argz_count... yes
checking for argz_stringify... yes
checking for argz_next... yes
checking for __fsetlocking... yes
checking whether feof_unlocked is declared... yes
checking whether fgets_unlocked is declared... yes
checking for iconv... yes
checking for working iconv... yes
checking for iconv declaration... 
         extern size_t iconv (iconv_t cd, char * *inbuf, size_t *inbytesleft, char * *outbuf, size_t *outbytesleft);
checking for NL_LOCALE_NAME macro... yes
checking for bison... bison
checking version of bison... 2.7, ok
checking for long long int... yes
checking for wchar_t... yes
checking for wint_t... yes
checking for intmax_t... yes
checking whether printf() supports POSIX/XSI format strings... yes
checking whether we are using the GNU C Library 2.1 or newer... yes
checking for stdint.h... (cached) yes
checking for SIZE_MAX... yes
checking for stdint.h... (cached) yes
checking for CFPreferencesCopyAppValue... no
checking for CFLocaleCopyCurrent... no
checking for ptrdiff_t... yes
checking stddef.h usability... yes
checking stddef.h presence... yes
checking for stddef.h... yes
checking for stdlib.h... (cached) yes
checking for string.h... (cached) yes
checking for asprintf... yes
checking for fwprintf... yes
checking for putenv... yes
checking for setenv... yes
checking for setlocale... (cached) yes
checking for snprintf... yes
checking for wcslen... yes
checking whether _snprintf is declared... no
checking whether _snwprintf is declared... no
checking whether getc_unlocked is declared... yes
checking for nl_langinfo and CODESET... yes
checking for LC_MESSAGES... yes
checking for CFPreferencesCopyAppValue... (cached) no
checking for CFLocaleCopyCurrent... (cached) no
checking whether included gettext is requested... no
checking for GNU gettext in libc... yes
checking whether to use NLS... yes
checking where the gettext function comes from... libc
configure: creating ./config.status
config.status: creating Makefile
config.status: creating hunspell.pc
config.status: creating man/Makefile
config.status: creating man/hu/Makefile
config.status: creating intl/Makefile
config.status: creating po/Makefile.in
config.status: creating m4/Makefile
config.status: creating src/Makefile
config.status: creating src/hunspell/Makefile
config.status: creating src/hunspell/hunvisapi.h
config.status: creating src/parsers/Makefile
config.status: creating src/tools/Makefile
config.status: creating src/win_api/Makefile
config.status: creating tests/Makefile
config.status: creating tests/suggestiontest/Makefile
config.status: creating config.h
config.status: executing depfiles commands
config.status: executing libtool commands
config.status: executing po-directories commands
config.status: creating po/POTFILES
config.status: creating po/Makefile
make  all-recursive
make[1]: Entering directory `/mnt/sda6/00_new-woof/petbuilds-slacko-32/builds/hunspell/hunspell-1.3.3'
Making all in intl
make[2]: Entering directory `/mnt/sda6/00_new-woof/petbuilds-slacko-32/builds/hunspell/hunspell-1.3.3/intl'
make[2]: Nothing to be done for `all'.
make[2]: Leaving directory `/mnt/sda6/00_new-woof/petbuilds-slacko-32/builds/hunspell/hunspell-1.3.3/intl'
Making all in po
make[2]: Entering directory `/mnt/sda6/00_new-woof/petbuilds-slacko-32/builds/hunspell/hunspell-1.3.3/po'
make[2]: Leaving directory `/mnt/sda6/00_new-woof/petbuilds-slacko-32/builds/hunspell/hunspell-1.3.3/po'
Making all in src
make[2]: Entering directory `/mnt/sda6/00_new-woof/petbuilds-slacko-32/builds/hunspell/hunspell-1.3.3/src'
Making all in hunspell
make[3]: Entering directory `/mnt/sda6/00_new-woof/petbuilds-slacko-32/builds/hunspell/hunspell-1.3.3/src/hunspell'
/bin/sh ../../libtool --tag=CXX   --mode=compile g++ -DHAVE_CONFIG_H -I. -I../..    -fvisibility=hidden -DBUILDING_LIBHUNSPELL -g -O2 -MT affentry.lo -MD -MP -MF .deps/affentry.Tpo -c -o affentry.lo affentry.cxx
/bin/sh ../../libtool --tag=CXX   --mode=compile g++ -DHAVE_CONFIG_H -I. -I../..    -fvisibility=hidden -DBUILDING_LIBHUNSPELL -g -O2 -MT affixmgr.lo -MD -MP -MF .deps/affixmgr.Tpo -c -o affixmgr.lo affixmgr.cxx
/bin/sh ../../libtool --tag=CXX   --mode=compile g++ -DHAVE_CONFIG_H -I. -I../..    -fvisibility=hidden -DBUILDING_LIBHUNSPELL -g -O2 -MT csutil.lo -MD -MP -MF .deps/csutil.Tpo -c -o csutil.lo csutil.cxx
/bin/sh ../../libtool --tag=CXX   --mode=compile g++ -DHAVE_CONFIG_H -I. -I../..    -fvisibility=hidden -DBUILDING_LIBHUNSPELL -g -O2 -MT dictmgr.lo -MD -MP -MF .deps/dictmgr.Tpo -c -o dictmgr.lo dictmgr.cxx
libtool: compile:  g++ -DHAVE_CONFIG_H -I. -I../.. -fvisibility=hidden -DBUILDING_LIBHUNSPELL -g -O2 -MT affixmgr.lo -MD -MP -MF .deps/affixmgr.Tpo -c affixmgr.cxx  -fPIC -DPIC -o .libs/affixmgr.o
libtool: compile:  g++ -DHAVE_CONFIG_H -I. -I../.. -fvisibility=hidden -DBUILDING_LIBHUNSPELL -g -O2 -MT csutil.lo -MD -MP -MF .deps/csutil.Tpo -c csutil.cxx  -fPIC -DPIC -o .libs/csutil.o
libtool: compile:  g++ -DHAVE_CONFIG_H -I. -I../.. -fvisibility=hidden -DBUILDING_LIBHUNSPELL -g -O2 -MT dictmgr.lo -MD -MP -MF .deps/dictmgr.Tpo -c dictmgr.cxx  -fPIC -DPIC -o .libs/dictmgr.o
libtool: compile:  g++ -DHAVE_CONFIG_H -I. -I../.. -fvisibility=hidden -DBUILDING_LIBHUNSPELL -g -O2 -MT affentry.lo -MD -MP -MF .deps/affentry.Tpo -c affentry.cxx  -fPIC -DPIC -o .libs/affentry.o
In file included from affixmgr.cxx:12:0:
affentry.hxx:34:105: warning: converting to non-pointer type ‘short unsigned int’ from NULL [-Wconversion-null]
   struct hentry *      check_twosfx(const char * word, int len, char in_compound, const FLAG needflag = NULL);
                                                                                                         ^
affentry.hxx:101:114: warning: converting to non-pointer type ‘short unsigned int’ from NULL [-Wconversion-null]
   struct hentry *   check_twosfx(const char * word, int len, int optflags, PfxEntry* ppfx, const FLAG needflag = NULL);
                                                                                                                  ^
In file included from affentry.cxx:9:0:
affentry.hxx:34:105: warning: converting to non-pointer type ‘short unsigned int’ from NULL [-Wconversion-null]
   struct hentry *      check_twosfx(const char * word, int len, char in_compound, const FLAG needflag = NULL);
                                                                                                         ^
affentry.hxx:101:114: warning: converting to non-pointer type ‘short unsigned int’ from NULL [-Wconversion-null]
   struct hentry *   check_twosfx(const char * word, int len, int optflags, PfxEntry* ppfx, const FLAG needflag = NULL);
                                                                                                                  ^
libtool: compile:  g++ -DHAVE_CONFIG_H -I. -I../.. -fvisibility=hidden -DBUILDING_LIBHUNSPELL -g -O2 -MT dictmgr.lo -MD -MP -MF .deps/dictmgr.Tpo -c dictmgr.cxx -o dictmgr.o >/dev/null 2>&1
mv -f .deps/dictmgr.Tpo .deps/dictmgr.Plo
/bin/sh ../../libtool --tag=CXX   --mode=compile g++ -DHAVE_CONFIG_H -I. -I../..    -fvisibility=hidden -DBUILDING_LIBHUNSPELL -g -O2 -MT hashmgr.lo -MD -MP -MF .deps/hashmgr.Tpo -c -o hashmgr.lo hashmgr.cxx
libtool: compile:  g++ -DHAVE_CONFIG_H -I. -I../.. -fvisibility=hidden -DBUILDING_LIBHUNSPELL -g -O2 -MT hashmgr.lo -MD -MP -MF .deps/hashmgr.Tpo -c hashmgr.cxx  -fPIC -DPIC -o .libs/hashmgr.o
libtool: compile:  g++ -DHAVE_CONFIG_H -I. -I../.. -fvisibility=hidden -DBUILDING_LIBHUNSPELL -g -O2 -MT hashmgr.lo -MD -MP -MF .deps/hashmgr.Tpo -c hashmgr.cxx -o hashmgr.o >/dev/null 2>&1
libtool: compile:  g++ -DHAVE_CONFIG_H -I. -I../.. -fvisibility=hidden -DBUILDING_LIBHUNSPELL -g -O2 -MT csutil.lo -MD -MP -MF .deps/csutil.Tpo -c csutil.cxx -o csutil.o >/dev/null 2>&1
libtool: compile:  g++ -DHAVE_CONFIG_H -I. -I../.. -fvisibility=hidden -DBUILDING_LIBHUNSPELL -g -O2 -MT affentry.lo -MD -MP -MF .deps/affentry.Tpo -c affentry.cxx -o affentry.o >/dev/null 2>&1
mv -f .deps/hashmgr.Tpo .deps/hashmgr.Plo
/bin/sh ../../libtool --tag=CXX   --mode=compile g++ -DHAVE_CONFIG_H -I. -I../..    -fvisibility=hidden -DBUILDING_LIBHUNSPELL -g -O2 -MT hunspell.lo -MD -MP -MF .deps/hunspell.Tpo -c -o hunspell.lo hunspell.cxx
libtool: compile:  g++ -DHAVE_CONFIG_H -I. -I../.. -fvisibility=hidden -DBUILDING_LIBHUNSPELL -g -O2 -MT hunspell.lo -MD -MP -MF .deps/hunspell.Tpo -c hunspell.cxx  -fPIC -DPIC -o .libs/hunspell.o
mv -f .deps/csutil.Tpo .deps/csutil.Plo
/bin/sh ../../libtool --tag=CXX   --mode=compile g++ -DHAVE_CONFIG_H -I. -I../..    -fvisibility=hidden -DBUILDING_LIBHUNSPELL -g -O2 -MT suggestmgr.lo -MD -MP -MF .deps/suggestmgr.Tpo -c -o suggestmgr.lo suggestmgr.cxx
libtool: compile:  g++ -DHAVE_CONFIG_H -I. -I../.. -fvisibility=hidden -DBUILDING_LIBHUNSPELL -g -O2 -MT suggestmgr.lo -MD -MP -MF .deps/suggestmgr.Tpo -c suggestmgr.cxx  -fPIC -DPIC -o .libs/suggestmgr.o
mv -f .deps/affentry.Tpo .deps/affentry.Plo
/bin/sh ../../libtool --tag=CXX   --mode=compile g++ -DHAVE_CONFIG_H -I. -I../..    -fvisibility=hidden -DBUILDING_LIBHUNSPELL -g -O2 -MT phonet.lo -MD -MP -MF .deps/phonet.Tpo -c -o phonet.lo phonet.cxx
libtool: compile:  g++ -DHAVE_CONFIG_H -I. -I../.. -fvisibility=hidden -DBUILDING_LIBHUNSPELL -g -O2 -MT phonet.lo -MD -MP -MF .deps/phonet.Tpo -c phonet.cxx  -fPIC -DPIC -o .libs/phonet.o
libtool: compile:  g++ -DHAVE_CONFIG_H -I. -I../.. -fvisibility=hidden -DBUILDING_LIBHUNSPELL -g -O2 -MT phonet.lo -MD -MP -MF .deps/phonet.Tpo -c phonet.cxx -o phonet.o >/dev/null 2>&1
libtool: compile:  g++ -DHAVE_CONFIG_H -I. -I../.. -fvisibility=hidden -DBUILDING_LIBHUNSPELL -g -O2 -MT hunspell.lo -MD -MP -MF .deps/hunspell.Tpo -c hunspell.cxx -o hunspell.o >/dev/null 2>&1
mv -f .deps/phonet.Tpo .deps/phonet.Plo
/bin/sh ../../libtool --tag=CXX   --mode=compile g++ -DHAVE_CONFIG_H -I. -I../..    -fvisibility=hidden -DBUILDING_LIBHUNSPELL -g -O2 -MT filemgr.lo -MD -MP -MF .deps/filemgr.Tpo -c -o filemgr.lo filemgr.cxx
libtool: compile:  g++ -DHAVE_CONFIG_H -I. -I../.. -fvisibility=hidden -DBUILDING_LIBHUNSPELL -g -O2 -MT filemgr.lo -MD -MP -MF .deps/filemgr.Tpo -c filemgr.cxx  -fPIC -DPIC -o .libs/filemgr.o
libtool: compile:  g++ -DHAVE_CONFIG_H -I. -I../.. -fvisibility=hidden -DBUILDING_LIBHUNSPELL -g -O2 -MT filemgr.lo -MD -MP -MF .deps/filemgr.Tpo -c filemgr.cxx -o filemgr.o >/dev/null 2>&1
mv -f .deps/filemgr.Tpo .deps/filemgr.Plo
/bin/sh ../../libtool --tag=CXX   --mode=compile g++ -DHAVE_CONFIG_H -I. -I../..    -fvisibility=hidden -DBUILDING_LIBHUNSPELL -g -O2 -MT hunzip.lo -MD -MP -MF .deps/hunzip.Tpo -c -o hunzip.lo hunzip.cxx
libtool: compile:  g++ -DHAVE_CONFIG_H -I. -I../.. -fvisibility=hidden -DBUILDING_LIBHUNSPELL -g -O2 -MT hunzip.lo -MD -MP -MF .deps/hunzip.Tpo -c hunzip.cxx  -fPIC -DPIC -o .libs/hunzip.o
libtool: compile:  g++ -DHAVE_CONFIG_H -I. -I../.. -fvisibility=hidden -DBUILDING_LIBHUNSPELL -g -O2 -MT affixmgr.lo -MD -MP -MF .deps/affixmgr.Tpo -c affixmgr.cxx -o affixmgr.o >/dev/null 2>&1
libtool: compile:  g++ -DHAVE_CONFIG_H -I. -I../.. -fvisibility=hidden -DBUILDING_LIBHUNSPELL -g -O2 -MT hunzip.lo -MD -MP -MF .deps/hunzip.Tpo -c hunzip.cxx -o hunzip.o >/dev/null 2>&1
libtool: compile:  g++ -DHAVE_CONFIG_H -I. -I../.. -fvisibility=hidden -DBUILDING_LIBHUNSPELL -g -O2 -MT suggestmgr.lo -MD -MP -MF .deps/suggestmgr.Tpo -c suggestmgr.cxx -o suggestmgr.o >/dev/null 2>&1
mv -f .deps/hunzip.Tpo .deps/hunzip.Plo
/bin/sh ../../libtool --tag=CXX   --mode=compile g++ -DHAVE_CONFIG_H -I. -I../..    -fvisibility=hidden -DBUILDING_LIBHUNSPELL -g -O2 -MT replist.lo -MD -MP -MF .deps/replist.Tpo -c -o replist.lo replist.cxx
libtool: compile:  g++ -DHAVE_CONFIG_H -I. -I../.. -fvisibility=hidden -DBUILDING_LIBHUNSPELL -g -O2 -MT replist.lo -MD -MP -MF .deps/replist.Tpo -c replist.cxx  -fPIC -DPIC -o .libs/replist.o
libtool: compile:  g++ -DHAVE_CONFIG_H -I. -I../.. -fvisibility=hidden -DBUILDING_LIBHUNSPELL -g -O2 -MT replist.lo -MD -MP -MF .deps/replist.Tpo -c replist.cxx -o replist.o >/dev/null 2>&1
mv -f .deps/replist.Tpo .deps/replist.Plo
mv -f .deps/hunspell.Tpo .deps/hunspell.Plo
mv -f .deps/suggestmgr.Tpo .deps/suggestmgr.Plo
mv -f .deps/affixmgr.Tpo .deps/affixmgr.Plo
/bin/sh ../../libtool --tag=CXX   --mode=link g++ -fvisibility=hidden -DBUILDING_LIBHUNSPELL -g -O2 -no-undefined  -o libhunspell-1.3.la -rpath /usr/lib affentry.lo affixmgr.lo csutil.lo dictmgr.lo hashmgr.lo hunspell.lo suggestmgr.lo phonet.lo filemgr.lo hunzip.lo replist.lo  
libtool: link: g++ -shared -nostdlib /usr/lib/gcc/i486-slackware-linux/4.8.2/../../../crti.o /usr/lib/gcc/i486-slackware-linux/4.8.2/crtbeginS.o  .libs/affentry.o .libs/affixmgr.o .libs/csutil.o .libs/dictmgr.o .libs/hashmgr.o .libs/hunspell.o .libs/suggestmgr.o .libs/phonet.o .libs/filemgr.o .libs/hunzip.o .libs/replist.o   -L/usr/lib/gcc/i486-slackware-linux/4.8.2 -L/usr/lib/gcc/i486-slackware-linux/4.8.2/../../../../i486-slackware-linux/lib -L/usr/lib/gcc/i486-slackware-linux/4.8.2/../../.. /usr/lib/libstdc++.so -lm -lc -lgcc_s /usr/lib/gcc/i486-slackware-linux/4.8.2/crtendS.o /usr/lib/gcc/i486-slackware-linux/4.8.2/../../../crtn.o    -Wl,-soname -Wl,libhunspell-1.3.so.0 -o .libs/libhunspell-1.3.so.0.0.0
libtool: link: (cd ".libs" && rm -f "libhunspell-1.3.so.0" && ln -s "libhunspell-1.3.so.0.0.0" "libhunspell-1.3.so.0")
libtool: link: (cd ".libs" && rm -f "libhunspell-1.3.so" && ln -s "libhunspell-1.3.so.0.0.0" "libhunspell-1.3.so")
libtool: link: ar cru .libs/libhunspell-1.3.a  affentry.o affixmgr.o csutil.o dictmgr.o hashmgr.o hunspell.o suggestmgr.o phonet.o filemgr.o hunzip.o replist.o
libtool: link: ranlib .libs/libhunspell-1.3.a
libtool: link: ( cd ".libs" && rm -f "libhunspell-1.3.la" && ln -s "../libhunspell-1.3.la" "libhunspell-1.3.la" )
make[3]: Leaving directory `/mnt/sda6/00_new-woof/petbuilds-slacko-32/builds/hunspell/hunspell-1.3.3/src/hunspell'
Making all in parsers
make[3]: Entering directory `/mnt/sda6/00_new-woof/petbuilds-slacko-32/builds/hunspell/hunspell-1.3.3/src/parsers'
g++ -DHAVE_CONFIG_H -I. -I../..     -g -O2 -MT firstparser.o -MD -MP -MF .deps/firstparser.Tpo -c -o firstparser.o firstparser.cxx
g++ -DHAVE_CONFIG_H -I. -I../..     -g -O2 -MT xmlparser.o -MD -MP -MF .deps/xmlparser.Tpo -c -o xmlparser.o xmlparser.cxx
g++ -DHAVE_CONFIG_H -I. -I../..     -g -O2 -MT latexparser.o -MD -MP -MF .deps/latexparser.Tpo -c -o latexparser.o latexparser.cxx
g++ -DHAVE_CONFIG_H -I. -I../..     -g -O2 -MT manparser.o -MD -MP -MF .deps/manparser.Tpo -c -o manparser.o manparser.cxx
mv -f .deps/firstparser.Tpo .deps/firstparser.Po
g++ -DHAVE_CONFIG_H -I. -I../..     -g -O2 -MT textparser.o -MD -MP -MF .deps/textparser.Tpo -c -o textparser.o textparser.cxx
mv -f .deps/manparser.Tpo .deps/manparser.Po
g++ -DHAVE_CONFIG_H -I. -I../..     -g -O2 -MT htmlparser.o -MD -MP -MF .deps/htmlparser.Tpo -c -o htmlparser.o htmlparser.cxx
mv -f .deps/latexparser.Tpo .deps/latexparser.Po
g++ -DHAVE_CONFIG_H -I. -I../..     -g -O2 -MT odfparser.o -MD -MP -MF .deps/odfparser.Tpo -c -o odfparser.o odfparser.cxx
mv -f .deps/xmlparser.Tpo .deps/xmlparser.Po
g++ -DHAVE_CONFIG_H -I. -I../..     -g -O2 -MT testparser.o -MD -MP -MF .deps/testparser.Tpo -c -o testparser.o testparser.cxx
mv -f .deps/htmlparser.Tpo .deps/htmlparser.Po
mv -f .deps/textparser.Tpo .deps/textparser.Po
mv -f .deps/odfparser.Tpo .deps/odfparser.Po
rm -f libparsers.a
ar cru libparsers.a firstparser.o xmlparser.o latexparser.o manparser.o textparser.o htmlparser.o odfparser.o 
ranlib libparsers.a
mv -f .deps/testparser.Tpo .deps/testparser.Po
/bin/sh ../../libtool --tag=CXX   --mode=link g++  -g -O2   -o testparser firstparser.o xmlparser.o latexparser.o manparser.o testparser.o textparser.o htmlparser.o odfparser.o ../hunspell/libhunspell-1.3.la 
libtool: link: g++ -g -O2 -o .libs/testparser firstparser.o xmlparser.o latexparser.o manparser.o testparser.o textparser.o htmlparser.o odfparser.o  ../hunspell/.libs/libhunspell-1.3.so /usr/lib/libstdc++.so -lm
make[3]: Leaving directory `/mnt/sda6/00_new-woof/petbuilds-slacko-32/builds/hunspell/hunspell-1.3.3/src/parsers'
Making all in tools
make[3]: Entering directory `/mnt/sda6/00_new-woof/petbuilds-slacko-32/builds/hunspell/hunspell-1.3.3/src/tools'
g++ -DHAVE_CONFIG_H -I. -I../.. -I../../src/hunspell -I../../src/parsers    -g -O2 -MT analyze.o -MD -MP -MF .deps/analyze.Tpo -c -o analyze.o analyze.cxx
g++ -DHAVE_CONFIG_H -I. -I../.. -I../../src/hunspell -I../../src/parsers    -g -O2 -MT chmorph.o -MD -MP -MF .deps/chmorph.Tpo -c -o chmorph.o chmorph.cxx
g++ -DHAVE_CONFIG_H -I. -I../.. -I../../src/hunspell -I../../src/parsers    -g -O2 -MT hunspell.o -MD -MP -MF .deps/hunspell.Tpo -c -o hunspell.o hunspell.cxx
gcc -DHAVE_CONFIG_H -I. -I../.. -I../../src/hunspell -I../../src/parsers    -g -O2 -MT munch.o -MD -MP -MF .deps/munch.Tpo -c -o munch.o munch.c
mv -f .deps/analyze.Tpo .deps/analyze.Po
mv -f .deps/chmorph.Tpo .deps/chmorph.Po
gcc -DHAVE_CONFIG_H -I. -I../.. -I../../src/hunspell -I../../src/parsers    -g -O2 -MT unmunch.o -MD -MP -MF .deps/unmunch.Tpo -c -o unmunch.o unmunch.c
gcc -DHAVE_CONFIG_H -I. -I../.. -I../../src/hunspell -I../../src/parsers    -g -O2 -MT hzip.o -MD -MP -MF .deps/hzip.Tpo -c -o hzip.o hzip.c
mv -f .deps/hzip.Tpo .deps/hzip.Po
g++ -DHAVE_CONFIG_H -I. -I../.. -I../../src/hunspell -I../../src/parsers    -g -O2 -MT hunzip.o -MD -MP -MF .deps/hunzip.Tpo -c -o hunzip.o hunzip.cxx
mv -f .deps/munch.Tpo .deps/munch.Po
mv -f .deps/unmunch.Tpo .deps/unmunch.Po
g++ -DHAVE_CONFIG_H -I. -I../.. -I../../src/hunspell -I../../src/parsers    -g -O2 -MT example.o -MD -MP -MF .deps/example.Tpo -c -o example.o example.cxx
/bin/sh ../../libtool --tag=CXX   --mode=link g++  -g -O2   -o analyze analyze.o ../hunspell/libhunspell-1.3.la 
mv -f .deps/hunzip.Tpo .deps/hunzip.Po
/bin/sh ../../libtool --tag=CXX   --mode=link g++  -g -O2   -o chmorph chmorph.o ../parsers/libparsers.a ../hunspell/libhunspell-1.3.la 
mv -f .deps/example.Tpo .deps/example.Po
/bin/sh ../../libtool --tag=CC   --mode=link gcc  -g -O2   -o munch munch.o  
libtool: link: gcc -g -O2 -o munch munch.o 
libtool: link: g++ -g -O2 -o .libs/analyze analyze.o  ../hunspell/.libs/libhunspell-1.3.so /usr/lib/libstdc++.so -lm
/bin/sh ../../libtool --tag=CC   --mode=link gcc  -g -O2   -o unmunch unmunch.o  
mv -f .deps/hunspell.Tpo .deps/hunspell.Po
/bin/sh ../../libtool --tag=CC   --mode=link gcc  -g -O2   -o hzip hzip.o  
libtool: link: g++ -g -O2 -o .libs/chmorph chmorph.o  ../parsers/libparsers.a ../hunspell/.libs/libhunspell-1.3.so /usr/lib/libstdc++.so -lm
libtool: link: gcc -g -O2 -o unmunch unmunch.o 
/bin/sh ../../libtool --tag=CXX   --mode=link g++  -g -O2   -o hunzip hunzip.o ../hunspell/libhunspell-1.3.la 
/bin/sh ../../libtool --tag=CXX   --mode=link g++  -g -O2   -o example example.o ../hunspell/libhunspell-1.3.la 
libtool: link: gcc -g -O2 -o hzip hzip.o 
/bin/sh ../../libtool --tag=CXX   --mode=link g++  -g -O2   -o hunspell hunspell.o ../parsers/libparsers.a ../hunspell/libhunspell-1.3.la   
libtool: link: g++ -g -O2 -o .libs/hunzip hunzip.o  ../hunspell/.libs/libhunspell-1.3.so /usr/lib/libstdc++.so -lm
libtool: link: g++ -g -O2 -o .libs/example example.o  ../hunspell/.libs/libhunspell-1.3.so /usr/lib/libstdc++.so -lm
libtool: link: g++ -g -O2 -o .libs/hunspell hunspell.o  ../parsers/libparsers.a ../hunspell/.libs/libhunspell-1.3.so /usr/lib/libstdc++.so -lm
make[3]: Leaving directory `/mnt/sda6/00_new-woof/petbuilds-slacko-32/builds/hunspell/hunspell-1.3.3/src/tools'
Making all in win_api
make[3]: Entering directory `/mnt/sda6/00_new-woof/petbuilds-slacko-32/builds/hunspell/hunspell-1.3.3/src/win_api'
make[3]: Nothing to be done for `all'.
make[3]: Leaving directory `/mnt/sda6/00_new-woof/petbuilds-slacko-32/builds/hunspell/hunspell-1.3.3/src/win_api'
make[3]: Entering directory `/mnt/sda6/00_new-woof/petbuilds-slacko-32/builds/hunspell/hunspell-1.3.3/src'
make[3]: Nothing to be done for `all-am'.
make[3]: Leaving directory `/mnt/sda6/00_new-woof/petbuilds-slacko-32/builds/hunspell/hunspell-1.3.3/src'
make[2]: Leaving directory `/mnt/sda6/00_new-woof/petbuilds-slacko-32/builds/hunspell/hunspell-1.3.3/src'
Making all in man
make[2]: Entering directory `/mnt/sda6/00_new-woof/petbuilds-slacko-32/builds/hunspell/hunspell-1.3.3/man'
Making all in hu
make[3]: Entering directory `/mnt/sda6/00_new-woof/petbuilds-slacko-32/builds/hunspell/hunspell-1.3.3/man/hu'
make[3]: Nothing to be done for `all'.
make[3]: Leaving directory `/mnt/sda6/00_new-woof/petbuilds-slacko-32/builds/hunspell/hunspell-1.3.3/man/hu'
make[3]: Entering directory `/mnt/sda6/00_new-woof/petbuilds-slacko-32/builds/hunspell/hunspell-1.3.3/man'
make[3]: Nothing to be done for `all-am'.
make[3]: Leaving directory `/mnt/sda6/00_new-woof/petbuilds-slacko-32/builds/hunspell/hunspell-1.3.3/man'
make[2]: Leaving directory `/mnt/sda6/00_new-woof/petbuilds-slacko-32/builds/hunspell/hunspell-1.3.3/man'
Making all in m4
make[2]: Entering directory `/mnt/sda6/00_new-woof/petbuilds-slacko-32/builds/hunspell/hunspell-1.3.3/m4'
make[2]: Nothing to be done for `all'.
make[2]: Leaving directory `/mnt/sda6/00_new-woof/petbuilds-slacko-32/builds/hunspell/hunspell-1.3.3/m4'
Making all in tests
make[2]: Entering directory `/mnt/sda6/00_new-woof/petbuilds-slacko-32/builds/hunspell/hunspell-1.3.3/tests'
Making all in suggestiontest
make[3]: Entering directory `/mnt/sda6/00_new-woof/petbuilds-slacko-32/builds/hunspell/hunspell-1.3.3/tests/suggestiontest'
make[3]: Nothing to be done for `all'.
make[3]: Leaving directory `/mnt/sda6/00_new-woof/petbuilds-slacko-32/builds/hunspell/hunspell-1.3.3/tests/suggestiontest'
make[3]: Entering directory `/mnt/sda6/00_new-woof/petbuilds-slacko-32/builds/hunspell/hunspell-1.3.3/tests'
make[3]: Nothing to be done for `all-am'.
make[3]: Leaving directory `/mnt/sda6/00_new-woof/petbuilds-slacko-32/builds/hunspell/hunspell-1.3.3/tests'
make[2]: Leaving directory `/mnt/sda6/00_new-woof/petbuilds-slacko-32/builds/hunspell/hunspell-1.3.3/tests'
make[2]: Entering directory `/mnt/sda6/00_new-woof/petbuilds-slacko-32/builds/hunspell/hunspell-1.3.3'
make[2]: Leaving directory `/mnt/sda6/00_new-woof/petbuilds-slacko-32/builds/hunspell/hunspell-1.3.3'
make[1]: Leaving directory `/mnt/sda6/00_new-woof/petbuilds-slacko-32/builds/hunspell/hunspell-1.3.3'
Making install in intl
make[1]: Entering directory `/mnt/sda6/00_new-woof/petbuilds-slacko-32/builds/hunspell/hunspell-1.3.3/intl'
if { test "hunspell" = "gettext-runtime" || test "hunspell" = "gettext-tools"; } \
   && test 'no' = yes; then \
  .././install-sh -c -d /mnt/sda6/00_new-woof/petbuilds-slacko-32/builds/hunspell/hunspell-install/usr/lib /mnt/sda6/00_new-woof/petbuilds-slacko-32/builds/hunspell/hunspell-install/usr/include; \
  /usr/bin/ginstall -c -m 644 libintl.h /mnt/sda6/00_new-woof/petbuilds-slacko-32/builds/hunspell/hunspell-install/usr/include/libintl.h; \
  /bin/sh ../libtool --mode=install \
    /usr/bin/ginstall -c -m 644 libintl.a /mnt/sda6/00_new-woof/petbuilds-slacko-32/builds/hunspell/hunspell-install/usr/lib/libintl.a; \
  if test "@RELOCATABLE@" = yes; then \
    dependencies=`sed -n -e 's,^dependency_libs=\(.*\),\1,p' < /mnt/sda6/00_new-woof/petbuilds-slacko-32/builds/hunspell/hunspell-install/usr/lib/libintl.la | sed -e "s,^',," -e "s,'\$,,"`; \
    if test -n "$dependencies"; then \
      rm -f /mnt/sda6/00_new-woof/petbuilds-slacko-32/builds/hunspell/hunspell-install/usr/lib/libintl.la; \
    fi; \
  fi; \
else \
  : ; \
fi
if test "hunspell" = "gettext-tools" \
   && test 'no' = no \
   && test yes != no; then \
  .././install-sh -c -d /mnt/sda6/00_new-woof/petbuilds-slacko-32/builds/hunspell/hunspell-install/usr/lib; \
  /bin/sh ../libtool --mode=install \
    /usr/bin/ginstall -c -m 644 libgnuintl.a /mnt/sda6/00_new-woof/petbuilds-slacko-32/builds/hunspell/hunspell-install/usr/lib/libgnuintl.a; \
  rm -f /mnt/sda6/00_new-woof/petbuilds-slacko-32/builds/hunspell/hunspell-install/usr/lib/preloadable_libintl.so; \
  /usr/bin/ginstall -c -m 644 /mnt/sda6/00_new-woof/petbuilds-slacko-32/builds/hunspell/hunspell-install/usr/lib/libgnuintl.so /mnt/sda6/00_new-woof/petbuilds-slacko-32/builds/hunspell/hunspell-install/usr/lib/preloadable_libintl.so; \
  /bin/sh ../libtool --mode=uninstall \
    rm -f /mnt/sda6/00_new-woof/petbuilds-slacko-32/builds/hunspell/hunspell-install/usr/lib/libgnuintl.a; \
else \
  : ; \
fi
if test 'no' = yes; then \
  test yes != no || .././install-sh -c -d /mnt/sda6/00_new-woof/petbuilds-slacko-32/builds/hunspell/hunspell-install/usr/lib; \
  temp=/mnt/sda6/00_new-woof/petbuilds-slacko-32/builds/hunspell/hunspell-install/usr/lib/t-charset.alias; \
  dest=/mnt/sda6/00_new-woof/petbuilds-slacko-32/builds/hunspell/hunspell-install/usr/lib/charset.alias; \
  if test -f /mnt/sda6/00_new-woof/petbuilds-slacko-32/builds/hunspell/hunspell-install/usr/lib/charset.alias; then \
    orig=/mnt/sda6/00_new-woof/petbuilds-slacko-32/builds/hunspell/hunspell-install/usr/lib/charset.alias; \
    sed -f ref-add.sed $orig > $temp; \
    /usr/bin/ginstall -c -m 644 $temp $dest; \
    rm -f $temp; \
  else \
    if test yes = no; then \
      orig=charset.alias; \
      sed -f ref-add.sed $orig > $temp; \
      /usr/bin/ginstall -c -m 644 $temp $dest; \
      rm -f $temp; \
    fi; \
  fi; \
  .././install-sh -c -d /mnt/sda6/00_new-woof/petbuilds-slacko-32/builds/hunspell/hunspell-install/usr/share/locale; \
  test -f /mnt/sda6/00_new-woof/petbuilds-slacko-32/builds/hunspell/hunspell-install/usr/share/locale/locale.alias \
    && orig=/mnt/sda6/00_new-woof/petbuilds-slacko-32/builds/hunspell/hunspell-install/usr/share/locale/locale.alias \
    || orig=./locale.alias; \
  temp=/mnt/sda6/00_new-woof/petbuilds-slacko-32/builds/hunspell/hunspell-install/usr/share/locale/t-locale.alias; \
  dest=/mnt/sda6/00_new-woof/petbuilds-slacko-32/builds/hunspell/hunspell-install/usr/share/locale/locale.alias; \
  sed -f ref-add.sed $orig > $temp; \
  /usr/bin/ginstall -c -m 644 $temp $dest; \
  rm -f $temp; \
else \
  : ; \
fi
if test "hunspell" = "gettext-tools"; then \
  .././install-sh -c -d /mnt/sda6/00_new-woof/petbuilds-slacko-32/builds/hunspell/hunspell-install/usr/share/gettext/intl; \
  /usr/bin/ginstall -c -m 644 VERSION /mnt/sda6/00_new-woof/petbuilds-slacko-32/builds/hunspell/hunspell-install/usr/share/gettext/intl/VERSION; \
  /usr/bin/ginstall -c -m 644 ChangeLog.inst /mnt/sda6/00_new-woof/petbuilds-slacko-32/builds/hunspell/hunspell-install/usr/share/gettext/intl/ChangeLog; \
  dists="COPYING.LIB-2.0 COPYING.LIB-2.1 Makefile.in config.charset locale.alias ref-add.sin ref-del.sin export.h libintl.rc gmo.h gettextP.h hash-string.h loadinfo.h plural-exp.h eval-plural.h localcharset.h lock.h relocatable.h tsearch.h tsearch.c xsize.h printf-args.h printf-args.c printf-parse.h wprintf-parse.h printf-parse.c vasnprintf.h vasnwprintf.h vasnprintf.c os2compat.h libgnuintl.h.in bindtextdom.c dcgettext.c dgettext.c gettext.c finddomain.c hash-string.c loadmsgcat.c localealias.c textdomain.c l10nflist.c explodename.c dcigettext.c dcngettext.c dngettext.c ngettext.c plural.y plural-exp.c localcharset.c lock.c relocatable.c langprefs.c localename.c log.c printf.c version.c osdep.c os2compat.c intl-exports.c intl-compat.c"; \
  for file in $dists; do \
    /usr/bin/ginstall -c -m 644 ./$file \
		    /mnt/sda6/00_new-woof/petbuilds-slacko-32/builds/hunspell/hunspell-install/usr/share/gettext/intl/$file; \
  done; \
  chmod a+x /mnt/sda6/00_new-woof/petbuilds-slacko-32/builds/hunspell/hunspell-install/usr/share/gettext/intl/config.charset; \
  dists="plural.c"; \
  for file in $dists; do \
    if test -f $file; then dir=.; else dir=.; fi; \
    /usr/bin/ginstall -c -m 644 $dir/$file \
		    /mnt/sda6/00_new-woof/petbuilds-slacko-32/builds/hunspell/hunspell-install/usr/share/gettext/intl/$file; \
  done; \
  dists="xopen-msg.sed linux-msg.sed po2tbl.sed.in cat-compat.c COPYING.LIB-2 gettext.h libgettext.h plural-eval.c libgnuintl.h libgnuintl.h_vms Makefile.vms libgnuintl.h.msvc-static libgnuintl.h.msvc-shared Makefile.msvc"; \
  for file in $dists; do \
    rm -f /mnt/sda6/00_new-woof/petbuilds-slacko-32/builds/hunspell/hunspell-install/usr/share/gettext/intl/$file; \
  done; \
else \
  : ; \
fi
make[1]: Leaving directory `/mnt/sda6/00_new-woof/petbuilds-slacko-32/builds/hunspell/hunspell-1.3.3/intl'
Making install in po
make[1]: Entering directory `/mnt/sda6/00_new-woof/petbuilds-slacko-32/builds/hunspell/hunspell-1.3.3/po'
.././install-sh -c -d /mnt/sda6/00_new-woof/petbuilds-slacko-32/builds/hunspell/hunspell-install/usr/share
installing hu.gmo as /mnt/sda6/00_new-woof/petbuilds-slacko-32/builds/hunspell/hunspell-install/usr/share/locale/hu/LC_MESSAGES/hunspell.mo
installing it.gmo as /mnt/sda6/00_new-woof/petbuilds-slacko-32/builds/hunspell/hunspell-install/usr/share/locale/it/LC_MESSAGES/hunspell.mo
if test "hunspell" = "gettext-tools"; then \
  .././install-sh -c -d /mnt/sda6/00_new-woof/petbuilds-slacko-32/builds/hunspell/hunspell-install/usr/share/gettext/po; \
  for file in Makefile.in.in remove-potcdate.sin quot.sed boldquot.sed en@quot.header en@boldquot.header insert-header.sin Rules-quot   Makevars.template; do \
    /usr/bin/ginstall -c -m 644 ./$file \
		    /mnt/sda6/00_new-woof/petbuilds-slacko-32/builds/hunspell/hunspell-install/usr/share/gettext/po/$file; \
  done; \
  for file in Makevars; do \
    rm -f /mnt/sda6/00_new-woof/petbuilds-slacko-32/builds/hunspell/hunspell-install/usr/share/gettext/po/$file; \
  done; \
else \
  : ; \
fi
make[1]: Leaving directory `/mnt/sda6/00_new-woof/petbuilds-slacko-32/builds/hunspell/hunspell-1.3.3/po'
Making install in src
make[1]: Entering directory `/mnt/sda6/00_new-woof/petbuilds-slacko-32/builds/hunspell/hunspell-1.3.3/src'
Making install in hunspell
make[2]: Entering directory `/mnt/sda6/00_new-woof/petbuilds-slacko-32/builds/hunspell/hunspell-1.3.3/src/hunspell'
make[3]: Entering directory `/mnt/sda6/00_new-woof/petbuilds-slacko-32/builds/hunspell/hunspell-1.3.3/src/hunspell'
test -z "/usr/lib" || ../.././install-sh -c -d "/mnt/sda6/00_new-woof/petbuilds-slacko-32/builds/hunspell/hunspell-install/usr/lib"
 /bin/sh ../../libtool   --mode=install /usr/bin/ginstall -c   libhunspell-1.3.la '/mnt/sda6/00_new-woof/petbuilds-slacko-32/builds/hunspell/hunspell-install/usr/lib'
libtool: install: /usr/bin/ginstall -c .libs/libhunspell-1.3.so.0.0.0 /mnt/sda6/00_new-woof/petbuilds-slacko-32/builds/hunspell/hunspell-install/usr/lib/libhunspell-1.3.so.0.0.0
libtool: install: (cd /mnt/sda6/00_new-woof/petbuilds-slacko-32/builds/hunspell/hunspell-install/usr/lib && { ln -s -f libhunspell-1.3.so.0.0.0 libhunspell-1.3.so.0 || { rm -f libhunspell-1.3.so.0 && ln -s libhunspell-1.3.so.0.0.0 libhunspell-1.3.so.0; }; })
libtool: install: (cd /mnt/sda6/00_new-woof/petbuilds-slacko-32/builds/hunspell/hunspell-install/usr/lib && { ln -s -f libhunspell-1.3.so.0.0.0 libhunspell-1.3.so || { rm -f libhunspell-1.3.so && ln -s libhunspell-1.3.so.0.0.0 libhunspell-1.3.so; }; })
libtool: install: /usr/bin/ginstall -c .libs/libhunspell-1.3.lai /mnt/sda6/00_new-woof/petbuilds-slacko-32/builds/hunspell/hunspell-install/usr/lib/libhunspell-1.3.la
libtool: install: /usr/bin/ginstall -c .libs/libhunspell-1.3.a /mnt/sda6/00_new-woof/petbuilds-slacko-32/builds/hunspell/hunspell-install/usr/lib/libhunspell-1.3.a
libtool: install: chmod 644 /mnt/sda6/00_new-woof/petbuilds-slacko-32/builds/hunspell/hunspell-install/usr/lib/libhunspell-1.3.a
libtool: install: ranlib /mnt/sda6/00_new-woof/petbuilds-slacko-32/builds/hunspell/hunspell-install/usr/lib/libhunspell-1.3.a
libtool: install: warning: remember to run `libtool --finish /usr/lib'
test -z "/usr/include/hunspell" || ../.././install-sh -c -d "/mnt/sda6/00_new-woof/petbuilds-slacko-32/builds/hunspell/hunspell-install/usr/include/hunspell"
 /usr/bin/ginstall -c -m 644 affentry.hxx htypes.hxx affixmgr.hxx csutil.hxx hunspell.hxx atypes.hxx dictmgr.hxx hunspell.h suggestmgr.hxx baseaffix.hxx hashmgr.hxx langnum.hxx phonet.hxx filemgr.hxx hunzip.hxx w_char.hxx replist.hxx hunvisapi.h '/mnt/sda6/00_new-woof/petbuilds-slacko-32/builds/hunspell/hunspell-install/usr/include/hunspell'
make[3]: Leaving directory `/mnt/sda6/00_new-woof/petbuilds-slacko-32/builds/hunspell/hunspell-1.3.3/src/hunspell'
make[2]: Leaving directory `/mnt/sda6/00_new-woof/petbuilds-slacko-32/builds/hunspell/hunspell-1.3.3/src/hunspell'
Making install in parsers
make[2]: Entering directory `/mnt/sda6/00_new-woof/petbuilds-slacko-32/builds/hunspell/hunspell-1.3.3/src/parsers'
make[3]: Entering directory `/mnt/sda6/00_new-woof/petbuilds-slacko-32/builds/hunspell/hunspell-1.3.3/src/parsers'
make[3]: Nothing to be done for `install-exec-am'.
make[3]: Nothing to be done for `install-data-am'.
make[3]: Leaving directory `/mnt/sda6/00_new-woof/petbuilds-slacko-32/builds/hunspell/hunspell-1.3.3/src/parsers'
make[2]: Leaving directory `/mnt/sda6/00_new-woof/petbuilds-slacko-32/builds/hunspell/hunspell-1.3.3/src/parsers'
Making install in tools
make[2]: Entering directory `/mnt/sda6/00_new-woof/petbuilds-slacko-32/builds/hunspell/hunspell-1.3.3/src/tools'
make[3]: Entering directory `/mnt/sda6/00_new-woof/petbuilds-slacko-32/builds/hunspell/hunspell-1.3.3/src/tools'
test -z "/usr/bin" || ../.././install-sh -c -d "/mnt/sda6/00_new-woof/petbuilds-slacko-32/builds/hunspell/hunspell-install/usr/bin"
  /bin/sh ../../libtool   --mode=install /usr/bin/ginstall -c analyze chmorph hunspell munch unmunch hzip hunzip '/mnt/sda6/00_new-woof/petbuilds-slacko-32/builds/hunspell/hunspell-install/usr/bin'
libtool: install: warning: `../hunspell/libhunspell-1.3.la' has not been installed in `/usr/lib'
libtool: install: /usr/bin/ginstall -c .libs/analyze /mnt/sda6/00_new-woof/petbuilds-slacko-32/builds/hunspell/hunspell-install/usr/bin/analyze
libtool: install: warning: `../hunspell/libhunspell-1.3.la' has not been installed in `/usr/lib'
libtool: install: /usr/bin/ginstall -c .libs/chmorph /mnt/sda6/00_new-woof/petbuilds-slacko-32/builds/hunspell/hunspell-install/usr/bin/chmorph
libtool: install: warning: `../hunspell/libhunspell-1.3.la' has not been installed in `/usr/lib'
libtool: install: /usr/bin/ginstall -c .libs/hunspell /mnt/sda6/00_new-woof/petbuilds-slacko-32/builds/hunspell/hunspell-install/usr/bin/hunspell
libtool: install: /usr/bin/ginstall -c munch /mnt/sda6/00_new-woof/petbuilds-slacko-32/builds/hunspell/hunspell-install/usr/bin/munch
libtool: install: /usr/bin/ginstall -c unmunch /mnt/sda6/00_new-woof/petbuilds-slacko-32/builds/hunspell/hunspell-install/usr/bin/unmunch
libtool: install: /usr/bin/ginstall -c hzip /mnt/sda6/00_new-woof/petbuilds-slacko-32/builds/hunspell/hunspell-install/usr/bin/hzip
libtool: install: warning: `../hunspell/libhunspell-1.3.la' has not been installed in `/usr/lib'
libtool: install: /usr/bin/ginstall -c .libs/hunzip /mnt/sda6/00_new-woof/petbuilds-slacko-32/builds/hunspell/hunspell-install/usr/bin/hunzip
test -z "/usr/bin" || ../.././install-sh -c -d "/mnt/sda6/00_new-woof/petbuilds-slacko-32/builds/hunspell/hunspell-install/usr/bin"
 /usr/bin/ginstall -c makealias affixcompress wordforms ispellaff2myspell wordlist2hunspell '/mnt/sda6/00_new-woof/petbuilds-slacko-32/builds/hunspell/hunspell-install/usr/bin'
make[3]: Nothing to be done for `install-data-am'.
make[3]: Leaving directory `/mnt/sda6/00_new-woof/petbuilds-slacko-32/builds/hunspell/hunspell-1.3.3/src/tools'
make[2]: Leaving directory `/mnt/sda6/00_new-woof/petbuilds-slacko-32/builds/hunspell/hunspell-1.3.3/src/tools'
Making install in win_api
make[2]: Entering directory `/mnt/sda6/00_new-woof/petbuilds-slacko-32/builds/hunspell/hunspell-1.3.3/src/win_api'
make[3]: Entering directory `/mnt/sda6/00_new-woof/petbuilds-slacko-32/builds/hunspell/hunspell-1.3.3/src/win_api'
make[3]: Nothing to be done for `install-exec-am'.
make[3]: Nothing to be done for `install-data-am'.
make[3]: Leaving directory `/mnt/sda6/00_new-woof/petbuilds-slacko-32/builds/hunspell/hunspell-1.3.3/src/win_api'
make[2]: Leaving directory `/mnt/sda6/00_new-woof/petbuilds-slacko-32/builds/hunspell/hunspell-1.3.3/src/win_api'
make[2]: Entering directory `/mnt/sda6/00_new-woof/petbuilds-slacko-32/builds/hunspell/hunspell-1.3.3/src'
make[3]: Entering directory `/mnt/sda6/00_new-woof/petbuilds-slacko-32/builds/hunspell/hunspell-1.3.3/src'
make[3]: Nothing to be done for `install-exec-am'.
make[3]: Nothing to be done for `install-data-am'.
make[3]: Leaving directory `/mnt/sda6/00_new-woof/petbuilds-slacko-32/builds/hunspell/hunspell-1.3.3/src'
make[2]: Leaving directory `/mnt/sda6/00_new-woof/petbuilds-slacko-32/builds/hunspell/hunspell-1.3.3/src'
make[1]: Leaving directory `/mnt/sda6/00_new-woof/petbuilds-slacko-32/builds/hunspell/hunspell-1.3.3/src'
Making install in man
make[1]: Entering directory `/mnt/sda6/00_new-woof/petbuilds-slacko-32/builds/hunspell/hunspell-1.3.3/man'
Making install in hu
make[2]: Entering directory `/mnt/sda6/00_new-woof/petbuilds-slacko-32/builds/hunspell/hunspell-1.3.3/man/hu'
make[3]: Entering directory `/mnt/sda6/00_new-woof/petbuilds-slacko-32/builds/hunspell/hunspell-1.3.3/man/hu'
make[3]: Nothing to be done for `install-exec-am'.
test -z "/usr/share/man/hu/man1" || ../.././install-sh -c -d "/mnt/sda6/00_new-woof/petbuilds-slacko-32/builds/hunspell/hunspell-install/usr/share/man/hu/man1"
 /usr/bin/ginstall -c -m 644 hunspell.1 '/mnt/sda6/00_new-woof/petbuilds-slacko-32/builds/hunspell/hunspell-install/usr/share/man/hu/man1'
test -z "/usr/share/man/man5" || ../.././install-sh -c -d "/mnt/sda6/00_new-woof/petbuilds-slacko-32/builds/hunspell/hunspell-install/usr/share/man/man5"
 /usr/bin/ginstall -c -m 644 hunspell.5 '/mnt/sda6/00_new-woof/petbuilds-slacko-32/builds/hunspell/hunspell-install/usr/share/man/man5'
make[3]: Leaving directory `/mnt/sda6/00_new-woof/petbuilds-slacko-32/builds/hunspell/hunspell-1.3.3/man/hu'
make[2]: Leaving directory `/mnt/sda6/00_new-woof/petbuilds-slacko-32/builds/hunspell/hunspell-1.3.3/man/hu'
make[2]: Entering directory `/mnt/sda6/00_new-woof/petbuilds-slacko-32/builds/hunspell/hunspell-1.3.3/man'
make[3]: Entering directory `/mnt/sda6/00_new-woof/petbuilds-slacko-32/builds/hunspell/hunspell-1.3.3/man'
make[3]: Nothing to be done for `install-exec-am'.
test -z "/usr/share/man/man1" || .././install-sh -c -d "/mnt/sda6/00_new-woof/petbuilds-slacko-32/builds/hunspell/hunspell-install/usr/share/man/man1"
 /usr/bin/ginstall -c -m 644 hunspell.1 hzip.1 hunzip.1 '/mnt/sda6/00_new-woof/petbuilds-slacko-32/builds/hunspell/hunspell-install/usr/share/man/man1'
test -z "/usr/share/man/man3" || .././install-sh -c -d "/mnt/sda6/00_new-woof/petbuilds-slacko-32/builds/hunspell/hunspell-install/usr/share/man/man3"
 /usr/bin/ginstall -c -m 644 hunspell.3 '/mnt/sda6/00_new-woof/petbuilds-slacko-32/builds/hunspell/hunspell-install/usr/share/man/man3'
test -z "/usr/share/man/man5" || .././install-sh -c -d "/mnt/sda6/00_new-woof/petbuilds-slacko-32/builds/hunspell/hunspell-install/usr/share/man/man5"
 /usr/bin/ginstall -c -m 644 hunspell.5 '/mnt/sda6/00_new-woof/petbuilds-slacko-32/builds/hunspell/hunspell-install/usr/share/man/man5'
make[3]: Leaving directory `/mnt/sda6/00_new-woof/petbuilds-slacko-32/builds/hunspell/hunspell-1.3.3/man'
make[2]: Leaving directory `/mnt/sda6/00_new-woof/petbuilds-slacko-32/builds/hunspell/hunspell-1.3.3/man'
make[1]: Leaving directory `/mnt/sda6/00_new-woof/petbuilds-slacko-32/builds/hunspell/hunspell-1.3.3/man'
Making install in m4
make[1]: Entering directory `/mnt/sda6/00_new-woof/petbuilds-slacko-32/builds/hunspell/hunspell-1.3.3/m4'
make[2]: Entering directory `/mnt/sda6/00_new-woof/petbuilds-slacko-32/builds/hunspell/hunspell-1.3.3/m4'
make[2]: Nothing to be done for `install-exec-am'.
make[2]: Nothing to be done for `install-data-am'.
make[2]: Leaving directory `/mnt/sda6/00_new-woof/petbuilds-slacko-32/builds/hunspell/hunspell-1.3.3/m4'
make[1]: Leaving directory `/mnt/sda6/00_new-woof/petbuilds-slacko-32/builds/hunspell/hunspell-1.3.3/m4'
Making install in tests
make[1]: Entering directory `/mnt/sda6/00_new-woof/petbuilds-slacko-32/builds/hunspell/hunspell-1.3.3/tests'
Making install in suggestiontest
make[2]: Entering directory `/mnt/sda6/00_new-woof/petbuilds-slacko-32/builds/hunspell/hunspell-1.3.3/tests/suggestiontest'
make[3]: Entering directory `/mnt/sda6/00_new-woof/petbuilds-slacko-32/builds/hunspell/hunspell-1.3.3/tests/suggestiontest'
make[3]: Nothing to be done for `install-exec-am'.
make[3]: Nothing to be done for `install-data-am'.
make[3]: Leaving directory `/mnt/sda6/00_new-woof/petbuilds-slacko-32/builds/hunspell/hunspell-1.3.3/tests/suggestiontest'
make[2]: Leaving directory `/mnt/sda6/00_new-woof/petbuilds-slacko-32/builds/hunspell/hunspell-1.3.3/tests/suggestiontest'
make[2]: Entering directory `/mnt/sda6/00_new-woof/petbuilds-slacko-32/builds/hunspell/hunspell-1.3.3/tests'
make[3]: Entering directory `/mnt/sda6/00_new-woof/petbuilds-slacko-32/builds/hunspell/hunspell-1.3.3/tests'
make[3]: Nothing to be done for `install-exec-am'.
make[3]: Nothing to be done for `install-data-am'.
make[3]: Leaving directory `/mnt/sda6/00_new-woof/petbuilds-slacko-32/builds/hunspell/hunspell-1.3.3/tests'
make[2]: Leaving directory `/mnt/sda6/00_new-woof/petbuilds-slacko-32/builds/hunspell/hunspell-1.3.3/tests'
make[1]: Leaving directory `/mnt/sda6/00_new-woof/petbuilds-slacko-32/builds/hunspell/hunspell-1.3.3/tests'
make[1]: Entering directory `/mnt/sda6/00_new-woof/petbuilds-slacko-32/builds/hunspell/hunspell-1.3.3'
make[2]: Entering directory `/mnt/sda6/00_new-woof/petbuilds-slacko-32/builds/hunspell/hunspell-1.3.3'
make[2]: Nothing to be done for `install-exec-am'.
test -z "/usr/lib/pkgconfig" || ./install-sh -c -d "/mnt/sda6/00_new-woof/petbuilds-slacko-32/builds/hunspell/hunspell-install/usr/lib/pkgconfig"
 /usr/bin/ginstall -c -m 644 hunspell.pc '/mnt/sda6/00_new-woof/petbuilds-slacko-32/builds/hunspell/hunspell-install/usr/lib/pkgconfig'
make[2]: Leaving directory `/mnt/sda6/00_new-woof/petbuilds-slacko-32/builds/hunspell/hunspell-1.3.3'
make[1]: Leaving directory `/mnt/sda6/00_new-woof/petbuilds-slacko-32/builds/hunspell/hunspell-1.3.3'
/mnt/sda6/00_new-woof/petbuilds-slacko-32/builds/hunspell
Found 'i686'
Processing ../hunspell-install/usr/bin/affixcompress
Processing ../hunspell-install/usr/bin/analyze
Processing ../hunspell-install/usr/bin/chmorph
Processing ../hunspell-install/usr/bin/hunspell
Processing ../hunspell-install/usr/bin/hunzip
Processing ../hunspell-install/usr/bin/hzip
Processing ../hunspell-install/usr/bin/ispellaff2myspell
Processing ../hunspell-install/usr/bin/makealias
Processing ../hunspell-install/usr/bin/munch
Processing ../hunspell-install/usr/bin/unmunch
Processing ../hunspell-install/usr/bin/wordforms
Processing ../hunspell-install/usr/bin/wordlist2hunspell
Processing ../hunspell-install/usr/include/hunspell/affentry.hxx
Processing ../hunspell-install/usr/include/hunspell/affixmgr.hxx
Processing ../hunspell-install/usr/include/hunspell/atypes.hxx
Processing ../hunspell-install/usr/include/hunspell/baseaffix.hxx
Processing ../hunspell-install/usr/include/hunspell/csutil.hxx
Processing ../hunspell-install/usr/include/hunspell/dictmgr.hxx
Processing ../hunspell-install/usr/include/hunspell/filemgr.hxx
Processing ../hunspell-install/usr/include/hunspell/hashmgr.hxx
Processing ../hunspell-install/usr/include/hunspell/htypes.hxx
Processing ../hunspell-install/usr/include/hunspell/hunspell.h
Processing ../hunspell-install/usr/include/hunspell/hunspell.hxx
Processing ../hunspell-install/usr/include/hunspell/hunvisapi.h
Processing ../hunspell-install/usr/include/hunspell/hunzip.hxx
Processing ../hunspell-install/usr/include/hunspell/langnum.hxx
Processing ../hunspell-install/usr/include/hunspell/phonet.hxx
Processing ../hunspell-install/usr/include/hunspell/replist.hxx
Processing ../hunspell-install/usr/include/hunspell/suggestmgr.hxx
Processing ../hunspell-install/usr/include/hunspell/w_char.hxx
Processing ../hunspell-install/usr/lib/libhunspell-1.3.a
Processing ../hunspell-install/usr/lib/libhunspell-1.3.la
Processing ../hunspell-install/usr/lib/libhunspell-1.3.so
Processing ../hunspell-install/usr/lib/libhunspell-1.3.so.0
Processing ../hunspell-install/usr/lib/libhunspell-1.3.so.0.0.0
Processing ../hunspell-install/usr/lib/pkgconfig/hunspell.pc
Processing ../hunspell-install/usr/share/locale/hu/LC_MESSAGES/hunspell.mo
Processing ../hunspell-install/usr/share/locale/it/LC_MESSAGES/hunspell.mo
Processing ../hunspell-install/usr/share/man/hu/man1/hunspell.1
Processing ../hunspell-install/usr/share/man/man1/hunspell.1
Processing ../hunspell-install/usr/share/man/man1/hunzip.1
Processing ../hunspell-install/usr/share/man/man1/hzip.1
Processing ../hunspell-install/usr/share/man/man3/hunspell.3
Processing ../hunspell-install/usr/share/man/man5/hunspell.5
all done
packaging hunspell-1.3.3-i686_slk600
packaging hunspell_DEV-1.3.3-i686_slk600
packaging hunspell_DOC-1.3.3-i686_slk600
packaging hunspell_NLS-1.3.3-i686_slk600
done!
