ifplugd-0.28/
ifplugd-0.28/missing
ifplugd-0.28/Makefile.am
ifplugd-0.28/conf/
ifplugd-0.28/conf/Makefile.am
ifplugd-0.28/conf/ifplugd.conf
ifplugd-0.28/conf/ifplugd.init.in
ifplugd-0.28/conf/Makefile.in
ifplugd-0.28/conf/ifplugd.action
ifplugd-0.28/doc/
ifplugd-0.28/doc/SUPPORTED_DRIVERS
ifplugd-0.28/doc/Makefile.am
ifplugd-0.28/doc/style.css
ifplugd-0.28/doc/NEWS
ifplugd-0.28/doc/README.html
ifplugd-0.28/doc/README.html.in
ifplugd-0.28/doc/README
ifplugd-0.28/doc/README.SuSE
ifplugd-0.28/doc/Makefile.in
ifplugd-0.28/ifplugd.spec.in
ifplugd-0.28/README
ifplugd-0.28/src/
ifplugd-0.28/src/ifplugd.c
ifplugd-0.28/src/wireless.16.h
ifplugd-0.28/src/Makefile.am
ifplugd-0.28/src/wireless.15.h
ifplugd-0.28/src/interface.c
ifplugd-0.28/src/ethtool-kernel.h
ifplugd-0.28/src/nlapi.h
ifplugd-0.28/src/ethtool-local.h
ifplugd-0.28/src/interface.h
ifplugd-0.28/src/ifmonitor.h
ifplugd-0.28/src/Makefile.in
ifplugd-0.28/src/svn-revision.h
ifplugd-0.28/src/wireless.h
ifplugd-0.28/src/nlapi.c
ifplugd-0.28/src/ifmonitor.c
ifplugd-0.28/src/ifplugstatus.c
ifplugd-0.28/Makefile.in
ifplugd-0.28/patches/
ifplugd-0.28/patches/Makefile.am
ifplugd-0.28/patches/8139too.c.0.9.26.patch
ifplugd-0.28/patches/Makefile.in
ifplugd-0.28/install-sh
ifplugd-0.28/ifplugd.spec
ifplugd-0.28/LICENSE
ifplugd-0.28/aclocal.m4
ifplugd-0.28/depcomp
ifplugd-0.28/mkinstalldirs
ifplugd-0.28/configure
ifplugd-0.28/configure.ac
ifplugd-0.28/config.h.in
ifplugd-0.28/bootstrap.sh
ifplugd-0.28/man/
ifplugd-0.28/man/Makefile.am
ifplugd-0.28/man/xmltoman.xsl
ifplugd-0.28/man/ifplugd.8
ifplugd-0.28/man/ifplugstatus.8
ifplugd-0.28/man/Makefile.in
ifplugd-0.28/man/xmltoman.dtd
ifplugd-0.28/man/xmltoman.css
ifplugd-0.28/man/ifplugstatus.8.xml.in
ifplugd-0.28/man/ifplugd.conf.5.xml.in
ifplugd-0.28/man/ifplugd.8.xml.in
ifplugd-0.28/man/ifplugd.conf.5
checking for a BSD-compatible install... /usr/bin/ginstall -c
checking whether build environment is sane... yes
checking for gawk... gawk
checking whether make sets $(MAKE)... yes
checking for g++... g++
checking for C++ compiler default output file name... a.out
checking whether the C++ compiler works... yes
checking whether we are cross compiling... no
checking for suffix of executables... 
checking for suffix of object files... o
checking whether we are using the GNU C++ compiler... yes
checking whether g++ accepts -g... yes
checking for style of include used by make... GNU
checking dependency style of g++... gcc3
checking for gcc... gcc
checking whether we are using the GNU C compiler... yes
checking whether gcc accepts -g... yes
checking for gcc option to accept ANSI C... none needed
checking dependency style of gcc... gcc3
checking how to run the C preprocessor... gcc -E
checking for a BSD-compatible install... /usr/bin/ginstall -c
checking whether ln -s works... yes
checking whether make sets $(MAKE)... (cached) yes
checking for egrep... grep -E
checking for ANSI C header files... yes
checking for sys/wait.h that is POSIX.1 compatible... yes
checking for sys/types.h... yes
checking for sys/stat.h... yes
checking for stdlib.h... yes
checking for string.h... yes
checking for memory.h... yes
checking for strings.h... yes
checking for inttypes.h... yes
checking for stdint.h... yes
checking for unistd.h... yes
checking fcntl.h usability... yes
checking fcntl.h presence... yes
checking for fcntl.h... yes
checking limits.h usability... yes
checking limits.h presence... yes
checking for limits.h... yes
checking netinet/in.h usability... yes
checking netinet/in.h presence... yes
checking for netinet/in.h... yes
checking for stdlib.h... (cached) yes
checking for string.h... (cached) yes
checking sys/ioctl.h usability... yes
checking sys/ioctl.h presence... yes
checking for sys/ioctl.h... yes
checking sys/time.h usability... yes
checking sys/time.h presence... yes
checking for sys/time.h... yes
checking syslog.h usability... yes
checking syslog.h presence... yes
checking for syslog.h... yes
checking for unistd.h... (cached) yes
checking for an ANSI C-conforming const... yes
checking for pid_t... yes
checking whether time.h and sys/time.h may both be included... yes
checking for working volatile... yes
checking for unistd.h... (cached) yes
checking vfork.h usability... no
checking vfork.h presence... no
checking for vfork.h... no
checking for fork... yes
checking for vfork... yes
checking for working fork... yes
checking for working vfork... (cached) yes
checking whether gcc needs -traditional... no
checking sys/select.h usability... yes
checking sys/select.h presence... yes
checking for sys/select.h... yes
checking sys/socket.h usability... yes
checking sys/socket.h presence... yes
checking for sys/socket.h... yes
checking types of arguments for select... int,fd_set *,struct timeval *
checking for stdlib.h... (cached) yes
checking for GNU libc compatible malloc... yes
checking return type of signal handlers... void
checking for vprintf... yes
checking for _doprnt... no
checking for alarm... yes
checking for dup2... yes
checking for memset... yes
checking for select... yes
checking for setenv... yes
checking for socket... yes
checking for strchr... yes
checking for strdup... yes
checking for strerror... yes
checking for strrchr... yes
checking for strspn... yes
checking for pkg-config... /usr/bin/pkg-config
checking pkg-config is at least version 0.9.0... yes
checking for LIBDAEMON_CFLAGS... -D_REENTRANT  
checking for LIBDAEMON_LIBS... -ldaemon  
configure: *** Init sript will be installed in /etc/init.d ***
checking for xmltoman... no
configure: WARNING: *** Not rebuilding man pages as xmltoman is not found ***
checking for svn... yes
configure: creating ./config.status
config.status: creating src/Makefile
config.status: creating Makefile
config.status: creating man/Makefile
config.status: creating conf/Makefile
config.status: creating doc/Makefile
config.status: creating doc/README.html
config.status: creating patches/Makefile
config.status: creating ifplugd.spec
config.status: creating config.h
config.status: executing depfiles commands
make  all-recursive
make[1]: Entering directory `/mnt/sda6/00_new-woof/petbuilds-slacko-32/builds/ifplugd/ifplugd-0.28'
Making all in src
make[2]: Entering directory `/mnt/sda6/00_new-woof/petbuilds-slacko-32/builds/ifplugd/ifplugd-0.28/src'
if test -d "../.svn" ; then \
	if REV=`svn info ".." | grep ^Revision | cut -f2 -d" "` 2> /dev/null ; then \
		echo -e "#ifndef foosvnrevisionhfoo\n#define foosvnrevisionhfoo\n#define SVN_REVISION \"$REV\"\n#endif" > svn-revision.h ; \
    fi \
fi
make  all-am
make[3]: Entering directory `/mnt/sda6/00_new-woof/petbuilds-slacko-32/builds/ifplugd/ifplugd-0.28/src'
if test -d "../.svn" ; then \
	if REV=`svn info ".." | grep ^Revision | cut -f2 -d" "` 2> /dev/null ; then \
		echo -e "#ifndef foosvnrevisionhfoo\n#define foosvnrevisionhfoo\n#define SVN_REVISION \"$REV\"\n#endif" > svn-revision.h ; \
    fi \
fi
if gcc -DHAVE_CONFIG_H -I. -I. -I..    -D_REENTRANT   -DSYSCONFDIR="\"//etc\"" -D_GNU_SOURCE -g -O2 -pipe -W -Wall -Wno-unused-parameter -MT ifplugd.o -MD -MP -MF ".deps/ifplugd.Tpo" -c -o ifplugd.o ifplugd.c; \
then mv -f ".deps/ifplugd.Tpo" ".deps/ifplugd.Po"; else rm -f ".deps/ifplugd.Tpo"; exit 1; fi
if gcc -DHAVE_CONFIG_H -I. -I. -I..    -D_REENTRANT   -DSYSCONFDIR="\"//etc\"" -D_GNU_SOURCE -g -O2 -pipe -W -Wall -Wno-unused-parameter -MT interface.o -MD -MP -MF ".deps/interface.Tpo" -c -o interface.o interface.c; \
then mv -f ".deps/interface.Tpo" ".deps/interface.Po"; else rm -f ".deps/interface.Tpo"; exit 1; fi
if gcc -DHAVE_CONFIG_H -I. -I. -I..    -D_REENTRANT   -DSYSCONFDIR="\"//etc\"" -D_GNU_SOURCE -g -O2 -pipe -W -Wall -Wno-unused-parameter -MT ifmonitor.o -MD -MP -MF ".deps/ifmonitor.Tpo" -c -o ifmonitor.o ifmonitor.c; \
then mv -f ".deps/ifmonitor.Tpo" ".deps/ifmonitor.Po"; else rm -f ".deps/ifmonitor.Tpo"; exit 1; fi
if gcc -DHAVE_CONFIG_H -I. -I. -I..    -D_REENTRANT   -DSYSCONFDIR="\"//etc\"" -D_GNU_SOURCE -g -O2 -pipe -W -Wall -Wno-unused-parameter -MT nlapi.o -MD -MP -MF ".deps/nlapi.Tpo" -c -o nlapi.o nlapi.c; \
then mv -f ".deps/nlapi.Tpo" ".deps/nlapi.Po"; else rm -f ".deps/nlapi.Tpo"; exit 1; fi
gcc -D_REENTRANT   -DSYSCONFDIR="\"//etc\"" -D_GNU_SOURCE -g -O2 -pipe -W -Wall -Wno-unused-parameter   -o ifplugd  ifplugd.o interface.o ifmonitor.o nlapi.o -ldaemon   
if gcc -DHAVE_CONFIG_H -I. -I. -I..    -D_REENTRANT   -DSYSCONFDIR="\"//etc\"" -D_GNU_SOURCE -g -O2 -pipe -W -Wall -Wno-unused-parameter -MT ifplugstatus.o -MD -MP -MF ".deps/ifplugstatus.Tpo" -c -o ifplugstatus.o ifplugstatus.c; \
then mv -f ".deps/ifplugstatus.Tpo" ".deps/ifplugstatus.Po"; else rm -f ".deps/ifplugstatus.Tpo"; exit 1; fi
gcc -D_REENTRANT   -DSYSCONFDIR="\"//etc\"" -D_GNU_SOURCE -g -O2 -pipe -W -Wall -Wno-unused-parameter   -o ifplugstatus  ifplugstatus.o interface.o -ldaemon   
make[3]: Leaving directory `/mnt/sda6/00_new-woof/petbuilds-slacko-32/builds/ifplugd/ifplugd-0.28/src'
make[2]: Leaving directory `/mnt/sda6/00_new-woof/petbuilds-slacko-32/builds/ifplugd/ifplugd-0.28/src'
Making all in man
make[2]: Entering directory `/mnt/sda6/00_new-woof/petbuilds-slacko-32/builds/ifplugd/ifplugd-0.28/man'
sed -e 's,@sysconfdir\@,//etc,g' -e 's,@sbindir\@,//sbin,g' -e 's,@PACKAGE_BUGREPORT\@,mzvscyhtq (at) 0pointer (dot) de,g' -e 's,@PACKAGE_URL\@,http://0pointer.de/lennart/projects/ifplugd/,g' ifplugd.8.xml.in > ifplugd.8.xml
sed -e 's,@sysconfdir\@,//etc,g' -e 's,@sbindir\@,//sbin,g' -e 's,@PACKAGE_BUGREPORT\@,mzvscyhtq (at) 0pointer (dot) de,g'  -e 's,@PACKAGE_URL\@,http://0pointer.de/lennart/projects/ifplugd/,g' ifplugd.conf.5.xml.in > ifplugd.conf.5.xml
sed -e 's,@sysconfdir\@,//etc,g' -e 's,@sbindir\@,//sbin,g' -e 's,@PACKAGE_BUGREPORT\@,mzvscyhtq (at) 0pointer (dot) de,g' -e 's,@PACKAGE_URL\@,http://0pointer.de/lennart/projects/ifplugd/,g' ifplugstatus.8.xml.in > ifplugstatus.8.xml
make[2]: Leaving directory `/mnt/sda6/00_new-woof/petbuilds-slacko-32/builds/ifplugd/ifplugd-0.28/man'
Making all in conf
make[2]: Entering directory `/mnt/sda6/00_new-woof/petbuilds-slacko-32/builds/ifplugd/ifplugd-0.28/conf'
sed -e 's,@sysconfdir\@,//etc,g' -e 's,@sbindir\@,//sbin,g' ifplugd.init.in > ifplugd.init
chmod 755 ifplugd.init
make[2]: Leaving directory `/mnt/sda6/00_new-woof/petbuilds-slacko-32/builds/ifplugd/ifplugd-0.28/conf'
Making all in doc
make[2]: Entering directory `/mnt/sda6/00_new-woof/petbuilds-slacko-32/builds/ifplugd/ifplugd-0.28/doc'
make[2]: Nothing to be done for `all'.
make[2]: Leaving directory `/mnt/sda6/00_new-woof/petbuilds-slacko-32/builds/ifplugd/ifplugd-0.28/doc'
Making all in patches
make[2]: Entering directory `/mnt/sda6/00_new-woof/petbuilds-slacko-32/builds/ifplugd/ifplugd-0.28/patches'
make[2]: Nothing to be done for `all'.
make[2]: Leaving directory `/mnt/sda6/00_new-woof/petbuilds-slacko-32/builds/ifplugd/ifplugd-0.28/patches'
make[2]: Entering directory `/mnt/sda6/00_new-woof/petbuilds-slacko-32/builds/ifplugd/ifplugd-0.28'
make[2]: Leaving directory `/mnt/sda6/00_new-woof/petbuilds-slacko-32/builds/ifplugd/ifplugd-0.28'
make[1]: Leaving directory `/mnt/sda6/00_new-woof/petbuilds-slacko-32/builds/ifplugd/ifplugd-0.28'
Making install in src
make[1]: Entering directory `/mnt/sda6/00_new-woof/petbuilds-slacko-32/builds/ifplugd/ifplugd-0.28/src'
if test -d "../.svn" ; then \
	if REV=`svn info ".." | grep ^Revision | cut -f2 -d" "` 2> /dev/null ; then \
		echo -e "#ifndef foosvnrevisionhfoo\n#define foosvnrevisionhfoo\n#define SVN_REVISION \"$REV\"\n#endif" > svn-revision.h ; \
    fi \
fi
make  install-am
make[2]: Entering directory `/mnt/sda6/00_new-woof/petbuilds-slacko-32/builds/ifplugd/ifplugd-0.28/src'
if test -d "../.svn" ; then \
	if REV=`svn info ".." | grep ^Revision | cut -f2 -d" "` 2> /dev/null ; then \
		echo -e "#ifndef foosvnrevisionhfoo\n#define foosvnrevisionhfoo\n#define SVN_REVISION \"$REV\"\n#endif" > svn-revision.h ; \
    fi \
fi
make[3]: Entering directory `/mnt/sda6/00_new-woof/petbuilds-slacko-32/builds/ifplugd/ifplugd-0.28/src'
if test -d "../.svn" ; then \
	if REV=`svn info ".." | grep ^Revision | cut -f2 -d" "` 2> /dev/null ; then \
		echo -e "#ifndef foosvnrevisionhfoo\n#define foosvnrevisionhfoo\n#define SVN_REVISION \"$REV\"\n#endif" > svn-revision.h ; \
    fi \
fi
test -z "//sbin" || /bin/sh ../mkinstalldirs "/mnt/sda6/00_new-woof/petbuilds-slacko-32/builds/ifplugd/ifplugd-install//sbin"
mkdir -p -- /mnt/sda6/00_new-woof/petbuilds-slacko-32/builds/ifplugd/ifplugd-install//sbin
  /usr/bin/ginstall -c 'ifplugd' '/mnt/sda6/00_new-woof/petbuilds-slacko-32/builds/ifplugd/ifplugd-install//sbin/ifplugd'
  /usr/bin/ginstall -c 'ifplugstatus' '/mnt/sda6/00_new-woof/petbuilds-slacko-32/builds/ifplugd/ifplugd-install//sbin/ifplugstatus'
make[3]: Nothing to be done for `install-data-am'.
make[3]: Leaving directory `/mnt/sda6/00_new-woof/petbuilds-slacko-32/builds/ifplugd/ifplugd-0.28/src'
make[2]: Leaving directory `/mnt/sda6/00_new-woof/petbuilds-slacko-32/builds/ifplugd/ifplugd-0.28/src'
make[1]: Leaving directory `/mnt/sda6/00_new-woof/petbuilds-slacko-32/builds/ifplugd/ifplugd-0.28/src'
Making install in man
make[1]: Entering directory `/mnt/sda6/00_new-woof/petbuilds-slacko-32/builds/ifplugd/ifplugd-0.28/man'
make[2]: Entering directory `/mnt/sda6/00_new-woof/petbuilds-slacko-32/builds/ifplugd/ifplugd-0.28/man'
make[2]: Nothing to be done for `install-exec-am'.
test -z "//man/man5" || /bin/sh ../mkinstalldirs "/mnt/sda6/00_new-woof/petbuilds-slacko-32/builds/ifplugd/ifplugd-install//man/man5"
mkdir -p -- /mnt/sda6/00_new-woof/petbuilds-slacko-32/builds/ifplugd/ifplugd-install//man/man5
 /usr/bin/ginstall -c -m 644 './ifplugd.conf.5' '/mnt/sda6/00_new-woof/petbuilds-slacko-32/builds/ifplugd/ifplugd-install//man/man5/ifplugd.conf.5'
test -z "//man/man8" || /bin/sh ../mkinstalldirs "/mnt/sda6/00_new-woof/petbuilds-slacko-32/builds/ifplugd/ifplugd-install//man/man8"
mkdir -p -- /mnt/sda6/00_new-woof/petbuilds-slacko-32/builds/ifplugd/ifplugd-install//man/man8
 /usr/bin/ginstall -c -m 644 './ifplugd.8' '/mnt/sda6/00_new-woof/petbuilds-slacko-32/builds/ifplugd/ifplugd-install//man/man8/ifplugd.8'
 /usr/bin/ginstall -c -m 644 './ifplugstatus.8' '/mnt/sda6/00_new-woof/petbuilds-slacko-32/builds/ifplugd/ifplugd-install//man/man8/ifplugstatus.8'
make[2]: Leaving directory `/mnt/sda6/00_new-woof/petbuilds-slacko-32/builds/ifplugd/ifplugd-0.28/man'
make[1]: Leaving directory `/mnt/sda6/00_new-woof/petbuilds-slacko-32/builds/ifplugd/ifplugd-0.28/man'
Making install in conf
make[1]: Entering directory `/mnt/sda6/00_new-woof/petbuilds-slacko-32/builds/ifplugd/ifplugd-0.28/conf'
make[2]: Entering directory `/mnt/sda6/00_new-woof/petbuilds-slacko-32/builds/ifplugd/ifplugd-0.28/conf'
make[2]: Nothing to be done for `install-exec-am'.
/usr/bin/ginstall -c -b -D -m755 ifplugd.init /mnt/sda6/00_new-woof/petbuilds-slacko-32/builds/ifplugd/ifplugd-install/etc/init.d/ifplugd
/usr/bin/ginstall -c -b -D -m755 ./ifplugd.action /mnt/sda6/00_new-woof/petbuilds-slacko-32/builds/ifplugd/ifplugd-install//etc/ifplugd/ifplugd.action
/usr/bin/ginstall -c -b -D -m644 ./ifplugd.conf /mnt/sda6/00_new-woof/petbuilds-slacko-32/builds/ifplugd/ifplugd-install//etc/ifplugd/ifplugd.conf
make[2]: Leaving directory `/mnt/sda6/00_new-woof/petbuilds-slacko-32/builds/ifplugd/ifplugd-0.28/conf'
make[1]: Leaving directory `/mnt/sda6/00_new-woof/petbuilds-slacko-32/builds/ifplugd/ifplugd-0.28/conf'
Making install in doc
make[1]: Entering directory `/mnt/sda6/00_new-woof/petbuilds-slacko-32/builds/ifplugd/ifplugd-0.28/doc'
make[2]: Entering directory `/mnt/sda6/00_new-woof/petbuilds-slacko-32/builds/ifplugd/ifplugd-0.28/doc'
make[2]: Nothing to be done for `install-exec-am'.
make[2]: Nothing to be done for `install-data-am'.
make[2]: Leaving directory `/mnt/sda6/00_new-woof/petbuilds-slacko-32/builds/ifplugd/ifplugd-0.28/doc'
make[1]: Leaving directory `/mnt/sda6/00_new-woof/petbuilds-slacko-32/builds/ifplugd/ifplugd-0.28/doc'
Making install in patches
make[1]: Entering directory `/mnt/sda6/00_new-woof/petbuilds-slacko-32/builds/ifplugd/ifplugd-0.28/patches'
make[2]: Entering directory `/mnt/sda6/00_new-woof/petbuilds-slacko-32/builds/ifplugd/ifplugd-0.28/patches'
make[2]: Nothing to be done for `install-exec-am'.
make[2]: Nothing to be done for `install-data-am'.
make[2]: Leaving directory `/mnt/sda6/00_new-woof/petbuilds-slacko-32/builds/ifplugd/ifplugd-0.28/patches'
make[1]: Leaving directory `/mnt/sda6/00_new-woof/petbuilds-slacko-32/builds/ifplugd/ifplugd-0.28/patches'
make[1]: Entering directory `/mnt/sda6/00_new-woof/petbuilds-slacko-32/builds/ifplugd/ifplugd-0.28'
make[2]: Entering directory `/mnt/sda6/00_new-woof/petbuilds-slacko-32/builds/ifplugd/ifplugd-0.28'
make[2]: Nothing to be done for `install-exec-am'.
make[2]: Nothing to be done for `install-data-am'.
make[2]: Leaving directory `/mnt/sda6/00_new-woof/petbuilds-slacko-32/builds/ifplugd/ifplugd-0.28'
make[1]: Leaving directory `/mnt/sda6/00_new-woof/petbuilds-slacko-32/builds/ifplugd/ifplugd-0.28'
/mnt/sda6/00_new-woof/petbuilds-slacko-32/builds/ifplugd
Processing ../ifplugd-install/etc/ifplugd/ifplugd.action
Processing ../ifplugd-install/etc/ifplugd/ifplugd.conf
Processing ../ifplugd-install/etc/init.d/ifplugd
Processing ../ifplugd-install/man/man5/ifplugd.conf.5
Processing ../ifplugd-install/man/man8/ifplugd.8
Processing ../ifplugd-install/man/man8/ifplugstatus.8
Processing ../ifplugd-install/sbin/ifplugd
Processing ../ifplugd-install/sbin/ifplugstatus
all done
packaging ifplugd-0.28-i686_slk600
packaging ifplugd_DOC-0.28-i686_slk600
done!
