jimtcl-51f65c6d38fbf86e1f0b036ad336761fd2ab7fa0/
jimtcl-51f65c6d38fbf86e1f0b036ad336761fd2ab7fa0/.gitignore
jimtcl-51f65c6d38fbf86e1f0b036ad336761fd2ab7fa0/.indent.pro
jimtcl-51f65c6d38fbf86e1f0b036ad336761fd2ab7fa0/.project
jimtcl-51f65c6d38fbf86e1f0b036ad336761fd2ab7fa0/AUTHORS
jimtcl-51f65c6d38fbf86e1f0b036ad336761fd2ab7fa0/BUGS
jimtcl-51f65c6d38fbf86e1f0b036ad336761fd2ab7fa0/DEVELOPING
jimtcl-51f65c6d38fbf86e1f0b036ad336761fd2ab7fa0/LICENSE
jimtcl-51f65c6d38fbf86e1f0b036ad336761fd2ab7fa0/Makefile.in
jimtcl-51f65c6d38fbf86e1f0b036ad336761fd2ab7fa0/README
jimtcl-51f65c6d38fbf86e1f0b036ad336761fd2ab7fa0/README.extensions
jimtcl-51f65c6d38fbf86e1f0b036ad336761fd2ab7fa0/README.metakit
jimtcl-51f65c6d38fbf86e1f0b036ad336761fd2ab7fa0/README.namespaces
jimtcl-51f65c6d38fbf86e1f0b036ad336761fd2ab7fa0/README.oo
jimtcl-51f65c6d38fbf86e1f0b036ad336761fd2ab7fa0/README.sqlite
jimtcl-51f65c6d38fbf86e1f0b036ad336761fd2ab7fa0/README.utf-8
jimtcl-51f65c6d38fbf86e1f0b036ad336761fd2ab7fa0/STYLE
jimtcl-51f65c6d38fbf86e1f0b036ad336761fd2ab7fa0/TODO
jimtcl-51f65c6d38fbf86e1f0b036ad336761fd2ab7fa0/Tcl_shipped.html
jimtcl-51f65c6d38fbf86e1f0b036ad336761fd2ab7fa0/UnicodeData.txt
jimtcl-51f65c6d38fbf86e1f0b036ad336761fd2ab7fa0/auto.def
jimtcl-51f65c6d38fbf86e1f0b036ad336761fd2ab7fa0/autosetup/
jimtcl-51f65c6d38fbf86e1f0b036ad336761fd2ab7fa0/autosetup/LICENSE
jimtcl-51f65c6d38fbf86e1f0b036ad336761fd2ab7fa0/autosetup/README.autosetup
jimtcl-51f65c6d38fbf86e1f0b036ad336761fd2ab7fa0/autosetup/autosetup
jimtcl-51f65c6d38fbf86e1f0b036ad336761fd2ab7fa0/autosetup/cc-db.tcl
jimtcl-51f65c6d38fbf86e1f0b036ad336761fd2ab7fa0/autosetup/cc-lib.tcl
jimtcl-51f65c6d38fbf86e1f0b036ad336761fd2ab7fa0/autosetup/cc-shared.tcl
jimtcl-51f65c6d38fbf86e1f0b036ad336761fd2ab7fa0/autosetup/cc.tcl
jimtcl-51f65c6d38fbf86e1f0b036ad336761fd2ab7fa0/autosetup/config.guess
jimtcl-51f65c6d38fbf86e1f0b036ad336761fd2ab7fa0/autosetup/config.sub
jimtcl-51f65c6d38fbf86e1f0b036ad336761fd2ab7fa0/autosetup/default.auto
jimtcl-51f65c6d38fbf86e1f0b036ad336761fd2ab7fa0/autosetup/find-tclsh
jimtcl-51f65c6d38fbf86e1f0b036ad336761fd2ab7fa0/autosetup/jimsh0.c
jimtcl-51f65c6d38fbf86e1f0b036ad336761fd2ab7fa0/autosetup/local.tcl
jimtcl-51f65c6d38fbf86e1f0b036ad336761fd2ab7fa0/autosetup/system.tcl
jimtcl-51f65c6d38fbf86e1f0b036ad336761fd2ab7fa0/autosetup/test-tclsh
jimtcl-51f65c6d38fbf86e1f0b036ad336761fd2ab7fa0/bench.tcl
jimtcl-51f65c6d38fbf86e1f0b036ad336761fd2ab7fa0/binary.tcl
jimtcl-51f65c6d38fbf86e1f0b036ad336761fd2ab7fa0/bootstrap.tcl
jimtcl-51f65c6d38fbf86e1f0b036ad336761fd2ab7fa0/build-jim-ext.in
jimtcl-51f65c6d38fbf86e1f0b036ad336761fd2ab7fa0/configure
jimtcl-51f65c6d38fbf86e1f0b036ad336761fd2ab7fa0/configure.ac
jimtcl-51f65c6d38fbf86e1f0b036ad336761fd2ab7fa0/examples.api/
jimtcl-51f65c6d38fbf86e1f0b036ad336761fd2ab7fa0/examples.api/Makefile
jimtcl-51f65c6d38fbf86e1f0b036ad336761fd2ab7fa0/examples.api/README
jimtcl-51f65c6d38fbf86e1f0b036ad336761fd2ab7fa0/examples.api/jim_command.c
jimtcl-51f65c6d38fbf86e1f0b036ad336761fd2ab7fa0/examples.api/jim_hello.c
jimtcl-51f65c6d38fbf86e1f0b036ad336761fd2ab7fa0/examples.api/jim_list.c
jimtcl-51f65c6d38fbf86e1f0b036ad336761fd2ab7fa0/examples.api/jim_obj.c
jimtcl-51f65c6d38fbf86e1f0b036ad336761fd2ab7fa0/examples.api/jim_return.c
jimtcl-51f65c6d38fbf86e1f0b036ad336761fd2ab7fa0/examples.api/print.tcl
jimtcl-51f65c6d38fbf86e1f0b036ad336761fd2ab7fa0/examples.ext/
jimtcl-51f65c6d38fbf86e1f0b036ad336761fd2ab7fa0/examples.ext/Makefile
jimtcl-51f65c6d38fbf86e1f0b036ad336761fd2ab7fa0/examples.ext/README
jimtcl-51f65c6d38fbf86e1f0b036ad336761fd2ab7fa0/examples.ext/helloworld.c
jimtcl-51f65c6d38fbf86e1f0b036ad336761fd2ab7fa0/examples/
jimtcl-51f65c6d38fbf86e1f0b036ad336761fd2ab7fa0/examples/client-server.tcl
jimtcl-51f65c6d38fbf86e1f0b036ad336761fd2ab7fa0/examples/dns.tcl
jimtcl-51f65c6d38fbf86e1f0b036ad336761fd2ab7fa0/examples/dnstest.tcl
jimtcl-51f65c6d38fbf86e1f0b036ad336761fd2ab7fa0/examples/jtclsh.tcl
jimtcl-51f65c6d38fbf86e1f0b036ad336761fd2ab7fa0/examples/metakit.tcl
jimtcl-51f65c6d38fbf86e1f0b036ad336761fd2ab7fa0/examples/ootest.tcl
jimtcl-51f65c6d38fbf86e1f0b036ad336761fd2ab7fa0/examples/parray.tcl
jimtcl-51f65c6d38fbf86e1f0b036ad336761fd2ab7fa0/examples/pipe.tcl
jimtcl-51f65c6d38fbf86e1f0b036ad336761fd2ab7fa0/examples/popen.tcl
jimtcl-51f65c6d38fbf86e1f0b036ad336761fd2ab7fa0/examples/sqlite3test.tcl
jimtcl-51f65c6d38fbf86e1f0b036ad336761fd2ab7fa0/examples/tcp.client
jimtcl-51f65c6d38fbf86e1f0b036ad336761fd2ab7fa0/examples/tcp.server
jimtcl-51f65c6d38fbf86e1f0b036ad336761fd2ab7fa0/examples/timedread.tcl
jimtcl-51f65c6d38fbf86e1f0b036ad336761fd2ab7fa0/examples/udp.client
jimtcl-51f65c6d38fbf86e1f0b036ad336761fd2ab7fa0/examples/udp.server
jimtcl-51f65c6d38fbf86e1f0b036ad336761fd2ab7fa0/examples/udp2.client
jimtcl-51f65c6d38fbf86e1f0b036ad336761fd2ab7fa0/examples/udp6.client
jimtcl-51f65c6d38fbf86e1f0b036ad336761fd2ab7fa0/examples/udp6.server
jimtcl-51f65c6d38fbf86e1f0b036ad336761fd2ab7fa0/freebsd/
jimtcl-51f65c6d38fbf86e1f0b036ad336761fd2ab7fa0/freebsd/andrew.txt
jimtcl-51f65c6d38fbf86e1f0b036ad336761fd2ab7fa0/freebsd/clemens.txt
jimtcl-51f65c6d38fbf86e1f0b036ad336761fd2ab7fa0/freebsd/duane.txt
jimtcl-51f65c6d38fbf86e1f0b036ad336761fd2ab7fa0/freebsd/oharboe.txt
jimtcl-51f65c6d38fbf86e1f0b036ad336761fd2ab7fa0/freebsd/pat.txt
jimtcl-51f65c6d38fbf86e1f0b036ad336761fd2ab7fa0/freebsd/salvatore.txt
jimtcl-51f65c6d38fbf86e1f0b036ad336761fd2ab7fa0/freebsd/uwe.txt
jimtcl-51f65c6d38fbf86e1f0b036ad336761fd2ab7fa0/glob.tcl
jimtcl-51f65c6d38fbf86e1f0b036ad336761fd2ab7fa0/initjimsh.tcl
jimtcl-51f65c6d38fbf86e1f0b036ad336761fd2ab7fa0/jim-aio.c
jimtcl-51f65c6d38fbf86e1f0b036ad336761fd2ab7fa0/jim-array.c
jimtcl-51f65c6d38fbf86e1f0b036ad336761fd2ab7fa0/jim-clock.c
jimtcl-51f65c6d38fbf86e1f0b036ad336761fd2ab7fa0/jim-config.h.in
jimtcl-51f65c6d38fbf86e1f0b036ad336761fd2ab7fa0/jim-eventloop.c
jimtcl-51f65c6d38fbf86e1f0b036ad336761fd2ab7fa0/jim-eventloop.h
jimtcl-51f65c6d38fbf86e1f0b036ad336761fd2ab7fa0/jim-exec.c
jimtcl-51f65c6d38fbf86e1f0b036ad336761fd2ab7fa0/jim-file.c
jimtcl-51f65c6d38fbf86e1f0b036ad336761fd2ab7fa0/jim-format.c
jimtcl-51f65c6d38fbf86e1f0b036ad336761fd2ab7fa0/jim-history.c
jimtcl-51f65c6d38fbf86e1f0b036ad336761fd2ab7fa0/jim-interactive.c
jimtcl-51f65c6d38fbf86e1f0b036ad336761fd2ab7fa0/jim-load.c
jimtcl-51f65c6d38fbf86e1f0b036ad336761fd2ab7fa0/jim-mk.cpp
jimtcl-51f65c6d38fbf86e1f0b036ad336761fd2ab7fa0/jim-namespace.c
jimtcl-51f65c6d38fbf86e1f0b036ad336761fd2ab7fa0/jim-pack.c
jimtcl-51f65c6d38fbf86e1f0b036ad336761fd2ab7fa0/jim-package.c
jimtcl-51f65c6d38fbf86e1f0b036ad336761fd2ab7fa0/jim-posix.c
jimtcl-51f65c6d38fbf86e1f0b036ad336761fd2ab7fa0/jim-readdir.c
jimtcl-51f65c6d38fbf86e1f0b036ad336761fd2ab7fa0/jim-readline.c
jimtcl-51f65c6d38fbf86e1f0b036ad336761fd2ab7fa0/jim-regexp.c
jimtcl-51f65c6d38fbf86e1f0b036ad336761fd2ab7fa0/jim-sdl.c
jimtcl-51f65c6d38fbf86e1f0b036ad336761fd2ab7fa0/jim-signal.c
jimtcl-51f65c6d38fbf86e1f0b036ad336761fd2ab7fa0/jim-signal.h
jimtcl-51f65c6d38fbf86e1f0b036ad336761fd2ab7fa0/jim-sqlite3.c
jimtcl-51f65c6d38fbf86e1f0b036ad336761fd2ab7fa0/jim-subcmd.c
jimtcl-51f65c6d38fbf86e1f0b036ad336761fd2ab7fa0/jim-subcmd.h
jimtcl-51f65c6d38fbf86e1f0b036ad336761fd2ab7fa0/jim-syslog.c
jimtcl-51f65c6d38fbf86e1f0b036ad336761fd2ab7fa0/jim-tclprefix.c
jimtcl-51f65c6d38fbf86e1f0b036ad336761fd2ab7fa0/jim-win32.c
jimtcl-51f65c6d38fbf86e1f0b036ad336761fd2ab7fa0/jim-win32compat.c
jimtcl-51f65c6d38fbf86e1f0b036ad336761fd2ab7fa0/jim-win32compat.h
jimtcl-51f65c6d38fbf86e1f0b036ad336761fd2ab7fa0/jim.c
jimtcl-51f65c6d38fbf86e1f0b036ad336761fd2ab7fa0/jim.h
jimtcl-51f65c6d38fbf86e1f0b036ad336761fd2ab7fa0/jim_tcl.txt
jimtcl-51f65c6d38fbf86e1f0b036ad336761fd2ab7fa0/jimregexp.c
jimtcl-51f65c6d38fbf86e1f0b036ad336761fd2ab7fa0/jimregexp.h
jimtcl-51f65c6d38fbf86e1f0b036ad336761fd2ab7fa0/jimsh.c
jimtcl-51f65c6d38fbf86e1f0b036ad336761fd2ab7fa0/linenoise.c
jimtcl-51f65c6d38fbf86e1f0b036ad336761fd2ab7fa0/linenoise.h
jimtcl-51f65c6d38fbf86e1f0b036ad336761fd2ab7fa0/make-bootstrap-jim
jimtcl-51f65c6d38fbf86e1f0b036ad336761fd2ab7fa0/make-c-ext.tcl
jimtcl-51f65c6d38fbf86e1f0b036ad336761fd2ab7fa0/make-index
jimtcl-51f65c6d38fbf86e1f0b036ad336761fd2ab7fa0/make-load-static-exts.tcl
jimtcl-51f65c6d38fbf86e1f0b036ad336761fd2ab7fa0/make-release.sh
jimtcl-51f65c6d38fbf86e1f0b036ad336761fd2ab7fa0/nshelper.tcl
jimtcl-51f65c6d38fbf86e1f0b036ad336761fd2ab7fa0/oo.tcl
jimtcl-51f65c6d38fbf86e1f0b036ad336761fd2ab7fa0/parse-unidata.tcl
jimtcl-51f65c6d38fbf86e1f0b036ad336761fd2ab7fa0/regtest.tcl
jimtcl-51f65c6d38fbf86e1f0b036ad336761fd2ab7fa0/rlprompt.tcl
jimtcl-51f65c6d38fbf86e1f0b036ad336761fd2ab7fa0/sqlite3/
jimtcl-51f65c6d38fbf86e1f0b036ad336761fd2ab7fa0/sqlite3/Makefile
jimtcl-51f65c6d38fbf86e1f0b036ad336761fd2ab7fa0/sqlite3/README
jimtcl-51f65c6d38fbf86e1f0b036ad336761fd2ab7fa0/sqlite3/build-ext
jimtcl-51f65c6d38fbf86e1f0b036ad336761fd2ab7fa0/sqlite3/jim-sqlite3.c
jimtcl-51f65c6d38fbf86e1f0b036ad336761fd2ab7fa0/sqlite3/sqlite3.c
jimtcl-51f65c6d38fbf86e1f0b036ad336761fd2ab7fa0/sqlite3/sqlite3.h
jimtcl-51f65c6d38fbf86e1f0b036ad336761fd2ab7fa0/sqlite3/test-sqlite3.tcl
jimtcl-51f65c6d38fbf86e1f0b036ad336761fd2ab7fa0/stdlib.tcl
jimtcl-51f65c6d38fbf86e1f0b036ad336761fd2ab7fa0/tcl.license.terms
jimtcl-51f65c6d38fbf86e1f0b036ad336761fd2ab7fa0/tclcompat.tcl
jimtcl-51f65c6d38fbf86e1f0b036ad336761fd2ab7fa0/tcltest.tcl
jimtcl-51f65c6d38fbf86e1f0b036ad336761fd2ab7fa0/tests/
jimtcl-51f65c6d38fbf86e1f0b036ad336761fd2ab7fa0/tests/Makefile
jimtcl-51f65c6d38fbf86e1f0b036ad336761fd2ab7fa0/tests/alias.test
jimtcl-51f65c6d38fbf86e1f0b036ad336761fd2ab7fa0/tests/apply.test
jimtcl-51f65c6d38fbf86e1f0b036ad336761fd2ab7fa0/tests/applyns.test
jimtcl-51f65c6d38fbf86e1f0b036ad336761fd2ab7fa0/tests/array.test
jimtcl-51f65c6d38fbf86e1f0b036ad336761fd2ab7fa0/tests/binary.test
jimtcl-51f65c6d38fbf86e1f0b036ad336761fd2ab7fa0/tests/break.tcl
jimtcl-51f65c6d38fbf86e1f0b036ad336761fd2ab7fa0/tests/concat.test
jimtcl-51f65c6d38fbf86e1f0b036ad336761fd2ab7fa0/tests/dict.test
jimtcl-51f65c6d38fbf86e1f0b036ad336761fd2ab7fa0/tests/dict2.test
jimtcl-51f65c6d38fbf86e1f0b036ad336761fd2ab7fa0/tests/dummy.tcl
jimtcl-51f65c6d38fbf86e1f0b036ad336761fd2ab7fa0/tests/error.test
jimtcl-51f65c6d38fbf86e1f0b036ad336761fd2ab7fa0/tests/errors.tcl
jimtcl-51f65c6d38fbf86e1f0b036ad336761fd2ab7fa0/tests/event.test
jimtcl-51f65c6d38fbf86e1f0b036ad336761fd2ab7fa0/tests/exec.test
jimtcl-51f65c6d38fbf86e1f0b036ad336761fd2ab7fa0/tests/exec2.test
jimtcl-51f65c6d38fbf86e1f0b036ad336761fd2ab7fa0/tests/exists.test
jimtcl-51f65c6d38fbf86e1f0b036ad336761fd2ab7fa0/tests/exitpackage.tcl
jimtcl-51f65c6d38fbf86e1f0b036ad336761fd2ab7fa0/tests/expand.test
jimtcl-51f65c6d38fbf86e1f0b036ad336761fd2ab7fa0/tests/expr-base.test
jimtcl-51f65c6d38fbf86e1f0b036ad336761fd2ab7fa0/tests/expr-new.test
jimtcl-51f65c6d38fbf86e1f0b036ad336761fd2ab7fa0/tests/expr-old.test
jimtcl-51f65c6d38fbf86e1f0b036ad336761fd2ab7fa0/tests/expr.test
jimtcl-51f65c6d38fbf86e1f0b036ad336761fd2ab7fa0/tests/exprsugar.test
jimtcl-51f65c6d38fbf86e1f0b036ad336761fd2ab7fa0/tests/filecopy.test
jimtcl-51f65c6d38fbf86e1f0b036ad336761fd2ab7fa0/tests/filedir.test
jimtcl-51f65c6d38fbf86e1f0b036ad336761fd2ab7fa0/tests/filejoin.test
jimtcl-51f65c6d38fbf86e1f0b036ad336761fd2ab7fa0/tests/for.test
jimtcl-51f65c6d38fbf86e1f0b036ad336761fd2ab7fa0/tests/format.test
jimtcl-51f65c6d38fbf86e1f0b036ad336761fd2ab7fa0/tests/glob.test
jimtcl-51f65c6d38fbf86e1f0b036ad336761fd2ab7fa0/tests/glob2.test
jimtcl-51f65c6d38fbf86e1f0b036ad336761fd2ab7fa0/tests/infoframe.test
jimtcl-51f65c6d38fbf86e1f0b036ad336761fd2ab7fa0/tests/jim.test
jimtcl-51f65c6d38fbf86e1f0b036ad336761fd2ab7fa0/tests/linsert.test
jimtcl-51f65c6d38fbf86e1f0b036ad336761fd2ab7fa0/tests/list.test
jimtcl-51f65c6d38fbf86e1f0b036ad336761fd2ab7fa0/tests/loop.test
jimtcl-51f65c6d38fbf86e1f0b036ad336761fd2ab7fa0/tests/lrange.test
jimtcl-51f65c6d38fbf86e1f0b036ad336761fd2ab7fa0/tests/lreplace.test
jimtcl-51f65c6d38fbf86e1f0b036ad336761fd2ab7fa0/tests/lsearch.test
jimtcl-51f65c6d38fbf86e1f0b036ad336761fd2ab7fa0/tests/lsort.test
jimtcl-51f65c6d38fbf86e1f0b036ad336761fd2ab7fa0/tests/lsortcmd.test
jimtcl-51f65c6d38fbf86e1f0b036ad336761fd2ab7fa0/tests/misc.test
jimtcl-51f65c6d38fbf86e1f0b036ad336761fd2ab7fa0/tests/namespace.test
jimtcl-51f65c6d38fbf86e1f0b036ad336761fd2ab7fa0/tests/parse.test
jimtcl-51f65c6d38fbf86e1f0b036ad336761fd2ab7fa0/tests/perf.test
jimtcl-51f65c6d38fbf86e1f0b036ad336761fd2ab7fa0/tests/pid.test
jimtcl-51f65c6d38fbf86e1f0b036ad336761fd2ab7fa0/tests/prefix.test
jimtcl-51f65c6d38fbf86e1f0b036ad336761fd2ab7fa0/tests/proc-new.test
jimtcl-51f65c6d38fbf86e1f0b036ad336761fd2ab7fa0/tests/proc.test
jimtcl-51f65c6d38fbf86e1f0b036ad336761fd2ab7fa0/tests/procref.test
jimtcl-51f65c6d38fbf86e1f0b036ad336761fd2ab7fa0/tests/regcount.test
jimtcl-51f65c6d38fbf86e1f0b036ad336761fd2ab7fa0/tests/regexp.test
jimtcl-51f65c6d38fbf86e1f0b036ad336761fd2ab7fa0/tests/regexp2.test
jimtcl-51f65c6d38fbf86e1f0b036ad336761fd2ab7fa0/tests/regmin.test
jimtcl-51f65c6d38fbf86e1f0b036ad336761fd2ab7fa0/tests/rename.test
jimtcl-51f65c6d38fbf86e1f0b036ad336761fd2ab7fa0/tests/return-break.tcl
jimtcl-51f65c6d38fbf86e1f0b036ad336761fd2ab7fa0/tests/return.test
jimtcl-51f65c6d38fbf86e1f0b036ad336761fd2ab7fa0/tests/scan.test
jimtcl-51f65c6d38fbf86e1f0b036ad336761fd2ab7fa0/tests/signal.test
jimtcl-51f65c6d38fbf86e1f0b036ad336761fd2ab7fa0/tests/stacktrace.test
jimtcl-51f65c6d38fbf86e1f0b036ad336761fd2ab7fa0/tests/string.test
jimtcl-51f65c6d38fbf86e1f0b036ad336761fd2ab7fa0/tests/stringmatch.test
jimtcl-51f65c6d38fbf86e1f0b036ad336761fd2ab7fa0/tests/subst.test
jimtcl-51f65c6d38fbf86e1f0b036ad336761fd2ab7fa0/tests/tailcall.test
jimtcl-51f65c6d38fbf86e1f0b036ad336761fd2ab7fa0/tests/testing.tcl
jimtcl-51f65c6d38fbf86e1f0b036ad336761fd2ab7fa0/tests/testio.in
jimtcl-51f65c6d38fbf86e1f0b036ad336761fd2ab7fa0/tests/timer.test
jimtcl-51f65c6d38fbf86e1f0b036ad336761fd2ab7fa0/tests/tree.test
jimtcl-51f65c6d38fbf86e1f0b036ad336761fd2ab7fa0/tests/try.test
jimtcl-51f65c6d38fbf86e1f0b036ad336761fd2ab7fa0/tests/uplevel.test
jimtcl-51f65c6d38fbf86e1f0b036ad336761fd2ab7fa0/tests/upvar.test
jimtcl-51f65c6d38fbf86e1f0b036ad336761fd2ab7fa0/tests/utf8.test
jimtcl-51f65c6d38fbf86e1f0b036ad336761fd2ab7fa0/tests/utftcl.test
jimtcl-51f65c6d38fbf86e1f0b036ad336761fd2ab7fa0/tests/util.test
jimtcl-51f65c6d38fbf86e1f0b036ad336761fd2ab7fa0/tests/while.test
jimtcl-51f65c6d38fbf86e1f0b036ad336761fd2ab7fa0/tools/
jimtcl-51f65c6d38fbf86e1f0b036ad336761fd2ab7fa0/tools/benchtable.tcl
jimtcl-51f65c6d38fbf86e1f0b036ad336761fd2ab7fa0/tree.tcl
jimtcl-51f65c6d38fbf86e1f0b036ad336761fd2ab7fa0/utf8.c
jimtcl-51f65c6d38fbf86e1f0b036ad336761fd2ab7fa0/utf8.h
No installed jimsh or tclsh, building local bootstrap jimsh0
Host System...i686-pc-linux-gnu
Build System...i686-pc-linux-gnu
C compiler... cc -g -O2
C++ compiler... c++ -g -O2
Build C compiler...cc
Checking for stdlib.h...ok
Checking for long long...ok
Checking for sys/time.h...ok
Checking for sys/socket.h...ok
Checking for netinet/in.h...ok
Checking for arpa/inet.h...ok
Checking for netdb.h...ok
Checking for sys/un.h...ok
Checking for dlfcn.h...ok
Checking for unistd.h...ok
Checking for dirent.h...ok
Checking for crt_externs.h...not found
Checking libs for inet_ntop...none needed
Checking libs for socket...none needed
Checking for ualarm...ok
Checking for lstat...ok
Checking for fork...ok
Checking for vfork...ok
Checking for system...ok
Checking for select...ok
Checking for execvpe...ok
Checking for backtrace...ok
Checking for geteuid...ok
Checking for mkstemp...ok
Checking for realpath...ok
Checking for strptime...ok
Checking for isatty...ok
Checking for regcomp...ok
Checking for waitpid...ok
Checking for sigaction...ok
Checking for sys_signame...not found
Checking for sys_siglist...ok
Checking for isascii...ok
Checking for syslog...ok
Checking for opendir...ok
Checking for readlink...ok
Checking for sleep...ok
Checking for usleep...ok
Checking for pipe...ok
Checking for getaddrinfo...ok
Checking for utimes...ok
Checking for shutdown...ok
Checking for socketpair...ok
Checking for isinf...ok
Checking for isnan...ok
Checking for link...ok
Checking for symlink...ok
Checking for sysinfo...ok
Checking for struct sysinfo.uptime...ok
Checking for sys/types.h...(cached) ok
Checking if -D_FILE_OFFSET_BITS=64 is needed...yes
Checking for fseeko...ok
Checking for ftello...ok
Checking for _NSGetEnviron...not found
Checking environ declared in unistd.h...yes
Checking for sys/types.h...(cached) ok
Checking for sys/stat.h...ok
Checking for mkdir with one arg...no
Checking for termios.h...ok
Enabling line editing
Enabling references
Building static library
Extension aio...enabled
Extension array...enabled
Extension pack...enabled
Extension binary...enabled
Extension clock...enabled
Extension eventloop...enabled
Extension exec...enabled
Extension file...enabled
Extension readdir...enabled
Extension glob...enabled
Extension history...enabled
Checking libs for dlopen...-ldl
Extension load...enabled
Extension nshelper...enabled
Extension namespace...enabled
Extension oo...enabled
Extension package...enabled
Extension posix...enabled
Extension regexp...enabled
Extension signal...enabled
Extension stdlib...enabled
Extension syslog...enabled
Extension tclcompat...enabled
Extension tclprefix...enabled
Extension tree...enabled
Using built-in regexp
Jim static extensions: aio array binary clock eventloop exec file glob history load namespace nshelper oo pack package posix readdir regexp signal stdlib syslog tclcompat tclprefix tree
Created jim-config.h
Created jimautoconf.h
Created Makefile from Makefile.in
Created build-jim-ext from build-jim-ext.in
/mnt/sda6/00_new-woof/petbuilds-slacko-32/builds/jimtcl/jimtcl-0.76/autosetup/jimsh0 ./make-load-static-exts.tcl aio array clock eventloop exec file history load namespace pack package posix readdir regexp signal syslog tclprefix binary glob nshelper oo stdlib tclcompat tree >_load-static-exts.c || ( rm _load-static-exts.c; exit 1)
cc -D_GNU_SOURCE -Wall  -I. -g -O2 -fno-unwind-tables -fno-asynchronous-unwind-tables    -c -o jim-subcmd.o jim-subcmd.c
cc -D_GNU_SOURCE -Wall  -I. -g -O2 -fno-unwind-tables -fno-asynchronous-unwind-tables    -c -o jim-interactive.o jim-interactive.c
cc -D_GNU_SOURCE -Wall  -I. -g -O2 -fno-unwind-tables -fno-asynchronous-unwind-tables    -c -o jim-format.o jim-format.c
cc -D_GNU_SOURCE -Wall  -I. -g -O2 -fno-unwind-tables -fno-asynchronous-unwind-tables    -c -o jim.o jim.c
cc -D_GNU_SOURCE -Wall  -I. -g -O2 -fno-unwind-tables -fno-asynchronous-unwind-tables    -c -o utf8.o utf8.c
cc -D_GNU_SOURCE -Wall  -I. -g -O2 -fno-unwind-tables -fno-asynchronous-unwind-tables    -c -o jimregexp.o jimregexp.c
cc -D_GNU_SOURCE -Wall  -I. -g -O2 -fno-unwind-tables -fno-asynchronous-unwind-tables    -c -o linenoise.o linenoise.c
cc -D_GNU_SOURCE -Wall  -I. -g -O2 -fno-unwind-tables -fno-asynchronous-unwind-tables    -c -o jim-aio.o jim-aio.c
cc -D_GNU_SOURCE -Wall  -I. -g -O2 -fno-unwind-tables -fno-asynchronous-unwind-tables    -c -o jim-array.o jim-array.c
cc -D_GNU_SOURCE -Wall  -I. -g -O2 -fno-unwind-tables -fno-asynchronous-unwind-tables    -c -o jim-clock.o jim-clock.c
cc -D_GNU_SOURCE -Wall  -I. -g -O2 -fno-unwind-tables -fno-asynchronous-unwind-tables    -c -o jim-eventloop.o jim-eventloop.c
cc -D_GNU_SOURCE -Wall  -I. -g -O2 -fno-unwind-tables -fno-asynchronous-unwind-tables    -c -o jim-exec.o jim-exec.c
cc -D_GNU_SOURCE -Wall  -I. -g -O2 -fno-unwind-tables -fno-asynchronous-unwind-tables    -c -o jim-file.o jim-file.c
cc -D_GNU_SOURCE -Wall  -I. -g -O2 -fno-unwind-tables -fno-asynchronous-unwind-tables    -c -o jim-history.o jim-history.c
cc -D_GNU_SOURCE -Wall  -I. -g -O2 -fno-unwind-tables -fno-asynchronous-unwind-tables    -c -o jim-load.o jim-load.c
cc -D_GNU_SOURCE -Wall  -I. -g -O2 -fno-unwind-tables -fno-asynchronous-unwind-tables    -c -o jim-namespace.o jim-namespace.c
cc -D_GNU_SOURCE -Wall  -I. -g -O2 -fno-unwind-tables -fno-asynchronous-unwind-tables    -c -o jim-pack.o jim-pack.c
cc -D_GNU_SOURCE -Wall  -I. -g -O2 -fno-unwind-tables -fno-asynchronous-unwind-tables    -c -o jim-package.o jim-package.c
cc -D_GNU_SOURCE -Wall  -I. -g -O2 -fno-unwind-tables -fno-asynchronous-unwind-tables    -c -o jim-posix.o jim-posix.c
cc -D_GNU_SOURCE -Wall  -I. -g -O2 -fno-unwind-tables -fno-asynchronous-unwind-tables    -c -o jim-readdir.o jim-readdir.c
cc -D_GNU_SOURCE -Wall  -I. -g -O2 -fno-unwind-tables -fno-asynchronous-unwind-tables    -c -o jim-regexp.o jim-regexp.c
cc -D_GNU_SOURCE -Wall  -I. -g -O2 -fno-unwind-tables -fno-asynchronous-unwind-tables    -c -o jim-signal.o jim-signal.c
cc -D_GNU_SOURCE -Wall  -I. -g -O2 -fno-unwind-tables -fno-asynchronous-unwind-tables    -c -o jim-syslog.o jim-syslog.c
cc -D_GNU_SOURCE -Wall  -I. -g -O2 -fno-unwind-tables -fno-asynchronous-unwind-tables    -c -o jim-tclprefix.o jim-tclprefix.c
/mnt/sda6/00_new-woof/petbuilds-slacko-32/builds/jimtcl/jimtcl-0.76/autosetup/jimsh0 ./make-c-ext.tcl binary.tcl >_binary.c
cc -D_GNU_SOURCE -Wall  -I. -g -O2 -fno-unwind-tables -fno-asynchronous-unwind-tables  -c -o binary.o _binary.c
/mnt/sda6/00_new-woof/petbuilds-slacko-32/builds/jimtcl/jimtcl-0.76/autosetup/jimsh0 ./make-c-ext.tcl glob.tcl >_glob.c
cc -D_GNU_SOURCE -Wall  -I. -g -O2 -fno-unwind-tables -fno-asynchronous-unwind-tables  -c -o glob.o _glob.c
/mnt/sda6/00_new-woof/petbuilds-slacko-32/builds/jimtcl/jimtcl-0.76/autosetup/jimsh0 ./make-c-ext.tcl nshelper.tcl >_nshelper.c
cc -D_GNU_SOURCE -Wall  -I. -g -O2 -fno-unwind-tables -fno-asynchronous-unwind-tables  -c -o nshelper.o _nshelper.c
/mnt/sda6/00_new-woof/petbuilds-slacko-32/builds/jimtcl/jimtcl-0.76/autosetup/jimsh0 ./make-c-ext.tcl oo.tcl >_oo.c
cc -D_GNU_SOURCE -Wall  -I. -g -O2 -fno-unwind-tables -fno-asynchronous-unwind-tables  -c -o oo.o _oo.c
/mnt/sda6/00_new-woof/petbuilds-slacko-32/builds/jimtcl/jimtcl-0.76/autosetup/jimsh0 ./make-c-ext.tcl stdlib.tcl >_stdlib.c
cc -D_GNU_SOURCE -Wall  -I. -g -O2 -fno-unwind-tables -fno-asynchronous-unwind-tables  -c -o stdlib.o _stdlib.c
/mnt/sda6/00_new-woof/petbuilds-slacko-32/builds/jimtcl/jimtcl-0.76/autosetup/jimsh0 ./make-c-ext.tcl tclcompat.tcl >_tclcompat.c
cc -D_GNU_SOURCE -Wall  -I. -g -O2 -fno-unwind-tables -fno-asynchronous-unwind-tables  -c -o tclcompat.o _tclcompat.c
/mnt/sda6/00_new-woof/petbuilds-slacko-32/builds/jimtcl/jimtcl-0.76/autosetup/jimsh0 ./make-c-ext.tcl tree.tcl >_tree.c
cc -D_GNU_SOURCE -Wall  -I. -g -O2 -fno-unwind-tables -fno-asynchronous-unwind-tables  -c -o tree.o _tree.c
cc -D_GNU_SOURCE -Wall  -I. -g -O2 -fno-unwind-tables -fno-asynchronous-unwind-tables    -c -o jimsh.o jimsh.c
/mnt/sda6/00_new-woof/petbuilds-slacko-32/builds/jimtcl/jimtcl-0.76/autosetup/jimsh0 ./make-c-ext.tcl initjimsh.tcl >_initjimsh.c
cc -D_GNU_SOURCE -Wall  -I. -g -O2 -fno-unwind-tables -fno-asynchronous-unwind-tables  -c -o initjimsh.o _initjimsh.c
cc -D_GNU_SOURCE -Wall  -I. -g -O2 -fno-unwind-tables -fno-asynchronous-unwind-tables    -c -o _load-static-exts.o _load-static-exts.c
ar cr libjim.a _load-static-exts.o jim-subcmd.o jim-interactive.o jim-format.o jim.o utf8.o jimregexp.o linenoise.o jim-aio.o jim-array.o jim-clock.o jim-eventloop.o jim-exec.o jim-file.o jim-history.o jim-load.o jim-namespace.o jim-pack.o jim-package.o jim-posix.o jim-readdir.o jim-regexp.o jim-signal.o jim-syslog.o jim-tclprefix.o binary.o glob.o nshelper.o oo.o stdlib.o tclcompat.o tree.o
ranlib libjim.a
cc -D_GNU_SOURCE -Wall  -I. -g -O2 -fno-unwind-tables -fno-asynchronous-unwind-tables  -rdynamic  -o jimsh jimsh.o initjimsh.o libjim.a -ldl 
mkdir -p /mnt/sda6/00_new-woof/petbuilds-slacko-32/builds/jimtcl/jimtcl-install/usr/bin
cp jimsh /mnt/sda6/00_new-woof/petbuilds-slacko-32/builds/jimtcl/jimtcl-install/usr/bin
/mnt/sda6/00_new-woof/petbuilds-slacko-32/builds/jimtcl/jimtcl-0.76/autosetup/jimsh0 ./make-index  jim_tcl.txt | asciidoc -o Tcl.html -d manpage - || cp ./Tcl_shipped.html Tcl.html
/bin/sh: asciidoc: command not found
mkdir -p /mnt/sda6/00_new-woof/petbuilds-slacko-32/builds/jimtcl/jimtcl-install/usr/doc/jim
cp Tcl.html /mnt/sda6/00_new-woof/petbuilds-slacko-32/builds/jimtcl/jimtcl-install/usr/doc/jim
mkdir -p /mnt/sda6/00_new-woof/petbuilds-slacko-32/builds/jimtcl/jimtcl-install/usr/lib/jim
cp libjim.a /mnt/sda6/00_new-woof/petbuilds-slacko-32/builds/jimtcl/jimtcl-install/usr/lib
cp ./README.extensions  /mnt/sda6/00_new-woof/petbuilds-slacko-32/builds/jimtcl/jimtcl-install/usr/lib/jim
for i in tcltest.tcl ; do cp ./$i /mnt/sda6/00_new-woof/petbuilds-slacko-32/builds/jimtcl/jimtcl-install/usr/lib/jim; done
mkdir -p /mnt/sda6/00_new-woof/petbuilds-slacko-32/builds/jimtcl/jimtcl-install/usr/include
cp ./jim.h ./jim-eventloop.h ./jim-signal.h \
	./jim-subcmd.h ./jim-win32compat.h /mnt/sda6/00_new-woof/petbuilds-slacko-32/builds/jimtcl/jimtcl-install/usr/include
cp jim-config.h /mnt/sda6/00_new-woof/petbuilds-slacko-32/builds/jimtcl/jimtcl-install/usr/include
mkdir -p /mnt/sda6/00_new-woof/petbuilds-slacko-32/builds/jimtcl/jimtcl-install/usr/bin
cp build-jim-ext /mnt/sda6/00_new-woof/petbuilds-slacko-32/builds/jimtcl/jimtcl-install/usr/bin
/mnt/sda6/00_new-woof/petbuilds-slacko-32/builds/jimtcl
Processing ../jimtcl-install/usr/bin/build-jim-ext
Processing ../jimtcl-install/usr/bin/jimsh
Processing ../jimtcl-install/usr/doc/jim/Tcl.html
Processing ../jimtcl-install/usr/include/jim-config.h
Processing ../jimtcl-install/usr/include/jim-eventloop.h
Processing ../jimtcl-install/usr/include/jim.h
Processing ../jimtcl-install/usr/include/jim-signal.h
Processing ../jimtcl-install/usr/include/jim-subcmd.h
Processing ../jimtcl-install/usr/include/jim-win32compat.h
Processing ../jimtcl-install/usr/lib/jim/README.extensions
Processing ../jimtcl-install/usr/lib/jim/tcltest.tcl
Processing ../jimtcl-install/usr/lib/libjim.a
all done
packaging jimtcl-0.76-i686_slk600
packaging jimtcl_DEV-0.76-i686_slk600
done!
