jwm-2.3.0/
jwm-2.3.0/Makefile.in
jwm-2.3.0/README.md
jwm-2.3.0/ChangeLog
jwm-2.3.0/xslt/
jwm-2.3.0/xslt/jwm-2.3.xslt
jwm-2.3.0/Doxyfile
jwm-2.3.0/config.h.in
jwm-2.3.0/doc-footer.shtml
jwm-2.3.0/aclocal.m4
jwm-2.3.0/config.sub
jwm-2.3.0/configure.in
jwm-2.3.0/doc-header.shtml
jwm-2.3.0/configure
jwm-2.3.0/LICENSE
jwm-2.3.0/example.jwmrc
jwm-2.3.0/ABOUT-NLS
jwm-2.3.0/po/
jwm-2.3.0/po/ru.po
jwm-2.3.0/po/LINGUAS
jwm-2.3.0/po/Makefile.in
jwm-2.3.0/po/fr.po
jwm-2.3.0/po/pl.po
jwm-2.3.0/po/Makefile
jwm-2.3.0/po/en@quot.header
jwm-2.3.0/po/Rules-quot
jwm-2.3.0/po/insert-header.sin
jwm-2.3.0/po/pt-PT.po
jwm-2.3.0/po/it.po
jwm-2.3.0/po/jwm.pot
jwm-2.3.0/po/de.po
jwm-2.3.0/po/nl.po
jwm-2.3.0/po/es.po
jwm-2.3.0/po/Makevars
jwm-2.3.0/po/Makefile.in.in
jwm-2.3.0/po/boldquot.sed
jwm-2.3.0/po/quot.sed
jwm-2.3.0/po/POTFILES
jwm-2.3.0/po/POTFILES.in
jwm-2.3.0/po/remove-potcdate.sin
jwm-2.3.0/po/en@boldquot.header
jwm-2.3.0/src/
jwm-2.3.0/src/parse.c
jwm-2.3.0/src/command.h
jwm-2.3.0/src/outline.h
jwm-2.3.0/src/match.h
jwm-2.3.0/src/clientlist.c
jwm-2.3.0/src/menu.c
jwm-2.3.0/src/parse.h
jwm-2.3.0/src/resize.c
jwm-2.3.0/src/error.h
jwm-2.3.0/src/Makefile.in
jwm-2.3.0/src/tray.c
jwm-2.3.0/src/tray.h
jwm-2.3.0/src/pager.c
jwm-2.3.0/src/spacer.c
jwm-2.3.0/src/settings.h
jwm-2.3.0/src/traybutton.h
jwm-2.3.0/src/winmenu.c
jwm-2.3.0/src/gradient.h
jwm-2.3.0/src/icon.c
jwm-2.3.0/src/x.xpm
jwm-2.3.0/src/action.c
jwm-2.3.0/src/error.c
jwm-2.3.0/src/popup.h
jwm-2.3.0/src/desktop.c
jwm-2.3.0/src/icon.h
jwm-2.3.0/src/move.c
jwm-2.3.0/src/swallow.h
jwm-2.3.0/src/background.c
jwm-2.3.0/src/pager.h
jwm-2.3.0/src/move.h
jwm-2.3.0/src/main.c
jwm-2.3.0/src/traybutton.c
jwm-2.3.0/src/match.c
jwm-2.3.0/src/gradient.c
jwm-2.3.0/src/cursor.h
jwm-2.3.0/src/event.c
jwm-2.3.0/src/event.h
jwm-2.3.0/src/border.h
jwm-2.3.0/src/dock.h
jwm-2.3.0/src/settings.c
jwm-2.3.0/src/background.h
jwm-2.3.0/src/misc.h
jwm-2.3.0/src/grab.c
jwm-2.3.0/src/clock.h
jwm-2.3.0/src/confirm.c
jwm-2.3.0/src/taskbar.h
jwm-2.3.0/src/timing.h
jwm-2.3.0/src/client.h
jwm-2.3.0/src/misc.c
jwm-2.3.0/src/render.h
jwm-2.3.0/src/jxlib.h
jwm-2.3.0/src/action.h
jwm-2.3.0/src/timing.c
jwm-2.3.0/src/image.h
jwm-2.3.0/src/border.c
jwm-2.3.0/src/screen.c
jwm-2.3.0/src/font.c
jwm-2.3.0/src/key.h
jwm-2.3.0/src/place.c
jwm-2.3.0/src/group.h
jwm-2.3.0/src/clock.c
jwm-2.3.0/src/winmenu.h
jwm-2.3.0/src/help.h
jwm-2.3.0/src/root.h
jwm-2.3.0/src/clientlist.h
jwm-2.3.0/src/confirm.h
jwm-2.3.0/src/resize.h
jwm-2.3.0/src/lex.h
jwm-2.3.0/src/root.c
jwm-2.3.0/src/spacer.h
jwm-2.3.0/src/menu.h
jwm-2.3.0/src/outline.c
jwm-2.3.0/src/dock.c
jwm-2.3.0/src/grab.h
jwm-2.3.0/src/status.c
jwm-2.3.0/src/render.c
jwm-2.3.0/src/lex.c
jwm-2.3.0/src/cursor.c
jwm-2.3.0/src/screen.h
jwm-2.3.0/src/button.h
jwm-2.3.0/src/button.c
jwm-2.3.0/src/hint.c
jwm-2.3.0/src/jwm.h
jwm-2.3.0/src/client.c
jwm-2.3.0/src/help.c
jwm-2.3.0/src/command.c
jwm-2.3.0/src/key.c
jwm-2.3.0/src/status.h
jwm-2.3.0/src/debug.c
jwm-2.3.0/src/place.h
jwm-2.3.0/src/taskbar.c
jwm-2.3.0/src/color.h
jwm-2.3.0/src/desktop.h
jwm-2.3.0/src/debug.h
jwm-2.3.0/src/main.h
jwm-2.3.0/src/swallow.c
jwm-2.3.0/src/color.c
jwm-2.3.0/src/group.c
jwm-2.3.0/src/hint.h
jwm-2.3.0/src/image.c
jwm-2.3.0/src/popup.c
jwm-2.3.0/src/font.h
jwm-2.3.0/config.guess
jwm-2.3.0/install-sh
jwm-2.3.0/jwm.1.in
checking for gcc... gcc
checking whether the C compiler works... yes
checking for C compiler default output file name... a.out
checking for suffix of executables... 
checking whether we are cross compiling... no
checking for suffix of object files... o
checking whether we are using the GNU C compiler... yes
checking whether gcc accepts -g... yes
checking for gcc option to accept ISO C89... none needed
checking how to run the C preprocessor... gcc -E
checking for a BSD-compatible install... /usr/bin/ginstall -c
checking for a thread-safe mkdir -p... ./install-sh -c -d
checking if _XOPEN_SOURCE should be defined... yes
checking for X... libraries , headers 
checking for XOpenDisplay in -lX11... yes
checking for Xutf8TextPropertyToTextList in -lX11... yes
checking for grep that handles long lines and -e... /bin/grep
checking for egrep... /bin/grep -E
checking for ANSI C header files... yes
checking for sys/types.h... yes
checking for sys/stat.h... yes
checking for stdlib.h... yes
checking for string.h... yes
checking for memory.h... yes
checking for strings.h... yes
checking for inttypes.h... yes
checking for stdint.h... yes
checking for unistd.h... yes
checking stdarg.h usability... yes
checking stdarg.h presence... yes
checking for stdarg.h... yes
checking stdio.h usability... yes
checking stdio.h presence... yes
checking for stdio.h... yes
checking for stdlib.h... (cached) yes
checking ctype.h usability... yes
checking ctype.h presence... yes
checking for ctype.h... yes
checking sys/select.h usability... yes
checking sys/select.h presence... yes
checking for sys/select.h... yes
checking signal.h usability... yes
checking signal.h presence... yes
checking for signal.h... yes
checking for unistd.h... (cached) yes
checking time.h usability... yes
checking time.h presence... yes
checking for time.h... yes
checking sys/wait.h usability... yes
checking sys/wait.h presence... yes
checking for sys/wait.h... yes
checking sys/time.h usability... yes
checking sys/time.h presence... yes
checking for sys/time.h... yes
checking langinfo.h usability... yes
checking langinfo.h presence... yes
checking for langinfo.h... yes
checking iconv.h usability... yes
checking iconv.h presence... yes
checking for iconv.h... yes
checking alloca.h usability... yes
checking alloca.h presence... yes
checking for alloca.h... yes
checking locale.h usability... yes
checking locale.h presence... yes
checking for locale.h... yes
checking libintl.h usability... yes
checking libintl.h presence... yes
checking for libintl.h... yes
checking X11/Xlib.h usability... yes
checking X11/Xlib.h presence... yes
checking for X11/Xlib.h... yes
checking for X11/Xutil.h... yes
checking for X11/cursorfont.h... yes
checking for X11/Xproto.h... yes
checking for X11/Xatom.h... yes
checking for X11/keysym.h... yes
checking for X11/Xresource.h... yes
checking for unsetenv... yes
checking for putenv... yes
checking for setlocale... yes
checking for pkg-config... pkg-config
checking if pkg-config knows about libpng... yes
checking if pkg-config knows about libjpeg... no
checking if pkg-config knows about cairo... yes
checking if pkg-config knows about librsvg-2.0... yes
checking if pkg-config knows about freetype2... yes
checking if pkg-config knows about xft... yes
checking if pkg-config knows about xrender... yes
checking if pkg-config knows about fribidi... yes
checking for png_read_image in -lpng... yes
checking for cairo_create in -lcairo... yes
checking for rsvg_handle_render_cairo in -lrsvg-2... yes
checking for jpeg_start_decompress in -ljpeg... yes
checking for XftFontOpenName in -lXft... yes
checking for ft2build.h... yes
checking for X11/extensions/Xrender.h... yes
checking for XRenderComposite in -lXrender... yes
checking for fribidi_charset_to_unicode in -lfribidi... yes
checking for iconv... yes
checking X11/xpm.h usability... yes
checking X11/xpm.h presence... yes
checking for X11/xpm.h... yes
checking whether XpmAllocColor is declared... yes
checking for XpmReadFileToImage in -lXpm... yes
checking for XReadBitmapFileData in -lX11... yes
checking for XShapeCombineRectangles in -lXext... yes
checking for XmuDrawRoundedRectangle in -lXmu... yes
checking for XineramaQueryExtension in -lXinerama... yes
checking whether make sets $(MAKE)... yes
./configure: line 5256: AM_PROG_MKDIR_P: command not found
checking whether NLS is requested... yes
checking for msgfmt... /usr/bin/msgfmt
checking for gmsgfmt... /usr/bin/msgfmt
checking for xgettext... /usr/bin/xgettext
checking for msgmerge... /usr/bin/msgmerge
checking build system type... i686-pc-linux-gnu
checking host system type... i686-pc-linux-gnu
checking for ld used by GCC... /usr/i486-slackware-linux/bin/ld
checking if the linker (/usr/i486-slackware-linux/bin/ld) is GNU ld... yes
checking for shared library run path origin... /bin/sh: ./config.rpath: No such file or directory
done
./configure: line 6343: gt_INTL_MACOSX: command not found
checking for GNU gettext in libc... yes
checking whether to use NLS... yes
checking where the gettext function comes from... libc
configure: creating ./config.status
config.status: creating po/Makefile.in
config.status: creating Makefile
config.status: creating src/Makefile
config.status: creating jwm.1
config.status: creating config.h
config.status: executing po-directories commands
config.status: creating po/POTFILES
config.status: creating po/Makefile
Compiler:      gcc
Compile flags: -g -O2 -I/usr/include/libpng14   -pthread -I/usr/include/librsvg-2.0 -I/usr/include/glib-2.0 -I/usr/lib/glib-2.0/include -I/usr/include/gdk-pixbuf-2.0 -I/usr/include/cairo -I/usr/include/libpng14 -I/usr/include/pixman-1 -I/usr/include/freetype2 -I/usr/include/libdrm   -I/usr/include/cairo -I/usr/include/glib-2.0 -I/usr/lib/glib-2.0/include -I/usr/include/pixman-1 -I/usr/include/freetype2 -I/usr/include/libpng14 -I/usr/include/libdrm    -I/usr/include/freetype2   -I/usr/include/freetype2     -I/usr/include/fribidi   -DLOCALEDIR=\"/usr/share/locale\"
Link flags:     -lX11 -lpng14   -lrsvg-2 -lm -lgio-2.0 -lgdk_pixbuf-2.0 -lcairo -lgobject-2.0 -lglib-2.0   -lcairo   -ljpeg -lXft   -lfreetype   -lXrender -lX11   -lfribidi   -lXpm -lXext -lXmu -lXinerama 

Options

    Confirm:  yes
    Icon:     yes
    Iconv:    yes
    Cairo:    yes
    RSVG:     yes
    PNG:      yes
    JPEG:     yes
    XBM:      yes
    XPM:      yes
    XFT:      yes
    XRender:  yes
    FriBidi:  yes
    Shape:    yes
    Xmu:      yes
    Xinerama: yes
    Debug:    no

cd src ; make all ; cd ..
make[1]: Entering directory `/mnt/sda6/00_new-woof/petbuilds-slacko-32/builds/jwm/jwm-2.3.0/src'
gcc -c -g -O2 -I/usr/include/libpng14   -pthread -I/usr/include/librsvg-2.0 -I/usr/include/glib-2.0 -I/usr/lib/glib-2.0/include -I/usr/include/gdk-pixbuf-2.0 -I/usr/include/cairo -I/usr/include/libpng14 -I/usr/include/pixman-1 -I/usr/include/freetype2 -I/usr/include/libdrm   -I/usr/include/cairo -I/usr/include/glib-2.0 -I/usr/lib/glib-2.0/include -I/usr/include/pixman-1 -I/usr/include/freetype2 -I/usr/include/libpng14 -I/usr/include/libdrm    -I/usr/include/freetype2   -I/usr/include/freetype2     -I/usr/include/fribidi   -DLOCALEDIR=\"/usr/share/locale\"  action.c
gcc -c -g -O2 -I/usr/include/libpng14   -pthread -I/usr/include/librsvg-2.0 -I/usr/include/glib-2.0 -I/usr/lib/glib-2.0/include -I/usr/include/gdk-pixbuf-2.0 -I/usr/include/cairo -I/usr/include/libpng14 -I/usr/include/pixman-1 -I/usr/include/freetype2 -I/usr/include/libdrm   -I/usr/include/cairo -I/usr/include/glib-2.0 -I/usr/lib/glib-2.0/include -I/usr/include/pixman-1 -I/usr/include/freetype2 -I/usr/include/libpng14 -I/usr/include/libdrm    -I/usr/include/freetype2   -I/usr/include/freetype2     -I/usr/include/fribidi   -DLOCALEDIR=\"/usr/share/locale\"  background.c
gcc -c -g -O2 -I/usr/include/libpng14   -pthread -I/usr/include/librsvg-2.0 -I/usr/include/glib-2.0 -I/usr/lib/glib-2.0/include -I/usr/include/gdk-pixbuf-2.0 -I/usr/include/cairo -I/usr/include/libpng14 -I/usr/include/pixman-1 -I/usr/include/freetype2 -I/usr/include/libdrm   -I/usr/include/cairo -I/usr/include/glib-2.0 -I/usr/lib/glib-2.0/include -I/usr/include/pixman-1 -I/usr/include/freetype2 -I/usr/include/libpng14 -I/usr/include/libdrm    -I/usr/include/freetype2   -I/usr/include/freetype2     -I/usr/include/fribidi   -DLOCALEDIR=\"/usr/share/locale\"  border.c
gcc -c -g -O2 -I/usr/include/libpng14   -pthread -I/usr/include/librsvg-2.0 -I/usr/include/glib-2.0 -I/usr/lib/glib-2.0/include -I/usr/include/gdk-pixbuf-2.0 -I/usr/include/cairo -I/usr/include/libpng14 -I/usr/include/pixman-1 -I/usr/include/freetype2 -I/usr/include/libdrm   -I/usr/include/cairo -I/usr/include/glib-2.0 -I/usr/lib/glib-2.0/include -I/usr/include/pixman-1 -I/usr/include/freetype2 -I/usr/include/libpng14 -I/usr/include/libdrm    -I/usr/include/freetype2   -I/usr/include/freetype2     -I/usr/include/fribidi   -DLOCALEDIR=\"/usr/share/locale\"  button.c
gcc -c -g -O2 -I/usr/include/libpng14   -pthread -I/usr/include/librsvg-2.0 -I/usr/include/glib-2.0 -I/usr/lib/glib-2.0/include -I/usr/include/gdk-pixbuf-2.0 -I/usr/include/cairo -I/usr/include/libpng14 -I/usr/include/pixman-1 -I/usr/include/freetype2 -I/usr/include/libdrm   -I/usr/include/cairo -I/usr/include/glib-2.0 -I/usr/lib/glib-2.0/include -I/usr/include/pixman-1 -I/usr/include/freetype2 -I/usr/include/libpng14 -I/usr/include/libdrm    -I/usr/include/freetype2   -I/usr/include/freetype2     -I/usr/include/fribidi   -DLOCALEDIR=\"/usr/share/locale\"  client.c
gcc -c -g -O2 -I/usr/include/libpng14   -pthread -I/usr/include/librsvg-2.0 -I/usr/include/glib-2.0 -I/usr/lib/glib-2.0/include -I/usr/include/gdk-pixbuf-2.0 -I/usr/include/cairo -I/usr/include/libpng14 -I/usr/include/pixman-1 -I/usr/include/freetype2 -I/usr/include/libdrm   -I/usr/include/cairo -I/usr/include/glib-2.0 -I/usr/lib/glib-2.0/include -I/usr/include/pixman-1 -I/usr/include/freetype2 -I/usr/include/libpng14 -I/usr/include/libdrm    -I/usr/include/freetype2   -I/usr/include/freetype2     -I/usr/include/fribidi   -DLOCALEDIR=\"/usr/share/locale\"  clientlist.c
gcc -c -g -O2 -I/usr/include/libpng14   -pthread -I/usr/include/librsvg-2.0 -I/usr/include/glib-2.0 -I/usr/lib/glib-2.0/include -I/usr/include/gdk-pixbuf-2.0 -I/usr/include/cairo -I/usr/include/libpng14 -I/usr/include/pixman-1 -I/usr/include/freetype2 -I/usr/include/libdrm   -I/usr/include/cairo -I/usr/include/glib-2.0 -I/usr/lib/glib-2.0/include -I/usr/include/pixman-1 -I/usr/include/freetype2 -I/usr/include/libpng14 -I/usr/include/libdrm    -I/usr/include/freetype2   -I/usr/include/freetype2     -I/usr/include/fribidi   -DLOCALEDIR=\"/usr/share/locale\"  clock.c
gcc -c -g -O2 -I/usr/include/libpng14   -pthread -I/usr/include/librsvg-2.0 -I/usr/include/glib-2.0 -I/usr/lib/glib-2.0/include -I/usr/include/gdk-pixbuf-2.0 -I/usr/include/cairo -I/usr/include/libpng14 -I/usr/include/pixman-1 -I/usr/include/freetype2 -I/usr/include/libdrm   -I/usr/include/cairo -I/usr/include/glib-2.0 -I/usr/lib/glib-2.0/include -I/usr/include/pixman-1 -I/usr/include/freetype2 -I/usr/include/libpng14 -I/usr/include/libdrm    -I/usr/include/freetype2   -I/usr/include/freetype2     -I/usr/include/fribidi   -DLOCALEDIR=\"/usr/share/locale\"  color.c
gcc -c -g -O2 -I/usr/include/libpng14   -pthread -I/usr/include/librsvg-2.0 -I/usr/include/glib-2.0 -I/usr/lib/glib-2.0/include -I/usr/include/gdk-pixbuf-2.0 -I/usr/include/cairo -I/usr/include/libpng14 -I/usr/include/pixman-1 -I/usr/include/freetype2 -I/usr/include/libdrm   -I/usr/include/cairo -I/usr/include/glib-2.0 -I/usr/lib/glib-2.0/include -I/usr/include/pixman-1 -I/usr/include/freetype2 -I/usr/include/libpng14 -I/usr/include/libdrm    -I/usr/include/freetype2   -I/usr/include/freetype2     -I/usr/include/fribidi   -DLOCALEDIR=\"/usr/share/locale\"  command.c
gcc -c -g -O2 -I/usr/include/libpng14   -pthread -I/usr/include/librsvg-2.0 -I/usr/include/glib-2.0 -I/usr/lib/glib-2.0/include -I/usr/include/gdk-pixbuf-2.0 -I/usr/include/cairo -I/usr/include/libpng14 -I/usr/include/pixman-1 -I/usr/include/freetype2 -I/usr/include/libdrm   -I/usr/include/cairo -I/usr/include/glib-2.0 -I/usr/lib/glib-2.0/include -I/usr/include/pixman-1 -I/usr/include/freetype2 -I/usr/include/libpng14 -I/usr/include/libdrm    -I/usr/include/freetype2   -I/usr/include/freetype2     -I/usr/include/fribidi   -DLOCALEDIR=\"/usr/share/locale\"  confirm.c
gcc -c -g -O2 -I/usr/include/libpng14   -pthread -I/usr/include/librsvg-2.0 -I/usr/include/glib-2.0 -I/usr/lib/glib-2.0/include -I/usr/include/gdk-pixbuf-2.0 -I/usr/include/cairo -I/usr/include/libpng14 -I/usr/include/pixman-1 -I/usr/include/freetype2 -I/usr/include/libdrm   -I/usr/include/cairo -I/usr/include/glib-2.0 -I/usr/lib/glib-2.0/include -I/usr/include/pixman-1 -I/usr/include/freetype2 -I/usr/include/libpng14 -I/usr/include/libdrm    -I/usr/include/freetype2   -I/usr/include/freetype2     -I/usr/include/fribidi   -DLOCALEDIR=\"/usr/share/locale\"  cursor.c
gcc -c -g -O2 -I/usr/include/libpng14   -pthread -I/usr/include/librsvg-2.0 -I/usr/include/glib-2.0 -I/usr/lib/glib-2.0/include -I/usr/include/gdk-pixbuf-2.0 -I/usr/include/cairo -I/usr/include/libpng14 -I/usr/include/pixman-1 -I/usr/include/freetype2 -I/usr/include/libdrm   -I/usr/include/cairo -I/usr/include/glib-2.0 -I/usr/lib/glib-2.0/include -I/usr/include/pixman-1 -I/usr/include/freetype2 -I/usr/include/libpng14 -I/usr/include/libdrm    -I/usr/include/freetype2   -I/usr/include/freetype2     -I/usr/include/fribidi   -DLOCALEDIR=\"/usr/share/locale\"  debug.c
gcc -c -g -O2 -I/usr/include/libpng14   -pthread -I/usr/include/librsvg-2.0 -I/usr/include/glib-2.0 -I/usr/lib/glib-2.0/include -I/usr/include/gdk-pixbuf-2.0 -I/usr/include/cairo -I/usr/include/libpng14 -I/usr/include/pixman-1 -I/usr/include/freetype2 -I/usr/include/libdrm   -I/usr/include/cairo -I/usr/include/glib-2.0 -I/usr/lib/glib-2.0/include -I/usr/include/pixman-1 -I/usr/include/freetype2 -I/usr/include/libpng14 -I/usr/include/libdrm    -I/usr/include/freetype2   -I/usr/include/freetype2     -I/usr/include/fribidi   -DLOCALEDIR=\"/usr/share/locale\"  desktop.c
gcc -c -g -O2 -I/usr/include/libpng14   -pthread -I/usr/include/librsvg-2.0 -I/usr/include/glib-2.0 -I/usr/lib/glib-2.0/include -I/usr/include/gdk-pixbuf-2.0 -I/usr/include/cairo -I/usr/include/libpng14 -I/usr/include/pixman-1 -I/usr/include/freetype2 -I/usr/include/libdrm   -I/usr/include/cairo -I/usr/include/glib-2.0 -I/usr/lib/glib-2.0/include -I/usr/include/pixman-1 -I/usr/include/freetype2 -I/usr/include/libpng14 -I/usr/include/libdrm    -I/usr/include/freetype2   -I/usr/include/freetype2     -I/usr/include/fribidi   -DLOCALEDIR=\"/usr/share/locale\"  dock.c
gcc -c -g -O2 -I/usr/include/libpng14   -pthread -I/usr/include/librsvg-2.0 -I/usr/include/glib-2.0 -I/usr/lib/glib-2.0/include -I/usr/include/gdk-pixbuf-2.0 -I/usr/include/cairo -I/usr/include/libpng14 -I/usr/include/pixman-1 -I/usr/include/freetype2 -I/usr/include/libdrm   -I/usr/include/cairo -I/usr/include/glib-2.0 -I/usr/lib/glib-2.0/include -I/usr/include/pixman-1 -I/usr/include/freetype2 -I/usr/include/libpng14 -I/usr/include/libdrm    -I/usr/include/freetype2   -I/usr/include/freetype2     -I/usr/include/fribidi   -DLOCALEDIR=\"/usr/share/locale\"  event.c
gcc -c -g -O2 -I/usr/include/libpng14   -pthread -I/usr/include/librsvg-2.0 -I/usr/include/glib-2.0 -I/usr/lib/glib-2.0/include -I/usr/include/gdk-pixbuf-2.0 -I/usr/include/cairo -I/usr/include/libpng14 -I/usr/include/pixman-1 -I/usr/include/freetype2 -I/usr/include/libdrm   -I/usr/include/cairo -I/usr/include/glib-2.0 -I/usr/lib/glib-2.0/include -I/usr/include/pixman-1 -I/usr/include/freetype2 -I/usr/include/libpng14 -I/usr/include/libdrm    -I/usr/include/freetype2   -I/usr/include/freetype2     -I/usr/include/fribidi   -DLOCALEDIR=\"/usr/share/locale\"  error.c
gcc -c -g -O2 -I/usr/include/libpng14   -pthread -I/usr/include/librsvg-2.0 -I/usr/include/glib-2.0 -I/usr/lib/glib-2.0/include -I/usr/include/gdk-pixbuf-2.0 -I/usr/include/cairo -I/usr/include/libpng14 -I/usr/include/pixman-1 -I/usr/include/freetype2 -I/usr/include/libdrm   -I/usr/include/cairo -I/usr/include/glib-2.0 -I/usr/lib/glib-2.0/include -I/usr/include/pixman-1 -I/usr/include/freetype2 -I/usr/include/libpng14 -I/usr/include/libdrm    -I/usr/include/freetype2   -I/usr/include/freetype2     -I/usr/include/fribidi   -DLOCALEDIR=\"/usr/share/locale\"  font.c
gcc -c -g -O2 -I/usr/include/libpng14   -pthread -I/usr/include/librsvg-2.0 -I/usr/include/glib-2.0 -I/usr/lib/glib-2.0/include -I/usr/include/gdk-pixbuf-2.0 -I/usr/include/cairo -I/usr/include/libpng14 -I/usr/include/pixman-1 -I/usr/include/freetype2 -I/usr/include/libdrm   -I/usr/include/cairo -I/usr/include/glib-2.0 -I/usr/lib/glib-2.0/include -I/usr/include/pixman-1 -I/usr/include/freetype2 -I/usr/include/libpng14 -I/usr/include/libdrm    -I/usr/include/freetype2   -I/usr/include/freetype2     -I/usr/include/fribidi   -DLOCALEDIR=\"/usr/share/locale\"  grab.c
gcc -c -g -O2 -I/usr/include/libpng14   -pthread -I/usr/include/librsvg-2.0 -I/usr/include/glib-2.0 -I/usr/lib/glib-2.0/include -I/usr/include/gdk-pixbuf-2.0 -I/usr/include/cairo -I/usr/include/libpng14 -I/usr/include/pixman-1 -I/usr/include/freetype2 -I/usr/include/libdrm   -I/usr/include/cairo -I/usr/include/glib-2.0 -I/usr/lib/glib-2.0/include -I/usr/include/pixman-1 -I/usr/include/freetype2 -I/usr/include/libpng14 -I/usr/include/libdrm    -I/usr/include/freetype2   -I/usr/include/freetype2     -I/usr/include/fribidi   -DLOCALEDIR=\"/usr/share/locale\"  gradient.c
gcc -c -g -O2 -I/usr/include/libpng14   -pthread -I/usr/include/librsvg-2.0 -I/usr/include/glib-2.0 -I/usr/lib/glib-2.0/include -I/usr/include/gdk-pixbuf-2.0 -I/usr/include/cairo -I/usr/include/libpng14 -I/usr/include/pixman-1 -I/usr/include/freetype2 -I/usr/include/libdrm   -I/usr/include/cairo -I/usr/include/glib-2.0 -I/usr/lib/glib-2.0/include -I/usr/include/pixman-1 -I/usr/include/freetype2 -I/usr/include/libpng14 -I/usr/include/libdrm    -I/usr/include/freetype2   -I/usr/include/freetype2     -I/usr/include/fribidi   -DLOCALEDIR=\"/usr/share/locale\"  group.c
gcc -c -g -O2 -I/usr/include/libpng14   -pthread -I/usr/include/librsvg-2.0 -I/usr/include/glib-2.0 -I/usr/lib/glib-2.0/include -I/usr/include/gdk-pixbuf-2.0 -I/usr/include/cairo -I/usr/include/libpng14 -I/usr/include/pixman-1 -I/usr/include/freetype2 -I/usr/include/libdrm   -I/usr/include/cairo -I/usr/include/glib-2.0 -I/usr/lib/glib-2.0/include -I/usr/include/pixman-1 -I/usr/include/freetype2 -I/usr/include/libpng14 -I/usr/include/libdrm    -I/usr/include/freetype2   -I/usr/include/freetype2     -I/usr/include/fribidi   -DLOCALEDIR=\"/usr/share/locale\"  help.c
gcc -c -g -O2 -I/usr/include/libpng14   -pthread -I/usr/include/librsvg-2.0 -I/usr/include/glib-2.0 -I/usr/lib/glib-2.0/include -I/usr/include/gdk-pixbuf-2.0 -I/usr/include/cairo -I/usr/include/libpng14 -I/usr/include/pixman-1 -I/usr/include/freetype2 -I/usr/include/libdrm   -I/usr/include/cairo -I/usr/include/glib-2.0 -I/usr/lib/glib-2.0/include -I/usr/include/pixman-1 -I/usr/include/freetype2 -I/usr/include/libpng14 -I/usr/include/libdrm    -I/usr/include/freetype2   -I/usr/include/freetype2     -I/usr/include/fribidi   -DLOCALEDIR=\"/usr/share/locale\"  hint.c
gcc -c -g -O2 -I/usr/include/libpng14   -pthread -I/usr/include/librsvg-2.0 -I/usr/include/glib-2.0 -I/usr/lib/glib-2.0/include -I/usr/include/gdk-pixbuf-2.0 -I/usr/include/cairo -I/usr/include/libpng14 -I/usr/include/pixman-1 -I/usr/include/freetype2 -I/usr/include/libdrm   -I/usr/include/cairo -I/usr/include/glib-2.0 -I/usr/lib/glib-2.0/include -I/usr/include/pixman-1 -I/usr/include/freetype2 -I/usr/include/libpng14 -I/usr/include/libdrm    -I/usr/include/freetype2   -I/usr/include/freetype2     -I/usr/include/fribidi   -DLOCALEDIR=\"/usr/share/locale\"  icon.c
gcc -c -g -O2 -I/usr/include/libpng14   -pthread -I/usr/include/librsvg-2.0 -I/usr/include/glib-2.0 -I/usr/lib/glib-2.0/include -I/usr/include/gdk-pixbuf-2.0 -I/usr/include/cairo -I/usr/include/libpng14 -I/usr/include/pixman-1 -I/usr/include/freetype2 -I/usr/include/libdrm   -I/usr/include/cairo -I/usr/include/glib-2.0 -I/usr/lib/glib-2.0/include -I/usr/include/pixman-1 -I/usr/include/freetype2 -I/usr/include/libpng14 -I/usr/include/libdrm    -I/usr/include/freetype2   -I/usr/include/freetype2     -I/usr/include/fribidi   -DLOCALEDIR=\"/usr/share/locale\"  image.c
gcc -c -g -O2 -I/usr/include/libpng14   -pthread -I/usr/include/librsvg-2.0 -I/usr/include/glib-2.0 -I/usr/lib/glib-2.0/include -I/usr/include/gdk-pixbuf-2.0 -I/usr/include/cairo -I/usr/include/libpng14 -I/usr/include/pixman-1 -I/usr/include/freetype2 -I/usr/include/libdrm   -I/usr/include/cairo -I/usr/include/glib-2.0 -I/usr/lib/glib-2.0/include -I/usr/include/pixman-1 -I/usr/include/freetype2 -I/usr/include/libpng14 -I/usr/include/libdrm    -I/usr/include/freetype2   -I/usr/include/freetype2     -I/usr/include/fribidi   -DLOCALEDIR=\"/usr/share/locale\"  key.c
gcc -c -g -O2 -I/usr/include/libpng14   -pthread -I/usr/include/librsvg-2.0 -I/usr/include/glib-2.0 -I/usr/lib/glib-2.0/include -I/usr/include/gdk-pixbuf-2.0 -I/usr/include/cairo -I/usr/include/libpng14 -I/usr/include/pixman-1 -I/usr/include/freetype2 -I/usr/include/libdrm   -I/usr/include/cairo -I/usr/include/glib-2.0 -I/usr/lib/glib-2.0/include -I/usr/include/pixman-1 -I/usr/include/freetype2 -I/usr/include/libpng14 -I/usr/include/libdrm    -I/usr/include/freetype2   -I/usr/include/freetype2     -I/usr/include/fribidi   -DLOCALEDIR=\"/usr/share/locale\"  lex.c
gcc -c -g -O2 -I/usr/include/libpng14   -pthread -I/usr/include/librsvg-2.0 -I/usr/include/glib-2.0 -I/usr/lib/glib-2.0/include -I/usr/include/gdk-pixbuf-2.0 -I/usr/include/cairo -I/usr/include/libpng14 -I/usr/include/pixman-1 -I/usr/include/freetype2 -I/usr/include/libdrm   -I/usr/include/cairo -I/usr/include/glib-2.0 -I/usr/lib/glib-2.0/include -I/usr/include/pixman-1 -I/usr/include/freetype2 -I/usr/include/libpng14 -I/usr/include/libdrm    -I/usr/include/freetype2   -I/usr/include/freetype2     -I/usr/include/fribidi   -DLOCALEDIR=\"/usr/share/locale\"  main.c
gcc -c -g -O2 -I/usr/include/libpng14   -pthread -I/usr/include/librsvg-2.0 -I/usr/include/glib-2.0 -I/usr/lib/glib-2.0/include -I/usr/include/gdk-pixbuf-2.0 -I/usr/include/cairo -I/usr/include/libpng14 -I/usr/include/pixman-1 -I/usr/include/freetype2 -I/usr/include/libdrm   -I/usr/include/cairo -I/usr/include/glib-2.0 -I/usr/lib/glib-2.0/include -I/usr/include/pixman-1 -I/usr/include/freetype2 -I/usr/include/libpng14 -I/usr/include/libdrm    -I/usr/include/freetype2   -I/usr/include/freetype2     -I/usr/include/fribidi   -DLOCALEDIR=\"/usr/share/locale\"  match.c
gcc -c -g -O2 -I/usr/include/libpng14   -pthread -I/usr/include/librsvg-2.0 -I/usr/include/glib-2.0 -I/usr/lib/glib-2.0/include -I/usr/include/gdk-pixbuf-2.0 -I/usr/include/cairo -I/usr/include/libpng14 -I/usr/include/pixman-1 -I/usr/include/freetype2 -I/usr/include/libdrm   -I/usr/include/cairo -I/usr/include/glib-2.0 -I/usr/lib/glib-2.0/include -I/usr/include/pixman-1 -I/usr/include/freetype2 -I/usr/include/libpng14 -I/usr/include/libdrm    -I/usr/include/freetype2   -I/usr/include/freetype2     -I/usr/include/fribidi   -DLOCALEDIR=\"/usr/share/locale\"  menu.c
gcc -c -g -O2 -I/usr/include/libpng14   -pthread -I/usr/include/librsvg-2.0 -I/usr/include/glib-2.0 -I/usr/lib/glib-2.0/include -I/usr/include/gdk-pixbuf-2.0 -I/usr/include/cairo -I/usr/include/libpng14 -I/usr/include/pixman-1 -I/usr/include/freetype2 -I/usr/include/libdrm   -I/usr/include/cairo -I/usr/include/glib-2.0 -I/usr/lib/glib-2.0/include -I/usr/include/pixman-1 -I/usr/include/freetype2 -I/usr/include/libpng14 -I/usr/include/libdrm    -I/usr/include/freetype2   -I/usr/include/freetype2     -I/usr/include/fribidi   -DLOCALEDIR=\"/usr/share/locale\"  misc.c
gcc -c -g -O2 -I/usr/include/libpng14   -pthread -I/usr/include/librsvg-2.0 -I/usr/include/glib-2.0 -I/usr/lib/glib-2.0/include -I/usr/include/gdk-pixbuf-2.0 -I/usr/include/cairo -I/usr/include/libpng14 -I/usr/include/pixman-1 -I/usr/include/freetype2 -I/usr/include/libdrm   -I/usr/include/cairo -I/usr/include/glib-2.0 -I/usr/lib/glib-2.0/include -I/usr/include/pixman-1 -I/usr/include/freetype2 -I/usr/include/libpng14 -I/usr/include/libdrm    -I/usr/include/freetype2   -I/usr/include/freetype2     -I/usr/include/fribidi   -DLOCALEDIR=\"/usr/share/locale\"  move.c
gcc -c -g -O2 -I/usr/include/libpng14   -pthread -I/usr/include/librsvg-2.0 -I/usr/include/glib-2.0 -I/usr/lib/glib-2.0/include -I/usr/include/gdk-pixbuf-2.0 -I/usr/include/cairo -I/usr/include/libpng14 -I/usr/include/pixman-1 -I/usr/include/freetype2 -I/usr/include/libdrm   -I/usr/include/cairo -I/usr/include/glib-2.0 -I/usr/lib/glib-2.0/include -I/usr/include/pixman-1 -I/usr/include/freetype2 -I/usr/include/libpng14 -I/usr/include/libdrm    -I/usr/include/freetype2   -I/usr/include/freetype2     -I/usr/include/fribidi   -DLOCALEDIR=\"/usr/share/locale\"  outline.c
gcc -c -g -O2 -I/usr/include/libpng14   -pthread -I/usr/include/librsvg-2.0 -I/usr/include/glib-2.0 -I/usr/lib/glib-2.0/include -I/usr/include/gdk-pixbuf-2.0 -I/usr/include/cairo -I/usr/include/libpng14 -I/usr/include/pixman-1 -I/usr/include/freetype2 -I/usr/include/libdrm   -I/usr/include/cairo -I/usr/include/glib-2.0 -I/usr/lib/glib-2.0/include -I/usr/include/pixman-1 -I/usr/include/freetype2 -I/usr/include/libpng14 -I/usr/include/libdrm    -I/usr/include/freetype2   -I/usr/include/freetype2     -I/usr/include/fribidi   -DLOCALEDIR=\"/usr/share/locale\"  pager.c
gcc -c -g -O2 -I/usr/include/libpng14   -pthread -I/usr/include/librsvg-2.0 -I/usr/include/glib-2.0 -I/usr/lib/glib-2.0/include -I/usr/include/gdk-pixbuf-2.0 -I/usr/include/cairo -I/usr/include/libpng14 -I/usr/include/pixman-1 -I/usr/include/freetype2 -I/usr/include/libdrm   -I/usr/include/cairo -I/usr/include/glib-2.0 -I/usr/lib/glib-2.0/include -I/usr/include/pixman-1 -I/usr/include/freetype2 -I/usr/include/libpng14 -I/usr/include/libdrm    -I/usr/include/freetype2   -I/usr/include/freetype2     -I/usr/include/fribidi   -DLOCALEDIR=\"/usr/share/locale\"  parse.c
gcc -c -g -O2 -I/usr/include/libpng14   -pthread -I/usr/include/librsvg-2.0 -I/usr/include/glib-2.0 -I/usr/lib/glib-2.0/include -I/usr/include/gdk-pixbuf-2.0 -I/usr/include/cairo -I/usr/include/libpng14 -I/usr/include/pixman-1 -I/usr/include/freetype2 -I/usr/include/libdrm   -I/usr/include/cairo -I/usr/include/glib-2.0 -I/usr/lib/glib-2.0/include -I/usr/include/pixman-1 -I/usr/include/freetype2 -I/usr/include/libpng14 -I/usr/include/libdrm    -I/usr/include/freetype2   -I/usr/include/freetype2     -I/usr/include/fribidi   -DLOCALEDIR=\"/usr/share/locale\"  place.c
gcc -c -g -O2 -I/usr/include/libpng14   -pthread -I/usr/include/librsvg-2.0 -I/usr/include/glib-2.0 -I/usr/lib/glib-2.0/include -I/usr/include/gdk-pixbuf-2.0 -I/usr/include/cairo -I/usr/include/libpng14 -I/usr/include/pixman-1 -I/usr/include/freetype2 -I/usr/include/libdrm   -I/usr/include/cairo -I/usr/include/glib-2.0 -I/usr/lib/glib-2.0/include -I/usr/include/pixman-1 -I/usr/include/freetype2 -I/usr/include/libpng14 -I/usr/include/libdrm    -I/usr/include/freetype2   -I/usr/include/freetype2     -I/usr/include/fribidi   -DLOCALEDIR=\"/usr/share/locale\"  popup.c
gcc -c -g -O2 -I/usr/include/libpng14   -pthread -I/usr/include/librsvg-2.0 -I/usr/include/glib-2.0 -I/usr/lib/glib-2.0/include -I/usr/include/gdk-pixbuf-2.0 -I/usr/include/cairo -I/usr/include/libpng14 -I/usr/include/pixman-1 -I/usr/include/freetype2 -I/usr/include/libdrm   -I/usr/include/cairo -I/usr/include/glib-2.0 -I/usr/lib/glib-2.0/include -I/usr/include/pixman-1 -I/usr/include/freetype2 -I/usr/include/libpng14 -I/usr/include/libdrm    -I/usr/include/freetype2   -I/usr/include/freetype2     -I/usr/include/fribidi   -DLOCALEDIR=\"/usr/share/locale\"  render.c
gcc -c -g -O2 -I/usr/include/libpng14   -pthread -I/usr/include/librsvg-2.0 -I/usr/include/glib-2.0 -I/usr/lib/glib-2.0/include -I/usr/include/gdk-pixbuf-2.0 -I/usr/include/cairo -I/usr/include/libpng14 -I/usr/include/pixman-1 -I/usr/include/freetype2 -I/usr/include/libdrm   -I/usr/include/cairo -I/usr/include/glib-2.0 -I/usr/lib/glib-2.0/include -I/usr/include/pixman-1 -I/usr/include/freetype2 -I/usr/include/libpng14 -I/usr/include/libdrm    -I/usr/include/freetype2   -I/usr/include/freetype2     -I/usr/include/fribidi   -DLOCALEDIR=\"/usr/share/locale\"  resize.c
gcc -c -g -O2 -I/usr/include/libpng14   -pthread -I/usr/include/librsvg-2.0 -I/usr/include/glib-2.0 -I/usr/lib/glib-2.0/include -I/usr/include/gdk-pixbuf-2.0 -I/usr/include/cairo -I/usr/include/libpng14 -I/usr/include/pixman-1 -I/usr/include/freetype2 -I/usr/include/libdrm   -I/usr/include/cairo -I/usr/include/glib-2.0 -I/usr/lib/glib-2.0/include -I/usr/include/pixman-1 -I/usr/include/freetype2 -I/usr/include/libpng14 -I/usr/include/libdrm    -I/usr/include/freetype2   -I/usr/include/freetype2     -I/usr/include/fribidi   -DLOCALEDIR=\"/usr/share/locale\"  root.c
gcc -c -g -O2 -I/usr/include/libpng14   -pthread -I/usr/include/librsvg-2.0 -I/usr/include/glib-2.0 -I/usr/lib/glib-2.0/include -I/usr/include/gdk-pixbuf-2.0 -I/usr/include/cairo -I/usr/include/libpng14 -I/usr/include/pixman-1 -I/usr/include/freetype2 -I/usr/include/libdrm   -I/usr/include/cairo -I/usr/include/glib-2.0 -I/usr/lib/glib-2.0/include -I/usr/include/pixman-1 -I/usr/include/freetype2 -I/usr/include/libpng14 -I/usr/include/libdrm    -I/usr/include/freetype2   -I/usr/include/freetype2     -I/usr/include/fribidi   -DLOCALEDIR=\"/usr/share/locale\"  screen.c
gcc -c -g -O2 -I/usr/include/libpng14   -pthread -I/usr/include/librsvg-2.0 -I/usr/include/glib-2.0 -I/usr/lib/glib-2.0/include -I/usr/include/gdk-pixbuf-2.0 -I/usr/include/cairo -I/usr/include/libpng14 -I/usr/include/pixman-1 -I/usr/include/freetype2 -I/usr/include/libdrm   -I/usr/include/cairo -I/usr/include/glib-2.0 -I/usr/lib/glib-2.0/include -I/usr/include/pixman-1 -I/usr/include/freetype2 -I/usr/include/libpng14 -I/usr/include/libdrm    -I/usr/include/freetype2   -I/usr/include/freetype2     -I/usr/include/fribidi   -DLOCALEDIR=\"/usr/share/locale\"  settings.c
gcc -c -g -O2 -I/usr/include/libpng14   -pthread -I/usr/include/librsvg-2.0 -I/usr/include/glib-2.0 -I/usr/lib/glib-2.0/include -I/usr/include/gdk-pixbuf-2.0 -I/usr/include/cairo -I/usr/include/libpng14 -I/usr/include/pixman-1 -I/usr/include/freetype2 -I/usr/include/libdrm   -I/usr/include/cairo -I/usr/include/glib-2.0 -I/usr/lib/glib-2.0/include -I/usr/include/pixman-1 -I/usr/include/freetype2 -I/usr/include/libpng14 -I/usr/include/libdrm    -I/usr/include/freetype2   -I/usr/include/freetype2     -I/usr/include/fribidi   -DLOCALEDIR=\"/usr/share/locale\"  spacer.c
gcc -c -g -O2 -I/usr/include/libpng14   -pthread -I/usr/include/librsvg-2.0 -I/usr/include/glib-2.0 -I/usr/lib/glib-2.0/include -I/usr/include/gdk-pixbuf-2.0 -I/usr/include/cairo -I/usr/include/libpng14 -I/usr/include/pixman-1 -I/usr/include/freetype2 -I/usr/include/libdrm   -I/usr/include/cairo -I/usr/include/glib-2.0 -I/usr/lib/glib-2.0/include -I/usr/include/pixman-1 -I/usr/include/freetype2 -I/usr/include/libpng14 -I/usr/include/libdrm    -I/usr/include/freetype2   -I/usr/include/freetype2     -I/usr/include/fribidi   -DLOCALEDIR=\"/usr/share/locale\"  status.c
gcc -c -g -O2 -I/usr/include/libpng14   -pthread -I/usr/include/librsvg-2.0 -I/usr/include/glib-2.0 -I/usr/lib/glib-2.0/include -I/usr/include/gdk-pixbuf-2.0 -I/usr/include/cairo -I/usr/include/libpng14 -I/usr/include/pixman-1 -I/usr/include/freetype2 -I/usr/include/libdrm   -I/usr/include/cairo -I/usr/include/glib-2.0 -I/usr/lib/glib-2.0/include -I/usr/include/pixman-1 -I/usr/include/freetype2 -I/usr/include/libpng14 -I/usr/include/libdrm    -I/usr/include/freetype2   -I/usr/include/freetype2     -I/usr/include/fribidi   -DLOCALEDIR=\"/usr/share/locale\"  swallow.c
gcc -c -g -O2 -I/usr/include/libpng14   -pthread -I/usr/include/librsvg-2.0 -I/usr/include/glib-2.0 -I/usr/lib/glib-2.0/include -I/usr/include/gdk-pixbuf-2.0 -I/usr/include/cairo -I/usr/include/libpng14 -I/usr/include/pixman-1 -I/usr/include/freetype2 -I/usr/include/libdrm   -I/usr/include/cairo -I/usr/include/glib-2.0 -I/usr/lib/glib-2.0/include -I/usr/include/pixman-1 -I/usr/include/freetype2 -I/usr/include/libpng14 -I/usr/include/libdrm    -I/usr/include/freetype2   -I/usr/include/freetype2     -I/usr/include/fribidi   -DLOCALEDIR=\"/usr/share/locale\"  taskbar.c
gcc -c -g -O2 -I/usr/include/libpng14   -pthread -I/usr/include/librsvg-2.0 -I/usr/include/glib-2.0 -I/usr/lib/glib-2.0/include -I/usr/include/gdk-pixbuf-2.0 -I/usr/include/cairo -I/usr/include/libpng14 -I/usr/include/pixman-1 -I/usr/include/freetype2 -I/usr/include/libdrm   -I/usr/include/cairo -I/usr/include/glib-2.0 -I/usr/lib/glib-2.0/include -I/usr/include/pixman-1 -I/usr/include/freetype2 -I/usr/include/libpng14 -I/usr/include/libdrm    -I/usr/include/freetype2   -I/usr/include/freetype2     -I/usr/include/fribidi   -DLOCALEDIR=\"/usr/share/locale\"  timing.c
gcc -c -g -O2 -I/usr/include/libpng14   -pthread -I/usr/include/librsvg-2.0 -I/usr/include/glib-2.0 -I/usr/lib/glib-2.0/include -I/usr/include/gdk-pixbuf-2.0 -I/usr/include/cairo -I/usr/include/libpng14 -I/usr/include/pixman-1 -I/usr/include/freetype2 -I/usr/include/libdrm   -I/usr/include/cairo -I/usr/include/glib-2.0 -I/usr/lib/glib-2.0/include -I/usr/include/pixman-1 -I/usr/include/freetype2 -I/usr/include/libpng14 -I/usr/include/libdrm    -I/usr/include/freetype2   -I/usr/include/freetype2     -I/usr/include/fribidi   -DLOCALEDIR=\"/usr/share/locale\"  tray.c
gcc -c -g -O2 -I/usr/include/libpng14   -pthread -I/usr/include/librsvg-2.0 -I/usr/include/glib-2.0 -I/usr/lib/glib-2.0/include -I/usr/include/gdk-pixbuf-2.0 -I/usr/include/cairo -I/usr/include/libpng14 -I/usr/include/pixman-1 -I/usr/include/freetype2 -I/usr/include/libdrm   -I/usr/include/cairo -I/usr/include/glib-2.0 -I/usr/lib/glib-2.0/include -I/usr/include/pixman-1 -I/usr/include/freetype2 -I/usr/include/libpng14 -I/usr/include/libdrm    -I/usr/include/freetype2   -I/usr/include/freetype2     -I/usr/include/fribidi   -DLOCALEDIR=\"/usr/share/locale\"  traybutton.c
gcc -c -g -O2 -I/usr/include/libpng14   -pthread -I/usr/include/librsvg-2.0 -I/usr/include/glib-2.0 -I/usr/lib/glib-2.0/include -I/usr/include/gdk-pixbuf-2.0 -I/usr/include/cairo -I/usr/include/libpng14 -I/usr/include/pixman-1 -I/usr/include/freetype2 -I/usr/include/libdrm   -I/usr/include/cairo -I/usr/include/glib-2.0 -I/usr/lib/glib-2.0/include -I/usr/include/pixman-1 -I/usr/include/freetype2 -I/usr/include/libpng14 -I/usr/include/libdrm    -I/usr/include/freetype2   -I/usr/include/freetype2     -I/usr/include/fribidi   -DLOCALEDIR=\"/usr/share/locale\"  winmenu.c
gcc -o jwm action.o background.o border.o button.o client.o clientlist.o clock.o color.o command.o confirm.o cursor.o debug.o desktop.o dock.o event.o error.o font.o grab.o gradient.o group.o help.o hint.o icon.o image.o key.o lex.o main.o match.o menu.o misc.o move.o outline.o pager.o parse.o place.o popup.o render.o resize.o root.o screen.o settings.o spacer.o status.o swallow.o taskbar.o timing.o tray.o traybutton.o winmenu.o -lX11 -lpng14   -lrsvg-2 -lm -lgio-2.0 -lgdk_pixbuf-2.0 -lcairo -lgobject-2.0 -lglib-2.0   -lcairo   -ljpeg -lXft   -lfreetype   -lXrender -lX11   -lfribidi   -lXpm -lXext -lXmu -lXinerama 
make[1]: Leaving directory `/mnt/sda6/00_new-woof/petbuilds-slacko-32/builds/jwm/jwm-2.3.0/src'
cd po ; make all ; cd ..
make[1]: Entering directory `/mnt/sda6/00_new-woof/petbuilds-slacko-32/builds/jwm/jwm-2.3.0/po'
test ! -f ./jwm.pot || \
  test -z "de.gmo es.gmo fr.gmo it.gmo nl.gmo pl.gmo pt-PT.gmo ru.gmo" || make de.gmo es.gmo fr.gmo it.gmo nl.gmo pl.gmo pt-PT.gmo ru.gmo
make[2]: Entering directory `/mnt/sda6/00_new-woof/petbuilds-slacko-32/builds/jwm/jwm-2.3.0/po'
rm -f de.gmo && /usr/bin/msgfmt -c --statistics --verbose -o de.gmo de.po
de.po: 47 translated messages, 1 fuzzy translation, 27 untranslated messages.
rm -f es.gmo && /usr/bin/msgfmt -c --statistics --verbose -o es.gmo es.po
es.po: 72 translated messages, 3 fuzzy translations.
rm -f fr.gmo && /usr/bin/msgfmt -c --statistics --verbose -o fr.gmo fr.po
fr.po: 72 translated messages, 3 fuzzy translations.
rm -f it.gmo && /usr/bin/msgfmt -c --statistics --verbose -o it.gmo it.po
it.po: 72 translated messages, 3 fuzzy translations.
rm -f nl.gmo && /usr/bin/msgfmt -c --statistics --verbose -o nl.gmo nl.po
nl.po: 67 translated messages, 3 fuzzy translations, 5 untranslated messages.
rm -f pl.gmo && /usr/bin/msgfmt -c --statistics --verbose -o pl.gmo pl.po
pl.po: 64 translated messages, 3 fuzzy translations, 8 untranslated messages.
rm -f pt-PT.gmo && /usr/bin/msgfmt -c --statistics --verbose -o pt-PT.gmo pt-PT.po
pt-PT.po: 68 translated messages, 3 fuzzy translations, 4 untranslated messages.
rm -f ru.gmo && /usr/bin/msgfmt -c --statistics --verbose -o ru.gmo ru.po
ru.po: 71 translated messages, 3 fuzzy translations, 1 untranslated message.
make[2]: Leaving directory `/mnt/sda6/00_new-woof/petbuilds-slacko-32/builds/jwm/jwm-2.3.0/po'
touch stamp-po
make[1]: Leaving directory `/mnt/sda6/00_new-woof/petbuilds-slacko-32/builds/jwm/jwm-2.3.0/po'
cd src ; make all ; cd ..
make[1]: Entering directory `/mnt/sda6/00_new-woof/petbuilds-slacko-32/builds/jwm/jwm-2.3.0/src'
make[1]: Nothing to be done for `all'.
make[1]: Leaving directory `/mnt/sda6/00_new-woof/petbuilds-slacko-32/builds/jwm/jwm-2.3.0/src'
cd po ; make all ; cd ..
make[1]: Entering directory `/mnt/sda6/00_new-woof/petbuilds-slacko-32/builds/jwm/jwm-2.3.0/po'
make[1]: Leaving directory `/mnt/sda6/00_new-woof/petbuilds-slacko-32/builds/jwm/jwm-2.3.0/po'
cd src ; make install ; cd ..
make[1]: Entering directory `/mnt/sda6/00_new-woof/petbuilds-slacko-32/builds/jwm/jwm-2.3.0/src'
install -d /mnt/sda6/00_new-woof/petbuilds-slacko-32/builds/jwm/jwm-install/usr/bin
install jwm /mnt/sda6/00_new-woof/petbuilds-slacko-32/builds/jwm/jwm-install/usr/bin/jwm
make[1]: Leaving directory `/mnt/sda6/00_new-woof/petbuilds-slacko-32/builds/jwm/jwm-2.3.0/src'
cd po ; make install ; cd ..
make[1]: Entering directory `/mnt/sda6/00_new-woof/petbuilds-slacko-32/builds/jwm/jwm-2.3.0/po'
installing de.gmo as /mnt/sda6/00_new-woof/petbuilds-slacko-32/builds/jwm/jwm-install/usr/share/locale/de/LC_MESSAGES/jwm.mo
installing es.gmo as /mnt/sda6/00_new-woof/petbuilds-slacko-32/builds/jwm/jwm-install/usr/share/locale/es/LC_MESSAGES/jwm.mo
installing fr.gmo as /mnt/sda6/00_new-woof/petbuilds-slacko-32/builds/jwm/jwm-install/usr/share/locale/fr/LC_MESSAGES/jwm.mo
installing it.gmo as /mnt/sda6/00_new-woof/petbuilds-slacko-32/builds/jwm/jwm-install/usr/share/locale/it/LC_MESSAGES/jwm.mo
installing nl.gmo as /mnt/sda6/00_new-woof/petbuilds-slacko-32/builds/jwm/jwm-install/usr/share/locale/nl/LC_MESSAGES/jwm.mo
installing pl.gmo as /mnt/sda6/00_new-woof/petbuilds-slacko-32/builds/jwm/jwm-install/usr/share/locale/pl/LC_MESSAGES/jwm.mo
installing pt-PT.gmo as /mnt/sda6/00_new-woof/petbuilds-slacko-32/builds/jwm/jwm-install/usr/share/locale/pt-PT/LC_MESSAGES/jwm.mo
installing ru.gmo as /mnt/sda6/00_new-woof/petbuilds-slacko-32/builds/jwm/jwm-install/usr/share/locale/ru/LC_MESSAGES/jwm.mo
if test "jwm" = "gettext-tools"; then \
  .././install-sh -c -d /mnt/sda6/00_new-woof/petbuilds-slacko-32/builds/jwm/jwm-install/usr/share/gettext/po; \
  for file in Makefile.in.in remove-potcdate.sin quot.sed boldquot.sed en@quot.header en@boldquot.header insert-header.sin Rules-quot   Makevars.template; do \
    /usr/bin/ginstall -c -m 644 ./$file \
		    /mnt/sda6/00_new-woof/petbuilds-slacko-32/builds/jwm/jwm-install/usr/share/gettext/po/$file; \
  done; \
  for file in Makevars; do \
    rm -f /mnt/sda6/00_new-woof/petbuilds-slacko-32/builds/jwm/jwm-install/usr/share/gettext/po/$file; \
  done; \
else \
  : ; \
fi
make[1]: Leaving directory `/mnt/sda6/00_new-woof/petbuilds-slacko-32/builds/jwm/jwm-2.3.0/po'
install -d -m 0755 /mnt/sda6/00_new-woof/petbuilds-slacko-32/builds/jwm/jwm-install/etc
install -m 644 example.jwmrc /mnt/sda6/00_new-woof/petbuilds-slacko-32/builds/jwm/jwm-install/etc/system.jwmrc
install -d -m 0755 /mnt/sda6/00_new-woof/petbuilds-slacko-32/builds/jwm/jwm-install/usr/share/man/man1
install -m 644 jwm.1 /mnt/sda6/00_new-woof/petbuilds-slacko-32/builds/jwm/jwm-install/usr/share/man/man1/jwm.1
/mnt/sda6/00_new-woof/petbuilds-slacko-32/builds/jwm
Found 'i686'
Processing ../jwm-install/etc/system.jwmrc
Processing ../jwm-install/usr/bin/jwm
Processing ../jwm-install/usr/share/locale/de/LC_MESSAGES/jwm.mo
Processing ../jwm-install/usr/share/locale/es/LC_MESSAGES/jwm.mo
Processing ../jwm-install/usr/share/locale/fr/LC_MESSAGES/jwm.mo
Processing ../jwm-install/usr/share/locale/it/LC_MESSAGES/jwm.mo
Processing ../jwm-install/usr/share/locale/nl/LC_MESSAGES/jwm.mo
Processing ../jwm-install/usr/share/locale/pl/LC_MESSAGES/jwm.mo
Processing ../jwm-install/usr/share/locale/pt-PT/LC_MESSAGES/jwm.mo
Processing ../jwm-install/usr/share/locale/ru/LC_MESSAGES/jwm.mo
Processing ../jwm-install/usr/share/man/man1/jwm.1
all done
packaging jwm-2.3.0-i686_slk600
packaging jwm_DOC-2.3.0-i686_slk600
packaging jwm_NLS-2.3.0-i686_slk600
done!
