leafpad-0.8.17/
leafpad-0.8.17/install-sh
leafpad-0.8.17/INSTALL
leafpad-0.8.17/src/
leafpad-0.8.17/src/linenum.h
leafpad-0.8.17/src/gnomeprint.c
leafpad-0.8.17/src/file.h
leafpad-0.8.17/src/gtkprint.h
leafpad-0.8.17/src/main.c
leafpad-0.8.17/src/gtksourceiter.c
leafpad-0.8.17/src/encoding.h
leafpad-0.8.17/src/about.h
leafpad-0.8.17/src/font.c
leafpad-0.8.17/src/Makefile.am
leafpad-0.8.17/src/window.h
leafpad-0.8.17/src/indent.h
leafpad-0.8.17/src/dialog.h
leafpad-0.8.17/src/file.c
leafpad-0.8.17/src/font.h
leafpad-0.8.17/src/utils.h
leafpad-0.8.17/src/dnd.h
leafpad-0.8.17/src/search.c
leafpad-0.8.17/src/gtksourceiter.h
leafpad-0.8.17/src/gtkprint.c
leafpad-0.8.17/src/undo.c
leafpad-0.8.17/src/search.h
leafpad-0.8.17/src/menu.c
leafpad-0.8.17/src/linenum.c
leafpad-0.8.17/src/undo.h
leafpad-0.8.17/src/callback.c
leafpad-0.8.17/src/view.c
leafpad-0.8.17/src/selector.h
leafpad-0.8.17/src/window.c
leafpad-0.8.17/src/emacs.h
leafpad-0.8.17/src/dialog.c
leafpad-0.8.17/src/hlight.h
leafpad-0.8.17/src/utils.c
leafpad-0.8.17/src/gnomeprint.h
leafpad-0.8.17/src/dnd.c
leafpad-0.8.17/src/encoding.c
leafpad-0.8.17/src/i18n.h
leafpad-0.8.17/src/callback.h
leafpad-0.8.17/src/view.h
leafpad-0.8.17/src/menu.h
leafpad-0.8.17/src/hlight.c
leafpad-0.8.17/src/Makefile.in
leafpad-0.8.17/src/indent.c
leafpad-0.8.17/src/selector.c
leafpad-0.8.17/src/about.c
leafpad-0.8.17/src/leafpad.h
leafpad-0.8.17/src/emacs.c
leafpad-0.8.17/mkinstalldirs
leafpad-0.8.17/Makefile.am
leafpad-0.8.17/intltool-merge.in
leafpad-0.8.17/AUTHORS
leafpad-0.8.17/data/
leafpad-0.8.17/data/leafpad.xpm
leafpad-0.8.17/data/Makefile.am
leafpad-0.8.17/data/leafpad.desktop.in
leafpad-0.8.17/data/icons/
leafpad-0.8.17/data/icons/16x16/
leafpad-0.8.17/data/icons/16x16/Makefile.am
leafpad-0.8.17/data/icons/16x16/leafpad.png
leafpad-0.8.17/data/icons/16x16/Makefile.in
leafpad-0.8.17/data/icons/32x32/
leafpad-0.8.17/data/icons/32x32/Makefile.am
leafpad-0.8.17/data/icons/32x32/leafpad.png
leafpad-0.8.17/data/icons/32x32/Makefile.in
leafpad-0.8.17/data/icons/Makefile.am
leafpad-0.8.17/data/icons/22x22/
leafpad-0.8.17/data/icons/22x22/Makefile.am
leafpad-0.8.17/data/icons/22x22/leafpad.png
leafpad-0.8.17/data/icons/22x22/Makefile.in
leafpad-0.8.17/data/icons/24x24/
leafpad-0.8.17/data/icons/24x24/Makefile.am
leafpad-0.8.17/data/icons/24x24/leafpad.png
leafpad-0.8.17/data/icons/24x24/Makefile.in
leafpad-0.8.17/data/icons/Makefile.in
leafpad-0.8.17/data/icons/scalable/
leafpad-0.8.17/data/icons/scalable/leafpad.svg
leafpad-0.8.17/data/icons/scalable/Makefile.am
leafpad-0.8.17/data/icons/scalable/Makefile.in
leafpad-0.8.17/data/leafpad.png
leafpad-0.8.17/data/leafpad.desktop
leafpad-0.8.17/data/Makefile.in
leafpad-0.8.17/config.h.in
leafpad-0.8.17/po/
leafpad-0.8.17/po/pl.po
leafpad-0.8.17/po/fr.po
leafpad-0.8.17/po/sr.po
leafpad-0.8.17/po/nn.po
leafpad-0.8.17/po/pt_BR.po
leafpad-0.8.17/po/sl.po
leafpad-0.8.17/po/Makefile.in.in
leafpad-0.8.17/po/zh_CN.po
leafpad-0.8.17/po/fi.po
leafpad-0.8.17/po/bg.po
leafpad-0.8.17/po/br.po
leafpad-0.8.17/po/vi.po
leafpad-0.8.17/po/de.po
leafpad-0.8.17/po/hu.po
leafpad-0.8.17/po/da.po
leafpad-0.8.17/po/id.po
leafpad-0.8.17/po/zh_TW.po
leafpad-0.8.17/po/ta.po
leafpad-0.8.17/po/sv.po
leafpad-0.8.17/po/ca.po
leafpad-0.8.17/po/ko.po
leafpad-0.8.17/po/uk.po
leafpad-0.8.17/po/ja.po
leafpad-0.8.17/po/nl.po
leafpad-0.8.17/po/cs.po
leafpad-0.8.17/po/eu.po
leafpad-0.8.17/po/LINGUAS
leafpad-0.8.17/po/lv.po
leafpad-0.8.17/po/he.po
leafpad-0.8.17/po/sk.po
leafpad-0.8.17/po/pt.po
leafpad-0.8.17/po/es.po
leafpad-0.8.17/po/ga.po
leafpad-0.8.17/po/lt.po
leafpad-0.8.17/po/tr.po
leafpad-0.8.17/po/el.po
leafpad-0.8.17/po/ru.po
leafpad-0.8.17/po/it.po
leafpad-0.8.17/po/ChangeLog
leafpad-0.8.17/po/POTFILES.in
leafpad-0.8.17/ABOUT-NLS
leafpad-0.8.17/compile
leafpad-0.8.17/COPYING
leafpad-0.8.17/depcomp
leafpad-0.8.17/intltool-update.in
leafpad-0.8.17/aclocal.m4
leafpad-0.8.17/config.guess
leafpad-0.8.17/NEWS
leafpad-0.8.17/Makefile.in
leafpad-0.8.17/intltool-extract.in
leafpad-0.8.17/config.sub
leafpad-0.8.17/configure.ac
leafpad-0.8.17/ChangeLog
leafpad-0.8.17/missing
leafpad-0.8.17/configure
leafpad-0.8.17/README
checking for a BSD-compatible install... /usr/bin/ginstall -c
checking whether build environment is sane... yes
checking for a thread-safe mkdir -p... ./install-sh -c -d
checking for gawk... gawk
checking whether make sets $(MAKE)... yes
checking for style of include used by make... GNU
checking for gcc... gcc
checking for C compiler default output file name... a.out
checking whether the C compiler works... yes
checking whether we are cross compiling... no
checking for suffix of executables... 
checking for suffix of object files... o
checking whether we are using the GNU C compiler... yes
checking whether gcc accepts -g... yes
checking for gcc option to accept ISO C89... none needed
checking dependency style of gcc... gcc3
checking for xgettext... /usr/bin/xgettext
checking for msgmerge... /usr/bin/msgmerge
checking for msgfmt... /usr/bin/msgfmt
checking for perl... /usr/bin/perl
checking for gcc... (cached) gcc
checking whether we are using the GNU C compiler... (cached) yes
checking whether gcc accepts -g... (cached) yes
checking for gcc option to accept ISO C89... (cached) none needed
checking dependency style of gcc... (cached) gcc3
checking whether gcc and cc understand -c and -o together... yes
checking for pkg-config... /usr/bin/pkg-config
checking pkg-config is at least version 0.9.0... yes
checking for GTK... yes
checking how to run the C preprocessor... gcc -E
checking for grep that handles long lines and -e... /bin/grep
checking for egrep... /bin/grep -E
checking for ANSI C header files... yes
checking for sys/types.h... yes
checking for sys/stat.h... yes
checking for stdlib.h... yes
checking for string.h... yes
checking for memory.h... yes
checking for strings.h... yes
checking for inttypes.h... yes
checking for stdint.h... yes
checking for unistd.h... yes
checking locale.h usability... yes
checking locale.h presence... yes
checking for locale.h... yes
checking for LC_MESSAGES... yes
checking libintl.h usability... yes
checking libintl.h presence... yes
checking for libintl.h... yes
checking for ngettext in libc... yes
checking for dgettext in libc... yes
checking for bind_textdomain_codeset... yes
checking for msgfmt... (cached) /usr/bin/msgfmt
checking for dcgettext... yes
checking if msgfmt accepts -c... yes
checking for gmsgfmt... /usr/bin/msgfmt
checking for xgettext... (cached) /usr/bin/xgettext
configure: creating ./config.status
config.status: creating Makefile
config.status: creating src/Makefile
config.status: creating data/Makefile
config.status: creating data/icons/Makefile
config.status: creating data/icons/16x16/Makefile
config.status: creating data/icons/22x22/Makefile
config.status: creating data/icons/24x24/Makefile
config.status: creating data/icons/32x32/Makefile
config.status: creating data/icons/scalable/Makefile
config.status: creating po/Makefile.in
config.status: creating config.h
config.status: executing depfiles commands
config.status: executing intltool commands
config.status: executing default-1 commands
config.status: executing po/stamp-it commands
make  all-recursive
make[1]: Entering directory `/mnt/sda6/00_new-woof/petbuilds-slacko-32/builds/leafpad/leafpad-0.8.17'
Making all in src
make[2]: Entering directory `/mnt/sda6/00_new-woof/petbuilds-slacko-32/builds/leafpad/leafpad-0.8.17/src'
gcc -DHAVE_CONFIG_H -I. -I.. -DICONDIR=\"/usr/share/pixmaps\"   -pthread -I/usr/include/gtk-2.0 -I/usr/lib/gtk-2.0/include -I/usr/include/atk-1.0 -I/usr/include/cairo -I/usr/include/gdk-pixbuf-2.0 -I/usr/include/pango-1.0 -I/usr/include/glib-2.0 -I/usr/lib/glib-2.0/include -I/usr/include/pixman-1 -I/usr/include/freetype2 -I/usr/include/libpng14 -I/usr/include/libdrm -I/usr/include/harfbuzz    -g -O2 -Wall -MT leafpad-main.o -MD -MP -MF .deps/leafpad-main.Tpo -c -o leafpad-main.o `test -f 'main.c' || echo './'`main.c
main.c: In function ‘parse_args’:
main.c:258:3: warning: ‘g_strcasecmp’ is deprecated (declared at /usr/include/glib-2.0/glib/gstrfuncs.h:200) [-Wdeprecated-declarations]
   && (g_strcasecmp(fi->charset, get_default_charset()) != 0)
   ^
main.c:259:3: warning: ‘g_strcasecmp’ is deprecated (declared at /usr/include/glib-2.0/glib/gstrfuncs.h:200) [-Wdeprecated-declarations]
   && (g_strcasecmp(fi->charset, "UTF-8") != 0)) {
   ^
main.c:263:5: warning: ‘g_strcasecmp’ is deprecated (declared at /usr/include/glib-2.0/glib/gstrfuncs.h:200) [-Wdeprecated-declarations]
     if (g_strcasecmp(fi->charset, encarray->item[i]) == 0)
     ^
mv -f .deps/leafpad-main.Tpo .deps/leafpad-main.Po
gcc -DHAVE_CONFIG_H -I. -I.. -DICONDIR=\"/usr/share/pixmaps\"   -pthread -I/usr/include/gtk-2.0 -I/usr/lib/gtk-2.0/include -I/usr/include/atk-1.0 -I/usr/include/cairo -I/usr/include/gdk-pixbuf-2.0 -I/usr/include/pango-1.0 -I/usr/include/glib-2.0 -I/usr/lib/glib-2.0/include -I/usr/include/pixman-1 -I/usr/include/freetype2 -I/usr/include/libpng14 -I/usr/include/libdrm -I/usr/include/harfbuzz    -g -O2 -Wall -MT leafpad-window.o -MD -MP -MF .deps/leafpad-window.Tpo -c -o leafpad-window.o `test -f 'window.c' || echo './'`window.c
mv -f .deps/leafpad-window.Tpo .deps/leafpad-window.Po
gcc -DHAVE_CONFIG_H -I. -I.. -DICONDIR=\"/usr/share/pixmaps\"   -pthread -I/usr/include/gtk-2.0 -I/usr/lib/gtk-2.0/include -I/usr/include/atk-1.0 -I/usr/include/cairo -I/usr/include/gdk-pixbuf-2.0 -I/usr/include/pango-1.0 -I/usr/include/glib-2.0 -I/usr/lib/glib-2.0/include -I/usr/include/pixman-1 -I/usr/include/freetype2 -I/usr/include/libpng14 -I/usr/include/libdrm -I/usr/include/harfbuzz    -g -O2 -Wall -MT leafpad-menu.o -MD -MP -MF .deps/leafpad-menu.Tpo -c -o leafpad-menu.o `test -f 'menu.c' || echo './'`menu.c
menu.c: In function ‘create_menu_bar’:
menu.c:149:11: warning: variable ‘flag_emacs’ set but not used [-Wunused-but-set-variable]
  gboolean flag_emacs = FALSE;
           ^
mv -f .deps/leafpad-menu.Tpo .deps/leafpad-menu.Po
gcc -DHAVE_CONFIG_H -I. -I.. -DICONDIR=\"/usr/share/pixmaps\"   -pthread -I/usr/include/gtk-2.0 -I/usr/lib/gtk-2.0/include -I/usr/include/atk-1.0 -I/usr/include/cairo -I/usr/include/gdk-pixbuf-2.0 -I/usr/include/pango-1.0 -I/usr/include/glib-2.0 -I/usr/lib/glib-2.0/include -I/usr/include/pixman-1 -I/usr/include/freetype2 -I/usr/include/libpng14 -I/usr/include/libdrm -I/usr/include/harfbuzz    -g -O2 -Wall -MT leafpad-callback.o -MD -MP -MF .deps/leafpad-callback.Tpo -c -o leafpad-callback.o `test -f 'callback.c' || echo './'`callback.c
mv -f .deps/leafpad-callback.Tpo .deps/leafpad-callback.Po
gcc -DHAVE_CONFIG_H -I. -I.. -DICONDIR=\"/usr/share/pixmaps\"   -pthread -I/usr/include/gtk-2.0 -I/usr/lib/gtk-2.0/include -I/usr/include/atk-1.0 -I/usr/include/cairo -I/usr/include/gdk-pixbuf-2.0 -I/usr/include/pango-1.0 -I/usr/include/glib-2.0 -I/usr/lib/glib-2.0/include -I/usr/include/pixman-1 -I/usr/include/freetype2 -I/usr/include/libpng14 -I/usr/include/libdrm -I/usr/include/harfbuzz    -g -O2 -Wall -MT leafpad-view.o -MD -MP -MF .deps/leafpad-view.Tpo -c -o leafpad-view.o `test -f 'view.c' || echo './'`view.c
mv -f .deps/leafpad-view.Tpo .deps/leafpad-view.Po
gcc -DHAVE_CONFIG_H -I. -I.. -DICONDIR=\"/usr/share/pixmaps\"   -pthread -I/usr/include/gtk-2.0 -I/usr/lib/gtk-2.0/include -I/usr/include/atk-1.0 -I/usr/include/cairo -I/usr/include/gdk-pixbuf-2.0 -I/usr/include/pango-1.0 -I/usr/include/glib-2.0 -I/usr/lib/glib-2.0/include -I/usr/include/pixman-1 -I/usr/include/freetype2 -I/usr/include/libpng14 -I/usr/include/libdrm -I/usr/include/harfbuzz    -g -O2 -Wall -MT leafpad-undo.o -MD -MP -MF .deps/leafpad-undo.Tpo -c -o leafpad-undo.o `test -f 'undo.c' || echo './'`undo.c
mv -f .deps/leafpad-undo.Tpo .deps/leafpad-undo.Po
gcc -DHAVE_CONFIG_H -I. -I.. -DICONDIR=\"/usr/share/pixmaps\"   -pthread -I/usr/include/gtk-2.0 -I/usr/lib/gtk-2.0/include -I/usr/include/atk-1.0 -I/usr/include/cairo -I/usr/include/gdk-pixbuf-2.0 -I/usr/include/pango-1.0 -I/usr/include/glib-2.0 -I/usr/lib/glib-2.0/include -I/usr/include/pixman-1 -I/usr/include/freetype2 -I/usr/include/libpng14 -I/usr/include/libdrm -I/usr/include/harfbuzz    -g -O2 -Wall -MT leafpad-font.o -MD -MP -MF .deps/leafpad-font.Tpo -c -o leafpad-font.o `test -f 'font.c' || echo './'`font.c
mv -f .deps/leafpad-font.Tpo .deps/leafpad-font.Po
gcc -DHAVE_CONFIG_H -I. -I.. -DICONDIR=\"/usr/share/pixmaps\"   -pthread -I/usr/include/gtk-2.0 -I/usr/lib/gtk-2.0/include -I/usr/include/atk-1.0 -I/usr/include/cairo -I/usr/include/gdk-pixbuf-2.0 -I/usr/include/pango-1.0 -I/usr/include/glib-2.0 -I/usr/lib/glib-2.0/include -I/usr/include/pixman-1 -I/usr/include/freetype2 -I/usr/include/libpng14 -I/usr/include/libdrm -I/usr/include/harfbuzz    -g -O2 -Wall -MT leafpad-linenum.o -MD -MP -MF .deps/leafpad-linenum.Tpo -c -o leafpad-linenum.o `test -f 'linenum.c' || echo './'`linenum.c
linenum.c: In function ‘get_lines’:
linenum.c:58:7: warning: variable ‘size’ set but not used [-Wunused-but-set-variable]
  gint size;
       ^
mv -f .deps/leafpad-linenum.Tpo .deps/leafpad-linenum.Po
gcc -DHAVE_CONFIG_H -I. -I.. -DICONDIR=\"/usr/share/pixmaps\"   -pthread -I/usr/include/gtk-2.0 -I/usr/lib/gtk-2.0/include -I/usr/include/atk-1.0 -I/usr/include/cairo -I/usr/include/gdk-pixbuf-2.0 -I/usr/include/pango-1.0 -I/usr/include/glib-2.0 -I/usr/lib/glib-2.0/include -I/usr/include/pixman-1 -I/usr/include/freetype2 -I/usr/include/libpng14 -I/usr/include/libdrm -I/usr/include/harfbuzz    -g -O2 -Wall -MT leafpad-indent.o -MD -MP -MF .deps/leafpad-indent.Tpo -c -o leafpad-indent.o `test -f 'indent.c' || echo './'`indent.c
mv -f .deps/leafpad-indent.Tpo .deps/leafpad-indent.Po
gcc -DHAVE_CONFIG_H -I. -I.. -DICONDIR=\"/usr/share/pixmaps\"   -pthread -I/usr/include/gtk-2.0 -I/usr/lib/gtk-2.0/include -I/usr/include/atk-1.0 -I/usr/include/cairo -I/usr/include/gdk-pixbuf-2.0 -I/usr/include/pango-1.0 -I/usr/include/glib-2.0 -I/usr/lib/glib-2.0/include -I/usr/include/pixman-1 -I/usr/include/freetype2 -I/usr/include/libpng14 -I/usr/include/libdrm -I/usr/include/harfbuzz    -g -O2 -Wall -MT leafpad-hlight.o -MD -MP -MF .deps/leafpad-hlight.Tpo -c -o leafpad-hlight.o `test -f 'hlight.c' || echo './'`hlight.c
mv -f .deps/leafpad-hlight.Tpo .deps/leafpad-hlight.Po
gcc -DHAVE_CONFIG_H -I. -I.. -DICONDIR=\"/usr/share/pixmaps\"   -pthread -I/usr/include/gtk-2.0 -I/usr/lib/gtk-2.0/include -I/usr/include/atk-1.0 -I/usr/include/cairo -I/usr/include/gdk-pixbuf-2.0 -I/usr/include/pango-1.0 -I/usr/include/glib-2.0 -I/usr/lib/glib-2.0/include -I/usr/include/pixman-1 -I/usr/include/freetype2 -I/usr/include/libpng14 -I/usr/include/libdrm -I/usr/include/harfbuzz    -g -O2 -Wall -MT leafpad-selector.o -MD -MP -MF .deps/leafpad-selector.Tpo -c -o leafpad-selector.o `test -f 'selector.c' || echo './'`selector.c
selector.c: In function ‘create_charset_menu’:
selector.c:276:4: warning: ‘g_strcasecmp’ is deprecated (declared at /usr/include/glib-2.0/glib/gstrfuncs.h:200) [-Wdeprecated-declarations]
    if (g_strcasecmp(selected_fi->charset, ctable->charset[i]) == 0)
    ^
mv -f .deps/leafpad-selector.Tpo .deps/leafpad-selector.Po
gcc -DHAVE_CONFIG_H -I. -I.. -DICONDIR=\"/usr/share/pixmaps\"   -pthread -I/usr/include/gtk-2.0 -I/usr/lib/gtk-2.0/include -I/usr/include/atk-1.0 -I/usr/include/cairo -I/usr/include/gdk-pixbuf-2.0 -I/usr/include/pango-1.0 -I/usr/include/glib-2.0 -I/usr/lib/glib-2.0/include -I/usr/include/pixman-1 -I/usr/include/freetype2 -I/usr/include/libpng14 -I/usr/include/libdrm -I/usr/include/harfbuzz    -g -O2 -Wall -MT leafpad-file.o -MD -MP -MF .deps/leafpad-file.Tpo -c -o leafpad-file.o `test -f 'file.c' || echo './'`file.c
mv -f .deps/leafpad-file.Tpo .deps/leafpad-file.Po
gcc -DHAVE_CONFIG_H -I. -I.. -DICONDIR=\"/usr/share/pixmaps\"   -pthread -I/usr/include/gtk-2.0 -I/usr/lib/gtk-2.0/include -I/usr/include/atk-1.0 -I/usr/include/cairo -I/usr/include/gdk-pixbuf-2.0 -I/usr/include/pango-1.0 -I/usr/include/glib-2.0 -I/usr/lib/glib-2.0/include -I/usr/include/pixman-1 -I/usr/include/freetype2 -I/usr/include/libpng14 -I/usr/include/libdrm -I/usr/include/harfbuzz    -g -O2 -Wall -MT leafpad-encoding.o -MD -MP -MF .deps/leafpad-encoding.Tpo -c -o leafpad-encoding.o `test -f 'encoding.c' || echo './'`encoding.c
mv -f .deps/leafpad-encoding.Tpo .deps/leafpad-encoding.Po
gcc -DHAVE_CONFIG_H -I. -I.. -DICONDIR=\"/usr/share/pixmaps\"   -pthread -I/usr/include/gtk-2.0 -I/usr/lib/gtk-2.0/include -I/usr/include/atk-1.0 -I/usr/include/cairo -I/usr/include/gdk-pixbuf-2.0 -I/usr/include/pango-1.0 -I/usr/include/glib-2.0 -I/usr/lib/glib-2.0/include -I/usr/include/pixman-1 -I/usr/include/freetype2 -I/usr/include/libpng14 -I/usr/include/libdrm -I/usr/include/harfbuzz    -g -O2 -Wall -MT leafpad-search.o -MD -MP -MF .deps/leafpad-search.Tpo -c -o leafpad-search.o `test -f 'search.c' || echo './'`search.c
mv -f .deps/leafpad-search.Tpo .deps/leafpad-search.Po
gcc -DHAVE_CONFIG_H -I. -I.. -DICONDIR=\"/usr/share/pixmaps\"   -pthread -I/usr/include/gtk-2.0 -I/usr/lib/gtk-2.0/include -I/usr/include/atk-1.0 -I/usr/include/cairo -I/usr/include/gdk-pixbuf-2.0 -I/usr/include/pango-1.0 -I/usr/include/glib-2.0 -I/usr/lib/glib-2.0/include -I/usr/include/pixman-1 -I/usr/include/freetype2 -I/usr/include/libpng14 -I/usr/include/libdrm -I/usr/include/harfbuzz    -g -O2 -Wall -MT leafpad-dialog.o -MD -MP -MF .deps/leafpad-dialog.Tpo -c -o leafpad-dialog.o `test -f 'dialog.c' || echo './'`dialog.c
mv -f .deps/leafpad-dialog.Tpo .deps/leafpad-dialog.Po
gcc -DHAVE_CONFIG_H -I. -I.. -DICONDIR=\"/usr/share/pixmaps\"   -pthread -I/usr/include/gtk-2.0 -I/usr/lib/gtk-2.0/include -I/usr/include/atk-1.0 -I/usr/include/cairo -I/usr/include/gdk-pixbuf-2.0 -I/usr/include/pango-1.0 -I/usr/include/glib-2.0 -I/usr/lib/glib-2.0/include -I/usr/include/pixman-1 -I/usr/include/freetype2 -I/usr/include/libpng14 -I/usr/include/libdrm -I/usr/include/harfbuzz    -g -O2 -Wall -MT leafpad-gtkprint.o -MD -MP -MF .deps/leafpad-gtkprint.Tpo -c -o leafpad-gtkprint.o `test -f 'gtkprint.c' || echo './'`gtkprint.c
mv -f .deps/leafpad-gtkprint.Tpo .deps/leafpad-gtkprint.Po
gcc -DHAVE_CONFIG_H -I. -I.. -DICONDIR=\"/usr/share/pixmaps\"   -pthread -I/usr/include/gtk-2.0 -I/usr/lib/gtk-2.0/include -I/usr/include/atk-1.0 -I/usr/include/cairo -I/usr/include/gdk-pixbuf-2.0 -I/usr/include/pango-1.0 -I/usr/include/glib-2.0 -I/usr/lib/glib-2.0/include -I/usr/include/pixman-1 -I/usr/include/freetype2 -I/usr/include/libpng14 -I/usr/include/libdrm -I/usr/include/harfbuzz    -g -O2 -Wall -MT leafpad-gnomeprint.o -MD -MP -MF .deps/leafpad-gnomeprint.Tpo -c -o leafpad-gnomeprint.o `test -f 'gnomeprint.c' || echo './'`gnomeprint.c
mv -f .deps/leafpad-gnomeprint.Tpo .deps/leafpad-gnomeprint.Po
gcc -DHAVE_CONFIG_H -I. -I.. -DICONDIR=\"/usr/share/pixmaps\"   -pthread -I/usr/include/gtk-2.0 -I/usr/lib/gtk-2.0/include -I/usr/include/atk-1.0 -I/usr/include/cairo -I/usr/include/gdk-pixbuf-2.0 -I/usr/include/pango-1.0 -I/usr/include/glib-2.0 -I/usr/lib/glib-2.0/include -I/usr/include/pixman-1 -I/usr/include/freetype2 -I/usr/include/libpng14 -I/usr/include/libdrm -I/usr/include/harfbuzz    -g -O2 -Wall -MT leafpad-about.o -MD -MP -MF .deps/leafpad-about.Tpo -c -o leafpad-about.o `test -f 'about.c' || echo './'`about.c
mv -f .deps/leafpad-about.Tpo .deps/leafpad-about.Po
gcc -DHAVE_CONFIG_H -I. -I.. -DICONDIR=\"/usr/share/pixmaps\"   -pthread -I/usr/include/gtk-2.0 -I/usr/lib/gtk-2.0/include -I/usr/include/atk-1.0 -I/usr/include/cairo -I/usr/include/gdk-pixbuf-2.0 -I/usr/include/pango-1.0 -I/usr/include/glib-2.0 -I/usr/lib/glib-2.0/include -I/usr/include/pixman-1 -I/usr/include/freetype2 -I/usr/include/libpng14 -I/usr/include/libdrm -I/usr/include/harfbuzz    -g -O2 -Wall -MT leafpad-dnd.o -MD -MP -MF .deps/leafpad-dnd.Tpo -c -o leafpad-dnd.o `test -f 'dnd.c' || echo './'`dnd.c
dnd.c: In function ‘dnd_drag_data_recieved_handler’:
dnd.c:103:2: warning: ‘g_strcasecmp’ is deprecated (declared at /usr/include/glib-2.0/glib/gstrfuncs.h:200) [-Wdeprecated-declarations]
  if (g_strcasecmp(gdk_atom_name(context->targets->data),
  ^
mv -f .deps/leafpad-dnd.Tpo .deps/leafpad-dnd.Po
gcc -DHAVE_CONFIG_H -I. -I.. -DICONDIR=\"/usr/share/pixmaps\"   -pthread -I/usr/include/gtk-2.0 -I/usr/lib/gtk-2.0/include -I/usr/include/atk-1.0 -I/usr/include/cairo -I/usr/include/gdk-pixbuf-2.0 -I/usr/include/pango-1.0 -I/usr/include/glib-2.0 -I/usr/lib/glib-2.0/include -I/usr/include/pixman-1 -I/usr/include/freetype2 -I/usr/include/libpng14 -I/usr/include/libdrm -I/usr/include/harfbuzz    -g -O2 -Wall -MT leafpad-utils.o -MD -MP -MF .deps/leafpad-utils.Tpo -c -o leafpad-utils.o `test -f 'utils.c' || echo './'`utils.c
mv -f .deps/leafpad-utils.Tpo .deps/leafpad-utils.Po
gcc -DHAVE_CONFIG_H -I. -I.. -DICONDIR=\"/usr/share/pixmaps\"   -pthread -I/usr/include/gtk-2.0 -I/usr/lib/gtk-2.0/include -I/usr/include/atk-1.0 -I/usr/include/cairo -I/usr/include/gdk-pixbuf-2.0 -I/usr/include/pango-1.0 -I/usr/include/glib-2.0 -I/usr/lib/glib-2.0/include -I/usr/include/pixman-1 -I/usr/include/freetype2 -I/usr/include/libpng14 -I/usr/include/libdrm -I/usr/include/harfbuzz    -g -O2 -Wall -MT leafpad-emacs.o -MD -MP -MF .deps/leafpad-emacs.Tpo -c -o leafpad-emacs.o `test -f 'emacs.c' || echo './'`emacs.c
mv -f .deps/leafpad-emacs.Tpo .deps/leafpad-emacs.Po
gcc -DHAVE_CONFIG_H -I. -I.. -DICONDIR=\"/usr/share/pixmaps\"   -pthread -I/usr/include/gtk-2.0 -I/usr/lib/gtk-2.0/include -I/usr/include/atk-1.0 -I/usr/include/cairo -I/usr/include/gdk-pixbuf-2.0 -I/usr/include/pango-1.0 -I/usr/include/glib-2.0 -I/usr/lib/glib-2.0/include -I/usr/include/pixman-1 -I/usr/include/freetype2 -I/usr/include/libpng14 -I/usr/include/libdrm -I/usr/include/harfbuzz    -g -O2 -Wall -MT leafpad-gtksourceiter.o -MD -MP -MF .deps/leafpad-gtksourceiter.Tpo -c -o leafpad-gtksourceiter.o `test -f 'gtksourceiter.c' || echo './'`gtksourceiter.c
gtksourceiter.c: In function ‘pointer_from_offset_skipping_decomp’:
gtksourceiter.c:49:3: warning: ‘g_unicode_canonical_decomposition’ is deprecated (declared at /usr/include/glib-2.0/glib/gunicode.h:628) [-Wdeprecated-declarations]
   decomp = g_unicode_canonical_decomposition (g_utf8_get_char (p), &decomp_len);
   ^
gtksourceiter.c: In function ‘forward_chars_with_skipping’:
gtksourceiter.c:238:4: warning: ‘g_unicode_canonical_decomposition’ is deprecated (declared at /usr/include/glib-2.0/glib/gunicode.h:628) [-Wdeprecated-declarations]
    decomp = g_unicode_canonical_decomposition (
    ^
mv -f .deps/leafpad-gtksourceiter.Tpo .deps/leafpad-gtksourceiter.Po
gcc -pthread -I/usr/include/gtk-2.0 -I/usr/lib/gtk-2.0/include -I/usr/include/atk-1.0 -I/usr/include/cairo -I/usr/include/gdk-pixbuf-2.0 -I/usr/include/pango-1.0 -I/usr/include/glib-2.0 -I/usr/lib/glib-2.0/include -I/usr/include/pixman-1 -I/usr/include/freetype2 -I/usr/include/libpng14 -I/usr/include/libdrm -I/usr/include/harfbuzz    -g -O2 -Wall   -o leafpad leafpad-main.o leafpad-window.o leafpad-menu.o leafpad-callback.o leafpad-view.o leafpad-undo.o leafpad-font.o leafpad-linenum.o leafpad-indent.o leafpad-hlight.o leafpad-selector.o leafpad-file.o leafpad-encoding.o leafpad-search.o leafpad-dialog.o leafpad-gtkprint.o leafpad-gnomeprint.o leafpad-about.o leafpad-dnd.o leafpad-utils.o leafpad-emacs.o leafpad-gtksourceiter.o -lgtk-x11-2.0 -lgdk-x11-2.0 -latk-1.0 -lgio-2.0 -lpangoft2-1.0 -lpangocairo-1.0 -lgdk_pixbuf-2.0 -lcairo -lpango-1.0 -lfreetype -lfontconfig -lgobject-2.0 -lglib-2.0     
make[2]: Leaving directory `/mnt/sda6/00_new-woof/petbuilds-slacko-32/builds/leafpad/leafpad-0.8.17/src'
Making all in data
make[2]: Entering directory `/mnt/sda6/00_new-woof/petbuilds-slacko-32/builds/leafpad/leafpad-0.8.17/data'
Making all in icons
make[3]: Entering directory `/mnt/sda6/00_new-woof/petbuilds-slacko-32/builds/leafpad/leafpad-0.8.17/data/icons'
Making all in 16x16
make[4]: Entering directory `/mnt/sda6/00_new-woof/petbuilds-slacko-32/builds/leafpad/leafpad-0.8.17/data/icons/16x16'
make[4]: Nothing to be done for `all'.
make[4]: Leaving directory `/mnt/sda6/00_new-woof/petbuilds-slacko-32/builds/leafpad/leafpad-0.8.17/data/icons/16x16'
Making all in 22x22
make[4]: Entering directory `/mnt/sda6/00_new-woof/petbuilds-slacko-32/builds/leafpad/leafpad-0.8.17/data/icons/22x22'
make[4]: Nothing to be done for `all'.
make[4]: Leaving directory `/mnt/sda6/00_new-woof/petbuilds-slacko-32/builds/leafpad/leafpad-0.8.17/data/icons/22x22'
Making all in 24x24
make[4]: Entering directory `/mnt/sda6/00_new-woof/petbuilds-slacko-32/builds/leafpad/leafpad-0.8.17/data/icons/24x24'
make[4]: Nothing to be done for `all'.
make[4]: Leaving directory `/mnt/sda6/00_new-woof/petbuilds-slacko-32/builds/leafpad/leafpad-0.8.17/data/icons/24x24'
Making all in 32x32
make[4]: Entering directory `/mnt/sda6/00_new-woof/petbuilds-slacko-32/builds/leafpad/leafpad-0.8.17/data/icons/32x32'
make[4]: Nothing to be done for `all'.
make[4]: Leaving directory `/mnt/sda6/00_new-woof/petbuilds-slacko-32/builds/leafpad/leafpad-0.8.17/data/icons/32x32'
Making all in scalable
make[4]: Entering directory `/mnt/sda6/00_new-woof/petbuilds-slacko-32/builds/leafpad/leafpad-0.8.17/data/icons/scalable'
make[4]: Nothing to be done for `all'.
make[4]: Leaving directory `/mnt/sda6/00_new-woof/petbuilds-slacko-32/builds/leafpad/leafpad-0.8.17/data/icons/scalable'
make[4]: Entering directory `/mnt/sda6/00_new-woof/petbuilds-slacko-32/builds/leafpad/leafpad-0.8.17/data/icons'
make[4]: Nothing to be done for `all-am'.
make[4]: Leaving directory `/mnt/sda6/00_new-woof/petbuilds-slacko-32/builds/leafpad/leafpad-0.8.17/data/icons'
make[3]: Leaving directory `/mnt/sda6/00_new-woof/petbuilds-slacko-32/builds/leafpad/leafpad-0.8.17/data/icons'
make[3]: Entering directory `/mnt/sda6/00_new-woof/petbuilds-slacko-32/builds/leafpad/leafpad-0.8.17/data'
LC_ALL=C ../intltool-merge -d -u -c ../po/.intltool-merge-cache ../po leafpad.desktop.in leafpad.desktop
Generating and caching the translation database
Merging translations into leafpad.desktop.
make[3]: Leaving directory `/mnt/sda6/00_new-woof/petbuilds-slacko-32/builds/leafpad/leafpad-0.8.17/data'
make[2]: Leaving directory `/mnt/sda6/00_new-woof/petbuilds-slacko-32/builds/leafpad/leafpad-0.8.17/data'
Making all in po
make[2]: Entering directory `/mnt/sda6/00_new-woof/petbuilds-slacko-32/builds/leafpad/leafpad-0.8.17/po'
file=`echo bg | sed 's,.*/,,'`.gmo \
  && rm -f $file && /usr/bin/msgfmt -o $file bg.po
file=`echo br | sed 's,.*/,,'`.gmo \
  && rm -f $file && /usr/bin/msgfmt -o $file br.po
file=`echo ca | sed 's,.*/,,'`.gmo \
  && rm -f $file && /usr/bin/msgfmt -o $file ca.po
file=`echo cs | sed 's,.*/,,'`.gmo \
  && rm -f $file && /usr/bin/msgfmt -o $file cs.po
file=`echo da | sed 's,.*/,,'`.gmo \
  && rm -f $file && /usr/bin/msgfmt -o $file da.po
file=`echo de | sed 's,.*/,,'`.gmo \
  && rm -f $file && /usr/bin/msgfmt -o $file de.po
file=`echo el | sed 's,.*/,,'`.gmo \
  && rm -f $file && /usr/bin/msgfmt -o $file el.po
file=`echo es | sed 's,.*/,,'`.gmo \
  && rm -f $file && /usr/bin/msgfmt -o $file es.po
file=`echo eu | sed 's,.*/,,'`.gmo \
  && rm -f $file && /usr/bin/msgfmt -o $file eu.po
file=`echo fi | sed 's,.*/,,'`.gmo \
  && rm -f $file && /usr/bin/msgfmt -o $file fi.po
file=`echo fr | sed 's,.*/,,'`.gmo \
  && rm -f $file && /usr/bin/msgfmt -o $file fr.po
file=`echo ga | sed 's,.*/,,'`.gmo \
  && rm -f $file && /usr/bin/msgfmt -o $file ga.po
file=`echo he | sed 's,.*/,,'`.gmo \
  && rm -f $file && /usr/bin/msgfmt -o $file he.po
file=`echo hu | sed 's,.*/,,'`.gmo \
  && rm -f $file && /usr/bin/msgfmt -o $file hu.po
file=`echo id | sed 's,.*/,,'`.gmo \
  && rm -f $file && /usr/bin/msgfmt -o $file id.po
file=`echo it | sed 's,.*/,,'`.gmo \
  && rm -f $file && /usr/bin/msgfmt -o $file it.po
file=`echo ja | sed 's,.*/,,'`.gmo \
  && rm -f $file && /usr/bin/msgfmt -o $file ja.po
file=`echo ko | sed 's,.*/,,'`.gmo \
  && rm -f $file && /usr/bin/msgfmt -o $file ko.po
file=`echo lt | sed 's,.*/,,'`.gmo \
  && rm -f $file && /usr/bin/msgfmt -o $file lt.po
file=`echo lv | sed 's,.*/,,'`.gmo \
  && rm -f $file && /usr/bin/msgfmt -o $file lv.po
file=`echo nl | sed 's,.*/,,'`.gmo \
  && rm -f $file && /usr/bin/msgfmt -o $file nl.po
file=`echo nn | sed 's,.*/,,'`.gmo \
  && rm -f $file && /usr/bin/msgfmt -o $file nn.po
file=`echo pl | sed 's,.*/,,'`.gmo \
  && rm -f $file && /usr/bin/msgfmt -o $file pl.po
file=`echo pt | sed 's,.*/,,'`.gmo \
  && rm -f $file && /usr/bin/msgfmt -o $file pt.po
file=`echo pt_BR | sed 's,.*/,,'`.gmo \
  && rm -f $file && /usr/bin/msgfmt -o $file pt_BR.po
file=`echo ru | sed 's,.*/,,'`.gmo \
  && rm -f $file && /usr/bin/msgfmt -o $file ru.po
file=`echo sk | sed 's,.*/,,'`.gmo \
  && rm -f $file && /usr/bin/msgfmt -o $file sk.po
file=`echo sl | sed 's,.*/,,'`.gmo \
  && rm -f $file && /usr/bin/msgfmt -o $file sl.po
file=`echo sr | sed 's,.*/,,'`.gmo \
  && rm -f $file && /usr/bin/msgfmt -o $file sr.po
file=`echo sv | sed 's,.*/,,'`.gmo \
  && rm -f $file && /usr/bin/msgfmt -o $file sv.po
file=`echo ta | sed 's,.*/,,'`.gmo \
  && rm -f $file && /usr/bin/msgfmt -o $file ta.po
file=`echo tr | sed 's,.*/,,'`.gmo \
  && rm -f $file && /usr/bin/msgfmt -o $file tr.po
file=`echo uk | sed 's,.*/,,'`.gmo \
  && rm -f $file && /usr/bin/msgfmt -o $file uk.po
file=`echo vi | sed 's,.*/,,'`.gmo \
  && rm -f $file && /usr/bin/msgfmt -o $file vi.po
file=`echo zh_CN | sed 's,.*/,,'`.gmo \
  && rm -f $file && /usr/bin/msgfmt -o $file zh_CN.po
file=`echo zh_TW | sed 's,.*/,,'`.gmo \
  && rm -f $file && /usr/bin/msgfmt -o $file zh_TW.po
make[2]: Leaving directory `/mnt/sda6/00_new-woof/petbuilds-slacko-32/builds/leafpad/leafpad-0.8.17/po'
make[2]: Entering directory `/mnt/sda6/00_new-woof/petbuilds-slacko-32/builds/leafpad/leafpad-0.8.17'
make[2]: Leaving directory `/mnt/sda6/00_new-woof/petbuilds-slacko-32/builds/leafpad/leafpad-0.8.17'
make[1]: Leaving directory `/mnt/sda6/00_new-woof/petbuilds-slacko-32/builds/leafpad/leafpad-0.8.17'
Making install in src
make[1]: Entering directory `/mnt/sda6/00_new-woof/petbuilds-slacko-32/builds/leafpad/leafpad-0.8.17/src'
make[2]: Entering directory `/mnt/sda6/00_new-woof/petbuilds-slacko-32/builds/leafpad/leafpad-0.8.17/src'
test -z "/usr/bin" || .././install-sh -c -d "/mnt/sda6/00_new-woof/petbuilds-slacko-32/builds/leafpad/leafpad-install/usr/bin"
  /usr/bin/ginstall -c 'leafpad' '/mnt/sda6/00_new-woof/petbuilds-slacko-32/builds/leafpad/leafpad-install/usr/bin/leafpad'
make[2]: Nothing to be done for `install-data-am'.
make[2]: Leaving directory `/mnt/sda6/00_new-woof/petbuilds-slacko-32/builds/leafpad/leafpad-0.8.17/src'
make[1]: Leaving directory `/mnt/sda6/00_new-woof/petbuilds-slacko-32/builds/leafpad/leafpad-0.8.17/src'
Making install in data
make[1]: Entering directory `/mnt/sda6/00_new-woof/petbuilds-slacko-32/builds/leafpad/leafpad-0.8.17/data'
Making install in icons
make[2]: Entering directory `/mnt/sda6/00_new-woof/petbuilds-slacko-32/builds/leafpad/leafpad-0.8.17/data/icons'
Making install in 16x16
make[3]: Entering directory `/mnt/sda6/00_new-woof/petbuilds-slacko-32/builds/leafpad/leafpad-0.8.17/data/icons/16x16'
make[4]: Entering directory `/mnt/sda6/00_new-woof/petbuilds-slacko-32/builds/leafpad/leafpad-0.8.17/data/icons/16x16'
make[4]: Nothing to be done for `install-exec-am'.
test -z "/usr/share/icons/hicolor/16x16/apps" || ../../.././install-sh -c -d "/mnt/sda6/00_new-woof/petbuilds-slacko-32/builds/leafpad/leafpad-install/usr/share/icons/hicolor/16x16/apps"
 /usr/bin/ginstall -c -m 644 'leafpad.png' '/mnt/sda6/00_new-woof/petbuilds-slacko-32/builds/leafpad/leafpad-install/usr/share/icons/hicolor/16x16/apps/leafpad.png'
make[4]: Leaving directory `/mnt/sda6/00_new-woof/petbuilds-slacko-32/builds/leafpad/leafpad-0.8.17/data/icons/16x16'
make[3]: Leaving directory `/mnt/sda6/00_new-woof/petbuilds-slacko-32/builds/leafpad/leafpad-0.8.17/data/icons/16x16'
Making install in 22x22
make[3]: Entering directory `/mnt/sda6/00_new-woof/petbuilds-slacko-32/builds/leafpad/leafpad-0.8.17/data/icons/22x22'
make[4]: Entering directory `/mnt/sda6/00_new-woof/petbuilds-slacko-32/builds/leafpad/leafpad-0.8.17/data/icons/22x22'
make[4]: Nothing to be done for `install-exec-am'.
test -z "/usr/share/icons/hicolor/22x22/apps" || ../../.././install-sh -c -d "/mnt/sda6/00_new-woof/petbuilds-slacko-32/builds/leafpad/leafpad-install/usr/share/icons/hicolor/22x22/apps"
 /usr/bin/ginstall -c -m 644 'leafpad.png' '/mnt/sda6/00_new-woof/petbuilds-slacko-32/builds/leafpad/leafpad-install/usr/share/icons/hicolor/22x22/apps/leafpad.png'
make[4]: Leaving directory `/mnt/sda6/00_new-woof/petbuilds-slacko-32/builds/leafpad/leafpad-0.8.17/data/icons/22x22'
make[3]: Leaving directory `/mnt/sda6/00_new-woof/petbuilds-slacko-32/builds/leafpad/leafpad-0.8.17/data/icons/22x22'
Making install in 24x24
make[3]: Entering directory `/mnt/sda6/00_new-woof/petbuilds-slacko-32/builds/leafpad/leafpad-0.8.17/data/icons/24x24'
make[4]: Entering directory `/mnt/sda6/00_new-woof/petbuilds-slacko-32/builds/leafpad/leafpad-0.8.17/data/icons/24x24'
make[4]: Nothing to be done for `install-exec-am'.
test -z "/usr/share/icons/hicolor/24x24/apps" || ../../.././install-sh -c -d "/mnt/sda6/00_new-woof/petbuilds-slacko-32/builds/leafpad/leafpad-install/usr/share/icons/hicolor/24x24/apps"
 /usr/bin/ginstall -c -m 644 'leafpad.png' '/mnt/sda6/00_new-woof/petbuilds-slacko-32/builds/leafpad/leafpad-install/usr/share/icons/hicolor/24x24/apps/leafpad.png'
make[4]: Leaving directory `/mnt/sda6/00_new-woof/petbuilds-slacko-32/builds/leafpad/leafpad-0.8.17/data/icons/24x24'
make[3]: Leaving directory `/mnt/sda6/00_new-woof/petbuilds-slacko-32/builds/leafpad/leafpad-0.8.17/data/icons/24x24'
Making install in 32x32
make[3]: Entering directory `/mnt/sda6/00_new-woof/petbuilds-slacko-32/builds/leafpad/leafpad-0.8.17/data/icons/32x32'
make[4]: Entering directory `/mnt/sda6/00_new-woof/petbuilds-slacko-32/builds/leafpad/leafpad-0.8.17/data/icons/32x32'
make[4]: Nothing to be done for `install-exec-am'.
test -z "/usr/share/icons/hicolor/32x32/apps" || ../../.././install-sh -c -d "/mnt/sda6/00_new-woof/petbuilds-slacko-32/builds/leafpad/leafpad-install/usr/share/icons/hicolor/32x32/apps"
 /usr/bin/ginstall -c -m 644 'leafpad.png' '/mnt/sda6/00_new-woof/petbuilds-slacko-32/builds/leafpad/leafpad-install/usr/share/icons/hicolor/32x32/apps/leafpad.png'
make[4]: Leaving directory `/mnt/sda6/00_new-woof/petbuilds-slacko-32/builds/leafpad/leafpad-0.8.17/data/icons/32x32'
make[3]: Leaving directory `/mnt/sda6/00_new-woof/petbuilds-slacko-32/builds/leafpad/leafpad-0.8.17/data/icons/32x32'
Making install in scalable
make[3]: Entering directory `/mnt/sda6/00_new-woof/petbuilds-slacko-32/builds/leafpad/leafpad-0.8.17/data/icons/scalable'
make[4]: Entering directory `/mnt/sda6/00_new-woof/petbuilds-slacko-32/builds/leafpad/leafpad-0.8.17/data/icons/scalable'
make[4]: Nothing to be done for `install-exec-am'.
test -z "/usr/share/icons/hicolor/scalable/apps" || ../../.././install-sh -c -d "/mnt/sda6/00_new-woof/petbuilds-slacko-32/builds/leafpad/leafpad-install/usr/share/icons/hicolor/scalable/apps"
 /usr/bin/ginstall -c -m 644 'leafpad.svg' '/mnt/sda6/00_new-woof/petbuilds-slacko-32/builds/leafpad/leafpad-install/usr/share/icons/hicolor/scalable/apps/leafpad.svg'
make[4]: Leaving directory `/mnt/sda6/00_new-woof/petbuilds-slacko-32/builds/leafpad/leafpad-0.8.17/data/icons/scalable'
make[3]: Leaving directory `/mnt/sda6/00_new-woof/petbuilds-slacko-32/builds/leafpad/leafpad-0.8.17/data/icons/scalable'
make[3]: Entering directory `/mnt/sda6/00_new-woof/petbuilds-slacko-32/builds/leafpad/leafpad-0.8.17/data/icons'
make[4]: Entering directory `/mnt/sda6/00_new-woof/petbuilds-slacko-32/builds/leafpad/leafpad-0.8.17/data/icons'
make[4]: Nothing to be done for `install-exec-am'.
make  install-data-hook
make[5]: Entering directory `/mnt/sda6/00_new-woof/petbuilds-slacko-32/builds/leafpad/leafpad-0.8.17/data/icons'
*** Icon cache not updated.  After (un)install, run this:
***   gtk-update-icon-cache -f -t /usr/share/icons/hicolor
make[5]: Leaving directory `/mnt/sda6/00_new-woof/petbuilds-slacko-32/builds/leafpad/leafpad-0.8.17/data/icons'
make[4]: Leaving directory `/mnt/sda6/00_new-woof/petbuilds-slacko-32/builds/leafpad/leafpad-0.8.17/data/icons'
make[3]: Leaving directory `/mnt/sda6/00_new-woof/petbuilds-slacko-32/builds/leafpad/leafpad-0.8.17/data/icons'
make[2]: Leaving directory `/mnt/sda6/00_new-woof/petbuilds-slacko-32/builds/leafpad/leafpad-0.8.17/data/icons'
make[2]: Entering directory `/mnt/sda6/00_new-woof/petbuilds-slacko-32/builds/leafpad/leafpad-0.8.17/data'
make[3]: Entering directory `/mnt/sda6/00_new-woof/petbuilds-slacko-32/builds/leafpad/leafpad-0.8.17/data'
make[3]: Nothing to be done for `install-exec-am'.
test -z "/usr/share/applications" || .././install-sh -c -d "/mnt/sda6/00_new-woof/petbuilds-slacko-32/builds/leafpad/leafpad-install/usr/share/applications"
 /usr/bin/ginstall -c -m 644 'leafpad.desktop' '/mnt/sda6/00_new-woof/petbuilds-slacko-32/builds/leafpad/leafpad-install/usr/share/applications/leafpad.desktop'
test -z "/usr/share/pixmaps" || .././install-sh -c -d "/mnt/sda6/00_new-woof/petbuilds-slacko-32/builds/leafpad/leafpad-install/usr/share/pixmaps"
 /usr/bin/ginstall -c -m 644 'leafpad.png' '/mnt/sda6/00_new-woof/petbuilds-slacko-32/builds/leafpad/leafpad-install/usr/share/pixmaps/leafpad.png'
 /usr/bin/ginstall -c -m 644 'leafpad.xpm' '/mnt/sda6/00_new-woof/petbuilds-slacko-32/builds/leafpad/leafpad-install/usr/share/pixmaps/leafpad.xpm'
make[3]: Leaving directory `/mnt/sda6/00_new-woof/petbuilds-slacko-32/builds/leafpad/leafpad-0.8.17/data'
make[2]: Leaving directory `/mnt/sda6/00_new-woof/petbuilds-slacko-32/builds/leafpad/leafpad-0.8.17/data'
make[1]: Leaving directory `/mnt/sda6/00_new-woof/petbuilds-slacko-32/builds/leafpad/leafpad-0.8.17/data'
Making install in po
make[1]: Entering directory `/mnt/sda6/00_new-woof/petbuilds-slacko-32/builds/leafpad/leafpad-0.8.17/po'
linguas="bg br ca cs da de el es eu fi fr ga he hu id it ja ko lt lv nl nn pl pt pt_BR ru sk sl sr sv ta tr uk vi zh_CN zh_TW "; \
for lang in $linguas; do \
  dir=/mnt/sda6/00_new-woof/petbuilds-slacko-32/builds/leafpad/leafpad-install/usr/share/locale/$lang/LC_MESSAGES; \
  /bin/sh /mnt/sda6/00_new-woof/petbuilds-slacko-32/builds/leafpad/leafpad-0.8.17/install-sh -d $dir; \
  if test -r $lang.gmo; then \
    /usr/bin/ginstall -c -m 644 $lang.gmo $dir/leafpad.mo; \
    echo "installing $lang.gmo as $dir/leafpad.mo"; \
  else \
    /usr/bin/ginstall -c -m 644 ./$lang.gmo $dir/leafpad.mo; \
    echo "installing ./$lang.gmo as" \
	 "$dir/leafpad.mo"; \
  fi; \
  if test -r $lang.gmo.m; then \
    /usr/bin/ginstall -c -m 644 $lang.gmo.m $dir/leafpad.mo.m; \
    echo "installing $lang.gmo.m as $dir/leafpad.mo.m"; \
  else \
    if test -r ./$lang.gmo.m ; then \
      /usr/bin/ginstall -c -m 644 ./$lang.gmo.m \
	$dir/leafpad.mo.m; \
      echo "installing ./$lang.gmo.m as" \
	   "$dir/leafpad.mo.m"; \
    else \
      true; \
    fi; \
  fi; \
done
installing bg.gmo as /mnt/sda6/00_new-woof/petbuilds-slacko-32/builds/leafpad/leafpad-install/usr/share/locale/bg/LC_MESSAGES/leafpad.mo
installing br.gmo as /mnt/sda6/00_new-woof/petbuilds-slacko-32/builds/leafpad/leafpad-install/usr/share/locale/br/LC_MESSAGES/leafpad.mo
installing ca.gmo as /mnt/sda6/00_new-woof/petbuilds-slacko-32/builds/leafpad/leafpad-install/usr/share/locale/ca/LC_MESSAGES/leafpad.mo
installing cs.gmo as /mnt/sda6/00_new-woof/petbuilds-slacko-32/builds/leafpad/leafpad-install/usr/share/locale/cs/LC_MESSAGES/leafpad.mo
installing da.gmo as /mnt/sda6/00_new-woof/petbuilds-slacko-32/builds/leafpad/leafpad-install/usr/share/locale/da/LC_MESSAGES/leafpad.mo
installing de.gmo as /mnt/sda6/00_new-woof/petbuilds-slacko-32/builds/leafpad/leafpad-install/usr/share/locale/de/LC_MESSAGES/leafpad.mo
installing el.gmo as /mnt/sda6/00_new-woof/petbuilds-slacko-32/builds/leafpad/leafpad-install/usr/share/locale/el/LC_MESSAGES/leafpad.mo
installing es.gmo as /mnt/sda6/00_new-woof/petbuilds-slacko-32/builds/leafpad/leafpad-install/usr/share/locale/es/LC_MESSAGES/leafpad.mo
installing eu.gmo as /mnt/sda6/00_new-woof/petbuilds-slacko-32/builds/leafpad/leafpad-install/usr/share/locale/eu/LC_MESSAGES/leafpad.mo
installing fi.gmo as /mnt/sda6/00_new-woof/petbuilds-slacko-32/builds/leafpad/leafpad-install/usr/share/locale/fi/LC_MESSAGES/leafpad.mo
installing fr.gmo as /mnt/sda6/00_new-woof/petbuilds-slacko-32/builds/leafpad/leafpad-install/usr/share/locale/fr/LC_MESSAGES/leafpad.mo
installing ga.gmo as /mnt/sda6/00_new-woof/petbuilds-slacko-32/builds/leafpad/leafpad-install/usr/share/locale/ga/LC_MESSAGES/leafpad.mo
installing he.gmo as /mnt/sda6/00_new-woof/petbuilds-slacko-32/builds/leafpad/leafpad-install/usr/share/locale/he/LC_MESSAGES/leafpad.mo
installing hu.gmo as /mnt/sda6/00_new-woof/petbuilds-slacko-32/builds/leafpad/leafpad-install/usr/share/locale/hu/LC_MESSAGES/leafpad.mo
installing id.gmo as /mnt/sda6/00_new-woof/petbuilds-slacko-32/builds/leafpad/leafpad-install/usr/share/locale/id/LC_MESSAGES/leafpad.mo
installing it.gmo as /mnt/sda6/00_new-woof/petbuilds-slacko-32/builds/leafpad/leafpad-install/usr/share/locale/it/LC_MESSAGES/leafpad.mo
installing ja.gmo as /mnt/sda6/00_new-woof/petbuilds-slacko-32/builds/leafpad/leafpad-install/usr/share/locale/ja/LC_MESSAGES/leafpad.mo
installing ko.gmo as /mnt/sda6/00_new-woof/petbuilds-slacko-32/builds/leafpad/leafpad-install/usr/share/locale/ko/LC_MESSAGES/leafpad.mo
installing lt.gmo as /mnt/sda6/00_new-woof/petbuilds-slacko-32/builds/leafpad/leafpad-install/usr/share/locale/lt/LC_MESSAGES/leafpad.mo
installing lv.gmo as /mnt/sda6/00_new-woof/petbuilds-slacko-32/builds/leafpad/leafpad-install/usr/share/locale/lv/LC_MESSAGES/leafpad.mo
installing nl.gmo as /mnt/sda6/00_new-woof/petbuilds-slacko-32/builds/leafpad/leafpad-install/usr/share/locale/nl/LC_MESSAGES/leafpad.mo
installing nn.gmo as /mnt/sda6/00_new-woof/petbuilds-slacko-32/builds/leafpad/leafpad-install/usr/share/locale/nn/LC_MESSAGES/leafpad.mo
installing pl.gmo as /mnt/sda6/00_new-woof/petbuilds-slacko-32/builds/leafpad/leafpad-install/usr/share/locale/pl/LC_MESSAGES/leafpad.mo
installing pt.gmo as /mnt/sda6/00_new-woof/petbuilds-slacko-32/builds/leafpad/leafpad-install/usr/share/locale/pt/LC_MESSAGES/leafpad.mo
installing pt_BR.gmo as /mnt/sda6/00_new-woof/petbuilds-slacko-32/builds/leafpad/leafpad-install/usr/share/locale/pt_BR/LC_MESSAGES/leafpad.mo
installing ru.gmo as /mnt/sda6/00_new-woof/petbuilds-slacko-32/builds/leafpad/leafpad-install/usr/share/locale/ru/LC_MESSAGES/leafpad.mo
installing sk.gmo as /mnt/sda6/00_new-woof/petbuilds-slacko-32/builds/leafpad/leafpad-install/usr/share/locale/sk/LC_MESSAGES/leafpad.mo
installing sl.gmo as /mnt/sda6/00_new-woof/petbuilds-slacko-32/builds/leafpad/leafpad-install/usr/share/locale/sl/LC_MESSAGES/leafpad.mo
installing sr.gmo as /mnt/sda6/00_new-woof/petbuilds-slacko-32/builds/leafpad/leafpad-install/usr/share/locale/sr/LC_MESSAGES/leafpad.mo
installing sv.gmo as /mnt/sda6/00_new-woof/petbuilds-slacko-32/builds/leafpad/leafpad-install/usr/share/locale/sv/LC_MESSAGES/leafpad.mo
installing ta.gmo as /mnt/sda6/00_new-woof/petbuilds-slacko-32/builds/leafpad/leafpad-install/usr/share/locale/ta/LC_MESSAGES/leafpad.mo
installing tr.gmo as /mnt/sda6/00_new-woof/petbuilds-slacko-32/builds/leafpad/leafpad-install/usr/share/locale/tr/LC_MESSAGES/leafpad.mo
installing uk.gmo as /mnt/sda6/00_new-woof/petbuilds-slacko-32/builds/leafpad/leafpad-install/usr/share/locale/uk/LC_MESSAGES/leafpad.mo
installing vi.gmo as /mnt/sda6/00_new-woof/petbuilds-slacko-32/builds/leafpad/leafpad-install/usr/share/locale/vi/LC_MESSAGES/leafpad.mo
installing zh_CN.gmo as /mnt/sda6/00_new-woof/petbuilds-slacko-32/builds/leafpad/leafpad-install/usr/share/locale/zh_CN/LC_MESSAGES/leafpad.mo
installing zh_TW.gmo as /mnt/sda6/00_new-woof/petbuilds-slacko-32/builds/leafpad/leafpad-install/usr/share/locale/zh_TW/LC_MESSAGES/leafpad.mo
make[1]: Leaving directory `/mnt/sda6/00_new-woof/petbuilds-slacko-32/builds/leafpad/leafpad-0.8.17/po'
make[1]: Entering directory `/mnt/sda6/00_new-woof/petbuilds-slacko-32/builds/leafpad/leafpad-0.8.17'
make[2]: Entering directory `/mnt/sda6/00_new-woof/petbuilds-slacko-32/builds/leafpad/leafpad-0.8.17'
make[2]: Nothing to be done for `install-exec-am'.
make[2]: Nothing to be done for `install-data-am'.
make[2]: Leaving directory `/mnt/sda6/00_new-woof/petbuilds-slacko-32/builds/leafpad/leafpad-0.8.17'
make[1]: Leaving directory `/mnt/sda6/00_new-woof/petbuilds-slacko-32/builds/leafpad/leafpad-0.8.17'
/mnt/sda6/00_new-woof/petbuilds-slacko-32/builds/leafpad
Processing ../leafpad-install/usr/bin/leafpad
Processing ../leafpad-install/usr/share/applications/leafpad.desktop
Processing ../leafpad-install/usr/share/icons/hicolor/16x16/apps/leafpad.png
Processing ../leafpad-install/usr/share/icons/hicolor/22x22/apps/leafpad.png
Processing ../leafpad-install/usr/share/icons/hicolor/24x24/apps/leafpad.png
Processing ../leafpad-install/usr/share/icons/hicolor/32x32/apps/leafpad.png
Processing ../leafpad-install/usr/share/icons/hicolor/scalable/apps/leafpad.svg
Processing ../leafpad-install/usr/share/locale/bg/LC_MESSAGES/leafpad.mo
Processing ../leafpad-install/usr/share/locale/br/LC_MESSAGES/leafpad.mo
Processing ../leafpad-install/usr/share/locale/ca/LC_MESSAGES/leafpad.mo
Processing ../leafpad-install/usr/share/locale/cs/LC_MESSAGES/leafpad.mo
Processing ../leafpad-install/usr/share/locale/da/LC_MESSAGES/leafpad.mo
Processing ../leafpad-install/usr/share/locale/de/LC_MESSAGES/leafpad.mo
Processing ../leafpad-install/usr/share/locale/el/LC_MESSAGES/leafpad.mo
Processing ../leafpad-install/usr/share/locale/es/LC_MESSAGES/leafpad.mo
Processing ../leafpad-install/usr/share/locale/eu/LC_MESSAGES/leafpad.mo
Processing ../leafpad-install/usr/share/locale/fi/LC_MESSAGES/leafpad.mo
Processing ../leafpad-install/usr/share/locale/fr/LC_MESSAGES/leafpad.mo
Processing ../leafpad-install/usr/share/locale/ga/LC_MESSAGES/leafpad.mo
Processing ../leafpad-install/usr/share/locale/he/LC_MESSAGES/leafpad.mo
Processing ../leafpad-install/usr/share/locale/hu/LC_MESSAGES/leafpad.mo
Processing ../leafpad-install/usr/share/locale/id/LC_MESSAGES/leafpad.mo
Processing ../leafpad-install/usr/share/locale/it/LC_MESSAGES/leafpad.mo
Processing ../leafpad-install/usr/share/locale/ja/LC_MESSAGES/leafpad.mo
Processing ../leafpad-install/usr/share/locale/ko/LC_MESSAGES/leafpad.mo
Processing ../leafpad-install/usr/share/locale/lt/LC_MESSAGES/leafpad.mo
Processing ../leafpad-install/usr/share/locale/lv/LC_MESSAGES/leafpad.mo
Processing ../leafpad-install/usr/share/locale/nl/LC_MESSAGES/leafpad.mo
Processing ../leafpad-install/usr/share/locale/nn/LC_MESSAGES/leafpad.mo
Processing ../leafpad-install/usr/share/locale/pl/LC_MESSAGES/leafpad.mo
Processing ../leafpad-install/usr/share/locale/pt_BR/LC_MESSAGES/leafpad.mo
Processing ../leafpad-install/usr/share/locale/pt/LC_MESSAGES/leafpad.mo
Processing ../leafpad-install/usr/share/locale/ru/LC_MESSAGES/leafpad.mo
Processing ../leafpad-install/usr/share/locale/sk/LC_MESSAGES/leafpad.mo
Processing ../leafpad-install/usr/share/locale/sl/LC_MESSAGES/leafpad.mo
Processing ../leafpad-install/usr/share/locale/sr/LC_MESSAGES/leafpad.mo
Processing ../leafpad-install/usr/share/locale/sv/LC_MESSAGES/leafpad.mo
Processing ../leafpad-install/usr/share/locale/ta/LC_MESSAGES/leafpad.mo
Processing ../leafpad-install/usr/share/locale/tr/LC_MESSAGES/leafpad.mo
Processing ../leafpad-install/usr/share/locale/uk/LC_MESSAGES/leafpad.mo
Processing ../leafpad-install/usr/share/locale/vi/LC_MESSAGES/leafpad.mo
Processing ../leafpad-install/usr/share/locale/zh_CN/LC_MESSAGES/leafpad.mo
Processing ../leafpad-install/usr/share/locale/zh_TW/LC_MESSAGES/leafpad.mo
Processing ../leafpad-install/usr/share/pixmaps/leafpad.png
Processing ../leafpad-install/usr/share/pixmaps/leafpad.xpm
all done
packaging leafpad-0.8.17-i686_slk600
packaging leafpad_NLS-0.8.17-i686_slk600
done!
