libdc1394-2.2.3/
libdc1394-2.2.3/missing
libdc1394-2.2.3/config.sub
libdc1394-2.2.3/dc1394/
libdc1394-2.2.3/dc1394/platform.h
libdc1394-2.2.3/dc1394/macosx.h
libdc1394-2.2.3/dc1394/macosx/
libdc1394-2.2.3/dc1394/macosx/macosx.h
libdc1394-2.2.3/dc1394/macosx/capture.c
libdc1394-2.2.3/dc1394/macosx/Makefile.am
libdc1394-2.2.3/dc1394/macosx/control.c
libdc1394-2.2.3/dc1394/macosx/Makefile.in
libdc1394-2.2.3/dc1394/conversions.h
libdc1394-2.2.3/dc1394/format7.h
libdc1394-2.2.3/dc1394/types.h
libdc1394-2.2.3/dc1394/bayer.c
libdc1394-2.2.3/dc1394/juju/
libdc1394-2.2.3/dc1394/juju/juju.h
libdc1394-2.2.3/dc1394/juju/firewire-constants.h
libdc1394-2.2.3/dc1394/juju/firewire-cdev.h
libdc1394-2.2.3/dc1394/juju/capture.c
libdc1394-2.2.3/dc1394/juju/Makefile.am
libdc1394-2.2.3/dc1394/juju/control.c
libdc1394-2.2.3/dc1394/juju/Makefile.in
libdc1394-2.2.3/dc1394/utils.h
libdc1394-2.2.3/dc1394/utils.c
libdc1394-2.2.3/dc1394/dc1394.h
libdc1394-2.2.3/dc1394/macosx.c
libdc1394-2.2.3/dc1394/register.c
libdc1394-2.2.3/dc1394/usb/
libdc1394-2.2.3/dc1394/usb/capture.c
libdc1394-2.2.3/dc1394/usb/usb.h
libdc1394-2.2.3/dc1394/usb/Makefile.am
libdc1394-2.2.3/dc1394/usb/control.c
libdc1394-2.2.3/dc1394/usb/Makefile.in
libdc1394-2.2.3/dc1394/linux/
libdc1394-2.2.3/dc1394/linux/linux.h
libdc1394-2.2.3/dc1394/linux/capture.h
libdc1394-2.2.3/dc1394/linux/control.h
libdc1394-2.2.3/dc1394/linux/capture.c
libdc1394-2.2.3/dc1394/linux/Makefile.am
libdc1394-2.2.3/dc1394/linux/control.c
libdc1394-2.2.3/dc1394/linux/kernel-video1394.h
libdc1394-2.2.3/dc1394/linux/Makefile.in
libdc1394-2.2.3/dc1394/log.h
libdc1394-2.2.3/dc1394/enumeration.c
libdc1394-2.2.3/dc1394/register.h
libdc1394-2.2.3/dc1394/windows/
libdc1394-2.2.3/dc1394/windows/platform_windows.h
libdc1394-2.2.3/dc1394/windows/capture.c
libdc1394-2.2.3/dc1394/windows/Makefile.am
libdc1394-2.2.3/dc1394/windows/control.c
libdc1394-2.2.3/dc1394/windows/Makefile.in
libdc1394-2.2.3/dc1394/vendor/
libdc1394-2.2.3/dc1394/vendor/basler_sff_registry.h
libdc1394-2.2.3/dc1394/vendor/pixelink.c
libdc1394-2.2.3/dc1394/vendor/basler_sff_registry.c
libdc1394-2.2.3/dc1394/vendor/basler.c
libdc1394-2.2.3/dc1394/vendor/avt.h
libdc1394-2.2.3/dc1394/vendor/pixelink.h
libdc1394-2.2.3/dc1394/vendor/basler.h
libdc1394-2.2.3/dc1394/vendor/Makefile.am
libdc1394-2.2.3/dc1394/vendor/avt.c
libdc1394-2.2.3/dc1394/vendor/basler_sff.h
libdc1394-2.2.3/dc1394/vendor/Makefile.in
libdc1394-2.2.3/dc1394/log.c
libdc1394-2.2.3/dc1394/internal.h
libdc1394-2.2.3/dc1394/capture.h
libdc1394-2.2.3/dc1394/iso.h
libdc1394-2.2.3/dc1394/conversions.c
libdc1394-2.2.3/dc1394/control.h
libdc1394-2.2.3/dc1394/capture.c
libdc1394-2.2.3/dc1394/offsets.h
libdc1394-2.2.3/dc1394/Makefile.am
libdc1394-2.2.3/dc1394/internal.c
libdc1394-2.2.3/dc1394/control.c
libdc1394-2.2.3/dc1394/format7.c
libdc1394-2.2.3/dc1394/iso.c
libdc1394-2.2.3/dc1394/camera.h
libdc1394-2.2.3/dc1394/video.h
libdc1394-2.2.3/dc1394/Makefile.in
libdc1394-2.2.3/config.h.in
libdc1394-2.2.3/README-windows
libdc1394-2.2.3/configure.ac
libdc1394-2.2.3/libdc1394-2.pc.in
libdc1394-2.2.3/install-sh
libdc1394-2.2.3/ltmain.sh
libdc1394-2.2.3/compile
libdc1394-2.2.3/configure
libdc1394-2.2.3/ChangeLog
libdc1394-2.2.3/aminclude.am
libdc1394-2.2.3/acinclude.m4
libdc1394-2.2.3/m4/
libdc1394-2.2.3/m4/libtool.m4
libdc1394-2.2.3/m4/ltsugar.m4
libdc1394-2.2.3/m4/ltversion.m4
libdc1394-2.2.3/m4/ltoptions.m4
libdc1394-2.2.3/m4/lt~obsolete.m4
libdc1394-2.2.3/depcomp
libdc1394-2.2.3/COPYING
libdc1394-2.2.3/INSTALL
libdc1394-2.2.3/config.guess
libdc1394-2.2.3/NEWS
libdc1394-2.2.3/Doxyfile.in
libdc1394-2.2.3/README
libdc1394-2.2.3/examples/
libdc1394-2.2.3/examples/grab_gray_image.1
libdc1394-2.2.3/examples/grab_color_image.c
libdc1394-2.2.3/examples/grab_partial_pvn.c
libdc1394-2.2.3/examples/dc1394_iso.c
libdc1394-2.2.3/examples/affine.h
libdc1394-2.2.3/examples/basler_sff_extended_data.c
libdc1394-2.2.3/examples/grab_color_image.1
libdc1394-2.2.3/examples/dc1394_reset_bus.1
libdc1394-2.2.3/examples/grab_gray_image.c
libdc1394-2.2.3/examples/ladybug.c
libdc1394-2.2.3/examples/dc1394_reset_bus.c
libdc1394-2.2.3/examples/dc1394_multiview.c
libdc1394-2.2.3/examples/dc1394_vloopback.1
libdc1394-2.2.3/examples/basler_sff_info.c
libdc1394-2.2.3/examples/grab_partial_image.1
libdc1394-2.2.3/examples/helloworld.c
libdc1394-2.2.3/examples/grab_partial_image.c
libdc1394-2.2.3/examples/Makefile.am
libdc1394-2.2.3/examples/dc1394_vloopback.c
libdc1394-2.2.3/examples/affine.c
libdc1394-2.2.3/examples/dc1394_multiview.1
libdc1394-2.2.3/examples/grab_color_image2.c
libdc1394-2.2.3/examples/Makefile.in
libdc1394-2.2.3/ax_check_framework.m4
libdc1394-2.2.3/Makefile.am
libdc1394-2.2.3/ar-lib
libdc1394-2.2.3/INSTALL-windows
libdc1394-2.2.3/AUTHORS
libdc1394-2.2.3/aclocal.m4
libdc1394-2.2.3/Makefile.in
checking build system type... i686-pc-linux-gnu
checking host system type... i686-pc-linux-gnu
checking target system type... i686-pc-linux-gnu
checking for doxygen... no
configure: WARNING: doxygen not found - will not generate any doxygen documentation (requires doxygen package)
checking for perl... /usr/bin/perl
checking for gcc... gcc
checking whether the C compiler works... yes
checking for C compiler default output file name... a.out
checking for suffix of executables... 
checking whether we are cross compiling... no
checking for suffix of object files... o
checking whether we are using the GNU C compiler... yes
checking whether gcc accepts -g... yes
checking for gcc option to accept ISO C89... none needed
checking for ar... ar
checking the archiver (ar) interface... ar
checking for a BSD-compatible install... /usr/bin/ginstall -c
checking whether build environment is sane... yes
checking for a thread-safe mkdir -p... ./install-sh -c -d
checking for gawk... gawk
checking whether make sets $(MAKE)... yes
checking for style of include used by make... GNU
checking whether make supports nested variables... yes
checking dependency style of gcc... gcc3
checking for gcc... (cached) gcc
checking whether we are using the GNU C compiler... (cached) yes
checking whether gcc accepts -g... (cached) yes
checking for gcc option to accept ISO C89... (cached) none needed
checking how to print strings... printf
checking for a sed that does not truncate output... /bin/sed
checking for grep that handles long lines and -e... /bin/grep
checking for egrep... /bin/grep -E
checking for fgrep... /bin/grep -F
checking for ld used by gcc... /usr/i486-slackware-linux/bin/ld
checking if the linker (/usr/i486-slackware-linux/bin/ld) is GNU ld... yes
checking for BSD- or MS-compatible name lister (nm)... /usr/bin/nm -B
checking the name lister (/usr/bin/nm -B) interface... BSD nm
checking whether ln -s works... yes
checking the maximum length of command line arguments... 1572864
checking whether the shell understands some XSI constructs... yes
checking whether the shell understands "+="... yes
checking how to convert i686-pc-linux-gnu file names to i686-pc-linux-gnu format... func_convert_file_noop
checking how to convert i686-pc-linux-gnu file names to toolchain format... func_convert_file_noop
checking for /usr/i486-slackware-linux/bin/ld option to reload object files... -r
checking for objdump... objdump
checking how to recognize dependent libraries... pass_all
checking for dlltool... dlltool
checking how to associate runtime and link libraries... printf %s\n
checking for archiver @FILE support... @
checking for strip... strip
checking for ranlib... ranlib
checking command to parse /usr/bin/nm -B output from gcc object... ok
checking for sysroot... no
checking for mt... no
checking if : is a manifest tool... no
checking how to run the C preprocessor... gcc -E
checking for ANSI C header files... yes
checking for sys/types.h... yes
checking for sys/stat.h... yes
checking for stdlib.h... yes
checking for string.h... yes
checking for memory.h... yes
checking for strings.h... yes
checking for inttypes.h... yes
checking for stdint.h... yes
checking for unistd.h... yes
checking for dlfcn.h... yes
checking for objdir... .libs
checking if gcc supports -fno-rtti -fno-exceptions... no
checking for gcc option to produce PIC... -fPIC -DPIC
checking if gcc PIC flag -fPIC -DPIC works... yes
checking if gcc static flag -static works... yes
checking if gcc supports -c -o file.o... yes
checking if gcc supports -c -o file.o... (cached) yes
checking whether the gcc linker (/usr/i486-slackware-linux/bin/ld) supports shared libraries... yes
checking whether -lc should be explicitly linked in... no
checking dynamic linker characteristics... GNU/Linux ld.so
checking how to hardcode library paths into programs... immediate
checking whether stripping libraries is possible... yes
checking if libtool supports shared libraries... yes
checking whether to build shared libraries... yes
checking whether to build static libraries... yes
checking whether gcc and cc understand -c and -o together... yes
checking for pkg-config... /usr/bin/pkg-config
checking pkg-config is at least version 0.9.0... yes
checking for C/C++ restrict keyword... __restrict
checking for pow in -lm... yes
checking for LIBUSB... yes
checking for sdl-config... /usr/bin/sdl-config
checking for SDL - version >= 1.2.4... yes
checking for raw1394_channel_modify in -lraw1394... yes
checking for main in -lGL... yes
checking linux/videodev.h usability... no
checking linux/videodev.h presence... no
checking for linux/videodev.h... no
checking for Xv extensions... yes
checking for ANSI C header files... (cached) yes
checking for stdint.h... (cached) yes
checking fcntl.h usability... yes
checking fcntl.h presence... yes
checking for fcntl.h... yes
checking sys/ioctl.h usability... yes
checking sys/ioctl.h presence... yes
checking for sys/ioctl.h... yes
checking for unistd.h... (cached) yes
checking sys/mman.h usability... yes
checking sys/mman.h presence... yes
checking for sys/mman.h... yes
checking netinet/in.h usability... yes
checking netinet/in.h presence... yes
checking for netinet/in.h... yes
checking for X... libraries , headers 
checking for gethostbyname... yes
checking for connect... yes
checking for remove... yes
checking for shmat... yes
checking for IceConnectionNumber in -lICE... yes
checking for size_t... yes
checking for stdlib.h... (cached) yes
checking for unistd.h... (cached) yes
checking for sys/param.h... yes
checking for getpagesize... yes
checking for working mmap... yes
checking that generated files are newer than configure... done
configure: creating ./config.status
config.status: creating Makefile
config.status: creating libdc1394-2.pc
config.status: creating dc1394/Makefile
config.status: creating dc1394/linux/Makefile
config.status: creating dc1394/juju/Makefile
config.status: creating dc1394/macosx/Makefile
config.status: creating dc1394/windows/Makefile
config.status: creating dc1394/usb/Makefile
config.status: creating dc1394/vendor/Makefile
config.status: creating examples/Makefile
config.status: creating config.h
config.status: executing depfiles commands
config.status: executing libtool commands

Configuration (libdc1394):

    Linux support:                      Enabled
      Legacy drivers (libraw1394):      Enabled
    Mac OS X support:                   Disabled (Mac OS not detected)
    Windows support:                    Disabled (Windows not detected)
    IIDC-over-USB support:              Enabled
    Build examples:                     No

make  all-recursive
make[1]: Entering directory `/mnt/sda6/00_new-woof/petbuilds-slacko-32/builds/libdc1394/libdc1394-2.2.3'
Making all in dc1394
make[2]: Entering directory `/mnt/sda6/00_new-woof/petbuilds-slacko-32/builds/libdc1394/libdc1394-2.2.3/dc1394'
Making all in linux
make[3]: Entering directory `/mnt/sda6/00_new-woof/petbuilds-slacko-32/builds/libdc1394/libdc1394-2.2.3/dc1394/linux'
/bin/sh ../../libtool  --tag=CC   --mode=compile gcc -DHAVE_CONFIG_H -I. -I../..    -I../.. -I../../dc1394 -Wall -Wunused -std=gnu99 -g -O2 -MT control.lo -MD -MP -MF .deps/control.Tpo -c -o control.lo control.c
/bin/sh ../../libtool  --tag=CC   --mode=compile gcc -DHAVE_CONFIG_H -I. -I../..    -I../.. -I../../dc1394 -Wall -Wunused -std=gnu99 -g -O2 -MT capture.lo -MD -MP -MF .deps/capture.Tpo -c -o capture.lo capture.c
libtool: compile:  gcc -DHAVE_CONFIG_H -I. -I../.. -I../.. -I../../dc1394 -Wall -Wunused -std=gnu99 -g -O2 -MT control.lo -MD -MP -MF .deps/control.Tpo -c control.c  -fPIC -DPIC -o .libs/control.o
libtool: compile:  gcc -DHAVE_CONFIG_H -I. -I../.. -I../.. -I../../dc1394 -Wall -Wunused -std=gnu99 -g -O2 -MT capture.lo -MD -MP -MF .deps/capture.Tpo -c capture.c  -fPIC -DPIC -o .libs/capture.o
libtool: compile:  gcc -DHAVE_CONFIG_H -I. -I../.. -I../.. -I../../dc1394 -Wall -Wunused -std=gnu99 -g -O2 -MT control.lo -MD -MP -MF .deps/control.Tpo -c control.c -o control.o >/dev/null 2>&1
libtool: compile:  gcc -DHAVE_CONFIG_H -I. -I../.. -I../.. -I../../dc1394 -Wall -Wunused -std=gnu99 -g -O2 -MT capture.lo -MD -MP -MF .deps/capture.Tpo -c capture.c -o capture.o >/dev/null 2>&1
mv -f .deps/control.Tpo .deps/control.Plo
mv -f .deps/capture.Tpo .deps/capture.Plo
/bin/sh ../../libtool  --tag=CC   --mode=link gcc -I../.. -I../../dc1394 -Wall -Wunused -std=gnu99 -g -O2   -o libdc1394-linux.la  control.lo capture.lo -lraw1394 -lm 
libtool: link: ar cru .libs/libdc1394-linux.a .libs/control.o .libs/capture.o 
libtool: link: ranlib .libs/libdc1394-linux.a
libtool: link: ( cd ".libs" && rm -f "libdc1394-linux.la" && ln -s "../libdc1394-linux.la" "libdc1394-linux.la" )
make[3]: Leaving directory `/mnt/sda6/00_new-woof/petbuilds-slacko-32/builds/libdc1394/libdc1394-2.2.3/dc1394/linux'
Making all in juju
make[3]: Entering directory `/mnt/sda6/00_new-woof/petbuilds-slacko-32/builds/libdc1394/libdc1394-2.2.3/dc1394/juju'
/bin/sh ../../libtool  --tag=CC   --mode=compile gcc -DHAVE_CONFIG_H -I. -I../..    -I../.. -I../../dc1394 -Wall -Wunused -std=gnu99 -g -O2 -MT control.lo -MD -MP -MF .deps/control.Tpo -c -o control.lo control.c
/bin/sh ../../libtool  --tag=CC   --mode=compile gcc -DHAVE_CONFIG_H -I. -I../..    -I../.. -I../../dc1394 -Wall -Wunused -std=gnu99 -g -O2 -MT capture.lo -MD -MP -MF .deps/capture.Tpo -c -o capture.lo capture.c
libtool: compile:  gcc -DHAVE_CONFIG_H -I. -I../.. -I../.. -I../../dc1394 -Wall -Wunused -std=gnu99 -g -O2 -MT control.lo -MD -MP -MF .deps/control.Tpo -c control.c  -fPIC -DPIC -o .libs/control.o
libtool: compile:  gcc -DHAVE_CONFIG_H -I. -I../.. -I../.. -I../../dc1394 -Wall -Wunused -std=gnu99 -g -O2 -MT capture.lo -MD -MP -MF .deps/capture.Tpo -c capture.c  -fPIC -DPIC -o .libs/capture.o
libtool: compile:  gcc -DHAVE_CONFIG_H -I. -I../.. -I../.. -I../../dc1394 -Wall -Wunused -std=gnu99 -g -O2 -MT capture.lo -MD -MP -MF .deps/capture.Tpo -c capture.c -o capture.o >/dev/null 2>&1
libtool: compile:  gcc -DHAVE_CONFIG_H -I. -I../.. -I../.. -I../../dc1394 -Wall -Wunused -std=gnu99 -g -O2 -MT control.lo -MD -MP -MF .deps/control.Tpo -c control.c -o control.o >/dev/null 2>&1
mv -f .deps/capture.Tpo .deps/capture.Plo
mv -f .deps/control.Tpo .deps/control.Plo
/bin/sh ../../libtool  --tag=CC   --mode=link gcc -I../.. -I../../dc1394 -Wall -Wunused -std=gnu99 -g -O2   -o libdc1394-juju.la  control.lo capture.lo  -lm 
libtool: link: ar cru .libs/libdc1394-juju.a .libs/control.o .libs/capture.o 
libtool: link: ranlib .libs/libdc1394-juju.a
libtool: link: ( cd ".libs" && rm -f "libdc1394-juju.la" && ln -s "../libdc1394-juju.la" "libdc1394-juju.la" )
make[3]: Leaving directory `/mnt/sda6/00_new-woof/petbuilds-slacko-32/builds/libdc1394/libdc1394-2.2.3/dc1394/juju'
Making all in macosx
make[3]: Entering directory `/mnt/sda6/00_new-woof/petbuilds-slacko-32/builds/libdc1394/libdc1394-2.2.3/dc1394/macosx'
make[3]: Nothing to be done for `all'.
make[3]: Leaving directory `/mnt/sda6/00_new-woof/petbuilds-slacko-32/builds/libdc1394/libdc1394-2.2.3/dc1394/macosx'
Making all in windows
make[3]: Entering directory `/mnt/sda6/00_new-woof/petbuilds-slacko-32/builds/libdc1394/libdc1394-2.2.3/dc1394/windows'
make[3]: Nothing to be done for `all'.
make[3]: Leaving directory `/mnt/sda6/00_new-woof/petbuilds-slacko-32/builds/libdc1394/libdc1394-2.2.3/dc1394/windows'
Making all in usb
make[3]: Entering directory `/mnt/sda6/00_new-woof/petbuilds-slacko-32/builds/libdc1394/libdc1394-2.2.3/dc1394/usb'
/bin/sh ../../libtool  --tag=CC   --mode=compile gcc -DHAVE_CONFIG_H -I. -I../..    -I../.. -I../../dc1394 -I/usr/include/libusb-1.0   -Wall -Wunused -std=gnu99 -g -O2 -MT control.lo -MD -MP -MF .deps/control.Tpo -c -o control.lo control.c
/bin/sh ../../libtool  --tag=CC   --mode=compile gcc -DHAVE_CONFIG_H -I. -I../..    -I../.. -I../../dc1394 -I/usr/include/libusb-1.0   -Wall -Wunused -std=gnu99 -g -O2 -MT capture.lo -MD -MP -MF .deps/capture.Tpo -c -o capture.lo capture.c
libtool: compile:  gcc -DHAVE_CONFIG_H -I. -I../.. -I../.. -I../../dc1394 -I/usr/include/libusb-1.0 -Wall -Wunused -std=gnu99 -g -O2 -MT capture.lo -MD -MP -MF .deps/capture.Tpo -c capture.c  -fPIC -DPIC -o .libs/capture.o
libtool: compile:  gcc -DHAVE_CONFIG_H -I. -I../.. -I../.. -I../../dc1394 -I/usr/include/libusb-1.0 -Wall -Wunused -std=gnu99 -g -O2 -MT control.lo -MD -MP -MF .deps/control.Tpo -c control.c  -fPIC -DPIC -o .libs/control.o
libtool: compile:  gcc -DHAVE_CONFIG_H -I. -I../.. -I../.. -I../../dc1394 -I/usr/include/libusb-1.0 -Wall -Wunused -std=gnu99 -g -O2 -MT control.lo -MD -MP -MF .deps/control.Tpo -c control.c -o control.o >/dev/null 2>&1
libtool: compile:  gcc -DHAVE_CONFIG_H -I. -I../.. -I../.. -I../../dc1394 -I/usr/include/libusb-1.0 -Wall -Wunused -std=gnu99 -g -O2 -MT capture.lo -MD -MP -MF .deps/capture.Tpo -c capture.c -o capture.o >/dev/null 2>&1
mv -f .deps/control.Tpo .deps/control.Plo
mv -f .deps/capture.Tpo .deps/capture.Plo
/bin/sh ../../libtool  --tag=CC   --mode=link gcc -I../.. -I../../dc1394 -I/usr/include/libusb-1.0   -Wall -Wunused -std=gnu99 -g -O2   -o libdc1394-usb.la  control.lo capture.lo -lusb-1.0   -lm 
libtool: link: ar cru .libs/libdc1394-usb.a .libs/control.o .libs/capture.o 
libtool: link: ranlib .libs/libdc1394-usb.a
libtool: link: ( cd ".libs" && rm -f "libdc1394-usb.la" && ln -s "../libdc1394-usb.la" "libdc1394-usb.la" )
make[3]: Leaving directory `/mnt/sda6/00_new-woof/petbuilds-slacko-32/builds/libdc1394/libdc1394-2.2.3/dc1394/usb'
Making all in vendor
make[3]: Entering directory `/mnt/sda6/00_new-woof/petbuilds-slacko-32/builds/libdc1394/libdc1394-2.2.3/dc1394/vendor'
/bin/sh ../../libtool  --tag=CC   --mode=compile gcc -DHAVE_CONFIG_H -I. -I../..    -I../.. -I./.. -Wall -Wunused -std=gnu99 -g -O2 -MT avt.lo -MD -MP -MF .deps/avt.Tpo -c -o avt.lo avt.c
/bin/sh ../../libtool  --tag=CC   --mode=compile gcc -DHAVE_CONFIG_H -I. -I../..    -I../.. -I./.. -Wall -Wunused -std=gnu99 -g -O2 -MT pixelink.lo -MD -MP -MF .deps/pixelink.Tpo -c -o pixelink.lo pixelink.c
/bin/sh ../../libtool  --tag=CC   --mode=compile gcc -DHAVE_CONFIG_H -I. -I../..    -I../.. -I./.. -Wall -Wunused -std=gnu99 -g -O2 -MT basler.lo -MD -MP -MF .deps/basler.Tpo -c -o basler.lo basler.c
/bin/sh ../../libtool  --tag=CC   --mode=compile gcc -DHAVE_CONFIG_H -I. -I../..    -I../.. -I./.. -Wall -Wunused -std=gnu99 -g -O2 -MT basler_sff_registry.lo -MD -MP -MF .deps/basler_sff_registry.Tpo -c -o basler_sff_registry.lo basler_sff_registry.c
libtool: compile:  gcc -DHAVE_CONFIG_H -I. -I../.. -I../.. -I./.. -Wall -Wunused -std=gnu99 -g -O2 -MT pixelink.lo -MD -MP -MF .deps/pixelink.Tpo -c pixelink.c  -fPIC -DPIC -o .libs/pixelink.o
libtool: compile:  gcc -DHAVE_CONFIG_H -I. -I../.. -I../.. -I./.. -Wall -Wunused -std=gnu99 -g -O2 -MT basler.lo -MD -MP -MF .deps/basler.Tpo -c basler.c  -fPIC -DPIC -o .libs/basler.o
libtool: compile:  gcc -DHAVE_CONFIG_H -I. -I../.. -I../.. -I./.. -Wall -Wunused -std=gnu99 -g -O2 -MT avt.lo -MD -MP -MF .deps/avt.Tpo -c avt.c  -fPIC -DPIC -o .libs/avt.o
libtool: compile:  gcc -DHAVE_CONFIG_H -I. -I../.. -I../.. -I./.. -Wall -Wunused -std=gnu99 -g -O2 -MT basler_sff_registry.lo -MD -MP -MF .deps/basler_sff_registry.Tpo -c basler_sff_registry.c  -fPIC -DPIC -o .libs/basler_sff_registry.o
basler.c: In function 'dc1394_basler_sff_feature_enable':
basler.c:238:16: warning: comparison between 'dc1394switch_t' and 'dc1394bool_t' [-Wenum-compare]
     if (on_off != is_enabled) {
                ^
libtool: compile:  gcc -DHAVE_CONFIG_H -I. -I../.. -I../.. -I./.. -Wall -Wunused -std=gnu99 -g -O2 -MT basler_sff_registry.lo -MD -MP -MF .deps/basler_sff_registry.Tpo -c basler_sff_registry.c -o basler_sff_registry.o >/dev/null 2>&1
mv -f .deps/basler_sff_registry.Tpo .deps/basler_sff_registry.Plo
libtool: compile:  gcc -DHAVE_CONFIG_H -I. -I../.. -I../.. -I./.. -Wall -Wunused -std=gnu99 -g -O2 -MT pixelink.lo -MD -MP -MF .deps/pixelink.Tpo -c pixelink.c -o pixelink.o >/dev/null 2>&1
libtool: compile:  gcc -DHAVE_CONFIG_H -I. -I../.. -I../.. -I./.. -Wall -Wunused -std=gnu99 -g -O2 -MT basler.lo -MD -MP -MF .deps/basler.Tpo -c basler.c -o basler.o >/dev/null 2>&1
mv -f .deps/basler.Tpo .deps/basler.Plo
mv -f .deps/pixelink.Tpo .deps/pixelink.Plo
libtool: compile:  gcc -DHAVE_CONFIG_H -I. -I../.. -I../.. -I./.. -Wall -Wunused -std=gnu99 -g -O2 -MT avt.lo -MD -MP -MF .deps/avt.Tpo -c avt.c -o avt.o >/dev/null 2>&1
mv -f .deps/avt.Tpo .deps/avt.Plo
/bin/sh ../../libtool  --tag=CC   --mode=link gcc -I../.. -I./.. -Wall -Wunused -std=gnu99 -g -O2   -o libdc1394-vendor.la  avt.lo pixelink.lo basler.lo basler_sff_registry.lo  -lm 
libtool: link: ar cru .libs/libdc1394-vendor.a .libs/avt.o .libs/pixelink.o .libs/basler.o .libs/basler_sff_registry.o 
libtool: link: ranlib .libs/libdc1394-vendor.a
libtool: link: ( cd ".libs" && rm -f "libdc1394-vendor.la" && ln -s "../libdc1394-vendor.la" "libdc1394-vendor.la" )
make[3]: Leaving directory `/mnt/sda6/00_new-woof/petbuilds-slacko-32/builds/libdc1394/libdc1394-2.2.3/dc1394/vendor'
make[3]: Entering directory `/mnt/sda6/00_new-woof/petbuilds-slacko-32/builds/libdc1394/libdc1394-2.2.3/dc1394'
/bin/sh ../libtool  --tag=CC   --mode=compile gcc -DHAVE_CONFIG_H -I. -I..     -I.. -Wall -Wunused -std=gnu99 -g -O2 -MT control.lo -MD -MP -MF .deps/control.Tpo -c -o control.lo control.c
/bin/sh ../libtool  --tag=CC   --mode=compile gcc -DHAVE_CONFIG_H -I. -I..     -I.. -Wall -Wunused -std=gnu99 -g -O2 -MT enumeration.lo -MD -MP -MF .deps/enumeration.Tpo -c -o enumeration.lo enumeration.c
/bin/sh ../libtool  --tag=CC   --mode=compile gcc -DHAVE_CONFIG_H -I. -I..     -I.. -Wall -Wunused -std=gnu99 -g -O2 -MT capture.lo -MD -MP -MF .deps/capture.Tpo -c -o capture.lo capture.c
/bin/sh ../libtool  --tag=CC   --mode=compile gcc -DHAVE_CONFIG_H -I. -I..     -I.. -Wall -Wunused -std=gnu99 -g -O2 -MT format7.lo -MD -MP -MF .deps/format7.Tpo -c -o format7.lo format7.c
libtool: compile:  gcc -DHAVE_CONFIG_H -I. -I.. -I.. -Wall -Wunused -std=gnu99 -g -O2 -MT control.lo -MD -MP -MF .deps/control.Tpo -c control.c  -fPIC -DPIC -o .libs/control.o
libtool: compile:  gcc -DHAVE_CONFIG_H -I. -I.. -I.. -Wall -Wunused -std=gnu99 -g -O2 -MT enumeration.lo -MD -MP -MF .deps/enumeration.Tpo -c enumeration.c  -fPIC -DPIC -o .libs/enumeration.o
libtool: compile:  gcc -DHAVE_CONFIG_H -I. -I.. -I.. -Wall -Wunused -std=gnu99 -g -O2 -MT format7.lo -MD -MP -MF .deps/format7.Tpo -c format7.c  -fPIC -DPIC -o .libs/format7.o
libtool: compile:  gcc -DHAVE_CONFIG_H -I. -I.. -I.. -Wall -Wunused -std=gnu99 -g -O2 -MT capture.lo -MD -MP -MF .deps/capture.Tpo -c capture.c  -fPIC -DPIC -o .libs/capture.o
libtool: compile:  gcc -DHAVE_CONFIG_H -I. -I.. -I.. -Wall -Wunused -std=gnu99 -g -O2 -MT capture.lo -MD -MP -MF .deps/capture.Tpo -c capture.c -o capture.o >/dev/null 2>&1
mv -f .deps/capture.Tpo .deps/capture.Plo
/bin/sh ../libtool  --tag=CC   --mode=compile gcc -DHAVE_CONFIG_H -I. -I..     -I.. -Wall -Wunused -std=gnu99 -g -O2 -MT register.lo -MD -MP -MF .deps/register.Tpo -c -o register.lo register.c
libtool: compile:  gcc -DHAVE_CONFIG_H -I. -I.. -I.. -Wall -Wunused -std=gnu99 -g -O2 -MT enumeration.lo -MD -MP -MF .deps/enumeration.Tpo -c enumeration.c -o enumeration.o >/dev/null 2>&1
libtool: compile:  gcc -DHAVE_CONFIG_H -I. -I.. -I.. -Wall -Wunused -std=gnu99 -g -O2 -MT register.lo -MD -MP -MF .deps/register.Tpo -c register.c  -fPIC -DPIC -o .libs/register.o
libtool: compile:  gcc -DHAVE_CONFIG_H -I. -I.. -I.. -Wall -Wunused -std=gnu99 -g -O2 -MT register.lo -MD -MP -MF .deps/register.Tpo -c register.c -o register.o >/dev/null 2>&1
mv -f .deps/enumeration.Tpo .deps/enumeration.Plo
/bin/sh ../libtool  --tag=CC   --mode=compile gcc -DHAVE_CONFIG_H -I. -I..     -I.. -Wall -Wunused -std=gnu99 -g -O2 -MT utils.lo -MD -MP -MF .deps/utils.Tpo -c -o utils.lo utils.c
libtool: compile:  gcc -DHAVE_CONFIG_H -I. -I.. -I.. -Wall -Wunused -std=gnu99 -g -O2 -MT utils.lo -MD -MP -MF .deps/utils.Tpo -c utils.c  -fPIC -DPIC -o .libs/utils.o
mv -f .deps/register.Tpo .deps/register.Plo
/bin/sh ../libtool  --tag=CC   --mode=compile gcc -DHAVE_CONFIG_H -I. -I..     -I.. -Wall -Wunused -std=gnu99 -g -O2 -MT internal.lo -MD -MP -MF .deps/internal.Tpo -c -o internal.lo internal.c
libtool: compile:  gcc -DHAVE_CONFIG_H -I. -I.. -I.. -Wall -Wunused -std=gnu99 -g -O2 -MT utils.lo -MD -MP -MF .deps/utils.Tpo -c utils.c -o utils.o >/dev/null 2>&1
libtool: compile:  gcc -DHAVE_CONFIG_H -I. -I.. -I.. -Wall -Wunused -std=gnu99 -g -O2 -MT internal.lo -MD -MP -MF .deps/internal.Tpo -c internal.c  -fPIC -DPIC -o .libs/internal.o
mv -f .deps/utils.Tpo .deps/utils.Plo
/bin/sh ../libtool  --tag=CC   --mode=compile gcc -DHAVE_CONFIG_H -I. -I..     -I.. -Wall -Wunused -std=gnu99 -g -O2 -MT conversions.lo -MD -MP -MF .deps/conversions.Tpo -c -o conversions.lo conversions.c
libtool: compile:  gcc -DHAVE_CONFIG_H -I. -I.. -I.. -Wall -Wunused -std=gnu99 -g -O2 -MT format7.lo -MD -MP -MF .deps/format7.Tpo -c format7.c -o format7.o >/dev/null 2>&1
libtool: compile:  gcc -DHAVE_CONFIG_H -I. -I.. -I.. -Wall -Wunused -std=gnu99 -g -O2 -MT internal.lo -MD -MP -MF .deps/internal.Tpo -c internal.c -o internal.o >/dev/null 2>&1
libtool: compile:  gcc -DHAVE_CONFIG_H -I. -I.. -I.. -Wall -Wunused -std=gnu99 -g -O2 -MT conversions.lo -MD -MP -MF .deps/conversions.Tpo -c conversions.c  -fPIC -DPIC -o .libs/conversions.o
mv -f .deps/internal.Tpo .deps/internal.Plo
/bin/sh ../libtool  --tag=CC   --mode=compile gcc -DHAVE_CONFIG_H -I. -I..     -I.. -Wall -Wunused -std=gnu99 -g -O2 -MT bayer.lo -MD -MP -MF .deps/bayer.Tpo -c -o bayer.lo bayer.c
libtool: compile:  gcc -DHAVE_CONFIG_H -I. -I.. -I.. -Wall -Wunused -std=gnu99 -g -O2 -MT bayer.lo -MD -MP -MF .deps/bayer.Tpo -c bayer.c  -fPIC -DPIC -o .libs/bayer.o
mv -f .deps/format7.Tpo .deps/format7.Plo
/bin/sh ../libtool  --tag=CC   --mode=compile gcc -DHAVE_CONFIG_H -I. -I..     -I.. -Wall -Wunused -std=gnu99 -g -O2 -MT log.lo -MD -MP -MF .deps/log.Tpo -c -o log.lo log.c
libtool: compile:  gcc -DHAVE_CONFIG_H -I. -I.. -I.. -Wall -Wunused -std=gnu99 -g -O2 -MT log.lo -MD -MP -MF .deps/log.Tpo -c log.c  -fPIC -DPIC -o .libs/log.o
libtool: compile:  gcc -DHAVE_CONFIG_H -I. -I.. -I.. -Wall -Wunused -std=gnu99 -g -O2 -MT control.lo -MD -MP -MF .deps/control.Tpo -c control.c -o control.o >/dev/null 2>&1
libtool: compile:  gcc -DHAVE_CONFIG_H -I. -I.. -I.. -Wall -Wunused -std=gnu99 -g -O2 -MT log.lo -MD -MP -MF .deps/log.Tpo -c log.c -o log.o >/dev/null 2>&1
mv -f .deps/log.Tpo .deps/log.Plo
/bin/sh ../libtool  --tag=CC   --mode=compile gcc -DHAVE_CONFIG_H -I. -I..     -I.. -Wall -Wunused -std=gnu99 -g -O2 -MT iso.lo -MD -MP -MF .deps/iso.Tpo -c -o iso.lo iso.c
libtool: compile:  gcc -DHAVE_CONFIG_H -I. -I.. -I.. -Wall -Wunused -std=gnu99 -g -O2 -MT conversions.lo -MD -MP -MF .deps/conversions.Tpo -c conversions.c -o conversions.o >/dev/null 2>&1
libtool: compile:  gcc -DHAVE_CONFIG_H -I. -I.. -I.. -Wall -Wunused -std=gnu99 -g -O2 -MT iso.lo -MD -MP -MF .deps/iso.Tpo -c iso.c  -fPIC -DPIC -o .libs/iso.o
libtool: compile:  gcc -DHAVE_CONFIG_H -I. -I.. -I.. -Wall -Wunused -std=gnu99 -g -O2 -MT iso.lo -MD -MP -MF .deps/iso.Tpo -c iso.c -o iso.o >/dev/null 2>&1
mv -f .deps/iso.Tpo .deps/iso.Plo
mv -f .deps/conversions.Tpo .deps/conversions.Plo
mv -f .deps/control.Tpo .deps/control.Plo
libtool: compile:  gcc -DHAVE_CONFIG_H -I. -I.. -I.. -Wall -Wunused -std=gnu99 -g -O2 -MT bayer.lo -MD -MP -MF .deps/bayer.Tpo -c bayer.c -o bayer.o >/dev/null 2>&1
mv -f .deps/bayer.Tpo .deps/bayer.Plo
/bin/sh ../libtool  --tag=CC   --mode=link gcc  -I.. -Wall -Wunused -std=gnu99 -g -O2  -version-info 23:10:1 -export-symbols-regex '^dc1394_'  -o libdc1394.la -rpath /usr/lib control.lo enumeration.lo capture.lo format7.lo register.lo utils.lo internal.lo conversions.lo bayer.lo log.lo iso.lo  linux/libdc1394-linux.la juju/libdc1394-juju.la   usb/libdc1394-usb.la vendor/libdc1394-vendor.la -lm 
libtool: link: /usr/bin/nm -B  .libs/control.o .libs/enumeration.o .libs/capture.o .libs/format7.o .libs/register.o .libs/utils.o .libs/internal.o .libs/conversions.o .libs/bayer.o .libs/log.o .libs/iso.o   linux/.libs/libdc1394-linux.a juju/.libs/libdc1394-juju.a usb/.libs/libdc1394-usb.a vendor/.libs/libdc1394-vendor.a | sed -n -e 's/^.*[	 ]\([ABCDGIRSTW][ABCDGIRSTW]*\)[	 ][	 ]*\([_A-Za-z][_A-Za-z0-9]*\)$/\1 \2 \2/p' | sed '/ __gnu_lto/d' | /bin/sed 's/.* //' | sort | uniq > .libs/libdc1394.exp
libtool: link: /bin/grep -E -e "^dc1394_" ".libs/libdc1394.exp" > ".libs/libdc1394.expT"
libtool: link: mv -f ".libs/libdc1394.expT" ".libs/libdc1394.exp"
libtool: link: echo "{ global:" > .libs/libdc1394.ver
libtool: link:  cat .libs/libdc1394.exp | sed -e "s/\(.*\)/\1;/" >> .libs/libdc1394.ver
libtool: link:  echo "local: *; };" >> .libs/libdc1394.ver
libtool: link:  gcc -shared  -fPIC -DPIC  .libs/control.o .libs/enumeration.o .libs/capture.o .libs/format7.o .libs/register.o .libs/utils.o .libs/internal.o .libs/conversions.o .libs/bayer.o .libs/log.o .libs/iso.o  -Wl,--whole-archive linux/.libs/libdc1394-linux.a juju/.libs/libdc1394-juju.a usb/.libs/libdc1394-usb.a vendor/.libs/libdc1394-vendor.a -Wl,--no-whole-archive  /usr/lib/libraw1394.so /usr/lib/libusb-1.0.so /usr/lib/libudev.so -lrt -lm  -O2   -pthread -Wl,-soname -Wl,libdc1394.so.22 -Wl,-version-script -Wl,.libs/libdc1394.ver -o .libs/libdc1394.so.22.1.10
libtool: link: (cd ".libs" && rm -f "libdc1394.so.22" && ln -s "libdc1394.so.22.1.10" "libdc1394.so.22")
libtool: link: (cd ".libs" && rm -f "libdc1394.so" && ln -s "libdc1394.so.22.1.10" "libdc1394.so")
libtool: link: (cd .libs/libdc1394.lax/libdc1394-linux.a && ar x "/mnt/sda6/00_new-woof/petbuilds-slacko-32/builds/libdc1394/libdc1394-2.2.3/dc1394/linux/.libs/libdc1394-linux.a")
libtool: link: (cd .libs/libdc1394.lax/libdc1394-juju.a && ar x "/mnt/sda6/00_new-woof/petbuilds-slacko-32/builds/libdc1394/libdc1394-2.2.3/dc1394/juju/.libs/libdc1394-juju.a")
libtool: link: (cd .libs/libdc1394.lax/libdc1394-usb.a && ar x "/mnt/sda6/00_new-woof/petbuilds-slacko-32/builds/libdc1394/libdc1394-2.2.3/dc1394/usb/.libs/libdc1394-usb.a")
libtool: link: (cd .libs/libdc1394.lax/libdc1394-vendor.a && ar x "/mnt/sda6/00_new-woof/petbuilds-slacko-32/builds/libdc1394/libdc1394-2.2.3/dc1394/vendor/.libs/libdc1394-vendor.a")
copying selected object files to avoid basename conflicts...
libtool: link: ln .libs/libdc1394.lax/libdc1394-linux.a/capture.o .libs/libdc1394.lax/lt1-capture.o || cp .libs/libdc1394.lax/libdc1394-linux.a/capture.o .libs/libdc1394.lax/lt1-capture.o
libtool: link: ln .libs/libdc1394.lax/libdc1394-linux.a/control.o .libs/libdc1394.lax/lt2-control.o || cp .libs/libdc1394.lax/libdc1394-linux.a/control.o .libs/libdc1394.lax/lt2-control.o
libtool: link: ln .libs/libdc1394.lax/libdc1394-juju.a/capture.o .libs/libdc1394.lax/lt3-capture.o || cp .libs/libdc1394.lax/libdc1394-juju.a/capture.o .libs/libdc1394.lax/lt3-capture.o
libtool: link: ln .libs/libdc1394.lax/libdc1394-juju.a/control.o .libs/libdc1394.lax/lt4-control.o || cp .libs/libdc1394.lax/libdc1394-juju.a/control.o .libs/libdc1394.lax/lt4-control.o
libtool: link: ln .libs/libdc1394.lax/libdc1394-usb.a/capture.o .libs/libdc1394.lax/lt5-capture.o || cp .libs/libdc1394.lax/libdc1394-usb.a/capture.o .libs/libdc1394.lax/lt5-capture.o
libtool: link: ln .libs/libdc1394.lax/libdc1394-usb.a/control.o .libs/libdc1394.lax/lt6-control.o || cp .libs/libdc1394.lax/libdc1394-usb.a/control.o .libs/libdc1394.lax/lt6-control.o
libtool: link: ar cru .libs/libdc1394.a control.o enumeration.o capture.o format7.o register.o utils.o internal.o conversions.o bayer.o log.o iso.o .libs/libdc1394.lax/lt1-capture.o .libs/libdc1394.lax/lt2-control.o .libs/libdc1394.lax/lt3-capture.o .libs/libdc1394.lax/lt4-control.o .libs/libdc1394.lax/lt5-capture.o .libs/libdc1394.lax/lt6-control.o .libs/libdc1394.lax/libdc1394-vendor.a/avt.o .libs/libdc1394.lax/libdc1394-vendor.a/basler.o .libs/libdc1394.lax/libdc1394-vendor.a/basler_sff_registry.o .libs/libdc1394.lax/libdc1394-vendor.a/pixelink.o
libtool: link: ranlib .libs/libdc1394.a
libtool: link: rm -fr .libs/libdc1394.lax .libs/libdc1394.lax
libtool: link: ( cd ".libs" && rm -f "libdc1394.la" && ln -s "../libdc1394.la" "libdc1394.la" )
make[3]: Leaving directory `/mnt/sda6/00_new-woof/petbuilds-slacko-32/builds/libdc1394/libdc1394-2.2.3/dc1394'
make[2]: Leaving directory `/mnt/sda6/00_new-woof/petbuilds-slacko-32/builds/libdc1394/libdc1394-2.2.3/dc1394'
make[2]: Entering directory `/mnt/sda6/00_new-woof/petbuilds-slacko-32/builds/libdc1394/libdc1394-2.2.3'
make[2]: Leaving directory `/mnt/sda6/00_new-woof/petbuilds-slacko-32/builds/libdc1394/libdc1394-2.2.3'
make[1]: Leaving directory `/mnt/sda6/00_new-woof/petbuilds-slacko-32/builds/libdc1394/libdc1394-2.2.3'
Making install in dc1394
make[1]: Entering directory `/mnt/sda6/00_new-woof/petbuilds-slacko-32/builds/libdc1394/libdc1394-2.2.3/dc1394'
Making install in linux
make[2]: Entering directory `/mnt/sda6/00_new-woof/petbuilds-slacko-32/builds/libdc1394/libdc1394-2.2.3/dc1394/linux'
make[3]: Entering directory `/mnt/sda6/00_new-woof/petbuilds-slacko-32/builds/libdc1394/libdc1394-2.2.3/dc1394/linux'
make[3]: Nothing to be done for `install-exec-am'.
 ../.././install-sh -c -d '/mnt/sda6/00_new-woof/petbuilds-slacko-32/builds/libdc1394/libdc1394-install/usr/include/dc1394/linux'
 /usr/bin/ginstall -c -m 644 capture.h control.h '/mnt/sda6/00_new-woof/petbuilds-slacko-32/builds/libdc1394/libdc1394-install/usr/include/dc1394/linux'
make[3]: Leaving directory `/mnt/sda6/00_new-woof/petbuilds-slacko-32/builds/libdc1394/libdc1394-2.2.3/dc1394/linux'
make[2]: Leaving directory `/mnt/sda6/00_new-woof/petbuilds-slacko-32/builds/libdc1394/libdc1394-2.2.3/dc1394/linux'
Making install in juju
make[2]: Entering directory `/mnt/sda6/00_new-woof/petbuilds-slacko-32/builds/libdc1394/libdc1394-2.2.3/dc1394/juju'
make[3]: Entering directory `/mnt/sda6/00_new-woof/petbuilds-slacko-32/builds/libdc1394/libdc1394-2.2.3/dc1394/juju'
make[3]: Nothing to be done for `install-exec-am'.
make[3]: Leaving directory `/mnt/sda6/00_new-woof/petbuilds-slacko-32/builds/libdc1394/libdc1394-2.2.3/dc1394/juju'
make[2]: Leaving directory `/mnt/sda6/00_new-woof/petbuilds-slacko-32/builds/libdc1394/libdc1394-2.2.3/dc1394/juju'
Making install in macosx
make[2]: Entering directory `/mnt/sda6/00_new-woof/petbuilds-slacko-32/builds/libdc1394/libdc1394-2.2.3/dc1394/macosx'
make[3]: Entering directory `/mnt/sda6/00_new-woof/petbuilds-slacko-32/builds/libdc1394/libdc1394-2.2.3/dc1394/macosx'
make[3]: Nothing to be done for `install-exec-am'.
make[3]: Leaving directory `/mnt/sda6/00_new-woof/petbuilds-slacko-32/builds/libdc1394/libdc1394-2.2.3/dc1394/macosx'
make[2]: Leaving directory `/mnt/sda6/00_new-woof/petbuilds-slacko-32/builds/libdc1394/libdc1394-2.2.3/dc1394/macosx'
Making install in windows
make[2]: Entering directory `/mnt/sda6/00_new-woof/petbuilds-slacko-32/builds/libdc1394/libdc1394-2.2.3/dc1394/windows'
make[3]: Entering directory `/mnt/sda6/00_new-woof/petbuilds-slacko-32/builds/libdc1394/libdc1394-2.2.3/dc1394/windows'
make[3]: Nothing to be done for `install-exec-am'.
make[3]: Nothing to be done for `install-data-am'.
make[3]: Leaving directory `/mnt/sda6/00_new-woof/petbuilds-slacko-32/builds/libdc1394/libdc1394-2.2.3/dc1394/windows'
make[2]: Leaving directory `/mnt/sda6/00_new-woof/petbuilds-slacko-32/builds/libdc1394/libdc1394-2.2.3/dc1394/windows'
Making install in usb
make[2]: Entering directory `/mnt/sda6/00_new-woof/petbuilds-slacko-32/builds/libdc1394/libdc1394-2.2.3/dc1394/usb'
make[3]: Entering directory `/mnt/sda6/00_new-woof/petbuilds-slacko-32/builds/libdc1394/libdc1394-2.2.3/dc1394/usb'
make[3]: Nothing to be done for `install-exec-am'.
make[3]: Leaving directory `/mnt/sda6/00_new-woof/petbuilds-slacko-32/builds/libdc1394/libdc1394-2.2.3/dc1394/usb'
make[2]: Leaving directory `/mnt/sda6/00_new-woof/petbuilds-slacko-32/builds/libdc1394/libdc1394-2.2.3/dc1394/usb'
Making install in vendor
make[2]: Entering directory `/mnt/sda6/00_new-woof/petbuilds-slacko-32/builds/libdc1394/libdc1394-2.2.3/dc1394/vendor'
make[3]: Entering directory `/mnt/sda6/00_new-woof/petbuilds-slacko-32/builds/libdc1394/libdc1394-2.2.3/dc1394/vendor'
make[3]: Nothing to be done for `install-exec-am'.
 ../.././install-sh -c -d '/mnt/sda6/00_new-woof/petbuilds-slacko-32/builds/libdc1394/libdc1394-install/usr/include/dc1394/vendor'
 /usr/bin/ginstall -c -m 644 avt.h pixelink.h basler.h basler_sff.h '/mnt/sda6/00_new-woof/petbuilds-slacko-32/builds/libdc1394/libdc1394-install/usr/include/dc1394/vendor'
make[3]: Leaving directory `/mnt/sda6/00_new-woof/petbuilds-slacko-32/builds/libdc1394/libdc1394-2.2.3/dc1394/vendor'
make[2]: Leaving directory `/mnt/sda6/00_new-woof/petbuilds-slacko-32/builds/libdc1394/libdc1394-2.2.3/dc1394/vendor'
make[2]: Entering directory `/mnt/sda6/00_new-woof/petbuilds-slacko-32/builds/libdc1394/libdc1394-2.2.3/dc1394'
make[3]: Entering directory `/mnt/sda6/00_new-woof/petbuilds-slacko-32/builds/libdc1394/libdc1394-2.2.3/dc1394'
 .././install-sh -c -d '/mnt/sda6/00_new-woof/petbuilds-slacko-32/builds/libdc1394/libdc1394-install/usr/lib'
 /bin/sh ../libtool   --mode=install /usr/bin/ginstall -c   libdc1394.la '/mnt/sda6/00_new-woof/petbuilds-slacko-32/builds/libdc1394/libdc1394-install/usr/lib'
libtool: install: /usr/bin/ginstall -c .libs/libdc1394.so.22.1.10 /mnt/sda6/00_new-woof/petbuilds-slacko-32/builds/libdc1394/libdc1394-install/usr/lib/libdc1394.so.22.1.10
libtool: install: (cd /mnt/sda6/00_new-woof/petbuilds-slacko-32/builds/libdc1394/libdc1394-install/usr/lib && { ln -s -f libdc1394.so.22.1.10 libdc1394.so.22 || { rm -f libdc1394.so.22 && ln -s libdc1394.so.22.1.10 libdc1394.so.22; }; })
libtool: install: (cd /mnt/sda6/00_new-woof/petbuilds-slacko-32/builds/libdc1394/libdc1394-install/usr/lib && { ln -s -f libdc1394.so.22.1.10 libdc1394.so || { rm -f libdc1394.so && ln -s libdc1394.so.22.1.10 libdc1394.so; }; })
libtool: install: /usr/bin/ginstall -c .libs/libdc1394.lai /mnt/sda6/00_new-woof/petbuilds-slacko-32/builds/libdc1394/libdc1394-install/usr/lib/libdc1394.la
libtool: install: /usr/bin/ginstall -c .libs/libdc1394.a /mnt/sda6/00_new-woof/petbuilds-slacko-32/builds/libdc1394/libdc1394-install/usr/lib/libdc1394.a
libtool: install: chmod 644 /mnt/sda6/00_new-woof/petbuilds-slacko-32/builds/libdc1394/libdc1394-install/usr/lib/libdc1394.a
libtool: install: ranlib /mnt/sda6/00_new-woof/petbuilds-slacko-32/builds/libdc1394/libdc1394-install/usr/lib/libdc1394.a
libtool: install: warning: remember to run `libtool --finish /usr/lib'
 .././install-sh -c -d '/mnt/sda6/00_new-woof/petbuilds-slacko-32/builds/libdc1394/libdc1394-install/usr/include/dc1394'
 /usr/bin/ginstall -c -m 644 dc1394.h types.h camera.h control.h capture.h video.h format7.h utils.h conversions.h register.h log.h iso.h '/mnt/sda6/00_new-woof/petbuilds-slacko-32/builds/libdc1394/libdc1394-install/usr/include/dc1394'
make[3]: Leaving directory `/mnt/sda6/00_new-woof/petbuilds-slacko-32/builds/libdc1394/libdc1394-2.2.3/dc1394'
make[2]: Leaving directory `/mnt/sda6/00_new-woof/petbuilds-slacko-32/builds/libdc1394/libdc1394-2.2.3/dc1394'
make[1]: Leaving directory `/mnt/sda6/00_new-woof/petbuilds-slacko-32/builds/libdc1394/libdc1394-2.2.3/dc1394'
make[1]: Entering directory `/mnt/sda6/00_new-woof/petbuilds-slacko-32/builds/libdc1394/libdc1394-2.2.3'
make[2]: Entering directory `/mnt/sda6/00_new-woof/petbuilds-slacko-32/builds/libdc1394/libdc1394-2.2.3'
make[2]: Nothing to be done for `install-exec-am'.
 ./install-sh -c -d '/mnt/sda6/00_new-woof/petbuilds-slacko-32/builds/libdc1394/libdc1394-install/usr/lib/pkgconfig'
 /usr/bin/ginstall -c -m 644 libdc1394-2.pc '/mnt/sda6/00_new-woof/petbuilds-slacko-32/builds/libdc1394/libdc1394-install/usr/lib/pkgconfig'
make[2]: Leaving directory `/mnt/sda6/00_new-woof/petbuilds-slacko-32/builds/libdc1394/libdc1394-2.2.3'
make[1]: Leaving directory `/mnt/sda6/00_new-woof/petbuilds-slacko-32/builds/libdc1394/libdc1394-2.2.3'
/mnt/sda6/00_new-woof/petbuilds-slacko-32/builds/libdc1394
Found 'i686'
Processing ../libdc1394-install/usr/include/dc1394/camera.h
Processing ../libdc1394-install/usr/include/dc1394/capture.h
Processing ../libdc1394-install/usr/include/dc1394/control.h
Processing ../libdc1394-install/usr/include/dc1394/conversions.h
Processing ../libdc1394-install/usr/include/dc1394/dc1394.h
Processing ../libdc1394-install/usr/include/dc1394/format7.h
Processing ../libdc1394-install/usr/include/dc1394/iso.h
Processing ../libdc1394-install/usr/include/dc1394/linux/capture.h
Processing ../libdc1394-install/usr/include/dc1394/linux/control.h
Processing ../libdc1394-install/usr/include/dc1394/log.h
Processing ../libdc1394-install/usr/include/dc1394/register.h
Processing ../libdc1394-install/usr/include/dc1394/types.h
Processing ../libdc1394-install/usr/include/dc1394/utils.h
Processing ../libdc1394-install/usr/include/dc1394/vendor/avt.h
Processing ../libdc1394-install/usr/include/dc1394/vendor/basler.h
Processing ../libdc1394-install/usr/include/dc1394/vendor/basler_sff.h
Processing ../libdc1394-install/usr/include/dc1394/vendor/pixelink.h
Processing ../libdc1394-install/usr/include/dc1394/video.h
Processing ../libdc1394-install/usr/lib/libdc1394.a
Processing ../libdc1394-install/usr/lib/libdc1394.la
Processing ../libdc1394-install/usr/lib/libdc1394.so
Processing ../libdc1394-install/usr/lib/libdc1394.so.22
Processing ../libdc1394-install/usr/lib/libdc1394.so.22.1.10
Processing ../libdc1394-install/usr/lib/pkgconfig/libdc1394-2.pc
all done
packaging libdc1394-2.2.3-i686_slk600
packaging libdc1394_DEV-2.2.3-i686_slk600
done!
