libdvdcss-1.2.13/
libdvdcss-1.2.13/src/
libdvdcss-1.2.13/src/dvdcss/
libdvdcss-1.2.13/src/dvdcss/dvdcss.h
libdvdcss-1.2.13/src/libdvdcss.pc.in
libdvdcss-1.2.13/src/device.c
libdvdcss-1.2.13/src/error.c
libdvdcss-1.2.13/src/ioctl.h
libdvdcss-1.2.13/src/device.h
libdvdcss-1.2.13/src/css.h
libdvdcss-1.2.13/src/common.h
libdvdcss-1.2.13/src/csstables.h
libdvdcss-1.2.13/src/ioctl.c
libdvdcss-1.2.13/src/libdvdcss.c
libdvdcss-1.2.13/src/libdvdcss.h
libdvdcss-1.2.13/src/css.c
libdvdcss-1.2.13/README
libdvdcss-1.2.13/aclocal.m4
libdvdcss-1.2.13/configure
libdvdcss-1.2.13/config.h.in
libdvdcss-1.2.13/depcomp
libdvdcss-1.2.13/test/
libdvdcss-1.2.13/test/dvd_region.c
libdvdcss-1.2.13/test/csstest.c
libdvdcss-1.2.13/config.sub
libdvdcss-1.2.13/config.guess
libdvdcss-1.2.13/AUTHORS
libdvdcss-1.2.13/libdvdcss.spec
libdvdcss-1.2.13/NEWS
libdvdcss-1.2.13/Makefile.am
libdvdcss-1.2.13/doc/
libdvdcss-1.2.13/doc/doxygen.cfg.in
libdvdcss-1.2.13/doc/footer.html
libdvdcss-1.2.13/doc/header.html
libdvdcss-1.2.13/COPYING
libdvdcss-1.2.13/INSTALL
libdvdcss-1.2.13/configure.ac
libdvdcss-1.2.13/ChangeLog
libdvdcss-1.2.13/missing
libdvdcss-1.2.13/m4/
libdvdcss-1.2.13/m4/ltsugar.m4
libdvdcss-1.2.13/m4/lt~obsolete.m4
libdvdcss-1.2.13/m4/libtool.m4
libdvdcss-1.2.13/m4/attributes.m4
libdvdcss-1.2.13/m4/ltversion.m4
libdvdcss-1.2.13/m4/ltoptions.m4
libdvdcss-1.2.13/install-sh
libdvdcss-1.2.13/ltmain.sh
libdvdcss-1.2.13/Makefile.in
libdvdcss-1.2.13/msvc/
libdvdcss-1.2.13/msvc/libdvdcss.dsp
libdvdcss-1.2.13/msvc/workspace.dsw
libdvdcss-1.2.13/msvc/csstest.dsp
libdvdcss-1.2.13/msvc/config.h
checking build system type... i686-pc-linux-gnu
checking host system type... i686-pc-linux-gnu
checking for a BSD-compatible install... /usr/bin/ginstall -c
checking whether build environment is sane... yes
checking for a thread-safe mkdir -p... ./install-sh -c -d
checking for gawk... gawk
checking whether make sets $(MAKE)... yes
checking whether to enable maintainer-specific portions of Makefiles... yes
checking whether make supports nested variables... yes
checking how to print strings... printf
checking for style of include used by make... GNU
checking for gcc... gcc
checking whether the C compiler works... yes
checking for C compiler default output file name... a.out
checking for suffix of executables... 
checking whether we are cross compiling... no
checking for suffix of object files... o
checking whether we are using the GNU C compiler... yes
checking whether gcc accepts -g... yes
checking for gcc option to accept ISO C89... none needed
checking dependency style of gcc... gcc3
checking for a sed that does not truncate output... /bin/sed
checking for grep that handles long lines and -e... /bin/grep
checking for egrep... /bin/grep -E
checking for fgrep... /bin/grep -F
checking for ld used by gcc... /usr/i486-slackware-linux/bin/ld
checking if the linker (/usr/i486-slackware-linux/bin/ld) is GNU ld... yes
checking for BSD- or MS-compatible name lister (nm)... /usr/bin/nm -B
checking the name lister (/usr/bin/nm -B) interface... BSD nm
checking whether ln -s works... yes
checking the maximum length of command line arguments... 1572864
checking whether the shell understands some XSI constructs... yes
checking whether the shell understands "+="... yes
checking how to convert i686-pc-linux-gnu file names to i686-pc-linux-gnu format... func_convert_file_noop
checking how to convert i686-pc-linux-gnu file names to toolchain format... func_convert_file_noop
checking for /usr/i486-slackware-linux/bin/ld option to reload object files... -r
checking for objdump... objdump
checking how to recognize dependent libraries... pass_all
checking for dlltool... dlltool
checking how to associate runtime and link libraries... printf %s\n
checking for ar... ar
checking for archiver @FILE support... @
checking for strip... strip
checking for ranlib... ranlib
checking command to parse /usr/bin/nm -B output from gcc object... ok
checking for sysroot... no
checking for mt... no
checking if : is a manifest tool... no
checking how to run the C preprocessor... gcc -E
checking for ANSI C header files... yes
checking for sys/types.h... yes
checking for sys/stat.h... yes
checking for stdlib.h... yes
checking for string.h... yes
checking for memory.h... yes
checking for strings.h... yes
checking for inttypes.h... yes
checking for stdint.h... yes
checking for unistd.h... yes
checking for dlfcn.h... yes
checking for objdir... .libs
checking if gcc supports -fno-rtti -fno-exceptions... no
checking for gcc option to produce PIC... -fPIC -DPIC
checking if gcc PIC flag -fPIC -DPIC works... yes
checking if gcc static flag -static works... yes
checking if gcc supports -c -o file.o... yes
checking if gcc supports -c -o file.o... (cached) yes
checking whether the gcc linker (/usr/i486-slackware-linux/bin/ld) supports shared libraries... yes
checking whether -lc should be explicitly linked in... no
checking dynamic linker characteristics... GNU/Linux ld.so
checking how to hardcode library paths into programs... immediate
checking whether stripping libraries is possible... yes
checking if libtool supports shared libraries... yes
checking whether to build shared libraries... yes
checking whether to build static libraries... no
checking for gcc... (cached) gcc
checking whether we are using the GNU C compiler... (cached) yes
checking whether gcc accepts -g... (cached) yes
checking for gcc option to accept ISO C89... (cached) none needed
checking dependency style of gcc... (cached) gcc3
checking for ANSI C header files... (cached) yes
checking for an ANSI C-conforming const... yes
checking for inline... inline
checking for size_t... yes
checking for unistd.h... (cached) yes
checking sys/param.h usability... yes
checking sys/param.h presence... yes
checking for sys/param.h... yes
checking sys/uio.h usability... yes
checking sys/uio.h presence... yes
checking for sys/uio.h... yes
checking limits.h usability... yes
checking limits.h presence... yes
checking for limits.h... yes
checking pwd.h usability... yes
checking pwd.h presence... yes
checking for pwd.h... yes
checking errno.h usability... yes
checking errno.h presence... yes
checking for errno.h... yes
checking for sys/types.h... (cached) yes
checking for sys/stat.h... (cached) yes
checking fcntl.h usability... yes
checking fcntl.h presence... yes
checking for fcntl.h... yes
checking io.h usability... no
checking io.h presence... no
checking for io.h... no
checking whether O_BINARY is declared... no
checking for special C compiler options needed for large files... no
checking for _FILE_OFFSET_BITS value needed for large files... 64
checking for posix mkdir()... yes
checking windows.h usability... no
checking windows.h presence... no
checking for windows.h... no
checking sys/ioctl.h usability... yes
checking sys/ioctl.h presence... yes
checking for sys/ioctl.h... yes
checking sys/cdio.h usability... no
checking sys/cdio.h presence... no
checking for sys/cdio.h... no
checking sys/dvdio.h usability... no
checking sys/dvdio.h presence... no
checking for sys/dvdio.h... no
checking linux/cdrom.h usability... yes
checking linux/cdrom.h presence... yes
checking for linux/cdrom.h... yes
checking dvd.h usability... no
checking dvd.h presence... no
checking for dvd.h... no
checking sys/scsi/scsi_types.h, usability... no
checking sys/scsi/scsi_types.h, presence... no
checking for sys/scsi/scsi_types.h,... no
checking sys/scsi.h usability... no
checking sys/scsi.h presence... no
checking for sys/scsi.h... no
checking IOKit/storage/IODVDMediaBSDClient.h usability... no
checking IOKit/storage/IODVDMediaBSDClient.h presence... no
checking for IOKit/storage/IODVDMediaBSDClient.h... no
checking if gcc supports -Wall flag... yes
checking if gcc supports -Wsign-compare flag... yes
checking for gcc way to treat warnings as errors... -Werror
checking if gcc supports -fvisibility=hidden... yes
checking if gcc supports __attribute__(( visibility("default") ))... yes
checking for doxygen... no
configure: creating ./config.status
config.status: creating Makefile
config.status: creating doc/doxygen.cfg
config.status: creating src/libdvdcss.pc
config.status: creating config.h
config.status: executing depfiles commands
config.status: executing libtool commands
make  all-am
make[1]: Entering directory `/mnt/sda6/00_new-woof/petbuilds-slacko-32/builds/libdvdcss/libdvdcss-1.2.13'
  CC     src/device.lo
  CC     src/css.lo
  CC     src/ioctl.lo
  CC     src/libdvdcss.lo
  CC     src/error.lo
  CCLD   libdvdcss.la
make[1]: Leaving directory `/mnt/sda6/00_new-woof/petbuilds-slacko-32/builds/libdvdcss/libdvdcss-1.2.13'
make[1]: Entering directory `/mnt/sda6/00_new-woof/petbuilds-slacko-32/builds/libdvdcss/libdvdcss-1.2.13'
 ./install-sh -c -d '/mnt/sda6/00_new-woof/petbuilds-slacko-32/builds/libdvdcss/libdvdcss-install/usr/lib'
 /bin/sh ./libtool   --mode=install /usr/bin/ginstall -c   libdvdcss.la '/mnt/sda6/00_new-woof/petbuilds-slacko-32/builds/libdvdcss/libdvdcss-install/usr/lib'
libtool: install: /usr/bin/ginstall -c .libs/libdvdcss.so.2.1.0 /mnt/sda6/00_new-woof/petbuilds-slacko-32/builds/libdvdcss/libdvdcss-install/usr/lib/libdvdcss.so.2.1.0
libtool: install: (cd /mnt/sda6/00_new-woof/petbuilds-slacko-32/builds/libdvdcss/libdvdcss-install/usr/lib && { ln -s -f libdvdcss.so.2.1.0 libdvdcss.so.2 || { rm -f libdvdcss.so.2 && ln -s libdvdcss.so.2.1.0 libdvdcss.so.2; }; })
libtool: install: (cd /mnt/sda6/00_new-woof/petbuilds-slacko-32/builds/libdvdcss/libdvdcss-install/usr/lib && { ln -s -f libdvdcss.so.2.1.0 libdvdcss.so || { rm -f libdvdcss.so && ln -s libdvdcss.so.2.1.0 libdvdcss.so; }; })
libtool: install: /usr/bin/ginstall -c .libs/libdvdcss.lai /mnt/sda6/00_new-woof/petbuilds-slacko-32/builds/libdvdcss/libdvdcss-install/usr/lib/libdvdcss.la
libtool: install: warning: remember to run `libtool --finish /usr/lib'
 ./install-sh -c -d '/mnt/sda6/00_new-woof/petbuilds-slacko-32/builds/libdvdcss/libdvdcss-install/usr/share/doc/libdvdcss'
 /usr/bin/ginstall -c -m 644 AUTHORS COPYING NEWS README ChangeLog '/mnt/sda6/00_new-woof/petbuilds-slacko-32/builds/libdvdcss/libdvdcss-install/usr/share/doc/libdvdcss'
 ./install-sh -c -d '/mnt/sda6/00_new-woof/petbuilds-slacko-32/builds/libdvdcss/libdvdcss-install/usr/lib/pkgconfig'
 /usr/bin/ginstall -c -m 644 src/libdvdcss.pc '/mnt/sda6/00_new-woof/petbuilds-slacko-32/builds/libdvdcss/libdvdcss-install/usr/lib/pkgconfig'
 ./install-sh -c -d '/mnt/sda6/00_new-woof/petbuilds-slacko-32/builds/libdvdcss/libdvdcss-install/usr/include/dvdcss'
 /usr/bin/ginstall -c -m 644 src/dvdcss/dvdcss.h '/mnt/sda6/00_new-woof/petbuilds-slacko-32/builds/libdvdcss/libdvdcss-install/usr/include/dvdcss'
make[1]: Leaving directory `/mnt/sda6/00_new-woof/petbuilds-slacko-32/builds/libdvdcss/libdvdcss-1.2.13'
/mnt/sda6/00_new-woof/petbuilds-slacko-32/builds/libdvdcss
Found 'i686'
Processing ../libdvdcss-install/usr/include/dvdcss/dvdcss.h
Processing ../libdvdcss-install/usr/lib/libdvdcss.la
Processing ../libdvdcss-install/usr/lib/libdvdcss.so
Processing ../libdvdcss-install/usr/lib/libdvdcss.so.2
Processing ../libdvdcss-install/usr/lib/libdvdcss.so.2.1.0
Processing ../libdvdcss-install/usr/lib/pkgconfig/libdvdcss.pc
Processing ../libdvdcss-install/usr/share/doc/libdvdcss/AUTHORS
Processing ../libdvdcss-install/usr/share/doc/libdvdcss/ChangeLog
Processing ../libdvdcss-install/usr/share/doc/libdvdcss/COPYING
Processing ../libdvdcss-install/usr/share/doc/libdvdcss/NEWS
Processing ../libdvdcss-install/usr/share/doc/libdvdcss/README
all done
packaging libdvdcss-1.2.13-i686_slk600
packaging libdvdcss_DEV-1.2.13-i686_slk600
packaging libdvdcss_DOC-1.2.13-i686_slk600
done!
