libdvdplay-1.0.1/
libdvdplay-1.0.1/README
libdvdplay-1.0.1/AUTHORS
libdvdplay-1.0.1/COPYING
libdvdplay-1.0.1/ChangeLog
libdvdplay-1.0.1/INSTALL
libdvdplay-1.0.1/Makefile.am
libdvdplay-1.0.1/Makefile.in
libdvdplay-1.0.1/NEWS
libdvdplay-1.0.1/THANKS
libdvdplay-1.0.1/TODO
libdvdplay-1.0.1/aclocal.m4
libdvdplay-1.0.1/compile
libdvdplay-1.0.1/config.guess
libdvdplay-1.0.1/config.h.in
libdvdplay-1.0.1/config.sub
libdvdplay-1.0.1/configure
libdvdplay-1.0.1/configure.ac
libdvdplay-1.0.1/depcomp
libdvdplay-1.0.1/install-sh
libdvdplay-1.0.1/ltmain.sh
libdvdplay-1.0.1/missing
libdvdplay-1.0.1/mkinstalldirs
libdvdplay-1.0.1/libdvdplay.spec
libdvdplay-1.0.1/bootstrap
libdvdplay-1.0.1/src/
libdvdplay-1.0.1/src/Makefile.am
libdvdplay-1.0.1/src/Makefile.in
libdvdplay-1.0.1/src/accessor.c
libdvdplay-1.0.1/src/command.c
libdvdplay-1.0.1/src/command.h
libdvdplay-1.0.1/src/common.h
libdvdplay-1.0.1/src/dvdplay.c
libdvdplay-1.0.1/src/info.c
libdvdplay-1.0.1/src/msg.c
libdvdplay-1.0.1/src/msg.h
libdvdplay-1.0.1/src/nav.c
libdvdplay-1.0.1/src/tools.c
libdvdplay-1.0.1/src/tools.h
libdvdplay-1.0.1/src/vmg.c
libdvdplay-1.0.1/src/vmg.h
libdvdplay-1.0.1/src/dvdplay/
libdvdplay-1.0.1/src/dvdplay/dvdplay.h
libdvdplay-1.0.1/src/dvdplay/info.h
libdvdplay-1.0.1/src/dvdplay/nav.h
libdvdplay-1.0.1/src/dvdplay/state.h
libdvdplay-1.0.1/src/dvdplay/Makefile.am
libdvdplay-1.0.1/src/dvdplay/Makefile.in
libdvdplay-1.0.1/debian/
libdvdplay-1.0.1/debian/Makefile.am
libdvdplay-1.0.1/debian/Makefile.in
libdvdplay-1.0.1/debian/changelog
libdvdplay-1.0.1/debian/control
libdvdplay-1.0.1/debian/libdvdplay0-dev.dirs
libdvdplay-1.0.1/debian/libdvdplay0.copyright
libdvdplay-1.0.1/debian/libdvdplay0.dirs
libdvdplay-1.0.1/debian/rules
checking build system type... i686-pc-linux-gnu
checking host system type... i686-pc-linux-gnu
checking target system type... i686-pc-linux-gnu
checking for a BSD-compatible install... /usr/bin/ginstall -c
checking whether build environment is sane... yes
checking for gawk... gawk
checking whether make sets $(MAKE)... yes
checking for gcc... gcc
checking for C compiler default output... a.out
checking whether the C compiler works... yes
checking whether we are cross compiling... no
checking for suffix of executables... 
checking for suffix of object files... o
checking whether we are using the GNU C compiler... yes
checking whether gcc accepts -g... yes
checking for gcc option to accept ANSI C... none needed
checking for style of include used by make... GNU
checking dependency style of gcc... gcc3
checking how to run the C preprocessor... gcc -E
checking for egrep... grep -E
checking for ANSI C header files... yes
checking for ld used by GCC... /usr/i486-slackware-linux/bin/ld
checking if the linker (/usr/i486-slackware-linux/bin/ld) is GNU ld... yes
checking for /usr/i486-slackware-linux/bin/ld option to reload object files... -r
checking for BSD-compatible nm... /usr/bin/nm -B
checking for a sed that does not truncate output... /bin/sed
checking whether ln -s works... yes
checking how to recognise dependent libraries... pass_all
checking command to parse /usr/bin/nm -B output... ok
checking for sys/types.h... yes
checking for sys/stat.h... yes
checking for stdlib.h... yes
checking for string.h... yes
checking for memory.h... yes
checking for strings.h... yes
checking for inttypes.h... yes
checking for stdint.h... yes
checking for unistd.h... yes
checking dlfcn.h usability... yes
checking dlfcn.h presence... yes
checking for dlfcn.h... yes
checking for ranlib... ranlib
checking for strip... strip
checking for objdir... .libs
checking for gcc option to produce PIC... -fPIC
checking if gcc PIC flag -fPIC works... yes
checking if gcc static flag -static works... yes
checking if gcc supports -c -o file.o... yes
checking if gcc supports -c -o file.lo... yes
checking if gcc supports -fno-rtti -fno-exceptions... yes
checking whether the linker (/usr/i486-slackware-linux/bin/ld) supports shared libraries... yes
checking how to hardcode library paths into programs... immediate
checking whether stripping libraries is possible... yes
checking dynamic linker characteristics... GNU/Linux ld.so
checking if libtool supports shared libraries... yes
checking whether to build shared libraries... yes
checking whether to build static libraries... yes
checking whether -lc should be explicitly linked in... no
creating libtool
checking whether byte ordering is bigendian... no
checking for an ANSI C-conforming const... yes
checking for inline... inline
checking for size_t... yes
checking for vasprintf... yes
checking for unistd.h... (cached) yes
checking for inttypes.h... (cached) yes
checking for stdint.h... (cached) yes
configure: creating ./config.status
config.status: creating Makefile
config.status: creating src/Makefile
config.status: creating src/dvdplay/Makefile
config.status: creating debian/Makefile
config.status: creating config.h
config.status: executing depfiles commands
make  all-recursive
make[1]: Entering directory `/mnt/sda6/00_new-woof/petbuilds-slacko-32/builds/libdvdplay/libdvdplay-1.0.1'
Making all in src
make[2]: Entering directory `/mnt/sda6/00_new-woof/petbuilds-slacko-32/builds/libdvdplay/libdvdplay-1.0.1/src'
Making all in dvdplay
make[3]: Entering directory `/mnt/sda6/00_new-woof/petbuilds-slacko-32/builds/libdvdplay/libdvdplay-1.0.1/src/dvdplay'
make[3]: Nothing to be done for `all'.
make[3]: Leaving directory `/mnt/sda6/00_new-woof/petbuilds-slacko-32/builds/libdvdplay/libdvdplay-1.0.1/src/dvdplay'
make[3]: Entering directory `/mnt/sda6/00_new-woof/petbuilds-slacko-32/builds/libdvdplay/libdvdplay-1.0.1/src'
if /bin/sh ../libtool --mode=compile gcc -DHAVE_CONFIG_H -I. -I. -I..    -DTRACE -D_LARGEFILE64_SOURCE -D_FILE_OFFSET_BITS=64 -DDVDPLAY_DIST -g -O2 -MT libdvdplay_la-accessor.lo -MD -MP -MF ".deps/libdvdplay_la-accessor.Tpo" \
  -c -o libdvdplay_la-accessor.lo `test -f 'accessor.c' || echo './'`accessor.c; \
then mv ".deps/libdvdplay_la-accessor.Tpo" ".deps/libdvdplay_la-accessor.Plo"; \
else rm -f ".deps/libdvdplay_la-accessor.Tpo"; exit 1; \
fi
if /bin/sh ../libtool --mode=compile gcc -DHAVE_CONFIG_H -I. -I. -I..    -DTRACE -D_LARGEFILE64_SOURCE -D_FILE_OFFSET_BITS=64 -DDVDPLAY_DIST -g -O2 -MT libdvdplay_la-command.lo -MD -MP -MF ".deps/libdvdplay_la-command.Tpo" \
  -c -o libdvdplay_la-command.lo `test -f 'command.c' || echo './'`command.c; \
then mv ".deps/libdvdplay_la-command.Tpo" ".deps/libdvdplay_la-command.Plo"; \
else rm -f ".deps/libdvdplay_la-command.Tpo"; exit 1; \
fi
if /bin/sh ../libtool --mode=compile gcc -DHAVE_CONFIG_H -I. -I. -I..    -DTRACE -D_LARGEFILE64_SOURCE -D_FILE_OFFSET_BITS=64 -DDVDPLAY_DIST -g -O2 -MT libdvdplay_la-dvdplay.lo -MD -MP -MF ".deps/libdvdplay_la-dvdplay.Tpo" \
  -c -o libdvdplay_la-dvdplay.lo `test -f 'dvdplay.c' || echo './'`dvdplay.c; \
then mv ".deps/libdvdplay_la-dvdplay.Tpo" ".deps/libdvdplay_la-dvdplay.Plo"; \
else rm -f ".deps/libdvdplay_la-dvdplay.Tpo"; exit 1; \
fi
if /bin/sh ../libtool --mode=compile gcc -DHAVE_CONFIG_H -I. -I. -I..    -DTRACE -D_LARGEFILE64_SOURCE -D_FILE_OFFSET_BITS=64 -DDVDPLAY_DIST -g -O2 -MT libdvdplay_la-info.lo -MD -MP -MF ".deps/libdvdplay_la-info.Tpo" \
  -c -o libdvdplay_la-info.lo `test -f 'info.c' || echo './'`info.c; \
then mv ".deps/libdvdplay_la-info.Tpo" ".deps/libdvdplay_la-info.Plo"; \
else rm -f ".deps/libdvdplay_la-info.Tpo"; exit 1; \
fi
mkdir .libs
gcc -DHAVE_CONFIG_H -I. -I. -I.. -DTRACE -D_LARGEFILE64_SOURCE -D_FILE_OFFSET_BITS=64 -DDVDPLAY_DIST -g -O2 -MT libdvdplay_la-info.lo -MD -MP -MF .deps/libdvdplay_la-info.Tpo -c info.c  -fPIC -DPIC -o .libs/libdvdplay_la-info.lo
rm -f .libs/libdvdplay_la-accessor.lo
gcc -DHAVE_CONFIG_H -I. -I. -I.. -DTRACE -D_LARGEFILE64_SOURCE -D_FILE_OFFSET_BITS=64 -DDVDPLAY_DIST -g -O2 -MT libdvdplay_la-accessor.lo -MD -MP -MF .deps/libdvdplay_la-accessor.Tpo -c accessor.c  -fPIC -DPIC -o .libs/libdvdplay_la-accessor.lo
rm -f .libs/libdvdplay_la-command.lo
gcc -DHAVE_CONFIG_H -I. -I. -I.. -DTRACE -D_LARGEFILE64_SOURCE -D_FILE_OFFSET_BITS=64 -DDVDPLAY_DIST -g -O2 -MT libdvdplay_la-command.lo -MD -MP -MF .deps/libdvdplay_la-command.Tpo -c command.c  -fPIC -DPIC -o .libs/libdvdplay_la-command.lo
rm -f .libs/libdvdplay_la-dvdplay.lo
gcc -DHAVE_CONFIG_H -I. -I. -I.. -DTRACE -D_LARGEFILE64_SOURCE -D_FILE_OFFSET_BITS=64 -DDVDPLAY_DIST -g -O2 -MT libdvdplay_la-dvdplay.lo -MD -MP -MF .deps/libdvdplay_la-dvdplay.Tpo -c dvdplay.c  -fPIC -DPIC -o .libs/libdvdplay_la-dvdplay.lo
gcc -DHAVE_CONFIG_H -I. -I. -I.. -DTRACE -D_LARGEFILE64_SOURCE -D_FILE_OFFSET_BITS=64 -DDVDPLAY_DIST -g -O2 -MT libdvdplay_la-accessor.lo -MD -MP -MF .deps/libdvdplay_la-accessor.Tpo -c accessor.c -o libdvdplay_la-accessor.o >/dev/null 2>&1
gcc -DHAVE_CONFIG_H -I. -I. -I.. -DTRACE -D_LARGEFILE64_SOURCE -D_FILE_OFFSET_BITS=64 -DDVDPLAY_DIST -g -O2 -MT libdvdplay_la-dvdplay.lo -MD -MP -MF .deps/libdvdplay_la-dvdplay.Tpo -c dvdplay.c -o libdvdplay_la-dvdplay.o >/dev/null 2>&1
gcc -DHAVE_CONFIG_H -I. -I. -I.. -DTRACE -D_LARGEFILE64_SOURCE -D_FILE_OFFSET_BITS=64 -DDVDPLAY_DIST -g -O2 -MT libdvdplay_la-info.lo -MD -MP -MF .deps/libdvdplay_la-info.Tpo -c info.c -o libdvdplay_la-info.o >/dev/null 2>&1
mv -f .libs/libdvdplay_la-accessor.lo libdvdplay_la-accessor.lo
if /bin/sh ../libtool --mode=compile gcc -DHAVE_CONFIG_H -I. -I. -I..    -DTRACE -D_LARGEFILE64_SOURCE -D_FILE_OFFSET_BITS=64 -DDVDPLAY_DIST -g -O2 -MT libdvdplay_la-msg.lo -MD -MP -MF ".deps/libdvdplay_la-msg.Tpo" \
  -c -o libdvdplay_la-msg.lo `test -f 'msg.c' || echo './'`msg.c; \
then mv ".deps/libdvdplay_la-msg.Tpo" ".deps/libdvdplay_la-msg.Plo"; \
else rm -f ".deps/libdvdplay_la-msg.Tpo"; exit 1; \
fi
mv -f .libs/libdvdplay_la-dvdplay.lo libdvdplay_la-dvdplay.lo
if /bin/sh ../libtool --mode=compile gcc -DHAVE_CONFIG_H -I. -I. -I..    -DTRACE -D_LARGEFILE64_SOURCE -D_FILE_OFFSET_BITS=64 -DDVDPLAY_DIST -g -O2 -MT libdvdplay_la-nav.lo -MD -MP -MF ".deps/libdvdplay_la-nav.Tpo" \
  -c -o libdvdplay_la-nav.lo `test -f 'nav.c' || echo './'`nav.c; \
then mv ".deps/libdvdplay_la-nav.Tpo" ".deps/libdvdplay_la-nav.Plo"; \
else rm -f ".deps/libdvdplay_la-nav.Tpo"; exit 1; \
fi
mv -f .libs/libdvdplay_la-info.lo libdvdplay_la-info.lo
if /bin/sh ../libtool --mode=compile gcc -DHAVE_CONFIG_H -I. -I. -I..    -DTRACE -D_LARGEFILE64_SOURCE -D_FILE_OFFSET_BITS=64 -DDVDPLAY_DIST -g -O2 -MT libdvdplay_la-tools.lo -MD -MP -MF ".deps/libdvdplay_la-tools.Tpo" \
  -c -o libdvdplay_la-tools.lo `test -f 'tools.c' || echo './'`tools.c; \
then mv ".deps/libdvdplay_la-tools.Tpo" ".deps/libdvdplay_la-tools.Plo"; \
else rm -f ".deps/libdvdplay_la-tools.Tpo"; exit 1; \
fi
rm -f .libs/libdvdplay_la-msg.lo
gcc -DHAVE_CONFIG_H -I. -I. -I.. -DTRACE -D_LARGEFILE64_SOURCE -D_FILE_OFFSET_BITS=64 -DDVDPLAY_DIST -g -O2 -MT libdvdplay_la-msg.lo -MD -MP -MF .deps/libdvdplay_la-msg.Tpo -c msg.c  -fPIC -DPIC -o .libs/libdvdplay_la-msg.lo
rm -f .libs/libdvdplay_la-nav.lo
gcc -DHAVE_CONFIG_H -I. -I. -I.. -DTRACE -D_LARGEFILE64_SOURCE -D_FILE_OFFSET_BITS=64 -DDVDPLAY_DIST -g -O2 -MT libdvdplay_la-nav.lo -MD -MP -MF .deps/libdvdplay_la-nav.Tpo -c nav.c  -fPIC -DPIC -o .libs/libdvdplay_la-nav.lo
gcc -DHAVE_CONFIG_H -I. -I. -I.. -DTRACE -D_LARGEFILE64_SOURCE -D_FILE_OFFSET_BITS=64 -DDVDPLAY_DIST -g -O2 -MT libdvdplay_la-msg.lo -MD -MP -MF .deps/libdvdplay_la-msg.Tpo -c msg.c -o libdvdplay_la-msg.o >/dev/null 2>&1
mv -f .libs/libdvdplay_la-msg.lo libdvdplay_la-msg.lo
if /bin/sh ../libtool --mode=compile gcc -DHAVE_CONFIG_H -I. -I. -I..    -DTRACE -D_LARGEFILE64_SOURCE -D_FILE_OFFSET_BITS=64 -DDVDPLAY_DIST -g -O2 -MT libdvdplay_la-vmg.lo -MD -MP -MF ".deps/libdvdplay_la-vmg.Tpo" \
  -c -o libdvdplay_la-vmg.lo `test -f 'vmg.c' || echo './'`vmg.c; \
then mv ".deps/libdvdplay_la-vmg.Tpo" ".deps/libdvdplay_la-vmg.Plo"; \
else rm -f ".deps/libdvdplay_la-vmg.Tpo"; exit 1; \
fi
rm -f .libs/libdvdplay_la-tools.lo
gcc -DHAVE_CONFIG_H -I. -I. -I.. -DTRACE -D_LARGEFILE64_SOURCE -D_FILE_OFFSET_BITS=64 -DDVDPLAY_DIST -g -O2 -MT libdvdplay_la-tools.lo -MD -MP -MF .deps/libdvdplay_la-tools.Tpo -c tools.c  -fPIC -DPIC -o .libs/libdvdplay_la-tools.lo
gcc -DHAVE_CONFIG_H -I. -I. -I.. -DTRACE -D_LARGEFILE64_SOURCE -D_FILE_OFFSET_BITS=64 -DDVDPLAY_DIST -g -O2 -MT libdvdplay_la-tools.lo -MD -MP -MF .deps/libdvdplay_la-tools.Tpo -c tools.c -o libdvdplay_la-tools.o >/dev/null 2>&1
gcc -DHAVE_CONFIG_H -I. -I. -I.. -DTRACE -D_LARGEFILE64_SOURCE -D_FILE_OFFSET_BITS=64 -DDVDPLAY_DIST -g -O2 -MT libdvdplay_la-nav.lo -MD -MP -MF .deps/libdvdplay_la-nav.Tpo -c nav.c -o libdvdplay_la-nav.o >/dev/null 2>&1
rm -f .libs/libdvdplay_la-vmg.lo
gcc -DHAVE_CONFIG_H -I. -I. -I.. -DTRACE -D_LARGEFILE64_SOURCE -D_FILE_OFFSET_BITS=64 -DDVDPLAY_DIST -g -O2 -MT libdvdplay_la-vmg.lo -MD -MP -MF .deps/libdvdplay_la-vmg.Tpo -c vmg.c  -fPIC -DPIC -o .libs/libdvdplay_la-vmg.lo
gcc -DHAVE_CONFIG_H -I. -I. -I.. -DTRACE -D_LARGEFILE64_SOURCE -D_FILE_OFFSET_BITS=64 -DDVDPLAY_DIST -g -O2 -MT libdvdplay_la-command.lo -MD -MP -MF .deps/libdvdplay_la-command.Tpo -c command.c -o libdvdplay_la-command.o >/dev/null 2>&1
mv -f .libs/libdvdplay_la-tools.lo libdvdplay_la-tools.lo
mv -f .libs/libdvdplay_la-nav.lo libdvdplay_la-nav.lo
gcc -DHAVE_CONFIG_H -I. -I. -I.. -DTRACE -D_LARGEFILE64_SOURCE -D_FILE_OFFSET_BITS=64 -DDVDPLAY_DIST -g -O2 -MT libdvdplay_la-vmg.lo -MD -MP -MF .deps/libdvdplay_la-vmg.Tpo -c vmg.c -o libdvdplay_la-vmg.o >/dev/null 2>&1
mv -f .libs/libdvdplay_la-command.lo libdvdplay_la-command.lo
mv -f .libs/libdvdplay_la-vmg.lo libdvdplay_la-vmg.lo
/bin/sh ../libtool --mode=link gcc  -D_LARGEFILE64_SOURCE -D_FILE_OFFSET_BITS=64 -DDVDPLAY_DIST -g -O2   -o libdvdplay.la -rpath /usr/lib -version-info 0:1:0 -ldvdread libdvdplay_la-accessor.lo libdvdplay_la-command.lo libdvdplay_la-dvdplay.lo libdvdplay_la-info.lo libdvdplay_la-msg.lo libdvdplay_la-nav.lo libdvdplay_la-tools.lo libdvdplay_la-vmg.lo -ldvdread 
rm -fr .libs/libdvdplay.la .libs/libdvdplay.* .libs/libdvdplay.*
gcc -shared  libdvdplay_la-accessor.lo libdvdplay_la-command.lo libdvdplay_la-dvdplay.lo libdvdplay_la-info.lo libdvdplay_la-msg.lo libdvdplay_la-nav.lo libdvdplay_la-tools.lo libdvdplay_la-vmg.lo  /usr/lib/libdvdread.so  -Wl,-soname -Wl,libdvdplay.so.0 -o .libs/libdvdplay.so.0.0.1
(cd .libs && rm -f libdvdplay.so.0 && ln -s libdvdplay.so.0.0.1 libdvdplay.so.0)
(cd .libs && rm -f libdvdplay.so && ln -s libdvdplay.so.0.0.1 libdvdplay.so)
ar cru .libs/libdvdplay.a  libdvdplay_la-accessor.o libdvdplay_la-command.o libdvdplay_la-dvdplay.o libdvdplay_la-info.o libdvdplay_la-msg.o libdvdplay_la-nav.o libdvdplay_la-tools.o libdvdplay_la-vmg.o 
ranlib .libs/libdvdplay.a
creating libdvdplay.la
(cd .libs && rm -f libdvdplay.la && ln -s ../libdvdplay.la libdvdplay.la)
make[3]: Leaving directory `/mnt/sda6/00_new-woof/petbuilds-slacko-32/builds/libdvdplay/libdvdplay-1.0.1/src'
make[2]: Leaving directory `/mnt/sda6/00_new-woof/petbuilds-slacko-32/builds/libdvdplay/libdvdplay-1.0.1/src'
Making all in debian
make[2]: Entering directory `/mnt/sda6/00_new-woof/petbuilds-slacko-32/builds/libdvdplay/libdvdplay-1.0.1/debian'
make[2]: Nothing to be done for `all'.
make[2]: Leaving directory `/mnt/sda6/00_new-woof/petbuilds-slacko-32/builds/libdvdplay/libdvdplay-1.0.1/debian'
make[2]: Entering directory `/mnt/sda6/00_new-woof/petbuilds-slacko-32/builds/libdvdplay/libdvdplay-1.0.1'
make[2]: Leaving directory `/mnt/sda6/00_new-woof/petbuilds-slacko-32/builds/libdvdplay/libdvdplay-1.0.1'
make[1]: Leaving directory `/mnt/sda6/00_new-woof/petbuilds-slacko-32/builds/libdvdplay/libdvdplay-1.0.1'
Making install in src
make[1]: Entering directory `/mnt/sda6/00_new-woof/petbuilds-slacko-32/builds/libdvdplay/libdvdplay-1.0.1/src'
Making install in dvdplay
make[2]: Entering directory `/mnt/sda6/00_new-woof/petbuilds-slacko-32/builds/libdvdplay/libdvdplay-1.0.1/src/dvdplay'
make[3]: Entering directory `/mnt/sda6/00_new-woof/petbuilds-slacko-32/builds/libdvdplay/libdvdplay-1.0.1/src/dvdplay'
make[3]: Nothing to be done for `install-exec-am'.
/bin/sh ../../mkinstalldirs /mnt/sda6/00_new-woof/petbuilds-slacko-32/builds/libdvdplay/libdvdplay-install/usr/include/dvdplay
mkdir -p -- /mnt/sda6/00_new-woof/petbuilds-slacko-32/builds/libdvdplay/libdvdplay-install/usr/include/dvdplay
 /usr/bin/ginstall -c -m 644 dvdplay.h /mnt/sda6/00_new-woof/petbuilds-slacko-32/builds/libdvdplay/libdvdplay-install/usr/include/dvdplay/dvdplay.h
 /usr/bin/ginstall -c -m 644 info.h /mnt/sda6/00_new-woof/petbuilds-slacko-32/builds/libdvdplay/libdvdplay-install/usr/include/dvdplay/info.h
 /usr/bin/ginstall -c -m 644 nav.h /mnt/sda6/00_new-woof/petbuilds-slacko-32/builds/libdvdplay/libdvdplay-install/usr/include/dvdplay/nav.h
 /usr/bin/ginstall -c -m 644 state.h /mnt/sda6/00_new-woof/petbuilds-slacko-32/builds/libdvdplay/libdvdplay-install/usr/include/dvdplay/state.h
make[3]: Leaving directory `/mnt/sda6/00_new-woof/petbuilds-slacko-32/builds/libdvdplay/libdvdplay-1.0.1/src/dvdplay'
make[2]: Leaving directory `/mnt/sda6/00_new-woof/petbuilds-slacko-32/builds/libdvdplay/libdvdplay-1.0.1/src/dvdplay'
make[2]: Entering directory `/mnt/sda6/00_new-woof/petbuilds-slacko-32/builds/libdvdplay/libdvdplay-1.0.1/src'
make[3]: Entering directory `/mnt/sda6/00_new-woof/petbuilds-slacko-32/builds/libdvdplay/libdvdplay-1.0.1/src'
/bin/sh ../mkinstalldirs /mnt/sda6/00_new-woof/petbuilds-slacko-32/builds/libdvdplay/libdvdplay-install/usr/lib
mkdir -p -- /mnt/sda6/00_new-woof/petbuilds-slacko-32/builds/libdvdplay/libdvdplay-install/usr/lib
 /bin/sh ../libtool --mode=install /usr/bin/ginstall -c  libdvdplay.la /mnt/sda6/00_new-woof/petbuilds-slacko-32/builds/libdvdplay/libdvdplay-install/usr/lib/libdvdplay.la
/usr/bin/ginstall -c .libs/libdvdplay.so.0.0.1 /mnt/sda6/00_new-woof/petbuilds-slacko-32/builds/libdvdplay/libdvdplay-install/usr/lib/libdvdplay.so.0.0.1
(cd /mnt/sda6/00_new-woof/petbuilds-slacko-32/builds/libdvdplay/libdvdplay-install/usr/lib && rm -f libdvdplay.so.0 && ln -s libdvdplay.so.0.0.1 libdvdplay.so.0)
(cd /mnt/sda6/00_new-woof/petbuilds-slacko-32/builds/libdvdplay/libdvdplay-install/usr/lib && rm -f libdvdplay.so && ln -s libdvdplay.so.0.0.1 libdvdplay.so)
/usr/bin/ginstall -c .libs/libdvdplay.lai /mnt/sda6/00_new-woof/petbuilds-slacko-32/builds/libdvdplay/libdvdplay-install/usr/lib/libdvdplay.la
/usr/bin/ginstall -c .libs/libdvdplay.a /mnt/sda6/00_new-woof/petbuilds-slacko-32/builds/libdvdplay/libdvdplay-install/usr/lib/libdvdplay.a
ranlib /mnt/sda6/00_new-woof/petbuilds-slacko-32/builds/libdvdplay/libdvdplay-install/usr/lib/libdvdplay.a
chmod 644 /mnt/sda6/00_new-woof/petbuilds-slacko-32/builds/libdvdplay/libdvdplay-install/usr/lib/libdvdplay.a
libtool: install: warning: remember to run `libtool --finish /usr/lib'
make[3]: Nothing to be done for `install-data-am'.
make[3]: Leaving directory `/mnt/sda6/00_new-woof/petbuilds-slacko-32/builds/libdvdplay/libdvdplay-1.0.1/src'
make[2]: Leaving directory `/mnt/sda6/00_new-woof/petbuilds-slacko-32/builds/libdvdplay/libdvdplay-1.0.1/src'
make[1]: Leaving directory `/mnt/sda6/00_new-woof/petbuilds-slacko-32/builds/libdvdplay/libdvdplay-1.0.1/src'
Making install in debian
make[1]: Entering directory `/mnt/sda6/00_new-woof/petbuilds-slacko-32/builds/libdvdplay/libdvdplay-1.0.1/debian'
make[2]: Entering directory `/mnt/sda6/00_new-woof/petbuilds-slacko-32/builds/libdvdplay/libdvdplay-1.0.1/debian'
make[2]: Nothing to be done for `install-exec-am'.
make[2]: Nothing to be done for `install-data-am'.
make[2]: Leaving directory `/mnt/sda6/00_new-woof/petbuilds-slacko-32/builds/libdvdplay/libdvdplay-1.0.1/debian'
make[1]: Leaving directory `/mnt/sda6/00_new-woof/petbuilds-slacko-32/builds/libdvdplay/libdvdplay-1.0.1/debian'
make[1]: Entering directory `/mnt/sda6/00_new-woof/petbuilds-slacko-32/builds/libdvdplay/libdvdplay-1.0.1'
make[2]: Entering directory `/mnt/sda6/00_new-woof/petbuilds-slacko-32/builds/libdvdplay/libdvdplay-1.0.1'
make[2]: Nothing to be done for `install-exec-am'.
make[2]: Nothing to be done for `install-data-am'.
make[2]: Leaving directory `/mnt/sda6/00_new-woof/petbuilds-slacko-32/builds/libdvdplay/libdvdplay-1.0.1'
make[1]: Leaving directory `/mnt/sda6/00_new-woof/petbuilds-slacko-32/builds/libdvdplay/libdvdplay-1.0.1'
/mnt/sda6/00_new-woof/petbuilds-slacko-32/builds/libdvdplay
Found 'i686'
Processing ../libdvdplay-install/usr/include/dvdplay/dvdplay.h
Processing ../libdvdplay-install/usr/include/dvdplay/info.h
Processing ../libdvdplay-install/usr/include/dvdplay/nav.h
Processing ../libdvdplay-install/usr/include/dvdplay/state.h
Processing ../libdvdplay-install/usr/lib/libdvdplay.a
Processing ../libdvdplay-install/usr/lib/libdvdplay.la
Processing ../libdvdplay-install/usr/lib/libdvdplay.so
Processing ../libdvdplay-install/usr/lib/libdvdplay.so.0
Processing ../libdvdplay-install/usr/lib/libdvdplay.so.0.0.1
all done
packaging libdvdplay-1.0.1-i686_slk600
packaging libdvdplay_DEV-1.0.1-i686_slk600
done!
