libspectre-0.2.7/
libspectre-0.2.7/libspectre.pc.in
libspectre-0.2.7/README
libspectre-0.2.7/ChangeLog
libspectre-0.2.7/libspectre/
libspectre-0.2.7/libspectre/spectre-gs.c
libspectre-0.2.7/libspectre/spectre-utils.c
libspectre-0.2.7/libspectre/spectre-device.h
libspectre-0.2.7/libspectre/spectre-page.c
libspectre-0.2.7/libspectre/spectre-document.c
libspectre-0.2.7/libspectre/ps.h
libspectre-0.2.7/libspectre/spectre-exporter.c
libspectre-0.2.7/libspectre/spectre-private.h
libspectre-0.2.7/libspectre/spectre-render-context.h
libspectre-0.2.7/libspectre/spectre-exporter-ps.c
libspectre-0.2.7/libspectre/spectre-exporter-pdf.c
libspectre-0.2.7/libspectre/spectre-render-context.c
libspectre-0.2.7/libspectre/ps.c
libspectre-0.2.7/libspectre/spectre-utils.h
libspectre-0.2.7/libspectre/spectre-device.c
libspectre-0.2.7/libspectre/spectre.h
libspectre-0.2.7/libspectre/spectre-gs.h
libspectre-0.2.7/libspectre/spectre-document.h
libspectre-0.2.7/libspectre/Makefile.am
libspectre-0.2.7/libspectre/spectre-status.h
libspectre-0.2.7/libspectre/spectre-status.c
libspectre-0.2.7/libspectre/spectre-version.h
libspectre-0.2.7/libspectre/spectre-page.h
libspectre-0.2.7/libspectre/Makefile.in
libspectre-0.2.7/libspectre/spectre-macros.h
libspectre-0.2.7/libspectre/spectre-version.h.in
libspectre-0.2.7/libspectre/spectre-exporter.h
libspectre-0.2.7/INSTALL
libspectre-0.2.7/configure.ac
libspectre-0.2.7/config.sub
libspectre-0.2.7/ltmain.sh
libspectre-0.2.7/aclocal.m4
libspectre-0.2.7/AUTHORS
libspectre-0.2.7/Makefile.am
libspectre-0.2.7/Doxyfile.in
libspectre-0.2.7/test/
libspectre-0.2.7/test/parser-test.c
libspectre-0.2.7/test/spectre-test.c
libspectre-0.2.7/test/Makefile.am
libspectre-0.2.7/test/Makefile.in
libspectre-0.2.7/configure
libspectre-0.2.7/depcomp
libspectre-0.2.7/COPYING
libspectre-0.2.7/NEWS
libspectre-0.2.7/config.h.in
libspectre-0.2.7/Makefile.in
libspectre-0.2.7/install-sh
libspectre-0.2.7/missing
libspectre-0.2.7/TODO
libspectre-0.2.7/config.guess
checking for a BSD-compatible install... /usr/bin/ginstall -c
checking whether build environment is sane... yes
checking for a thread-safe mkdir -p... ./install-sh -c -d
checking for gawk... gawk
checking whether make sets $(MAKE)... yes
checking whether make supports nested variables... yes
checking whether to enable maintainer-specific portions of Makefiles... no
checking build system type... i686-pc-linux-gnu
checking host system type... i686-pc-linux-gnu
checking how to print strings... printf
checking for style of include used by make... GNU
checking for gcc... gcc
checking whether the C compiler works... yes
checking for C compiler default output file name... a.out
checking for suffix of executables... 
checking whether we are cross compiling... no
checking for suffix of object files... o
checking whether we are using the GNU C compiler... yes
checking whether gcc accepts -g... yes
checking for gcc option to accept ISO C89... none needed
checking dependency style of gcc... gcc3
checking for a sed that does not truncate output... /bin/sed
checking for grep that handles long lines and -e... /bin/grep
checking for egrep... /bin/grep -E
checking for fgrep... /bin/grep -F
checking for ld used by gcc... /usr/i486-slackware-linux/bin/ld
checking if the linker (/usr/i486-slackware-linux/bin/ld) is GNU ld... yes
checking for BSD- or MS-compatible name lister (nm)... /usr/bin/nm -B
checking the name lister (/usr/bin/nm -B) interface... BSD nm
checking whether ln -s works... yes
checking the maximum length of command line arguments... 1572864
checking whether the shell understands some XSI constructs... yes
checking whether the shell understands "+="... yes
checking how to convert i686-pc-linux-gnu file names to i686-pc-linux-gnu format... func_convert_file_noop
checking how to convert i686-pc-linux-gnu file names to toolchain format... func_convert_file_noop
checking for /usr/i486-slackware-linux/bin/ld option to reload object files... -r
checking for objdump... objdump
checking how to recognize dependent libraries... pass_all
checking for dlltool... dlltool
checking how to associate runtime and link libraries... printf %s\n
checking for ar... ar
checking for archiver @FILE support... @
checking for strip... strip
checking for ranlib... ranlib
checking command to parse /usr/bin/nm -B output from gcc object... ok
checking for sysroot... no
checking for mt... no
checking if : is a manifest tool... no
checking how to run the C preprocessor... gcc -E
checking for ANSI C header files... yes
checking for sys/types.h... yes
checking for sys/stat.h... yes
checking for stdlib.h... yes
checking for string.h... yes
checking for memory.h... yes
checking for strings.h... yes
checking for inttypes.h... yes
checking for stdint.h... yes
checking for unistd.h... yes
checking for dlfcn.h... yes
checking for objdir... .libs
checking if gcc supports -fno-rtti -fno-exceptions... no
checking for gcc option to produce PIC... -fPIC -DPIC
checking if gcc PIC flag -fPIC -DPIC works... yes
checking if gcc static flag -static works... yes
checking if gcc supports -c -o file.o... yes
checking if gcc supports -c -o file.o... (cached) yes
checking whether the gcc linker (/usr/i486-slackware-linux/bin/ld) supports shared libraries... yes
checking whether -lc should be explicitly linked in... no
checking dynamic linker characteristics... GNU/Linux ld.so
checking how to hardcode library paths into programs... immediate
checking whether stripping libraries is possible... yes
checking if libtool supports shared libraries... yes
checking whether to build shared libraries... yes
checking whether to build static libraries... yes
checking for gcc... (cached) gcc
checking whether we are using the GNU C compiler... (cached) yes
checking whether gcc accepts -g... (cached) yes
checking for gcc option to accept ISO C89... (cached) none needed
checking dependency style of gcc... (cached) gcc3
checking for library containing strerror... none required
checking for gcc option to accept ISO C99... -std=gnu99
checking for gcc -std=gnu99 option to accept ISO Standard C... (cached) -std=gnu99
checking for ANSI C header files... (cached) yes
checking whether byte ordering is bigendian... no
checking for vasprintf... yes
checking for _vscprintf... no
checking for gsapi_new_instance in -lgs... yes
checking for libgs >= 8.62... yes
checking for pkg-config... /usr/bin/pkg-config
checking pkg-config is at least version 0.9.0... yes
checking for CAIRO... yes
checking for supported warning flags... 
checking whether gcc -std=gnu99 supports -Wall... yes
checking whether gcc -std=gnu99 supports -Wextra... yes
checking whether gcc -std=gnu99 supports -Wsign-compare... yes
checking whether gcc -std=gnu99 supports -Werror-implicit-function-declaration... yes
checking whether gcc -std=gnu99 supports -Wpointer-arith... yes
checking whether gcc -std=gnu99 supports -Wstrict-prototypes... yes
checking whether gcc -std=gnu99 supports -Wmissing-prototypes... yes
checking whether gcc -std=gnu99 supports -Wmissing-declarations... yes
checking whether gcc -std=gnu99 supports -Wnested-externs... yes
checking whether gcc -std=gnu99 supports -Wpacked... yes
checking whether gcc -std=gnu99 supports -Wswitch-enum... yes
checking whether gcc -std=gnu99 supports -Wstrict-aliasing=2... yes
checking whether gcc -std=gnu99 supports -Winit-self... yes
checking whether gcc -std=gnu99 supports -Wunsafe-loop-optimizations... yes
checking whether gcc -std=gnu99 supports -Wdeclaration-after-statement... yes
checking whether gcc -std=gnu99 supports -Wno-missing-field-initializers... yes
checking whether gcc -std=gnu99 supports -Wno-unused-parameter... yes
checking whether gcc -std=gnu99 supports -Wno-attributes... yes
checking whether gcc -std=gnu99 supports -Wno-long-long... yes
checking whether gcc -std=gnu99 supports -Winline... yes
checking which warning flags were supported...  -Wall -Wextra -Wsign-compare -Werror-implicit-function-declaration -Wpointer-arith -Wstrict-prototypes -Wmissing-prototypes -Wmissing-declarations -Wnested-externs -Wpacked -Wswitch-enum -Wstrict-aliasing=2 -Winit-self -Wunsafe-loop-optimizations -Wdeclaration-after-statement -Wno-missing-field-initializers -Wno-unused-parameter -Wno-attributes -Wno-long-long -Winline
checking for an implementation of va_copy()... yes
checking for an implementation of __va_copy()... yes
checking whether va_lists can be copied by value... yes
configure: creating ./config.status
config.status: creating Makefile
config.status: creating Doxyfile
config.status: creating libspectre/Makefile
config.status: creating libspectre/spectre-version.h
config.status: creating test/Makefile
config.status: creating libspectre.pc
config.status: creating config.h
config.status: executing depfiles commands
config.status: executing libtool commands
make  all-recursive
make[1]: Entering directory `/mnt/sda6/00_new-woof/petbuilds-slacko-32/builds/libspectre/libspectre-0.2.7'
Making all in libspectre
make[2]: Entering directory `/mnt/sda6/00_new-woof/petbuilds-slacko-32/builds/libspectre/libspectre-0.2.7/libspectre'
  CC     libspectre_la-spectre-status.lo
  CC     libspectre_la-spectre-document.lo
  CC     libspectre_la-spectre-gs.lo
  CC     libspectre_la-spectre-render-context.lo
  CC     libspectre_la-spectre-device.lo
  CC     libspectre_la-spectre-page.lo
  CC     libspectre_la-spectre-exporter.lo
  CC     libspectre_la-spectre-exporter-pdf.lo
  CC     libspectre_la-spectre-exporter-ps.lo
  CC     libspectre_la-spectre-utils.lo
  CC     libspectre_la-ps.lo
ps.c: In function 'psscan':
ps.c:1193:22: warning: comparison between signed and unsigned integer expressions [-Wsign-compare]
         if (position > doc->doseps->ps_begin + doc->doseps->ps_length) {
                      ^
  CCLD   libspectre.la
make[2]: Leaving directory `/mnt/sda6/00_new-woof/petbuilds-slacko-32/builds/libspectre/libspectre-0.2.7/libspectre'
Making all in test
make[2]: Entering directory `/mnt/sda6/00_new-woof/petbuilds-slacko-32/builds/libspectre/libspectre-0.2.7/test'
  CC     spectre_test-spectre-test.o
  CC     parser_test-parser-test.o
  CCLD   parser-test
  CCLD   spectre-test
make[2]: Leaving directory `/mnt/sda6/00_new-woof/petbuilds-slacko-32/builds/libspectre/libspectre-0.2.7/test'
make[2]: Entering directory `/mnt/sda6/00_new-woof/petbuilds-slacko-32/builds/libspectre/libspectre-0.2.7'
make[2]: Leaving directory `/mnt/sda6/00_new-woof/petbuilds-slacko-32/builds/libspectre/libspectre-0.2.7'
make[1]: Leaving directory `/mnt/sda6/00_new-woof/petbuilds-slacko-32/builds/libspectre/libspectre-0.2.7'
Making install in libspectre
make[1]: Entering directory `/mnt/sda6/00_new-woof/petbuilds-slacko-32/builds/libspectre/libspectre-0.2.7/libspectre'
make[2]: Entering directory `/mnt/sda6/00_new-woof/petbuilds-slacko-32/builds/libspectre/libspectre-0.2.7/libspectre'
test -z "/usr/lib" || .././install-sh -c -d "/mnt/sda6/00_new-woof/petbuilds-slacko-32/builds/libspectre/libspectre-install/usr/lib"
 /bin/sh ../libtool   --mode=install /usr/bin/ginstall -c   libspectre.la '/mnt/sda6/00_new-woof/petbuilds-slacko-32/builds/libspectre/libspectre-install/usr/lib'
libtool: install: /usr/bin/ginstall -c .libs/libspectre.so.1.1.7 /mnt/sda6/00_new-woof/petbuilds-slacko-32/builds/libspectre/libspectre-install/usr/lib/libspectre.so.1.1.7
libtool: install: (cd /mnt/sda6/00_new-woof/petbuilds-slacko-32/builds/libspectre/libspectre-install/usr/lib && { ln -s -f libspectre.so.1.1.7 libspectre.so.1 || { rm -f libspectre.so.1 && ln -s libspectre.so.1.1.7 libspectre.so.1; }; })
libtool: install: (cd /mnt/sda6/00_new-woof/petbuilds-slacko-32/builds/libspectre/libspectre-install/usr/lib && { ln -s -f libspectre.so.1.1.7 libspectre.so || { rm -f libspectre.so && ln -s libspectre.so.1.1.7 libspectre.so; }; })
libtool: install: /usr/bin/ginstall -c .libs/libspectre.lai /mnt/sda6/00_new-woof/petbuilds-slacko-32/builds/libspectre/libspectre-install/usr/lib/libspectre.la
libtool: install: /usr/bin/ginstall -c .libs/libspectre.a /mnt/sda6/00_new-woof/petbuilds-slacko-32/builds/libspectre/libspectre-install/usr/lib/libspectre.a
libtool: install: chmod 644 /mnt/sda6/00_new-woof/petbuilds-slacko-32/builds/libspectre/libspectre-install/usr/lib/libspectre.a
libtool: install: ranlib /mnt/sda6/00_new-woof/petbuilds-slacko-32/builds/libspectre/libspectre-install/usr/lib/libspectre.a
libtool: install: warning: remember to run `libtool --finish /usr/lib'
test -z "/usr/include/libspectre" || .././install-sh -c -d "/mnt/sda6/00_new-woof/petbuilds-slacko-32/builds/libspectre/libspectre-install/usr/include/libspectre"
 /usr/bin/ginstall -c -m 644 spectre.h spectre-macros.h spectre-status.h spectre-document.h spectre-render-context.h spectre-page.h spectre-exporter.h spectre-version.h '/mnt/sda6/00_new-woof/petbuilds-slacko-32/builds/libspectre/libspectre-install/usr/include/libspectre'
make[2]: Leaving directory `/mnt/sda6/00_new-woof/petbuilds-slacko-32/builds/libspectre/libspectre-0.2.7/libspectre'
make[1]: Leaving directory `/mnt/sda6/00_new-woof/petbuilds-slacko-32/builds/libspectre/libspectre-0.2.7/libspectre'
Making install in test
make[1]: Entering directory `/mnt/sda6/00_new-woof/petbuilds-slacko-32/builds/libspectre/libspectre-0.2.7/test'
make[2]: Entering directory `/mnt/sda6/00_new-woof/petbuilds-slacko-32/builds/libspectre/libspectre-0.2.7/test'
make[2]: Nothing to be done for `install-exec-am'.
make[2]: Nothing to be done for `install-data-am'.
make[2]: Leaving directory `/mnt/sda6/00_new-woof/petbuilds-slacko-32/builds/libspectre/libspectre-0.2.7/test'
make[1]: Leaving directory `/mnt/sda6/00_new-woof/petbuilds-slacko-32/builds/libspectre/libspectre-0.2.7/test'
make[1]: Entering directory `/mnt/sda6/00_new-woof/petbuilds-slacko-32/builds/libspectre/libspectre-0.2.7'
make[2]: Entering directory `/mnt/sda6/00_new-woof/petbuilds-slacko-32/builds/libspectre/libspectre-0.2.7'
make[2]: Nothing to be done for `install-exec-am'.
test -z "/usr/lib/pkgconfig" || ./install-sh -c -d "/mnt/sda6/00_new-woof/petbuilds-slacko-32/builds/libspectre/libspectre-install/usr/lib/pkgconfig"
 /usr/bin/ginstall -c -m 644 libspectre.pc '/mnt/sda6/00_new-woof/petbuilds-slacko-32/builds/libspectre/libspectre-install/usr/lib/pkgconfig'
make[2]: Leaving directory `/mnt/sda6/00_new-woof/petbuilds-slacko-32/builds/libspectre/libspectre-0.2.7'
make[1]: Leaving directory `/mnt/sda6/00_new-woof/petbuilds-slacko-32/builds/libspectre/libspectre-0.2.7'
/mnt/sda6/00_new-woof/petbuilds-slacko-32/builds/libspectre
Found 'i686'
Processing ../libspectre-install/usr/include/libspectre/spectre-document.h
Processing ../libspectre-install/usr/include/libspectre/spectre-exporter.h
Processing ../libspectre-install/usr/include/libspectre/spectre.h
Processing ../libspectre-install/usr/include/libspectre/spectre-macros.h
Processing ../libspectre-install/usr/include/libspectre/spectre-page.h
Processing ../libspectre-install/usr/include/libspectre/spectre-render-context.h
Processing ../libspectre-install/usr/include/libspectre/spectre-status.h
Processing ../libspectre-install/usr/include/libspectre/spectre-version.h
Processing ../libspectre-install/usr/lib/libspectre.a
Processing ../libspectre-install/usr/lib/libspectre.la
Processing ../libspectre-install/usr/lib/libspectre.so
Processing ../libspectre-install/usr/lib/libspectre.so.1
Processing ../libspectre-install/usr/lib/libspectre.so.1.1.7
Processing ../libspectre-install/usr/lib/pkgconfig/libspectre.pc
all done
packaging libspectre-0.2.7-i686_slk600
packaging libspectre_DEV-0.2.7-i686_slk600
done!
