mhwaveedit-1.4.23/ABOUT-NLS
mhwaveedit-1.4.23/aclocal.m4
mhwaveedit-1.4.23/AUTHORS
mhwaveedit-1.4.23/BUGS
mhwaveedit-1.4.23/ChangeLog
mhwaveedit-1.4.23/ChangeLog.git
mhwaveedit-1.4.23/config.guess
mhwaveedit-1.4.23/config.h.in
mhwaveedit-1.4.23/config.rpath
mhwaveedit-1.4.23/config.sub
mhwaveedit-1.4.23/configure
mhwaveedit-1.4.23/configure.in
mhwaveedit-1.4.23/COPYING
mhwaveedit-1.4.23/copynotice
mhwaveedit-1.4.23/cvscompile
mhwaveedit-1.4.23/depcomp
mhwaveedit-1.4.23/docgen/
mhwaveedit-1.4.23/docgen/README.docgen
mhwaveedit-1.4.23/docgen/D11_helpout.doc
mhwaveedit-1.4.23/docgen/D05_effects.doc
mhwaveedit-1.4.23/docgen/R02_config.doc
mhwaveedit-1.4.23/docgen/O00_general.doc
mhwaveedit-1.4.23/docgen/D07_formats.doc
mhwaveedit-1.4.23/docgen/gendocs.sh
mhwaveedit-1.4.23/docgen/D02_playing.doc
mhwaveedit-1.4.23/docgen/D06_quality.doc
mhwaveedit-1.4.23/docgen/D04_editing.doc
mhwaveedit-1.4.23/docgen/D09_keyboard.doc
mhwaveedit-1.4.23/docgen/D03_recording.doc
mhwaveedit-1.4.23/docgen/D10_bugreport.doc
mhwaveedit-1.4.23/docgen/D08_files.doc
mhwaveedit-1.4.23/docgen/R00_intro.doc
mhwaveedit-1.4.23/docgen/D12_contact.doc
mhwaveedit-1.4.23/docgen/R01_install.doc
mhwaveedit-1.4.23/docgen/R03_start.doc
mhwaveedit-1.4.23/docgen/D01_view.doc
mhwaveedit-1.4.23/ext/
mhwaveedit-1.4.23/ext/ladspa.h
mhwaveedit-1.4.23/git-release.sh
mhwaveedit-1.4.23/HACKING
mhwaveedit-1.4.23/INSTALL
mhwaveedit-1.4.23/install-sh
mhwaveedit-1.4.23/m4/
mhwaveedit-1.4.23/m4/Makefile.in
mhwaveedit-1.4.23/m4/sdl.m4
mhwaveedit-1.4.23/m4/isc-posix.m4
mhwaveedit-1.4.23/m4/intdiv0.m4
mhwaveedit-1.4.23/m4/lib-link.m4
mhwaveedit-1.4.23/m4/lib-ld.m4
mhwaveedit-1.4.23/m4/ulonglong.m4
mhwaveedit-1.4.23/m4/gettext.m4
mhwaveedit-1.4.23/m4/lib-prefix.m4
mhwaveedit-1.4.23/m4/codeset.m4
mhwaveedit-1.4.23/m4/progtest.m4
mhwaveedit-1.4.23/m4/Makefile.am
mhwaveedit-1.4.23/m4/glibc21.m4
mhwaveedit-1.4.23/m4/gtk.m4
mhwaveedit-1.4.23/m4/inttypes.m4
mhwaveedit-1.4.23/m4/iconv.m4
mhwaveedit-1.4.23/m4/stdint_h.m4
mhwaveedit-1.4.23/m4/inttypes_h.m4
mhwaveedit-1.4.23/m4/inttypes-pri.m4
mhwaveedit-1.4.23/m4/uintmax_t.m4
mhwaveedit-1.4.23/m4/lcmessage.m4
mhwaveedit-1.4.23/Makefile.am
mhwaveedit-1.4.23/Makefile.in
mhwaveedit-1.4.23/mhwaveedit.1
mhwaveedit-1.4.23/missing
mhwaveedit-1.4.23/mkinstalldirs
mhwaveedit-1.4.23/NEWS
mhwaveedit-1.4.23/po/
mhwaveedit-1.4.23/po/Rules-quot
mhwaveedit-1.4.23/po/ru.po
mhwaveedit-1.4.23/po/Makefile.in.in
mhwaveedit-1.4.23/po/es.po
mhwaveedit-1.4.23/po/mkinstalldirs
mhwaveedit-1.4.23/po/it.po
mhwaveedit-1.4.23/po/mhwaveedit.pot
mhwaveedit-1.4.23/po/ru.gmo
mhwaveedit-1.4.23/po/boldquot.sed
mhwaveedit-1.4.23/po/POTFILES.in
mhwaveedit-1.4.23/po/fr.po
mhwaveedit-1.4.23/po/de.po
mhwaveedit-1.4.23/po/fr.gmo
mhwaveedit-1.4.23/po/splithelp.rb
mhwaveedit-1.4.23/po/es.gmo
mhwaveedit-1.4.23/po/Makevars
mhwaveedit-1.4.23/po/de.gmo
mhwaveedit-1.4.23/po/zh_CN.gmo
mhwaveedit-1.4.23/po/pl.gmo
mhwaveedit-1.4.23/po/insert-header.sin
mhwaveedit-1.4.23/po/sv.gmo
mhwaveedit-1.4.23/po/zh_CN.po
mhwaveedit-1.4.23/po/sv.po
mhwaveedit-1.4.23/po/quot.sed
mhwaveedit-1.4.23/po/it.gmo
mhwaveedit-1.4.23/po/pl.po
mhwaveedit-1.4.23/po/remove-potcdate.sin
mhwaveedit-1.4.23/po/LINGUAS
mhwaveedit-1.4.23/README
mhwaveedit-1.4.23/share/
mhwaveedit-1.4.23/share/pixmaps/
mhwaveedit-1.4.23/share/pixmaps/mhwaveedit.xpm
mhwaveedit-1.4.23/share/Makefile.in
mhwaveedit-1.4.23/share/applications/
mhwaveedit-1.4.23/share/applications/mhwaveedit.desktop
mhwaveedit-1.4.23/share/Makefile.am
mhwaveedit-1.4.23/src/
mhwaveedit-1.4.23/src/configdialog.c
mhwaveedit-1.4.23/src/player.h
mhwaveedit-1.4.23/src/session.h
mhwaveedit-1.4.23/src/recordformatcombo.c
mhwaveedit-1.4.23/src/speeddialog.h
mhwaveedit-1.4.23/src/Makefile.in
mhwaveedit-1.4.23/src/formatselector.c
mhwaveedit-1.4.23/src/sampleratedialog.c
mhwaveedit-1.4.23/src/effectbrowser.c
mhwaveedit-1.4.23/src/volumedialog.h
mhwaveedit-1.4.23/src/ladspacore.h
mhwaveedit-1.4.23/src/speeddialog.c
mhwaveedit-1.4.23/src/mainloop.h
mhwaveedit-1.4.23/src/button_pasteover.xpm
mhwaveedit-1.4.23/src/button_loop.xpm
mhwaveedit-1.4.23/src/historybox.h
mhwaveedit-1.4.23/src/convert_inc.c
mhwaveedit-1.4.23/src/ringbuf.h
mhwaveedit-1.4.23/src/button_delete.xpm
mhwaveedit-1.4.23/src/sandwichdialog.c
mhwaveedit-1.4.23/src/tempfile.h
mhwaveedit-1.4.23/src/formatselector.h
mhwaveedit-1.4.23/src/sound.h
mhwaveedit-1.4.23/src/gtkfiles.h
mhwaveedit-1.4.23/src/button_paste.xpm
mhwaveedit-1.4.23/src/volumedialog.c
mhwaveedit-1.4.23/src/button_bounce.xpm
mhwaveedit-1.4.23/src/chunkview.c
mhwaveedit-1.4.23/src/main.h
mhwaveedit-1.4.23/src/vu_meter.c
mhwaveedit-1.4.23/src/statusbar.c
mhwaveedit-1.4.23/src/button_playselection.xpm
mhwaveedit-1.4.23/src/rateconv.c
mhwaveedit-1.4.23/src/filetypes.c
mhwaveedit-1.4.23/src/pipedialog.c
mhwaveedit-1.4.23/src/hzoom.xbm
mhwaveedit-1.4.23/src/rateconv.h
mhwaveedit-1.4.23/src/button_cursorstart.xpm
mhwaveedit-1.4.23/src/gotodialog.h
mhwaveedit-1.4.23/src/button_copy.xpm
mhwaveedit-1.4.23/src/document.c
mhwaveedit-1.4.23/src/documentlist.h
mhwaveedit-1.4.23/src/recordformatcombo.h
mhwaveedit-1.4.23/src/sound-sun.c
mhwaveedit-1.4.23/src/sound-jack.c
mhwaveedit-1.4.23/src/ladspadialog.h
mhwaveedit-1.4.23/src/int_box.h
mhwaveedit-1.4.23/src/mainwindow.c
mhwaveedit-1.4.23/src/main.c
mhwaveedit-1.4.23/src/button_open.xpm
mhwaveedit-1.4.23/src/ringbuf.c
mhwaveedit-1.4.23/src/mainloop.c
mhwaveedit-1.4.23/src/viewcache.h
mhwaveedit-1.4.23/src/icon.xpm
mhwaveedit-1.4.23/src/bitmap.c
mhwaveedit-1.4.23/src/button_cursorend.xpm
mhwaveedit-1.4.23/src/datasource.c
mhwaveedit-1.4.23/src/int_box_marsh.c
mhwaveedit-1.4.23/src/int_box.c
mhwaveedit-1.4.23/src/sound-alsalib.c
mhwaveedit-1.4.23/src/gettext.h
mhwaveedit-1.4.23/src/sound-sdl.c
mhwaveedit-1.4.23/src/sound-oss.c
mhwaveedit-1.4.23/src/sound-pulse.c
mhwaveedit-1.4.23/src/Makefile.am
mhwaveedit-1.4.23/src/samplesizedialog.c
mhwaveedit-1.4.23/src/soxdialog.c
mhwaveedit-1.4.23/src/sound-portaudio.c
mhwaveedit-1.4.23/src/sound-artsc.c
mhwaveedit-1.4.23/src/combo.h
mhwaveedit-1.4.23/src/mapchannelsdialog.h
mhwaveedit-1.4.23/src/um.h
mhwaveedit-1.4.23/src/listobject.h
mhwaveedit-1.4.23/src/bitmap.h
mhwaveedit-1.4.23/src/combo.c
mhwaveedit-1.4.23/src/soxdialog.h
mhwaveedit-1.4.23/src/button_stop.xpm
mhwaveedit-1.4.23/src/effectdialog.c
mhwaveedit-1.4.23/src/combinechannelsdialog.h
mhwaveedit-1.4.23/src/effectdialog.h
mhwaveedit-1.4.23/src/dataformat.c
mhwaveedit-1.4.23/src/samplesizedialog.h
mhwaveedit-1.4.23/src/rawdialog.h
mhwaveedit-1.4.23/src/configdialog.h
mhwaveedit-1.4.23/src/dataformat.h
mhwaveedit-1.4.23/src/viewcache.c
mhwaveedit-1.4.23/src/float_box.c
mhwaveedit-1.4.23/src/button_redo.xpm
mhwaveedit-1.4.23/src/vu_meter.h
mhwaveedit-1.4.23/src/button_undo.xpm
mhwaveedit-1.4.23/src/chunk.h
mhwaveedit-1.4.23/src/tempfile.c
mhwaveedit-1.4.23/src/ladspadialog.c
mhwaveedit-1.4.23/src/pipedialog.h
mhwaveedit-1.4.23/src/button_save.xpm
mhwaveedit-1.4.23/src/help.c
mhwaveedit-1.4.23/src/sandwichdialog.h
mhwaveedit-1.4.23/src/button_follow.xpm
mhwaveedit-1.4.23/src/sampleratedialog.h
mhwaveedit-1.4.23/src/mainwindow.h
mhwaveedit-1.4.23/src/float_box_marsh.c
mhwaveedit-1.4.23/src/vzoom.xbm
mhwaveedit-1.4.23/src/speed.xbm
mhwaveedit-1.4.23/src/session.c
mhwaveedit-1.4.23/src/listobject.c
mhwaveedit-1.4.23/src/filetypes.h
mhwaveedit-1.4.23/src/rateest.c
mhwaveedit-1.4.23/src/historybox.c
mhwaveedit-1.4.23/src/sound-dummy.c
mhwaveedit-1.4.23/src/inifile.c
mhwaveedit-1.4.23/src/button_cut.xpm
mhwaveedit-1.4.23/src/rateest.h
mhwaveedit-1.4.23/src/chunkview.h
mhwaveedit-1.4.23/src/sound.c
mhwaveedit-1.4.23/src/recorddialog.h
mhwaveedit-1.4.23/src/help.h
mhwaveedit-1.4.23/src/mapchannelsdialog.c
mhwaveedit-1.4.23/src/datasource.h
mhwaveedit-1.4.23/src/gotodialog.c
mhwaveedit-1.4.23/src/combinechannelsdialog.c
mhwaveedit-1.4.23/src/rawdialog.c
mhwaveedit-1.4.23/src/button_mixer.xpm
mhwaveedit-1.4.23/src/button_record.xpm
mhwaveedit-1.4.23/src/um.c
mhwaveedit-1.4.23/src/inifile.h
mhwaveedit-1.4.23/src/recorddialog.c
mhwaveedit-1.4.23/src/effectbrowser.h
mhwaveedit-1.4.23/src/document.h
mhwaveedit-1.4.23/src/documentlist.c
mhwaveedit-1.4.23/src/float_box.h
mhwaveedit-1.4.23/src/sound-esound.c
mhwaveedit-1.4.23/src/player.c
mhwaveedit-1.4.23/src/button_play.xpm
mhwaveedit-1.4.23/src/ladspacore.c
mhwaveedit-1.4.23/src/statusbar.h
mhwaveedit-1.4.23/src/chunk.c
mhwaveedit-1.4.23/src/gtkfiles.c
mhwaveedit-1.4.23/TODO
checking build system type... i686-pc-linux-gnu
checking host system type... i686-pc-linux-gnu
checking target system type... i686-pc-linux-gnu
checking for a BSD-compatible install... /usr/bin/ginstall -c
checking whether build environment is sane... yes
/mnt/sda6/00_new-woof/petbuilds-slacko-32/builds/mhwaveedit/mhwaveedit-1.4.23/missing: Unknown `--is-lightweight' option
Try `/mnt/sda6/00_new-woof/petbuilds-slacko-32/builds/mhwaveedit/mhwaveedit-1.4.23/missing --help' for more information
configure: WARNING: 'missing' script is too old or missing
checking for a thread-safe mkdir -p... ./install-sh -c -d
checking for gawk... gawk
checking whether make sets $(MAKE)... yes
checking whether make supports nested variables... yes
checking for msgfmt... /usr/bin/msgfmt
checking for gmsgfmt... /usr/bin/msgfmt
checking for xgettext... /usr/bin/xgettext
checking for msgmerge... /usr/bin/msgmerge
checking for style of include used by make... GNU
checking for gcc... gcc
checking whether the C compiler works... yes
checking for C compiler default output file name... a.out
checking for suffix of executables... 
checking whether we are cross compiling... no
checking for suffix of object files... o
checking whether we are using the GNU C compiler... yes
checking whether gcc accepts -g... yes
checking for gcc option to accept ISO C89... none needed
checking dependency style of gcc... gcc3
checking for ld used by GCC... /usr/i486-slackware-linux/bin/ld
checking if the linker (/usr/i486-slackware-linux/bin/ld) is GNU ld... yes
checking for shared library run path origin... done
checking whether NLS is requested... yes
checking for GNU gettext in libc... yes
checking for pkg-config... /usr/bin/pkg-config
checking pkg-config is at least version 0.9.0... yes
checking for gcc... (cached) gcc
checking whether we are using the GNU C compiler... (cached) yes
checking whether gcc accepts -g... (cached) yes
checking for gcc option to accept ISO C89... (cached) none needed
checking dependency style of gcc... (cached) gcc3
checking how to run the C preprocessor... gcc -E
checking for grep that handles long lines and -e... /bin/grep
checking for egrep... /bin/grep -E
checking whether gcc needs -traditional... no
checking whether ln -s works... yes
checking whether make sets $(MAKE)... (cached) yes
checking for main in -libs... no
checking for round in -lm... yes
checking for pthread_create in -lpthread... yes
checking for SNDFILE... yes
checking for LIBSAMPLERATE... yes
checking for ANSI C header files... yes
checking for sys/types.h... yes
checking for sys/stat.h... yes
checking for stdlib.h... yes
checking for string.h... yes
checking for memory.h... yes
checking for strings.h... yes
checking for inttypes.h... yes
checking for stdint.h... yes
checking for unistd.h... yes
checking portaudio.h usability... no
checking portaudio.h presence... no
checking for portaudio.h... no
checking for sdl-config... /usr/bin/sdl-config
checking for SDL - version >= 1.2.3... yes
checking for snd_pcm_open in -lasound... yes
checking alsa/asoundlib.h usability... yes
checking alsa/asoundlib.h presence... yes
checking for alsa/asoundlib.h... yes
checking for _oss_ioctl in -lossaudio... no
checking soundcard.h usability... no
checking soundcard.h presence... no
checking for soundcard.h... no
checking sys/soundcard.h usability... yes
checking sys/soundcard.h presence... yes
checking for sys/soundcard.h... yes
checking for JACK... no
checking for PULSE... no
checking for ESOUND... yes
checking sys/audio.h usability... no
checking sys/audio.h presence... no
checking for sys/audio.h... no
checking for artsc-config... no
checking for pkg-config... /usr/bin/pkg-config
checking for GTK+ - version >= 2.0.0... yes (version 2.24.20)
checking for GTHREAD... yes
checking for special C compiler options needed for large files... no
checking for _FILE_OFFSET_BITS value needed for large files... 64
checking size of off_t... 8
checking for ANSI C header files... (cached) yes
checking sys/time.h usability... yes
checking sys/time.h presence... yes
checking for sys/time.h... yes
checking time.h usability... yes
checking time.h presence... yes
checking for time.h... yes
checking sys/ioctl.h usability... yes
checking sys/ioctl.h presence... yes
checking for sys/ioctl.h... yes
checking for sys/types.h... (cached) yes
checking for unistd.h... (cached) yes
checking fcntl.h usability... yes
checking fcntl.h presence... yes
checking for fcntl.h... yes
checking sched.h usability... yes
checking sched.h presence... yes
checking for sched.h... yes
checking libintl.h usability... yes
checking libintl.h presence... yes
checking for libintl.h... yes
checking locale.h usability... yes
checking locale.h presence... yes
checking for locale.h... yes
checking ladspa.h usability... no
checking ladspa.h presence... no
checking for ladspa.h... no
checking dlfcn.h usability... yes
checking dlfcn.h presence... yes
checking for dlfcn.h... yes
checking for dlopen in -ldl... yes
checking for size_t... yes
checking for off_t... yes
checking for pid_t... yes
checking return type of signal handlers... void
checking whether time.h and sys/time.h may both be included... yes
checking for dirent.h that defines DIR... yes
checking for library containing opendir... none required
checking for sys/wait.h that is POSIX.1 compatible... yes
checking for an ANSI C-conforming const... yes
checking for working volatile... yes
checking whether unsetenv returns a value... yes
checking for working memcmp... yes
checking for gettimeofday... yes
checking for mkdir... yes
checking for strerror... yes
checking for strtod... yes
checking for strtol... yes
checking for sched_yield... yes
checking for ceill... yes
checking for setlocale... yes
checking for fseeko... yes
checking for ftello... yes
checking for lrint... yes
checking for lrintf... yes
checking for dup2... yes
checking for memchr... yes
checking for memmove... yes
checking for memset... yes
checking for pow... yes
checking for putenv... yes
checking for select... yes
checking for sqrt... yes
checking for strchr... yes
checking for strrchr... yes
checking for strstr... yes
checking for strtoul... yes
checking whether closedir returns void... no
checking vfork.h usability... no
checking vfork.h presence... no
checking for vfork.h... no
checking for fork... yes
checking for vfork... yes
checking for working fork... yes
checking for working vfork... (cached) yes
checking sys/select.h usability... yes
checking sys/select.h presence... yes
checking for sys/select.h... yes
checking sys/socket.h usability... yes
checking sys/socket.h presence... yes
checking for sys/socket.h... yes
checking types of arguments for select... int,fd_set *,struct timeval *
checking whether lstat correctly handles trailing slash... yes
checking whether stat accepts an empty string... no
checking for working strtod... (cached) yes
checking that generated files are newer than configure... done
configure: creating ./config.status
config.status: creating Makefile
config.status: creating src/Makefile
config.status: creating po/Makefile.in
config.status: WARNING:  'po/Makefile.in.in' seems to ignore the --datarootdir setting
config.status: creating m4/Makefile
config.status: creating share/Makefile
config.status: creating config.h
config.status: executing default-1 commands
config.status: creating po/POTFILES
config.status: creating po/Makefile
config.status: executing depfiles commands


------------------------
mhWaveEdit configuration
------------------------

Version: 1.4.23

Libraries: 
  GTK+ version:           2.x
  Libsndfile:             yes
  Libsamplerate:          yes

Sound drivers:
  Included drivers:       OSS ALSA SDL EsounD
  Drivers not included:   JACK Sun PortAudio aRts PulseAudio
  Default sound driver:   auto (detect at startup)

Other settings:
  LADSPA Support:         yes
    ladspa.h header file: local
    Default plugin path:  /usr/lib/ladspa:/usr/local/lib/ladspa
  Floating-point samples: normal precision
  Default mixer app:      xmixer
  Compiler options:       -g -O2

Type make (or gmake) to compile mhWaveEdit!
make  all-recursive
make[1]: Entering directory `/mnt/sda6/00_new-woof/petbuilds-slacko-32/builds/mhwaveedit/mhwaveedit-1.4.23'
Making all in m4
make[2]: Entering directory `/mnt/sda6/00_new-woof/petbuilds-slacko-32/builds/mhwaveedit/mhwaveedit-1.4.23/m4'
make[2]: Nothing to be done for `all'.
make[2]: Leaving directory `/mnt/sda6/00_new-woof/petbuilds-slacko-32/builds/mhwaveedit/mhwaveedit-1.4.23/m4'
Making all in po
make[2]: Entering directory `/mnt/sda6/00_new-woof/petbuilds-slacko-32/builds/mhwaveedit/mhwaveedit-1.4.23/po'
make[2]: Nothing to be done for `all'.
make[2]: Leaving directory `/mnt/sda6/00_new-woof/petbuilds-slacko-32/builds/mhwaveedit/mhwaveedit-1.4.23/po'
Making all in src
make[2]: Entering directory `/mnt/sda6/00_new-woof/petbuilds-slacko-32/builds/mhwaveedit/mhwaveedit-1.4.23/src'
gcc -DHAVE_CONFIG_H -I. -I.. -pthread -I/usr/include/gtk-2.0 -I/usr/lib/gtk-2.0/include -I/usr/include/atk-1.0 -I/usr/include/cairo -I/usr/include/gdk-pixbuf-2.0 -I/usr/include/pango-1.0 -I/usr/include/glib-2.0 -I/usr/lib/glib-2.0/include -I/usr/include/pixman-1 -I/usr/include/freetype2 -I/usr/include/libpng14 -I/usr/include/libdrm -I/usr/include/harfbuzz   -I/usr/include/SDL -D_GNU_SOURCE=1 -D_REENTRANT -pthread -I/usr/include/glib-2.0 -I/usr/lib/glib-2.0/include    -DLOCALEDIR=\"/usr/share/locale\"   -g -O2 -MT chunk.o -MD -MP -MF .deps/chunk.Tpo -c -o chunk.o chunk.c
gcc -DHAVE_CONFIG_H -I. -I.. -pthread -I/usr/include/gtk-2.0 -I/usr/lib/gtk-2.0/include -I/usr/include/atk-1.0 -I/usr/include/cairo -I/usr/include/gdk-pixbuf-2.0 -I/usr/include/pango-1.0 -I/usr/include/glib-2.0 -I/usr/lib/glib-2.0/include -I/usr/include/pixman-1 -I/usr/include/freetype2 -I/usr/include/libpng14 -I/usr/include/libdrm -I/usr/include/harfbuzz   -I/usr/include/SDL -D_GNU_SOURCE=1 -D_REENTRANT -pthread -I/usr/include/glib-2.0 -I/usr/lib/glib-2.0/include    -DLOCALEDIR=\"/usr/share/locale\"   -g -O2 -MT int_box.o -MD -MP -MF .deps/int_box.Tpo -c -o int_box.o int_box.c
gcc -DHAVE_CONFIG_H -I. -I.. -pthread -I/usr/include/gtk-2.0 -I/usr/lib/gtk-2.0/include -I/usr/include/atk-1.0 -I/usr/include/cairo -I/usr/include/gdk-pixbuf-2.0 -I/usr/include/pango-1.0 -I/usr/include/glib-2.0 -I/usr/lib/glib-2.0/include -I/usr/include/pixman-1 -I/usr/include/freetype2 -I/usr/include/libpng14 -I/usr/include/libdrm -I/usr/include/harfbuzz   -I/usr/include/SDL -D_GNU_SOURCE=1 -D_REENTRANT -pthread -I/usr/include/glib-2.0 -I/usr/lib/glib-2.0/include    -DLOCALEDIR=\"/usr/share/locale\"   -g -O2 -MT sound.o -MD -MP -MF .deps/sound.Tpo -c -o sound.o sound.c
gcc -DHAVE_CONFIG_H -I. -I.. -pthread -I/usr/include/gtk-2.0 -I/usr/lib/gtk-2.0/include -I/usr/include/atk-1.0 -I/usr/include/cairo -I/usr/include/gdk-pixbuf-2.0 -I/usr/include/pango-1.0 -I/usr/include/glib-2.0 -I/usr/lib/glib-2.0/include -I/usr/include/pixman-1 -I/usr/include/freetype2 -I/usr/include/libpng14 -I/usr/include/libdrm -I/usr/include/harfbuzz   -I/usr/include/SDL -D_GNU_SOURCE=1 -D_REENTRANT -pthread -I/usr/include/glib-2.0 -I/usr/lib/glib-2.0/include    -DLOCALEDIR=\"/usr/share/locale\"   -g -O2 -MT speeddialog.o -MD -MP -MF .deps/speeddialog.Tpo -c -o speeddialog.o speeddialog.c
mv -f .deps/int_box.Tpo .deps/int_box.Po
gcc -DHAVE_CONFIG_H -I. -I.. -pthread -I/usr/include/gtk-2.0 -I/usr/lib/gtk-2.0/include -I/usr/include/atk-1.0 -I/usr/include/cairo -I/usr/include/gdk-pixbuf-2.0 -I/usr/include/pango-1.0 -I/usr/include/glib-2.0 -I/usr/lib/glib-2.0/include -I/usr/include/pixman-1 -I/usr/include/freetype2 -I/usr/include/libpng14 -I/usr/include/libdrm -I/usr/include/harfbuzz   -I/usr/include/SDL -D_GNU_SOURCE=1 -D_REENTRANT -pthread -I/usr/include/glib-2.0 -I/usr/lib/glib-2.0/include    -DLOCALEDIR=\"/usr/share/locale\"   -g -O2 -MT chunkview.o -MD -MP -MF .deps/chunkview.Tpo -c -o chunkview.o chunkview.c
mv -f .deps/speeddialog.Tpo .deps/speeddialog.Po
gcc -DHAVE_CONFIG_H -I. -I.. -pthread -I/usr/include/gtk-2.0 -I/usr/lib/gtk-2.0/include -I/usr/include/atk-1.0 -I/usr/include/cairo -I/usr/include/gdk-pixbuf-2.0 -I/usr/include/pango-1.0 -I/usr/include/glib-2.0 -I/usr/lib/glib-2.0/include -I/usr/include/pixman-1 -I/usr/include/freetype2 -I/usr/include/libpng14 -I/usr/include/libdrm -I/usr/include/harfbuzz   -I/usr/include/SDL -D_GNU_SOURCE=1 -D_REENTRANT -pthread -I/usr/include/glib-2.0 -I/usr/lib/glib-2.0/include    -DLOCALEDIR=\"/usr/share/locale\"   -g -O2 -MT main.o -MD -MP -MF .deps/main.Tpo -c -o main.o main.c
main.c: In function ‘main’:
main.c:132:6: warning: ‘g_thread_init’ is deprecated (declared at /usr/include/glib-2.0/glib/deprecated/gthread.h:260) [-Wdeprecated-declarations]
      g_thread_init(NULL);
      ^
mv -f .deps/chunk.Tpo .deps/chunk.Po
gcc -DHAVE_CONFIG_H -I. -I.. -pthread -I/usr/include/gtk-2.0 -I/usr/lib/gtk-2.0/include -I/usr/include/atk-1.0 -I/usr/include/cairo -I/usr/include/gdk-pixbuf-2.0 -I/usr/include/pango-1.0 -I/usr/include/glib-2.0 -I/usr/lib/glib-2.0/include -I/usr/include/pixman-1 -I/usr/include/freetype2 -I/usr/include/libpng14 -I/usr/include/libdrm -I/usr/include/harfbuzz   -I/usr/include/SDL -D_GNU_SOURCE=1 -D_REENTRANT -pthread -I/usr/include/glib-2.0 -I/usr/lib/glib-2.0/include    -DLOCALEDIR=\"/usr/share/locale\"   -g -O2 -MT um.o -MD -MP -MF .deps/um.Tpo -c -o um.o um.c
mv -f .deps/chunkview.Tpo .deps/chunkview.Po
gcc -DHAVE_CONFIG_H -I. -I.. -pthread -I/usr/include/gtk-2.0 -I/usr/lib/gtk-2.0/include -I/usr/include/atk-1.0 -I/usr/include/cairo -I/usr/include/gdk-pixbuf-2.0 -I/usr/include/pango-1.0 -I/usr/include/glib-2.0 -I/usr/lib/glib-2.0/include -I/usr/include/pixman-1 -I/usr/include/freetype2 -I/usr/include/libpng14 -I/usr/include/libdrm -I/usr/include/harfbuzz   -I/usr/include/SDL -D_GNU_SOURCE=1 -D_REENTRANT -pthread -I/usr/include/glib-2.0 -I/usr/lib/glib-2.0/include    -DLOCALEDIR=\"/usr/share/locale\"   -g -O2 -MT effectdialog.o -MD -MP -MF .deps/effectdialog.Tpo -c -o effectdialog.o effectdialog.c
mv -f .deps/sound.Tpo .deps/sound.Po
gcc -DHAVE_CONFIG_H -I. -I.. -pthread -I/usr/include/gtk-2.0 -I/usr/lib/gtk-2.0/include -I/usr/include/atk-1.0 -I/usr/include/cairo -I/usr/include/gdk-pixbuf-2.0 -I/usr/include/pango-1.0 -I/usr/include/glib-2.0 -I/usr/lib/glib-2.0/include -I/usr/include/pixman-1 -I/usr/include/freetype2 -I/usr/include/libpng14 -I/usr/include/libdrm -I/usr/include/harfbuzz   -I/usr/include/SDL -D_GNU_SOURCE=1 -D_REENTRANT -pthread -I/usr/include/glib-2.0 -I/usr/lib/glib-2.0/include    -DLOCALEDIR=\"/usr/share/locale\"   -g -O2 -MT mainwindow.o -MD -MP -MF .deps/mainwindow.Tpo -c -o mainwindow.o mainwindow.c
mv -f .deps/main.Tpo .deps/main.Po
gcc -DHAVE_CONFIG_H -I. -I.. -pthread -I/usr/include/gtk-2.0 -I/usr/lib/gtk-2.0/include -I/usr/include/atk-1.0 -I/usr/include/cairo -I/usr/include/gdk-pixbuf-2.0 -I/usr/include/pango-1.0 -I/usr/include/glib-2.0 -I/usr/lib/glib-2.0/include -I/usr/include/pixman-1 -I/usr/include/freetype2 -I/usr/include/libpng14 -I/usr/include/libdrm -I/usr/include/harfbuzz   -I/usr/include/SDL -D_GNU_SOURCE=1 -D_REENTRANT -pthread -I/usr/include/glib-2.0 -I/usr/lib/glib-2.0/include    -DLOCALEDIR=\"/usr/share/locale\"   -g -O2 -MT ringbuf.o -MD -MP -MF .deps/ringbuf.Tpo -c -o ringbuf.o ringbuf.c
mv -f .deps/ringbuf.Tpo .deps/ringbuf.Po
gcc -DHAVE_CONFIG_H -I. -I.. -pthread -I/usr/include/gtk-2.0 -I/usr/lib/gtk-2.0/include -I/usr/include/atk-1.0 -I/usr/include/cairo -I/usr/include/gdk-pixbuf-2.0 -I/usr/include/pango-1.0 -I/usr/include/glib-2.0 -I/usr/lib/glib-2.0/include -I/usr/include/pixman-1 -I/usr/include/freetype2 -I/usr/include/libpng14 -I/usr/include/libdrm -I/usr/include/harfbuzz   -I/usr/include/SDL -D_GNU_SOURCE=1 -D_REENTRANT -pthread -I/usr/include/glib-2.0 -I/usr/lib/glib-2.0/include    -DLOCALEDIR=\"/usr/share/locale\"   -g -O2 -MT volumedialog.o -MD -MP -MF .deps/volumedialog.Tpo -c -o volumedialog.o volumedialog.c
mv -f .deps/um.Tpo .deps/um.Po
gcc -DHAVE_CONFIG_H -I. -I.. -pthread -I/usr/include/gtk-2.0 -I/usr/lib/gtk-2.0/include -I/usr/include/atk-1.0 -I/usr/include/cairo -I/usr/include/gdk-pixbuf-2.0 -I/usr/include/pango-1.0 -I/usr/include/glib-2.0 -I/usr/lib/glib-2.0/include -I/usr/include/pixman-1 -I/usr/include/freetype2 -I/usr/include/libpng14 -I/usr/include/libdrm -I/usr/include/harfbuzz   -I/usr/include/SDL -D_GNU_SOURCE=1 -D_REENTRANT -pthread -I/usr/include/glib-2.0 -I/usr/lib/glib-2.0/include    -DLOCALEDIR=\"/usr/share/locale\"   -g -O2 -MT float_box.o -MD -MP -MF .deps/float_box.Tpo -c -o float_box.o float_box.c
mv -f .deps/effectdialog.Tpo .deps/effectdialog.Po
gcc -DHAVE_CONFIG_H -I. -I.. -pthread -I/usr/include/gtk-2.0 -I/usr/lib/gtk-2.0/include -I/usr/include/atk-1.0 -I/usr/include/cairo -I/usr/include/gdk-pixbuf-2.0 -I/usr/include/pango-1.0 -I/usr/include/glib-2.0 -I/usr/lib/glib-2.0/include -I/usr/include/pixman-1 -I/usr/include/freetype2 -I/usr/include/libpng14 -I/usr/include/libdrm -I/usr/include/harfbuzz   -I/usr/include/SDL -D_GNU_SOURCE=1 -D_REENTRANT -pthread -I/usr/include/glib-2.0 -I/usr/lib/glib-2.0/include    -DLOCALEDIR=\"/usr/share/locale\"   -g -O2 -MT player.o -MD -MP -MF .deps/player.Tpo -c -o player.o player.c
mv -f .deps/volumedialog.Tpo .deps/volumedialog.Po
gcc -DHAVE_CONFIG_H -I. -I.. -pthread -I/usr/include/gtk-2.0 -I/usr/lib/gtk-2.0/include -I/usr/include/atk-1.0 -I/usr/include/cairo -I/usr/include/gdk-pixbuf-2.0 -I/usr/include/pango-1.0 -I/usr/include/glib-2.0 -I/usr/lib/glib-2.0/include -I/usr/include/pixman-1 -I/usr/include/freetype2 -I/usr/include/libpng14 -I/usr/include/libdrm -I/usr/include/harfbuzz   -I/usr/include/SDL -D_GNU_SOURCE=1 -D_REENTRANT -pthread -I/usr/include/glib-2.0 -I/usr/lib/glib-2.0/include    -DLOCALEDIR=\"/usr/share/locale\"   -g -O2 -MT sampleratedialog.o -MD -MP -MF .deps/sampleratedialog.Tpo -c -o sampleratedialog.o sampleratedialog.c
mv -f .deps/float_box.Tpo .deps/float_box.Po
gcc -DHAVE_CONFIG_H -I. -I.. -pthread -I/usr/include/gtk-2.0 -I/usr/lib/gtk-2.0/include -I/usr/include/atk-1.0 -I/usr/include/cairo -I/usr/include/gdk-pixbuf-2.0 -I/usr/include/pango-1.0 -I/usr/include/glib-2.0 -I/usr/lib/glib-2.0/include -I/usr/include/pixman-1 -I/usr/include/freetype2 -I/usr/include/libpng14 -I/usr/include/libdrm -I/usr/include/harfbuzz   -I/usr/include/SDL -D_GNU_SOURCE=1 -D_REENTRANT -pthread -I/usr/include/glib-2.0 -I/usr/lib/glib-2.0/include    -DLOCALEDIR=\"/usr/share/locale\"   -g -O2 -MT gtkfiles.o -MD -MP -MF .deps/gtkfiles.Tpo -c -o gtkfiles.o gtkfiles.c
mv -f .deps/player.Tpo .deps/player.Po
gcc -DHAVE_CONFIG_H -I. -I.. -pthread -I/usr/include/gtk-2.0 -I/usr/lib/gtk-2.0/include -I/usr/include/atk-1.0 -I/usr/include/cairo -I/usr/include/gdk-pixbuf-2.0 -I/usr/include/pango-1.0 -I/usr/include/glib-2.0 -I/usr/lib/glib-2.0/include -I/usr/include/pixman-1 -I/usr/include/freetype2 -I/usr/include/libpng14 -I/usr/include/libdrm -I/usr/include/harfbuzz   -I/usr/include/SDL -D_GNU_SOURCE=1 -D_REENTRANT -pthread -I/usr/include/glib-2.0 -I/usr/lib/glib-2.0/include    -DLOCALEDIR=\"/usr/share/locale\"   -g -O2 -MT samplesizedialog.o -MD -MP -MF .deps/samplesizedialog.Tpo -c -o samplesizedialog.o samplesizedialog.c
mv -f .deps/sampleratedialog.Tpo .deps/sampleratedialog.Po
gcc -DHAVE_CONFIG_H -I. -I.. -pthread -I/usr/include/gtk-2.0 -I/usr/lib/gtk-2.0/include -I/usr/include/atk-1.0 -I/usr/include/cairo -I/usr/include/gdk-pixbuf-2.0 -I/usr/include/pango-1.0 -I/usr/include/glib-2.0 -I/usr/lib/glib-2.0/include -I/usr/include/pixman-1 -I/usr/include/freetype2 -I/usr/include/libpng14 -I/usr/include/libdrm -I/usr/include/harfbuzz   -I/usr/include/SDL -D_GNU_SOURCE=1 -D_REENTRANT -pthread -I/usr/include/glib-2.0 -I/usr/lib/glib-2.0/include    -DLOCALEDIR=\"/usr/share/locale\"   -g -O2 -MT formatselector.o -MD -MP -MF .deps/formatselector.Tpo -c -o formatselector.o formatselector.c
mv -f .deps/gtkfiles.Tpo .deps/gtkfiles.Po
gcc -DHAVE_CONFIG_H -I. -I.. -pthread -I/usr/include/gtk-2.0 -I/usr/lib/gtk-2.0/include -I/usr/include/atk-1.0 -I/usr/include/cairo -I/usr/include/gdk-pixbuf-2.0 -I/usr/include/pango-1.0 -I/usr/include/glib-2.0 -I/usr/lib/glib-2.0/include -I/usr/include/pixman-1 -I/usr/include/freetype2 -I/usr/include/libpng14 -I/usr/include/libdrm -I/usr/include/harfbuzz   -I/usr/include/SDL -D_GNU_SOURCE=1 -D_REENTRANT -pthread -I/usr/include/glib-2.0 -I/usr/lib/glib-2.0/include    -DLOCALEDIR=\"/usr/share/locale\"   -g -O2 -MT recorddialog.o -MD -MP -MF .deps/recorddialog.Tpo -c -o recorddialog.o recorddialog.c
mv -f .deps/samplesizedialog.Tpo .deps/samplesizedialog.Po
gcc -DHAVE_CONFIG_H -I. -I.. -pthread -I/usr/include/gtk-2.0 -I/usr/lib/gtk-2.0/include -I/usr/include/atk-1.0 -I/usr/include/cairo -I/usr/include/gdk-pixbuf-2.0 -I/usr/include/pango-1.0 -I/usr/include/glib-2.0 -I/usr/lib/glib-2.0/include -I/usr/include/pixman-1 -I/usr/include/freetype2 -I/usr/include/libpng14 -I/usr/include/libdrm -I/usr/include/harfbuzz   -I/usr/include/SDL -D_GNU_SOURCE=1 -D_REENTRANT -pthread -I/usr/include/glib-2.0 -I/usr/lib/glib-2.0/include    -DLOCALEDIR=\"/usr/share/locale\"   -g -O2 -MT vu_meter.o -MD -MP -MF .deps/vu_meter.Tpo -c -o vu_meter.o vu_meter.c
mv -f .deps/mainwindow.Tpo .deps/mainwindow.Po
gcc -DHAVE_CONFIG_H -I. -I.. -pthread -I/usr/include/gtk-2.0 -I/usr/lib/gtk-2.0/include -I/usr/include/atk-1.0 -I/usr/include/cairo -I/usr/include/gdk-pixbuf-2.0 -I/usr/include/pango-1.0 -I/usr/include/glib-2.0 -I/usr/lib/glib-2.0/include -I/usr/include/pixman-1 -I/usr/include/freetype2 -I/usr/include/libpng14 -I/usr/include/libdrm -I/usr/include/harfbuzz   -I/usr/include/SDL -D_GNU_SOURCE=1 -D_REENTRANT -pthread -I/usr/include/glib-2.0 -I/usr/lib/glib-2.0/include    -DLOCALEDIR=\"/usr/share/locale\"   -g -O2 -MT inifile.o -MD -MP -MF .deps/inifile.Tpo -c -o inifile.o inifile.c
mv -f .deps/formatselector.Tpo .deps/formatselector.Po
gcc -DHAVE_CONFIG_H -I. -I.. -pthread -I/usr/include/gtk-2.0 -I/usr/lib/gtk-2.0/include -I/usr/include/atk-1.0 -I/usr/include/cairo -I/usr/include/gdk-pixbuf-2.0 -I/usr/include/pango-1.0 -I/usr/include/glib-2.0 -I/usr/lib/glib-2.0/include -I/usr/include/pixman-1 -I/usr/include/freetype2 -I/usr/include/libpng14 -I/usr/include/libdrm -I/usr/include/harfbuzz   -I/usr/include/SDL -D_GNU_SOURCE=1 -D_REENTRANT -pthread -I/usr/include/glib-2.0 -I/usr/lib/glib-2.0/include    -DLOCALEDIR=\"/usr/share/locale\"   -g -O2 -MT configdialog.o -MD -MP -MF .deps/configdialog.Tpo -c -o configdialog.o configdialog.c
inifile.c: In function ‘inifile_get_gboolean’:
inifile.c:161:4: warning: ‘g_strcasecmp’ is deprecated (declared at /usr/include/glib-2.0/glib/gstrfuncs.h:200) [-Wdeprecated-declarations]
    if ( !g_strcasecmp(c,"y") || !strcmp(c,"1") ||
    ^
inifile.c:162:9: warning: ‘g_strcasecmp’ is deprecated (declared at /usr/include/glib-2.0/glib/gstrfuncs.h:200) [-Wdeprecated-declarations]
         !g_strcasecmp(c,"yes") || !g_strcasecmp(c,"on") || 
         ^
inifile.c:162:9: warning: ‘g_strcasecmp’ is deprecated (declared at /usr/include/glib-2.0/glib/gstrfuncs.h:200) [-Wdeprecated-declarations]
inifile.c:163:9: warning: ‘g_strcasecmp’ is deprecated (declared at /usr/include/glib-2.0/glib/gstrfuncs.h:200) [-Wdeprecated-declarations]
         !g_strcasecmp(c,"true") || !g_strcasecmp(c,"enabled")) 
         ^
inifile.c:163:9: warning: ‘g_strcasecmp’ is deprecated (declared at /usr/include/glib-2.0/glib/gstrfuncs.h:200) [-Wdeprecated-declarations]
inifile.c:165:4: warning: ‘g_strcasecmp’ is deprecated (declared at /usr/include/glib-2.0/glib/gstrfuncs.h:200) [-Wdeprecated-declarations]
    if (!g_strcasecmp(c,"n") || !strcmp(c,"0") ||
    ^
inifile.c:166:8: warning: ‘g_strcasecmp’ is deprecated (declared at /usr/include/glib-2.0/glib/gstrfuncs.h:200) [-Wdeprecated-declarations]
        !g_strcasecmp(c,"no") || !g_strcasecmp(c,"off") ||
        ^
inifile.c:166:8: warning: ‘g_strcasecmp’ is deprecated (declared at /usr/include/glib-2.0/glib/gstrfuncs.h:200) [-Wdeprecated-declarations]
inifile.c:167:8: warning: ‘g_strcasecmp’ is deprecated (declared at /usr/include/glib-2.0/glib/gstrfuncs.h:200) [-Wdeprecated-declarations]
        !g_strcasecmp(c,"false") || !g_strcasecmp(c,"disabled"))
        ^
inifile.c:167:8: warning: ‘g_strcasecmp’ is deprecated (declared at /usr/include/glib-2.0/glib/gstrfuncs.h:200) [-Wdeprecated-declarations]
mv -f .deps/vu_meter.Tpo .deps/vu_meter.Po
gcc -DHAVE_CONFIG_H -I. -I.. -pthread -I/usr/include/gtk-2.0 -I/usr/lib/gtk-2.0/include -I/usr/include/atk-1.0 -I/usr/include/cairo -I/usr/include/gdk-pixbuf-2.0 -I/usr/include/pango-1.0 -I/usr/include/glib-2.0 -I/usr/lib/glib-2.0/include -I/usr/include/pixman-1 -I/usr/include/freetype2 -I/usr/include/libpng14 -I/usr/include/libdrm -I/usr/include/harfbuzz   -I/usr/include/SDL -D_GNU_SOURCE=1 -D_REENTRANT -pthread -I/usr/include/glib-2.0 -I/usr/lib/glib-2.0/include    -DLOCALEDIR=\"/usr/share/locale\"   -g -O2 -MT combinechannelsdialog.o -MD -MP -MF .deps/combinechannelsdialog.Tpo -c -o combinechannelsdialog.o combinechannelsdialog.c
mv -f .deps/inifile.Tpo .deps/inifile.Po
gcc -DHAVE_CONFIG_H -I. -I.. -pthread -I/usr/include/gtk-2.0 -I/usr/lib/gtk-2.0/include -I/usr/include/atk-1.0 -I/usr/include/cairo -I/usr/include/gdk-pixbuf-2.0 -I/usr/include/pango-1.0 -I/usr/include/glib-2.0 -I/usr/lib/glib-2.0/include -I/usr/include/pixman-1 -I/usr/include/freetype2 -I/usr/include/libpng14 -I/usr/include/libdrm -I/usr/include/harfbuzz   -I/usr/include/SDL -D_GNU_SOURCE=1 -D_REENTRANT -pthread -I/usr/include/glib-2.0 -I/usr/lib/glib-2.0/include    -DLOCALEDIR=\"/usr/share/locale\"   -g -O2 -MT rawdialog.o -MD -MP -MF .deps/rawdialog.Tpo -c -o rawdialog.o rawdialog.c
mv -f .deps/combinechannelsdialog.Tpo .deps/combinechannelsdialog.Po
gcc -DHAVE_CONFIG_H -I. -I.. -pthread -I/usr/include/gtk-2.0 -I/usr/lib/gtk-2.0/include -I/usr/include/atk-1.0 -I/usr/include/cairo -I/usr/include/gdk-pixbuf-2.0 -I/usr/include/pango-1.0 -I/usr/include/glib-2.0 -I/usr/lib/glib-2.0/include -I/usr/include/pixman-1 -I/usr/include/freetype2 -I/usr/include/libpng14 -I/usr/include/libdrm -I/usr/include/harfbuzz   -I/usr/include/SDL -D_GNU_SOURCE=1 -D_REENTRANT -pthread -I/usr/include/glib-2.0 -I/usr/lib/glib-2.0/include    -DLOCALEDIR=\"/usr/share/locale\"   -g -O2 -MT gotodialog.o -MD -MP -MF .deps/gotodialog.Tpo -c -o gotodialog.o gotodialog.c
mv -f .deps/recorddialog.Tpo .deps/recorddialog.Po
gcc -DHAVE_CONFIG_H -I. -I.. -pthread -I/usr/include/gtk-2.0 -I/usr/lib/gtk-2.0/include -I/usr/include/atk-1.0 -I/usr/include/cairo -I/usr/include/gdk-pixbuf-2.0 -I/usr/include/pango-1.0 -I/usr/include/glib-2.0 -I/usr/lib/glib-2.0/include -I/usr/include/pixman-1 -I/usr/include/freetype2 -I/usr/include/libpng14 -I/usr/include/libdrm -I/usr/include/harfbuzz   -I/usr/include/SDL -D_GNU_SOURCE=1 -D_REENTRANT -pthread -I/usr/include/glib-2.0 -I/usr/lib/glib-2.0/include    -DLOCALEDIR=\"/usr/share/locale\"   -g -O2 -MT pipedialog.o -MD -MP -MF .deps/pipedialog.Tpo -c -o pipedialog.o pipedialog.c
mv -f .deps/rawdialog.Tpo .deps/rawdialog.Po
gcc -DHAVE_CONFIG_H -I. -I.. -pthread -I/usr/include/gtk-2.0 -I/usr/lib/gtk-2.0/include -I/usr/include/atk-1.0 -I/usr/include/cairo -I/usr/include/gdk-pixbuf-2.0 -I/usr/include/pango-1.0 -I/usr/include/glib-2.0 -I/usr/lib/glib-2.0/include -I/usr/include/pixman-1 -I/usr/include/freetype2 -I/usr/include/libpng14 -I/usr/include/libdrm -I/usr/include/harfbuzz   -I/usr/include/SDL -D_GNU_SOURCE=1 -D_REENTRANT -pthread -I/usr/include/glib-2.0 -I/usr/lib/glib-2.0/include    -DLOCALEDIR=\"/usr/share/locale\"   -g -O2 -MT historybox.o -MD -MP -MF .deps/historybox.Tpo -c -o historybox.o historybox.c
mv -f .deps/gotodialog.Tpo .deps/gotodialog.Po
gcc -DHAVE_CONFIG_H -I. -I.. -pthread -I/usr/include/gtk-2.0 -I/usr/lib/gtk-2.0/include -I/usr/include/atk-1.0 -I/usr/include/cairo -I/usr/include/gdk-pixbuf-2.0 -I/usr/include/pango-1.0 -I/usr/include/glib-2.0 -I/usr/lib/glib-2.0/include -I/usr/include/pixman-1 -I/usr/include/freetype2 -I/usr/include/libpng14 -I/usr/include/libdrm -I/usr/include/harfbuzz   -I/usr/include/SDL -D_GNU_SOURCE=1 -D_REENTRANT -pthread -I/usr/include/glib-2.0 -I/usr/lib/glib-2.0/include    -DLOCALEDIR=\"/usr/share/locale\"   -g -O2 -MT viewcache.o -MD -MP -MF .deps/viewcache.Tpo -c -o viewcache.o viewcache.c
mv -f .deps/historybox.Tpo .deps/historybox.Po
mv -f .deps/configdialog.Tpo .deps/configdialog.Po
gcc -DHAVE_CONFIG_H -I. -I.. -pthread -I/usr/include/gtk-2.0 -I/usr/lib/gtk-2.0/include -I/usr/include/atk-1.0 -I/usr/include/cairo -I/usr/include/gdk-pixbuf-2.0 -I/usr/include/pango-1.0 -I/usr/include/glib-2.0 -I/usr/lib/glib-2.0/include -I/usr/include/pixman-1 -I/usr/include/freetype2 -I/usr/include/libpng14 -I/usr/include/libdrm -I/usr/include/harfbuzz   -I/usr/include/SDL -D_GNU_SOURCE=1 -D_REENTRANT -pthread -I/usr/include/glib-2.0 -I/usr/lib/glib-2.0/include    -DLOCALEDIR=\"/usr/share/locale\"   -g -O2 -MT filetypes.o -MD -MP -MF .deps/filetypes.Tpo -c -o filetypes.o filetypes.c
gcc -DHAVE_CONFIG_H -I. -I.. -pthread -I/usr/include/gtk-2.0 -I/usr/lib/gtk-2.0/include -I/usr/include/atk-1.0 -I/usr/include/cairo -I/usr/include/gdk-pixbuf-2.0 -I/usr/include/pango-1.0 -I/usr/include/glib-2.0 -I/usr/lib/glib-2.0/include -I/usr/include/pixman-1 -I/usr/include/freetype2 -I/usr/include/libpng14 -I/usr/include/libdrm -I/usr/include/harfbuzz   -I/usr/include/SDL -D_GNU_SOURCE=1 -D_REENTRANT -pthread -I/usr/include/glib-2.0 -I/usr/lib/glib-2.0/include    -DLOCALEDIR=\"/usr/share/locale\"   -g -O2 -MT datasource.o -MD -MP -MF .deps/datasource.Tpo -c -o datasource.o datasource.c
mv -f .deps/pipedialog.Tpo .deps/pipedialog.Po
gcc -DHAVE_CONFIG_H -I. -I.. -pthread -I/usr/include/gtk-2.0 -I/usr/lib/gtk-2.0/include -I/usr/include/atk-1.0 -I/usr/include/cairo -I/usr/include/gdk-pixbuf-2.0 -I/usr/include/pango-1.0 -I/usr/include/glib-2.0 -I/usr/lib/glib-2.0/include -I/usr/include/pixman-1 -I/usr/include/freetype2 -I/usr/include/libpng14 -I/usr/include/libdrm -I/usr/include/harfbuzz   -I/usr/include/SDL -D_GNU_SOURCE=1 -D_REENTRANT -pthread -I/usr/include/glib-2.0 -I/usr/lib/glib-2.0/include    -DLOCALEDIR=\"/usr/share/locale\"   -g -O2 -MT statusbar.o -MD -MP -MF .deps/statusbar.Tpo -c -o statusbar.o statusbar.c
mv -f .deps/viewcache.Tpo .deps/viewcache.Po
gcc -DHAVE_CONFIG_H -I. -I.. -pthread -I/usr/include/gtk-2.0 -I/usr/lib/gtk-2.0/include -I/usr/include/atk-1.0 -I/usr/include/cairo -I/usr/include/gdk-pixbuf-2.0 -I/usr/include/pango-1.0 -I/usr/include/glib-2.0 -I/usr/lib/glib-2.0/include -I/usr/include/pixman-1 -I/usr/include/freetype2 -I/usr/include/libpng14 -I/usr/include/libdrm -I/usr/include/harfbuzz   -I/usr/include/SDL -D_GNU_SOURCE=1 -D_REENTRANT -pthread -I/usr/include/glib-2.0 -I/usr/lib/glib-2.0/include    -DLOCALEDIR=\"/usr/share/locale\"   -g -O2 -MT effectbrowser.o -MD -MP -MF .deps/effectbrowser.Tpo -c -o effectbrowser.o effectbrowser.c
mv -f .deps/statusbar.Tpo .deps/statusbar.Po
gcc -DHAVE_CONFIG_H -I. -I.. -pthread -I/usr/include/gtk-2.0 -I/usr/lib/gtk-2.0/include -I/usr/include/atk-1.0 -I/usr/include/cairo -I/usr/include/gdk-pixbuf-2.0 -I/usr/include/pango-1.0 -I/usr/include/glib-2.0 -I/usr/lib/glib-2.0/include -I/usr/include/pixman-1 -I/usr/include/freetype2 -I/usr/include/libpng14 -I/usr/include/libdrm -I/usr/include/harfbuzz   -I/usr/include/SDL -D_GNU_SOURCE=1 -D_REENTRANT -pthread -I/usr/include/glib-2.0 -I/usr/lib/glib-2.0/include    -DLOCALEDIR=\"/usr/share/locale\"   -g -O2 -MT soxdialog.o -MD -MP -MF .deps/soxdialog.Tpo -c -o soxdialog.o soxdialog.c
mv -f .deps/datasource.Tpo .deps/datasource.Po
gcc -DHAVE_CONFIG_H -I. -I.. -pthread -I/usr/include/gtk-2.0 -I/usr/lib/gtk-2.0/include -I/usr/include/atk-1.0 -I/usr/include/cairo -I/usr/include/gdk-pixbuf-2.0 -I/usr/include/pango-1.0 -I/usr/include/glib-2.0 -I/usr/lib/glib-2.0/include -I/usr/include/pixman-1 -I/usr/include/freetype2 -I/usr/include/libpng14 -I/usr/include/libdrm -I/usr/include/harfbuzz   -I/usr/include/SDL -D_GNU_SOURCE=1 -D_REENTRANT -pthread -I/usr/include/glib-2.0 -I/usr/lib/glib-2.0/include    -DLOCALEDIR=\"/usr/share/locale\"   -g -O2 -MT help.o -MD -MP -MF .deps/help.Tpo -c -o help.o help.c
mv -f .deps/help.Tpo .deps/help.Po
gcc -DHAVE_CONFIG_H -I. -I.. -pthread -I/usr/include/gtk-2.0 -I/usr/lib/gtk-2.0/include -I/usr/include/atk-1.0 -I/usr/include/cairo -I/usr/include/gdk-pixbuf-2.0 -I/usr/include/pango-1.0 -I/usr/include/glib-2.0 -I/usr/lib/glib-2.0/include -I/usr/include/pixman-1 -I/usr/include/freetype2 -I/usr/include/libpng14 -I/usr/include/libdrm -I/usr/include/harfbuzz   -I/usr/include/SDL -D_GNU_SOURCE=1 -D_REENTRANT -pthread -I/usr/include/glib-2.0 -I/usr/lib/glib-2.0/include    -DLOCALEDIR=\"/usr/share/locale\"   -g -O2 -MT ladspacore.o -MD -MP -MF .deps/ladspacore.Tpo -c -o ladspacore.o ladspacore.c
mv -f .deps/filetypes.Tpo .deps/filetypes.Po
soxdialog.c: In function ‘sox_dialog_apply_proc_main’:
soxdialog.c:230:4: warning: ‘g_strdown’ is deprecated (declared at /usr/include/glib-2.0/glib/gstrfuncs.h:207) [-Wdeprecated-declarations]
    g_strdown(c);
    ^
gcc -DHAVE_CONFIG_H -I. -I.. -pthread -I/usr/include/gtk-2.0 -I/usr/lib/gtk-2.0/include -I/usr/include/atk-1.0 -I/usr/include/cairo -I/usr/include/gdk-pixbuf-2.0 -I/usr/include/pango-1.0 -I/usr/include/glib-2.0 -I/usr/lib/glib-2.0/include -I/usr/include/pixman-1 -I/usr/include/freetype2 -I/usr/include/libpng14 -I/usr/include/libdrm -I/usr/include/harfbuzz   -I/usr/include/SDL -D_GNU_SOURCE=1 -D_REENTRANT -pthread -I/usr/include/glib-2.0 -I/usr/lib/glib-2.0/include    -DLOCALEDIR=\"/usr/share/locale\"   -g -O2 -MT ladspadialog.o -MD -MP -MF .deps/ladspadialog.Tpo -c -o ladspadialog.o ladspadialog.c
mv -f .deps/effectbrowser.Tpo .deps/effectbrowser.Po
gcc -DHAVE_CONFIG_H -I. -I.. -pthread -I/usr/include/gtk-2.0 -I/usr/lib/gtk-2.0/include -I/usr/include/atk-1.0 -I/usr/include/cairo -I/usr/include/gdk-pixbuf-2.0 -I/usr/include/pango-1.0 -I/usr/include/glib-2.0 -I/usr/lib/glib-2.0/include -I/usr/include/pixman-1 -I/usr/include/freetype2 -I/usr/include/libpng14 -I/usr/include/libdrm -I/usr/include/harfbuzz   -I/usr/include/SDL -D_GNU_SOURCE=1 -D_REENTRANT -pthread -I/usr/include/glib-2.0 -I/usr/lib/glib-2.0/include    -DLOCALEDIR=\"/usr/share/locale\"   -g -O2 -MT tempfile.o -MD -MP -MF .deps/tempfile.Tpo -c -o tempfile.o tempfile.c
mv -f .deps/soxdialog.Tpo .deps/soxdialog.Po
gcc -DHAVE_CONFIG_H -I. -I.. -pthread -I/usr/include/gtk-2.0 -I/usr/lib/gtk-2.0/include -I/usr/include/atk-1.0 -I/usr/include/cairo -I/usr/include/gdk-pixbuf-2.0 -I/usr/include/pango-1.0 -I/usr/include/glib-2.0 -I/usr/lib/glib-2.0/include -I/usr/include/pixman-1 -I/usr/include/freetype2 -I/usr/include/libpng14 -I/usr/include/libdrm -I/usr/include/harfbuzz   -I/usr/include/SDL -D_GNU_SOURCE=1 -D_REENTRANT -pthread -I/usr/include/glib-2.0 -I/usr/lib/glib-2.0/include    -DLOCALEDIR=\"/usr/share/locale\"   -g -O2 -MT listobject.o -MD -MP -MF .deps/listobject.Tpo -c -o listobject.o listobject.c
mv -f .deps/ladspacore.Tpo .deps/ladspacore.Po
gcc -DHAVE_CONFIG_H -I. -I.. -pthread -I/usr/include/gtk-2.0 -I/usr/lib/gtk-2.0/include -I/usr/include/atk-1.0 -I/usr/include/cairo -I/usr/include/gdk-pixbuf-2.0 -I/usr/include/pango-1.0 -I/usr/include/glib-2.0 -I/usr/lib/glib-2.0/include -I/usr/include/pixman-1 -I/usr/include/freetype2 -I/usr/include/libpng14 -I/usr/include/libdrm -I/usr/include/harfbuzz   -I/usr/include/SDL -D_GNU_SOURCE=1 -D_REENTRANT -pthread -I/usr/include/glib-2.0 -I/usr/lib/glib-2.0/include    -DLOCALEDIR=\"/usr/share/locale\"   -g -O2 -MT documentlist.o -MD -MP -MF .deps/documentlist.Tpo -c -o documentlist.o documentlist.c
mv -f .deps/ladspadialog.Tpo .deps/ladspadialog.Po
gcc -DHAVE_CONFIG_H -I. -I.. -pthread -I/usr/include/gtk-2.0 -I/usr/lib/gtk-2.0/include -I/usr/include/atk-1.0 -I/usr/include/cairo -I/usr/include/gdk-pixbuf-2.0 -I/usr/include/pango-1.0 -I/usr/include/glib-2.0 -I/usr/lib/glib-2.0/include -I/usr/include/pixman-1 -I/usr/include/freetype2 -I/usr/include/libpng14 -I/usr/include/libdrm -I/usr/include/harfbuzz   -I/usr/include/SDL -D_GNU_SOURCE=1 -D_REENTRANT -pthread -I/usr/include/glib-2.0 -I/usr/lib/glib-2.0/include    -DLOCALEDIR=\"/usr/share/locale\"   -g -O2 -MT combo.o -MD -MP -MF .deps/combo.Tpo -c -o combo.o combo.c
mv -f .deps/tempfile.Tpo .deps/tempfile.Po
gcc -DHAVE_CONFIG_H -I. -I.. -pthread -I/usr/include/gtk-2.0 -I/usr/lib/gtk-2.0/include -I/usr/include/atk-1.0 -I/usr/include/cairo -I/usr/include/gdk-pixbuf-2.0 -I/usr/include/pango-1.0 -I/usr/include/glib-2.0 -I/usr/lib/glib-2.0/include -I/usr/include/pixman-1 -I/usr/include/freetype2 -I/usr/include/libpng14 -I/usr/include/libdrm -I/usr/include/harfbuzz   -I/usr/include/SDL -D_GNU_SOURCE=1 -D_REENTRANT -pthread -I/usr/include/glib-2.0 -I/usr/lib/glib-2.0/include    -DLOCALEDIR=\"/usr/share/locale\"   -g -O2 -MT rateconv.o -MD -MP -MF .deps/rateconv.Tpo -c -o rateconv.o rateconv.c
mv -f .deps/listobject.Tpo .deps/listobject.Po
gcc -DHAVE_CONFIG_H -I. -I.. -pthread -I/usr/include/gtk-2.0 -I/usr/lib/gtk-2.0/include -I/usr/include/atk-1.0 -I/usr/include/cairo -I/usr/include/gdk-pixbuf-2.0 -I/usr/include/pango-1.0 -I/usr/include/glib-2.0 -I/usr/lib/glib-2.0/include -I/usr/include/pixman-1 -I/usr/include/freetype2 -I/usr/include/libpng14 -I/usr/include/libdrm -I/usr/include/harfbuzz   -I/usr/include/SDL -D_GNU_SOURCE=1 -D_REENTRANT -pthread -I/usr/include/glib-2.0 -I/usr/lib/glib-2.0/include    -DLOCALEDIR=\"/usr/share/locale\"   -g -O2 -MT dataformat.o -MD -MP -MF .deps/dataformat.Tpo -c -o dataformat.o dataformat.c
mv -f .deps/documentlist.Tpo .deps/documentlist.Po
gcc -DHAVE_CONFIG_H -I. -I.. -pthread -I/usr/include/gtk-2.0 -I/usr/lib/gtk-2.0/include -I/usr/include/atk-1.0 -I/usr/include/cairo -I/usr/include/gdk-pixbuf-2.0 -I/usr/include/pango-1.0 -I/usr/include/glib-2.0 -I/usr/lib/glib-2.0/include -I/usr/include/pixman-1 -I/usr/include/freetype2 -I/usr/include/libpng14 -I/usr/include/libdrm -I/usr/include/harfbuzz   -I/usr/include/SDL -D_GNU_SOURCE=1 -D_REENTRANT -pthread -I/usr/include/glib-2.0 -I/usr/lib/glib-2.0/include    -DLOCALEDIR=\"/usr/share/locale\"   -g -O2 -MT rateest.o -MD -MP -MF .deps/rateest.Tpo -c -o rateest.o rateest.c
mv -f .deps/combo.Tpo .deps/combo.Po
gcc -DHAVE_CONFIG_H -I. -I.. -pthread -I/usr/include/gtk-2.0 -I/usr/lib/gtk-2.0/include -I/usr/include/atk-1.0 -I/usr/include/cairo -I/usr/include/gdk-pixbuf-2.0 -I/usr/include/pango-1.0 -I/usr/include/glib-2.0 -I/usr/lib/glib-2.0/include -I/usr/include/pixman-1 -I/usr/include/freetype2 -I/usr/include/libpng14 -I/usr/include/libdrm -I/usr/include/harfbuzz   -I/usr/include/SDL -D_GNU_SOURCE=1 -D_REENTRANT -pthread -I/usr/include/glib-2.0 -I/usr/lib/glib-2.0/include    -DLOCALEDIR=\"/usr/share/locale\"   -g -O2 -MT document.o -MD -MP -MF .deps/document.Tpo -c -o document.o document.c
mv -f .deps/rateconv.Tpo .deps/rateconv.Po
gcc -DHAVE_CONFIG_H -I. -I.. -pthread -I/usr/include/gtk-2.0 -I/usr/lib/gtk-2.0/include -I/usr/include/atk-1.0 -I/usr/include/cairo -I/usr/include/gdk-pixbuf-2.0 -I/usr/include/pango-1.0 -I/usr/include/glib-2.0 -I/usr/lib/glib-2.0/include -I/usr/include/pixman-1 -I/usr/include/freetype2 -I/usr/include/libpng14 -I/usr/include/libdrm -I/usr/include/harfbuzz   -I/usr/include/SDL -D_GNU_SOURCE=1 -D_REENTRANT -pthread -I/usr/include/glib-2.0 -I/usr/lib/glib-2.0/include    -DLOCALEDIR=\"/usr/share/locale\"   -g -O2 -MT session.o -MD -MP -MF .deps/session.Tpo -c -o session.o session.c
mv -f .deps/rateest.Tpo .deps/rateest.Po
gcc -DHAVE_CONFIG_H -I. -I.. -pthread -I/usr/include/gtk-2.0 -I/usr/lib/gtk-2.0/include -I/usr/include/atk-1.0 -I/usr/include/cairo -I/usr/include/gdk-pixbuf-2.0 -I/usr/include/pango-1.0 -I/usr/include/glib-2.0 -I/usr/lib/glib-2.0/include -I/usr/include/pixman-1 -I/usr/include/freetype2 -I/usr/include/libpng14 -I/usr/include/libdrm -I/usr/include/harfbuzz   -I/usr/include/SDL -D_GNU_SOURCE=1 -D_REENTRANT -pthread -I/usr/include/glib-2.0 -I/usr/lib/glib-2.0/include    -DLOCALEDIR=\"/usr/share/locale\"   -g -O2 -MT mapchannelsdialog.o -MD -MP -MF .deps/mapchannelsdialog.Tpo -c -o mapchannelsdialog.o mapchannelsdialog.c
mv -f .deps/document.Tpo .deps/document.Po
gcc -DHAVE_CONFIG_H -I. -I.. -pthread -I/usr/include/gtk-2.0 -I/usr/lib/gtk-2.0/include -I/usr/include/atk-1.0 -I/usr/include/cairo -I/usr/include/gdk-pixbuf-2.0 -I/usr/include/pango-1.0 -I/usr/include/glib-2.0 -I/usr/lib/glib-2.0/include -I/usr/include/pixman-1 -I/usr/include/freetype2 -I/usr/include/libpng14 -I/usr/include/libdrm -I/usr/include/harfbuzz   -I/usr/include/SDL -D_GNU_SOURCE=1 -D_REENTRANT -pthread -I/usr/include/glib-2.0 -I/usr/lib/glib-2.0/include    -DLOCALEDIR=\"/usr/share/locale\"   -g -O2 -MT mainloop.o -MD -MP -MF .deps/mainloop.Tpo -c -o mainloop.o mainloop.c
mv -f .deps/mapchannelsdialog.Tpo .deps/mapchannelsdialog.Po
gcc -DHAVE_CONFIG_H -I. -I.. -pthread -I/usr/include/gtk-2.0 -I/usr/lib/gtk-2.0/include -I/usr/include/atk-1.0 -I/usr/include/cairo -I/usr/include/gdk-pixbuf-2.0 -I/usr/include/pango-1.0 -I/usr/include/glib-2.0 -I/usr/lib/glib-2.0/include -I/usr/include/pixman-1 -I/usr/include/freetype2 -I/usr/include/libpng14 -I/usr/include/libdrm -I/usr/include/harfbuzz   -I/usr/include/SDL -D_GNU_SOURCE=1 -D_REENTRANT -pthread -I/usr/include/glib-2.0 -I/usr/lib/glib-2.0/include    -DLOCALEDIR=\"/usr/share/locale\"   -g -O2 -MT recordformatcombo.o -MD -MP -MF .deps/recordformatcombo.Tpo -c -o recordformatcombo.o recordformatcombo.c
mv -f .deps/session.Tpo .deps/session.Po
gcc -DHAVE_CONFIG_H -I. -I.. -pthread -I/usr/include/gtk-2.0 -I/usr/lib/gtk-2.0/include -I/usr/include/atk-1.0 -I/usr/include/cairo -I/usr/include/gdk-pixbuf-2.0 -I/usr/include/pango-1.0 -I/usr/include/glib-2.0 -I/usr/lib/glib-2.0/include -I/usr/include/pixman-1 -I/usr/include/freetype2 -I/usr/include/libpng14 -I/usr/include/libdrm -I/usr/include/harfbuzz   -I/usr/include/SDL -D_GNU_SOURCE=1 -D_REENTRANT -pthread -I/usr/include/glib-2.0 -I/usr/lib/glib-2.0/include    -DLOCALEDIR=\"/usr/share/locale\"   -g -O2 -MT sandwichdialog.o -MD -MP -MF .deps/sandwichdialog.Tpo -c -o sandwichdialog.o sandwichdialog.c
mainloop.c: In function ‘timesource_prepare’:
mainloop.c:301:6: warning: ‘g_source_get_current_time’ is deprecated (declared at /usr/include/glib-2.0/glib/gmain.h:511): Use 'g_source_get_time' instead [-Wdeprecated-declarations]
      g_source_get_current_time(source, &tv);
      ^
mainloop.c: In function ‘timesource_check’:
mainloop.c:315:6: warning: ‘g_source_get_current_time’ is deprecated (declared at /usr/include/glib-2.0/glib/gmain.h:511): Use 'g_source_get_time' instead [-Wdeprecated-declarations]
      g_source_get_current_time(source, &tv);
      ^
mainloop.c: In function ‘timesource_dispatch’:
mainloop.c:324:6: warning: ‘g_source_get_current_time’ is deprecated (declared at /usr/include/glib-2.0/glib/gmain.h:511): Use 'g_source_get_time' instead [-Wdeprecated-declarations]
      g_source_get_current_time(source,&tv);
      ^
mainloop.c: In function ‘iosource_dispatch’:
mainloop.c:363:6: warning: ‘g_source_get_current_time’ is deprecated (declared at /usr/include/glib-2.0/glib/gmain.h:511): Use 'g_source_get_time' instead [-Wdeprecated-declarations]
      g_source_get_current_time(source, &tv);
      ^
mv -f .deps/mainloop.Tpo .deps/mainloop.Po
gcc -DHAVE_CONFIG_H -I. -I.. -pthread -I/usr/include/gtk-2.0 -I/usr/lib/gtk-2.0/include -I/usr/include/atk-1.0 -I/usr/include/cairo -I/usr/include/gdk-pixbuf-2.0 -I/usr/include/pango-1.0 -I/usr/include/glib-2.0 -I/usr/lib/glib-2.0/include -I/usr/include/pixman-1 -I/usr/include/freetype2 -I/usr/include/libpng14 -I/usr/include/libdrm -I/usr/include/harfbuzz   -I/usr/include/SDL -D_GNU_SOURCE=1 -D_REENTRANT -pthread -I/usr/include/glib-2.0 -I/usr/lib/glib-2.0/include    -DLOCALEDIR=\"/usr/share/locale\"   -g -O2 -MT bitmap.o -MD -MP -MF .deps/bitmap.Tpo -c -o bitmap.o bitmap.c
mv -f .deps/recordformatcombo.Tpo .deps/recordformatcombo.Po
mv -f .deps/sandwichdialog.Tpo .deps/sandwichdialog.Po
mv -f .deps/bitmap.Tpo .deps/bitmap.Po
mv -f .deps/dataformat.Tpo .deps/dataformat.Po
gcc  -g -O2   -o mhwaveedit chunk.o int_box.o sound.o speeddialog.o chunkview.o main.o um.o effectdialog.o mainwindow.o ringbuf.o volumedialog.o float_box.o player.o sampleratedialog.o gtkfiles.o samplesizedialog.o formatselector.o recorddialog.o vu_meter.o inifile.o configdialog.o combinechannelsdialog.o rawdialog.o gotodialog.o pipedialog.o historybox.o viewcache.o filetypes.o datasource.o statusbar.o effectbrowser.o soxdialog.o help.o ladspacore.o ladspadialog.o tempfile.o listobject.o documentlist.o combo.o rateconv.o dataformat.o rateest.o document.o session.o mapchannelsdialog.o mainloop.o recordformatcombo.o sandwichdialog.o bitmap.o -lgtk-x11-2.0 -lgdk-x11-2.0 -latk-1.0 -lgio-2.0 -lpangoft2-1.0 -lpangocairo-1.0 -lgdk_pixbuf-2.0 -lcairo -lpango-1.0 -lfreetype -lfontconfig -lgobject-2.0 -lglib-2.0   -L/usr/lib -Wl,-rpath,/usr/lib -lSDL -lpthread  -lsndfile   -lasound -lesd   -lsamplerate -pthread -lgthread-2.0 -lglib-2.0    -ldl -lpthread -lm 
make[2]: Leaving directory `/mnt/sda6/00_new-woof/petbuilds-slacko-32/builds/mhwaveedit/mhwaveedit-1.4.23/src'
Making all in share
make[2]: Entering directory `/mnt/sda6/00_new-woof/petbuilds-slacko-32/builds/mhwaveedit/mhwaveedit-1.4.23/share'
make[2]: Nothing to be done for `all'.
make[2]: Leaving directory `/mnt/sda6/00_new-woof/petbuilds-slacko-32/builds/mhwaveedit/mhwaveedit-1.4.23/share'
make[2]: Entering directory `/mnt/sda6/00_new-woof/petbuilds-slacko-32/builds/mhwaveedit/mhwaveedit-1.4.23'
make[2]: Leaving directory `/mnt/sda6/00_new-woof/petbuilds-slacko-32/builds/mhwaveedit/mhwaveedit-1.4.23'
make[1]: Leaving directory `/mnt/sda6/00_new-woof/petbuilds-slacko-32/builds/mhwaveedit/mhwaveedit-1.4.23'
Making install in m4
make[1]: Entering directory `/mnt/sda6/00_new-woof/petbuilds-slacko-32/builds/mhwaveedit/mhwaveedit-1.4.23/m4'
make[2]: Entering directory `/mnt/sda6/00_new-woof/petbuilds-slacko-32/builds/mhwaveedit/mhwaveedit-1.4.23/m4'
make[2]: Nothing to be done for `install-exec-am'.
make[2]: Nothing to be done for `install-data-am'.
make[2]: Leaving directory `/mnt/sda6/00_new-woof/petbuilds-slacko-32/builds/mhwaveedit/mhwaveedit-1.4.23/m4'
make[1]: Leaving directory `/mnt/sda6/00_new-woof/petbuilds-slacko-32/builds/mhwaveedit/mhwaveedit-1.4.23/m4'
Making install in po
make[1]: Entering directory `/mnt/sda6/00_new-woof/petbuilds-slacko-32/builds/mhwaveedit/mhwaveedit-1.4.23/po'
./mkinstalldirs /mnt/sda6/00_new-woof/petbuilds-slacko-32/builds/mhwaveedit/mhwaveedit-install/usr/share
mkdir /mnt/sda6/00_new-woof/petbuilds-slacko-32/builds/mhwaveedit/mhwaveedit-install
mkdir /mnt/sda6/00_new-woof/petbuilds-slacko-32/builds/mhwaveedit/mhwaveedit-install/usr
mkdir /mnt/sda6/00_new-woof/petbuilds-slacko-32/builds/mhwaveedit/mhwaveedit-install/usr/share
mkdir /mnt/sda6/00_new-woof/petbuilds-slacko-32/builds/mhwaveedit/mhwaveedit-install/usr/share/locale
mkdir /mnt/sda6/00_new-woof/petbuilds-slacko-32/builds/mhwaveedit/mhwaveedit-install/usr/share/locale/ru
mkdir /mnt/sda6/00_new-woof/petbuilds-slacko-32/builds/mhwaveedit/mhwaveedit-install/usr/share/locale/ru/LC_MESSAGES
installing ru.gmo as /mnt/sda6/00_new-woof/petbuilds-slacko-32/builds/mhwaveedit/mhwaveedit-install/usr/share/locale/ru/LC_MESSAGES/mhwaveedit.mo
mkdir /mnt/sda6/00_new-woof/petbuilds-slacko-32/builds/mhwaveedit/mhwaveedit-install/usr/share/locale/sv
mkdir /mnt/sda6/00_new-woof/petbuilds-slacko-32/builds/mhwaveedit/mhwaveedit-install/usr/share/locale/sv/LC_MESSAGES
installing sv.gmo as /mnt/sda6/00_new-woof/petbuilds-slacko-32/builds/mhwaveedit/mhwaveedit-install/usr/share/locale/sv/LC_MESSAGES/mhwaveedit.mo
mkdir /mnt/sda6/00_new-woof/petbuilds-slacko-32/builds/mhwaveedit/mhwaveedit-install/usr/share/locale/fr
mkdir /mnt/sda6/00_new-woof/petbuilds-slacko-32/builds/mhwaveedit/mhwaveedit-install/usr/share/locale/fr/LC_MESSAGES
installing fr.gmo as /mnt/sda6/00_new-woof/petbuilds-slacko-32/builds/mhwaveedit/mhwaveedit-install/usr/share/locale/fr/LC_MESSAGES/mhwaveedit.mo
mkdir /mnt/sda6/00_new-woof/petbuilds-slacko-32/builds/mhwaveedit/mhwaveedit-install/usr/share/locale/es
mkdir /mnt/sda6/00_new-woof/petbuilds-slacko-32/builds/mhwaveedit/mhwaveedit-install/usr/share/locale/es/LC_MESSAGES
installing es.gmo as /mnt/sda6/00_new-woof/petbuilds-slacko-32/builds/mhwaveedit/mhwaveedit-install/usr/share/locale/es/LC_MESSAGES/mhwaveedit.mo
mkdir /mnt/sda6/00_new-woof/petbuilds-slacko-32/builds/mhwaveedit/mhwaveedit-install/usr/share/locale/de
mkdir /mnt/sda6/00_new-woof/petbuilds-slacko-32/builds/mhwaveedit/mhwaveedit-install/usr/share/locale/de/LC_MESSAGES
installing de.gmo as /mnt/sda6/00_new-woof/petbuilds-slacko-32/builds/mhwaveedit/mhwaveedit-install/usr/share/locale/de/LC_MESSAGES/mhwaveedit.mo
mkdir /mnt/sda6/00_new-woof/petbuilds-slacko-32/builds/mhwaveedit/mhwaveedit-install/usr/share/locale/zh_CN
mkdir /mnt/sda6/00_new-woof/petbuilds-slacko-32/builds/mhwaveedit/mhwaveedit-install/usr/share/locale/zh_CN/LC_MESSAGES
installing zh_CN.gmo as /mnt/sda6/00_new-woof/petbuilds-slacko-32/builds/mhwaveedit/mhwaveedit-install/usr/share/locale/zh_CN/LC_MESSAGES/mhwaveedit.mo
mkdir /mnt/sda6/00_new-woof/petbuilds-slacko-32/builds/mhwaveedit/mhwaveedit-install/usr/share/locale/it
mkdir /mnt/sda6/00_new-woof/petbuilds-slacko-32/builds/mhwaveedit/mhwaveedit-install/usr/share/locale/it/LC_MESSAGES
installing it.gmo as /mnt/sda6/00_new-woof/petbuilds-slacko-32/builds/mhwaveedit/mhwaveedit-install/usr/share/locale/it/LC_MESSAGES/mhwaveedit.mo
mkdir /mnt/sda6/00_new-woof/petbuilds-slacko-32/builds/mhwaveedit/mhwaveedit-install/usr/share/locale/pl
mkdir /mnt/sda6/00_new-woof/petbuilds-slacko-32/builds/mhwaveedit/mhwaveedit-install/usr/share/locale/pl/LC_MESSAGES
installing pl.gmo as /mnt/sda6/00_new-woof/petbuilds-slacko-32/builds/mhwaveedit/mhwaveedit-install/usr/share/locale/pl/LC_MESSAGES/mhwaveedit.mo
if test "mhWaveEdit" = "gettext"; then \
  ./mkinstalldirs /mnt/sda6/00_new-woof/petbuilds-slacko-32/builds/mhwaveedit/mhwaveedit-install/usr/share/gettext/po; \
  for file in Makefile.in.in Makevars remove-potcdate.sin quot.sed boldquot.sed en@quot.header en@boldquot.header insert-header.sin Rules-quot  ; do \
    /usr/bin/ginstall -c -m 644 ./$file \
		    /mnt/sda6/00_new-woof/petbuilds-slacko-32/builds/mhwaveedit/mhwaveedit-install/usr/share/gettext/po/$file; \
  done; \
else \
  : ; \
fi
make[1]: Leaving directory `/mnt/sda6/00_new-woof/petbuilds-slacko-32/builds/mhwaveedit/mhwaveedit-1.4.23/po'
Making install in src
make[1]: Entering directory `/mnt/sda6/00_new-woof/petbuilds-slacko-32/builds/mhwaveedit/mhwaveedit-1.4.23/src'
make[2]: Entering directory `/mnt/sda6/00_new-woof/petbuilds-slacko-32/builds/mhwaveedit/mhwaveedit-1.4.23/src'
 .././install-sh -c -d '/mnt/sda6/00_new-woof/petbuilds-slacko-32/builds/mhwaveedit/mhwaveedit-install/usr/bin'
  /usr/bin/ginstall -c mhwaveedit '/mnt/sda6/00_new-woof/petbuilds-slacko-32/builds/mhwaveedit/mhwaveedit-install/usr/bin'
make[2]: Nothing to be done for `install-data-am'.
make[2]: Leaving directory `/mnt/sda6/00_new-woof/petbuilds-slacko-32/builds/mhwaveedit/mhwaveedit-1.4.23/src'
make[1]: Leaving directory `/mnt/sda6/00_new-woof/petbuilds-slacko-32/builds/mhwaveedit/mhwaveedit-1.4.23/src'
Making install in share
make[1]: Entering directory `/mnt/sda6/00_new-woof/petbuilds-slacko-32/builds/mhwaveedit/mhwaveedit-1.4.23/share'
make[2]: Entering directory `/mnt/sda6/00_new-woof/petbuilds-slacko-32/builds/mhwaveedit/mhwaveedit-1.4.23/share'
make[2]: Nothing to be done for `install-exec-am'.
 .././install-sh -c -d '/mnt/sda6/00_new-woof/petbuilds-slacko-32/builds/mhwaveedit/mhwaveedit-install/usr/share'
 .././install-sh -c -d '/mnt/sda6/00_new-woof/petbuilds-slacko-32/builds/mhwaveedit/mhwaveedit-install/usr/share/applications'
 /usr/bin/ginstall -c -m 644  applications/mhwaveedit.desktop '/mnt/sda6/00_new-woof/petbuilds-slacko-32/builds/mhwaveedit/mhwaveedit-install/usr/share/applications'
 .././install-sh -c -d '/mnt/sda6/00_new-woof/petbuilds-slacko-32/builds/mhwaveedit/mhwaveedit-install/usr/share/pixmaps'
 /usr/bin/ginstall -c -m 644  pixmaps/mhwaveedit.xpm '/mnt/sda6/00_new-woof/petbuilds-slacko-32/builds/mhwaveedit/mhwaveedit-install/usr/share/pixmaps'
make[2]: Leaving directory `/mnt/sda6/00_new-woof/petbuilds-slacko-32/builds/mhwaveedit/mhwaveedit-1.4.23/share'
make[1]: Leaving directory `/mnt/sda6/00_new-woof/petbuilds-slacko-32/builds/mhwaveedit/mhwaveedit-1.4.23/share'
make[1]: Entering directory `/mnt/sda6/00_new-woof/petbuilds-slacko-32/builds/mhwaveedit/mhwaveedit-1.4.23'
make[2]: Entering directory `/mnt/sda6/00_new-woof/petbuilds-slacko-32/builds/mhwaveedit/mhwaveedit-1.4.23'
make[2]: Nothing to be done for `install-exec-am'.
 ./install-sh -c -d '/mnt/sda6/00_new-woof/petbuilds-slacko-32/builds/mhwaveedit/mhwaveedit-install/usr/share/man/man1'
 /usr/bin/ginstall -c -m 644 mhwaveedit.1 '/mnt/sda6/00_new-woof/petbuilds-slacko-32/builds/mhwaveedit/mhwaveedit-install/usr/share/man/man1'
make[2]: Leaving directory `/mnt/sda6/00_new-woof/petbuilds-slacko-32/builds/mhwaveedit/mhwaveedit-1.4.23'
make[1]: Leaving directory `/mnt/sda6/00_new-woof/petbuilds-slacko-32/builds/mhwaveedit/mhwaveedit-1.4.23'
/mnt/sda6/00_new-woof/petbuilds-slacko-32/builds/mhwaveedit
Found 'i686'
Processing ../mhwaveedit-install/usr/bin/mhwaveedit
Processing ../mhwaveedit-install/usr/share/applications/mhwaveedit.desktop
Processing ../mhwaveedit-install/usr/share/locale/de/LC_MESSAGES/mhwaveedit.mo
Processing ../mhwaveedit-install/usr/share/locale/es/LC_MESSAGES/mhwaveedit.mo
Processing ../mhwaveedit-install/usr/share/locale/fr/LC_MESSAGES/mhwaveedit.mo
Processing ../mhwaveedit-install/usr/share/locale/it/LC_MESSAGES/mhwaveedit.mo
Processing ../mhwaveedit-install/usr/share/locale/pl/LC_MESSAGES/mhwaveedit.mo
Processing ../mhwaveedit-install/usr/share/locale/ru/LC_MESSAGES/mhwaveedit.mo
Processing ../mhwaveedit-install/usr/share/locale/sv/LC_MESSAGES/mhwaveedit.mo
Processing ../mhwaveedit-install/usr/share/locale/zh_CN/LC_MESSAGES/mhwaveedit.mo
Processing ../mhwaveedit-install/usr/share/man/man1/mhwaveedit.1
Processing ../mhwaveedit-install/usr/share/pixmaps/mhwaveedit.xpm
all done
packaging mhwaveedit-1.4.23-i686_slk600
packaging mhwaveedit_DOC-1.4.23-i686_slk600
packaging mhwaveedit_NLS-1.4.23-i686_slk600
done!
