mpscan-0.1.0-kirk/
mpscan-0.1.0-kirk/configure.in
mpscan-0.1.0-kirk/NEWS
mpscan-0.1.0-kirk/INSTALL
mpscan-0.1.0-kirk/config.guess
mpscan-0.1.0-kirk/ChangeLog
mpscan-0.1.0-kirk/missing
mpscan-0.1.0-kirk/Makefile.am
mpscan-0.1.0-kirk/AUTHORS
mpscan-0.1.0-kirk/mkinstalldirs
mpscan-0.1.0-kirk/src/
mpscan-0.1.0-kirk/src/net.h
mpscan-0.1.0-kirk/src/net.c
mpscan-0.1.0-kirk/src/scanner.c
mpscan-0.1.0-kirk/src/scan.c
mpscan-0.1.0-kirk/src/stamp-h.in
mpscan-0.1.0-kirk/src/Makefile.am
mpscan-0.1.0-kirk/src/config.h.in
mpscan-0.1.0-kirk/src/lists.h
mpscan-0.1.0-kirk/src/Makefile.in
mpscan-0.1.0-kirk/src/lists.c
mpscan-0.1.0-kirk/src/scan.h
mpscan-0.1.0-kirk/install-sh
mpscan-0.1.0-kirk/README
mpscan-0.1.0-kirk/configure
mpscan-0.1.0-kirk/Makefile.in
mpscan-0.1.0-kirk/COPYING
mpscan-0.1.0-kirk/config.sub
mpscan-0.1.0-kirk/aclocal.m4
creating cache ./config.cache
checking host system type... i686-pc-linux-gnu
checking target system type... i686-pc-linux-gnu
checking build system type... i686-pc-linux-gnu
checking for a BSD compatible install... /usr/bin/ginstall -c
checking whether build environment is sane... yes
checking whether make sets ${MAKE}... yes
checking for working aclocal... found
checking for working autoconf... found
checking for working automake... found
checking for working autoheader... found
checking for working makeinfo... found
checking for gcc... gcc
checking whether the C compiler (gcc  ) works... yes
checking whether the C compiler (gcc  ) is a cross-compiler... no
checking whether we are using GNU C... yes
checking whether gcc accepts -g... yes
checking for a BSD compatible install... /usr/bin/ginstall -c
checking how to run the C preprocessor... gcc -E
checking for ANSI C header files... yes
checking for fcntl.h... yes
checking for sys/time.h... yes
checking for unistd.h... yes
checking for sys/types.h... yes
checking for sys/socket.h... yes
checking for netinet/in.h... yes
checking for arpa/inet.h... yes
checking for sys/select.h... yes
checking for errno.h... yes
checking for arpa/inet.h... (cached) yes
checking for getopt.h... yes
checking whether time.h and sys/time.h may both be included... yes
checking for select... yes
checking for socket... yes
checking for htonl... yes
checking for htons... yes
checking for getservbyport... yes
checking for perror... yes
checking for fcntl... yes
checking for connect... yes
checking for inet_network... yes
checking for getservbyport... (cached) yes
updating cache ./config.cache
creating ./config.status
creating Makefile
creating src/Makefile
creating src/config.h
Making all in src
make[1]: Entering directory `/mnt/sda6/00_new-woof/petbuilds-slacko-32/builds/mpscan/mpscan-0.1.0-kirk/src'
gcc -DHAVE_CONFIG_H -I. -I. -I.     -Wall -pedantic -pipe -ansi -O2 -c lists.c
gcc -DHAVE_CONFIG_H -I. -I. -I.     -Wall -pedantic -pipe -ansi -O2 -c net.c
gcc -DHAVE_CONFIG_H -I. -I. -I.     -Wall -pedantic -pipe -ansi -O2 -c scan.c
gcc -DHAVE_CONFIG_H -I. -I. -I.     -Wall -pedantic -pipe -ansi -O2 -c scanner.c
gcc  -Wall -pedantic -pipe -ansi -O2  -o mpscan  lists.o net.o scan.o scanner.o  
make[1]: Leaving directory `/mnt/sda6/00_new-woof/petbuilds-slacko-32/builds/mpscan/mpscan-0.1.0-kirk/src'
make[1]: Entering directory `/mnt/sda6/00_new-woof/petbuilds-slacko-32/builds/mpscan/mpscan-0.1.0-kirk'
make[1]: Nothing to be done for `all-am'.
make[1]: Leaving directory `/mnt/sda6/00_new-woof/petbuilds-slacko-32/builds/mpscan/mpscan-0.1.0-kirk'
/mnt/sda6/00_new-woof/petbuilds-slacko-32/builds/mpscan
packaging mpscan-0.1.0-kirk-i686_slk600
done!
