osmo-0.2.10-patched_96dpi_version_libnotify/
osmo-0.2.10-patched_96dpi_version_libnotify/m4/
osmo-0.2.10-patched_96dpi_version_libnotify/m4/libxml2.m4
osmo-0.2.10-patched_96dpi_version_libnotify/m4/gtk-2.0.m4
osmo-0.2.10-patched_96dpi_version_libnotify/m4/pkg.m4
osmo-0.2.10-patched_96dpi_version_libnotify/README.syncml
osmo-0.2.10-patched_96dpi_version_libnotify/COPYING
osmo-0.2.10-patched_96dpi_version_libnotify/missing
osmo-0.2.10-patched_96dpi_version_libnotify/AUTHORS
osmo-0.2.10-patched_96dpi_version_libnotify/aclocal.m4
osmo-0.2.10-patched_96dpi_version_libnotify/Makefile.am
osmo-0.2.10-patched_96dpi_version_libnotify/README.windows
osmo-0.2.10-patched_96dpi_version_libnotify/install-sh
osmo-0.2.10-patched_96dpi_version_libnotify/ChangeLog
osmo-0.2.10-patched_96dpi_version_libnotify/data/
osmo-0.2.10-patched_96dpi_version_libnotify/data/utils/
osmo-0.2.10-patched_96dpi_version_libnotify/data/utils/osmo.vim
osmo-0.2.10-patched_96dpi_version_libnotify/data/utils/w2o.pl
osmo-0.2.10-patched_96dpi_version_libnotify/data/utils/README
osmo-0.2.10-patched_96dpi_version_libnotify/data/utils/osmo.nsi
osmo-0.2.10-patched_96dpi_version_libnotify/data/Makefile.am
osmo-0.2.10-patched_96dpi_version_libnotify/data/osmo.desktop
osmo-0.2.10-patched_96dpi_version_libnotify/data/pixmaps/
osmo-0.2.10-patched_96dpi_version_libnotify/data/pixmaps/Makefile.am
osmo-0.2.10-patched_96dpi_version_libnotify/data/pixmaps/Makefile.in
osmo-0.2.10-patched_96dpi_version_libnotify/data/pixmaps/osmo.png
osmo-0.2.10-patched_96dpi_version_libnotify/data/osmo.1
osmo-0.2.10-patched_96dpi_version_libnotify/data/Makefile.in
osmo-0.2.10-patched_96dpi_version_libnotify/data/sounds/
osmo-0.2.10-patched_96dpi_version_libnotify/data/sounds/alarm.wav
osmo-0.2.10-patched_96dpi_version_libnotify/data/sounds/Makefile.am
osmo-0.2.10-patched_96dpi_version_libnotify/data/sounds/Makefile.in
osmo-0.2.10-patched_96dpi_version_libnotify/data/icons/
osmo-0.2.10-patched_96dpi_version_libnotify/data/icons/48x48/
osmo-0.2.10-patched_96dpi_version_libnotify/data/icons/48x48/Makefile.am
osmo-0.2.10-patched_96dpi_version_libnotify/data/icons/48x48/Makefile.in
osmo-0.2.10-patched_96dpi_version_libnotify/data/icons/48x48/osmo.png
osmo-0.2.10-patched_96dpi_version_libnotify/data/icons/scalable/
osmo-0.2.10-patched_96dpi_version_libnotify/data/icons/scalable/Makefile.am
osmo-0.2.10-patched_96dpi_version_libnotify/data/icons/scalable/osmo.svg
osmo-0.2.10-patched_96dpi_version_libnotify/data/icons/scalable/Makefile.in
osmo-0.2.10-patched_96dpi_version_libnotify/data/icons/32x32/
osmo-0.2.10-patched_96dpi_version_libnotify/data/icons/32x32/Makefile.am
osmo-0.2.10-patched_96dpi_version_libnotify/data/icons/32x32/Makefile.in
osmo-0.2.10-patched_96dpi_version_libnotify/data/icons/32x32/osmo.png
osmo-0.2.10-patched_96dpi_version_libnotify/data/icons/Makefile.am
osmo-0.2.10-patched_96dpi_version_libnotify/data/icons/16x16/
osmo-0.2.10-patched_96dpi_version_libnotify/data/icons/16x16/Makefile.am
osmo-0.2.10-patched_96dpi_version_libnotify/data/icons/16x16/Makefile.in
osmo-0.2.10-patched_96dpi_version_libnotify/data/icons/16x16/osmo.png
osmo-0.2.10-patched_96dpi_version_libnotify/data/icons/windows/
osmo-0.2.10-patched_96dpi_version_libnotify/data/icons/windows/osmo.ico
osmo-0.2.10-patched_96dpi_version_libnotify/data/icons/24x24/
osmo-0.2.10-patched_96dpi_version_libnotify/data/icons/24x24/Makefile.am
osmo-0.2.10-patched_96dpi_version_libnotify/data/icons/24x24/Makefile.in
osmo-0.2.10-patched_96dpi_version_libnotify/data/icons/24x24/osmo.png
osmo-0.2.10-patched_96dpi_version_libnotify/data/icons/Makefile.in
osmo-0.2.10-patched_96dpi_version_libnotify/data/icons/22x22/
osmo-0.2.10-patched_96dpi_version_libnotify/data/icons/22x22/Makefile.am
osmo-0.2.10-patched_96dpi_version_libnotify/data/icons/22x22/Makefile.in
osmo-0.2.10-patched_96dpi_version_libnotify/data/icons/22x22/osmo.png
osmo-0.2.10-patched_96dpi_version_libnotify/README
osmo-0.2.10-patched_96dpi_version_libnotify/configure
osmo-0.2.10-patched_96dpi_version_libnotify/TRANSLATORS
osmo-0.2.10-patched_96dpi_version_libnotify/config.h.in
osmo-0.2.10-patched_96dpi_version_libnotify/Makefile.in
osmo-0.2.10-patched_96dpi_version_libnotify/po/
osmo-0.2.10-patched_96dpi_version_libnotify/po/it.po
osmo-0.2.10-patched_96dpi_version_libnotify/po/ru.po
osmo-0.2.10-patched_96dpi_version_libnotify/po/fr.po
osmo-0.2.10-patched_96dpi_version_libnotify/po/en_GB.po
osmo-0.2.10-patched_96dpi_version_libnotify/po/osmo.pot
osmo-0.2.10-patched_96dpi_version_libnotify/po/tr.po
osmo-0.2.10-patched_96dpi_version_libnotify/po/hu.po
osmo-0.2.10-patched_96dpi_version_libnotify/po/Makefile.am
osmo-0.2.10-patched_96dpi_version_libnotify/po/fi.po
osmo-0.2.10-patched_96dpi_version_libnotify/po/da.po
osmo-0.2.10-patched_96dpi_version_libnotify/po/cs.po
osmo-0.2.10-patched_96dpi_version_libnotify/po/pt.po
osmo-0.2.10-patched_96dpi_version_libnotify/po/README
osmo-0.2.10-patched_96dpi_version_libnotify/po/pl.po
osmo-0.2.10-patched_96dpi_version_libnotify/po/sv.po
osmo-0.2.10-patched_96dpi_version_libnotify/po/nl.po
osmo-0.2.10-patched_96dpi_version_libnotify/po/ca.po
osmo-0.2.10-patched_96dpi_version_libnotify/po/el.po
osmo-0.2.10-patched_96dpi_version_libnotify/po/uk.po
osmo-0.2.10-patched_96dpi_version_libnotify/po/lt.po
osmo-0.2.10-patched_96dpi_version_libnotify/po/Makefile.in
osmo-0.2.10-patched_96dpi_version_libnotify/po/bg.po
osmo-0.2.10-patched_96dpi_version_libnotify/po/de.po
osmo-0.2.10-patched_96dpi_version_libnotify/po/zh_CN.po
osmo-0.2.10-patched_96dpi_version_libnotify/po/es.po
osmo-0.2.10-patched_96dpi_version_libnotify/po/ja.po
osmo-0.2.10-patched_96dpi_version_libnotify/depcomp
osmo-0.2.10-patched_96dpi_version_libnotify/configure.ac
osmo-0.2.10-patched_96dpi_version_libnotify/src/
osmo-0.2.10-patched_96dpi_version_libnotify/src/calendar_print.h
osmo-0.2.10-patched_96dpi_version_libnotify/src/calendar.h
osmo-0.2.10-patched_96dpi_version_libnotify/src/calendar_preferences_gui.c
osmo-0.2.10-patched_96dpi_version_libnotify/src/backup.c
osmo-0.2.10-patched_96dpi_version_libnotify/src/tasks_items.h
osmo-0.2.10-patched_96dpi_version_libnotify/src/calendar_moon.h
osmo-0.2.10-patched_96dpi_version_libnotify/src/calendar_timeline.c
osmo-0.2.10-patched_96dpi_version_libnotify/src/options_prefs.c
osmo-0.2.10-patched_96dpi_version_libnotify/src/tasks_utils.h
osmo-0.2.10-patched_96dpi_version_libnotify/src/contacts_preferences_gui.h
osmo-0.2.10-patched_96dpi_version_libnotify/src/calendar_fullyear.c
osmo-0.2.10-patched_96dpi_version_libnotify/src/gui.h
osmo-0.2.10-patched_96dpi_version_libnotify/src/notes.h
osmo-0.2.10-patched_96dpi_version_libnotify/src/contacts.h
osmo-0.2.10-patched_96dpi_version_libnotify/src/calendar_ical.h
osmo-0.2.10-patched_96dpi_version_libnotify/src/stock_icons.c
osmo-0.2.10-patched_96dpi_version_libnotify/src/tasks_export.h
osmo-0.2.10-patched_96dpi_version_libnotify/src/gui_icon.h
osmo-0.2.10-patched_96dpi_version_libnotify/src/contacts_preferences_gui.c
osmo-0.2.10-patched_96dpi_version_libnotify/src/main.c
osmo-0.2.10-patched_96dpi_version_libnotify/src/utils_date.h
osmo-0.2.10-patched_96dpi_version_libnotify/src/calendar_preferences_gui.h
osmo-0.2.10-patched_96dpi_version_libnotify/src/about.h
osmo-0.2.10-patched_96dpi_version_libnotify/src/check_events.c
osmo-0.2.10-patched_96dpi_version_libnotify/src/contacts_export.h
osmo-0.2.10-patched_96dpi_version_libnotify/src/contacts_items.c
osmo-0.2.10-patched_96dpi_version_libnotify/src/about.c
osmo-0.2.10-patched_96dpi_version_libnotify/src/contacts_items.h
osmo-0.2.10-patched_96dpi_version_libnotify/src/notes_preferences_gui.c
osmo-0.2.10-patched_96dpi_version_libnotify/src/calendar_print.c
osmo-0.2.10-patched_96dpi_version_libnotify/src/utils_date_time.h
osmo-0.2.10-patched_96dpi_version_libnotify/src/stock_icons.h
osmo-0.2.10-patched_96dpi_version_libnotify/src/utils.h
osmo-0.2.10-patched_96dpi_version_libnotify/src/calendar_notes.h
osmo-0.2.10-patched_96dpi_version_libnotify/src/preferences_gui.h
osmo-0.2.10-patched_96dpi_version_libnotify/src/tasks_export.c
osmo-0.2.10-patched_96dpi_version_libnotify/src/calendar_fullyear.h
osmo-0.2.10-patched_96dpi_version_libnotify/src/Makefile.am
osmo-0.2.10-patched_96dpi_version_libnotify/src/tasks_print.c
osmo-0.2.10-patched_96dpi_version_libnotify/src/calendar_timeline.h
osmo-0.2.10-patched_96dpi_version_libnotify/src/utils_date.c
osmo-0.2.10-patched_96dpi_version_libnotify/src/calendar_calc.h
osmo-0.2.10-patched_96dpi_version_libnotify/src/utils.c
osmo-0.2.10-patched_96dpi_version_libnotify/src/backup.h
osmo-0.2.10-patched_96dpi_version_libnotify/src/calendar_calc.c
osmo-0.2.10-patched_96dpi_version_libnotify/src/contacts.c
osmo-0.2.10-patched_96dpi_version_libnotify/src/calendar_widget.h
osmo-0.2.10-patched_96dpi_version_libnotify/src/contacts_import_syncml.h
osmo-0.2.10-patched_96dpi_version_libnotify/src/calendar_ical.c
osmo-0.2.10-patched_96dpi_version_libnotify/src/tasks_utils.c
osmo-0.2.10-patched_96dpi_version_libnotify/src/calendar_notes.c
osmo-0.2.10-patched_96dpi_version_libnotify/src/utils_time.h
osmo-0.2.10-patched_96dpi_version_libnotify/src/utils_time.c
osmo-0.2.10-patched_96dpi_version_libnotify/src/contacts_birthdays.c
osmo-0.2.10-patched_96dpi_version_libnotify/src/notes_items.h
osmo-0.2.10-patched_96dpi_version_libnotify/src/calendar_utils.h
osmo-0.2.10-patched_96dpi_version_libnotify/src/contacts_import.c
osmo-0.2.10-patched_96dpi_version_libnotify/src/tasks.h
osmo-0.2.10-patched_96dpi_version_libnotify/src/calendar_widget.c
osmo-0.2.10-patched_96dpi_version_libnotify/src/preferences_gui.c
osmo-0.2.10-patched_96dpi_version_libnotify/src/check_events.h
osmo-0.2.10-patched_96dpi_version_libnotify/src/contacts_import_csv.c
osmo-0.2.10-patched_96dpi_version_libnotify/src/i18n.h
osmo-0.2.10-patched_96dpi_version_libnotify/src/calendar_jumpto.h
osmo-0.2.10-patched_96dpi_version_libnotify/src/options_prefs.h
osmo-0.2.10-patched_96dpi_version_libnotify/src/contacts_import.h
osmo-0.2.10-patched_96dpi_version_libnotify/src/Makefile.in
osmo-0.2.10-patched_96dpi_version_libnotify/src/contacts_import_vcard.h
osmo-0.2.10-patched_96dpi_version_libnotify/src/stock_icons_data.h
osmo-0.2.10-patched_96dpi_version_libnotify/src/contacts_export.c
osmo-0.2.10-patched_96dpi_version_libnotify/src/notes.c
osmo-0.2.10-patched_96dpi_version_libnotify/src/gui.c
osmo-0.2.10-patched_96dpi_version_libnotify/src/contacts_birthdays.h
osmo-0.2.10-patched_96dpi_version_libnotify/src/notes_preferences_gui.h
osmo-0.2.10-patched_96dpi_version_libnotify/src/contacts_import_vcard.c
osmo-0.2.10-patched_96dpi_version_libnotify/src/utils_gui.c
osmo-0.2.10-patched_96dpi_version_libnotify/src/tasks_print.h
osmo-0.2.10-patched_96dpi_version_libnotify/src/calendar_jumpto.c
osmo-0.2.10-patched_96dpi_version_libnotify/src/tasks_preferences_gui.c
osmo-0.2.10-patched_96dpi_version_libnotify/src/tasks_preferences_gui.h
osmo-0.2.10-patched_96dpi_version_libnotify/src/contacts_import_csv.h
osmo-0.2.10-patched_96dpi_version_libnotify/src/notes_items.c
osmo-0.2.10-patched_96dpi_version_libnotify/src/calendar.c
osmo-0.2.10-patched_96dpi_version_libnotify/src/calendar_utils.c
osmo-0.2.10-patched_96dpi_version_libnotify/src/utils_date_time.c
osmo-0.2.10-patched_96dpi_version_libnotify/src/utils_gui.h
osmo-0.2.10-patched_96dpi_version_libnotify/src/tasks_items.c
osmo-0.2.10-patched_96dpi_version_libnotify/src/gui_logo.h
osmo-0.2.10-patched_96dpi_version_libnotify/src/tasks.c
osmo-0.2.10-patched_96dpi_version_libnotify/src/contacts_import_syncml.c
checking for a BSD-compatible install... /usr/bin/ginstall -c
checking whether build environment is sane... yes
checking for a thread-safe mkdir -p... ./install-sh -c -d
checking for gawk... gawk
checking whether make sets $(MAKE)... yes
checking for type of build... checking for pkg-config... /usr/bin/pkg-config
checking pkg-config is at least version 0.9.0... yes
checking for gcc... gcc
checking for C compiler default output file name... a.out
checking whether the C compiler works... yes
checking whether we are cross compiling... no
checking for suffix of executables... 
checking for suffix of object files... o
checking whether we are using the GNU C compiler... yes
checking whether gcc accepts -g... yes
checking for gcc option to accept ISO C89... none needed
checking for style of include used by make... GNU
checking dependency style of gcc... gcc3
checking how to run the C preprocessor... gcc -E
checking for grep that handles long lines and -e... /bin/grep
checking for egrep... /bin/grep -E
checking for ANSI C header files... yes
checking for sys/types.h... yes
checking for sys/stat.h... yes
checking for stdlib.h... yes
checking for string.h... yes
checking for memory.h... yes
checking for strings.h... yes
checking for inttypes.h... yes
checking for stdint.h... yes
checking for unistd.h... yes
checking libintl.h usability... yes
checking libintl.h presence... yes
checking for libintl.h... yes
checking locale.h usability... yes
checking locale.h presence... yes
checking for locale.h... yes
checking limits.h usability... yes
checking limits.h presence... yes
checking for limits.h... yes
checking fcntl.h usability... yes
checking fcntl.h presence... yes
checking for fcntl.h... yes
checking for stdlib.h... (cached) yes
checking for string.h... (cached) yes
checking sys/time.h usability... yes
checking sys/time.h presence... yes
checking for sys/time.h... yes
checking for unistd.h... (cached) yes
checking pthread.h usability... yes
checking pthread.h presence... yes
checking for pthread.h... yes
checking for an ANSI C-conforming const... yes
checking whether struct tm is in sys/time.h or time.h... time.h
checking for size_t... yes
checking whether lstat dereferences a symlink specified with a trailing slash... yes
checking whether stat accepts an empty string... no
checking for strftime... yes
checking for floor... no
checking for memset... yes
checking for setlocale... yes
checking for strncasecmp... yes
checking for strstr... yes
checking for strtol... yes
checking for msgfmt... /usr/bin/msgfmt
checking for pkg-config... /usr/bin/pkg-config
checking for GTK+ - version >= 2.12.0... yes (version 2.24.20)
checking for xml2-config... /usr/bin/xml2-config
checking for libxml - version >= 2.0.0... yes (version 2.9.1)
checking for GTHREAD... yes
checking for tar_append_file in -ltar... no
checking for grg_context_initialize_defaults in -lgringotts... no
checking for LIBICAL... no
checking for GTKSPELL... no
checking for LIBNOTIFY... yes
checking for LIBGTKHTML... yes
checking for LIBSYNCML... no
checking for PANGO_1_20... yes
configure: creating ./config.status
config.status: creating Makefile
config.status: creating src/Makefile
config.status: creating po/Makefile
config.status: creating data/Makefile
config.status: creating data/icons/Makefile
config.status: creating data/icons/16x16/Makefile
config.status: creating data/icons/22x22/Makefile
config.status: creating data/icons/24x24/Makefile
config.status: creating data/icons/32x32/Makefile
config.status: creating data/icons/48x48/Makefile
config.status: creating data/icons/scalable/Makefile
config.status: creating data/pixmaps/Makefile
config.status: creating data/sounds/Makefile
config.status: creating config.h
config.status: executing depfiles commands

Configuration:

    Prefix:             /usr
    Debug enabled:      no

    Backup support:     no (libgringotts and libtar are required)
    Printing support:   yes

Enabled modules:

    Calendar:           yes (always)
    Tasks:              yes
    Contacts:           yes (libgtkhtml is required)
    Notes:              yes

Optional features:

    gtkspell:           no
    libical:            no
    libnotify:          yes
    libgtkhtml:         yes
    libtar:             no
    libgringotts:       no
    libsyncml:          no

make  all-recursive
make[1]: Entering directory `/mnt/sda6/00_new-woof/petbuilds-slacko-32/builds/osmo/osmo-0.2.10.0-patched'
Making all in src
make[2]: Entering directory `/mnt/sda6/00_new-woof/petbuilds-slacko-32/builds/osmo/osmo-0.2.10.0-patched/src'
gcc -DHAVE_CONFIG_H -I. -I..  -DLOCALEDIR=\"/usr/share/locale\"  -DDATADIR=\"/usr/share\" -DSOUNDSDIR=\"/usr/share/sounds\" -pthread -I/usr/include/gtk-2.0 -I/usr/lib/gtk-2.0/include -I/usr/include/atk-1.0 -I/usr/include/cairo -I/usr/include/gdk-pixbuf-2.0 -I/usr/include/pango-1.0 -I/usr/include/glib-2.0 -I/usr/lib/glib-2.0/include -I/usr/include/pixman-1 -I/usr/include/freetype2 -I/usr/include/libpng14 -I/usr/include/libdrm -I/usr/include/harfbuzz   -I/usr/include/libxml2 -Wall   -Wall  -D_GNU_SOURCE  -pthread -I/usr/include/gdk-pixbuf-2.0 -I/usr/include/glib-2.0 -I/usr/lib/glib-2.0/include -I/usr/include/libpng14   -pthread -I/usr/include/gtkhtml-2.0 -I/usr/include/gtk-2.0 -I/usr/include/gdk-pixbuf-2.0 -I/usr/include/libxml2 -I/usr/lib/gtk-2.0/include -I/usr/include/atk-1.0 -I/usr/include/cairo -I/usr/include/pango-1.0 -I/usr/include/glib-2.0 -I/usr/lib/glib-2.0/include -I/usr/include/pixman-1 -I/usr/include/freetype2 -I/usr/include/libpng14 -I/usr/include/libdrm -I/usr/include/harfbuzz       -MT about.o -MD -MP -MF .deps/about.Tpo -c -o about.o about.c
gcc -DHAVE_CONFIG_H -I. -I..  -DLOCALEDIR=\"/usr/share/locale\"  -DDATADIR=\"/usr/share\" -DSOUNDSDIR=\"/usr/share/sounds\" -pthread -I/usr/include/gtk-2.0 -I/usr/lib/gtk-2.0/include -I/usr/include/atk-1.0 -I/usr/include/cairo -I/usr/include/gdk-pixbuf-2.0 -I/usr/include/pango-1.0 -I/usr/include/glib-2.0 -I/usr/lib/glib-2.0/include -I/usr/include/pixman-1 -I/usr/include/freetype2 -I/usr/include/libpng14 -I/usr/include/libdrm -I/usr/include/harfbuzz   -I/usr/include/libxml2 -Wall   -Wall  -D_GNU_SOURCE  -pthread -I/usr/include/gdk-pixbuf-2.0 -I/usr/include/glib-2.0 -I/usr/lib/glib-2.0/include -I/usr/include/libpng14   -pthread -I/usr/include/gtkhtml-2.0 -I/usr/include/gtk-2.0 -I/usr/include/gdk-pixbuf-2.0 -I/usr/include/libxml2 -I/usr/lib/gtk-2.0/include -I/usr/include/atk-1.0 -I/usr/include/cairo -I/usr/include/pango-1.0 -I/usr/include/glib-2.0 -I/usr/lib/glib-2.0/include -I/usr/include/pixman-1 -I/usr/include/freetype2 -I/usr/include/libpng14 -I/usr/include/libdrm -I/usr/include/harfbuzz       -MT backup.o -MD -MP -MF .deps/backup.Tpo -c -o backup.o backup.c
gcc -DHAVE_CONFIG_H -I. -I..  -DLOCALEDIR=\"/usr/share/locale\"  -DDATADIR=\"/usr/share\" -DSOUNDSDIR=\"/usr/share/sounds\" -pthread -I/usr/include/gtk-2.0 -I/usr/lib/gtk-2.0/include -I/usr/include/atk-1.0 -I/usr/include/cairo -I/usr/include/gdk-pixbuf-2.0 -I/usr/include/pango-1.0 -I/usr/include/glib-2.0 -I/usr/lib/glib-2.0/include -I/usr/include/pixman-1 -I/usr/include/freetype2 -I/usr/include/libpng14 -I/usr/include/libdrm -I/usr/include/harfbuzz   -I/usr/include/libxml2 -Wall   -Wall  -D_GNU_SOURCE  -pthread -I/usr/include/gdk-pixbuf-2.0 -I/usr/include/glib-2.0 -I/usr/lib/glib-2.0/include -I/usr/include/libpng14   -pthread -I/usr/include/gtkhtml-2.0 -I/usr/include/gtk-2.0 -I/usr/include/gdk-pixbuf-2.0 -I/usr/include/libxml2 -I/usr/lib/gtk-2.0/include -I/usr/include/atk-1.0 -I/usr/include/cairo -I/usr/include/pango-1.0 -I/usr/include/glib-2.0 -I/usr/lib/glib-2.0/include -I/usr/include/pixman-1 -I/usr/include/freetype2 -I/usr/include/libpng14 -I/usr/include/libdrm -I/usr/include/harfbuzz       -MT calendar.o -MD -MP -MF .deps/calendar.Tpo -c -o calendar.o calendar.c
gcc -DHAVE_CONFIG_H -I. -I..  -DLOCALEDIR=\"/usr/share/locale\"  -DDATADIR=\"/usr/share\" -DSOUNDSDIR=\"/usr/share/sounds\" -pthread -I/usr/include/gtk-2.0 -I/usr/lib/gtk-2.0/include -I/usr/include/atk-1.0 -I/usr/include/cairo -I/usr/include/gdk-pixbuf-2.0 -I/usr/include/pango-1.0 -I/usr/include/glib-2.0 -I/usr/lib/glib-2.0/include -I/usr/include/pixman-1 -I/usr/include/freetype2 -I/usr/include/libpng14 -I/usr/include/libdrm -I/usr/include/harfbuzz   -I/usr/include/libxml2 -Wall   -Wall  -D_GNU_SOURCE  -pthread -I/usr/include/gdk-pixbuf-2.0 -I/usr/include/glib-2.0 -I/usr/lib/glib-2.0/include -I/usr/include/libpng14   -pthread -I/usr/include/gtkhtml-2.0 -I/usr/include/gtk-2.0 -I/usr/include/gdk-pixbuf-2.0 -I/usr/include/libxml2 -I/usr/lib/gtk-2.0/include -I/usr/include/atk-1.0 -I/usr/include/cairo -I/usr/include/pango-1.0 -I/usr/include/glib-2.0 -I/usr/lib/glib-2.0/include -I/usr/include/pixman-1 -I/usr/include/freetype2 -I/usr/include/libpng14 -I/usr/include/libdrm -I/usr/include/harfbuzz       -MT calendar_calc.o -MD -MP -MF .deps/calendar_calc.Tpo -c -o calendar_calc.o calendar_calc.c
mv -f .deps/backup.Tpo .deps/backup.Po
gcc -DHAVE_CONFIG_H -I. -I..  -DLOCALEDIR=\"/usr/share/locale\"  -DDATADIR=\"/usr/share\" -DSOUNDSDIR=\"/usr/share/sounds\" -pthread -I/usr/include/gtk-2.0 -I/usr/lib/gtk-2.0/include -I/usr/include/atk-1.0 -I/usr/include/cairo -I/usr/include/gdk-pixbuf-2.0 -I/usr/include/pango-1.0 -I/usr/include/glib-2.0 -I/usr/lib/glib-2.0/include -I/usr/include/pixman-1 -I/usr/include/freetype2 -I/usr/include/libpng14 -I/usr/include/libdrm -I/usr/include/harfbuzz   -I/usr/include/libxml2 -Wall   -Wall  -D_GNU_SOURCE  -pthread -I/usr/include/gdk-pixbuf-2.0 -I/usr/include/glib-2.0 -I/usr/lib/glib-2.0/include -I/usr/include/libpng14   -pthread -I/usr/include/gtkhtml-2.0 -I/usr/include/gtk-2.0 -I/usr/include/gdk-pixbuf-2.0 -I/usr/include/libxml2 -I/usr/lib/gtk-2.0/include -I/usr/include/atk-1.0 -I/usr/include/cairo -I/usr/include/pango-1.0 -I/usr/include/glib-2.0 -I/usr/lib/glib-2.0/include -I/usr/include/pixman-1 -I/usr/include/freetype2 -I/usr/include/libpng14 -I/usr/include/libdrm -I/usr/include/harfbuzz       -MT calendar_fullyear.o -MD -MP -MF .deps/calendar_fullyear.Tpo -c -o calendar_fullyear.o calendar_fullyear.c
calendar.c: In function ‘calendar_mark_events’:
calendar.c:2411:10: warning: variable ‘flag’ set but not used [-Wunused-but-set-variable]
 gboolean flag = FALSE;
          ^
mv -f .deps/about.Tpo .deps/about.Po
gcc -DHAVE_CONFIG_H -I. -I..  -DLOCALEDIR=\"/usr/share/locale\"  -DDATADIR=\"/usr/share\" -DSOUNDSDIR=\"/usr/share/sounds\" -pthread -I/usr/include/gtk-2.0 -I/usr/lib/gtk-2.0/include -I/usr/include/atk-1.0 -I/usr/include/cairo -I/usr/include/gdk-pixbuf-2.0 -I/usr/include/pango-1.0 -I/usr/include/glib-2.0 -I/usr/lib/glib-2.0/include -I/usr/include/pixman-1 -I/usr/include/freetype2 -I/usr/include/libpng14 -I/usr/include/libdrm -I/usr/include/harfbuzz   -I/usr/include/libxml2 -Wall   -Wall  -D_GNU_SOURCE  -pthread -I/usr/include/gdk-pixbuf-2.0 -I/usr/include/glib-2.0 -I/usr/lib/glib-2.0/include -I/usr/include/libpng14   -pthread -I/usr/include/gtkhtml-2.0 -I/usr/include/gtk-2.0 -I/usr/include/gdk-pixbuf-2.0 -I/usr/include/libxml2 -I/usr/lib/gtk-2.0/include -I/usr/include/atk-1.0 -I/usr/include/cairo -I/usr/include/pango-1.0 -I/usr/include/glib-2.0 -I/usr/lib/glib-2.0/include -I/usr/include/pixman-1 -I/usr/include/freetype2 -I/usr/include/libpng14 -I/usr/include/libdrm -I/usr/include/harfbuzz       -MT calendar_ical.o -MD -MP -MF .deps/calendar_ical.Tpo -c -o calendar_ical.o calendar_ical.c
mv -f .deps/calendar_calc.Tpo .deps/calendar_calc.Po
gcc -DHAVE_CONFIG_H -I. -I..  -DLOCALEDIR=\"/usr/share/locale\"  -DDATADIR=\"/usr/share\" -DSOUNDSDIR=\"/usr/share/sounds\" -pthread -I/usr/include/gtk-2.0 -I/usr/lib/gtk-2.0/include -I/usr/include/atk-1.0 -I/usr/include/cairo -I/usr/include/gdk-pixbuf-2.0 -I/usr/include/pango-1.0 -I/usr/include/glib-2.0 -I/usr/lib/glib-2.0/include -I/usr/include/pixman-1 -I/usr/include/freetype2 -I/usr/include/libpng14 -I/usr/include/libdrm -I/usr/include/harfbuzz   -I/usr/include/libxml2 -Wall   -Wall  -D_GNU_SOURCE  -pthread -I/usr/include/gdk-pixbuf-2.0 -I/usr/include/glib-2.0 -I/usr/lib/glib-2.0/include -I/usr/include/libpng14   -pthread -I/usr/include/gtkhtml-2.0 -I/usr/include/gtk-2.0 -I/usr/include/gdk-pixbuf-2.0 -I/usr/include/libxml2 -I/usr/lib/gtk-2.0/include -I/usr/include/atk-1.0 -I/usr/include/cairo -I/usr/include/pango-1.0 -I/usr/include/glib-2.0 -I/usr/lib/glib-2.0/include -I/usr/include/pixman-1 -I/usr/include/freetype2 -I/usr/include/libpng14 -I/usr/include/libdrm -I/usr/include/harfbuzz       -MT calendar_jumpto.o -MD -MP -MF .deps/calendar_jumpto.Tpo -c -o calendar_jumpto.o calendar_jumpto.c
mv -f .deps/calendar.Tpo .deps/calendar.Po
gcc -DHAVE_CONFIG_H -I. -I..  -DLOCALEDIR=\"/usr/share/locale\"  -DDATADIR=\"/usr/share\" -DSOUNDSDIR=\"/usr/share/sounds\" -pthread -I/usr/include/gtk-2.0 -I/usr/lib/gtk-2.0/include -I/usr/include/atk-1.0 -I/usr/include/cairo -I/usr/include/gdk-pixbuf-2.0 -I/usr/include/pango-1.0 -I/usr/include/glib-2.0 -I/usr/lib/glib-2.0/include -I/usr/include/pixman-1 -I/usr/include/freetype2 -I/usr/include/libpng14 -I/usr/include/libdrm -I/usr/include/harfbuzz   -I/usr/include/libxml2 -Wall   -Wall  -D_GNU_SOURCE  -pthread -I/usr/include/gdk-pixbuf-2.0 -I/usr/include/glib-2.0 -I/usr/lib/glib-2.0/include -I/usr/include/libpng14   -pthread -I/usr/include/gtkhtml-2.0 -I/usr/include/gtk-2.0 -I/usr/include/gdk-pixbuf-2.0 -I/usr/include/libxml2 -I/usr/lib/gtk-2.0/include -I/usr/include/atk-1.0 -I/usr/include/cairo -I/usr/include/pango-1.0 -I/usr/include/glib-2.0 -I/usr/lib/glib-2.0/include -I/usr/include/pixman-1 -I/usr/include/freetype2 -I/usr/include/libpng14 -I/usr/include/libdrm -I/usr/include/harfbuzz       -MT calendar_notes.o -MD -MP -MF .deps/calendar_notes.Tpo -c -o calendar_notes.o calendar_notes.c
mv -f .deps/calendar_fullyear.Tpo .deps/calendar_fullyear.Po
gcc -DHAVE_CONFIG_H -I. -I..  -DLOCALEDIR=\"/usr/share/locale\"  -DDATADIR=\"/usr/share\" -DSOUNDSDIR=\"/usr/share/sounds\" -pthread -I/usr/include/gtk-2.0 -I/usr/lib/gtk-2.0/include -I/usr/include/atk-1.0 -I/usr/include/cairo -I/usr/include/gdk-pixbuf-2.0 -I/usr/include/pango-1.0 -I/usr/include/glib-2.0 -I/usr/lib/glib-2.0/include -I/usr/include/pixman-1 -I/usr/include/freetype2 -I/usr/include/libpng14 -I/usr/include/libdrm -I/usr/include/harfbuzz   -I/usr/include/libxml2 -Wall   -Wall  -D_GNU_SOURCE  -pthread -I/usr/include/gdk-pixbuf-2.0 -I/usr/include/glib-2.0 -I/usr/lib/glib-2.0/include -I/usr/include/libpng14   -pthread -I/usr/include/gtkhtml-2.0 -I/usr/include/gtk-2.0 -I/usr/include/gdk-pixbuf-2.0 -I/usr/include/libxml2 -I/usr/lib/gtk-2.0/include -I/usr/include/atk-1.0 -I/usr/include/cairo -I/usr/include/pango-1.0 -I/usr/include/glib-2.0 -I/usr/lib/glib-2.0/include -I/usr/include/pixman-1 -I/usr/include/freetype2 -I/usr/include/libpng14 -I/usr/include/libdrm -I/usr/include/harfbuzz       -MT calendar_print.o -MD -MP -MF .deps/calendar_print.Tpo -c -o calendar_print.o calendar_print.c
mv -f .deps/calendar_ical.Tpo .deps/calendar_ical.Po
gcc -DHAVE_CONFIG_H -I. -I..  -DLOCALEDIR=\"/usr/share/locale\"  -DDATADIR=\"/usr/share\" -DSOUNDSDIR=\"/usr/share/sounds\" -pthread -I/usr/include/gtk-2.0 -I/usr/lib/gtk-2.0/include -I/usr/include/atk-1.0 -I/usr/include/cairo -I/usr/include/gdk-pixbuf-2.0 -I/usr/include/pango-1.0 -I/usr/include/glib-2.0 -I/usr/lib/glib-2.0/include -I/usr/include/pixman-1 -I/usr/include/freetype2 -I/usr/include/libpng14 -I/usr/include/libdrm -I/usr/include/harfbuzz   -I/usr/include/libxml2 -Wall   -Wall  -D_GNU_SOURCE  -pthread -I/usr/include/gdk-pixbuf-2.0 -I/usr/include/glib-2.0 -I/usr/lib/glib-2.0/include -I/usr/include/libpng14   -pthread -I/usr/include/gtkhtml-2.0 -I/usr/include/gtk-2.0 -I/usr/include/gdk-pixbuf-2.0 -I/usr/include/libxml2 -I/usr/lib/gtk-2.0/include -I/usr/include/atk-1.0 -I/usr/include/cairo -I/usr/include/pango-1.0 -I/usr/include/glib-2.0 -I/usr/lib/glib-2.0/include -I/usr/include/pixman-1 -I/usr/include/freetype2 -I/usr/include/libpng14 -I/usr/include/libdrm -I/usr/include/harfbuzz       -MT calendar_preferences_gui.o -MD -MP -MF .deps/calendar_preferences_gui.Tpo -c -o calendar_preferences_gui.o calendar_preferences_gui.c
mv -f .deps/calendar_jumpto.Tpo .deps/calendar_jumpto.Po
gcc -DHAVE_CONFIG_H -I. -I..  -DLOCALEDIR=\"/usr/share/locale\"  -DDATADIR=\"/usr/share\" -DSOUNDSDIR=\"/usr/share/sounds\" -pthread -I/usr/include/gtk-2.0 -I/usr/lib/gtk-2.0/include -I/usr/include/atk-1.0 -I/usr/include/cairo -I/usr/include/gdk-pixbuf-2.0 -I/usr/include/pango-1.0 -I/usr/include/glib-2.0 -I/usr/lib/glib-2.0/include -I/usr/include/pixman-1 -I/usr/include/freetype2 -I/usr/include/libpng14 -I/usr/include/libdrm -I/usr/include/harfbuzz   -I/usr/include/libxml2 -Wall   -Wall  -D_GNU_SOURCE  -pthread -I/usr/include/gdk-pixbuf-2.0 -I/usr/include/glib-2.0 -I/usr/lib/glib-2.0/include -I/usr/include/libpng14   -pthread -I/usr/include/gtkhtml-2.0 -I/usr/include/gtk-2.0 -I/usr/include/gdk-pixbuf-2.0 -I/usr/include/libxml2 -I/usr/lib/gtk-2.0/include -I/usr/include/atk-1.0 -I/usr/include/cairo -I/usr/include/pango-1.0 -I/usr/include/glib-2.0 -I/usr/lib/glib-2.0/include -I/usr/include/pixman-1 -I/usr/include/freetype2 -I/usr/include/libpng14 -I/usr/include/libdrm -I/usr/include/harfbuzz       -MT calendar_timeline.o -MD -MP -MF .deps/calendar_timeline.Tpo -c -o calendar_timeline.o calendar_timeline.c
mv -f .deps/calendar_notes.Tpo .deps/calendar_notes.Po
gcc -DHAVE_CONFIG_H -I. -I..  -DLOCALEDIR=\"/usr/share/locale\"  -DDATADIR=\"/usr/share\" -DSOUNDSDIR=\"/usr/share/sounds\" -pthread -I/usr/include/gtk-2.0 -I/usr/lib/gtk-2.0/include -I/usr/include/atk-1.0 -I/usr/include/cairo -I/usr/include/gdk-pixbuf-2.0 -I/usr/include/pango-1.0 -I/usr/include/glib-2.0 -I/usr/lib/glib-2.0/include -I/usr/include/pixman-1 -I/usr/include/freetype2 -I/usr/include/libpng14 -I/usr/include/libdrm -I/usr/include/harfbuzz   -I/usr/include/libxml2 -Wall   -Wall  -D_GNU_SOURCE  -pthread -I/usr/include/gdk-pixbuf-2.0 -I/usr/include/glib-2.0 -I/usr/lib/glib-2.0/include -I/usr/include/libpng14   -pthread -I/usr/include/gtkhtml-2.0 -I/usr/include/gtk-2.0 -I/usr/include/gdk-pixbuf-2.0 -I/usr/include/libxml2 -I/usr/lib/gtk-2.0/include -I/usr/include/atk-1.0 -I/usr/include/cairo -I/usr/include/pango-1.0 -I/usr/include/glib-2.0 -I/usr/lib/glib-2.0/include -I/usr/include/pixman-1 -I/usr/include/freetype2 -I/usr/include/libpng14 -I/usr/include/libdrm -I/usr/include/harfbuzz       -MT calendar_utils.o -MD -MP -MF .deps/calendar_utils.Tpo -c -o calendar_utils.o calendar_utils.c
mv -f .deps/calendar_print.Tpo .deps/calendar_print.Po
gcc -DHAVE_CONFIG_H -I. -I..  -DLOCALEDIR=\"/usr/share/locale\"  -DDATADIR=\"/usr/share\" -DSOUNDSDIR=\"/usr/share/sounds\" -pthread -I/usr/include/gtk-2.0 -I/usr/lib/gtk-2.0/include -I/usr/include/atk-1.0 -I/usr/include/cairo -I/usr/include/gdk-pixbuf-2.0 -I/usr/include/pango-1.0 -I/usr/include/glib-2.0 -I/usr/lib/glib-2.0/include -I/usr/include/pixman-1 -I/usr/include/freetype2 -I/usr/include/libpng14 -I/usr/include/libdrm -I/usr/include/harfbuzz   -I/usr/include/libxml2 -Wall   -Wall  -D_GNU_SOURCE  -pthread -I/usr/include/gdk-pixbuf-2.0 -I/usr/include/glib-2.0 -I/usr/lib/glib-2.0/include -I/usr/include/libpng14   -pthread -I/usr/include/gtkhtml-2.0 -I/usr/include/gtk-2.0 -I/usr/include/gdk-pixbuf-2.0 -I/usr/include/libxml2 -I/usr/lib/gtk-2.0/include -I/usr/include/atk-1.0 -I/usr/include/cairo -I/usr/include/pango-1.0 -I/usr/include/glib-2.0 -I/usr/lib/glib-2.0/include -I/usr/include/pixman-1 -I/usr/include/freetype2 -I/usr/include/libpng14 -I/usr/include/libdrm -I/usr/include/harfbuzz       -MT calendar_widget.o -MD -MP -MF .deps/calendar_widget.Tpo -c -o calendar_widget.o calendar_widget.c
mv -f .deps/calendar_preferences_gui.Tpo .deps/calendar_preferences_gui.Po
gcc -DHAVE_CONFIG_H -I. -I..  -DLOCALEDIR=\"/usr/share/locale\"  -DDATADIR=\"/usr/share\" -DSOUNDSDIR=\"/usr/share/sounds\" -pthread -I/usr/include/gtk-2.0 -I/usr/lib/gtk-2.0/include -I/usr/include/atk-1.0 -I/usr/include/cairo -I/usr/include/gdk-pixbuf-2.0 -I/usr/include/pango-1.0 -I/usr/include/glib-2.0 -I/usr/lib/glib-2.0/include -I/usr/include/pixman-1 -I/usr/include/freetype2 -I/usr/include/libpng14 -I/usr/include/libdrm -I/usr/include/harfbuzz   -I/usr/include/libxml2 -Wall   -Wall  -D_GNU_SOURCE  -pthread -I/usr/include/gdk-pixbuf-2.0 -I/usr/include/glib-2.0 -I/usr/lib/glib-2.0/include -I/usr/include/libpng14   -pthread -I/usr/include/gtkhtml-2.0 -I/usr/include/gtk-2.0 -I/usr/include/gdk-pixbuf-2.0 -I/usr/include/libxml2 -I/usr/lib/gtk-2.0/include -I/usr/include/atk-1.0 -I/usr/include/cairo -I/usr/include/pango-1.0 -I/usr/include/glib-2.0 -I/usr/lib/glib-2.0/include -I/usr/include/pixman-1 -I/usr/include/freetype2 -I/usr/include/libpng14 -I/usr/include/libdrm -I/usr/include/harfbuzz       -MT check_events.o -MD -MP -MF .deps/check_events.Tpo -c -o check_events.o check_events.c
mv -f .deps/calendar_timeline.Tpo .deps/calendar_timeline.Po
gcc -DHAVE_CONFIG_H -I. -I..  -DLOCALEDIR=\"/usr/share/locale\"  -DDATADIR=\"/usr/share\" -DSOUNDSDIR=\"/usr/share/sounds\" -pthread -I/usr/include/gtk-2.0 -I/usr/lib/gtk-2.0/include -I/usr/include/atk-1.0 -I/usr/include/cairo -I/usr/include/gdk-pixbuf-2.0 -I/usr/include/pango-1.0 -I/usr/include/glib-2.0 -I/usr/lib/glib-2.0/include -I/usr/include/pixman-1 -I/usr/include/freetype2 -I/usr/include/libpng14 -I/usr/include/libdrm -I/usr/include/harfbuzz   -I/usr/include/libxml2 -Wall   -Wall  -D_GNU_SOURCE  -pthread -I/usr/include/gdk-pixbuf-2.0 -I/usr/include/glib-2.0 -I/usr/lib/glib-2.0/include -I/usr/include/libpng14   -pthread -I/usr/include/gtkhtml-2.0 -I/usr/include/gtk-2.0 -I/usr/include/gdk-pixbuf-2.0 -I/usr/include/libxml2 -I/usr/lib/gtk-2.0/include -I/usr/include/atk-1.0 -I/usr/include/cairo -I/usr/include/pango-1.0 -I/usr/include/glib-2.0 -I/usr/lib/glib-2.0/include -I/usr/include/pixman-1 -I/usr/include/freetype2 -I/usr/include/libpng14 -I/usr/include/libdrm -I/usr/include/harfbuzz       -MT contacts.o -MD -MP -MF .deps/contacts.Tpo -c -o contacts.o contacts.c
mv -f .deps/calendar_utils.Tpo .deps/calendar_utils.Po
gcc -DHAVE_CONFIG_H -I. -I..  -DLOCALEDIR=\"/usr/share/locale\"  -DDATADIR=\"/usr/share\" -DSOUNDSDIR=\"/usr/share/sounds\" -pthread -I/usr/include/gtk-2.0 -I/usr/lib/gtk-2.0/include -I/usr/include/atk-1.0 -I/usr/include/cairo -I/usr/include/gdk-pixbuf-2.0 -I/usr/include/pango-1.0 -I/usr/include/glib-2.0 -I/usr/lib/glib-2.0/include -I/usr/include/pixman-1 -I/usr/include/freetype2 -I/usr/include/libpng14 -I/usr/include/libdrm -I/usr/include/harfbuzz   -I/usr/include/libxml2 -Wall   -Wall  -D_GNU_SOURCE  -pthread -I/usr/include/gdk-pixbuf-2.0 -I/usr/include/glib-2.0 -I/usr/lib/glib-2.0/include -I/usr/include/libpng14   -pthread -I/usr/include/gtkhtml-2.0 -I/usr/include/gtk-2.0 -I/usr/include/gdk-pixbuf-2.0 -I/usr/include/libxml2 -I/usr/lib/gtk-2.0/include -I/usr/include/atk-1.0 -I/usr/include/cairo -I/usr/include/pango-1.0 -I/usr/include/glib-2.0 -I/usr/lib/glib-2.0/include -I/usr/include/pixman-1 -I/usr/include/freetype2 -I/usr/include/libpng14 -I/usr/include/libdrm -I/usr/include/harfbuzz       -MT contacts_birthdays.o -MD -MP -MF .deps/contacts_birthdays.Tpo -c -o contacts_birthdays.o contacts_birthdays.c
check_events.c: In function ‘notify_tasks’:
check_events.c:405:6: warning: variable ‘current_time’ set but not used [-Wunused-but-set-variable]
 gint current_time;
      ^
check_events.c:404:9: warning: variable ‘current_date’ set but not used [-Wunused-but-set-variable]
 guint32 current_date;
         ^
mv -f .deps/contacts.Tpo .deps/contacts.Po
gcc -DHAVE_CONFIG_H -I. -I..  -DLOCALEDIR=\"/usr/share/locale\"  -DDATADIR=\"/usr/share\" -DSOUNDSDIR=\"/usr/share/sounds\" -pthread -I/usr/include/gtk-2.0 -I/usr/lib/gtk-2.0/include -I/usr/include/atk-1.0 -I/usr/include/cairo -I/usr/include/gdk-pixbuf-2.0 -I/usr/include/pango-1.0 -I/usr/include/glib-2.0 -I/usr/lib/glib-2.0/include -I/usr/include/pixman-1 -I/usr/include/freetype2 -I/usr/include/libpng14 -I/usr/include/libdrm -I/usr/include/harfbuzz   -I/usr/include/libxml2 -Wall   -Wall  -D_GNU_SOURCE  -pthread -I/usr/include/gdk-pixbuf-2.0 -I/usr/include/glib-2.0 -I/usr/lib/glib-2.0/include -I/usr/include/libpng14   -pthread -I/usr/include/gtkhtml-2.0 -I/usr/include/gtk-2.0 -I/usr/include/gdk-pixbuf-2.0 -I/usr/include/libxml2 -I/usr/lib/gtk-2.0/include -I/usr/include/atk-1.0 -I/usr/include/cairo -I/usr/include/pango-1.0 -I/usr/include/glib-2.0 -I/usr/lib/glib-2.0/include -I/usr/include/pixman-1 -I/usr/include/freetype2 -I/usr/include/libpng14 -I/usr/include/libdrm -I/usr/include/harfbuzz       -MT contacts_import.o -MD -MP -MF .deps/contacts_import.Tpo -c -o contacts_import.o contacts_import.c
mv -f .deps/check_events.Tpo .deps/check_events.Po
mv -f .deps/contacts_birthdays.Tpo .deps/contacts_birthdays.Po
gcc -DHAVE_CONFIG_H -I. -I..  -DLOCALEDIR=\"/usr/share/locale\"  -DDATADIR=\"/usr/share\" -DSOUNDSDIR=\"/usr/share/sounds\" -pthread -I/usr/include/gtk-2.0 -I/usr/lib/gtk-2.0/include -I/usr/include/atk-1.0 -I/usr/include/cairo -I/usr/include/gdk-pixbuf-2.0 -I/usr/include/pango-1.0 -I/usr/include/glib-2.0 -I/usr/lib/glib-2.0/include -I/usr/include/pixman-1 -I/usr/include/freetype2 -I/usr/include/libpng14 -I/usr/include/libdrm -I/usr/include/harfbuzz   -I/usr/include/libxml2 -Wall   -Wall  -D_GNU_SOURCE  -pthread -I/usr/include/gdk-pixbuf-2.0 -I/usr/include/glib-2.0 -I/usr/lib/glib-2.0/include -I/usr/include/libpng14   -pthread -I/usr/include/gtkhtml-2.0 -I/usr/include/gtk-2.0 -I/usr/include/gdk-pixbuf-2.0 -I/usr/include/libxml2 -I/usr/lib/gtk-2.0/include -I/usr/include/atk-1.0 -I/usr/include/cairo -I/usr/include/pango-1.0 -I/usr/include/glib-2.0 -I/usr/lib/glib-2.0/include -I/usr/include/pixman-1 -I/usr/include/freetype2 -I/usr/include/libpng14 -I/usr/include/libdrm -I/usr/include/harfbuzz       -MT contacts_import_csv.o -MD -MP -MF .deps/contacts_import_csv.Tpo -c -o contacts_import_csv.o contacts_import_csv.c
gcc -DHAVE_CONFIG_H -I. -I..  -DLOCALEDIR=\"/usr/share/locale\"  -DDATADIR=\"/usr/share\" -DSOUNDSDIR=\"/usr/share/sounds\" -pthread -I/usr/include/gtk-2.0 -I/usr/lib/gtk-2.0/include -I/usr/include/atk-1.0 -I/usr/include/cairo -I/usr/include/gdk-pixbuf-2.0 -I/usr/include/pango-1.0 -I/usr/include/glib-2.0 -I/usr/lib/glib-2.0/include -I/usr/include/pixman-1 -I/usr/include/freetype2 -I/usr/include/libpng14 -I/usr/include/libdrm -I/usr/include/harfbuzz   -I/usr/include/libxml2 -Wall   -Wall  -D_GNU_SOURCE  -pthread -I/usr/include/gdk-pixbuf-2.0 -I/usr/include/glib-2.0 -I/usr/lib/glib-2.0/include -I/usr/include/libpng14   -pthread -I/usr/include/gtkhtml-2.0 -I/usr/include/gtk-2.0 -I/usr/include/gdk-pixbuf-2.0 -I/usr/include/libxml2 -I/usr/lib/gtk-2.0/include -I/usr/include/atk-1.0 -I/usr/include/cairo -I/usr/include/pango-1.0 -I/usr/include/glib-2.0 -I/usr/lib/glib-2.0/include -I/usr/include/pixman-1 -I/usr/include/freetype2 -I/usr/include/libpng14 -I/usr/include/libdrm -I/usr/include/harfbuzz       -MT contacts_export.o -MD -MP -MF .deps/contacts_export.Tpo -c -o contacts_export.o contacts_export.c
mv -f .deps/calendar_widget.Tpo .deps/calendar_widget.Po
gcc -DHAVE_CONFIG_H -I. -I..  -DLOCALEDIR=\"/usr/share/locale\"  -DDATADIR=\"/usr/share\" -DSOUNDSDIR=\"/usr/share/sounds\" -pthread -I/usr/include/gtk-2.0 -I/usr/lib/gtk-2.0/include -I/usr/include/atk-1.0 -I/usr/include/cairo -I/usr/include/gdk-pixbuf-2.0 -I/usr/include/pango-1.0 -I/usr/include/glib-2.0 -I/usr/lib/glib-2.0/include -I/usr/include/pixman-1 -I/usr/include/freetype2 -I/usr/include/libpng14 -I/usr/include/libdrm -I/usr/include/harfbuzz   -I/usr/include/libxml2 -Wall   -Wall  -D_GNU_SOURCE  -pthread -I/usr/include/gdk-pixbuf-2.0 -I/usr/include/glib-2.0 -I/usr/lib/glib-2.0/include -I/usr/include/libpng14   -pthread -I/usr/include/gtkhtml-2.0 -I/usr/include/gtk-2.0 -I/usr/include/gdk-pixbuf-2.0 -I/usr/include/libxml2 -I/usr/lib/gtk-2.0/include -I/usr/include/atk-1.0 -I/usr/include/cairo -I/usr/include/pango-1.0 -I/usr/include/glib-2.0 -I/usr/lib/glib-2.0/include -I/usr/include/pixman-1 -I/usr/include/freetype2 -I/usr/include/libpng14 -I/usr/include/libdrm -I/usr/include/harfbuzz       -MT contacts_items.o -MD -MP -MF .deps/contacts_items.Tpo -c -o contacts_items.o contacts_items.c
mv -f .deps/contacts_import_csv.Tpo .deps/contacts_import_csv.Po
gcc -DHAVE_CONFIG_H -I. -I..  -DLOCALEDIR=\"/usr/share/locale\"  -DDATADIR=\"/usr/share\" -DSOUNDSDIR=\"/usr/share/sounds\" -pthread -I/usr/include/gtk-2.0 -I/usr/lib/gtk-2.0/include -I/usr/include/atk-1.0 -I/usr/include/cairo -I/usr/include/gdk-pixbuf-2.0 -I/usr/include/pango-1.0 -I/usr/include/glib-2.0 -I/usr/lib/glib-2.0/include -I/usr/include/pixman-1 -I/usr/include/freetype2 -I/usr/include/libpng14 -I/usr/include/libdrm -I/usr/include/harfbuzz   -I/usr/include/libxml2 -Wall   -Wall  -D_GNU_SOURCE  -pthread -I/usr/include/gdk-pixbuf-2.0 -I/usr/include/glib-2.0 -I/usr/lib/glib-2.0/include -I/usr/include/libpng14   -pthread -I/usr/include/gtkhtml-2.0 -I/usr/include/gtk-2.0 -I/usr/include/gdk-pixbuf-2.0 -I/usr/include/libxml2 -I/usr/lib/gtk-2.0/include -I/usr/include/atk-1.0 -I/usr/include/cairo -I/usr/include/pango-1.0 -I/usr/include/glib-2.0 -I/usr/lib/glib-2.0/include -I/usr/include/pixman-1 -I/usr/include/freetype2 -I/usr/include/libpng14 -I/usr/include/libdrm -I/usr/include/harfbuzz       -MT contacts_preferences_gui.o -MD -MP -MF .deps/contacts_preferences_gui.Tpo -c -o contacts_preferences_gui.o contacts_preferences_gui.c
mv -f .deps/contacts_export.Tpo .deps/contacts_export.Po
gcc -DHAVE_CONFIG_H -I. -I..  -DLOCALEDIR=\"/usr/share/locale\"  -DDATADIR=\"/usr/share\" -DSOUNDSDIR=\"/usr/share/sounds\" -pthread -I/usr/include/gtk-2.0 -I/usr/lib/gtk-2.0/include -I/usr/include/atk-1.0 -I/usr/include/cairo -I/usr/include/gdk-pixbuf-2.0 -I/usr/include/pango-1.0 -I/usr/include/glib-2.0 -I/usr/lib/glib-2.0/include -I/usr/include/pixman-1 -I/usr/include/freetype2 -I/usr/include/libpng14 -I/usr/include/libdrm -I/usr/include/harfbuzz   -I/usr/include/libxml2 -Wall   -Wall  -D_GNU_SOURCE  -pthread -I/usr/include/gdk-pixbuf-2.0 -I/usr/include/glib-2.0 -I/usr/lib/glib-2.0/include -I/usr/include/libpng14   -pthread -I/usr/include/gtkhtml-2.0 -I/usr/include/gtk-2.0 -I/usr/include/gdk-pixbuf-2.0 -I/usr/include/libxml2 -I/usr/lib/gtk-2.0/include -I/usr/include/atk-1.0 -I/usr/include/cairo -I/usr/include/pango-1.0 -I/usr/include/glib-2.0 -I/usr/lib/glib-2.0/include -I/usr/include/pixman-1 -I/usr/include/freetype2 -I/usr/include/libpng14 -I/usr/include/libdrm -I/usr/include/harfbuzz       -MT gui.o -MD -MP -MF .deps/gui.Tpo -c -o gui.o gui.c
mv -f .deps/contacts_import.Tpo .deps/contacts_import.Po
gcc -DHAVE_CONFIG_H -I. -I..  -DLOCALEDIR=\"/usr/share/locale\"  -DDATADIR=\"/usr/share\" -DSOUNDSDIR=\"/usr/share/sounds\" -pthread -I/usr/include/gtk-2.0 -I/usr/lib/gtk-2.0/include -I/usr/include/atk-1.0 -I/usr/include/cairo -I/usr/include/gdk-pixbuf-2.0 -I/usr/include/pango-1.0 -I/usr/include/glib-2.0 -I/usr/lib/glib-2.0/include -I/usr/include/pixman-1 -I/usr/include/freetype2 -I/usr/include/libpng14 -I/usr/include/libdrm -I/usr/include/harfbuzz   -I/usr/include/libxml2 -Wall   -Wall  -D_GNU_SOURCE  -pthread -I/usr/include/gdk-pixbuf-2.0 -I/usr/include/glib-2.0 -I/usr/lib/glib-2.0/include -I/usr/include/libpng14   -pthread -I/usr/include/gtkhtml-2.0 -I/usr/include/gtk-2.0 -I/usr/include/gdk-pixbuf-2.0 -I/usr/include/libxml2 -I/usr/lib/gtk-2.0/include -I/usr/include/atk-1.0 -I/usr/include/cairo -I/usr/include/pango-1.0 -I/usr/include/glib-2.0 -I/usr/lib/glib-2.0/include -I/usr/include/pixman-1 -I/usr/include/freetype2 -I/usr/include/libpng14 -I/usr/include/libdrm -I/usr/include/harfbuzz       -MT main.o -MD -MP -MF .deps/main.Tpo -c -o main.o main.c
mv -f .deps/contacts_items.Tpo .deps/contacts_items.Po
gcc -DHAVE_CONFIG_H -I. -I..  -DLOCALEDIR=\"/usr/share/locale\"  -DDATADIR=\"/usr/share\" -DSOUNDSDIR=\"/usr/share/sounds\" -pthread -I/usr/include/gtk-2.0 -I/usr/lib/gtk-2.0/include -I/usr/include/atk-1.0 -I/usr/include/cairo -I/usr/include/gdk-pixbuf-2.0 -I/usr/include/pango-1.0 -I/usr/include/glib-2.0 -I/usr/lib/glib-2.0/include -I/usr/include/pixman-1 -I/usr/include/freetype2 -I/usr/include/libpng14 -I/usr/include/libdrm -I/usr/include/harfbuzz   -I/usr/include/libxml2 -Wall   -Wall  -D_GNU_SOURCE  -pthread -I/usr/include/gdk-pixbuf-2.0 -I/usr/include/glib-2.0 -I/usr/lib/glib-2.0/include -I/usr/include/libpng14   -pthread -I/usr/include/gtkhtml-2.0 -I/usr/include/gtk-2.0 -I/usr/include/gdk-pixbuf-2.0 -I/usr/include/libxml2 -I/usr/lib/gtk-2.0/include -I/usr/include/atk-1.0 -I/usr/include/cairo -I/usr/include/pango-1.0 -I/usr/include/glib-2.0 -I/usr/lib/glib-2.0/include -I/usr/include/pixman-1 -I/usr/include/freetype2 -I/usr/include/libpng14 -I/usr/include/libdrm -I/usr/include/harfbuzz       -MT notes.o -MD -MP -MF .deps/notes.Tpo -c -o notes.o notes.c
mv -f .deps/contacts_preferences_gui.Tpo .deps/contacts_preferences_gui.Po
gcc -DHAVE_CONFIG_H -I. -I..  -DLOCALEDIR=\"/usr/share/locale\"  -DDATADIR=\"/usr/share\" -DSOUNDSDIR=\"/usr/share/sounds\" -pthread -I/usr/include/gtk-2.0 -I/usr/lib/gtk-2.0/include -I/usr/include/atk-1.0 -I/usr/include/cairo -I/usr/include/gdk-pixbuf-2.0 -I/usr/include/pango-1.0 -I/usr/include/glib-2.0 -I/usr/lib/glib-2.0/include -I/usr/include/pixman-1 -I/usr/include/freetype2 -I/usr/include/libpng14 -I/usr/include/libdrm -I/usr/include/harfbuzz   -I/usr/include/libxml2 -Wall   -Wall  -D_GNU_SOURCE  -pthread -I/usr/include/gdk-pixbuf-2.0 -I/usr/include/glib-2.0 -I/usr/lib/glib-2.0/include -I/usr/include/libpng14   -pthread -I/usr/include/gtkhtml-2.0 -I/usr/include/gtk-2.0 -I/usr/include/gdk-pixbuf-2.0 -I/usr/include/libxml2 -I/usr/lib/gtk-2.0/include -I/usr/include/atk-1.0 -I/usr/include/cairo -I/usr/include/pango-1.0 -I/usr/include/glib-2.0 -I/usr/lib/glib-2.0/include -I/usr/include/pixman-1 -I/usr/include/freetype2 -I/usr/include/libpng14 -I/usr/include/libdrm -I/usr/include/harfbuzz       -MT notes_items.o -MD -MP -MF .deps/notes_items.Tpo -c -o notes_items.o notes_items.c
main.c: In function ‘main’:
main.c:203:4: warning: ‘g_thread_init’ is deprecated (declared at /usr/include/glib-2.0/glib/deprecated/gthread.h:260) [-Wdeprecated-declarations]
    g_thread_init (NULL);
    ^
mv -f .deps/main.Tpo .deps/main.Po
gcc -DHAVE_CONFIG_H -I. -I..  -DLOCALEDIR=\"/usr/share/locale\"  -DDATADIR=\"/usr/share\" -DSOUNDSDIR=\"/usr/share/sounds\" -pthread -I/usr/include/gtk-2.0 -I/usr/lib/gtk-2.0/include -I/usr/include/atk-1.0 -I/usr/include/cairo -I/usr/include/gdk-pixbuf-2.0 -I/usr/include/pango-1.0 -I/usr/include/glib-2.0 -I/usr/lib/glib-2.0/include -I/usr/include/pixman-1 -I/usr/include/freetype2 -I/usr/include/libpng14 -I/usr/include/libdrm -I/usr/include/harfbuzz   -I/usr/include/libxml2 -Wall   -Wall  -D_GNU_SOURCE  -pthread -I/usr/include/gdk-pixbuf-2.0 -I/usr/include/glib-2.0 -I/usr/lib/glib-2.0/include -I/usr/include/libpng14   -pthread -I/usr/include/gtkhtml-2.0 -I/usr/include/gtk-2.0 -I/usr/include/gdk-pixbuf-2.0 -I/usr/include/libxml2 -I/usr/lib/gtk-2.0/include -I/usr/include/atk-1.0 -I/usr/include/cairo -I/usr/include/pango-1.0 -I/usr/include/glib-2.0 -I/usr/lib/glib-2.0/include -I/usr/include/pixman-1 -I/usr/include/freetype2 -I/usr/include/libpng14 -I/usr/include/libdrm -I/usr/include/harfbuzz       -MT notes_preferences_gui.o -MD -MP -MF .deps/notes_preferences_gui.Tpo -c -o notes_preferences_gui.o notes_preferences_gui.c
mv -f .deps/gui.Tpo .deps/gui.Po
gcc -DHAVE_CONFIG_H -I. -I..  -DLOCALEDIR=\"/usr/share/locale\"  -DDATADIR=\"/usr/share\" -DSOUNDSDIR=\"/usr/share/sounds\" -pthread -I/usr/include/gtk-2.0 -I/usr/lib/gtk-2.0/include -I/usr/include/atk-1.0 -I/usr/include/cairo -I/usr/include/gdk-pixbuf-2.0 -I/usr/include/pango-1.0 -I/usr/include/glib-2.0 -I/usr/lib/glib-2.0/include -I/usr/include/pixman-1 -I/usr/include/freetype2 -I/usr/include/libpng14 -I/usr/include/libdrm -I/usr/include/harfbuzz   -I/usr/include/libxml2 -Wall   -Wall  -D_GNU_SOURCE  -pthread -I/usr/include/gdk-pixbuf-2.0 -I/usr/include/glib-2.0 -I/usr/lib/glib-2.0/include -I/usr/include/libpng14   -pthread -I/usr/include/gtkhtml-2.0 -I/usr/include/gtk-2.0 -I/usr/include/gdk-pixbuf-2.0 -I/usr/include/libxml2 -I/usr/lib/gtk-2.0/include -I/usr/include/atk-1.0 -I/usr/include/cairo -I/usr/include/pango-1.0 -I/usr/include/glib-2.0 -I/usr/lib/glib-2.0/include -I/usr/include/pixman-1 -I/usr/include/freetype2 -I/usr/include/libpng14 -I/usr/include/libdrm -I/usr/include/harfbuzz       -MT options_prefs.o -MD -MP -MF .deps/options_prefs.Tpo -c -o options_prefs.o options_prefs.c
notes_items.c: In function ‘notes_add_entry_action_cb’:
notes_items.c:437:8: warning: variable ‘empty_str’ set but not used [-Wunused-but-set-variable]
 gchar *empty_str, *current_filename;
        ^
mv -f .deps/notes.Tpo .deps/notes.Po
gcc -DHAVE_CONFIG_H -I. -I..  -DLOCALEDIR=\"/usr/share/locale\"  -DDATADIR=\"/usr/share\" -DSOUNDSDIR=\"/usr/share/sounds\" -pthread -I/usr/include/gtk-2.0 -I/usr/lib/gtk-2.0/include -I/usr/include/atk-1.0 -I/usr/include/cairo -I/usr/include/gdk-pixbuf-2.0 -I/usr/include/pango-1.0 -I/usr/include/glib-2.0 -I/usr/lib/glib-2.0/include -I/usr/include/pixman-1 -I/usr/include/freetype2 -I/usr/include/libpng14 -I/usr/include/libdrm -I/usr/include/harfbuzz   -I/usr/include/libxml2 -Wall   -Wall  -D_GNU_SOURCE  -pthread -I/usr/include/gdk-pixbuf-2.0 -I/usr/include/glib-2.0 -I/usr/lib/glib-2.0/include -I/usr/include/libpng14   -pthread -I/usr/include/gtkhtml-2.0 -I/usr/include/gtk-2.0 -I/usr/include/gdk-pixbuf-2.0 -I/usr/include/libxml2 -I/usr/lib/gtk-2.0/include -I/usr/include/atk-1.0 -I/usr/include/cairo -I/usr/include/pango-1.0 -I/usr/include/glib-2.0 -I/usr/lib/glib-2.0/include -I/usr/include/pixman-1 -I/usr/include/freetype2 -I/usr/include/libpng14 -I/usr/include/libdrm -I/usr/include/harfbuzz       -MT preferences_gui.o -MD -MP -MF .deps/preferences_gui.Tpo -c -o preferences_gui.o preferences_gui.c
mv -f .deps/notes_items.Tpo .deps/notes_items.Po
gcc -DHAVE_CONFIG_H -I. -I..  -DLOCALEDIR=\"/usr/share/locale\"  -DDATADIR=\"/usr/share\" -DSOUNDSDIR=\"/usr/share/sounds\" -pthread -I/usr/include/gtk-2.0 -I/usr/lib/gtk-2.0/include -I/usr/include/atk-1.0 -I/usr/include/cairo -I/usr/include/gdk-pixbuf-2.0 -I/usr/include/pango-1.0 -I/usr/include/glib-2.0 -I/usr/lib/glib-2.0/include -I/usr/include/pixman-1 -I/usr/include/freetype2 -I/usr/include/libpng14 -I/usr/include/libdrm -I/usr/include/harfbuzz   -I/usr/include/libxml2 -Wall   -Wall  -D_GNU_SOURCE  -pthread -I/usr/include/gdk-pixbuf-2.0 -I/usr/include/glib-2.0 -I/usr/lib/glib-2.0/include -I/usr/include/libpng14   -pthread -I/usr/include/gtkhtml-2.0 -I/usr/include/gtk-2.0 -I/usr/include/gdk-pixbuf-2.0 -I/usr/include/libxml2 -I/usr/lib/gtk-2.0/include -I/usr/include/atk-1.0 -I/usr/include/cairo -I/usr/include/pango-1.0 -I/usr/include/glib-2.0 -I/usr/lib/glib-2.0/include -I/usr/include/pixman-1 -I/usr/include/freetype2 -I/usr/include/libpng14 -I/usr/include/libdrm -I/usr/include/harfbuzz       -MT stock_icons.o -MD -MP -MF .deps/stock_icons.Tpo -c -o stock_icons.o stock_icons.c
notes_preferences_gui.c:90:1: warning: ‘combobox_clicked_cb’ defined but not used [-Wunused-function]
 combobox_clicked_cb (GtkComboBox *combobox, gint *option)
 ^
notes_preferences_gui.c:106:1: warning: ‘notes_comp_ratio_cb’ defined but not used [-Wunused-function]
 notes_comp_ratio_cb (GtkComboBox *combobox, gint *option)
 ^
mv -f .deps/notes_preferences_gui.Tpo .deps/notes_preferences_gui.Po
gcc -DHAVE_CONFIG_H -I. -I..  -DLOCALEDIR=\"/usr/share/locale\"  -DDATADIR=\"/usr/share\" -DSOUNDSDIR=\"/usr/share/sounds\" -pthread -I/usr/include/gtk-2.0 -I/usr/lib/gtk-2.0/include -I/usr/include/atk-1.0 -I/usr/include/cairo -I/usr/include/gdk-pixbuf-2.0 -I/usr/include/pango-1.0 -I/usr/include/glib-2.0 -I/usr/lib/glib-2.0/include -I/usr/include/pixman-1 -I/usr/include/freetype2 -I/usr/include/libpng14 -I/usr/include/libdrm -I/usr/include/harfbuzz   -I/usr/include/libxml2 -Wall   -Wall  -D_GNU_SOURCE  -pthread -I/usr/include/gdk-pixbuf-2.0 -I/usr/include/glib-2.0 -I/usr/lib/glib-2.0/include -I/usr/include/libpng14   -pthread -I/usr/include/gtkhtml-2.0 -I/usr/include/gtk-2.0 -I/usr/include/gdk-pixbuf-2.0 -I/usr/include/libxml2 -I/usr/lib/gtk-2.0/include -I/usr/include/atk-1.0 -I/usr/include/cairo -I/usr/include/pango-1.0 -I/usr/include/glib-2.0 -I/usr/lib/glib-2.0/include -I/usr/include/pixman-1 -I/usr/include/freetype2 -I/usr/include/libpng14 -I/usr/include/libdrm -I/usr/include/harfbuzz       -MT tasks.o -MD -MP -MF .deps/tasks.Tpo -c -o tasks.o tasks.c
mv -f .deps/options_prefs.Tpo .deps/options_prefs.Po
gcc -DHAVE_CONFIG_H -I. -I..  -DLOCALEDIR=\"/usr/share/locale\"  -DDATADIR=\"/usr/share\" -DSOUNDSDIR=\"/usr/share/sounds\" -pthread -I/usr/include/gtk-2.0 -I/usr/lib/gtk-2.0/include -I/usr/include/atk-1.0 -I/usr/include/cairo -I/usr/include/gdk-pixbuf-2.0 -I/usr/include/pango-1.0 -I/usr/include/glib-2.0 -I/usr/lib/glib-2.0/include -I/usr/include/pixman-1 -I/usr/include/freetype2 -I/usr/include/libpng14 -I/usr/include/libdrm -I/usr/include/harfbuzz   -I/usr/include/libxml2 -Wall   -Wall  -D_GNU_SOURCE  -pthread -I/usr/include/gdk-pixbuf-2.0 -I/usr/include/glib-2.0 -I/usr/lib/glib-2.0/include -I/usr/include/libpng14   -pthread -I/usr/include/gtkhtml-2.0 -I/usr/include/gtk-2.0 -I/usr/include/gdk-pixbuf-2.0 -I/usr/include/libxml2 -I/usr/lib/gtk-2.0/include -I/usr/include/atk-1.0 -I/usr/include/cairo -I/usr/include/pango-1.0 -I/usr/include/glib-2.0 -I/usr/lib/glib-2.0/include -I/usr/include/pixman-1 -I/usr/include/freetype2 -I/usr/include/libpng14 -I/usr/include/libdrm -I/usr/include/harfbuzz       -MT tasks_export.o -MD -MP -MF .deps/tasks_export.Tpo -c -o tasks_export.o tasks_export.c
mv -f .deps/preferences_gui.Tpo .deps/preferences_gui.Po
gcc -DHAVE_CONFIG_H -I. -I..  -DLOCALEDIR=\"/usr/share/locale\"  -DDATADIR=\"/usr/share\" -DSOUNDSDIR=\"/usr/share/sounds\" -pthread -I/usr/include/gtk-2.0 -I/usr/lib/gtk-2.0/include -I/usr/include/atk-1.0 -I/usr/include/cairo -I/usr/include/gdk-pixbuf-2.0 -I/usr/include/pango-1.0 -I/usr/include/glib-2.0 -I/usr/lib/glib-2.0/include -I/usr/include/pixman-1 -I/usr/include/freetype2 -I/usr/include/libpng14 -I/usr/include/libdrm -I/usr/include/harfbuzz   -I/usr/include/libxml2 -Wall   -Wall  -D_GNU_SOURCE  -pthread -I/usr/include/gdk-pixbuf-2.0 -I/usr/include/glib-2.0 -I/usr/lib/glib-2.0/include -I/usr/include/libpng14   -pthread -I/usr/include/gtkhtml-2.0 -I/usr/include/gtk-2.0 -I/usr/include/gdk-pixbuf-2.0 -I/usr/include/libxml2 -I/usr/lib/gtk-2.0/include -I/usr/include/atk-1.0 -I/usr/include/cairo -I/usr/include/pango-1.0 -I/usr/include/glib-2.0 -I/usr/lib/glib-2.0/include -I/usr/include/pixman-1 -I/usr/include/freetype2 -I/usr/include/libpng14 -I/usr/include/libdrm -I/usr/include/harfbuzz       -MT tasks_items.o -MD -MP -MF .deps/tasks_items.Tpo -c -o tasks_items.o tasks_items.c
mv -f .deps/stock_icons.Tpo .deps/stock_icons.Po
gcc -DHAVE_CONFIG_H -I. -I..  -DLOCALEDIR=\"/usr/share/locale\"  -DDATADIR=\"/usr/share\" -DSOUNDSDIR=\"/usr/share/sounds\" -pthread -I/usr/include/gtk-2.0 -I/usr/lib/gtk-2.0/include -I/usr/include/atk-1.0 -I/usr/include/cairo -I/usr/include/gdk-pixbuf-2.0 -I/usr/include/pango-1.0 -I/usr/include/glib-2.0 -I/usr/lib/glib-2.0/include -I/usr/include/pixman-1 -I/usr/include/freetype2 -I/usr/include/libpng14 -I/usr/include/libdrm -I/usr/include/harfbuzz   -I/usr/include/libxml2 -Wall   -Wall  -D_GNU_SOURCE  -pthread -I/usr/include/gdk-pixbuf-2.0 -I/usr/include/glib-2.0 -I/usr/lib/glib-2.0/include -I/usr/include/libpng14   -pthread -I/usr/include/gtkhtml-2.0 -I/usr/include/gtk-2.0 -I/usr/include/gdk-pixbuf-2.0 -I/usr/include/libxml2 -I/usr/lib/gtk-2.0/include -I/usr/include/atk-1.0 -I/usr/include/cairo -I/usr/include/pango-1.0 -I/usr/include/glib-2.0 -I/usr/lib/glib-2.0/include -I/usr/include/pixman-1 -I/usr/include/freetype2 -I/usr/include/libpng14 -I/usr/include/libdrm -I/usr/include/harfbuzz       -MT tasks_print.o -MD -MP -MF .deps/tasks_print.Tpo -c -o tasks_print.o tasks_print.c
mv -f .deps/tasks_export.Tpo .deps/tasks_export.Po
gcc -DHAVE_CONFIG_H -I. -I..  -DLOCALEDIR=\"/usr/share/locale\"  -DDATADIR=\"/usr/share\" -DSOUNDSDIR=\"/usr/share/sounds\" -pthread -I/usr/include/gtk-2.0 -I/usr/lib/gtk-2.0/include -I/usr/include/atk-1.0 -I/usr/include/cairo -I/usr/include/gdk-pixbuf-2.0 -I/usr/include/pango-1.0 -I/usr/include/glib-2.0 -I/usr/lib/glib-2.0/include -I/usr/include/pixman-1 -I/usr/include/freetype2 -I/usr/include/libpng14 -I/usr/include/libdrm -I/usr/include/harfbuzz   -I/usr/include/libxml2 -Wall   -Wall  -D_GNU_SOURCE  -pthread -I/usr/include/gdk-pixbuf-2.0 -I/usr/include/glib-2.0 -I/usr/lib/glib-2.0/include -I/usr/include/libpng14   -pthread -I/usr/include/gtkhtml-2.0 -I/usr/include/gtk-2.0 -I/usr/include/gdk-pixbuf-2.0 -I/usr/include/libxml2 -I/usr/lib/gtk-2.0/include -I/usr/include/atk-1.0 -I/usr/include/cairo -I/usr/include/pango-1.0 -I/usr/include/glib-2.0 -I/usr/lib/glib-2.0/include -I/usr/include/pixman-1 -I/usr/include/freetype2 -I/usr/include/libpng14 -I/usr/include/libdrm -I/usr/include/harfbuzz       -MT tasks_preferences_gui.o -MD -MP -MF .deps/tasks_preferences_gui.Tpo -c -o tasks_preferences_gui.o tasks_preferences_gui.c
mv -f .deps/tasks.Tpo .deps/tasks.Po
gcc -DHAVE_CONFIG_H -I. -I..  -DLOCALEDIR=\"/usr/share/locale\"  -DDATADIR=\"/usr/share\" -DSOUNDSDIR=\"/usr/share/sounds\" -pthread -I/usr/include/gtk-2.0 -I/usr/lib/gtk-2.0/include -I/usr/include/atk-1.0 -I/usr/include/cairo -I/usr/include/gdk-pixbuf-2.0 -I/usr/include/pango-1.0 -I/usr/include/glib-2.0 -I/usr/lib/glib-2.0/include -I/usr/include/pixman-1 -I/usr/include/freetype2 -I/usr/include/libpng14 -I/usr/include/libdrm -I/usr/include/harfbuzz   -I/usr/include/libxml2 -Wall   -Wall  -D_GNU_SOURCE  -pthread -I/usr/include/gdk-pixbuf-2.0 -I/usr/include/glib-2.0 -I/usr/lib/glib-2.0/include -I/usr/include/libpng14   -pthread -I/usr/include/gtkhtml-2.0 -I/usr/include/gtk-2.0 -I/usr/include/gdk-pixbuf-2.0 -I/usr/include/libxml2 -I/usr/lib/gtk-2.0/include -I/usr/include/atk-1.0 -I/usr/include/cairo -I/usr/include/pango-1.0 -I/usr/include/glib-2.0 -I/usr/lib/glib-2.0/include -I/usr/include/pixman-1 -I/usr/include/freetype2 -I/usr/include/libpng14 -I/usr/include/libdrm -I/usr/include/harfbuzz       -MT tasks_utils.o -MD -MP -MF .deps/tasks_utils.Tpo -c -o tasks_utils.o tasks_utils.c
tasks_print.c: In function ‘tasks_draw_page’:
tasks_print.c:84:22: warning: variable ‘page_height’ set but not used [-Wunused-but-set-variable]
  gdouble page_width, page_height, ycursor;
                      ^
mv -f .deps/tasks_print.Tpo .deps/tasks_print.Po
gcc -DHAVE_CONFIG_H -I. -I..  -DLOCALEDIR=\"/usr/share/locale\"  -DDATADIR=\"/usr/share\" -DSOUNDSDIR=\"/usr/share/sounds\" -pthread -I/usr/include/gtk-2.0 -I/usr/lib/gtk-2.0/include -I/usr/include/atk-1.0 -I/usr/include/cairo -I/usr/include/gdk-pixbuf-2.0 -I/usr/include/pango-1.0 -I/usr/include/glib-2.0 -I/usr/lib/glib-2.0/include -I/usr/include/pixman-1 -I/usr/include/freetype2 -I/usr/include/libpng14 -I/usr/include/libdrm -I/usr/include/harfbuzz   -I/usr/include/libxml2 -Wall   -Wall  -D_GNU_SOURCE  -pthread -I/usr/include/gdk-pixbuf-2.0 -I/usr/include/glib-2.0 -I/usr/lib/glib-2.0/include -I/usr/include/libpng14   -pthread -I/usr/include/gtkhtml-2.0 -I/usr/include/gtk-2.0 -I/usr/include/gdk-pixbuf-2.0 -I/usr/include/libxml2 -I/usr/lib/gtk-2.0/include -I/usr/include/atk-1.0 -I/usr/include/cairo -I/usr/include/pango-1.0 -I/usr/include/glib-2.0 -I/usr/lib/glib-2.0/include -I/usr/include/pixman-1 -I/usr/include/freetype2 -I/usr/include/libpng14 -I/usr/include/libdrm -I/usr/include/harfbuzz       -MT utils.o -MD -MP -MF .deps/utils.Tpo -c -o utils.o utils.c
mv -f .deps/tasks_items.Tpo .deps/tasks_items.Po
gcc -DHAVE_CONFIG_H -I. -I..  -DLOCALEDIR=\"/usr/share/locale\"  -DDATADIR=\"/usr/share\" -DSOUNDSDIR=\"/usr/share/sounds\" -pthread -I/usr/include/gtk-2.0 -I/usr/lib/gtk-2.0/include -I/usr/include/atk-1.0 -I/usr/include/cairo -I/usr/include/gdk-pixbuf-2.0 -I/usr/include/pango-1.0 -I/usr/include/glib-2.0 -I/usr/lib/glib-2.0/include -I/usr/include/pixman-1 -I/usr/include/freetype2 -I/usr/include/libpng14 -I/usr/include/libdrm -I/usr/include/harfbuzz   -I/usr/include/libxml2 -Wall   -Wall  -D_GNU_SOURCE  -pthread -I/usr/include/gdk-pixbuf-2.0 -I/usr/include/glib-2.0 -I/usr/lib/glib-2.0/include -I/usr/include/libpng14   -pthread -I/usr/include/gtkhtml-2.0 -I/usr/include/gtk-2.0 -I/usr/include/gdk-pixbuf-2.0 -I/usr/include/libxml2 -I/usr/lib/gtk-2.0/include -I/usr/include/atk-1.0 -I/usr/include/cairo -I/usr/include/pango-1.0 -I/usr/include/glib-2.0 -I/usr/lib/glib-2.0/include -I/usr/include/pixman-1 -I/usr/include/freetype2 -I/usr/include/libpng14 -I/usr/include/libdrm -I/usr/include/harfbuzz       -MT utils_gui.o -MD -MP -MF .deps/utils_gui.Tpo -c -o utils_gui.o utils_gui.c
mv -f .deps/tasks_preferences_gui.Tpo .deps/tasks_preferences_gui.Po
gcc -DHAVE_CONFIG_H -I. -I..  -DLOCALEDIR=\"/usr/share/locale\"  -DDATADIR=\"/usr/share\" -DSOUNDSDIR=\"/usr/share/sounds\" -pthread -I/usr/include/gtk-2.0 -I/usr/lib/gtk-2.0/include -I/usr/include/atk-1.0 -I/usr/include/cairo -I/usr/include/gdk-pixbuf-2.0 -I/usr/include/pango-1.0 -I/usr/include/glib-2.0 -I/usr/lib/glib-2.0/include -I/usr/include/pixman-1 -I/usr/include/freetype2 -I/usr/include/libpng14 -I/usr/include/libdrm -I/usr/include/harfbuzz   -I/usr/include/libxml2 -Wall   -Wall  -D_GNU_SOURCE  -pthread -I/usr/include/gdk-pixbuf-2.0 -I/usr/include/glib-2.0 -I/usr/lib/glib-2.0/include -I/usr/include/libpng14   -pthread -I/usr/include/gtkhtml-2.0 -I/usr/include/gtk-2.0 -I/usr/include/gdk-pixbuf-2.0 -I/usr/include/libxml2 -I/usr/lib/gtk-2.0/include -I/usr/include/atk-1.0 -I/usr/include/cairo -I/usr/include/pango-1.0 -I/usr/include/glib-2.0 -I/usr/lib/glib-2.0/include -I/usr/include/pixman-1 -I/usr/include/freetype2 -I/usr/include/libpng14 -I/usr/include/libdrm -I/usr/include/harfbuzz       -MT utils_date.o -MD -MP -MF .deps/utils_date.Tpo -c -o utils_date.o utils_date.c
mv -f .deps/tasks_utils.Tpo .deps/tasks_utils.Po
gcc -DHAVE_CONFIG_H -I. -I..  -DLOCALEDIR=\"/usr/share/locale\"  -DDATADIR=\"/usr/share\" -DSOUNDSDIR=\"/usr/share/sounds\" -pthread -I/usr/include/gtk-2.0 -I/usr/lib/gtk-2.0/include -I/usr/include/atk-1.0 -I/usr/include/cairo -I/usr/include/gdk-pixbuf-2.0 -I/usr/include/pango-1.0 -I/usr/include/glib-2.0 -I/usr/lib/glib-2.0/include -I/usr/include/pixman-1 -I/usr/include/freetype2 -I/usr/include/libpng14 -I/usr/include/libdrm -I/usr/include/harfbuzz   -I/usr/include/libxml2 -Wall   -Wall  -D_GNU_SOURCE  -pthread -I/usr/include/gdk-pixbuf-2.0 -I/usr/include/glib-2.0 -I/usr/lib/glib-2.0/include -I/usr/include/libpng14   -pthread -I/usr/include/gtkhtml-2.0 -I/usr/include/gtk-2.0 -I/usr/include/gdk-pixbuf-2.0 -I/usr/include/libxml2 -I/usr/lib/gtk-2.0/include -I/usr/include/atk-1.0 -I/usr/include/cairo -I/usr/include/pango-1.0 -I/usr/include/glib-2.0 -I/usr/lib/glib-2.0/include -I/usr/include/pixman-1 -I/usr/include/freetype2 -I/usr/include/libpng14 -I/usr/include/libdrm -I/usr/include/harfbuzz       -MT utils_date_time.o -MD -MP -MF .deps/utils_date_time.Tpo -c -o utils_date_time.o utils_date_time.c
utils.c: In function ‘utl_play_alarm_sound’:
utils.c:618:2: warning: ‘g_thread_create’ is deprecated (declared at /usr/include/glib-2.0/glib/deprecated/gthread.h:100): Use 'g_thread_new' instead [-Wdeprecated-declarations]
  snd_thread = g_thread_create ((GThreadFunc)utl_snd_play_thread, (gpointer) repetitions, FALSE, NULL);
  ^
mv -f .deps/utils.Tpo .deps/utils.Po
gcc -DHAVE_CONFIG_H -I. -I..  -DLOCALEDIR=\"/usr/share/locale\"  -DDATADIR=\"/usr/share\" -DSOUNDSDIR=\"/usr/share/sounds\" -pthread -I/usr/include/gtk-2.0 -I/usr/lib/gtk-2.0/include -I/usr/include/atk-1.0 -I/usr/include/cairo -I/usr/include/gdk-pixbuf-2.0 -I/usr/include/pango-1.0 -I/usr/include/glib-2.0 -I/usr/lib/glib-2.0/include -I/usr/include/pixman-1 -I/usr/include/freetype2 -I/usr/include/libpng14 -I/usr/include/libdrm -I/usr/include/harfbuzz   -I/usr/include/libxml2 -Wall   -Wall  -D_GNU_SOURCE  -pthread -I/usr/include/gdk-pixbuf-2.0 -I/usr/include/glib-2.0 -I/usr/lib/glib-2.0/include -I/usr/include/libpng14   -pthread -I/usr/include/gtkhtml-2.0 -I/usr/include/gtk-2.0 -I/usr/include/gdk-pixbuf-2.0 -I/usr/include/libxml2 -I/usr/lib/gtk-2.0/include -I/usr/include/atk-1.0 -I/usr/include/cairo -I/usr/include/pango-1.0 -I/usr/include/glib-2.0 -I/usr/lib/glib-2.0/include -I/usr/include/pixman-1 -I/usr/include/freetype2 -I/usr/include/libpng14 -I/usr/include/libdrm -I/usr/include/harfbuzz       -MT utils_time.o -MD -MP -MF .deps/utils_time.Tpo -c -o utils_time.o utils_time.c
utils_gui.c: In function ‘utl_gui_url_set_cursor_if_appropriate’:
utils_gui.c:970:16: warning: variable ‘buffer’ set but not used [-Wunused-but-set-variable]
 GtkTextBuffer *buffer;
                ^
mv -f .deps/utils_gui.Tpo .deps/utils_gui.Po
mv -f .deps/utils_date.Tpo .deps/utils_date.Po
mv -f .deps/utils_date_time.Tpo .deps/utils_date_time.Po
mv -f .deps/utils_time.Tpo .deps/utils_time.Po
gcc  -Wall  -D_GNU_SOURCE  -pthread -I/usr/include/gdk-pixbuf-2.0 -I/usr/include/glib-2.0 -I/usr/lib/glib-2.0/include -I/usr/include/libpng14   -pthread -I/usr/include/gtkhtml-2.0 -I/usr/include/gtk-2.0 -I/usr/include/gdk-pixbuf-2.0 -I/usr/include/libxml2 -I/usr/lib/gtk-2.0/include -I/usr/include/atk-1.0 -I/usr/include/cairo -I/usr/include/pango-1.0 -I/usr/include/glib-2.0 -I/usr/lib/glib-2.0/include -I/usr/include/pixman-1 -I/usr/include/freetype2 -I/usr/include/libpng14 -I/usr/include/libdrm -I/usr/include/harfbuzz         -o osmo about.o backup.o calendar.o calendar_calc.o calendar_fullyear.o calendar_ical.o calendar_jumpto.o calendar_notes.o calendar_print.o calendar_preferences_gui.o calendar_timeline.o calendar_utils.o calendar_widget.o check_events.o contacts.o contacts_birthdays.o contacts_import.o contacts_import_csv.o contacts_export.o contacts_items.o contacts_preferences_gui.o gui.o main.o notes.o notes_items.o notes_preferences_gui.o options_prefs.o preferences_gui.o stock_icons.o tasks.o tasks_export.o tasks_items.o tasks_print.o tasks_preferences_gui.o tasks_utils.o utils.o utils_gui.o utils_date.o utils_date_time.o utils_time.o   -lgtk-x11-2.0 -lgdk-x11-2.0 -latk-1.0 -lgio-2.0 -lpangoft2-1.0 -lpangocairo-1.0 -lgdk_pixbuf-2.0 -lcairo -lpango-1.0 -lfreetype -lfontconfig -lgobject-2.0 -lglib-2.0   -lxml2 -lz -lm -ldl -pthread -lgthread-2.0 -lglib-2.0    -lnotify -lgdk_pixbuf-2.0 -lgio-2.0 -lgobject-2.0 -lglib-2.0   -lgtkhtml-2 -lgtk-x11-2.0 -lxml2 -lgdk-x11-2.0 -latk-1.0 -lgio-2.0 -lpangoft2-1.0 -lpangocairo-1.0 -lgdk_pixbuf-2.0 -lcairo -lpango-1.0 -lfreetype -lfontconfig -lgobject-2.0 -lglib-2.0    
make[2]: Leaving directory `/mnt/sda6/00_new-woof/petbuilds-slacko-32/builds/osmo/osmo-0.2.10.0-patched/src'
Making all in data
make[2]: Entering directory `/mnt/sda6/00_new-woof/petbuilds-slacko-32/builds/osmo/osmo-0.2.10.0-patched/data'
Making all in icons
make[3]: Entering directory `/mnt/sda6/00_new-woof/petbuilds-slacko-32/builds/osmo/osmo-0.2.10.0-patched/data/icons'
Making all in 16x16
make[4]: Entering directory `/mnt/sda6/00_new-woof/petbuilds-slacko-32/builds/osmo/osmo-0.2.10.0-patched/data/icons/16x16'
make[4]: Nothing to be done for `all'.
make[4]: Leaving directory `/mnt/sda6/00_new-woof/petbuilds-slacko-32/builds/osmo/osmo-0.2.10.0-patched/data/icons/16x16'
Making all in 22x22
make[4]: Entering directory `/mnt/sda6/00_new-woof/petbuilds-slacko-32/builds/osmo/osmo-0.2.10.0-patched/data/icons/22x22'
make[4]: Nothing to be done for `all'.
make[4]: Leaving directory `/mnt/sda6/00_new-woof/petbuilds-slacko-32/builds/osmo/osmo-0.2.10.0-patched/data/icons/22x22'
Making all in 24x24
make[4]: Entering directory `/mnt/sda6/00_new-woof/petbuilds-slacko-32/builds/osmo/osmo-0.2.10.0-patched/data/icons/24x24'
make[4]: Nothing to be done for `all'.
make[4]: Leaving directory `/mnt/sda6/00_new-woof/petbuilds-slacko-32/builds/osmo/osmo-0.2.10.0-patched/data/icons/24x24'
Making all in 32x32
make[4]: Entering directory `/mnt/sda6/00_new-woof/petbuilds-slacko-32/builds/osmo/osmo-0.2.10.0-patched/data/icons/32x32'
make[4]: Nothing to be done for `all'.
make[4]: Leaving directory `/mnt/sda6/00_new-woof/petbuilds-slacko-32/builds/osmo/osmo-0.2.10.0-patched/data/icons/32x32'
Making all in 48x48
make[4]: Entering directory `/mnt/sda6/00_new-woof/petbuilds-slacko-32/builds/osmo/osmo-0.2.10.0-patched/data/icons/48x48'
make[4]: Nothing to be done for `all'.
make[4]: Leaving directory `/mnt/sda6/00_new-woof/petbuilds-slacko-32/builds/osmo/osmo-0.2.10.0-patched/data/icons/48x48'
Making all in scalable
make[4]: Entering directory `/mnt/sda6/00_new-woof/petbuilds-slacko-32/builds/osmo/osmo-0.2.10.0-patched/data/icons/scalable'
make[4]: Nothing to be done for `all'.
make[4]: Leaving directory `/mnt/sda6/00_new-woof/petbuilds-slacko-32/builds/osmo/osmo-0.2.10.0-patched/data/icons/scalable'
make[4]: Entering directory `/mnt/sda6/00_new-woof/petbuilds-slacko-32/builds/osmo/osmo-0.2.10.0-patched/data/icons'
make[4]: Nothing to be done for `all-am'.
make[4]: Leaving directory `/mnt/sda6/00_new-woof/petbuilds-slacko-32/builds/osmo/osmo-0.2.10.0-patched/data/icons'
make[3]: Leaving directory `/mnt/sda6/00_new-woof/petbuilds-slacko-32/builds/osmo/osmo-0.2.10.0-patched/data/icons'
Making all in pixmaps
make[3]: Entering directory `/mnt/sda6/00_new-woof/petbuilds-slacko-32/builds/osmo/osmo-0.2.10.0-patched/data/pixmaps'
make[3]: Nothing to be done for `all'.
make[3]: Leaving directory `/mnt/sda6/00_new-woof/petbuilds-slacko-32/builds/osmo/osmo-0.2.10.0-patched/data/pixmaps'
Making all in sounds
make[3]: Entering directory `/mnt/sda6/00_new-woof/petbuilds-slacko-32/builds/osmo/osmo-0.2.10.0-patched/data/sounds'
make[3]: Nothing to be done for `all'.
make[3]: Leaving directory `/mnt/sda6/00_new-woof/petbuilds-slacko-32/builds/osmo/osmo-0.2.10.0-patched/data/sounds'
make[3]: Entering directory `/mnt/sda6/00_new-woof/petbuilds-slacko-32/builds/osmo/osmo-0.2.10.0-patched/data'
make[3]: Nothing to be done for `all-am'.
make[3]: Leaving directory `/mnt/sda6/00_new-woof/petbuilds-slacko-32/builds/osmo/osmo-0.2.10.0-patched/data'
make[2]: Leaving directory `/mnt/sda6/00_new-woof/petbuilds-slacko-32/builds/osmo/osmo-0.2.10.0-patched/data'
Making all in po
make[2]: Entering directory `/mnt/sda6/00_new-woof/petbuilds-slacko-32/builds/osmo/osmo-0.2.10.0-patched/po'
702 translated messages, 2 untranslated messages.
bg.mo updated.
559 translated messages, 82 fuzzy translations, 63 untranslated messages.
ca.mo updated.
664 translated messages, 21 fuzzy translations, 19 untranslated messages.
da.mo updated.
704 translated messages.
cs.mo updated.
654 translated messages, 24 fuzzy translations, 26 untranslated messages.
de.mo updated.
560 translated messages, 82 fuzzy translations, 62 untranslated messages.
fi.mo updated.
704 translated messages704 translated messages.
.
es.mo updated.
558 translated messages, 83 fuzzy translations, 63 untranslated messages.
el.mo updated.
en_GB.mo updated.
654 translated messages704 translated messages.
ja.mo updated.
704 translated messages, 24 fuzzy translations, 26 untranslated messages.
.
hu.mo updated.
fr.mo updated.
682 translated messages, 11 fuzzy translations, 11 untranslated messages.
it.mo updated.
459 translated messages, 141 fuzzy translations, 104 untranslated messages.
lt.mo updated.
704 translated messages704 translated messages.
.
nl.mo updated.
439 translated messagespl.mo updated.
, 157 fuzzy translations, 108 untranslated messages.
pt.mo updated.
598 translated messages, 58 fuzzy translations, 48 untranslated messages.
ru.mo updated.
556 translated messages, 61 fuzzy translations, 87 untranslated messages.
sv.mo updated.
654 translated messages, 24 fuzzy translations, 26 untranslated messages.
tr.mo updated.
584 translated messages, 72 fuzzy translations, 48 untranslated messages.
uk.mo updated.
659 translated messages, 16 fuzzy translations, 29 untranslated messages.
zh_CN.mo updated.
make[2]: Leaving directory `/mnt/sda6/00_new-woof/petbuilds-slacko-32/builds/osmo/osmo-0.2.10.0-patched/po'
make[2]: Entering directory `/mnt/sda6/00_new-woof/petbuilds-slacko-32/builds/osmo/osmo-0.2.10.0-patched'
make[2]: Leaving directory `/mnt/sda6/00_new-woof/petbuilds-slacko-32/builds/osmo/osmo-0.2.10.0-patched'
make[1]: Leaving directory `/mnt/sda6/00_new-woof/petbuilds-slacko-32/builds/osmo/osmo-0.2.10.0-patched'
Making install in src
make[1]: Entering directory `/mnt/sda6/00_new-woof/petbuilds-slacko-32/builds/osmo/osmo-0.2.10.0-patched/src'
make[2]: Entering directory `/mnt/sda6/00_new-woof/petbuilds-slacko-32/builds/osmo/osmo-0.2.10.0-patched/src'
test -z "/usr/bin" || .././install-sh -c -d "/mnt/sda6/00_new-woof/petbuilds-slacko-32/builds/osmo/osmo-install/usr/bin"
  /usr/bin/ginstall -c osmo '/mnt/sda6/00_new-woof/petbuilds-slacko-32/builds/osmo/osmo-install/usr/bin'
make[2]: Nothing to be done for `install-data-am'.
make[2]: Leaving directory `/mnt/sda6/00_new-woof/petbuilds-slacko-32/builds/osmo/osmo-0.2.10.0-patched/src'
make[1]: Leaving directory `/mnt/sda6/00_new-woof/petbuilds-slacko-32/builds/osmo/osmo-0.2.10.0-patched/src'
Making install in data
make[1]: Entering directory `/mnt/sda6/00_new-woof/petbuilds-slacko-32/builds/osmo/osmo-0.2.10.0-patched/data'
Making install in icons
make[2]: Entering directory `/mnt/sda6/00_new-woof/petbuilds-slacko-32/builds/osmo/osmo-0.2.10.0-patched/data/icons'
Making install in 16x16
make[3]: Entering directory `/mnt/sda6/00_new-woof/petbuilds-slacko-32/builds/osmo/osmo-0.2.10.0-patched/data/icons/16x16'
make[4]: Entering directory `/mnt/sda6/00_new-woof/petbuilds-slacko-32/builds/osmo/osmo-0.2.10.0-patched/data/icons/16x16'
make[4]: Nothing to be done for `install-exec-am'.
test -z "/usr/share/icons/hicolor/16x16/apps" || ../../.././install-sh -c -d "/mnt/sda6/00_new-woof/petbuilds-slacko-32/builds/osmo/osmo-install/usr/share/icons/hicolor/16x16/apps"
 /usr/bin/ginstall -c -m 644 osmo.png '/mnt/sda6/00_new-woof/petbuilds-slacko-32/builds/osmo/osmo-install/usr/share/icons/hicolor/16x16/apps'
make[4]: Leaving directory `/mnt/sda6/00_new-woof/petbuilds-slacko-32/builds/osmo/osmo-0.2.10.0-patched/data/icons/16x16'
make[3]: Leaving directory `/mnt/sda6/00_new-woof/petbuilds-slacko-32/builds/osmo/osmo-0.2.10.0-patched/data/icons/16x16'
Making install in 22x22
make[3]: Entering directory `/mnt/sda6/00_new-woof/petbuilds-slacko-32/builds/osmo/osmo-0.2.10.0-patched/data/icons/22x22'
make[4]: Entering directory `/mnt/sda6/00_new-woof/petbuilds-slacko-32/builds/osmo/osmo-0.2.10.0-patched/data/icons/22x22'
make[4]: Nothing to be done for `install-exec-am'.
test -z "/usr/share/icons/hicolor/22x22/apps" || ../../.././install-sh -c -d "/mnt/sda6/00_new-woof/petbuilds-slacko-32/builds/osmo/osmo-install/usr/share/icons/hicolor/22x22/apps"
 /usr/bin/ginstall -c -m 644 osmo.png '/mnt/sda6/00_new-woof/petbuilds-slacko-32/builds/osmo/osmo-install/usr/share/icons/hicolor/22x22/apps'
make[4]: Leaving directory `/mnt/sda6/00_new-woof/petbuilds-slacko-32/builds/osmo/osmo-0.2.10.0-patched/data/icons/22x22'
make[3]: Leaving directory `/mnt/sda6/00_new-woof/petbuilds-slacko-32/builds/osmo/osmo-0.2.10.0-patched/data/icons/22x22'
Making install in 24x24
make[3]: Entering directory `/mnt/sda6/00_new-woof/petbuilds-slacko-32/builds/osmo/osmo-0.2.10.0-patched/data/icons/24x24'
make[4]: Entering directory `/mnt/sda6/00_new-woof/petbuilds-slacko-32/builds/osmo/osmo-0.2.10.0-patched/data/icons/24x24'
make[4]: Nothing to be done for `install-exec-am'.
test -z "/usr/share/icons/hicolor/24x24/apps" || ../../.././install-sh -c -d "/mnt/sda6/00_new-woof/petbuilds-slacko-32/builds/osmo/osmo-install/usr/share/icons/hicolor/24x24/apps"
 /usr/bin/ginstall -c -m 644 osmo.png '/mnt/sda6/00_new-woof/petbuilds-slacko-32/builds/osmo/osmo-install/usr/share/icons/hicolor/24x24/apps'
make[4]: Leaving directory `/mnt/sda6/00_new-woof/petbuilds-slacko-32/builds/osmo/osmo-0.2.10.0-patched/data/icons/24x24'
make[3]: Leaving directory `/mnt/sda6/00_new-woof/petbuilds-slacko-32/builds/osmo/osmo-0.2.10.0-patched/data/icons/24x24'
Making install in 32x32
make[3]: Entering directory `/mnt/sda6/00_new-woof/petbuilds-slacko-32/builds/osmo/osmo-0.2.10.0-patched/data/icons/32x32'
make[4]: Entering directory `/mnt/sda6/00_new-woof/petbuilds-slacko-32/builds/osmo/osmo-0.2.10.0-patched/data/icons/32x32'
make[4]: Nothing to be done for `install-exec-am'.
test -z "/usr/share/icons/hicolor/32x32/apps" || ../../.././install-sh -c -d "/mnt/sda6/00_new-woof/petbuilds-slacko-32/builds/osmo/osmo-install/usr/share/icons/hicolor/32x32/apps"
 /usr/bin/ginstall -c -m 644 osmo.png '/mnt/sda6/00_new-woof/petbuilds-slacko-32/builds/osmo/osmo-install/usr/share/icons/hicolor/32x32/apps'
make[4]: Leaving directory `/mnt/sda6/00_new-woof/petbuilds-slacko-32/builds/osmo/osmo-0.2.10.0-patched/data/icons/32x32'
make[3]: Leaving directory `/mnt/sda6/00_new-woof/petbuilds-slacko-32/builds/osmo/osmo-0.2.10.0-patched/data/icons/32x32'
Making install in 48x48
make[3]: Entering directory `/mnt/sda6/00_new-woof/petbuilds-slacko-32/builds/osmo/osmo-0.2.10.0-patched/data/icons/48x48'
make[4]: Entering directory `/mnt/sda6/00_new-woof/petbuilds-slacko-32/builds/osmo/osmo-0.2.10.0-patched/data/icons/48x48'
make[4]: Nothing to be done for `install-exec-am'.
test -z "/usr/share/icons/hicolor/48x48/apps" || ../../.././install-sh -c -d "/mnt/sda6/00_new-woof/petbuilds-slacko-32/builds/osmo/osmo-install/usr/share/icons/hicolor/48x48/apps"
 /usr/bin/ginstall -c -m 644 osmo.png '/mnt/sda6/00_new-woof/petbuilds-slacko-32/builds/osmo/osmo-install/usr/share/icons/hicolor/48x48/apps'
make[4]: Leaving directory `/mnt/sda6/00_new-woof/petbuilds-slacko-32/builds/osmo/osmo-0.2.10.0-patched/data/icons/48x48'
make[3]: Leaving directory `/mnt/sda6/00_new-woof/petbuilds-slacko-32/builds/osmo/osmo-0.2.10.0-patched/data/icons/48x48'
Making install in scalable
make[3]: Entering directory `/mnt/sda6/00_new-woof/petbuilds-slacko-32/builds/osmo/osmo-0.2.10.0-patched/data/icons/scalable'
make[4]: Entering directory `/mnt/sda6/00_new-woof/petbuilds-slacko-32/builds/osmo/osmo-0.2.10.0-patched/data/icons/scalable'
make[4]: Nothing to be done for `install-exec-am'.
test -z "/usr/share/icons/hicolor/scalable/apps" || ../../.././install-sh -c -d "/mnt/sda6/00_new-woof/petbuilds-slacko-32/builds/osmo/osmo-install/usr/share/icons/hicolor/scalable/apps"
 /usr/bin/ginstall -c -m 644 osmo.svg '/mnt/sda6/00_new-woof/petbuilds-slacko-32/builds/osmo/osmo-install/usr/share/icons/hicolor/scalable/apps'
make[4]: Leaving directory `/mnt/sda6/00_new-woof/petbuilds-slacko-32/builds/osmo/osmo-0.2.10.0-patched/data/icons/scalable'
make[3]: Leaving directory `/mnt/sda6/00_new-woof/petbuilds-slacko-32/builds/osmo/osmo-0.2.10.0-patched/data/icons/scalable'
make[3]: Entering directory `/mnt/sda6/00_new-woof/petbuilds-slacko-32/builds/osmo/osmo-0.2.10.0-patched/data/icons'
make[4]: Entering directory `/mnt/sda6/00_new-woof/petbuilds-slacko-32/builds/osmo/osmo-0.2.10.0-patched/data/icons'
make[4]: Nothing to be done for `install-exec-am'.
make  install-data-hook
make[5]: Entering directory `/mnt/sda6/00_new-woof/petbuilds-slacko-32/builds/osmo/osmo-0.2.10.0-patched/data/icons'
*** Icon cache not updated.  After (un)install, run this:
***   gtk-update-icon-cache -f -t /usr/share/icons/hicolor
make[5]: Leaving directory `/mnt/sda6/00_new-woof/petbuilds-slacko-32/builds/osmo/osmo-0.2.10.0-patched/data/icons'
make[4]: Leaving directory `/mnt/sda6/00_new-woof/petbuilds-slacko-32/builds/osmo/osmo-0.2.10.0-patched/data/icons'
make[3]: Leaving directory `/mnt/sda6/00_new-woof/petbuilds-slacko-32/builds/osmo/osmo-0.2.10.0-patched/data/icons'
make[2]: Leaving directory `/mnt/sda6/00_new-woof/petbuilds-slacko-32/builds/osmo/osmo-0.2.10.0-patched/data/icons'
Making install in pixmaps
make[2]: Entering directory `/mnt/sda6/00_new-woof/petbuilds-slacko-32/builds/osmo/osmo-0.2.10.0-patched/data/pixmaps'
make[3]: Entering directory `/mnt/sda6/00_new-woof/petbuilds-slacko-32/builds/osmo/osmo-0.2.10.0-patched/data/pixmaps'
make[3]: Nothing to be done for `install-exec-am'.
test -z "/usr/share/pixmaps" || ../.././install-sh -c -d "/mnt/sda6/00_new-woof/petbuilds-slacko-32/builds/osmo/osmo-install/usr/share/pixmaps"
 /usr/bin/ginstall -c -m 644 osmo.png '/mnt/sda6/00_new-woof/petbuilds-slacko-32/builds/osmo/osmo-install/usr/share/pixmaps'
make[3]: Leaving directory `/mnt/sda6/00_new-woof/petbuilds-slacko-32/builds/osmo/osmo-0.2.10.0-patched/data/pixmaps'
make[2]: Leaving directory `/mnt/sda6/00_new-woof/petbuilds-slacko-32/builds/osmo/osmo-0.2.10.0-patched/data/pixmaps'
Making install in sounds
make[2]: Entering directory `/mnt/sda6/00_new-woof/petbuilds-slacko-32/builds/osmo/osmo-0.2.10.0-patched/data/sounds'
make[3]: Entering directory `/mnt/sda6/00_new-woof/petbuilds-slacko-32/builds/osmo/osmo-0.2.10.0-patched/data/sounds'
make[3]: Nothing to be done for `install-exec-am'.
test -z "/usr/share/sounds/osmo" || ../.././install-sh -c -d "/mnt/sda6/00_new-woof/petbuilds-slacko-32/builds/osmo/osmo-install/usr/share/sounds/osmo"
 /usr/bin/ginstall -c -m 644 alarm.wav '/mnt/sda6/00_new-woof/petbuilds-slacko-32/builds/osmo/osmo-install/usr/share/sounds/osmo'
make[3]: Leaving directory `/mnt/sda6/00_new-woof/petbuilds-slacko-32/builds/osmo/osmo-0.2.10.0-patched/data/sounds'
make[2]: Leaving directory `/mnt/sda6/00_new-woof/petbuilds-slacko-32/builds/osmo/osmo-0.2.10.0-patched/data/sounds'
make[2]: Entering directory `/mnt/sda6/00_new-woof/petbuilds-slacko-32/builds/osmo/osmo-0.2.10.0-patched/data'
make[3]: Entering directory `/mnt/sda6/00_new-woof/petbuilds-slacko-32/builds/osmo/osmo-0.2.10.0-patched/data'
make[3]: Nothing to be done for `install-exec-am'.
test -z "/usr/share/applications" || .././install-sh -c -d "/mnt/sda6/00_new-woof/petbuilds-slacko-32/builds/osmo/osmo-install/usr/share/applications"
 /usr/bin/ginstall -c -m 644 osmo.desktop '/mnt/sda6/00_new-woof/petbuilds-slacko-32/builds/osmo/osmo-install/usr/share/applications'
test -z "/usr/share/man/man1" || .././install-sh -c -d "/mnt/sda6/00_new-woof/petbuilds-slacko-32/builds/osmo/osmo-install/usr/share/man/man1"
 /usr/bin/ginstall -c -m 644 osmo.1 '/mnt/sda6/00_new-woof/petbuilds-slacko-32/builds/osmo/osmo-install/usr/share/man/man1'
make  install-data-hook
make[4]: Entering directory `/mnt/sda6/00_new-woof/petbuilds-slacko-32/builds/osmo/osmo-0.2.10.0-patched/data'
make[4]: Nothing to be done for `install-data-hook'.
make[4]: Leaving directory `/mnt/sda6/00_new-woof/petbuilds-slacko-32/builds/osmo/osmo-0.2.10.0-patched/data'
make[3]: Leaving directory `/mnt/sda6/00_new-woof/petbuilds-slacko-32/builds/osmo/osmo-0.2.10.0-patched/data'
make[2]: Leaving directory `/mnt/sda6/00_new-woof/petbuilds-slacko-32/builds/osmo/osmo-0.2.10.0-patched/data'
make[1]: Leaving directory `/mnt/sda6/00_new-woof/petbuilds-slacko-32/builds/osmo/osmo-0.2.10.0-patched/data'
Making install in po
make[1]: Entering directory `/mnt/sda6/00_new-woof/petbuilds-slacko-32/builds/osmo/osmo-0.2.10.0-patched/po'
make[2]: Entering directory `/mnt/sda6/00_new-woof/petbuilds-slacko-32/builds/osmo/osmo-0.2.10.0-patched/po'
make[2]: Nothing to be done for `install-exec-am'.
for i in bg.mo ca.mo cs.mo da.mo de.mo el.mo en_GB.mo es.mo fi.mo fr.mo hu.mo it.mo ja.mo lt.mo nl.mo pl.mo pt.mo ru.mo sv.mo tr.mo uk.mo zh_CN.mo; do \
	lang=`echo $i | sed 's/\.mo$//'`; \
	/bin/sh /mnt/sda6/00_new-woof/petbuilds-slacko-32/builds/osmo/osmo-0.2.10.0-patched/install-sh -d /mnt/sda6/00_new-woof/petbuilds-slacko-32/builds/osmo/osmo-install/usr/share/locale/$lang/LC_MESSAGES; \
	/usr/bin/ginstall -c -m 644 $i /mnt/sda6/00_new-woof/petbuilds-slacko-32/builds/osmo/osmo-install/usr/share/locale/$lang/LC_MESSAGES/osmo.mo; \
done
make[2]: Leaving directory `/mnt/sda6/00_new-woof/petbuilds-slacko-32/builds/osmo/osmo-0.2.10.0-patched/po'
make[1]: Leaving directory `/mnt/sda6/00_new-woof/petbuilds-slacko-32/builds/osmo/osmo-0.2.10.0-patched/po'
make[1]: Entering directory `/mnt/sda6/00_new-woof/petbuilds-slacko-32/builds/osmo/osmo-0.2.10.0-patched'
make[2]: Entering directory `/mnt/sda6/00_new-woof/petbuilds-slacko-32/builds/osmo/osmo-0.2.10.0-patched'
make[2]: Nothing to be done for `install-exec-am'.
make[2]: Nothing to be done for `install-data-am'.
make[2]: Leaving directory `/mnt/sda6/00_new-woof/petbuilds-slacko-32/builds/osmo/osmo-0.2.10.0-patched'
make[1]: Leaving directory `/mnt/sda6/00_new-woof/petbuilds-slacko-32/builds/osmo/osmo-0.2.10.0-patched'
/mnt/sda6/00_new-woof/petbuilds-slacko-32/builds/osmo
Processing ../osmo-install/usr/bin/osmo
Processing ../osmo-install/usr/share/applications/osmo.desktop
Processing ../osmo-install/usr/share/icons/hicolor/16x16/apps/osmo.png
Processing ../osmo-install/usr/share/icons/hicolor/22x22/apps/osmo.png
Processing ../osmo-install/usr/share/icons/hicolor/24x24/apps/osmo.png
Processing ../osmo-install/usr/share/icons/hicolor/32x32/apps/osmo.png
Processing ../osmo-install/usr/share/icons/hicolor/48x48/apps/osmo.png
Processing ../osmo-install/usr/share/icons/hicolor/scalable/apps/osmo.svg
Processing ../osmo-install/usr/share/locale/bg/LC_MESSAGES/osmo.mo
Processing ../osmo-install/usr/share/locale/ca/LC_MESSAGES/osmo.mo
Processing ../osmo-install/usr/share/locale/cs/LC_MESSAGES/osmo.mo
Processing ../osmo-install/usr/share/locale/da/LC_MESSAGES/osmo.mo
Processing ../osmo-install/usr/share/locale/de/LC_MESSAGES/osmo.mo
Processing ../osmo-install/usr/share/locale/el/LC_MESSAGES/osmo.mo
Processing ../osmo-install/usr/share/locale/en_GB/LC_MESSAGES/osmo.mo
Processing ../osmo-install/usr/share/locale/es/LC_MESSAGES/osmo.mo
Processing ../osmo-install/usr/share/locale/fi/LC_MESSAGES/osmo.mo
Processing ../osmo-install/usr/share/locale/fr/LC_MESSAGES/osmo.mo
Processing ../osmo-install/usr/share/locale/hu/LC_MESSAGES/osmo.mo
Processing ../osmo-install/usr/share/locale/it/LC_MESSAGES/osmo.mo
Processing ../osmo-install/usr/share/locale/ja/LC_MESSAGES/osmo.mo
Processing ../osmo-install/usr/share/locale/lt/LC_MESSAGES/osmo.mo
Processing ../osmo-install/usr/share/locale/nl/LC_MESSAGES/osmo.mo
Processing ../osmo-install/usr/share/locale/pl/LC_MESSAGES/osmo.mo
Processing ../osmo-install/usr/share/locale/pt/LC_MESSAGES/osmo.mo
Processing ../osmo-install/usr/share/locale/ru/LC_MESSAGES/osmo.mo
Processing ../osmo-install/usr/share/locale/sv/LC_MESSAGES/osmo.mo
Processing ../osmo-install/usr/share/locale/tr/LC_MESSAGES/osmo.mo
Processing ../osmo-install/usr/share/locale/uk/LC_MESSAGES/osmo.mo
Processing ../osmo-install/usr/share/locale/zh_CN/LC_MESSAGES/osmo.mo
Processing ../osmo-install/usr/share/man/man1/osmo.1
Processing ../osmo-install/usr/share/pixmaps/osmo.png
Processing ../osmo-install/usr/share/sounds/osmo/alarm.wav
all done
packaging osmo-0.2.10.0-patched-i686_slk600
packaging osmo_DOC-0.2.10.0-patched-i686_slk600
packaging osmo_NLS-0.2.10.0-patched-i686_slk600
done!
