rox-filer-02d78b9/
rox-filer-02d78b9/.gitignore
rox-filer-02d78b9/0compile.properties
rox-filer-02d78b9/Choices/
rox-filer-02d78b9/Choices/MIME-types/
rox-filer-02d78b9/Choices/MIME-types/application_postscript
rox-filer-02d78b9/Choices/MIME-types/text
rox-filer-02d78b9/Choices/MIME-types/text_html
rox-filer-02d78b9/README
rox-filer-02d78b9/README-es
rox-filer-02d78b9/ROX-Filer.xml
rox-filer-02d78b9/ROX-Filer/
rox-filer-02d78b9/ROX-Filer/.DirIcon
rox-filer-02d78b9/ROX-Filer/AppInfo.xml
rox-filer-02d78b9/ROX-Filer/AppRun
rox-filer-02d78b9/ROX-Filer/Help/
rox-filer-02d78b9/ROX-Filer/Help/COPYING
rox-filer-02d78b9/ROX-Filer/Help/Changes
rox-filer-02d78b9/ROX-Filer/Help/README
rox-filer-02d78b9/ROX-Filer/Help/README-es
rox-filer-02d78b9/ROX-Filer/Help/TODO
rox-filer-02d78b9/ROX-Filer/Messages/
rox-filer-02d78b9/ROX-Filer/Messages/README
rox-filer-02d78b9/ROX-Filer/Options.xml
rox-filer-02d78b9/ROX-Filer/ROX/
rox-filer-02d78b9/ROX-Filer/ROX/MIME/
rox-filer-02d78b9/ROX-Filer/ROX/MIME/application-msword.png
rox-filer-02d78b9/ROX-Filer/ROX/MIME/application-pdf.png
rox-filer-02d78b9/ROX-Filer/ROX/MIME/application-pgp.png
rox-filer-02d78b9/ROX-Filer/ROX/MIME/application-postscript.png
rox-filer-02d78b9/ROX-Filer/ROX/MIME/application-vnd.ms-access.png
rox-filer-02d78b9/ROX-Filer/ROX/MIME/application-vnd.ms-excel.png
rox-filer-02d78b9/ROX-Filer/ROX/MIME/application-vnd.ms-office.png
rox-filer-02d78b9/ROX-Filer/ROX/MIME/application-vnd.ms-powerpoint.png
rox-filer-02d78b9/ROX-Filer/ROX/MIME/application-vnd.rn-realmedia.png
rox-filer-02d78b9/ROX-Filer/ROX/MIME/application-vnd.stardivision.writer.png
rox-filer-02d78b9/ROX-Filer/ROX/MIME/application-vnd.sun.xml.calc.png
rox-filer-02d78b9/ROX-Filer/ROX/MIME/application-vnd.sun.xml.calc.template.png
rox-filer-02d78b9/ROX-Filer/ROX/MIME/application-vnd.sun.xml.draw.png
rox-filer-02d78b9/ROX-Filer/ROX/MIME/application-vnd.sun.xml.draw.template.png
rox-filer-02d78b9/ROX-Filer/ROX/MIME/application-vnd.sun.xml.impress.png
rox-filer-02d78b9/ROX-Filer/ROX/MIME/application-vnd.sun.xml.impress.template.png
rox-filer-02d78b9/ROX-Filer/ROX/MIME/application-vnd.sun.xml.impress.template2.png
rox-filer-02d78b9/ROX-Filer/ROX/MIME/application-vnd.sun.xml.writer.global.png
rox-filer-02d78b9/ROX-Filer/ROX/MIME/application-vnd.sun.xml.writer.png
rox-filer-02d78b9/ROX-Filer/ROX/MIME/application-vnd.sun.xml.writer.template.png
rox-filer-02d78b9/ROX-Filer/ROX/MIME/application-x-abiword.png
rox-filer-02d78b9/ROX-Filer/ROX/MIME/application-x-bzip-compressed-tar.png
rox-filer-02d78b9/ROX-Filer/ROX/MIME/application-x-bzip.png
rox-filer-02d78b9/ROX-Filer/ROX/MIME/application-x-compressed-tar.png
rox-filer-02d78b9/ROX-Filer/ROX/MIME/application-x-core.png
rox-filer-02d78b9/ROX-Filer/ROX/MIME/application-x-deb.png
rox-filer-02d78b9/ROX-Filer/ROX/MIME/application-x-dia-diagram.png
rox-filer-02d78b9/ROX-Filer/ROX/MIME/application-x-dvi.png
rox-filer-02d78b9/ROX-Filer/ROX/MIME/application-x-executable.png
rox-filer-02d78b9/ROX-Filer/ROX/MIME/application-x-font-afm.png
rox-filer-02d78b9/ROX-Filer/ROX/MIME/application-x-font-linux-psf.png
rox-filer-02d78b9/ROX-Filer/ROX/MIME/application-x-font-pcf.png
rox-filer-02d78b9/ROX-Filer/ROX/MIME/application-x-font-speedo.png
rox-filer-02d78b9/ROX-Filer/ROX/MIME/application-x-font-ttf.png
rox-filer-02d78b9/ROX-Filer/ROX/MIME/application-x-font.png
rox-filer-02d78b9/ROX-Filer/ROX/MIME/application-x-generic.png
rox-filer-02d78b9/ROX-Filer/ROX/MIME/application-x-glade.png
rox-filer-02d78b9/ROX-Filer/ROX/MIME/application-x-gnumeric.png
rox-filer-02d78b9/ROX-Filer/ROX/MIME/application-x-gzip.png
rox-filer-02d78b9/ROX-Filer/ROX/MIME/application-x-gzpostscript.png
rox-filer-02d78b9/ROX-Filer/ROX/MIME/application-x-jar.png
rox-filer-02d78b9/ROX-Filer/ROX/MIME/application-x-java-archive.png
rox-filer-02d78b9/ROX-Filer/ROX/MIME/application-x-java.png
rox-filer-02d78b9/ROX-Filer/ROX/MIME/application-x-lyx.png
rox-filer-02d78b9/ROX-Filer/ROX/MIME/application-x-object.png
rox-filer-02d78b9/ROX-Filer/ROX/MIME/application-x-perl.png
rox-filer-02d78b9/ROX-Filer/ROX/MIME/application-x-rpm.png
rox-filer-02d78b9/ROX-Filer/ROX/MIME/application-x-sharedlib.png
rox-filer-02d78b9/ROX-Filer/ROX/MIME/application-x-shellscript.png
rox-filer-02d78b9/ROX-Filer/ROX/MIME/application-x-tar.png
rox-filer-02d78b9/ROX-Filer/ROX/MIME/application-x-texmacs.png
rox-filer-02d78b9/ROX-Filer/ROX/MIME/application-x-trash.png
rox-filer-02d78b9/ROX-Filer/ROX/MIME/application-x-troff-man-compressed.png
rox-filer-02d78b9/ROX-Filer/ROX/MIME/application-x-troff-man.png
rox-filer-02d78b9/ROX-Filer/ROX/MIME/application-x-troff.png
rox-filer-02d78b9/ROX-Filer/ROX/MIME/application-xhtml+xml.png
rox-filer-02d78b9/ROX-Filer/ROX/MIME/application-xml.png
rox-filer-02d78b9/ROX-Filer/ROX/MIME/application-zip.png
rox-filer-02d78b9/ROX-Filer/ROX/MIME/audio-midi.png
rox-filer-02d78b9/ROX-Filer/ROX/MIME/audio-mpeg.png
rox-filer-02d78b9/ROX-Filer/ROX/MIME/audio-x-generic.png
rox-filer-02d78b9/ROX-Filer/ROX/MIME/audio-x-mod.png
rox-filer-02d78b9/ROX-Filer/ROX/MIME/audio-x-mp3.png
rox-filer-02d78b9/ROX-Filer/ROX/MIME/audio-x-pn-realaudio.png
rox-filer-02d78b9/ROX-Filer/ROX/MIME/audio-x-wav.png
rox-filer-02d78b9/ROX-Filer/ROX/MIME/image-gif.png
rox-filer-02d78b9/ROX-Filer/ROX/MIME/image-jpeg.png
rox-filer-02d78b9/ROX-Filer/ROX/MIME/image-x-generic.png
rox-filer-02d78b9/ROX-Filer/ROX/MIME/image-x-xpixmap.png
rox-filer-02d78b9/ROX-Filer/ROX/MIME/inode-blockdevice.png
rox-filer-02d78b9/ROX-Filer/ROX/MIME/inode-chardevice.png
rox-filer-02d78b9/ROX-Filer/ROX/MIME/inode-core.png
rox-filer-02d78b9/ROX-Filer/ROX/MIME/inode-directory.png
rox-filer-02d78b9/ROX-Filer/ROX/MIME/inode-fifo.png
rox-filer-02d78b9/ROX-Filer/ROX/MIME/inode-mount-point.png
rox-filer-02d78b9/ROX-Filer/ROX/MIME/inode-socket.png
rox-filer-02d78b9/ROX-Filer/ROX/MIME/message-x-generic.png
rox-filer-02d78b9/ROX-Filer/ROX/MIME/text-html.png
rox-filer-02d78b9/ROX-Filer/ROX/MIME/text-x-c++src.png
rox-filer-02d78b9/ROX-Filer/ROX/MIME/text-x-copying.png
rox-filer-02d78b9/ROX-Filer/ROX/MIME/text-x-csrc.png
rox-filer-02d78b9/ROX-Filer/ROX/MIME/text-x-diff.png
rox-filer-02d78b9/ROX-Filer/ROX/MIME/text-x-generic.png
rox-filer-02d78b9/ROX-Filer/ROX/MIME/text-x-java.png
rox-filer-02d78b9/ROX-Filer/ROX/MIME/text-x-makefile.png
rox-filer-02d78b9/ROX-Filer/ROX/MIME/text-x-python.png
rox-filer-02d78b9/ROX-Filer/ROX/MIME/text-x-tcl.png
rox-filer-02d78b9/ROX-Filer/ROX/MIME/text-x-tex.png
rox-filer-02d78b9/ROX-Filer/ROX/MIME/text-xml.png
rox-filer-02d78b9/ROX-Filer/ROX/MIME/video-mpeg.png
rox-filer-02d78b9/ROX-Filer/ROX/MIME/video-quicktime.png
rox-filer-02d78b9/ROX-Filer/ROX/MIME/video-x-generic.png
rox-filer-02d78b9/ROX-Filer/ROX/index.theme
rox-filer-02d78b9/ROX-Filer/Templates.ui
rox-filer-02d78b9/ROX-Filer/images/
rox-filer-02d78b9/ROX-Filer/images/application.png
rox-filer-02d78b9/ROX-Filer/images/dirs.png
rox-filer-02d78b9/ROX-Filer/images/iconified.png
rox-filer-02d78b9/ROX-Filer/images/rox-mount.png
rox-filer-02d78b9/ROX-Filer/images/rox-mounted.png
rox-filer-02d78b9/ROX-Filer/images/rox-select.png
rox-filer-02d78b9/ROX-Filer/images/rox-show-details.png
rox-filer-02d78b9/ROX-Filer/images/rox-show-hidden.png
rox-filer-02d78b9/ROX-Filer/images/rox-symlink.png
rox-filer-02d78b9/ROX-Filer/images/rox-xattr.png
rox-filer-02d78b9/ROX-Filer/images/symlink.png
rox-filer-02d78b9/ROX-Filer/src/
rox-filer-02d78b9/ROX-Filer/src/Docs/
rox-filer-02d78b9/ROX-Filer/src/Docs/Makefile
rox-filer-02d78b9/ROX-Filer/src/Docs/Manual-fr.xml
rox-filer-02d78b9/ROX-Filer/src/Docs/Manual-it.xml
rox-filer-02d78b9/ROX-Filer/src/Docs/Manual.xml
rox-filer-02d78b9/ROX-Filer/src/Docs/to_html.xsl
rox-filer-02d78b9/ROX-Filer/src/Docs/to_html_alt.xsl
rox-filer-02d78b9/ROX-Filer/src/Docs/to_man.xsl
rox-filer-02d78b9/ROX-Filer/src/Makefile
rox-filer-02d78b9/ROX-Filer/src/Makefile.in
rox-filer-02d78b9/ROX-Filer/src/abox.c
rox-filer-02d78b9/ROX-Filer/src/abox.h
rox-filer-02d78b9/ROX-Filer/src/action.c
rox-filer-02d78b9/ROX-Filer/src/action.h
rox-filer-02d78b9/ROX-Filer/src/appinfo.c
rox-filer-02d78b9/ROX-Filer/src/appinfo.h
rox-filer-02d78b9/ROX-Filer/src/appmenu.c
rox-filer-02d78b9/ROX-Filer/src/appmenu.h
rox-filer-02d78b9/ROX-Filer/src/bind.c
rox-filer-02d78b9/ROX-Filer/src/bind.h
rox-filer-02d78b9/ROX-Filer/src/bookmarks.c
rox-filer-02d78b9/ROX-Filer/src/bookmarks.h
rox-filer-02d78b9/ROX-Filer/src/build
rox-filer-02d78b9/ROX-Filer/src/bulk_rename.c
rox-filer-02d78b9/ROX-Filer/src/bulk_rename.h
rox-filer-02d78b9/ROX-Filer/src/cell_icon.c
rox-filer-02d78b9/ROX-Filer/src/cell_icon.h
rox-filer-02d78b9/ROX-Filer/src/choices.c
rox-filer-02d78b9/ROX-Filer/src/choices.h
rox-filer-02d78b9/ROX-Filer/src/collection.c
rox-filer-02d78b9/ROX-Filer/src/collection.h
rox-filer-02d78b9/ROX-Filer/src/config.h.in
rox-filer-02d78b9/ROX-Filer/src/configure.in
rox-filer-02d78b9/ROX-Filer/src/dir.c
rox-filer-02d78b9/ROX-Filer/src/dir.h
rox-filer-02d78b9/ROX-Filer/src/diritem.c
rox-filer-02d78b9/ROX-Filer/src/diritem.h
rox-filer-02d78b9/ROX-Filer/src/display.c
rox-filer-02d78b9/ROX-Filer/src/display.h
rox-filer-02d78b9/ROX-Filer/src/dnd.c
rox-filer-02d78b9/ROX-Filer/src/dnd.h
rox-filer-02d78b9/ROX-Filer/src/dropbox.c
rox-filer-02d78b9/ROX-Filer/src/dropbox.h
rox-filer-02d78b9/ROX-Filer/src/filer.c
rox-filer-02d78b9/ROX-Filer/src/filer.h
rox-filer-02d78b9/ROX-Filer/src/find.c
rox-filer-02d78b9/ROX-Filer/src/find.h
rox-filer-02d78b9/ROX-Filer/src/fscache.c
rox-filer-02d78b9/ROX-Filer/src/fscache.h
rox-filer-02d78b9/ROX-Filer/src/global.h
rox-filer-02d78b9/ROX-Filer/src/gtksavebox.c
rox-filer-02d78b9/ROX-Filer/src/gtksavebox.h
rox-filer-02d78b9/ROX-Filer/src/gui_support.c
rox-filer-02d78b9/ROX-Filer/src/gui_support.h
rox-filer-02d78b9/ROX-Filer/src/i18n.c
rox-filer-02d78b9/ROX-Filer/src/i18n.h
rox-filer-02d78b9/ROX-Filer/src/icon.c
rox-filer-02d78b9/ROX-Filer/src/icon.h
rox-filer-02d78b9/ROX-Filer/src/infobox.c
rox-filer-02d78b9/ROX-Filer/src/infobox.h
rox-filer-02d78b9/ROX-Filer/src/log.c
rox-filer-02d78b9/ROX-Filer/src/log.h
rox-filer-02d78b9/ROX-Filer/src/main.c
rox-filer-02d78b9/ROX-Filer/src/main.h
rox-filer-02d78b9/ROX-Filer/src/makedist
rox-filer-02d78b9/ROX-Filer/src/menu.c
rox-filer-02d78b9/ROX-Filer/src/menu.h
rox-filer-02d78b9/ROX-Filer/src/minibuffer.c
rox-filer-02d78b9/ROX-Filer/src/minibuffer.h
rox-filer-02d78b9/ROX-Filer/src/modechange.c
rox-filer-02d78b9/ROX-Filer/src/modechange.h
rox-filer-02d78b9/ROX-Filer/src/mount.c
rox-filer-02d78b9/ROX-Filer/src/mount.h
rox-filer-02d78b9/ROX-Filer/src/my_vfs.h
rox-filer-02d78b9/ROX-Filer/src/options.c
rox-filer-02d78b9/ROX-Filer/src/options.h
rox-filer-02d78b9/ROX-Filer/src/panel.c
rox-filer-02d78b9/ROX-Filer/src/panel.h
rox-filer-02d78b9/ROX-Filer/src/pinboard.c
rox-filer-02d78b9/ROX-Filer/src/pinboard.h
rox-filer-02d78b9/ROX-Filer/src/pixmaps.c
rox-filer-02d78b9/ROX-Filer/src/pixmaps.h
rox-filer-02d78b9/ROX-Filer/src/po/
rox-filer-02d78b9/ROX-Filer/src/po/cs.po
rox-filer-02d78b9/ROX-Filer/src/po/da.po
rox-filer-02d78b9/ROX-Filer/src/po/de.po
rox-filer-02d78b9/ROX-Filer/src/po/dist
rox-filer-02d78b9/ROX-Filer/src/po/es.po
rox-filer-02d78b9/ROX-Filer/src/po/et_EE.po
rox-filer-02d78b9/ROX-Filer/src/po/eu.po
rox-filer-02d78b9/ROX-Filer/src/po/fi.po
rox-filer-02d78b9/ROX-Filer/src/po/fr.po
rox-filer-02d78b9/ROX-Filer/src/po/gl.po
rox-filer-02d78b9/ROX-Filer/src/po/hu.po
rox-filer-02d78b9/ROX-Filer/src/po/it.po
rox-filer-02d78b9/ROX-Filer/src/po/ja.po
rox-filer-02d78b9/ROX-Filer/src/po/make-mo
rox-filer-02d78b9/ROX-Filer/src/po/nl.po
rox-filer-02d78b9/ROX-Filer/src/po/no.po
rox-filer-02d78b9/ROX-Filer/src/po/pl.po
rox-filer-02d78b9/ROX-Filer/src/po/pt_BR.po
rox-filer-02d78b9/ROX-Filer/src/po/pt_PT.po
rox-filer-02d78b9/ROX-Filer/src/po/ro.po
rox-filer-02d78b9/ROX-Filer/src/po/ru.po
rox-filer-02d78b9/ROX-Filer/src/po/sv.po
rox-filer-02d78b9/ROX-Filer/src/po/tips.py
rox-filer-02d78b9/ROX-Filer/src/po/uk.po
rox-filer-02d78b9/ROX-Filer/src/po/update-po
rox-filer-02d78b9/ROX-Filer/src/po/vi.po
rox-filer-02d78b9/ROX-Filer/src/po/zh_CN.po
rox-filer-02d78b9/ROX-Filer/src/po/zh_TW.po
rox-filer-02d78b9/ROX-Filer/src/remote.c
rox-filer-02d78b9/ROX-Filer/src/remote.h
rox-filer-02d78b9/ROX-Filer/src/run.c
rox-filer-02d78b9/ROX-Filer/src/run.h
rox-filer-02d78b9/ROX-Filer/src/sc.c
rox-filer-02d78b9/ROX-Filer/src/sc.h
rox-filer-02d78b9/ROX-Filer/src/session.c
rox-filer-02d78b9/ROX-Filer/src/session.h
rox-filer-02d78b9/ROX-Filer/src/support.c
rox-filer-02d78b9/ROX-Filer/src/support.h
rox-filer-02d78b9/ROX-Filer/src/tasklist.c
rox-filer-02d78b9/ROX-Filer/src/tasklist.h
rox-filer-02d78b9/ROX-Filer/src/toolbar.c
rox-filer-02d78b9/ROX-Filer/src/toolbar.h
rox-filer-02d78b9/ROX-Filer/src/type.c
rox-filer-02d78b9/ROX-Filer/src/type.h
rox-filer-02d78b9/ROX-Filer/src/usericons.c
rox-filer-02d78b9/ROX-Filer/src/usericons.h
rox-filer-02d78b9/ROX-Filer/src/view_collection.c
rox-filer-02d78b9/ROX-Filer/src/view_collection.h
rox-filer-02d78b9/ROX-Filer/src/view_details.c
rox-filer-02d78b9/ROX-Filer/src/view_details.h
rox-filer-02d78b9/ROX-Filer/src/view_iface.c
rox-filer-02d78b9/ROX-Filer/src/view_iface.h
rox-filer-02d78b9/ROX-Filer/src/wrapped.c
rox-filer-02d78b9/ROX-Filer/src/wrapped.h
rox-filer-02d78b9/ROX-Filer/src/xdgmime.c
rox-filer-02d78b9/ROX-Filer/src/xdgmime.h
rox-filer-02d78b9/ROX-Filer/src/xdgmimealias.c
rox-filer-02d78b9/ROX-Filer/src/xdgmimealias.h
rox-filer-02d78b9/ROX-Filer/src/xdgmimecache.c
rox-filer-02d78b9/ROX-Filer/src/xdgmimecache.h
rox-filer-02d78b9/ROX-Filer/src/xdgmimeglob.c
rox-filer-02d78b9/ROX-Filer/src/xdgmimeglob.h
rox-filer-02d78b9/ROX-Filer/src/xdgmimeint.c
rox-filer-02d78b9/ROX-Filer/src/xdgmimeint.h
rox-filer-02d78b9/ROX-Filer/src/xdgmimemagic.c
rox-filer-02d78b9/ROX-Filer/src/xdgmimemagic.h
rox-filer-02d78b9/ROX-Filer/src/xdgmimeparent.c
rox-filer-02d78b9/ROX-Filer/src/xdgmimeparent.h
rox-filer-02d78b9/ROX-Filer/src/xml.c
rox-filer-02d78b9/ROX-Filer/src/xml.h
rox-filer-02d78b9/ROX-Filer/src/xtypes.c
rox-filer-02d78b9/ROX-Filer/src/xtypes.h
rox-filer-02d78b9/ROX-Filer/style.css
rox-filer-02d78b9/ROX-Filer/subclasses
rox-filer-02d78b9/rox.xml
mv: cannot stat ‘rox-filer’: No such file or directory
rox_filer.petbuild: line 26: cd: rox_filer: No such file or directory
applying ../*.patch
rox_filer.petbuild: line 29: ../*.patch: No such file or directory
failed to apply ../*.patch
rox_filer.petbuild: line 32: cd: OLDPWD not set
rox_filer.petbuild: line 37: cd: rox_filer: No such file or directory
rox_filer.petbuild: line 38: ./ROX-Filer/AppRun: No such file or directory
