rp-pppoe-3.10/
rp-pppoe-3.10/README
rp-pppoe-3.10/SERVPOET
rp-pppoe-3.10/go
rp-pppoe-3.10/go-gui
rp-pppoe-3.10/rp-pppoe.spec
rp-pppoe-3.10/gui/
rp-pppoe-3.10/gui/en.msg
rp-pppoe-3.10/gui/ja.msg
rp-pppoe-3.10/gui/Makefile.in
rp-pppoe-3.10/gui/tkpppoe.in
rp-pppoe-3.10/gui/wrapper.c
rp-pppoe-3.10/gui/tkpppoe.1
rp-pppoe-3.10/gui/pppoe-wrapper.1
rp-pppoe-3.10/gui/html/
rp-pppoe-3.10/gui/html/mainwin-busy.png
rp-pppoe-3.10/gui/html/mainwin-nonroot.png
rp-pppoe-3.10/gui/html/mainwin.png
rp-pppoe-3.10/gui/html/props-advanced.png
rp-pppoe-3.10/gui/html/props-basic.png
rp-pppoe-3.10/gui/html/props-nic.png
rp-pppoe-3.10/gui/html/props-options.png
rp-pppoe-3.10/gui/html/tkpppoe.html
rp-pppoe-3.10/configs/
rp-pppoe-3.10/configs/firewall-masq
rp-pppoe-3.10/configs/firewall-standalone
rp-pppoe-3.10/configs/pap-secrets
rp-pppoe-3.10/configs/pppoe-server-options
rp-pppoe-3.10/configs/pppoe.conf
rp-pppoe-3.10/doc/
rp-pppoe-3.10/doc/CHANGES
rp-pppoe-3.10/doc/KERNEL-MODE-PPPOE
rp-pppoe-3.10/doc/HOW-TO-CONNECT
rp-pppoe-3.10/doc/LICENSE
rp-pppoe-3.10/doc/PROBLEMS
rp-pppoe-3.10/man/
rp-pppoe-3.10/man/pppoe-connect.8
rp-pppoe-3.10/man/pppoe-setup.8
rp-pppoe-3.10/man/pppoe-start.8
rp-pppoe-3.10/man/pppoe-status.8
rp-pppoe-3.10/man/pppoe-stop.8
rp-pppoe-3.10/man/pppoe-server.8
rp-pppoe-3.10/man/pppoe-sniff.8
rp-pppoe-3.10/man/pppoe.8
rp-pppoe-3.10/man/pppoe-relay.8
rp-pppoe-3.10/man/pppoe.conf.5
rp-pppoe-3.10/scripts/
rp-pppoe-3.10/scripts/pppoe-connect.in
rp-pppoe-3.10/scripts/pppoe-init-suse.in
rp-pppoe-3.10/scripts/pppoe-init-turbolinux.in
rp-pppoe-3.10/scripts/pppoe-init.in
rp-pppoe-3.10/scripts/pppoe-setup.in
rp-pppoe-3.10/scripts/pppoe-start.in
rp-pppoe-3.10/scripts/pppoe-stop.in
rp-pppoe-3.10/scripts/pppoe-status
rp-pppoe-3.10/src/
rp-pppoe-3.10/src/Makefile.in
rp-pppoe-3.10/src/install-sh
rp-pppoe-3.10/src/common.c
rp-pppoe-3.10/src/config.h.in
rp-pppoe-3.10/src/configure
rp-pppoe-3.10/src/configure.in
rp-pppoe-3.10/src/debug.c
rp-pppoe-3.10/src/discovery.c
rp-pppoe-3.10/src/if.c
rp-pppoe-3.10/src/md5.c
rp-pppoe-3.10/src/md5.h
rp-pppoe-3.10/src/ppp.c
rp-pppoe-3.10/src/pppoe-server.c
rp-pppoe-3.10/src/pppoe-sniff.c
rp-pppoe-3.10/src/pppoe.c
rp-pppoe-3.10/src/pppoe.h
rp-pppoe-3.10/src/pppoe-server.h
rp-pppoe-3.10/src/plugin.c
rp-pppoe-3.10/src/relay.c
rp-pppoe-3.10/src/relay.h
rp-pppoe-3.10/src/libevent/
rp-pppoe-3.10/src/libevent/Makefile.in
rp-pppoe-3.10/src/libevent/event.c
rp-pppoe-3.10/src/libevent/event.h
rp-pppoe-3.10/src/libevent/event_tcp.c
rp-pppoe-3.10/src/libevent/event_tcp.h
rp-pppoe-3.10/src/libevent/eventpriv.h
rp-pppoe-3.10/src/libevent/hash.c
rp-pppoe-3.10/src/libevent/hash.h
rp-pppoe-3.10/src/libevent/event_sig.c
rp-pppoe-3.10/src/plugin/
checking for gcc... gcc
checking for C compiler default output file name... a.out
checking whether the C compiler works... yes
checking whether we are cross compiling... no
checking for suffix of executables... 
checking for suffix of object files... o
checking whether we are using the GNU C compiler... yes
checking whether gcc accepts -g... yes
checking for gcc option to accept ISO C89... none needed
checking for ranlib... ranlib
checking how to run the C preprocessor... gcc -E
checking for grep that handles long lines and -e... /bin/grep
checking for egrep... /bin/grep -E
checking for ANSI C header files... yes
checking for sys/wait.h that is POSIX.1 compatible... yes
checking for sys/types.h... yes
checking for sys/stat.h... yes
checking for stdlib.h... yes
checking for string.h... yes
checking for memory.h... yes
checking for strings.h... yes
checking for inttypes.h... yes
checking for stdint.h... yes
checking for unistd.h... yes
checking fcntl.h usability... yes
checking fcntl.h presence... yes
checking for fcntl.h... yes
checking sys/dlpi.h usability... no
checking sys/dlpi.h presence... no
checking for sys/dlpi.h... no
checking sys/ioctl.h usability... yes
checking sys/ioctl.h presence... yes
checking for sys/ioctl.h... yes
checking sys/time.h usability... yes
checking sys/time.h presence... yes
checking for sys/time.h... yes
checking syslog.h usability... yes
checking syslog.h presence... yes
checking for syslog.h... yes
checking for unistd.h... (cached) yes
checking net/if_arp.h usability... yes
checking net/if_arp.h presence... yes
checking for net/if_arp.h... yes
checking netinet/if_ether.h usability... yes
checking netinet/if_ether.h presence... yes
checking for netinet/if_ether.h... yes
checking getopt.h usability... yes
checking getopt.h presence... yes
checking for getopt.h... yes
checking sys/uio.h usability... yes
checking sys/uio.h presence... yes
checking for sys/uio.h... yes
checking sys/param.h usability... yes
checking sys/param.h presence... yes
checking for sys/param.h... yes
checking for fcntl.h... (cached) yes
checking net/bpf.h usability... no
checking net/bpf.h presence... no
checking for net/bpf.h... no
checking netpacket/packet.h usability... yes
checking netpacket/packet.h presence... yes
checking for netpacket/packet.h... yes
checking net/ethernet.h usability... yes
checking net/ethernet.h presence... yes
checking for net/ethernet.h... yes
checking asm/types.h usability... yes
checking asm/types.h presence... yes
checking for asm/types.h... yes
checking linux/if_packet.h usability... yes
checking linux/if_packet.h presence... yes
checking for linux/if_packet.h... yes
checking linux/if_ether.h usability... yes
checking linux/if_ether.h presence... yes
checking for linux/if_ether.h... yes
checking sys/socket.h usability... yes
checking sys/socket.h presence... yes
checking for sys/socket.h... yes
checking sys/cdefs.h usability... yes
checking sys/cdefs.h presence... yes
checking for sys/cdefs.h... yes
checking net/if.h usability... yes
checking net/if.h presence... yes
checking for net/if.h... yes
checking net/if_dl.h usability... no
checking net/if_dl.h presence... no
checking for net/if_dl.h... no
checking net/if_ether.h usability... no
checking net/if_ether.h presence... no
checking for net/if_ether.h... no
checking net/if_types.h usability... no
checking net/if_types.h presence... no
checking for net/if_types.h... no
checking for netinet/if_ether.h... (cached) yes
checking for net/if_types.h... (cached) no
checking for net/if_dl.h... (cached) no
checking for linux/if.h... yes
checking for linux/if_pppox.h... yes
checking for an ANSI C-conforming const... yes
checking for pid_t... yes
checking whether time.h and sys/time.h may both be included... yes
checking whether struct tm is in sys/time.h or time.h... time.h
checking for struct sockaddr_ll... yes
checking for N_HDLC line discipline... no
checking for working memcmp... yes
checking for function prototypes... yes
checking whether setvbuf arguments are reversed... no
checking return type of signal handlers... void
checking for select... yes
checking for socket... yes
checking for strerror... yes
checking for strtol... yes
checking for a BSD-compatible install... /usr/bin/ginstall -c
checking for unsigned short... yes
checking size of unsigned short... 2
checking for unsigned int... yes
checking size of unsigned int... 4
checking for unsigned long... yes
checking size of unsigned long... 4
checking for pppd... /usr/sbin/pppd
checking for echo... /bin/echo
checking for setsid... /usr/bin/setsid
checking for id... /usr/bin/id
checking for Linux 2.4.X kernel-mode PPPoE support... yes
checking packing order of bit fields... reversed
configure: creating ./config.status
config.status: creating Makefile
config.status: WARNING:  Makefile.in seems to ignore the --datarootdir setting
config.status: creating libevent/Makefile
config.status: creating ../scripts/pppoe-connect
config.status: creating ../scripts/pppoe-start
config.status: creating ../scripts/pppoe-stop
config.status: creating ../scripts/pppoe-init
config.status: creating ../scripts/pppoe-init-suse
config.status: creating ../scripts/pppoe-init-turbolinux
config.status: creating ../scripts/pppoe-setup
config.status: creating ../gui/Makefile
config.status: WARNING:  ../gui/Makefile.in seems to ignore the --datarootdir setting
config.status: creating ../gui/tkpppoe
config.status: creating config.h
On this platform, the following targets will be built:
pppoe pppoe-server pppoe-sniff pppoe-relay
Type 'make' to compile the software.
gcc -g -O2 -Wall -Wstrict-prototypes    '-DPPPOE_PATH="/usr/sbin/pppoe"' '-DPPPD_PATH="/usr/sbin/pppd"' '-DPLUGIN_PATH="/etc/ppp/plugins/rp-pppoe.so"' '-DPPPOE_SERVER_OPTIONS="/etc/ppp/pppoe-server-options"' -Ilibevent '-DVERSION="3.10"' -c -o pppoe.o pppoe.c
gcc -g -O2 -Wall -Wstrict-prototypes    '-DPPPOE_PATH="/usr/sbin/pppoe"' '-DPPPD_PATH="/usr/sbin/pppd"' '-DPLUGIN_PATH="/etc/ppp/plugins/rp-pppoe.so"' '-DPPPOE_SERVER_OPTIONS="/etc/ppp/pppoe-server-options"' -Ilibevent '-DVERSION="3.10"' -c -o if.o if.c
gcc -g -O2 -Wall -Wstrict-prototypes    '-DPPPOE_PATH="/usr/sbin/pppoe"' '-DPPPD_PATH="/usr/sbin/pppd"' '-DPLUGIN_PATH="/etc/ppp/plugins/rp-pppoe.so"' '-DPPPOE_SERVER_OPTIONS="/etc/ppp/pppoe-server-options"' -Ilibevent '-DVERSION="3.10"' -c -o debug.o debug.c
gcc -g -O2 -Wall -Wstrict-prototypes    '-DPPPOE_PATH="/usr/sbin/pppoe"' '-DPPPD_PATH="/usr/sbin/pppd"' '-DPLUGIN_PATH="/etc/ppp/plugins/rp-pppoe.so"' '-DPPPOE_SERVER_OPTIONS="/etc/ppp/pppoe-server-options"' -Ilibevent '-DVERSION="3.10"' -c -o common.o common.c
common.c: In function ‘computeTCPChecksum’:
common.c:303:5: warning: dereferencing type-punned pointer will break strict-aliasing rules [-Wstrict-aliasing]
     sum += * (UINT16_t *) pseudoHeader;
     ^
gcc -g -O2 -Wall -Wstrict-prototypes    '-DPPPOE_PATH="/usr/sbin/pppoe"' '-DPPPD_PATH="/usr/sbin/pppd"' '-DPLUGIN_PATH="/etc/ppp/plugins/rp-pppoe.so"' '-DPPPOE_SERVER_OPTIONS="/etc/ppp/pppoe-server-options"' -Ilibevent '-DVERSION="3.10"' -c -o ppp.o ppp.c
gcc -g -O2 -Wall -Wstrict-prototypes    '-DPPPOE_PATH="/usr/sbin/pppoe"' '-DPPPD_PATH="/usr/sbin/pppd"' '-DPLUGIN_PATH="/etc/ppp/plugins/rp-pppoe.so"' '-DPPPOE_SERVER_OPTIONS="/etc/ppp/pppoe-server-options"' -Ilibevent '-DVERSION="3.10"' -c -o discovery.o discovery.c
gcc -g -O2 -Wall -Wstrict-prototypes    '-DPPPOE_PATH="/usr/sbin/pppoe"' '-DPPPD_PATH="/usr/sbin/pppd"' '-DPLUGIN_PATH="/etc/ppp/plugins/rp-pppoe.so"' '-DPPPOE_SERVER_OPTIONS="/etc/ppp/pppoe-server-options"' -Ilibevent '-DVERSION="3.10"' -c -o pppoe-server.o pppoe-server.c
gcc -g -O2 -Wall -Wstrict-prototypes    '-DPPPOE_PATH="/usr/sbin/pppoe"' '-DPPPD_PATH="/usr/sbin/pppd"' '-DPLUGIN_PATH="/etc/ppp/plugins/rp-pppoe.so"' '-DPPPOE_SERVER_OPTIONS="/etc/ppp/pppoe-server-options"' -Ilibevent '-DVERSION="3.10"' -c -o md5.o md5.c
md5.c: In function ‘MD5Final’:
md5.c:138:5: warning: dereferencing type-punned pointer will break strict-aliasing rules [-Wstrict-aliasing]
     ((uint32 *) ctx->in)[14] = ctx->bits[0];
     ^
cd libevent && make DEFINES=""
md5.c:139:5: warning: dereferencing type-punned pointer will break strict-aliasing rules [-Wstrict-aliasing]
     ((uint32 *) ctx->in)[15] = ctx->bits[1];
     ^
md5.c:144:26: warning: argument to ‘sizeof’ in ‘memset’ call is the same expression as the destination; did you mean to dereference it? [-Wsizeof-pointer-memaccess]
     memset(ctx, 0, sizeof(ctx)); /* In case it's sensitive */
                          ^
make[1]: Entering directory `/mnt/sda6/00_new-woof/petbuilds-slacko-32/builds/rp-pppoe/rp-pppoe-3.10/src/libevent'
gcc -g -O2 -Wall -Wstrict-prototypes -I..  -c -o event.o event.c
gcc -g -O2 -Wall -Wstrict-prototypes    '-DPPPOE_PATH="/usr/sbin/pppoe"' '-DPPPD_PATH="/usr/sbin/pppd"' '-DPLUGIN_PATH="/etc/ppp/plugins/rp-pppoe.so"' '-DPPPOE_SERVER_OPTIONS="/etc/ppp/pppoe-server-options"' -Ilibevent '-DVERSION="3.10"' -c -o pppoe-sniff.o pppoe-sniff.c
gcc -g -O2 -Wall -Wstrict-prototypes    '-DPPPOE_PATH="/usr/sbin/pppoe"' '-DPPPD_PATH="/usr/sbin/pppd"' '-DPLUGIN_PATH="/etc/ppp/plugins/rp-pppoe.so"' '-DPPPOE_SERVER_OPTIONS="/etc/ppp/pppoe-server-options"' -Ilibevent '-DVERSION="3.10"' -c -o relay.o relay.c
gcc -g -O2 -Wall -Wstrict-prototypes -I..  -c -o event_tcp.o event_tcp.c
gcc -o pppoe pppoe.o if.o debug.o common.o ppp.o discovery.o
relay.c: In function ‘relayHandlePADS’:
relay.c:1318:9: warning: variable ‘acIndex’ set but not used [-Wunused-but-set-variable]
     int acIndex;
         ^
gcc -o pppoe-sniff pppoe-sniff.o if.o common.o debug.o
gcc -g -O2 -Wall -Wstrict-prototypes -I..  -c -o hash.o hash.c
gcc -g -O2 -Wall -Wstrict-prototypes -I..  -c -o event_sig.o event_sig.c
rm -f libevent.a
ar -cq libevent.a event.o event_tcp.o hash.o event_sig.o
ranlib libevent.a
make[1]: Leaving directory `/mnt/sda6/00_new-woof/petbuilds-slacko-32/builds/rp-pppoe/rp-pppoe-3.10/src/libevent'
gcc -o pppoe-relay relay.o if.o debug.o common.o
gcc -o pppoe-server  pppoe-server.o if.o debug.o common.o md5.o   -Llibevent -levent

Type 'make install' as root to install the software.

Type 'make install' as root to install the software.
mkdir -p /mnt/sda6/00_new-woof/petbuilds-slacko-32/builds/rp-pppoe/rp-pppoe-install/usr/sbin
/usr/bin/ginstall -c -m 755 pppoe /mnt/sda6/00_new-woof/petbuilds-slacko-32/builds/rp-pppoe/rp-pppoe-install/usr/sbin
/usr/bin/ginstall -c -m 755 pppoe-server /mnt/sda6/00_new-woof/petbuilds-slacko-32/builds/rp-pppoe/rp-pppoe-install/usr/sbin
if test -x licensed-only/pppoe-server-control ; then /usr/bin/ginstall -c -m 755 licensed-only/pppoe-server-control /mnt/sda6/00_new-woof/petbuilds-slacko-32/builds/rp-pppoe/rp-pppoe-install/usr/sbin; fi
if test -x pppoe-relay ; then /usr/bin/ginstall -c -m 755 pppoe-relay /mnt/sda6/00_new-woof/petbuilds-slacko-32/builds/rp-pppoe/rp-pppoe-install/usr/sbin; fi
if test -x pppoe-sniff; then /usr/bin/ginstall -c -m 755 pppoe-sniff /mnt/sda6/00_new-woof/petbuilds-slacko-32/builds/rp-pppoe/rp-pppoe-install/usr/sbin; fi
/usr/bin/ginstall -c -m 755 ../scripts/pppoe-connect /mnt/sda6/00_new-woof/petbuilds-slacko-32/builds/rp-pppoe/rp-pppoe-install/usr/sbin
/usr/bin/ginstall -c -m 755 ../scripts/pppoe-start /mnt/sda6/00_new-woof/petbuilds-slacko-32/builds/rp-pppoe/rp-pppoe-install/usr/sbin
/usr/bin/ginstall -c -m 755 ../scripts/pppoe-status /mnt/sda6/00_new-woof/petbuilds-slacko-32/builds/rp-pppoe/rp-pppoe-install/usr/sbin
/usr/bin/ginstall -c -m 755 ../scripts/pppoe-stop /mnt/sda6/00_new-woof/petbuilds-slacko-32/builds/rp-pppoe/rp-pppoe-install/usr/sbin
/usr/bin/ginstall -c -m 755 ../scripts/pppoe-setup /mnt/sda6/00_new-woof/petbuilds-slacko-32/builds/rp-pppoe/rp-pppoe-install/usr/sbin
mkdir -p /mnt/sda6/00_new-woof/petbuilds-slacko-32/builds/rp-pppoe/rp-pppoe-install/usr/share/doc/rp-pppoe-3.10
/usr/bin/ginstall -c -m 644 ../doc/CHANGES /mnt/sda6/00_new-woof/petbuilds-slacko-32/builds/rp-pppoe/rp-pppoe-install/usr/share/doc/rp-pppoe-3.10
/usr/bin/ginstall -c -m 644 ../doc/KERNEL-MODE-PPPOE /mnt/sda6/00_new-woof/petbuilds-slacko-32/builds/rp-pppoe/rp-pppoe-install/usr/share/doc/rp-pppoe-3.10
/usr/bin/ginstall -c -m 644 ../doc/HOW-TO-CONNECT /mnt/sda6/00_new-woof/petbuilds-slacko-32/builds/rp-pppoe/rp-pppoe-install/usr/share/doc/rp-pppoe-3.10
/usr/bin/ginstall -c -m 644 ../doc/LICENSE /mnt/sda6/00_new-woof/petbuilds-slacko-32/builds/rp-pppoe/rp-pppoe-install/usr/share/doc/rp-pppoe-3.10
/usr/bin/ginstall -c -m 644 ../README /mnt/sda6/00_new-woof/petbuilds-slacko-32/builds/rp-pppoe/rp-pppoe-install/usr/share/doc/rp-pppoe-3.10
/usr/bin/ginstall -c -m 644 ../SERVPOET /mnt/sda6/00_new-woof/petbuilds-slacko-32/builds/rp-pppoe/rp-pppoe-install/usr/share/doc/rp-pppoe-3.10
/usr/bin/ginstall -c -m 644 ../configs/pap-secrets /mnt/sda6/00_new-woof/petbuilds-slacko-32/builds/rp-pppoe/rp-pppoe-install/usr/share/doc/rp-pppoe-3.10
mkdir -p /mnt/sda6/00_new-woof/petbuilds-slacko-32/builds/rp-pppoe/rp-pppoe-install/usr/share/man/man8
for i in pppoe pppoe-server pppoe-sniff pppoe-relay ; do \
	if test -f ../man/$i.8 ; then \
		/usr/bin/ginstall -c -m 644 ../man/$i.8 /mnt/sda6/00_new-woof/petbuilds-slacko-32/builds/rp-pppoe/rp-pppoe-install/usr/share/man/man8 || exit 1; \
	fi; \
done
/usr/bin/ginstall -c -m 644 ../man/pppoe-start.8 /mnt/sda6/00_new-woof/petbuilds-slacko-32/builds/rp-pppoe/rp-pppoe-install/usr/share/man/man8
/usr/bin/ginstall -c -m 644 ../man/pppoe-stop.8 /mnt/sda6/00_new-woof/petbuilds-slacko-32/builds/rp-pppoe/rp-pppoe-install/usr/share/man/man8
/usr/bin/ginstall -c -m 644 ../man/pppoe-status.8 /mnt/sda6/00_new-woof/petbuilds-slacko-32/builds/rp-pppoe/rp-pppoe-install/usr/share/man/man8
/usr/bin/ginstall -c -m 644 ../man/pppoe-connect.8 /mnt/sda6/00_new-woof/petbuilds-slacko-32/builds/rp-pppoe/rp-pppoe-install/usr/share/man/man8
/usr/bin/ginstall -c -m 644 ../man/pppoe-setup.8 /mnt/sda6/00_new-woof/petbuilds-slacko-32/builds/rp-pppoe/rp-pppoe-install/usr/share/man/man8
mkdir -p /mnt/sda6/00_new-woof/petbuilds-slacko-32/builds/rp-pppoe/rp-pppoe-install/usr/share/man/man5
/usr/bin/ginstall -c -m 644 ../man/pppoe.conf.5 /mnt/sda6/00_new-woof/petbuilds-slacko-32/builds/rp-pppoe/rp-pppoe-install/usr/share/man/man5
mkdir -p /mnt/sda6/00_new-woof/petbuilds-slacko-32/builds/rp-pppoe/rp-pppoe-install/etc/ppp
mkdir -p /mnt/sda6/00_new-woof/petbuilds-slacko-32/builds/rp-pppoe/rp-pppoe-install/etc/ppp/plugins
echo "# Directory created by rp-pppoe for kernel-mode plugin" > /mnt/sda6/00_new-woof/petbuilds-slacko-32/builds/rp-pppoe/rp-pppoe-install/etc/ppp/plugins/README

Type 'pppoe-setup' to configure the software.
/mnt/sda6/00_new-woof/petbuilds-slacko-32/builds/rp-pppoe
Processing ../rp-pppoe-install/etc/ppp/firewall-masq
Processing ../rp-pppoe-install/etc/ppp/firewall-standalone
Processing ../rp-pppoe-install/etc/ppp/plugins/README
Processing ../rp-pppoe-install/etc/ppp/pppoe.conf
Processing ../rp-pppoe-install/etc/ppp/pppoe-server-options
Processing ../rp-pppoe-install/usr/sbin/pppoe
Processing ../rp-pppoe-install/usr/sbin/pppoe-connect
Processing ../rp-pppoe-install/usr/sbin/pppoe-relay
Processing ../rp-pppoe-install/usr/sbin/pppoe-server
Processing ../rp-pppoe-install/usr/sbin/pppoe-setup
Processing ../rp-pppoe-install/usr/sbin/pppoe-sniff
Processing ../rp-pppoe-install/usr/sbin/pppoe-start
Processing ../rp-pppoe-install/usr/sbin/pppoe-status
Processing ../rp-pppoe-install/usr/sbin/pppoe-stop
Processing ../rp-pppoe-install/usr/share/doc/rp-pppoe-3.10/CHANGES
Processing ../rp-pppoe-install/usr/share/doc/rp-pppoe-3.10/HOW-TO-CONNECT
Processing ../rp-pppoe-install/usr/share/doc/rp-pppoe-3.10/KERNEL-MODE-PPPOE
Processing ../rp-pppoe-install/usr/share/doc/rp-pppoe-3.10/LICENSE
Processing ../rp-pppoe-install/usr/share/doc/rp-pppoe-3.10/pap-secrets
Processing ../rp-pppoe-install/usr/share/doc/rp-pppoe-3.10/README
Processing ../rp-pppoe-install/usr/share/doc/rp-pppoe-3.10/SERVPOET
Processing ../rp-pppoe-install/usr/share/man/man5/pppoe.conf.5
Processing ../rp-pppoe-install/usr/share/man/man8/pppoe.8
Processing ../rp-pppoe-install/usr/share/man/man8/pppoe-connect.8
Processing ../rp-pppoe-install/usr/share/man/man8/pppoe-relay.8
Processing ../rp-pppoe-install/usr/share/man/man8/pppoe-server.8
Processing ../rp-pppoe-install/usr/share/man/man8/pppoe-setup.8
Processing ../rp-pppoe-install/usr/share/man/man8/pppoe-sniff.8
Processing ../rp-pppoe-install/usr/share/man/man8/pppoe-start.8
Processing ../rp-pppoe-install/usr/share/man/man8/pppoe-status.8
Processing ../rp-pppoe-install/usr/share/man/man8/pppoe-stop.8
all done
packaging rp-pppoe-3.10-i686_slk600
packaging rp-pppoe_DOC-3.10-i686_slk600
done!
