rubix-1.0.6/
rubix-1.0.6/version.h
rubix-1.0.6/AUTHORS
rubix-1.0.6/BUGS
rubix-1.0.6/fillpoly.h
rubix-1.0.6/LICENCE
rubix-1.0.6/event.h
rubix-1.0.6/cube.c
rubix-1.0.6/screen.c
rubix-1.0.6/fillpoly.c
rubix-1.0.6/poly.h
rubix-1.0.6/device.h
rubix-1.0.6/TODO
rubix-1.0.6/messages.h
rubix-1.0.6/README
rubix-1.0.6/main.c
rubix-1.0.6/INSTALL
rubix-1.0.6/line.h
rubix-1.0.6/cube.h
rubix-1.0.6/Makefile
rubix-1.0.6/screen.h
rubix-1.0.6/event.c
rubix-1.0.6/line.c
gcc -Wall -O3 -fomit-frame-pointer -ffast-math -DGAMESDIR="\"/usr/games\"" -DENGLISH  -I/usr/X11R6/include -c -o cube.o cube.c
gcc -Wall -O3 -fomit-frame-pointer -ffast-math -DGAMESDIR="\"/usr/games\"" -DENGLISH  -I/usr/X11R6/include -c -o event.o event.c
gcc -Wall -O3 -fomit-frame-pointer -ffast-math -DGAMESDIR="\"/usr/games\"" -DENGLISH  -I/usr/X11R6/include -c -o fillpoly.o fillpoly.c
gcc -Wall -O3 -fomit-frame-pointer -ffast-math -DGAMESDIR="\"/usr/games\"" -DENGLISH  -I/usr/X11R6/include -c -o line.o line.c
gcc -Wall -O3 -fomit-frame-pointer -ffast-math -DGAMESDIR="\"/usr/games\"" -DENGLISH  -I/usr/X11R6/include -c -o main.o main.c
gcc -Wall -O3 -fomit-frame-pointer -ffast-math -DGAMESDIR="\"/usr/games\"" -DENGLISH  -I/usr/X11R6/include -c -o screen.o screen.c
gcc -Wall -O3 -fomit-frame-pointer -ffast-math -DGAMESDIR="\"/usr/games\"" -DENGLISH  -o rubix cube.o event.o fillpoly.o line.o main.o screen.o -lm -L/usr/X11R6/lib -lX11 
/mnt/sda6/00_new-woof/petbuilds-slacko-32/builds/rubix
packaging rubix-1.0.6-i686_slk600
done!
