shared-mime-info-0.70/
shared-mime-info-0.70/missing
shared-mime-info-0.70/configure
shared-mime-info-0.70/COPYING
shared-mime-info-0.70/mkinstalldirs
shared-mime-info-0.70/install-sh
shared-mime-info-0.70/freedesktop.org.xml
shared-mime-info-0.70/freedesktop.org.xml.in
shared-mime-info-0.70/depcomp
shared-mime-info-0.70/NEWS
shared-mime-info-0.70/update-mime-database.1
shared-mime-info-0.70/shared-mime-info-spec.xml
shared-mime-info-0.70/ChangeLog
shared-mime-info-0.70/Makefile.in
shared-mime-info-0.70/configure.in
shared-mime-info-0.70/update-mime-database.c
shared-mime-info-0.70/test-tree-magic.c
shared-mime-info-0.70/test-subclassing.c
shared-mime-info-0.70/Makefile.am
shared-mime-info-0.70/config.h.in
shared-mime-info-0.70/README
shared-mime-info-0.70/po/
shared-mime-info-0.70/po/ja.po
shared-mime-info-0.70/po/ru.po
shared-mime-info-0.70/po/vi.po
shared-mime-info-0.70/po/nn.po
shared-mime-info-0.70/po/lt.po
shared-mime-info-0.70/po/da.po
shared-mime-info-0.70/po/cy.po
shared-mime-info-0.70/po/uk.po
shared-mime-info-0.70/po/it.po
shared-mime-info-0.70/po/pt_BR.po
shared-mime-info-0.70/po/sq.po
shared-mime-info-0.70/po/sr.po
shared-mime-info-0.70/po/rw.po
shared-mime-info-0.70/po/POTFILES.in
shared-mime-info-0.70/po/sv.po
shared-mime-info-0.70/po/fi.po
shared-mime-info-0.70/po/de.po
shared-mime-info-0.70/po/ko.po
shared-mime-info-0.70/po/id.po
shared-mime-info-0.70/po/ChangeLog
shared-mime-info-0.70/po/nb.po
shared-mime-info-0.70/po/pl.po
shared-mime-info-0.70/po/hu.po
shared-mime-info-0.70/po/es.po
shared-mime-info-0.70/po/zh_TW.po
shared-mime-info-0.70/po/ga.po
shared-mime-info-0.70/po/eo.po
shared-mime-info-0.70/po/az.po
shared-mime-info-0.70/po/lv.po
shared-mime-info-0.70/po/POTFILES.skip
shared-mime-info-0.70/po/cs.po
shared-mime-info-0.70/po/Makefile.in.in
shared-mime-info-0.70/po/shared-mime-info.pot
shared-mime-info-0.70/po/ca.po
shared-mime-info-0.70/po/be@latin.po
shared-mime-info-0.70/po/bg.po
shared-mime-info-0.70/po/en_GB.po
shared-mime-info-0.70/po/ms.po
shared-mime-info-0.70/po/LINGUAS
shared-mime-info-0.70/po/eu.po
shared-mime-info-0.70/po/pt.po
shared-mime-info-0.70/po/fr.po
shared-mime-info-0.70/po/nl.po
shared-mime-info-0.70/po/el.po
shared-mime-info-0.70/po/zh_CN.po
shared-mime-info-0.70/shared-mime-info.pc.in
shared-mime-info-0.70/HACKING
shared-mime-info-0.70/aclocal.m4
checking for a BSD-compatible install... /usr/bin/ginstall -c
checking whether build environment is sane... yes
checking for a thread-safe mkdir -p... ./install-sh -c -d
checking for gawk... gawk
checking whether make sets $(MAKE)... yes
checking for gcc... gcc
checking for C compiler default output file name... a.out
checking whether the C compiler works... yes
checking whether we are cross compiling... no
checking for suffix of executables... 
checking for suffix of object files... o
checking whether we are using the GNU C compiler... yes
checking whether gcc accepts -g... yes
checking for gcc option to accept ISO C89... none needed
checking for style of include used by make... GNU
checking dependency style of gcc... gcc3
checking for an ANSI C-conforming const... yes
checking whether NLS is requested... yes
checking for intltool >= 0.35.0... 0.50.2 found
checking for intltool-update... /usr/bin/intltool-update
checking for intltool-merge... /usr/bin/intltool-merge
checking for intltool-extract... /usr/bin/intltool-extract
checking for xgettext... /usr/bin/xgettext
checking for msgmerge... /usr/bin/msgmerge
checking for msgfmt... /usr/bin/msgfmt
checking for gmsgfmt... /usr/bin/msgfmt
checking for perl... /usr/bin/perl
checking for perl >= 5.8.1... 5.18.1
checking for XML::Parser... ok
checking how to run the C preprocessor... gcc -E
checking for grep that handles long lines and -e... /bin/grep
checking for egrep... /bin/grep -E
checking for ANSI C header files... yes
checking for sys/types.h... yes
checking for sys/stat.h... yes
checking for stdlib.h... yes
checking for string.h... yes
checking for memory.h... yes
checking for strings.h... yes
checking for inttypes.h... yes
checking for stdint.h... yes
checking for unistd.h... yes
checking locale.h usability... yes
checking locale.h presence... yes
checking for locale.h... yes
checking for LC_MESSAGES... yes
checking libintl.h usability... yes
checking libintl.h presence... yes
checking for libintl.h... yes
checking for ngettext in libc... yes
checking for dgettext in libc... yes
checking for bind_textdomain_codeset... yes
checking for msgfmt... (cached) /usr/bin/msgfmt
checking for dcgettext... yes
checking if msgfmt accepts -c... yes
checking for gmsgfmt... (cached) /usr/bin/msgfmt
checking for xgettext... (cached) /usr/bin/xgettext
checking for pkg-config... /usr/bin/pkg-config
checking pkg-config is at least version 0.9.0... yes
checking for ALL... yes
checking for GIO... yes
checking for xmllint... /usr/bin/xmllint
configure: creating ./config.status
config.status: creating Makefile
config.status: creating shared-mime-info.pc
config.status: creating po/Makefile.in
config.status: creating config.h
config.status: executing depfiles commands
config.status: executing default-1 commands
config.status: executing po/stamp-it commands
Makefile:1054: warning: overriding recipe for target `all'
Makefile:312: warning: ignoring old recipe for target `all'
LC_ALL=C /usr/bin/intltool-merge -x -u -c ./po/.intltool-merge-cache ./po freedesktop.org.xml.in freedesktop.org.xml
Making check in .
make[1]: Entering directory `/mnt/sda6/00_new-woof/petbuilds-slacko-32/builds/shared-mime-info/shared-mime-info-0.70'
Makefile:1054: warning: overriding recipe for target `all'
Makefile:312: warning: ignoring old recipe for target `all'
gcc -DHAVE_CONFIG_H -I. -I/usr/include/libxml2 -I/usr/include/glib-2.0 -I/usr/lib/glib-2.0/include     -I/usr/include/libxml2 -I/usr/include/glib-2.0 -I/usr/lib/glib-2.0/include   -g -O2 -Wall -Wstrict-prototypes -Wmissing-prototypes -Wwrite-strings -MT update_mime_database-update-mime-database.o -MD -MP -MF .deps/update_mime_database-update-mime-database.Tpo -c -o update_mime_database-update-mime-database.o `test -f 'update-mime-database.c' || echo './'`update-mime-database.c
gcc -DHAVE_CONFIG_H -I. -I/usr/include/libxml2 -I/usr/include/glib-2.0 -I/usr/lib/glib-2.0/include     -I/usr/include/libxml2 -I/usr/include/glib-2.0 -I/usr/lib/glib-2.0/include   -g -O2 -Wall -Wstrict-prototypes -Wmissing-prototypes -Wwrite-strings -MT test_subclassing-test-subclassing.o -MD -MP -MF .deps/test_subclassing-test-subclassing.Tpo -c -o test_subclassing-test-subclassing.o `test -f 'test-subclassing.c' || echo './'`test-subclassing.c
gcc -DHAVE_CONFIG_H -I. -I/usr/include/libxml2 -I/usr/include/glib-2.0 -I/usr/lib/glib-2.0/include     -pthread -I/usr/include/glib-2.0 -I/usr/lib/glib-2.0/include   -g -O2 -Wall -Wstrict-prototypes -Wmissing-prototypes -Wwrite-strings -MT test_tree_magic-test-tree-magic.o -MD -MP -MF .deps/test_tree_magic-test-tree-magic.Tpo -c -o test_tree_magic-test-tree-magic.o `test -f 'test-tree-magic.c' || echo './'`test-tree-magic.c
mv -f .deps/test_subclassing-test-subclassing.Tpo .deps/test_subclassing-test-subclassing.Po
LC_ALL=C /usr/bin/intltool-merge -x -u -c ./po/.intltool-merge-cache ./po freedesktop.org.xml.in freedesktop.org.xml
test-tree-magic.c: In function ‘main’:
test-tree-magic.c:637:2: warning: ‘g_type_init’ is deprecated (declared at /usr/include/glib-2.0/gobject/gtype.h:669) [-Wdeprecated-declarations]
  g_type_init ();
  ^
test-tree-magic.c: In function ‘read_tree_magic_from_directory’:
test-tree-magic.c:171:18: warning: ‘match’ may be used uninitialized in this function [-Wmaybe-uninitialized]
   match->matches = g_list_append (match->matches, matchlet);
                  ^
test-tree-magic.c:207:13: note: ‘match’ was declared here
  TreeMatch *match;
             ^
mv -f .deps/test_tree_magic-test-tree-magic.Tpo .deps/test_tree_magic-test-tree-magic.Po
gcc -I/usr/include/libxml2 -I/usr/include/glib-2.0 -I/usr/lib/glib-2.0/include   -g -O2 -Wall -Wstrict-prototypes -Wmissing-prototypes -Wwrite-strings   -o test-subclassing test_subclassing-test-subclassing.o -lxml2 -lglib-2.0   
gcc -pthread -I/usr/include/glib-2.0 -I/usr/lib/glib-2.0/include   -g -O2 -Wall -Wstrict-prototypes -Wmissing-prototypes -Wwrite-strings   -o test-tree-magic test_tree_magic-test-tree-magic.o -lgio-2.0 -lgobject-2.0 -lglib-2.0   
mv -f .deps/update_mime_database-update-mime-database.Tpo .deps/update_mime_database-update-mime-database.Po
gcc -I/usr/include/libxml2 -I/usr/include/glib-2.0 -I/usr/lib/glib-2.0/include   -g -O2 -Wall -Wstrict-prototypes -Wmissing-prototypes -Wwrite-strings   -o update-mime-database update_mime_database-update-mime-database.o -lxml2 -lglib-2.0   
Generating and caching the translation database
Merging translations into freedesktop.org.xml.
CREATED freedesktop.org.xml
make[1]: Leaving directory `/mnt/sda6/00_new-woof/petbuilds-slacko-32/builds/shared-mime-info/shared-mime-info-0.70'
Making check in po
Generating and caching the translation database
Merging translations into freedesktop.org.xml.
CREATED freedesktop.org.xml
make[1]: Entering directory `/mnt/sda6/00_new-woof/petbuilds-slacko-32/builds/shared-mime-info/shared-mime-info-0.70/po'
file=`echo az | sed 's,.*/,,'`.gmo \
  && rm -f $file && /usr/bin/msgfmt -o $file az.po
file=`echo be@latin | sed 's,.*/,,'`.gmo \
  && rm -f $file && /usr/bin/msgfmt -o $file be@latin.po
file=`echo bg | sed 's,.*/,,'`.gmo \
  && rm -f $file && /usr/bin/msgfmt -o $file bg.po
file=`echo ca | sed 's,.*/,,'`.gmo \
  && rm -f $file && /usr/bin/msgfmt -o $file ca.po
file=`echo cs | sed 's,.*/,,'`.gmo \
  && rm -f $file && /usr/bin/msgfmt -o $file cs.po
file=`echo cy | sed 's,.*/,,'`.gmo \
  && rm -f $file && /usr/bin/msgfmt -o $file cy.po
file=`echo da | sed 's,.*/,,'`.gmo \
  && rm -f $file && /usr/bin/msgfmt -o $file da.po
file=`echo de | sed 's,.*/,,'`.gmo \
  && rm -f $file && /usr/bin/msgfmt -o $file de.po
file=`echo el | sed 's,.*/,,'`.gmo \
  && rm -f $file && /usr/bin/msgfmt -o $file el.po
file=`echo en_GB | sed 's,.*/,,'`.gmo \
  && rm -f $file && /usr/bin/msgfmt -o $file en_GB.po
file=`echo eo | sed 's,.*/,,'`.gmo \
  && rm -f $file && /usr/bin/msgfmt -o $file eo.po
file=`echo es | sed 's,.*/,,'`.gmo \
  && rm -f $file && /usr/bin/msgfmt -o $file es.po
file=`echo eu | sed 's,.*/,,'`.gmo \
  && rm -f $file && /usr/bin/msgfmt -o $file eu.po
file=`echo fi | sed 's,.*/,,'`.gmo \
  && rm -f $file && /usr/bin/msgfmt -o $file fi.po
file=`echo fr | sed 's,.*/,,'`.gmo \
  && rm -f $file && /usr/bin/msgfmt -o $file fr.po
file=`echo ga | sed 's,.*/,,'`.gmo \
  && rm -f $file && /usr/bin/msgfmt -o $file ga.po
file=`echo hu | sed 's,.*/,,'`.gmo \
  && rm -f $file && /usr/bin/msgfmt -o $file hu.po
file=`echo id | sed 's,.*/,,'`.gmo \
  && rm -f $file && /usr/bin/msgfmt -o $file id.po
file=`echo it | sed 's,.*/,,'`.gmo \
  && rm -f $file && /usr/bin/msgfmt -o $file it.po
file=`echo ja | sed 's,.*/,,'`.gmo \
  && rm -f $file && /usr/bin/msgfmt -o $file ja.po
file=`echo ko | sed 's,.*/,,'`.gmo \
  && rm -f $file && /usr/bin/msgfmt -o $file ko.po
file=`echo lt | sed 's,.*/,,'`.gmo \
  && rm -f $file && /usr/bin/msgfmt -o $file lt.po
file=`echo lv | sed 's,.*/,,'`.gmo \
  && rm -f $file && /usr/bin/msgfmt -o $file lv.po
file=`echo ms | sed 's,.*/,,'`.gmo \
  && rm -f $file && /usr/bin/msgfmt -o $file ms.po
file=`echo nb | sed 's,.*/,,'`.gmo \
  && rm -f $file && /usr/bin/msgfmt -o $file nb.po
file=`echo nl | sed 's,.*/,,'`.gmo \
  && rm -f $file && /usr/bin/msgfmt -o $file nl.po
file=`echo nn | sed 's,.*/,,'`.gmo \
  && rm -f $file && /usr/bin/msgfmt -o $file nn.po
file=`echo pl | sed 's,.*/,,'`.gmo \
  && rm -f $file && /usr/bin/msgfmt -o $file pl.po
file=`echo pt | sed 's,.*/,,'`.gmo \
  && rm -f $file && /usr/bin/msgfmt -o $file pt.po
file=`echo pt_BR | sed 's,.*/,,'`.gmo \
  && rm -f $file && /usr/bin/msgfmt -o $file pt_BR.po
file=`echo ru | sed 's,.*/,,'`.gmo \
  && rm -f $file && /usr/bin/msgfmt -o $file ru.po
file=`echo rw | sed 's,.*/,,'`.gmo \
  && rm -f $file && /usr/bin/msgfmt -o $file rw.po
file=`echo sq | sed 's,.*/,,'`.gmo \
  && rm -f $file && /usr/bin/msgfmt -o $file sq.po
file=`echo sr | sed 's,.*/,,'`.gmo \
  && rm -f $file && /usr/bin/msgfmt -o $file sr.po
file=`echo sv | sed 's,.*/,,'`.gmo \
  && rm -f $file && /usr/bin/msgfmt -o $file sv.po
file=`echo uk | sed 's,.*/,,'`.gmo \
  && rm -f $file && /usr/bin/msgfmt -o $file uk.po
file=`echo vi | sed 's,.*/,,'`.gmo \
  && rm -f $file && /usr/bin/msgfmt -o $file vi.po
file=`echo zh_CN | sed 's,.*/,,'`.gmo \
  && rm -f $file && /usr/bin/msgfmt -o $file zh_CN.po
file=`echo zh_TW | sed 's,.*/,,'`.gmo \
  && rm -f $file && /usr/bin/msgfmt -o $file zh_TW.po
rm -f missing notexist
srcdir=. /usr/bin/intltool-update -m
if [ -r missing -o -r notexist ]; then \
  exit 1; \
fi
make[1]: Leaving directory `/mnt/sda6/00_new-woof/petbuilds-slacko-32/builds/shared-mime-info/shared-mime-info-0.70/po'
if test -n /usr/bin/xmllint ; then \
	xmllint --noout --valid ./freedesktop.org.xml;	\
fi
if test -d CVS/ && test -x ../xdgmime/src/test-mime-data && test -x ./test-tree-magic ; then \
	mkdir -p ./temp-mime-dir/mime/packages ; \
	cp -a ./freedesktop.org.xml ./temp-mime-dir/mime/packages/ ; \
	XDG_DATA_DIRS="./temp-mime-dir/" ./update-mime-database "./temp-mime-dir/mime/" ; \
	XDG_DATA_DIRS="./temp-mime-dir/" ../xdgmime/src/test-mime-data -v tests/list || (XDG_DATA_DIRS="./temp-mime-dir/" ../xdgmime/src/test-mime-data -v -v tests/list ; exit 1); \
	XDG_DATA_DIRS="./temp-mime-dir/" ./test-tree-magic tests/tree-list || exit 1; \
	rm -rf "./temp-mime-dir/" ; \
fi
Number of mime-types that might need generic-icon: 353
Number of mime-types with a generic icon: 283
make -C po shared-mime-info.pot
make[1]: Entering directory `/mnt/sda6/00_new-woof/petbuilds-slacko-32/builds/shared-mime-info/shared-mime-info-0.70/po'
make[1]: `shared-mime-info.pot' is up to date.
make[1]: Leaving directory `/mnt/sda6/00_new-woof/petbuilds-slacko-32/builds/shared-mime-info/shared-mime-info-0.70/po'
Makefile:1054: warning: overriding recipe for target `all'
Makefile:312: warning: ignoring old recipe for target `all'
Making install in .
make[1]: Entering directory `/mnt/sda6/00_new-woof/petbuilds-slacko-32/builds/shared-mime-info/shared-mime-info-0.70'
Makefile:1054: warning: overriding recipe for target `all'
Makefile:312: warning: ignoring old recipe for target `all'
make[2]: Entering directory `/mnt/sda6/00_new-woof/petbuilds-slacko-32/builds/shared-mime-info/shared-mime-info-0.70'
Makefile:1054: warning: overriding recipe for target `all'
Makefile:312: warning: ignoring old recipe for target `all'
test -z "/usr/bin" || ./install-sh -c -d "/mnt/sda6/00_new-woof/petbuilds-slacko-32/builds/shared-mime-info/shared-mime-info-install/usr/bin"
  /usr/bin/ginstall -c update-mime-database '/mnt/sda6/00_new-woof/petbuilds-slacko-32/builds/shared-mime-info/shared-mime-info-install/usr/bin'
test -z "/usr/share/man/man1" || ./install-sh -c -d "/mnt/sda6/00_new-woof/petbuilds-slacko-32/builds/shared-mime-info/shared-mime-info-install/usr/share/man/man1"
 /usr/bin/ginstall -c -m 644 update-mime-database.1 '/mnt/sda6/00_new-woof/petbuilds-slacko-32/builds/shared-mime-info/shared-mime-info-install/usr/share/man/man1'
test -z "/usr/share/mime/packages" || ./install-sh -c -d "/mnt/sda6/00_new-woof/petbuilds-slacko-32/builds/shared-mime-info/shared-mime-info-install/usr/share/mime/packages"
 /usr/bin/ginstall -c -m 644 freedesktop.org.xml '/mnt/sda6/00_new-woof/petbuilds-slacko-32/builds/shared-mime-info/shared-mime-info-install/usr/share/mime/packages'
test -z "/usr/share/pkgconfig" || ./install-sh -c -d "/mnt/sda6/00_new-woof/petbuilds-slacko-32/builds/shared-mime-info/shared-mime-info-install/usr/share/pkgconfig"
 /usr/bin/ginstall -c -m 644 shared-mime-info.pc '/mnt/sda6/00_new-woof/petbuilds-slacko-32/builds/shared-mime-info/shared-mime-info-install/usr/share/pkgconfig'
make  install-data-hook
make[3]: Entering directory `/mnt/sda6/00_new-woof/petbuilds-slacko-32/builds/shared-mime-info/shared-mime-info-0.70'
Makefile:1054: warning: overriding recipe for target `all'
Makefile:312: warning: ignoring old recipe for target `all'
/mnt/sda6/00_new-woof/petbuilds-slacko-32/builds/shared-mime-info/shared-mime-info-install"/usr/bin/update-mime-database" -V "/mnt/sda6/00_new-woof/petbuilds-slacko-32/builds/shared-mime-info/shared-mime-info-install/usr/share/mime"
- /root/.local/share
- /usr/share
- /usr/local/share

Updating MIME database in /mnt/sda6/00_new-woof/petbuilds-slacko-32/builds/shared-mime-info/shared-mime-info-install/usr/share/mime...

Wrote 779 strings at 2c - 4174

Wrote aliases at 4174 - 4698

Wrote parents at 4698 - 5624

Wrote literal globs at 5624 - 56d0

Wrote suffix globs at 56d0 - d310

Wrote full globs at d310 - d338

Wrote magic at d338 - 16210

Wrote namespace list at 16210 - 16244

Wrote icons list at 16244 - 16248

Wrote generic icons list at 16248 - 16b1c

Wrote types list at 16b1c - 174b0


Note that '/mnt/sda6/00_new-woof/petbuilds-slacko-32/builds/shared-mime-info/shared-mime-info-install/usr/share' is not in the search path
set by the XDG_DATA_HOME and XDG_DATA_DIRS
environment variables, so applications may not
be able to find it until you set them. The
directories currently searched are:


make[3]: Leaving directory `/mnt/sda6/00_new-woof/petbuilds-slacko-32/builds/shared-mime-info/shared-mime-info-0.70'
make[2]: Leaving directory `/mnt/sda6/00_new-woof/petbuilds-slacko-32/builds/shared-mime-info/shared-mime-info-0.70'
make[1]: Leaving directory `/mnt/sda6/00_new-woof/petbuilds-slacko-32/builds/shared-mime-info/shared-mime-info-0.70'
Making install in po
make[1]: Entering directory `/mnt/sda6/00_new-woof/petbuilds-slacko-32/builds/shared-mime-info/shared-mime-info-0.70/po'
linguas="az be@latin bg ca cs cy da de el en_GB eo es eu fi fr ga hu id it ja ko lt lv ms nb nl nn pl pt pt_BR ru rw sq sr sv uk vi zh_CN zh_TW "; \
for lang in $linguas; do \
  dir=/mnt/sda6/00_new-woof/petbuilds-slacko-32/builds/shared-mime-info/shared-mime-info-install/usr/share/locale/$lang/LC_MESSAGES; \
  /bin/sh /mnt/sda6/00_new-woof/petbuilds-slacko-32/builds/shared-mime-info/shared-mime-info-0.70/install-sh -d $dir; \
  if test -r $lang.gmo; then \
    /usr/bin/ginstall -c -m 644 $lang.gmo $dir/shared-mime-info.mo; \
    echo "installing $lang.gmo as $dir/shared-mime-info.mo"; \
  else \
    /usr/bin/ginstall -c -m 644 ./$lang.gmo $dir/shared-mime-info.mo; \
    echo "installing ./$lang.gmo as" \
	 "$dir/shared-mime-info.mo"; \
  fi; \
  if test -r $lang.gmo.m; then \
    /usr/bin/ginstall -c -m 644 $lang.gmo.m $dir/shared-mime-info.mo.m; \
    echo "installing $lang.gmo.m as $dir/shared-mime-info.mo.m"; \
  else \
    if test -r ./$lang.gmo.m ; then \
      /usr/bin/ginstall -c -m 644 ./$lang.gmo.m \
	$dir/shared-mime-info.mo.m; \
      echo "installing ./$lang.gmo.m as" \
	   "$dir/shared-mime-info.mo.m"; \
    else \
      true; \
    fi; \
  fi; \
done
installing az.gmo as /mnt/sda6/00_new-woof/petbuilds-slacko-32/builds/shared-mime-info/shared-mime-info-install/usr/share/locale/az/LC_MESSAGES/shared-mime-info.mo
installing be@latin.gmo as /mnt/sda6/00_new-woof/petbuilds-slacko-32/builds/shared-mime-info/shared-mime-info-install/usr/share/locale/be@latin/LC_MESSAGES/shared-mime-info.mo
installing bg.gmo as /mnt/sda6/00_new-woof/petbuilds-slacko-32/builds/shared-mime-info/shared-mime-info-install/usr/share/locale/bg/LC_MESSAGES/shared-mime-info.mo
installing ca.gmo as /mnt/sda6/00_new-woof/petbuilds-slacko-32/builds/shared-mime-info/shared-mime-info-install/usr/share/locale/ca/LC_MESSAGES/shared-mime-info.mo
installing cs.gmo as /mnt/sda6/00_new-woof/petbuilds-slacko-32/builds/shared-mime-info/shared-mime-info-install/usr/share/locale/cs/LC_MESSAGES/shared-mime-info.mo
installing cy.gmo as /mnt/sda6/00_new-woof/petbuilds-slacko-32/builds/shared-mime-info/shared-mime-info-install/usr/share/locale/cy/LC_MESSAGES/shared-mime-info.mo
installing da.gmo as /mnt/sda6/00_new-woof/petbuilds-slacko-32/builds/shared-mime-info/shared-mime-info-install/usr/share/locale/da/LC_MESSAGES/shared-mime-info.mo
installing de.gmo as /mnt/sda6/00_new-woof/petbuilds-slacko-32/builds/shared-mime-info/shared-mime-info-install/usr/share/locale/de/LC_MESSAGES/shared-mime-info.mo
installing el.gmo as /mnt/sda6/00_new-woof/petbuilds-slacko-32/builds/shared-mime-info/shared-mime-info-install/usr/share/locale/el/LC_MESSAGES/shared-mime-info.mo
installing en_GB.gmo as /mnt/sda6/00_new-woof/petbuilds-slacko-32/builds/shared-mime-info/shared-mime-info-install/usr/share/locale/en_GB/LC_MESSAGES/shared-mime-info.mo
installing eo.gmo as /mnt/sda6/00_new-woof/petbuilds-slacko-32/builds/shared-mime-info/shared-mime-info-install/usr/share/locale/eo/LC_MESSAGES/shared-mime-info.mo
installing es.gmo as /mnt/sda6/00_new-woof/petbuilds-slacko-32/builds/shared-mime-info/shared-mime-info-install/usr/share/locale/es/LC_MESSAGES/shared-mime-info.mo
installing eu.gmo as /mnt/sda6/00_new-woof/petbuilds-slacko-32/builds/shared-mime-info/shared-mime-info-install/usr/share/locale/eu/LC_MESSAGES/shared-mime-info.mo
installing fi.gmo as /mnt/sda6/00_new-woof/petbuilds-slacko-32/builds/shared-mime-info/shared-mime-info-install/usr/share/locale/fi/LC_MESSAGES/shared-mime-info.mo
installing fr.gmo as /mnt/sda6/00_new-woof/petbuilds-slacko-32/builds/shared-mime-info/shared-mime-info-install/usr/share/locale/fr/LC_MESSAGES/shared-mime-info.mo
installing ga.gmo as /mnt/sda6/00_new-woof/petbuilds-slacko-32/builds/shared-mime-info/shared-mime-info-install/usr/share/locale/ga/LC_MESSAGES/shared-mime-info.mo
installing hu.gmo as /mnt/sda6/00_new-woof/petbuilds-slacko-32/builds/shared-mime-info/shared-mime-info-install/usr/share/locale/hu/LC_MESSAGES/shared-mime-info.mo
installing id.gmo as /mnt/sda6/00_new-woof/petbuilds-slacko-32/builds/shared-mime-info/shared-mime-info-install/usr/share/locale/id/LC_MESSAGES/shared-mime-info.mo
installing it.gmo as /mnt/sda6/00_new-woof/petbuilds-slacko-32/builds/shared-mime-info/shared-mime-info-install/usr/share/locale/it/LC_MESSAGES/shared-mime-info.mo
installing ja.gmo as /mnt/sda6/00_new-woof/petbuilds-slacko-32/builds/shared-mime-info/shared-mime-info-install/usr/share/locale/ja/LC_MESSAGES/shared-mime-info.mo
installing ko.gmo as /mnt/sda6/00_new-woof/petbuilds-slacko-32/builds/shared-mime-info/shared-mime-info-install/usr/share/locale/ko/LC_MESSAGES/shared-mime-info.mo
installing lt.gmo as /mnt/sda6/00_new-woof/petbuilds-slacko-32/builds/shared-mime-info/shared-mime-info-install/usr/share/locale/lt/LC_MESSAGES/shared-mime-info.mo
installing lv.gmo as /mnt/sda6/00_new-woof/petbuilds-slacko-32/builds/shared-mime-info/shared-mime-info-install/usr/share/locale/lv/LC_MESSAGES/shared-mime-info.mo
installing ms.gmo as /mnt/sda6/00_new-woof/petbuilds-slacko-32/builds/shared-mime-info/shared-mime-info-install/usr/share/locale/ms/LC_MESSAGES/shared-mime-info.mo
installing nb.gmo as /mnt/sda6/00_new-woof/petbuilds-slacko-32/builds/shared-mime-info/shared-mime-info-install/usr/share/locale/nb/LC_MESSAGES/shared-mime-info.mo
installing nl.gmo as /mnt/sda6/00_new-woof/petbuilds-slacko-32/builds/shared-mime-info/shared-mime-info-install/usr/share/locale/nl/LC_MESSAGES/shared-mime-info.mo
installing nn.gmo as /mnt/sda6/00_new-woof/petbuilds-slacko-32/builds/shared-mime-info/shared-mime-info-install/usr/share/locale/nn/LC_MESSAGES/shared-mime-info.mo
installing pl.gmo as /mnt/sda6/00_new-woof/petbuilds-slacko-32/builds/shared-mime-info/shared-mime-info-install/usr/share/locale/pl/LC_MESSAGES/shared-mime-info.mo
installing pt.gmo as /mnt/sda6/00_new-woof/petbuilds-slacko-32/builds/shared-mime-info/shared-mime-info-install/usr/share/locale/pt/LC_MESSAGES/shared-mime-info.mo
installing pt_BR.gmo as /mnt/sda6/00_new-woof/petbuilds-slacko-32/builds/shared-mime-info/shared-mime-info-install/usr/share/locale/pt_BR/LC_MESSAGES/shared-mime-info.mo
installing ru.gmo as /mnt/sda6/00_new-woof/petbuilds-slacko-32/builds/shared-mime-info/shared-mime-info-install/usr/share/locale/ru/LC_MESSAGES/shared-mime-info.mo
installing rw.gmo as /mnt/sda6/00_new-woof/petbuilds-slacko-32/builds/shared-mime-info/shared-mime-info-install/usr/share/locale/rw/LC_MESSAGES/shared-mime-info.mo
installing sq.gmo as /mnt/sda6/00_new-woof/petbuilds-slacko-32/builds/shared-mime-info/shared-mime-info-install/usr/share/locale/sq/LC_MESSAGES/shared-mime-info.mo
installing sr.gmo as /mnt/sda6/00_new-woof/petbuilds-slacko-32/builds/shared-mime-info/shared-mime-info-install/usr/share/locale/sr/LC_MESSAGES/shared-mime-info.mo
installing sv.gmo as /mnt/sda6/00_new-woof/petbuilds-slacko-32/builds/shared-mime-info/shared-mime-info-install/usr/share/locale/sv/LC_MESSAGES/shared-mime-info.mo
installing uk.gmo as /mnt/sda6/00_new-woof/petbuilds-slacko-32/builds/shared-mime-info/shared-mime-info-install/usr/share/locale/uk/LC_MESSAGES/shared-mime-info.mo
installing vi.gmo as /mnt/sda6/00_new-woof/petbuilds-slacko-32/builds/shared-mime-info/shared-mime-info-install/usr/share/locale/vi/LC_MESSAGES/shared-mime-info.mo
installing zh_CN.gmo as /mnt/sda6/00_new-woof/petbuilds-slacko-32/builds/shared-mime-info/shared-mime-info-install/usr/share/locale/zh_CN/LC_MESSAGES/shared-mime-info.mo
installing zh_TW.gmo as /mnt/sda6/00_new-woof/petbuilds-slacko-32/builds/shared-mime-info/shared-mime-info-install/usr/share/locale/zh_TW/LC_MESSAGES/shared-mime-info.mo
make[1]: Leaving directory `/mnt/sda6/00_new-woof/petbuilds-slacko-32/builds/shared-mime-info/shared-mime-info-0.70/po'
/mnt/sda6/00_new-woof/petbuilds-slacko-32/builds/shared-mime-info
Processing ../shared-mime-info-install/pet.specs
Processing ../shared-mime-info-install/usr/bin/update-mime-database
Processing ../shared-mime-info-install/usr/share/locale/az/LC_MESSAGES/shared-mime-info.mo
Processing ../shared-mime-info-install/usr/share/locale/be@latin/LC_MESSAGES/shared-mime-info.mo
Processing ../shared-mime-info-install/usr/share/locale/bg/LC_MESSAGES/shared-mime-info.mo
Processing ../shared-mime-info-install/usr/share/locale/ca/LC_MESSAGES/shared-mime-info.mo
Processing ../shared-mime-info-install/usr/share/locale/cs/LC_MESSAGES/shared-mime-info.mo
Processing ../shared-mime-info-install/usr/share/locale/cy/LC_MESSAGES/shared-mime-info.mo
Processing ../shared-mime-info-install/usr/share/locale/da/LC_MESSAGES/shared-mime-info.mo
Processing ../shared-mime-info-install/usr/share/locale/de/LC_MESSAGES/shared-mime-info.mo
Processing ../shared-mime-info-install/usr/share/locale/el/LC_MESSAGES/shared-mime-info.mo
Processing ../shared-mime-info-install/usr/share/locale/en_GB/LC_MESSAGES/shared-mime-info.mo
Processing ../shared-mime-info-install/usr/share/locale/eo/LC_MESSAGES/shared-mime-info.mo
Processing ../shared-mime-info-install/usr/share/locale/es/LC_MESSAGES/shared-mime-info.mo
Processing ../shared-mime-info-install/usr/share/locale/eu/LC_MESSAGES/shared-mime-info.mo
Processing ../shared-mime-info-install/usr/share/locale/fi/LC_MESSAGES/shared-mime-info.mo
Processing ../shared-mime-info-install/usr/share/locale/fr/LC_MESSAGES/shared-mime-info.mo
Processing ../shared-mime-info-install/usr/share/locale/ga/LC_MESSAGES/shared-mime-info.mo
Processing ../shared-mime-info-install/usr/share/locale/hu/LC_MESSAGES/shared-mime-info.mo
Processing ../shared-mime-info-install/usr/share/locale/id/LC_MESSAGES/shared-mime-info.mo
Processing ../shared-mime-info-install/usr/share/locale/it/LC_MESSAGES/shared-mime-info.mo
Processing ../shared-mime-info-install/usr/share/locale/ja/LC_MESSAGES/shared-mime-info.mo
Processing ../shared-mime-info-install/usr/share/locale/ko/LC_MESSAGES/shared-mime-info.mo
Processing ../shared-mime-info-install/usr/share/locale/lt/LC_MESSAGES/shared-mime-info.mo
Processing ../shared-mime-info-install/usr/share/locale/lv/LC_MESSAGES/shared-mime-info.mo
Processing ../shared-mime-info-install/usr/share/locale/ms/LC_MESSAGES/shared-mime-info.mo
Processing ../shared-mime-info-install/usr/share/locale/nb/LC_MESSAGES/shared-mime-info.mo
Processing ../shared-mime-info-install/usr/share/locale/nl/LC_MESSAGES/shared-mime-info.mo
Processing ../shared-mime-info-install/usr/share/locale/nn/LC_MESSAGES/shared-mime-info.mo
Processing ../shared-mime-info-install/usr/share/locale/pl/LC_MESSAGES/shared-mime-info.mo
Processing ../shared-mime-info-install/usr/share/locale/pt_BR/LC_MESSAGES/shared-mime-info.mo
Processing ../shared-mime-info-install/usr/share/locale/pt/LC_MESSAGES/shared-mime-info.mo
Processing ../shared-mime-info-install/usr/share/locale/ru/LC_MESSAGES/shared-mime-info.mo
Processing ../shared-mime-info-install/usr/share/locale/rw/LC_MESSAGES/shared-mime-info.mo
Processing ../shared-mime-info-install/usr/share/locale/sq/LC_MESSAGES/shared-mime-info.mo
Processing ../shared-mime-info-install/usr/share/locale/sr/LC_MESSAGES/shared-mime-info.mo
Processing ../shared-mime-info-install/usr/share/locale/sv/LC_MESSAGES/shared-mime-info.mo
Processing ../shared-mime-info-install/usr/share/locale/uk/LC_MESSAGES/shared-mime-info.mo
Processing ../shared-mime-info-install/usr/share/locale/vi/LC_MESSAGES/shared-mime-info.mo
Processing ../shared-mime-info-install/usr/share/locale/zh_CN/LC_MESSAGES/shared-mime-info.mo
Processing ../shared-mime-info-install/usr/share/locale/zh_TW/LC_MESSAGES/shared-mime-info.mo
Processing ../shared-mime-info-install/usr/share/man/man1/update-mime-database.1
Processing ../shared-mime-info-install/usr/share/mime/aliases
Processing ../shared-mime-info-install/usr/share/mime/application/andrew-inset.xml
Processing ../shared-mime-info-install/usr/share/mime/application/annodex.xml
Processing ../shared-mime-info-install/usr/share/mime/application/atom+xml.xml
Processing ../shared-mime-info-install/usr/share/mime/application/dicom.xml
Processing ../shared-mime-info-install/usr/share/mime/application/docbook+xml.xml
Processing ../shared-mime-info-install/usr/share/mime/application/ecmascript.xml
Processing ../shared-mime-info-install/usr/share/mime/application/epub+zip.xml
Processing ../shared-mime-info-install/usr/share/mime/application/gnunet-directory.xml
Processing ../shared-mime-info-install/usr/share/mime/application/illustrator.xml
Processing ../shared-mime-info-install/usr/share/mime/application/initramfs-gz.xml
Processing ../shared-mime-info-install/usr/share/mime/application/javascript.xml
Processing ../shared-mime-info-install/usr/share/mime/application/mac-binhex40.xml
Processing ../shared-mime-info-install/usr/share/mime/application/mathematica.xml
Processing ../shared-mime-info-install/usr/share/mime/application/mbox.xml
Processing ../shared-mime-info-install/usr/share/mime/application/metalink+xml.xml
Processing ../shared-mime-info-install/usr/share/mime/application/msword-template.xml
Processing ../shared-mime-info-install/usr/share/mime/application/msword.xml
Processing ../shared-mime-info-install/usr/share/mime/application/mxf.xml
Processing ../shared-mime-info-install/usr/share/mime/application/octet-stream.xml
Processing ../shared-mime-info-install/usr/share/mime/application/oda.xml
Processing ../shared-mime-info-install/usr/share/mime/application/ogg.xml
Processing ../shared-mime-info-install/usr/share/mime/application/pdf.xml
Processing ../shared-mime-info-install/usr/share/mime/application/pet.xml
Processing ../shared-mime-info-install/usr/share/mime/application/pgp-encrypted.xml
Processing ../shared-mime-info-install/usr/share/mime/application/pgp-keys.xml
Processing ../shared-mime-info-install/usr/share/mime/application/pgp-signature.xml
Processing ../shared-mime-info-install/usr/share/mime/application/pkcs10.xml
Processing ../shared-mime-info-install/usr/share/mime/application/pkcs7-mime.xml
Processing ../shared-mime-info-install/usr/share/mime/application/pkcs7-signature.xml
Processing ../shared-mime-info-install/usr/share/mime/application/pkix-pkipath.xml
Processing ../shared-mime-info-install/usr/share/mime/application/postscript.xml
Processing ../shared-mime-info-install/usr/share/mime/application/prs.plucker.xml
Processing ../shared-mime-info-install/usr/share/mime/application/pup.xml
Processing ../shared-mime-info-install/usr/share/mime/application/ram.xml
Processing ../shared-mime-info-install/usr/share/mime/application/rdf+xml.xml
Processing ../shared-mime-info-install/usr/share/mime/application/rss+xml.xml
Processing ../shared-mime-info-install/usr/share/mime/application/rtf.xml
Processing ../shared-mime-info-install/usr/share/mime/application/sdp.xml
Processing ../shared-mime-info-install/usr/share/mime/application/sieve.xml
Processing ../shared-mime-info-install/usr/share/mime/application/smil.xml
Processing ../shared-mime-info-install/usr/share/mime/application/vnd.corel-draw.xml
Processing ../shared-mime-info-install/usr/share/mime/application/vnd.emusic-emusic_package.xml
Processing ../shared-mime-info-install/usr/share/mime/application/vnd.google-earth.kml+xml.xml
Processing ../shared-mime-info-install/usr/share/mime/application/vnd.google-earth.kmz.xml
Processing ../shared-mime-info-install/usr/share/mime/application/vnd.hp-hpgl.xml
Processing ../shared-mime-info-install/usr/share/mime/application/vnd.hp-pcl.xml
Processing ../shared-mime-info-install/usr/share/mime/application/vnd.lotus-1-2-3.xml
Processing ../shared-mime-info-install/usr/share/mime/application/vnd.mozilla.xul+xml.xml
Processing ../shared-mime-info-install/usr/share/mime/application/vnd.ms-access.xml
Processing ../shared-mime-info-install/usr/share/mime/application/vnd.ms-cab-compressed.xml
Processing ../shared-mime-info-install/usr/share/mime/application/vnd.ms-excel.xml
Processing ../shared-mime-info-install/usr/share/mime/application/vnd.ms-powerpoint.xml
Processing ../shared-mime-info-install/usr/share/mime/application/vnd.ms-tnef.xml
Processing ../shared-mime-info-install/usr/share/mime/application/vnd.ms-works.xml
Processing ../shared-mime-info-install/usr/share/mime/application/vnd.ms-wpl.xml
Processing ../shared-mime-info-install/usr/share/mime/application/vnd.ms-xpsdocument.xml
Processing ../shared-mime-info-install/usr/share/mime/application/vnd.oasis.opendocument.chart-template.xml
Processing ../shared-mime-info-install/usr/share/mime/application/vnd.oasis.opendocument.chart.xml
Processing ../shared-mime-info-install/usr/share/mime/application/vnd.oasis.opendocument.database.xml
Processing ../shared-mime-info-install/usr/share/mime/application/vnd.oasis.opendocument.formula-template.xml
Processing ../shared-mime-info-install/usr/share/mime/application/vnd.oasis.opendocument.formula.xml
Processing ../shared-mime-info-install/usr/share/mime/application/vnd.oasis.opendocument.graphics-template.xml
Processing ../shared-mime-info-install/usr/share/mime/application/vnd.oasis.opendocument.graphics.xml
Processing ../shared-mime-info-install/usr/share/mime/application/vnd.oasis.opendocument.image.xml
Processing ../shared-mime-info-install/usr/share/mime/application/vnd.oasis.opendocument.presentation-template.xml
Processing ../shared-mime-info-install/usr/share/mime/application/vnd.oasis.opendocument.presentation.xml
Processing ../shared-mime-info-install/usr/share/mime/application/vnd.oasis.opendocument.spreadsheet-template.xml
Processing ../shared-mime-info-install/usr/share/mime/application/vnd.oasis.opendocument.spreadsheet.xml
Processing ../shared-mime-info-install/usr/share/mime/application/vnd.oasis.opendocument.text-master.xml
Processing ../shared-mime-info-install/usr/share/mime/application/vnd.oasis.opendocument.text-template.xml
Processing ../shared-mime-info-install/usr/share/mime/application/vnd.oasis.opendocument.text-web.xml
Processing ../shared-mime-info-install/usr/share/mime/application/vnd.oasis.opendocument.text.xml
Processing ../shared-mime-info-install/usr/share/mime/application/vnd.openofficeorg.extension.xml
Processing ../shared-mime-info-install/usr/share/mime/application/vnd.openxmlformats-officedocument.presentationml.presentation.xml
Processing ../shared-mime-info-install/usr/share/mime/application/vnd.openxmlformats-officedocument.spreadsheetml.sheet.xml
Processing ../shared-mime-info-install/usr/share/mime/application/vnd.openxmlformats-officedocument.wordprocessingml.document.xml
Processing ../shared-mime-info-install/usr/share/mime/application/vnd.rn-realmedia.xml
Processing ../shared-mime-info-install/usr/share/mime/application/vnd.stardivision.calc.xml
Processing ../shared-mime-info-install/usr/share/mime/application/vnd.stardivision.chart.xml
Processing ../shared-mime-info-install/usr/share/mime/application/vnd.stardivision.draw.xml
Processing ../shared-mime-info-install/usr/share/mime/application/vnd.stardivision.impress.xml
Processing ../shared-mime-info-install/usr/share/mime/application/vnd.stardivision.mail.xml
Processing ../shared-mime-info-install/usr/share/mime/application/vnd.stardivision.math.xml
Processing ../shared-mime-info-install/usr/share/mime/application/vnd.stardivision.writer.xml
Processing ../shared-mime-info-install/usr/share/mime/application/vnd.sun.xml.calc.template.xml
Processing ../shared-mime-info-install/usr/share/mime/application/vnd.sun.xml.calc.xml
Processing ../shared-mime-info-install/usr/share/mime/application/vnd.sun.xml.draw.template.xml
Processing ../shared-mime-info-install/usr/share/mime/application/vnd.sun.xml.draw.xml
Processing ../shared-mime-info-install/usr/share/mime/application/vnd.sun.xml.impress.template.xml
Processing ../shared-mime-info-install/usr/share/mime/application/vnd.sun.xml.impress.xml
Processing ../shared-mime-info-install/usr/share/mime/application/vnd.sun.xml.math.xml
Processing ../shared-mime-info-install/usr/share/mime/application/vnd.sun.xml.writer.global.xml
Processing ../shared-mime-info-install/usr/share/mime/application/vnd.sun.xml.writer.template.xml
Processing ../shared-mime-info-install/usr/share/mime/application/vnd.sun.xml.writer.xml
Processing ../shared-mime-info-install/usr/share/mime/application/vnd.symbian.install.xml
Processing ../shared-mime-info-install/usr/share/mime/application/vnd.wordperfect.xml
Processing ../shared-mime-info-install/usr/share/mime/application/x-7z-compressed.xml
Processing ../shared-mime-info-install/usr/share/mime/application/x-abiword.xml
Processing ../shared-mime-info-install/usr/share/mime/application/x-ace.xml
Processing ../shared-mime-info-install/usr/share/mime/application/x-alz.xml
Processing ../shared-mime-info-install/usr/share/mime/application/x-amipro.xml
Processing ../shared-mime-info-install/usr/share/mime/application/x-aportisdoc.xml
Processing ../shared-mime-info-install/usr/share/mime/application/x-applix-spreadsheet.xml
Processing ../shared-mime-info-install/usr/share/mime/application/x-applix-word.xml
Processing ../shared-mime-info-install/usr/share/mime/application/x-archive.xml
Processing ../shared-mime-info-install/usr/share/mime/application/x-arc.xml
Processing ../shared-mime-info-install/usr/share/mime/application/x-arj.xml
Processing ../shared-mime-info-install/usr/share/mime/application/x-asp.xml
Processing ../shared-mime-info-install/usr/share/mime/application/x-awk.xml
Processing ../shared-mime-info-install/usr/share/mime/application/x-bcpio.xml
Processing ../shared-mime-info-install/usr/share/mime/application/x-bfe.xml
Processing ../shared-mime-info-install/usr/share/mime/application/x-bittorrent.xml
Processing ../shared-mime-info-install/usr/share/mime/application/x-blender.xml
Processing ../shared-mime-info-install/usr/share/mime/application/x-bzdvi.xml
Processing ../shared-mime-info-install/usr/share/mime/application/x-bzip-compressed-tar.xml
Processing ../shared-mime-info-install/usr/share/mime/application/x-bzip.xml
Processing ../shared-mime-info-install/usr/share/mime/application/x-bzpdf.xml
Processing ../shared-mime-info-install/usr/share/mime/application/x-bzpostscript.xml
Processing ../shared-mime-info-install/usr/share/mime/application/x-cb7.xml
Processing ../shared-mime-info-install/usr/share/mime/application/x-cbr.xml
Processing ../shared-mime-info-install/usr/share/mime/application/x-cbt.xml
Processing ../shared-mime-info-install/usr/share/mime/application/x-cbz.xml
Processing ../shared-mime-info-install/usr/share/mime/application/x-ccrypt.xml
Processing ../shared-mime-info-install/usr/share/mime/application/x-cd-image.xml
Processing ../shared-mime-info-install/usr/share/mime/application/x-cdrdao-toc.xml
Processing ../shared-mime-info-install/usr/share/mime/application/x-chess-pgn.xml
Processing ../shared-mime-info-install/usr/share/mime/application/x-chm.xml
Processing ../shared-mime-info-install/usr/share/mime/application/x-cisco-vpn-settings.xml
Processing ../shared-mime-info-install/usr/share/mime/application/x-class-file.xml
Processing ../shared-mime-info-install/usr/share/mime/application/x-compressed-tar.xml
Processing ../shared-mime-info-install/usr/share/mime/application/x-compress.xml
Processing ../shared-mime-info-install/usr/share/mime/application/x-core.xml
Processing ../shared-mime-info-install/usr/share/mime/application/x-cpio-compressed.xml
Processing ../shared-mime-info-install/usr/share/mime/application/x-cpio.xml
Processing ../shared-mime-info-install/usr/share/mime/application/x-csh.xml
Processing ../shared-mime-info-install/usr/share/mime/application/x-cue.xml
Processing ../shared-mime-info-install/usr/share/mime/application/x-dar.xml
Processing ../shared-mime-info-install/usr/share/mime/application/x-dbf.xml
Processing ../shared-mime-info-install/usr/share/mime/application/x-dc-rom.xml
Processing ../shared-mime-info-install/usr/share/mime/application/x-deb.xml
Processing ../shared-mime-info-install/usr/share/mime/application/x-delta.xml
Processing ../shared-mime-info-install/usr/share/mime/application/x-designer.xml
Processing ../shared-mime-info-install/usr/share/mime/application/x-desktop.xml
Processing ../shared-mime-info-install/usr/share/mime/application/x-dia-diagram.xml
Processing ../shared-mime-info-install/usr/share/mime/application/x-dvi.xml
Processing ../shared-mime-info-install/usr/share/mime/application/x-egon.xml
Processing ../shared-mime-info-install/usr/share/mime/application/x-e-theme.xml
Processing ../shared-mime-info-install/usr/share/mime/application/x-executable.xml
Processing ../shared-mime-info-install/usr/share/mime/application/x-ext2-image.xml
Processing ../shared-mime-info-install/usr/share/mime/application/x-ext3-image.xml
Processing ../shared-mime-info-install/usr/share/mime/application/x-ext4-image.xml
Processing ../shared-mime-info-install/usr/share/mime/application/x-fictionbook+xml.xml
Processing ../shared-mime-info-install/usr/share/mime/application/x-fluid.xml
Processing ../shared-mime-info-install/usr/share/mime/application/x-font-afm.xml
Processing ../shared-mime-info-install/usr/share/mime/application/x-font-bdf.xml
Processing ../shared-mime-info-install/usr/share/mime/application/x-font-dos.xml
Processing ../shared-mime-info-install/usr/share/mime/application/x-font-framemaker.xml
Processing ../shared-mime-info-install/usr/share/mime/application/x-font-libgrx.xml
Processing ../shared-mime-info-install/usr/share/mime/application/x-font-linux-psf.xml
Processing ../shared-mime-info-install/usr/share/mime/application/x-font-otf.xml
Processing ../shared-mime-info-install/usr/share/mime/application/x-font-pcf.xml
Processing ../shared-mime-info-install/usr/share/mime/application/x-font-speedo.xml
Processing ../shared-mime-info-install/usr/share/mime/application/x-font-sunos-news.xml
Processing ../shared-mime-info-install/usr/share/mime/application/x-font-tex-tfm.xml
Processing ../shared-mime-info-install/usr/share/mime/application/x-font-tex.xml
Processing ../shared-mime-info-install/usr/share/mime/application/x-font-ttf.xml
Processing ../shared-mime-info-install/usr/share/mime/application/x-font-ttx.xml
Processing ../shared-mime-info-install/usr/share/mime/application/x-font-type1.xml
Processing ../shared-mime-info-install/usr/share/mime/application/x-font-vfont.xml
Processing ../shared-mime-info-install/usr/share/mime/application/x-frame.xml
Processing ../shared-mime-info-install/usr/share/mime/application/x-gameboy-rom.xml
Processing ../shared-mime-info-install/usr/share/mime/application/x-gba-rom.xml
Processing ../shared-mime-info-install/usr/share/mime/application/x-gdbm.xml
Processing ../shared-mime-info-install/usr/share/mime/application/x-gedcom.xml
Processing ../shared-mime-info-install/usr/share/mime/application/x-genesis-rom.xml
Processing ../shared-mime-info-install/usr/share/mime/application/x-gettext-translation.xml
Processing ../shared-mime-info-install/usr/share/mime/application/x-glade.xml
Processing ../shared-mime-info-install/usr/share/mime/application/x-gmc-link.xml
Processing ../shared-mime-info-install/usr/share/mime/application/x-gnucash.xml
Processing ../shared-mime-info-install/usr/share/mime/application/x-gnumeric.xml
Processing ../shared-mime-info-install/usr/share/mime/application/x-gnuplot.xml
Processing ../shared-mime-info-install/usr/share/mime/application/x-go-sgf.xml
Processing ../shared-mime-info-install/usr/share/mime/application/x-graphite.xml
Processing ../shared-mime-info-install/usr/share/mime/application/x-gtktalog.xml
Processing ../shared-mime-info-install/usr/share/mime/application/x-gzdvi.xml
Processing ../shared-mime-info-install/usr/share/mime/application/x-gz-font-linux-psf.xml
Processing ../shared-mime-info-install/usr/share/mime/application/x-gzip.xml
Processing ../shared-mime-info-install/usr/share/mime/application/x-gzpdf.xml
Processing ../shared-mime-info-install/usr/share/mime/application/x-gzpostscript.xml
Processing ../shared-mime-info-install/usr/share/mime/application/x-hdf.xml
Processing ../shared-mime-info-install/usr/share/mime/application/xhtml+xml.xml
Processing ../shared-mime-info-install/usr/share/mime/application/x-hwp.xml
Processing ../shared-mime-info-install/usr/share/mime/application/x-hwt.xml
Processing ../shared-mime-info-install/usr/share/mime/application/x-ica.xml
Processing ../shared-mime-info-install/usr/share/mime/application/x-ipod-firmware.xml
Processing ../shared-mime-info-install/usr/share/mime/application/x-java-archive.xml
Processing ../shared-mime-info-install/usr/share/mime/application/x-java-jnlp-file.xml
Processing ../shared-mime-info-install/usr/share/mime/application/x-java-pack200.xml
Processing ../shared-mime-info-install/usr/share/mime/application/x-java.xml
Processing ../shared-mime-info-install/usr/share/mime/application/x-jbuilder-project.xml
Processing ../shared-mime-info-install/usr/share/mime/application/x-karbon.xml
Processing ../shared-mime-info-install/usr/share/mime/application/x-kchart.xml
Processing ../shared-mime-info-install/usr/share/mime/application/x-kexi-connectiondata.xml
Processing ../shared-mime-info-install/usr/share/mime/application/x-kexiproject-shortcut.xml
Processing ../shared-mime-info-install/usr/share/mime/application/x-kexiproject-sqlite2.xml
Processing ../shared-mime-info-install/usr/share/mime/application/x-kexiproject-sqlite3.xml
Processing ../shared-mime-info-install/usr/share/mime/application/x-kformula.xml
Processing ../shared-mime-info-install/usr/share/mime/application/x-killustrator.xml
Processing ../shared-mime-info-install/usr/share/mime/application/x-kivio.xml
Processing ../shared-mime-info-install/usr/share/mime/application/x-kontour.xml
Processing ../shared-mime-info-install/usr/share/mime/application/x-kpovmodeler.xml
Processing ../shared-mime-info-install/usr/share/mime/application/x-kpresenter.xml
Processing ../shared-mime-info-install/usr/share/mime/application/x-krita.xml
Processing ../shared-mime-info-install/usr/share/mime/application/x-kspread-crypt.xml
Processing ../shared-mime-info-install/usr/share/mime/application/x-kspread.xml
Processing ../shared-mime-info-install/usr/share/mime/application/x-ksysv-package.xml
Processing ../shared-mime-info-install/usr/share/mime/application/x-kugar.xml
Processing ../shared-mime-info-install/usr/share/mime/application/x-kword-crypt.xml
Processing ../shared-mime-info-install/usr/share/mime/application/x-kword.xml
Processing ../shared-mime-info-install/usr/share/mime/application/x-lha.xml
Processing ../shared-mime-info-install/usr/share/mime/application/x-lhz.xml
Processing ../shared-mime-info-install/usr/share/mime/application/x-linguist.xml
Processing ../shared-mime-info-install/usr/share/mime/application/x-lyx.xml
Processing ../shared-mime-info-install/usr/share/mime/application/x-lzip.xml
Processing ../shared-mime-info-install/usr/share/mime/application/x-lzma-compressed-tar.xml
Processing ../shared-mime-info-install/usr/share/mime/application/x-lzma.xml
Processing ../shared-mime-info-install/usr/share/mime/application/x-lzop.xml
Processing ../shared-mime-info-install/usr/share/mime/application/x-m4.xml
Processing ../shared-mime-info-install/usr/share/mime/application/x-macbinary.xml
Processing ../shared-mime-info-install/usr/share/mime/application/x-magicpoint.xml
Processing ../shared-mime-info-install/usr/share/mime/application/x-markaby.xml
Processing ../shared-mime-info-install/usr/share/mime/application/x-matroska.xml
Processing ../shared-mime-info-install/usr/share/mime/application/x-mif.xml
Processing ../shared-mime-info-install/usr/share/mime/application/xml-dtd.xml
Processing ../shared-mime-info-install/usr/share/mime/application/xml-external-parsed-entity.xml
Processing ../shared-mime-info-install/usr/share/mime/application/xml.xml
Processing ../shared-mime-info-install/usr/share/mime/application/x-mozilla-bookmarks.xml
Processing ../shared-mime-info-install/usr/share/mime/application/x-ms-dos-executable.xml
Processing ../shared-mime-info-install/usr/share/mime/application/x-msi.xml
Processing ../shared-mime-info-install/usr/share/mime/application/x-mswinurl.xml
Processing ../shared-mime-info-install/usr/share/mime/application/x-mswrite.xml
Processing ../shared-mime-info-install/usr/share/mime/application/x-msx-rom.xml
Processing ../shared-mime-info-install/usr/share/mime/application/x-n64-rom.xml
Processing ../shared-mime-info-install/usr/share/mime/application/x-nautilus-link.xml
Processing ../shared-mime-info-install/usr/share/mime/application/x-navi-animation.xml
Processing ../shared-mime-info-install/usr/share/mime/application/x-nes-rom.xml
Processing ../shared-mime-info-install/usr/share/mime/application/x-netcdf.xml
Processing ../shared-mime-info-install/usr/share/mime/application/x-netshow-channel.xml
Processing ../shared-mime-info-install/usr/share/mime/application/x-nintendo-ds-rom.xml
Processing ../shared-mime-info-install/usr/share/mime/application/x-object.xml
Processing ../shared-mime-info-install/usr/share/mime/application/x-oleo.xml
Processing ../shared-mime-info-install/usr/share/mime/application/x-ole-storage.xml
Processing ../shared-mime-info-install/usr/share/mime/application/x-pak.xml
Processing ../shared-mime-info-install/usr/share/mime/application/x-palm-database.xml
Processing ../shared-mime-info-install/usr/share/mime/application/x-par2.xml
Processing ../shared-mime-info-install/usr/share/mime/application/x-pef-executable.xml
Processing ../shared-mime-info-install/usr/share/mime/application/x-perl.xml
Processing ../shared-mime-info-install/usr/share/mime/application/x-php.xml
Processing ../shared-mime-info-install/usr/share/mime/application/x-pkcs12.xml
Processing ../shared-mime-info-install/usr/share/mime/application/x-pkcs7-certificates.xml
Processing ../shared-mime-info-install/usr/share/mime/application/x-pkg.xml
Processing ../shared-mime-info-install/usr/share/mime/application/x-planperfect.xml
Processing ../shared-mime-info-install/usr/share/mime/application/x-pocket-word.xml
Processing ../shared-mime-info-install/usr/share/mime/application/x-profile.xml
Processing ../shared-mime-info-install/usr/share/mime/application/x-pw.xml
Processing ../shared-mime-info-install/usr/share/mime/application/x-python-bytecode.xml
Processing ../shared-mime-info-install/usr/share/mime/application/x-quattropro.xml
Processing ../shared-mime-info-install/usr/share/mime/application/x-quicktime-media-link.xml
Processing ../shared-mime-info-install/usr/share/mime/application/x-qw.xml
Processing ../shared-mime-info-install/usr/share/mime/application/x-rar.xml
Processing ../shared-mime-info-install/usr/share/mime/application/x-reject.xml
Processing ../shared-mime-info-install/usr/share/mime/application/x-rpm.xml
Processing ../shared-mime-info-install/usr/share/mime/application/x-ruby.xml
Processing ../shared-mime-info-install/usr/share/mime/application/x-sami.xml
Processing ../shared-mime-info-install/usr/share/mime/application/x-sc.xml
Processing ../shared-mime-info-install/usr/share/mime/application/x-shared-library-la.xml
Processing ../shared-mime-info-install/usr/share/mime/application/x-sharedlib.xml
Processing ../shared-mime-info-install/usr/share/mime/application/x-shar.xml
Processing ../shared-mime-info-install/usr/share/mime/application/x-shellscript.xml
Processing ../shared-mime-info-install/usr/share/mime/application/x-shockwave-flash.xml
Processing ../shared-mime-info-install/usr/share/mime/application/x-shorten.xml
Processing ../shared-mime-info-install/usr/share/mime/application/x-siag.xml
Processing ../shared-mime-info-install/usr/share/mime/application/x-slp.xml
Processing ../shared-mime-info-install/usr/share/mime/application/xslt+xml.xml
Processing ../shared-mime-info-install/usr/share/mime/application/x-smaf.xml
Processing ../shared-mime-info-install/usr/share/mime/application/x-sms-rom.xml
Processing ../shared-mime-info-install/usr/share/mime/application/x-snes-rom.xml
Processing ../shared-mime-info-install/usr/share/mime/application/xspf+xml.xml
Processing ../shared-mime-info-install/usr/share/mime/application/x-spss-por.xml
Processing ../shared-mime-info-install/usr/share/mime/application/x-spss-sav.xml
Processing ../shared-mime-info-install/usr/share/mime/application/x-sqlite2.xml
Processing ../shared-mime-info-install/usr/share/mime/application/x-sqlite3.xml
Processing ../shared-mime-info-install/usr/share/mime/application/x-squashfs-image.xml
Processing ../shared-mime-info-install/usr/share/mime/application/x-stuffit.xml
Processing ../shared-mime-info-install/usr/share/mime/application/x-subrip.xml
Processing ../shared-mime-info-install/usr/share/mime/application/x-sv4cpio.xml
Processing ../shared-mime-info-install/usr/share/mime/application/x-sv4crc.xml
Processing ../shared-mime-info-install/usr/share/mime/application/x-t602.xml
Processing ../shared-mime-info-install/usr/share/mime/application/x-tar.xml
Processing ../shared-mime-info-install/usr/share/mime/application/x-tarz.xml
Processing ../shared-mime-info-install/usr/share/mime/application/x-tex-gf.xml
Processing ../shared-mime-info-install/usr/share/mime/application/x-tex-pk.xml
Processing ../shared-mime-info-install/usr/share/mime/application/x-tgif.xml
Processing ../shared-mime-info-install/usr/share/mime/application/x-theme.xml
Processing ../shared-mime-info-install/usr/share/mime/application/x-toutdoux.xml
Processing ../shared-mime-info-install/usr/share/mime/application/x-trash.xml
Processing ../shared-mime-info-install/usr/share/mime/application/x-troff-man-compressed.xml
Processing ../shared-mime-info-install/usr/share/mime/application/x-troff-man.xml
Processing ../shared-mime-info-install/usr/share/mime/application/x-tzo.xml
Processing ../shared-mime-info-install/usr/share/mime/application/x-ufraw.xml
Processing ../shared-mime-info-install/usr/share/mime/application/x-ustar.xml
Processing ../shared-mime-info-install/usr/share/mime/application/x-wais-source.xml
Processing ../shared-mime-info-install/usr/share/mime/application/x-windows-themepack.xml
Processing ../shared-mime-info-install/usr/share/mime/application/x-wpg.xml
Processing ../shared-mime-info-install/usr/share/mime/application/x-x509-ca-cert.xml
Processing ../shared-mime-info-install/usr/share/mime/application/x-xbel.xml
Processing ../shared-mime-info-install/usr/share/mime/application/x-xliff.xml
Processing ../shared-mime-info-install/usr/share/mime/application/x-xz-compressed-tar.xml
Processing ../shared-mime-info-install/usr/share/mime/application/x-xz.xml
Processing ../shared-mime-info-install/usr/share/mime/application/x-zerosize.xml
Processing ../shared-mime-info-install/usr/share/mime/application/x-zoo.xml
Processing ../shared-mime-info-install/usr/share/mime/application/zip.xml
Processing ../shared-mime-info-install/usr/share/mime/audio/ac3.xml
Processing ../shared-mime-info-install/usr/share/mime/audio/AMR-WB.xml
Processing ../shared-mime-info-install/usr/share/mime/audio/AMR.xml
Processing ../shared-mime-info-install/usr/share/mime/audio/annodex.xml
Processing ../shared-mime-info-install/usr/share/mime/audio/basic.xml
Processing ../shared-mime-info-install/usr/share/mime/audio/midi.xml
Processing ../shared-mime-info-install/usr/share/mime/audio/mp2.xml
Processing ../shared-mime-info-install/usr/share/mime/audio/mp4.xml
Processing ../shared-mime-info-install/usr/share/mime/audio/mpeg.xml
Processing ../shared-mime-info-install/usr/share/mime/audio/ogg.xml
Processing ../shared-mime-info-install/usr/share/mime/audio/prs.sid.xml
Processing ../shared-mime-info-install/usr/share/mime/audio/vnd.rn-realaudio.xml
Processing ../shared-mime-info-install/usr/share/mime/audio/x-adpcm.xml
Processing ../shared-mime-info-install/usr/share/mime/audio/x-aifc.xml
Processing ../shared-mime-info-install/usr/share/mime/audio/x-aiffc.xml
Processing ../shared-mime-info-install/usr/share/mime/audio/x-aiff.xml
Processing ../shared-mime-info-install/usr/share/mime/audio/x-ape.xml
Processing ../shared-mime-info-install/usr/share/mime/audio/x-flac+ogg.xml
Processing ../shared-mime-info-install/usr/share/mime/audio/x-flac.xml
Processing ../shared-mime-info-install/usr/share/mime/audio/x-gsm.xml
Processing ../shared-mime-info-install/usr/share/mime/audio/x-iriver-pla.xml
Processing ../shared-mime-info-install/usr/share/mime/audio/x-it.xml
Processing ../shared-mime-info-install/usr/share/mime/audio/x-m4b.xml
Processing ../shared-mime-info-install/usr/share/mime/audio/x-matroska.xml
Processing ../shared-mime-info-install/usr/share/mime/audio/x-minipsf.xml
Processing ../shared-mime-info-install/usr/share/mime/audio/x-mo3.xml
Processing ../shared-mime-info-install/usr/share/mime/audio/x-mod.xml
Processing ../shared-mime-info-install/usr/share/mime/audio/x-mpegurl.xml
Processing ../shared-mime-info-install/usr/share/mime/audio/x-ms-asx.xml
Processing ../shared-mime-info-install/usr/share/mime/audio/x-ms-wma.xml
Processing ../shared-mime-info-install/usr/share/mime/audio/x-musepack.xml
Processing ../shared-mime-info-install/usr/share/mime/audio/x-psflib.xml
Processing ../shared-mime-info-install/usr/share/mime/audio/x-psf.xml
Processing ../shared-mime-info-install/usr/share/mime/audio/x-riff.xml
Processing ../shared-mime-info-install/usr/share/mime/audio/x-s3m.xml
Processing ../shared-mime-info-install/usr/share/mime/audio/x-scpls.xml
Processing ../shared-mime-info-install/usr/share/mime/audio/x-speex+ogg.xml
Processing ../shared-mime-info-install/usr/share/mime/audio/x-speex.xml
Processing ../shared-mime-info-install/usr/share/mime/audio/x-stm.xml
Processing ../shared-mime-info-install/usr/share/mime/audio/x-tta.xml
Processing ../shared-mime-info-install/usr/share/mime/audio/x-voc.xml
Processing ../shared-mime-info-install/usr/share/mime/audio/x-vorbis+ogg.xml
Processing ../shared-mime-info-install/usr/share/mime/audio/x-wavpack-correction.xml
Processing ../shared-mime-info-install/usr/share/mime/audio/x-wavpack.xml
Processing ../shared-mime-info-install/usr/share/mime/audio/x-wav.xml
Processing ../shared-mime-info-install/usr/share/mime/audio/x-xi.xml
Processing ../shared-mime-info-install/usr/share/mime/audio/x-xmf.xml
Processing ../shared-mime-info-install/usr/share/mime/audio/x-xm.xml
Processing ../shared-mime-info-install/usr/share/mime/generic-icons
Processing ../shared-mime-info-install/usr/share/mime/globs
Processing ../shared-mime-info-install/usr/share/mime/globs2
Processing ../shared-mime-info-install/usr/share/mime/icons
Processing ../shared-mime-info-install/usr/share/mime/image/bmp.xml
Processing ../shared-mime-info-install/usr/share/mime/image/cgm.xml
Processing ../shared-mime-info-install/usr/share/mime/image/dpx.xml
Processing ../shared-mime-info-install/usr/share/mime/image/fax-g3.xml
Processing ../shared-mime-info-install/usr/share/mime/image/fits.xml
Processing ../shared-mime-info-install/usr/share/mime/image/g3fax.xml
Processing ../shared-mime-info-install/usr/share/mime/image/gif.xml
Processing ../shared-mime-info-install/usr/share/mime/image/ief.xml
Processing ../shared-mime-info-install/usr/share/mime/image/jp2.xml
Processing ../shared-mime-info-install/usr/share/mime/image/jpeg.xml
Processing ../shared-mime-info-install/usr/share/mime/image/openraster.xml
Processing ../shared-mime-info-install/usr/share/mime/image/png.xml
Processing ../shared-mime-info-install/usr/share/mime/image/rle.xml
Processing ../shared-mime-info-install/usr/share/mime/image/svg+xml-compressed.xml
Processing ../shared-mime-info-install/usr/share/mime/image/svg+xml.xml
Processing ../shared-mime-info-install/usr/share/mime/image/tiff.xml
Processing ../shared-mime-info-install/usr/share/mime/image/vnd.adobe.photoshop.xml
Processing ../shared-mime-info-install/usr/share/mime/image/vnd.djvu.xml
Processing ../shared-mime-info-install/usr/share/mime/image/vnd.dwg.xml
Processing ../shared-mime-info-install/usr/share/mime/image/vnd.dxf.xml
Processing ../shared-mime-info-install/usr/share/mime/image/vnd.microsoft.icon.xml
Processing ../shared-mime-info-install/usr/share/mime/image/vnd.ms-modi.xml
Processing ../shared-mime-info-install/usr/share/mime/image/vnd.rn-realpix.xml
Processing ../shared-mime-info-install/usr/share/mime/image/vnd.wap.wbmp.xml
Processing ../shared-mime-info-install/usr/share/mime/image/x-3ds.xml
Processing ../shared-mime-info-install/usr/share/mime/image/x-adobe-dng.xml
Processing ../shared-mime-info-install/usr/share/mime/image/x-applix-graphics.xml
Processing ../shared-mime-info-install/usr/share/mime/image/x-bzeps.xml
Processing ../shared-mime-info-install/usr/share/mime/image/x-canon-cr2.xml
Processing ../shared-mime-info-install/usr/share/mime/image/x-canon-crw.xml
Processing ../shared-mime-info-install/usr/share/mime/image/x-cmu-raster.xml
Processing ../shared-mime-info-install/usr/share/mime/image/x-compressed-xcf.xml
Processing ../shared-mime-info-install/usr/share/mime/image/x-dcraw.xml
Processing ../shared-mime-info-install/usr/share/mime/image/x-dds.xml
Processing ../shared-mime-info-install/usr/share/mime/image/x-dib.xml
Processing ../shared-mime-info-install/usr/share/mime/image/x-emf.xml
Processing ../shared-mime-info-install/usr/share/mime/image/x-eps.xml
Processing ../shared-mime-info-install/usr/share/mime/image/x-exr.xml
Processing ../shared-mime-info-install/usr/share/mime/image/x-fpx.xml
Processing ../shared-mime-info-install/usr/share/mime/image/x-fuji-raf.xml
Processing ../shared-mime-info-install/usr/share/mime/image/x-gzeps.xml
Processing ../shared-mime-info-install/usr/share/mime/image/x-icns.xml
Processing ../shared-mime-info-install/usr/share/mime/image/x-iff.xml
Processing ../shared-mime-info-install/usr/share/mime/image/x-ilbm.xml
Processing ../shared-mime-info-install/usr/share/mime/image/x-jng.xml
Processing ../shared-mime-info-install/usr/share/mime/image/x-kodak-dcr.xml
Processing ../shared-mime-info-install/usr/share/mime/image/x-kodak-k25.xml
Processing ../shared-mime-info-install/usr/share/mime/image/x-kodak-kdc.xml
Processing ../shared-mime-info-install/usr/share/mime/image/x-lwo.xml
Processing ../shared-mime-info-install/usr/share/mime/image/x-lws.xml
Processing ../shared-mime-info-install/usr/share/mime/image/x-macpaint.xml
Processing ../shared-mime-info-install/usr/share/mime/image/x-minolta-mrw.xml
Processing ../shared-mime-info-install/usr/share/mime/image/x-msod.xml
Processing ../shared-mime-info-install/usr/share/mime/image/x-niff.xml
Processing ../shared-mime-info-install/usr/share/mime/image/x-nikon-nef.xml
Processing ../shared-mime-info-install/usr/share/mime/image/x-olympus-orf.xml
Processing ../shared-mime-info-install/usr/share/mime/image/x-panasonic-raw.xml
Processing ../shared-mime-info-install/usr/share/mime/image/x-pcx.xml
Processing ../shared-mime-info-install/usr/share/mime/image/x-pentax-pef.xml
Processing ../shared-mime-info-install/usr/share/mime/image/x-photo-cd.xml
Processing ../shared-mime-info-install/usr/share/mime/image/x-pict.xml
Processing ../shared-mime-info-install/usr/share/mime/image/x-portable-anymap.xml
Processing ../shared-mime-info-install/usr/share/mime/image/x-portable-bitmap.xml
Processing ../shared-mime-info-install/usr/share/mime/image/x-portable-graymap.xml
Processing ../shared-mime-info-install/usr/share/mime/image/x-portable-pixmap.xml
Processing ../shared-mime-info-install/usr/share/mime/image/x-quicktime.xml
Processing ../shared-mime-info-install/usr/share/mime/image/x-rgb.xml
Processing ../shared-mime-info-install/usr/share/mime/image/x-sgi.xml
Processing ../shared-mime-info-install/usr/share/mime/image/x-sigma-x3f.xml
Processing ../shared-mime-info-install/usr/share/mime/image/x-skencil.xml
Processing ../shared-mime-info-install/usr/share/mime/image/x-sony-arw.xml
Processing ../shared-mime-info-install/usr/share/mime/image/x-sony-sr2.xml
Processing ../shared-mime-info-install/usr/share/mime/image/x-sony-srf.xml
Processing ../shared-mime-info-install/usr/share/mime/image/x-sun-raster.xml
Processing ../shared-mime-info-install/usr/share/mime/image/x-tga.xml
Processing ../shared-mime-info-install/usr/share/mime/image/x-win-bitmap.xml
Processing ../shared-mime-info-install/usr/share/mime/image/x-wmf.xml
Processing ../shared-mime-info-install/usr/share/mime/image/x-xbitmap.xml
Processing ../shared-mime-info-install/usr/share/mime/image/x-xcf.xml
Processing ../shared-mime-info-install/usr/share/mime/image/x-xcursor.xml
Processing ../shared-mime-info-install/usr/share/mime/image/x-xfig.xml
Processing ../shared-mime-info-install/usr/share/mime/image/x-xpixmap.xml
Processing ../shared-mime-info-install/usr/share/mime/image/x-xwindowdump.xml
Processing ../shared-mime-info-install/usr/share/mime/inode/blockdevice.xml
Processing ../shared-mime-info-install/usr/share/mime/inode/chardevice.xml
Processing ../shared-mime-info-install/usr/share/mime/inode/directory.xml
Processing ../shared-mime-info-install/usr/share/mime/inode/fifo.xml
Processing ../shared-mime-info-install/usr/share/mime/inode/mount-point.xml
Processing ../shared-mime-info-install/usr/share/mime/inode/socket.xml
Processing ../shared-mime-info-install/usr/share/mime/inode/symlink.xml
Processing ../shared-mime-info-install/usr/share/mime/magic
Processing ../shared-mime-info-install/usr/share/mime/message/delivery-status.xml
Processing ../shared-mime-info-install/usr/share/mime/message/disposition-notification.xml
Processing ../shared-mime-info-install/usr/share/mime/message/external-body.xml
Processing ../shared-mime-info-install/usr/share/mime/message/news.xml
Processing ../shared-mime-info-install/usr/share/mime/message/partial.xml
Processing ../shared-mime-info-install/usr/share/mime/message/rfc822.xml
Processing ../shared-mime-info-install/usr/share/mime/message/x-gnu-rmail.xml
Processing ../shared-mime-info-install/usr/share/mime/mime.cache
Processing ../shared-mime-info-install/usr/share/mime/model/vrml.xml
Processing ../shared-mime-info-install/usr/share/mime/multipart/alternative.xml
Processing ../shared-mime-info-install/usr/share/mime/multipart/appledouble.xml
Processing ../shared-mime-info-install/usr/share/mime/multipart/digest.xml
Processing ../shared-mime-info-install/usr/share/mime/multipart/encrypted.xml
Processing ../shared-mime-info-install/usr/share/mime/multipart/mixed.xml
Processing ../shared-mime-info-install/usr/share/mime/multipart/related.xml
Processing ../shared-mime-info-install/usr/share/mime/multipart/report.xml
Processing ../shared-mime-info-install/usr/share/mime/multipart/signed.xml
Processing ../shared-mime-info-install/usr/share/mime/multipart/x-mixed-replace.xml
Processing ../shared-mime-info-install/usr/share/mime/packages/freedesktop.org.xml
Processing ../shared-mime-info-install/usr/share/mime/packages/puppy.xml
Processing ../shared-mime-info-install/usr/share/mime/subclasses
Processing ../shared-mime-info-install/usr/share/mime/text/calendar.xml
Processing ../shared-mime-info-install/usr/share/mime/text/css.xml
Processing ../shared-mime-info-install/usr/share/mime/text/csv.xml
Processing ../shared-mime-info-install/usr/share/mime/text/directory.xml
Processing ../shared-mime-info-install/usr/share/mime/text/enriched.xml
Processing ../shared-mime-info-install/usr/share/mime/text/htmlh.xml
Processing ../shared-mime-info-install/usr/share/mime/text/html.xml
Processing ../shared-mime-info-install/usr/share/mime/text/mathml.xml
Processing ../shared-mime-info-install/usr/share/mime/text/plain.xml
Processing ../shared-mime-info-install/usr/share/mime/text/rfc822-headers.xml
Processing ../shared-mime-info-install/usr/share/mime/text/richtext.xml
Processing ../shared-mime-info-install/usr/share/mime/text/sgml.xml
Processing ../shared-mime-info-install/usr/share/mime/text/spreadsheet.xml
Processing ../shared-mime-info-install/usr/share/mime/text/tab-separated-values.xml
Processing ../shared-mime-info-install/usr/share/mime/text/troff.xml
Processing ../shared-mime-info-install/usr/share/mime/text/vnd.graphviz.xml
Processing ../shared-mime-info-install/usr/share/mime/text/vnd.rn-realtext.xml
Processing ../shared-mime-info-install/usr/share/mime/text/vnd.sun.j2me.app-descriptor.xml
Processing ../shared-mime-info-install/usr/share/mime/text/vnd.wap.wmlscript.xml
Processing ../shared-mime-info-install/usr/share/mime/text/vnd.wap.wml.xml
Processing ../shared-mime-info-install/usr/share/mime/text/x-adasrc.xml
Processing ../shared-mime-info-install/usr/share/mime/text/x-authors.xml
Processing ../shared-mime-info-install/usr/share/mime/text/x-bacon.xml
Processing ../shared-mime-info-install/usr/share/mime/text/x-bibtex.xml
Processing ../shared-mime-info-install/usr/share/mime/text/x-changelog.xml
Processing ../shared-mime-info-install/usr/share/mime/text/x-c++hdr.xml
Processing ../shared-mime-info-install/usr/share/mime/text/x-chdr.xml
Processing ../shared-mime-info-install/usr/share/mime/text/x-cmake.xml
Processing ../shared-mime-info-install/usr/share/mime/text/x-copying.xml
Processing ../shared-mime-info-install/usr/share/mime/text/x-credits.xml
Processing ../shared-mime-info-install/usr/share/mime/text/x-csharp.xml
Processing ../shared-mime-info-install/usr/share/mime/text/x-c++src.xml
Processing ../shared-mime-info-install/usr/share/mime/text/x-csrc.xml
Processing ../shared-mime-info-install/usr/share/mime/text/x-dcl.xml
Processing ../shared-mime-info-install/usr/share/mime/text/x-dsl.xml
Processing ../shared-mime-info-install/usr/share/mime/text/x-dsrc.xml
Processing ../shared-mime-info-install/usr/share/mime/text/x-eiffel.xml
Processing ../shared-mime-info-install/usr/share/mime/text/x-emacs-lisp.xml
Processing ../shared-mime-info-install/usr/share/mime/text/x-erlang.xml
Processing ../shared-mime-info-install/usr/share/mime/text/x-fortran.xml
Processing ../shared-mime-info-install/usr/share/mime/text/x-genie.xml
Processing ../shared-mime-info-install/usr/share/mime/text/x-gettext-translation-template.xml
Processing ../shared-mime-info-install/usr/share/mime/text/x-gettext-translation.xml
Processing ../shared-mime-info-install/usr/share/mime/text/x-google-video-pointer.xml
Processing ../shared-mime-info-install/usr/share/mime/text/x-haskell.xml
Processing ../shared-mime-info-install/usr/share/mime/text/x-idl.xml
Processing ../shared-mime-info-install/usr/share/mime/text/x-iMelody.xml
Processing ../shared-mime-info-install/usr/share/mime/text/x-install.xml
Processing ../shared-mime-info-install/usr/share/mime/text/x-iptables.xml
Processing ../shared-mime-info-install/usr/share/mime/text/x-java.xml
Processing ../shared-mime-info-install/usr/share/mime/text/x-ldif.xml
Processing ../shared-mime-info-install/usr/share/mime/text/x-lilypond.xml
Processing ../shared-mime-info-install/usr/share/mime/text/x-literate-haskell.xml
Processing ../shared-mime-info-install/usr/share/mime/text/x-log.xml
Processing ../shared-mime-info-install/usr/share/mime/text/x-lua.xml
Processing ../shared-mime-info-install/usr/share/mime/text/x-makefile.xml
Processing ../shared-mime-info-install/usr/share/mime/text/x-matlab.xml
Processing ../shared-mime-info-install/usr/share/mime/text/xmcd.xml
Processing ../shared-mime-info-install/usr/share/mime/text/x-microdvd.xml
Processing ../shared-mime-info-install/usr/share/mime/text/x-moc.xml
Processing ../shared-mime-info-install/usr/share/mime/text/x-mof.xml
Processing ../shared-mime-info-install/usr/share/mime/text/x-mpsub.xml
Processing ../shared-mime-info-install/usr/share/mime/text/x-mrml.xml
Processing ../shared-mime-info-install/usr/share/mime/text/x-ms-regedit.xml
Processing ../shared-mime-info-install/usr/share/mime/text/x-mup.xml
Processing ../shared-mime-info-install/usr/share/mime/text/x-nfo.xml
Processing ../shared-mime-info-install/usr/share/mime/text/x-objcsrc.xml
Processing ../shared-mime-info-install/usr/share/mime/text/x-ocaml.xml
Processing ../shared-mime-info-install/usr/share/mime/text/x-ocl.xml
Processing ../shared-mime-info-install/usr/share/mime/text/x-opml+xml.xml
Processing ../shared-mime-info-install/usr/share/mime/text/x-pascal.xml
Processing ../shared-mime-info-install/usr/share/mime/text/x-patch.xml
Processing ../shared-mime-info-install/usr/share/mime/text/x-python.xml
Processing ../shared-mime-info-install/usr/share/mime/text/x-readme.xml
Processing ../shared-mime-info-install/usr/share/mime/text/x-rpm-spec.xml
Processing ../shared-mime-info-install/usr/share/mime/text/x-scheme.xml
Processing ../shared-mime-info-install/usr/share/mime/text/x-setext.xml
Processing ../shared-mime-info-install/usr/share/mime/text/x-sql.xml
Processing ../shared-mime-info-install/usr/share/mime/text/x-ssa.xml
Processing ../shared-mime-info-install/usr/share/mime/text/x-subviewer.xml
Processing ../shared-mime-info-install/usr/share/mime/text/x-tcl.xml
Processing ../shared-mime-info-install/usr/share/mime/text/x-texinfo.xml
Processing ../shared-mime-info-install/usr/share/mime/text/x-tex.xml
Processing ../shared-mime-info-install/usr/share/mime/text/x-troff-me.xml
Processing ../shared-mime-info-install/usr/share/mime/text/x-troff-mm.xml
Processing ../shared-mime-info-install/usr/share/mime/text/x-troff-ms.xml
Processing ../shared-mime-info-install/usr/share/mime/text/x-txt2tags.xml
Processing ../shared-mime-info-install/usr/share/mime/text/x-uil.xml
Processing ../shared-mime-info-install/usr/share/mime/text/x-uri.xml
Processing ../shared-mime-info-install/usr/share/mime/text/x-vala.xml
Processing ../shared-mime-info-install/usr/share/mime/text/x-vhdl.xml
Processing ../shared-mime-info-install/usr/share/mime/text/x-xmi.xml
Processing ../shared-mime-info-install/usr/share/mime/text/x-xslfo.xml
Processing ../shared-mime-info-install/usr/share/mime/treemagic
Processing ../shared-mime-info-install/usr/share/mime/types
Processing ../shared-mime-info-install/usr/share/mime/video/3gpp.xml
Processing ../shared-mime-info-install/usr/share/mime/video/annodex.xml
Processing ../shared-mime-info-install/usr/share/mime/video/dv.xml
Processing ../shared-mime-info-install/usr/share/mime/video/isivideo.xml
Processing ../shared-mime-info-install/usr/share/mime/video/mp4.xml
Processing ../shared-mime-info-install/usr/share/mime/video/mpeg.xml
Processing ../shared-mime-info-install/usr/share/mime/video/ogg.xml
Processing ../shared-mime-info-install/usr/share/mime/video/quicktime.xml
Processing ../shared-mime-info-install/usr/share/mime/video/vivo.xml
Processing ../shared-mime-info-install/usr/share/mime/video/vnd.rn-realvideo.xml
Processing ../shared-mime-info-install/usr/share/mime/video/wavelet.xml
Processing ../shared-mime-info-install/usr/share/mime/video/webm.xml
Processing ../shared-mime-info-install/usr/share/mime/video/x-anim.xml
Processing ../shared-mime-info-install/usr/share/mime/video/x-flic.xml
Processing ../shared-mime-info-install/usr/share/mime/video/x-flv.xml
Processing ../shared-mime-info-install/usr/share/mime/video/x-matroska.xml
Processing ../shared-mime-info-install/usr/share/mime/video/x-mng.xml
Processing ../shared-mime-info-install/usr/share/mime/video/x-ms-asf.xml
Processing ../shared-mime-info-install/usr/share/mime/video/x-msvideo.xml
Processing ../shared-mime-info-install/usr/share/mime/video/x-ms-wmv.xml
Processing ../shared-mime-info-install/usr/share/mime/video/x-nsv.xml
Processing ../shared-mime-info-install/usr/share/mime/video/x-ogm+ogg.xml
Processing ../shared-mime-info-install/usr/share/mime/video/x-sgi-movie.xml
Processing ../shared-mime-info-install/usr/share/mime/video/x-theora+ogg.xml
Processing ../shared-mime-info-install/usr/share/mime/x-content/audio-cdda.xml
Processing ../shared-mime-info-install/usr/share/mime/x-content/audio-dvd.xml
Processing ../shared-mime-info-install/usr/share/mime/x-content/audio-player.xml
Processing ../shared-mime-info-install/usr/share/mime/x-content/blank-bd.xml
Processing ../shared-mime-info-install/usr/share/mime/x-content/blank-cd.xml
Processing ../shared-mime-info-install/usr/share/mime/x-content/blank-dvd.xml
Processing ../shared-mime-info-install/usr/share/mime/x-content/blank-hddvd.xml
Processing ../shared-mime-info-install/usr/share/mime/x-content/image-dcf.xml
Processing ../shared-mime-info-install/usr/share/mime/x-content/image-picturecd.xml
Processing ../shared-mime-info-install/usr/share/mime/x-content/software.xml
Processing ../shared-mime-info-install/usr/share/mime/x-content/unix-software.xml
Processing ../shared-mime-info-install/usr/share/mime/x-content/video-bluray.xml
Processing ../shared-mime-info-install/usr/share/mime/x-content/video-dvd.xml
Processing ../shared-mime-info-install/usr/share/mime/x-content/video-hddvd.xml
Processing ../shared-mime-info-install/usr/share/mime/x-content/video-svcd.xml
Processing ../shared-mime-info-install/usr/share/mime/x-content/video-vcd.xml
Processing ../shared-mime-info-install/usr/share/mime/x-content/win32-software.xml
Processing ../shared-mime-info-install/usr/share/mime/x-epoc/x-sisx-app.xml
Processing ../shared-mime-info-install/usr/share/mime/XMLnamespaces
Processing ../shared-mime-info-install/usr/share/pkgconfig/shared-mime-info.pc
all done
packaging shared-mime-info-0.70-i686_slk600
packaging shared-mime-info_DEV-0.70-i686_slk600
packaging shared-mime-info_DOC-0.70-i686_slk600
packaging shared-mime-info_NLS-0.70-i686_slk600
done!
