squashfs4.3/
squashfs4.3/ACKNOWLEDGEMENTS
squashfs4.3/README
squashfs4.3/README-4.3
squashfs4.3/pseudo-file.example
squashfs4.3/DONATIONS
squashfs4.3/OLD-READMEs/
squashfs4.3/OLD-READMEs/README-3.0
squashfs4.3/OLD-READMEs/README-3.3
squashfs4.3/OLD-READMEs/README-3.2
squashfs4.3/OLD-READMEs/README-2.0
squashfs4.3/OLD-READMEs/README-3.1
squashfs4.3/OLD-READMEs/README-4.0
squashfs4.3/OLD-READMEs/README-2.1
squashfs4.3/OLD-READMEs/README-4.2
squashfs4.3/OLD-READMEs/README-AMD64
squashfs4.3/OLD-READMEs/README-4.1
squashfs4.3/COPYING
squashfs4.3/INSTALL
squashfs4.3/PERFORMANCE.README
squashfs4.3/squashfs-tools/
squashfs4.3/squashfs-tools/restore.c
squashfs4.3/squashfs-tools/unsquashfs_info.h
squashfs4.3/squashfs-tools/lzma_xz_wrapper.c
squashfs4.3/squashfs-tools/xattr.c
squashfs4.3/squashfs-tools/unsquash-2.c
squashfs4.3/squashfs-tools/squashfs_fs.h
squashfs4.3/squashfs-tools/xattr.h
squashfs4.3/squashfs-tools/xz_wrapper.h
squashfs4.3/squashfs-tools/caches-queues-lists.h
squashfs4.3/squashfs-tools/gzip_wrapper.c
squashfs4.3/squashfs-tools/compressor.c
squashfs4.3/squashfs-tools/lzo_wrapper.c
squashfs4.3/squashfs-tools/progressbar.h
squashfs4.3/squashfs-tools/mksquashfs.c
squashfs4.3/squashfs-tools/unsquashfs_info.c
squashfs4.3/squashfs-tools/unsquashfs.h
squashfs4.3/squashfs-tools/Makefile
squashfs4.3/squashfs-tools/progressbar.c
squashfs4.3/squashfs-tools/swap.c
squashfs4.3/squashfs-tools/action.c
squashfs4.3/squashfs-tools/read_fs.c
squashfs4.3/squashfs-tools/squashfs_compat.h
squashfs4.3/squashfs-tools/xz_wrapper.c
squashfs4.3/squashfs-tools/info.c
squashfs4.3/squashfs-tools/unsquashfs_xattr.c
squashfs4.3/squashfs-tools/error.h
squashfs4.3/squashfs-tools/unsquash-4.c
squashfs4.3/squashfs-tools/unsquashfs.c
squashfs4.3/squashfs-tools/action.h
squashfs4.3/squashfs-tools/lz4_wrapper.c
squashfs4.3/squashfs-tools/unsquash-1.c
squashfs4.3/squashfs-tools/unsquash-3.c
squashfs4.3/squashfs-tools/read_fs.h
squashfs4.3/squashfs-tools/process_fragments.h
squashfs4.3/squashfs-tools/read_xattrs.c
squashfs4.3/squashfs-tools/read_file.c
squashfs4.3/squashfs-tools/lz4_wrapper.h
squashfs4.3/squashfs-tools/pseudo.c
squashfs4.3/squashfs-tools/lzma_wrapper.c
squashfs4.3/squashfs-tools/sort.h
squashfs4.3/squashfs-tools/gzip_wrapper.h
squashfs4.3/squashfs-tools/process_fragments.c
squashfs4.3/squashfs-tools/lzo_wrapper.h
squashfs4.3/squashfs-tools/caches-queues-lists.c
squashfs4.3/squashfs-tools/pseudo.h
squashfs4.3/squashfs-tools/squashfs_swap.h
squashfs4.3/squashfs-tools/restore.h
squashfs4.3/squashfs-tools/mksquashfs.h
squashfs4.3/squashfs-tools/info.h
squashfs4.3/squashfs-tools/compressor.h
squashfs4.3/squashfs-tools/sort.c
squashfs4.3/CHANGES
make: Entering directory `/mnt/sda6/00_new-woof/petbuilds-slacko-32/builds/squashfs/squashfs-tools4-4.3/squashfs-tools'
cc -O2  -I. -D_FILE_OFFSET_BITS=64 -D_LARGEFILE_SOURCE -D_GNU_SOURCE -DCOMP_DEFAULT=\"xz\" -Wall -DGZIP_SUPPORT -DLZMA_SUPPORT -DXZ_SUPPORT -DLZO_SUPPORT   -c -o mksquashfs.o mksquashfs.c
cc -O2  -I. -D_FILE_OFFSET_BITS=64 -D_LARGEFILE_SOURCE -D_GNU_SOURCE -DCOMP_DEFAULT=\"xz\" -Wall -DGZIP_SUPPORT -DLZMA_SUPPORT -DXZ_SUPPORT -DLZO_SUPPORT   -c -o read_fs.o read_fs.c
cc -O2  -I. -D_FILE_OFFSET_BITS=64 -D_LARGEFILE_SOURCE -D_GNU_SOURCE -DCOMP_DEFAULT=\"xz\" -Wall -DGZIP_SUPPORT -DLZMA_SUPPORT -DXZ_SUPPORT -DLZO_SUPPORT   -c -o action.o action.c
cc -O2  -I. -D_FILE_OFFSET_BITS=64 -D_LARGEFILE_SOURCE -D_GNU_SOURCE -DCOMP_DEFAULT=\"xz\" -Wall -DGZIP_SUPPORT -DLZMA_SUPPORT -DXZ_SUPPORT -DLZO_SUPPORT   -c -o swap.o swap.c
cc -O2  -I. -D_FILE_OFFSET_BITS=64 -D_LARGEFILE_SOURCE -D_GNU_SOURCE -DCOMP_DEFAULT=\"xz\" -Wall -DGZIP_SUPPORT -DLZMA_SUPPORT -DXZ_SUPPORT -DLZO_SUPPORT   -c -o pseudo.o pseudo.c
cc -O2  -I. -D_FILE_OFFSET_BITS=64 -D_LARGEFILE_SOURCE -D_GNU_SOURCE -DCOMP_DEFAULT=\"xz\" -Wall -DGZIP_SUPPORT -DLZMA_SUPPORT -DXZ_SUPPORT -DLZO_SUPPORT   -c -o compressor.o compressor.c
cc -O2  -I. -D_FILE_OFFSET_BITS=64 -D_LARGEFILE_SOURCE -D_GNU_SOURCE -DCOMP_DEFAULT=\"xz\" -Wall -DGZIP_SUPPORT -DLZMA_SUPPORT -DXZ_SUPPORT -DLZO_SUPPORT   -c -o sort.o sort.c
cc -O2  -I. -D_FILE_OFFSET_BITS=64 -D_LARGEFILE_SOURCE -D_GNU_SOURCE -DCOMP_DEFAULT=\"xz\" -Wall -DGZIP_SUPPORT -DLZMA_SUPPORT -DXZ_SUPPORT -DLZO_SUPPORT   -c -o progressbar.o progressbar.c
cc -O2  -I. -D_FILE_OFFSET_BITS=64 -D_LARGEFILE_SOURCE -D_GNU_SOURCE -DCOMP_DEFAULT=\"xz\" -Wall -DGZIP_SUPPORT -DLZMA_SUPPORT -DXZ_SUPPORT -DLZO_SUPPORT   -c -o read_file.o read_file.c
cc -O2  -I. -D_FILE_OFFSET_BITS=64 -D_LARGEFILE_SOURCE -D_GNU_SOURCE -DCOMP_DEFAULT=\"xz\" -Wall -DGZIP_SUPPORT -DLZMA_SUPPORT -DXZ_SUPPORT -DLZO_SUPPORT   -c -o info.o info.c
cc -O2  -I. -D_FILE_OFFSET_BITS=64 -D_LARGEFILE_SOURCE -D_GNU_SOURCE -DCOMP_DEFAULT=\"xz\" -Wall -DGZIP_SUPPORT -DLZMA_SUPPORT -DXZ_SUPPORT -DLZO_SUPPORT   -c -o restore.o restore.c
cc -O2  -I. -D_FILE_OFFSET_BITS=64 -D_LARGEFILE_SOURCE -D_GNU_SOURCE -DCOMP_DEFAULT=\"xz\" -Wall -DGZIP_SUPPORT -DLZMA_SUPPORT -DXZ_SUPPORT -DLZO_SUPPORT   -c -o process_fragments.o process_fragments.c
cc -O2  -I. -D_FILE_OFFSET_BITS=64 -D_LARGEFILE_SOURCE -D_GNU_SOURCE -DCOMP_DEFAULT=\"xz\" -Wall -DGZIP_SUPPORT -DLZMA_SUPPORT -DXZ_SUPPORT -DLZO_SUPPORT   -c -o caches-queues-lists.o caches-queues-lists.c
cc -O2  -I. -D_FILE_OFFSET_BITS=64 -D_LARGEFILE_SOURCE -D_GNU_SOURCE -DCOMP_DEFAULT=\"xz\" -Wall -DGZIP_SUPPORT -DLZMA_SUPPORT -DXZ_SUPPORT -DLZO_SUPPORT   -c -o gzip_wrapper.o gzip_wrapper.c
cc -O2  -I. -D_FILE_OFFSET_BITS=64 -D_LARGEFILE_SOURCE -D_GNU_SOURCE -DCOMP_DEFAULT=\"xz\" -Wall -DGZIP_SUPPORT -DLZMA_SUPPORT -DXZ_SUPPORT -DLZO_SUPPORT   -c -o lzma_xz_wrapper.o lzma_xz_wrapper.c
cc -O2  -I. -D_FILE_OFFSET_BITS=64 -D_LARGEFILE_SOURCE -D_GNU_SOURCE -DCOMP_DEFAULT=\"xz\" -Wall -DGZIP_SUPPORT -DLZMA_SUPPORT -DXZ_SUPPORT -DLZO_SUPPORT   -c -o xz_wrapper.o xz_wrapper.c
cc -O2  -I. -D_FILE_OFFSET_BITS=64 -D_LARGEFILE_SOURCE -D_GNU_SOURCE -DCOMP_DEFAULT=\"xz\" -Wall -DGZIP_SUPPORT -DLZMA_SUPPORT -DXZ_SUPPORT -DLZO_SUPPORT   -c -o lzo_wrapper.o lzo_wrapper.c
cc   mksquashfs.o read_fs.o action.o swap.o pseudo.o compressor.o sort.o progressbar.o read_file.o info.o restore.o process_fragments.o caches-queues-lists.o gzip_wrapper.o lzma_xz_wrapper.o xz_wrapper.o lzo_wrapper.o -lpthread -lm -lz -llzma -llzma  -llzo2 -o mksquashfs
cc -O2  -I. -D_FILE_OFFSET_BITS=64 -D_LARGEFILE_SOURCE -D_GNU_SOURCE -DCOMP_DEFAULT=\"xz\" -Wall -DGZIP_SUPPORT -DLZMA_SUPPORT -DXZ_SUPPORT -DLZO_SUPPORT   -c -o unsquashfs.o unsquashfs.c
cc -O2  -I. -D_FILE_OFFSET_BITS=64 -D_LARGEFILE_SOURCE -D_GNU_SOURCE -DCOMP_DEFAULT=\"xz\" -Wall -DGZIP_SUPPORT -DLZMA_SUPPORT -DXZ_SUPPORT -DLZO_SUPPORT   -c -o unsquash-1.o unsquash-1.c
cc -O2  -I. -D_FILE_OFFSET_BITS=64 -D_LARGEFILE_SOURCE -D_GNU_SOURCE -DCOMP_DEFAULT=\"xz\" -Wall -DGZIP_SUPPORT -DLZMA_SUPPORT -DXZ_SUPPORT -DLZO_SUPPORT   -c -o unsquash-2.o unsquash-2.c
cc -O2  -I. -D_FILE_OFFSET_BITS=64 -D_LARGEFILE_SOURCE -D_GNU_SOURCE -DCOMP_DEFAULT=\"xz\" -Wall -DGZIP_SUPPORT -DLZMA_SUPPORT -DXZ_SUPPORT -DLZO_SUPPORT   -c -o unsquash-3.o unsquash-3.c
cc -O2  -I. -D_FILE_OFFSET_BITS=64 -D_LARGEFILE_SOURCE -D_GNU_SOURCE -DCOMP_DEFAULT=\"xz\" -Wall -DGZIP_SUPPORT -DLZMA_SUPPORT -DXZ_SUPPORT -DLZO_SUPPORT   -c -o unsquash-4.o unsquash-4.c
cc -O2  -I. -D_FILE_OFFSET_BITS=64 -D_LARGEFILE_SOURCE -D_GNU_SOURCE -DCOMP_DEFAULT=\"xz\" -Wall -DGZIP_SUPPORT -DLZMA_SUPPORT -DXZ_SUPPORT -DLZO_SUPPORT   -c -o unsquashfs_info.o unsquashfs_info.c
cc   unsquashfs.o unsquash-1.o unsquash-2.o unsquash-3.o unsquash-4.o swap.o compressor.o unsquashfs_info.o gzip_wrapper.o lzma_xz_wrapper.o xz_wrapper.o lzo_wrapper.o -lpthread -lm -lz -llzma -llzma  -llzo2 -o unsquashfs
make: Leaving directory `/mnt/sda6/00_new-woof/petbuilds-slacko-32/builds/squashfs/squashfs-tools4-4.3/squashfs-tools'
make: Entering directory `/mnt/sda6/00_new-woof/petbuilds-slacko-32/builds/squashfs/squashfs-tools4-4.3/squashfs-tools'
mkdir -p /mnt/sda6/00_new-woof/petbuilds-slacko-32/builds/squashfs/squashfs-tools4-install/usr/bin
cp mksquashfs /mnt/sda6/00_new-woof/petbuilds-slacko-32/builds/squashfs/squashfs-tools4-install/usr/bin
cp unsquashfs /mnt/sda6/00_new-woof/petbuilds-slacko-32/builds/squashfs/squashfs-tools4-install/usr/bin
make: Leaving directory `/mnt/sda6/00_new-woof/petbuilds-slacko-32/builds/squashfs/squashfs-tools4-4.3/squashfs-tools'
/mnt/sda6/00_new-woof/petbuilds-slacko-32/builds/squashfs
Processing ../squashfs-tools4-install/usr/bin/mksquashfs
Processing ../squashfs-tools4-install/usr/bin/unsquashfs
all done
cat: squashfs-tools4.petbuild: No such file or directory
packaging squashfs-tools4-4.3-i686_slk600
done!
