streamripper-1.64.6/
streamripper-1.64.6/Makefile.in
streamripper-1.64.6/config.guess
streamripper-1.64.6/console/
streamripper-1.64.6/console/streamripper.c
streamripper-1.64.6/console/cstreamripper.c
streamripper-1.64.6/install-sh
streamripper-1.64.6/COPYING
streamripper-1.64.6/config.sub
streamripper-1.64.6/README
streamripper-1.64.6/ltconfig
streamripper-1.64.6/missing
streamripper-1.64.6/libmad-0.15.1b/
streamripper-1.64.6/libmad-0.15.1b/rq_table.dat
streamripper-1.64.6/libmad-0.15.1b/config.h.in
streamripper-1.64.6/libmad-0.15.1b/version.h
streamripper-1.64.6/libmad-0.15.1b/frame.c
streamripper-1.64.6/libmad-0.15.1b/VERSION
streamripper-1.64.6/libmad-0.15.1b/layer12.h
streamripper-1.64.6/libmad-0.15.1b/Makefile.in
streamripper-1.64.6/libmad-0.15.1b/CREDITS
streamripper-1.64.6/libmad-0.15.1b/fixed.c
streamripper-1.64.6/libmad-0.15.1b/synth.h
streamripper-1.64.6/libmad-0.15.1b/config.guess
streamripper-1.64.6/libmad-0.15.1b/decoder.c
streamripper-1.64.6/libmad-0.15.1b/libmad.list.in
streamripper-1.64.6/libmad-0.15.1b/mad.h.sed
streamripper-1.64.6/libmad-0.15.1b/install-sh
streamripper-1.64.6/libmad-0.15.1b/imdct_s.dat
streamripper-1.64.6/libmad-0.15.1b/TODO
streamripper-1.64.6/libmad-0.15.1b/sf_table.dat
streamripper-1.64.6/libmad-0.15.1b/synth.c
streamripper-1.64.6/libmad-0.15.1b/layer3.h
streamripper-1.64.6/libmad-0.15.1b/COPYING
streamripper-1.64.6/libmad-0.15.1b/qc_table.dat
streamripper-1.64.6/libmad-0.15.1b/config.sub
streamripper-1.64.6/libmad-0.15.1b/version.c
streamripper-1.64.6/libmad-0.15.1b/README
streamripper-1.64.6/libmad-0.15.1b/stream.h
streamripper-1.64.6/libmad-0.15.1b/bit.c
streamripper-1.64.6/libmad-0.15.1b/imdct_l_arm.S
streamripper-1.64.6/libmad-0.15.1b/missing
streamripper-1.64.6/libmad-0.15.1b/timer.h
streamripper-1.64.6/libmad-0.15.1b/frame.h
streamripper-1.64.6/libmad-0.15.1b/huffman.h
streamripper-1.64.6/libmad-0.15.1b/huffman.c
streamripper-1.64.6/libmad-0.15.1b/fixed.h
streamripper-1.64.6/libmad-0.15.1b/Makefile.am
streamripper-1.64.6/libmad-0.15.1b/ltmain.sh
streamripper-1.64.6/libmad-0.15.1b/D.dat
streamripper-1.64.6/libmad-0.15.1b/global.h
streamripper-1.64.6/libmad-0.15.1b/mkinstalldirs
streamripper-1.64.6/libmad-0.15.1b/CHANGES
streamripper-1.64.6/libmad-0.15.1b/bit.h
streamripper-1.64.6/libmad-0.15.1b/configure.ac
streamripper-1.64.6/libmad-0.15.1b/INSTALL
streamripper-1.64.6/libmad-0.15.1b/mad.h
streamripper-1.64.6/libmad-0.15.1b/decoder.h
streamripper-1.64.6/libmad-0.15.1b/COPYRIGHT
streamripper-1.64.6/libmad-0.15.1b/configure
streamripper-1.64.6/libmad-0.15.1b/layer3.c
streamripper-1.64.6/libmad-0.15.1b/stream.c
streamripper-1.64.6/libmad-0.15.1b/timer.c
streamripper-1.64.6/libmad-0.15.1b/aclocal.m4
streamripper-1.64.6/libmad-0.15.1b/layer12.c
streamripper-1.64.6/libmad-0.15.1b/minimad.c
streamripper-1.64.6/libmad-0.15.1b/depcomp
streamripper-1.64.6/m4/
streamripper-1.64.6/m4/iconv.m4
streamripper-1.64.6/m4/type_socklen_t.m4
streamripper-1.64.6/m4/lib-ld.m4
streamripper-1.64.6/m4/codeset.m4
streamripper-1.64.6/m4/ogg.m4
streamripper-1.64.6/m4/glib-2.0.m4
streamripper-1.64.6/m4/pkg.m4
streamripper-1.64.6/m4/lib-link.m4
streamripper-1.64.6/m4/vorbis.m4
streamripper-1.64.6/m4/lib-prefix.m4
streamripper-1.64.6/m4/cf_curses.m4
streamripper-1.64.6/m4/sr_locale_charset.m4
streamripper-1.64.6/config.rpath
streamripper-1.64.6/parse_rules.txt
streamripper-1.64.6/THANKS
streamripper-1.64.6/Makefile.am
streamripper-1.64.6/streamripper.1
streamripper-1.64.6/ltmain.sh
streamripper-1.64.6/CHANGES
streamripper-1.64.6/configure.ac
streamripper-1.64.6/INSTALL
streamripper-1.64.6/lib/
streamripper-1.64.6/lib/errors.c
streamripper-1.64.6/lib/config.h.in
streamripper-1.64.6/lib/list.h
streamripper-1.64.6/lib/Makefile.in
streamripper-1.64.6/lib/charset.c
streamripper-1.64.6/lib/ripogg.c
streamripper-1.64.6/lib/config.h
streamripper-1.64.6/lib/rip_manager.c
streamripper-1.64.6/lib/http.h
streamripper-1.64.6/lib/debug.c
streamripper-1.64.6/lib/threadlib.c
streamripper-1.64.6/lib/http.c
streamripper-1.64.6/lib/parse.c
streamripper-1.64.6/lib/rip_manager.h
streamripper-1.64.6/lib/debug.h
streamripper-1.64.6/lib/prefs.c
streamripper-1.64.6/lib/errors.h
streamripper-1.64.6/lib/ictest.c
streamripper-1.64.6/lib/compat.h
streamripper-1.64.6/lib/relaylib.h
streamripper-1.64.6/lib/mchar.h
streamripper-1.64.6/lib/argv.c
streamripper-1.64.6/lib/filelib.h
streamripper-1.64.6/lib/filelib.c
streamripper-1.64.6/lib/utf8.h
streamripper-1.64.6/lib/findsep.h
streamripper-1.64.6/lib/ripstream.c
streamripper-1.64.6/lib/cbuf2.c
streamripper-1.64.6/lib/external.h
streamripper-1.64.6/lib/cbuf2.h
streamripper-1.64.6/lib/utf8.c
streamripper-1.64.6/lib/parse.h
streamripper-1.64.6/lib/iconvert.c
streamripper-1.64.6/lib/ripstream.h
streamripper-1.64.6/lib/Makefile.am
streamripper-1.64.6/lib/confw32.h
streamripper-1.64.6/lib/srtypes.h
streamripper-1.64.6/lib/prefs.h
streamripper-1.64.6/lib/ripogg.h
streamripper-1.64.6/lib/mchar.c
streamripper-1.64.6/lib/socklib.h
streamripper-1.64.6/lib/socklib.c
streamripper-1.64.6/lib/charmaps.h
streamripper-1.64.6/lib/ripaac.c
streamripper-1.64.6/lib/external.c
streamripper-1.64.6/lib/srconfig.h
streamripper-1.64.6/lib/charset.h
streamripper-1.64.6/lib/findsep2.c
streamripper-1.64.6/lib/relaylib.c
streamripper-1.64.6/lib/findsep.c
streamripper-1.64.6/lib/uce_dirent.h
streamripper-1.64.6/lib/threadlib.h
streamripper-1.64.6/fake_external_metadata.pl
streamripper-1.64.6/configure
streamripper-1.64.6/aclocal.m4
streamripper-1.64.6/depcomp
streamripper-1.64.6/fetch_external_metadata.pl
checking for a BSD-compatible install... /usr/bin/ginstall -c
checking whether build environment is sane... yes
checking for a thread-safe mkdir -p... ./install-sh -c -d
checking for gawk... gawk
checking whether make sets $(MAKE)... yes
checking for gcc... gcc
checking for C compiler default output file name... a.out
checking whether the C compiler works... yes
checking whether we are cross compiling... no
checking for suffix of executables... 
checking for suffix of object files... o
checking whether we are using the GNU C compiler... yes
checking whether gcc accepts -g... yes
checking for gcc option to accept ISO C89... none needed
checking for style of include used by make... GNU
checking dependency style of gcc... gcc3
checking for a BSD-compatible install... /usr/bin/ginstall -c
checking for ranlib... ranlib
checking for inline... inline
checking for main in -lm... yes
checking how to run the C preprocessor... gcc -E
checking for grep that handles long lines and -e... /bin/grep
checking for egrep... /bin/grep -E
checking for ANSI C header files... yes
checking for sys/types.h... yes
checking for sys/stat.h... yes
checking for stdlib.h... yes
checking for string.h... yes
checking for memory.h... yes
checking for strings.h... yes
checking for inttypes.h... yes
checking for stdint.h... yes
checking for unistd.h... yes
checking for working alloca.h... yes
checking for alloca... yes
checking for pkg-config... /usr/bin/pkg-config
checking pkg-config is at least version 0.7... yes
checking for GLIB - version >= 2.16.0... yes (version 2.36.4)
checking for mad_stream_buffer in -lmad... yes
checking for pthread_create in -lpthread... yes
checking for socklen_t... yes
checking for dirent.h that defines DIR... yes
checking for library containing opendir... none required
checking for ANSI C header files... (cached) yes
checking for unistd.h... (cached) yes
checking wchar.h usability... yes
checking wchar.h presence... yes
checking for wchar.h... yes
checking wctype.h usability... yes
checking wctype.h presence... yes
checking for wctype.h... yes
checking for wchar_t... yes
checking for iswcntrl... yes
checking for vswprintf... yes
checking whether mbrtowc and mbstate_t are properly declared... yes
checking build system type... i686-pc-linux-gnu
checking host system type... i686-pc-linux-gnu
checking for ld used by GCC... /usr/i486-slackware-linux/bin/ld
checking if the linker (/usr/i486-slackware-linux/bin/ld) is GNU ld... yes
checking for shared library run path origin... done
checking for iconv... yes
checking for iconv declaration... 
         extern size_t iconv (iconv_t cd, char * *inbuf, size_t *inbytesleft, char * *outbuf, size_t *outbytesleft);
checking for nl_langinfo and CODESET... yes
checking for buildargv in -liberty... yes
checking for NeAACDecDecode2 in -lfaad... yes
checking for initscr in -lncurses ... yes
configure: Request for ncurses
checking for Ogg... yes
checking for Vorbis... yes
checking for sem_init... no
checking for sem_init in -lsem... no
checking for sem_init... (cached) no
checking for sem_init in -lrt... no
checking for stdint.h... (cached) yes
checking for inttypes.h... (cached) yes
checking for uint32_t... yes
checking for u_int32_t... yes
checking sys/sockio.h usability... no
checking sys/sockio.h presence... no
checking for sys/sockio.h... no
checking for connect... yes
checking for size_t... yes
checking return type of signal handlers... void
checking for vprintf... yes
checking for _doprnt... no
checking for mkdir... yes
checking for socket... yes
checking for strerror... yes
checking for strstr... yes
configure: creating ./config.status
config.status: creating lib/Makefile
config.status: creating Makefile
config.status: creating lib/config.h
config.status: executing depfiles commands
* Streamripper configuration
    Using included MAD library?      no
    Ogg/vorbis support?              yes
Making all in lib
make[1]: Entering directory `/mnt/sda6/00_new-woof/petbuilds-slacko-32/builds/streamripper/streamripper-1.64.6/lib'
make  all-am
make[2]: Entering directory `/mnt/sda6/00_new-woof/petbuilds-slacko-32/builds/streamripper/streamripper-1.64.6/lib'
gcc -DHAVE_CONFIG_H -I.  -I/usr/include -I/usr/include -I/usr/include/glib-2.0 -I/usr/lib/glib-2.0/include  -I/mnt/sda6/00_new-woof/petbuilds-slacko-32/builds/streamripper/streamripper-1.64.6/lib -D__UNIX__  -g -O2 -Wall -MT cbuf2.o -MD -MP -MF .deps/cbuf2.Tpo -c -o cbuf2.o cbuf2.c
gcc -DHAVE_CONFIG_H -I.  -I/usr/include -I/usr/include -I/usr/include/glib-2.0 -I/usr/lib/glib-2.0/include  -I/mnt/sda6/00_new-woof/petbuilds-slacko-32/builds/streamripper/streamripper-1.64.6/lib -D__UNIX__  -g -O2 -Wall -MT charset.o -MD -MP -MF .deps/charset.Tpo -c -o charset.o charset.c
gcc -DHAVE_CONFIG_H -I.  -I/usr/include -I/usr/include -I/usr/include/glib-2.0 -I/usr/lib/glib-2.0/include  -I/mnt/sda6/00_new-woof/petbuilds-slacko-32/builds/streamripper/streamripper-1.64.6/lib -D__UNIX__  -g -O2 -Wall -MT debug.o -MD -MP -MF .deps/debug.Tpo -c -o debug.o debug.c
gcc -DHAVE_CONFIG_H -I.  -I/usr/include -I/usr/include -I/usr/include/glib-2.0 -I/usr/lib/glib-2.0/include  -I/mnt/sda6/00_new-woof/petbuilds-slacko-32/builds/streamripper/streamripper-1.64.6/lib -D__UNIX__  -g -O2 -Wall -MT errors.o -MD -MP -MF .deps/errors.Tpo -c -o errors.o errors.c
mv -f .deps/charset.Tpo .deps/charset.Po
gcc -DHAVE_CONFIG_H -I.  -I/usr/include -I/usr/include -I/usr/include/glib-2.0 -I/usr/lib/glib-2.0/include  -I/mnt/sda6/00_new-woof/petbuilds-slacko-32/builds/streamripper/streamripper-1.64.6/lib -D__UNIX__  -g -O2 -Wall -MT external.o -MD -MP -MF .deps/external.Tpo -c -o external.o external.c
mv -f .deps/debug.Tpo .deps/debug.Po
gcc -DHAVE_CONFIG_H -I.  -I/usr/include -I/usr/include -I/usr/include/glib-2.0 -I/usr/lib/glib-2.0/include  -I/mnt/sda6/00_new-woof/petbuilds-slacko-32/builds/streamripper/streamripper-1.64.6/lib -D__UNIX__  -g -O2 -Wall -MT filelib.o -MD -MP -MF .deps/filelib.Tpo -c -o filelib.o filelib.c
mv -f .deps/errors.Tpo .deps/errors.Po
gcc -DHAVE_CONFIG_H -I.  -I/usr/include -I/usr/include -I/usr/include/glib-2.0 -I/usr/lib/glib-2.0/include  -I/mnt/sda6/00_new-woof/petbuilds-slacko-32/builds/streamripper/streamripper-1.64.6/lib -D__UNIX__  -g -O2 -Wall -MT findsep.o -MD -MP -MF .deps/findsep.Tpo -c -o findsep.o findsep.c
mv -f .deps/external.Tpo .deps/external.Po
gcc -DHAVE_CONFIG_H -I.  -I/usr/include -I/usr/include -I/usr/include/glib-2.0 -I/usr/lib/glib-2.0/include  -I/mnt/sda6/00_new-woof/petbuilds-slacko-32/builds/streamripper/streamripper-1.64.6/lib -D__UNIX__  -g -O2 -Wall -MT findsep2.o -MD -MP -MF .deps/findsep2.Tpo -c -o findsep2.o findsep2.c
filelib.c: In function ‘parse_and_subst_pat’:
filelib.c:805:9: warning: variable ‘done’ set but not used [-Wunused-but-set-variable]
     int done;
         ^
findsep.c: In function ‘findsep_silence’:
findsep.c:133:9: warning: variable ‘result’ set but not used [-Wunused-but-set-variable]
     int result;
         ^
findsep.c: In function ‘find_bitrate’:
findsep.c:488:9: warning: variable ‘result’ set but not used [-Wunused-but-set-variable]
     int result;
         ^
filelib.c: In function ‘get_next_sequence_number’:
filelib.c:1338:9: warning: variable ‘rc’ set but not used [-Wunused-but-set-variable]
     int rc;
         ^
findsep2.c: In function ‘findsep_silence_2’:
findsep2.c:130:9: warning: variable ‘result’ set but not used [-Wunused-but-set-variable]
     int result;
         ^
mv -f .deps/cbuf2.Tpo .deps/cbuf2.Po
gcc -DHAVE_CONFIG_H -I.  -I/usr/include -I/usr/include -I/usr/include/glib-2.0 -I/usr/lib/glib-2.0/include  -I/mnt/sda6/00_new-woof/petbuilds-slacko-32/builds/streamripper/streamripper-1.64.6/lib -D__UNIX__  -g -O2 -Wall -MT http.o -MD -MP -MF .deps/http.Tpo -c -o http.o http.c
mv -f .deps/findsep.Tpo .deps/findsep.Po
gcc -DHAVE_CONFIG_H -I.  -I/usr/include -I/usr/include -I/usr/include/glib-2.0 -I/usr/lib/glib-2.0/include  -I/mnt/sda6/00_new-woof/petbuilds-slacko-32/builds/streamripper/streamripper-1.64.6/lib -D__UNIX__  -g -O2 -Wall -MT iconvert.o -MD -MP -MF .deps/iconvert.Tpo -c -o iconvert.o iconvert.c
mv -f .deps/iconvert.Tpo .deps/iconvert.Po
gcc -DHAVE_CONFIG_H -I.  -I/usr/include -I/usr/include -I/usr/include/glib-2.0 -I/usr/lib/glib-2.0/include  -I/mnt/sda6/00_new-woof/petbuilds-slacko-32/builds/streamripper/streamripper-1.64.6/lib -D__UNIX__  -g -O2 -Wall -MT mchar.o -MD -MP -MF .deps/mchar.Tpo -c -o mchar.o mchar.c
mv -f .deps/findsep2.Tpo .deps/findsep2.Po
gcc -DHAVE_CONFIG_H -I.  -I/usr/include -I/usr/include -I/usr/include/glib-2.0 -I/usr/lib/glib-2.0/include  -I/mnt/sda6/00_new-woof/petbuilds-slacko-32/builds/streamripper/streamripper-1.64.6/lib -D__UNIX__  -g -O2 -Wall -MT parse.o -MD -MP -MF .deps/parse.Tpo -c -o parse.o parse.c
parse.c: In function ‘parse_metadata’:
parse.c:451:9: warning: variable ‘eflags’ set but not used [-Wunused-but-set-variable]
     int eflags;
         ^
mv -f .deps/filelib.Tpo .deps/filelib.Po
gcc -DHAVE_CONFIG_H -I.  -I/usr/include -I/usr/include -I/usr/include/glib-2.0 -I/usr/lib/glib-2.0/include  -I/mnt/sda6/00_new-woof/petbuilds-slacko-32/builds/streamripper/streamripper-1.64.6/lib -D__UNIX__  -g -O2 -Wall -MT prefs.o -MD -MP -MF .deps/prefs.Tpo -c -o prefs.o prefs.c
mv -f .deps/parse.Tpo .deps/parse.Po
mv -f .deps/http.Tpo .deps/http.Po
gcc -DHAVE_CONFIG_H -I.  -I/usr/include -I/usr/include -I/usr/include/glib-2.0 -I/usr/lib/glib-2.0/include  -I/mnt/sda6/00_new-woof/petbuilds-slacko-32/builds/streamripper/streamripper-1.64.6/lib -D__UNIX__  -g -O2 -Wall -MT relaylib.o -MD -MP -MF .deps/relaylib.Tpo -c -o relaylib.o relaylib.c
gcc -DHAVE_CONFIG_H -I.  -I/usr/include -I/usr/include -I/usr/include/glib-2.0 -I/usr/lib/glib-2.0/include  -I/mnt/sda6/00_new-woof/petbuilds-slacko-32/builds/streamripper/streamripper-1.64.6/lib -D__UNIX__  -g -O2 -Wall -MT rip_manager.o -MD -MP -MF .deps/rip_manager.Tpo -c -o rip_manager.o rip_manager.c
mv -f .deps/mchar.Tpo .deps/mchar.Po
gcc -DHAVE_CONFIG_H -I.  -I/usr/include -I/usr/include -I/usr/include/glib-2.0 -I/usr/lib/glib-2.0/include  -I/mnt/sda6/00_new-woof/petbuilds-slacko-32/builds/streamripper/streamripper-1.64.6/lib -D__UNIX__  -g -O2 -Wall -MT ripaac.o -MD -MP -MF .deps/ripaac.Tpo -c -o ripaac.o ripaac.c
mv -f .deps/ripaac.Tpo .deps/ripaac.Po
gcc -DHAVE_CONFIG_H -I.  -I/usr/include -I/usr/include -I/usr/include/glib-2.0 -I/usr/lib/glib-2.0/include  -I/mnt/sda6/00_new-woof/petbuilds-slacko-32/builds/streamripper/streamripper-1.64.6/lib -D__UNIX__  -g -O2 -Wall -MT ripogg.o -MD -MP -MF .deps/ripogg.Tpo -c -o ripogg.o ripogg.c
relaylib.c: In function ‘thread_send’:
relaylib.c:670:16: warning: variable ‘err’ set but not used [-Wunused-but-set-variable]
     error_code err = SR_SUCCESS;
                ^
mv -f .deps/prefs.Tpo .deps/prefs.Po
gcc -DHAVE_CONFIG_H -I.  -I/usr/include -I/usr/include -I/usr/include/glib-2.0 -I/usr/lib/glib-2.0/include  -I/mnt/sda6/00_new-woof/petbuilds-slacko-32/builds/streamripper/streamripper-1.64.6/lib -D__UNIX__  -g -O2 -Wall -MT ripstream.o -MD -MP -MF .deps/ripstream.Tpo -c -o ripstream.o ripstream.c
mv -f .deps/rip_manager.Tpo .deps/rip_manager.Po
gcc -DHAVE_CONFIG_H -I.  -I/usr/include -I/usr/include -I/usr/include/glib-2.0 -I/usr/lib/glib-2.0/include  -I/mnt/sda6/00_new-woof/petbuilds-slacko-32/builds/streamripper/streamripper-1.64.6/lib -D__UNIX__  -g -O2 -Wall -MT socklib.o -MD -MP -MF .deps/socklib.Tpo -c -o socklib.o socklib.c
mv -f .deps/relaylib.Tpo .deps/relaylib.Po
gcc -DHAVE_CONFIG_H -I.  -I/usr/include -I/usr/include -I/usr/include/glib-2.0 -I/usr/lib/glib-2.0/include  -I/mnt/sda6/00_new-woof/petbuilds-slacko-32/builds/streamripper/streamripper-1.64.6/lib -D__UNIX__  -g -O2 -Wall -MT threadlib.o -MD -MP -MF .deps/threadlib.Tpo -c -o threadlib.o threadlib.c
ripstream.c: In function ‘ripstream_rip_ogg’:
ripstream.c:228:12: warning: variable ‘extract_size’ set but not used [-Wunused-but-set-variable]
     u_long extract_size;
            ^
mv -f .deps/ripogg.Tpo .deps/ripogg.Po
gcc -DHAVE_CONFIG_H -I.  -I/usr/include -I/usr/include -I/usr/include/glib-2.0 -I/usr/lib/glib-2.0/include  -I/mnt/sda6/00_new-woof/petbuilds-slacko-32/builds/streamripper/streamripper-1.64.6/lib -D__UNIX__  -g -O2 -Wall -MT utf8.o -MD -MP -MF .deps/utf8.Tpo -c -o utf8.o utf8.c
utf8.c: In function ‘utf8_decode’:
utf8.c:310:11: warning: unused variable ‘charset’ [-Wunused-variable]
     char *charset;
           ^
mv -f .deps/threadlib.Tpo .deps/threadlib.Po
mv -f .deps/utf8.Tpo .deps/utf8.Po
mv -f .deps/socklib.Tpo .deps/socklib.Po
mv -f .deps/ripstream.Tpo .deps/ripstream.Po
rm -f libstreamripper.a
ar cru libstreamripper.a cbuf2.o charset.o debug.o errors.o external.o filelib.o findsep.o findsep2.o http.o iconvert.o mchar.o parse.o prefs.o relaylib.o rip_manager.o ripaac.o ripogg.o ripstream.o socklib.o threadlib.o utf8.o 
ranlib libstreamripper.a
make[2]: Leaving directory `/mnt/sda6/00_new-woof/petbuilds-slacko-32/builds/streamripper/streamripper-1.64.6/lib'
make[1]: Leaving directory `/mnt/sda6/00_new-woof/petbuilds-slacko-32/builds/streamripper/streamripper-1.64.6/lib'
make[1]: Entering directory `/mnt/sda6/00_new-woof/petbuilds-slacko-32/builds/streamripper/streamripper-1.64.6'
gcc -DHAVE_CONFIG_H -I. -I./lib  -I/usr/include -I/usr/include -I/usr/include/glib-2.0 -I/usr/lib/glib-2.0/include  -I/mnt/sda6/00_new-woof/petbuilds-slacko-32/builds/streamripper/streamripper-1.64.6/lib -D__UNIX__  -g -O2 -Wall -MT streamripper.o -MD -MP -MF .deps/streamripper.Tpo -c -o streamripper.o `test -f 'console/streamripper.c' || echo './'`console/streamripper.c
mv -f .deps/streamripper.Tpo .deps/streamripper.Po
gcc  -g -O2 -Wall   -o streamripper streamripper.o  lib/libstreamripper.a -lfaad -lmad -lpthread -liberty -L/usr/lib -logg -L/usr/lib -lvorbis -lm -lglib-2.0   -lm 
make[1]: Leaving directory `/mnt/sda6/00_new-woof/petbuilds-slacko-32/builds/streamripper/streamripper-1.64.6'
Making install in lib
make[1]: Entering directory `/mnt/sda6/00_new-woof/petbuilds-slacko-32/builds/streamripper/streamripper-1.64.6/lib'
make[2]: Entering directory `/mnt/sda6/00_new-woof/petbuilds-slacko-32/builds/streamripper/streamripper-1.64.6/lib'
make[2]: Nothing to be done for `install-exec-am'.
make[2]: Nothing to be done for `install-data-am'.
make[2]: Leaving directory `/mnt/sda6/00_new-woof/petbuilds-slacko-32/builds/streamripper/streamripper-1.64.6/lib'
make[1]: Leaving directory `/mnt/sda6/00_new-woof/petbuilds-slacko-32/builds/streamripper/streamripper-1.64.6/lib'
make[1]: Entering directory `/mnt/sda6/00_new-woof/petbuilds-slacko-32/builds/streamripper/streamripper-1.64.6'
make[2]: Entering directory `/mnt/sda6/00_new-woof/petbuilds-slacko-32/builds/streamripper/streamripper-1.64.6'
test -z "/usr/bin" || ./install-sh -c -d "/mnt/sda6/00_new-woof/petbuilds-slacko-32/builds/streamripper/streamripper-install/usr/bin"
  /usr/bin/ginstall -c 'streamripper' '/mnt/sda6/00_new-woof/petbuilds-slacko-32/builds/streamripper/streamripper-install/usr/bin/streamripper'
test -z "/usr/share/man/man1" || ./install-sh -c -d "/mnt/sda6/00_new-woof/petbuilds-slacko-32/builds/streamripper/streamripper-install/usr/share/man/man1"
 /usr/bin/ginstall -c -m 644 './streamripper.1' '/mnt/sda6/00_new-woof/petbuilds-slacko-32/builds/streamripper/streamripper-install/usr/share/man/man1/streamripper.1'
make[2]: Leaving directory `/mnt/sda6/00_new-woof/petbuilds-slacko-32/builds/streamripper/streamripper-1.64.6'
make[1]: Leaving directory `/mnt/sda6/00_new-woof/petbuilds-slacko-32/builds/streamripper/streamripper-1.64.6'
/mnt/sda6/00_new-woof/petbuilds-slacko-32/builds/streamripper
Found 'i686'
Processing ../streamripper-install/usr/bin/streamripper
Processing ../streamripper-install/usr/share/man/man1/streamripper.1
all done
packaging streamripper-1.64.6-i686_slk600
packaging streamripper_DOC-1.64.6-i686_slk600
done!
