usb-modeswitch-data-20150115/
usb-modeswitch-data-20150115/40-usb_modeswitch.rules
usb-modeswitch-data-20150115/README
usb-modeswitch-data-20150115/usb_modeswitch.d/
usb-modeswitch-data-20150115/usb_modeswitch.d/19d2:1517
usb-modeswitch-data-20150115/usb_modeswitch.d/19d2:1232
usb-modeswitch-data-20150115/usb_modeswitch.d/19d2:1001
usb-modeswitch-data-20150115/usb_modeswitch.d/1bbb:00ca
usb-modeswitch-data-20150115/usb_modeswitch.d/1bbb:000f
usb-modeswitch-data-20150115/usb_modeswitch.d/19d2:1219
usb-modeswitch-data-20150115/usb_modeswitch.d/19d2:0003
usb-modeswitch-data-20150115/usb_modeswitch.d/19d2:0083:uPr=WCDMA
usb-modeswitch-data-20150115/usb_modeswitch.d/2262:0001
usb-modeswitch-data-20150115/usb_modeswitch.d/0af0:8400
usb-modeswitch-data-20150115/usb_modeswitch.d/04bb:bccd
usb-modeswitch-data-20150115/usb_modeswitch.d/0922:1001
usb-modeswitch-data-20150115/usb_modeswitch.d/05c6:1000:uMa=Option
usb-modeswitch-data-20150115/usb_modeswitch.d/0421:061d
usb-modeswitch-data-20150115/usb_modeswitch.d/0af0:6791
usb-modeswitch-data-20150115/usb_modeswitch.d/1076:7f40
usb-modeswitch-data-20150115/usb_modeswitch.d/1ee8:0018
usb-modeswitch-data-20150115/usb_modeswitch.d/1c9e:9401
usb-modeswitch-data-20150115/usb_modeswitch.d/04cc:226e
usb-modeswitch-data-20150115/usb_modeswitch.d/0af0:6971
usb-modeswitch-data-20150115/usb_modeswitch.d/19d2:0266
usb-modeswitch-data-20150115/usb_modeswitch.d/12d1:1f1c
usb-modeswitch-data-20150115/usb_modeswitch.d/0af0:4007
usb-modeswitch-data-20150115/usb_modeswitch.d/0af0:7301
usb-modeswitch-data-20150115/usb_modeswitch.d/1410:7001
usb-modeswitch-data-20150115/usb_modeswitch.d/19d2:0120
usb-modeswitch-data-20150115/usb_modeswitch.d/0d46:45a5
usb-modeswitch-data-20150115/usb_modeswitch.d/0408:ea25
usb-modeswitch-data-20150115/usb_modeswitch.d/12d1:14c3
usb-modeswitch-data-20150115/usb_modeswitch.d/20b9:1682
usb-modeswitch-data-20150115/usb_modeswitch.d/12d1:1523
usb-modeswitch-data-20150115/usb_modeswitch.d/04fc:2140
usb-modeswitch-data-20150115/usb_modeswitch.d/19d2:1520
usb-modeswitch-data-20150115/usb_modeswitch.d/19d2:1179
usb-modeswitch-data-20150115/usb_modeswitch.d/19d2:0154
usb-modeswitch-data-20150115/usb_modeswitch.d/1da5:f000
usb-modeswitch-data-20150115/usb_modeswitch.d/19d2:1175
usb-modeswitch-data-20150115/usb_modeswitch.d/04cc:226f
usb-modeswitch-data-20150115/usb_modeswitch.d/19d2:0115
usb-modeswitch-data-20150115/usb_modeswitch.d/0af0:d057
usb-modeswitch-data-20150115/usb_modeswitch.d/1410:5055
usb-modeswitch-data-20150115/usb_modeswitch.d/0af0:d055
usb-modeswitch-data-20150115/usb_modeswitch.d/12d1:1f19
usb-modeswitch-data-20150115/usb_modeswitch.d/0af0:6771
usb-modeswitch-data-20150115/usb_modeswitch.d/19d2:1017
usb-modeswitch-data-20150115/usb_modeswitch.d/1dbc:0669
usb-modeswitch-data-20150115/usb_modeswitch.d/0fce:d0cf
usb-modeswitch-data-20150115/usb_modeswitch.d/1d09:1021
usb-modeswitch-data-20150115/usb_modeswitch.d/0421:0632
usb-modeswitch-data-20150115/usb_modeswitch.d/0af0:7a01
usb-modeswitch-data-20150115/usb_modeswitch.d/16d8:6804
usb-modeswitch-data-20150115/usb_modeswitch.d/19d2:0166
usb-modeswitch-data-20150115/usb_modeswitch.d/23a2:1010
usb-modeswitch-data-20150115/usb_modeswitch.d/2001:a706
usb-modeswitch-data-20150115/usb_modeswitch.d/1266:1000
usb-modeswitch-data-20150115/usb_modeswitch.d/0af0:8300
usb-modeswitch-data-20150115/usb_modeswitch.d/12d1:14d1
usb-modeswitch-data-20150115/usb_modeswitch.d/1dd6:1000
usb-modeswitch-data-20150115/usb_modeswitch.d/1b7d:0700
usb-modeswitch-data-20150115/usb_modeswitch.d/106c:3b03
usb-modeswitch-data-20150115/usb_modeswitch.d/19d2:1420
usb-modeswitch-data-20150115/usb_modeswitch.d/04e8:f000:sMo=U209
usb-modeswitch-data-20150115/usb_modeswitch.d/12d1:1526
usb-modeswitch-data-20150115/usb_modeswitch.d/22de:6803
usb-modeswitch-data-20150115/usb_modeswitch.d/0af0:7706
usb-modeswitch-data-20150115/usb_modeswitch.d/0af0:d035
usb-modeswitch-data-20150115/usb_modeswitch.d/1ee8:004f
usb-modeswitch-data-20150115/usb_modeswitch.d/1004:6327
usb-modeswitch-data-20150115/usb_modeswitch.d/257a:b000
usb-modeswitch-data-20150115/usb_modeswitch.d/19d2:1009
usb-modeswitch-data-20150115/usb_modeswitch.d/12d1:157d
usb-modeswitch-data-20150115/usb_modeswitch.d/19d2:0040
usb-modeswitch-data-20150115/usb_modeswitch.d/257a:a000
usb-modeswitch-data-20150115/usb_modeswitch.d/1bbb:f017
usb-modeswitch-data-20150115/usb_modeswitch.d/19d2:0026
usb-modeswitch-data-20150115/usb_modeswitch.d/230d:0003
usb-modeswitch-data-20150115/usb_modeswitch.d/19d2:0304
usb-modeswitch-data-20150115/usb_modeswitch.d/230d:0007
usb-modeswitch-data-20150115/usb_modeswitch.d/0b3c:f017
usb-modeswitch-data-20150115/usb_modeswitch.d/05c6:1000:uMa=SSE
usb-modeswitch-data-20150115/usb_modeswitch.d/04cc:2251
usb-modeswitch-data-20150115/usb_modeswitch.d/1e89:f000
usb-modeswitch-data-20150115/usb_modeswitch.d/0930:0d46
usb-modeswitch-data-20150115/usb_modeswitch.d/1fac:0130
usb-modeswitch-data-20150115/usb_modeswitch.d/12d1:1001
usb-modeswitch-data-20150115/usb_modeswitch.d/1c9e:9e00
usb-modeswitch-data-20150115/usb_modeswitch.d/12d1:1f16
usb-modeswitch-data-20150115/usb_modeswitch.d/0af0:8900
usb-modeswitch-data-20150115/usb_modeswitch.d/1ee8:0068
usb-modeswitch-data-20150115/usb_modeswitch.d/1ee8:0009
usb-modeswitch-data-20150115/usb_modeswitch.d/1ee8:0060
usb-modeswitch-data-20150115/usb_modeswitch.d/2001:a707
usb-modeswitch-data-20150115/usb_modeswitch.d/1004:613a
usb-modeswitch-data-20150115/usb_modeswitch.d/0ace:20ff
usb-modeswitch-data-20150115/usb_modeswitch.d/19d2:0169
usb-modeswitch-data-20150115/usb_modeswitch.d/12d1:157c
usb-modeswitch-data-20150115/usb_modeswitch.d/0af0:6951
usb-modeswitch-data-20150115/usb_modeswitch.d/19d2:1225
usb-modeswitch-data-20150115/usb_modeswitch.d/1004:61aa
usb-modeswitch-data-20150115/usb_modeswitch.d/05c6:1000:uMa=SAMSUNG
usb-modeswitch-data-20150115/usb_modeswitch.d/2001:a403
usb-modeswitch-data-20150115/usb_modeswitch.d/1c9e:9e08
usb-modeswitch-data-20150115/usb_modeswitch.d/0421:0627
usb-modeswitch-data-20150115/usb_modeswitch.d/0421:062c
usb-modeswitch-data-20150115/usb_modeswitch.d/0af0:8302
usb-modeswitch-data-20150115/usb_modeswitch.d/19d2:1171
usb-modeswitch-data-20150115/usb_modeswitch.d/0af0:7501
usb-modeswitch-data-20150115/usb_modeswitch.d/16d8:6281
usb-modeswitch-data-20150115/usb_modeswitch.d/05c6:1000:sVe=Option
usb-modeswitch-data-20150115/usb_modeswitch.d/12d1:1521
usb-modeswitch-data-20150115/usb_modeswitch.d/19d2:0318
usb-modeswitch-data-20150115/usb_modeswitch.d/22f4:0021
usb-modeswitch-data-20150115/usb_modeswitch.d/0af0:7361
usb-modeswitch-data-20150115/usb_modeswitch.d/0af0:7401
usb-modeswitch-data-20150115/usb_modeswitch.d/12d1:1f18
usb-modeswitch-data-20150115/usb_modeswitch.d/1c9e:f000:uMa=USB_Modem
usb-modeswitch-data-20150115/usb_modeswitch.d/19d2:fff6
usb-modeswitch-data-20150115/usb_modeswitch.d/12d1:101e
usb-modeswitch-data-20150115/usb_modeswitch.d/1410:5059
usb-modeswitch-data-20150115/usb_modeswitch.d/1bbb:022c
usb-modeswitch-data-20150115/usb_modeswitch.d/1ee8:0045
usb-modeswitch-data-20150115/usb_modeswitch.d/1f28:0021
usb-modeswitch-data-20150115/usb_modeswitch.d/2020:f00f
usb-modeswitch-data-20150115/usb_modeswitch.d/1c9e:6061:uPr=Storage
usb-modeswitch-data-20150115/usb_modeswitch.d/19d2:ffe6
usb-modeswitch-data-20150115/usb_modeswitch.d/12d1:1449
usb-modeswitch-data-20150115/usb_modeswitch.d/0e8d:7109
usb-modeswitch-data-20150115/usb_modeswitch.d/2001:a80b
usb-modeswitch-data-20150115/usb_modeswitch.d/0af0:7311
usb-modeswitch-data-20150115/usb_modeswitch.d/0af0:7251
usb-modeswitch-data-20150115/usb_modeswitch.d/12d1:1c0b
usb-modeswitch-data-20150115/usb_modeswitch.d/19d2:0413
usb-modeswitch-data-20150115/usb_modeswitch.d/1614:0800
usb-modeswitch-data-20150115/usb_modeswitch.d/12d1:14ba
usb-modeswitch-data-20150115/usb_modeswitch.d/148f:2578
usb-modeswitch-data-20150115/usb_modeswitch.d/19d2:1237
usb-modeswitch-data-20150115/usb_modeswitch.d/257a:d000
usb-modeswitch-data-20150115/usb_modeswitch.d/12d1:1553
usb-modeswitch-data-20150115/usb_modeswitch.d/0421:0610
usb-modeswitch-data-20150115/usb_modeswitch.d/05c6:2001
usb-modeswitch-data-20150115/usb_modeswitch.d/07d1:a800
usb-modeswitch-data-20150115/usb_modeswitch.d/21f5:1000
usb-modeswitch-data-20150115/usb_modeswitch.d/12d1:1031
usb-modeswitch-data-20150115/usb_modeswitch.d/20a6:f00e
usb-modeswitch-data-20150115/usb_modeswitch.d/12d1:1030
usb-modeswitch-data-20150115/usb_modeswitch.d/1410:5010
usb-modeswitch-data-20150115/usb_modeswitch.d/0df7:0800
usb-modeswitch-data-20150115/usb_modeswitch.d/0fce:d0e1
usb-modeswitch-data-20150115/usb_modeswitch.d/05c6:1000:uMa=Vertex
usb-modeswitch-data-20150115/usb_modeswitch.d/12d1:1009
usb-modeswitch-data-20150115/usb_modeswitch.d/19d2:1227
usb-modeswitch-data-20150115/usb_modeswitch.d/0af0:7031
usb-modeswitch-data-20150115/usb_modeswitch.d/1ee8:0054
usb-modeswitch-data-20150115/usb_modeswitch.d/1c9e:9101
usb-modeswitch-data-20150115/usb_modeswitch.d/12d1:1413
usb-modeswitch-data-20150115/usb_modeswitch.d/12d1:1f15
usb-modeswitch-data-20150115/usb_modeswitch.d/1a8d:2000
usb-modeswitch-data-20150115/usb_modeswitch.d/07d1:a804
usb-modeswitch-data-20150115/usb_modeswitch.d/1410:5030
usb-modeswitch-data-20150115/usb_modeswitch.d/0af0:7801
usb-modeswitch-data-20150115/usb_modeswitch.d/05c6:0010
usb-modeswitch-data-20150115/usb_modeswitch.d/19d2:1511
usb-modeswitch-data-20150115/usb_modeswitch.d/0af0:8800
usb-modeswitch-data-20150115/usb_modeswitch.d/19d2:1216
usb-modeswitch-data-20150115/usb_modeswitch.d/0af0:7271
usb-modeswitch-data-20150115/usb_modeswitch.d/1004:61eb
usb-modeswitch-data-20150115/usb_modeswitch.d/0b3c:c700
usb-modeswitch-data-20150115/usb_modeswitch.d/0af0:8200
usb-modeswitch-data-20150115/usb_modeswitch.d/12d1:15e7
usb-modeswitch-data-20150115/usb_modeswitch.d/2357:0200
usb-modeswitch-data-20150115/usb_modeswitch.d/12d1:1c1b
usb-modeswitch-data-20150115/usb_modeswitch.d/0af0:9000
usb-modeswitch-data-20150115/usb_modeswitch.d/0482:024d
usb-modeswitch-data-20150115/usb_modeswitch.d/05c7:1000
usb-modeswitch-data-20150115/usb_modeswitch.d/0af0:6751
usb-modeswitch-data-20150115/usb_modeswitch.d/19d2:1233
usb-modeswitch-data-20150115/usb_modeswitch.d/12d1:1414
usb-modeswitch-data-20150115/usb_modeswitch.d/230d:000b
usb-modeswitch-data-20150115/usb_modeswitch.d/19d2:0101
usb-modeswitch-data-20150115/usb_modeswitch.d/19d2:1514
usb-modeswitch-data-20150115/usb_modeswitch.d/2357:f000
usb-modeswitch-data-20150115/usb_modeswitch.d/1fac:0032
usb-modeswitch-data-20150115/usb_modeswitch.d/109b:f009
usb-modeswitch-data-20150115/usb_modeswitch.d/12d1:1805
usb-modeswitch-data-20150115/usb_modeswitch.d/05c6:1000:uMa=AnyDATA
usb-modeswitch-data-20150115/usb_modeswitch.d/12d1:1f1e
usb-modeswitch-data-20150115/usb_modeswitch.d/ed09:1021
usb-modeswitch-data-20150115/usb_modeswitch.d/1004:61e7
usb-modeswitch-data-20150115/usb_modeswitch.d/12d1:1d50
usb-modeswitch-data-20150115/usb_modeswitch.d/12d1:1520
usb-modeswitch-data-20150115/usb_modeswitch.d/0af0:8700
usb-modeswitch-data-20150115/usb_modeswitch.d/1c9e:6000
usb-modeswitch-data-20150115/usb_modeswitch.d/12d1:155b
usb-modeswitch-data-20150115/usb_modeswitch.d/230d:000d
usb-modeswitch-data-20150115/usb_modeswitch.d/19d2:1528
usb-modeswitch-data-20150115/usb_modeswitch.d/0bdb:190d
usb-modeswitch-data-20150115/usb_modeswitch.d/0af0:8006
usb-modeswitch-data-20150115/usb_modeswitch.d/12d1:15ca
usb-modeswitch-data-20150115/usb_modeswitch.d/1bbb:f052
usb-modeswitch-data-20150115/usb_modeswitch.d/12d1:380b
usb-modeswitch-data-20150115/usb_modeswitch.d/19d2:1007
usb-modeswitch-data-20150115/usb_modeswitch.d/05c6:f000
usb-modeswitch-data-20150115/usb_modeswitch.d/19d2:1210
usb-modeswitch-data-20150115/usb_modeswitch.d/12d1:1010
usb-modeswitch-data-20150115/usb_modeswitch.d/05c6:1000:sVe=GT
usb-modeswitch-data-20150115/usb_modeswitch.d/12d1:1f11
usb-modeswitch-data-20150115/usb_modeswitch.d/1033:0035
usb-modeswitch-data-20150115/usb_modeswitch.d/1c9e:1001
usb-modeswitch-data-20150115/usb_modeswitch.d/0408:f001
usb-modeswitch-data-20150115/usb_modeswitch.d/8888:6500
usb-modeswitch-data-20150115/usb_modeswitch.d/12d1:14c4
usb-modeswitch-data-20150115/usb_modeswitch.d/1410:5031
usb-modeswitch-data-20150115/usb_modeswitch.d/1bbb:f000
usb-modeswitch-data-20150115/usb_modeswitch.d/230d:0001
usb-modeswitch-data-20150115/usb_modeswitch.d/0421:0618
usb-modeswitch-data-20150115/usb_modeswitch.d/0fce:d103
usb-modeswitch-data-20150115/usb_modeswitch.d/19d2:ffde
usb-modeswitch-data-20150115/usb_modeswitch.d/057c:62ff
usb-modeswitch-data-20150115/usb_modeswitch.d/0b3c:f000
usb-modeswitch-data-20150115/usb_modeswitch.d/1ee8:004a
usb-modeswitch-data-20150115/usb_modeswitch.d/0471:1210:uMa=Wisue
usb-modeswitch-data-20150115/usb_modeswitch.d/0408:ea17
usb-modeswitch-data-20150115/usb_modeswitch.d/1ee8:0003
usb-modeswitch-data-20150115/usb_modeswitch.d/0af0:d033
usb-modeswitch-data-20150115/usb_modeswitch.d/1edf:6003
usb-modeswitch-data-20150115/usb_modeswitch.d/19d2:0146
usb-modeswitch-data-20150115/usb_modeswitch.d/0af0:8201
usb-modeswitch-data-20150115/usb_modeswitch.d/12d1:1f01
usb-modeswitch-data-20150115/usb_modeswitch.d/057c:84ff
usb-modeswitch-data-20150115/usb_modeswitch.d/1c9e:98ff
usb-modeswitch-data-20150115/usb_modeswitch.d/04e8:680c
usb-modeswitch-data-20150115/usb_modeswitch.d/0af0:9200
usb-modeswitch-data-20150115/usb_modeswitch.d/0471:1210:uMa=Philips
usb-modeswitch-data-20150115/usb_modeswitch.d/19d2:0110
usb-modeswitch-data-20150115/usb_modeswitch.d/12d1:1557
usb-modeswitch-data-20150115/usb_modeswitch.d/230d:0103
usb-modeswitch-data-20150115/usb_modeswitch.d/1004:61dd
usb-modeswitch-data-20150115/usb_modeswitch.d/0af0:d255
usb-modeswitch-data-20150115/usb_modeswitch.d/0408:ea43
usb-modeswitch-data-20150115/usb_modeswitch.d/0af0:7011
usb-modeswitch-data-20150115/usb_modeswitch.d/10a9:6080
usb-modeswitch-data-20150115/usb_modeswitch.d/0fce:d0df
usb-modeswitch-data-20150115/usb_modeswitch.d/1a8d:1000
usb-modeswitch-data-20150115/usb_modeswitch.d/0af0:d013
usb-modeswitch-data-20150115/usb_modeswitch.d/22de:6801
usb-modeswitch-data-20150115/usb_modeswitch.d/03f0:002a
usb-modeswitch-data-20150115/usb_modeswitch.d/12d1:1f03
usb-modeswitch-data-20150115/usb_modeswitch.d/0af0:8600
usb-modeswitch-data-20150115/usb_modeswitch.d/2020:0002
usb-modeswitch-data-20150115/usb_modeswitch.d/0af0:d058
usb-modeswitch-data-20150115/usb_modeswitch.d/0421:0622
usb-modeswitch-data-20150115/usb_modeswitch.d/1ee8:0040
usb-modeswitch-data-20150115/usb_modeswitch.d/16d8:6803
usb-modeswitch-data-20150115/usb_modeswitch.d/198a:0003
usb-modeswitch-data-20150115/usb_modeswitch.d/05c6:1000:uMa=CELOT
usb-modeswitch-data-20150115/usb_modeswitch.d/05c6:2000
usb-modeswitch-data-20150115/usb_modeswitch.d/19d2:0325
usb-modeswitch-data-20150115/usb_modeswitch.d/1ee8:0013
usb-modeswitch-data-20150115/usb_modeswitch.d/19d2:1201
usb-modeswitch-data-20150115/usb_modeswitch.d/19d2:2004
usb-modeswitch-data-20150115/usb_modeswitch.d/1307:1169
usb-modeswitch-data-20150115/usb_modeswitch.d/19d2:1238
usb-modeswitch-data-20150115/usb_modeswitch.d/12d1:1583
usb-modeswitch-data-20150115/usb_modeswitch.d/12d1:14ad
usb-modeswitch-data-20150115/usb_modeswitch.d/1c9e:9d00
usb-modeswitch-data-20150115/usb_modeswitch.d/19d2:0053
usb-modeswitch-data-20150115/usb_modeswitch.d/1199:0fff
usb-modeswitch-data-20150115/usb_modeswitch.d/19d2:bccd
usb-modeswitch-data-20150115/usb_modeswitch.d/1fac:0150
usb-modeswitch-data-20150115/usb_modeswitch.d/1ab7:5700
usb-modeswitch-data-20150115/usb_modeswitch.d/1004:607f
usb-modeswitch-data-20150115/usb_modeswitch.d/0fca:8020
usb-modeswitch-data-20150115/usb_modeswitch.d/0cf3:20ff
usb-modeswitch-data-20150115/usb_modeswitch.d/0af0:7111
usb-modeswitch-data-20150115/usb_modeswitch.d/16d8:700a
usb-modeswitch-data-20150115/usb_modeswitch.d/2077:1000
usb-modeswitch-data-20150115/usb_modeswitch.d/0af0:c031
usb-modeswitch-data-20150115/usb_modeswitch.d/05c6:9024
usb-modeswitch-data-20150115/usb_modeswitch.d/0af0:d155
usb-modeswitch-data-20150115/usb_modeswitch.d/04e8:689a
usb-modeswitch-data-20150115/usb_modeswitch.d/12d1:1505
usb-modeswitch-data-20150115/usb_modeswitch.d/21f5:3010
usb-modeswitch-data-20150115/usb_modeswitch.d/19d2:1224
usb-modeswitch-data-20150115/usb_modeswitch.d/0af0:7a05
usb-modeswitch-data-20150115/usb_modeswitch.d/0af0:6811
usb-modeswitch-data-20150115/usb_modeswitch.d/12d1:1da1
usb-modeswitch-data-20150115/usb_modeswitch.d/0408:f000
usb-modeswitch-data-20150115/usb_modeswitch.d/106c:3b14
usb-modeswitch-data-20150115/usb_modeswitch.d/19d2:1523
usb-modeswitch-data-20150115/usb_modeswitch.d/0af0:c100
usb-modeswitch-data-20150115/usb_modeswitch.d/072f:100d
usb-modeswitch-data-20150115/usb_modeswitch.d/1004:1000
usb-modeswitch-data-20150115/usb_modeswitch.d/0408:1000
usb-modeswitch-data-20150115/usb_modeswitch.d/0af0:7901
usb-modeswitch-data-20150115/usb_modeswitch.d/1004:614e
usb-modeswitch-data-20150115/usb_modeswitch.d/16d8:f000
usb-modeswitch-data-20150115/usb_modeswitch.d/12d1:14b7
usb-modeswitch-data-20150115/usb_modeswitch.d/0471:1237
usb-modeswitch-data-20150115/usb_modeswitch.d/1410:5020
usb-modeswitch-data-20150115/usb_modeswitch.d/12d1:14b5
usb-modeswitch-data-20150115/usb_modeswitch.d/19d2:1588
usb-modeswitch-data-20150115/usb_modeswitch.d/05c6:6503
usb-modeswitch-data-20150115/usb_modeswitch.d/12d1:14c5
usb-modeswitch-data-20150115/usb_modeswitch.d/0af0:7601
usb-modeswitch-data-20150115/usb_modeswitch.d/1004:6190
usb-modeswitch-data-20150115/usb_modeswitch.d/1726:f00e
usb-modeswitch-data-20150115/usb_modeswitch.d/106c:3b06
usb-modeswitch-data-20150115/usb_modeswitch.d/0421:060c
usb-modeswitch-data-20150115/usb_modeswitch.d/19d2:1038
usb-modeswitch-data-20150115/usb_modeswitch.d/0ace:2011
usb-modeswitch-data-20150115/usb_modeswitch.d/19d2:0149
usb-modeswitch-data-20150115/usb_modeswitch.d/1410:5023
usb-modeswitch-data-20150115/usb_modeswitch.d/12d1:1c24
usb-modeswitch-data-20150115/usb_modeswitch.d/0af0:7071
usb-modeswitch-data-20150115/usb_modeswitch.d/19d2:0150
usb-modeswitch-data-20150115/usb_modeswitch.d/1c9e:9800
usb-modeswitch-data-20150115/usb_modeswitch.d/1ee8:0063
usb-modeswitch-data-20150115/usb_modeswitch.d/1d09:1000
usb-modeswitch-data-20150115/usb_modeswitch.d/12d1:1f17
usb-modeswitch-data-20150115/usb_modeswitch.d/19d2:1536
usb-modeswitch-data-20150115/usb_modeswitch.d/1004:613f
usb-modeswitch-data-20150115/usb_modeswitch.d/12d1:156a
usb-modeswitch-data-20150115/usb_modeswitch.d/0af0:d157
usb-modeswitch-data-20150115/usb_modeswitch.d/106c:3b11
usb-modeswitch-data-20150115/usb_modeswitch.d/12d1:#android
usb-modeswitch-data-20150115/usb_modeswitch.d/1d09:1025
usb-modeswitch-data-20150115/usb_modeswitch.d/0af0:8304
usb-modeswitch-data-20150115/usb_modeswitch.d/19d2:1207
usb-modeswitch-data-20150115/usb_modeswitch.d/0af0:7051
usb-modeswitch-data-20150115/usb_modeswitch.d/19d2:1013
usb-modeswitch-data-20150115/usb_modeswitch.d/1c9e:f000
usb-modeswitch-data-20150115/usb_modeswitch.d/16d8:700b
usb-modeswitch-data-20150115/usb_modeswitch.d/19d2:1542
usb-modeswitch-data-20150115/usb_modeswitch.d/1614:0802
usb-modeswitch-data-20150115/usb_modeswitch.d/0af0:7381
usb-modeswitch-data-20150115/usb_modeswitch.d/2001:a805
usb-modeswitch-data-20150115/usb_modeswitch.d/230d:0101
usb-modeswitch-data-20150115/usb_modeswitch.d/1de1:1101
usb-modeswitch-data-20150115/usb_modeswitch.d/05c6:1000:uMa=DGT
usb-modeswitch-data-20150115/usb_modeswitch.d/0421:0637
usb-modeswitch-data-20150115/usb_modeswitch.d/148e:a000
usb-modeswitch-data-20150115/usb_modeswitch.d/0b3c:f00c
usb-modeswitch-data-20150115/usb_modeswitch.d/1e0e:f000
usb-modeswitch-data-20150115/usb_modeswitch.d/0d46:45a1
usb-modeswitch-data-20150115/usb_modeswitch.d/12d1:151a
usb-modeswitch-data-20150115/usb_modeswitch.d/2020:f00e
usb-modeswitch-data-20150115/usb_modeswitch.d/0fd1:1000
usb-modeswitch-data-20150115/usb_modeswitch.d/2077:f000
usb-modeswitch-data-20150115/usb_modeswitch.d/0685:2000
usb-modeswitch-data-20150115/usb_modeswitch.d/1410:5041
usb-modeswitch-data-20150115/usb_modeswitch.d/1fac:0151
usb-modeswitch-data-20150115/usb_modeswitch.d/12d1:14c1
usb-modeswitch-data-20150115/usb_modeswitch.d/0af0:d031
usb-modeswitch-data-20150115/usb_modeswitch.d/19d2:2000
usb-modeswitch-data-20150115/usb_modeswitch.d/198f:bccd
usb-modeswitch-data-20150115/usb_modeswitch.d/12d1:1446
usb-modeswitch-data-20150115/usb_modeswitch.d/106c:3b05
usb-modeswitch-data-20150115/usb_modeswitch.d/0af0:6731
usb-modeswitch-data-20150115/usb_modeswitch.d/0af0:6711
usb-modeswitch-data-20150115/usb_modeswitch.d/19d2:1030
usb-modeswitch-data-20150115/usb_modeswitch.d/0bdb:1910
usb-modeswitch-data-20150115/usb_modeswitch.d/0af0:d257
usb-modeswitch-data-20150115/usb_modeswitch.d/0af0:7701
usb-modeswitch-data-20150115/usb_modeswitch.d/2001:98ff
usb-modeswitch-data-20150115/usb_modeswitch.d/0af0:6911
usb-modeswitch-data-20150115/usb_modeswitch.d/201e:1023
usb-modeswitch-data-20150115/usb_modeswitch.d/12d1:1003
usb-modeswitch-data-20150115/usb_modeswitch.d/1004:6156
usb-modeswitch-data-20150115/usb_modeswitch.d/04cc:225c
usb-modeswitch-data-20150115/usb_modeswitch.d/2001:00a6
usb-modeswitch-data-20150115/usb_modeswitch.d/2001:a405
usb-modeswitch-data-20150115/usb_modeswitch.d/257a:c000
usb-modeswitch-data-20150115/usb_modeswitch.d/15eb:7153
usb-modeswitch-data-20150115/usb_modeswitch.d/12d1:14fe
usb-modeswitch-data-20150115/usb_modeswitch.d/0e8d:0002:uPr=MT
usb-modeswitch-data-20150115/usb_modeswitch.d/19d2:fff5
usb-modeswitch-data-20150115/usb_modeswitch.d/201e:2009
usb-modeswitch-data-20150115/usb_modeswitch.d/1c9e:9200
usb-modeswitch-data-20150115/usb_modeswitch.d/12d1:1f1d
usb-modeswitch-data-20150115/usb_modeswitch.d/0af0:d001
usb-modeswitch-data-20150115/usb_modeswitch.d/1bbb:011f
usb-modeswitch-data-20150115/usb_modeswitch.d/0af0:7211
usb-modeswitch-data-20150115/usb_modeswitch.d/19d2:0103
usb-modeswitch-data-20150115/usb_modeswitch.d/2001:a708
usb-modeswitch-data-20150115/usb_modeswitch.d/05c6:1000:uMa=StrongRising
usb-modeswitch-data-20150115/usb_modeswitch.d/12d1:#linux
usb-modeswitch-data-20150115/usb_modeswitch.d/0af0:d357
usb-modeswitch-data-20150115/usb_modeswitch.d/05c6:1000:uMa=Co.,Ltd
usb-modeswitch-data-20150115/usb_modeswitch.d/12d1:1f1b
usb-modeswitch-data-20150115/gen-rules.tcl
usb-modeswitch-data-20150115/ChangeLog
usb-modeswitch-data-20150115/REFERENCE
usb-modeswitch-data-20150115/Makefile
usb-modeswitch-data-20150115/COPYING
make: Nothing to be done for `all'.
install -d /mnt/sda6/00_new-woof/petbuilds-slacko-32/builds/usb-modeswitch-data/usb-modeswitch-data-install/usr/share/usb_modeswitch
install -d /mnt/sda6/00_new-woof/petbuilds-slacko-32/builds/usb-modeswitch-data/usb-modeswitch-data-install/etc/usb_modeswitch.d
install -D --mode=644 40-usb_modeswitch.rules /mnt/sda6/00_new-woof/petbuilds-slacko-32/builds/usb-modeswitch-data/usb-modeswitch-data-install/lib/udev/rules.d/40-usb_modeswitch.rules
install --mode=644 -t /mnt/sda6/00_new-woof/petbuilds-slacko-32/builds/usb-modeswitch-data/usb-modeswitch-data-install/usr/share/usb_modeswitch ./usb_modeswitch.d/*
/mnt/sda6/00_new-woof/petbuilds-slacko-32/builds/usb-modeswitch-data
Processing ../usb-modeswitch-data-install/etc/usb_modeswitch.d
Processing ../usb-modeswitch-data-install/lib/udev/rules.d/40-usb_modeswitch.rules
Processing ../usb-modeswitch-data-install/usr/share/usb_modeswitch/03f0:002a
Processing ../usb-modeswitch-data-install/usr/share/usb_modeswitch/0408:1000
Processing ../usb-modeswitch-data-install/usr/share/usb_modeswitch/0408:ea17
Processing ../usb-modeswitch-data-install/usr/share/usb_modeswitch/0408:ea25
Processing ../usb-modeswitch-data-install/usr/share/usb_modeswitch/0408:ea43
Processing ../usb-modeswitch-data-install/usr/share/usb_modeswitch/0408:f000
Processing ../usb-modeswitch-data-install/usr/share/usb_modeswitch/0408:f001
Processing ../usb-modeswitch-data-install/usr/share/usb_modeswitch/0421:060c
Processing ../usb-modeswitch-data-install/usr/share/usb_modeswitch/0421:0610
Processing ../usb-modeswitch-data-install/usr/share/usb_modeswitch/0421:0618
Processing ../usb-modeswitch-data-install/usr/share/usb_modeswitch/0421:061d
Processing ../usb-modeswitch-data-install/usr/share/usb_modeswitch/0421:0622
Processing ../usb-modeswitch-data-install/usr/share/usb_modeswitch/0421:0627
Processing ../usb-modeswitch-data-install/usr/share/usb_modeswitch/0421:062c
Processing ../usb-modeswitch-data-install/usr/share/usb_modeswitch/0421:0632
Processing ../usb-modeswitch-data-install/usr/share/usb_modeswitch/0421:0637
Processing ../usb-modeswitch-data-install/usr/share/usb_modeswitch/0471:1210:uMa=Philips
Processing ../usb-modeswitch-data-install/usr/share/usb_modeswitch/0471:1210:uMa=Wisue
Processing ../usb-modeswitch-data-install/usr/share/usb_modeswitch/0471:1237
Processing ../usb-modeswitch-data-install/usr/share/usb_modeswitch/0482:024d
Processing ../usb-modeswitch-data-install/usr/share/usb_modeswitch/04bb:bccd
Processing ../usb-modeswitch-data-install/usr/share/usb_modeswitch/04cc:2251
Processing ../usb-modeswitch-data-install/usr/share/usb_modeswitch/04cc:225c
Processing ../usb-modeswitch-data-install/usr/share/usb_modeswitch/04cc:226e
Processing ../usb-modeswitch-data-install/usr/share/usb_modeswitch/04cc:226f
Processing ../usb-modeswitch-data-install/usr/share/usb_modeswitch/04e8:680c
Processing ../usb-modeswitch-data-install/usr/share/usb_modeswitch/04e8:689a
Processing ../usb-modeswitch-data-install/usr/share/usb_modeswitch/04e8:f000:sMo=U209
Processing ../usb-modeswitch-data-install/usr/share/usb_modeswitch/04fc:2140
Processing ../usb-modeswitch-data-install/usr/share/usb_modeswitch/057c:62ff
Processing ../usb-modeswitch-data-install/usr/share/usb_modeswitch/057c:84ff
Processing ../usb-modeswitch-data-install/usr/share/usb_modeswitch/05c6:0010
Processing ../usb-modeswitch-data-install/usr/share/usb_modeswitch/05c6:1000:sVe=GT
Processing ../usb-modeswitch-data-install/usr/share/usb_modeswitch/05c6:1000:sVe=Option
Processing ../usb-modeswitch-data-install/usr/share/usb_modeswitch/05c6:1000:uMa=AnyDATA
Processing ../usb-modeswitch-data-install/usr/share/usb_modeswitch/05c6:1000:uMa=CELOT
Processing ../usb-modeswitch-data-install/usr/share/usb_modeswitch/05c6:1000:uMa=Co.,Ltd
Processing ../usb-modeswitch-data-install/usr/share/usb_modeswitch/05c6:1000:uMa=DGT
Processing ../usb-modeswitch-data-install/usr/share/usb_modeswitch/05c6:1000:uMa=Option
Processing ../usb-modeswitch-data-install/usr/share/usb_modeswitch/05c6:1000:uMa=SAMSUNG
Processing ../usb-modeswitch-data-install/usr/share/usb_modeswitch/05c6:1000:uMa=SSE
Processing ../usb-modeswitch-data-install/usr/share/usb_modeswitch/05c6:1000:uMa=StrongRising
Processing ../usb-modeswitch-data-install/usr/share/usb_modeswitch/05c6:1000:uMa=Vertex
Processing ../usb-modeswitch-data-install/usr/share/usb_modeswitch/05c6:2000
Processing ../usb-modeswitch-data-install/usr/share/usb_modeswitch/05c6:2001
Processing ../usb-modeswitch-data-install/usr/share/usb_modeswitch/05c6:6503
Processing ../usb-modeswitch-data-install/usr/share/usb_modeswitch/05c6:9024
Processing ../usb-modeswitch-data-install/usr/share/usb_modeswitch/05c6:f000
Processing ../usb-modeswitch-data-install/usr/share/usb_modeswitch/05c7:1000
Processing ../usb-modeswitch-data-install/usr/share/usb_modeswitch/0685:2000
Processing ../usb-modeswitch-data-install/usr/share/usb_modeswitch/072f:100d
Processing ../usb-modeswitch-data-install/usr/share/usb_modeswitch/07d1:a800
Processing ../usb-modeswitch-data-install/usr/share/usb_modeswitch/07d1:a804
Processing ../usb-modeswitch-data-install/usr/share/usb_modeswitch/0922:1001
Processing ../usb-modeswitch-data-install/usr/share/usb_modeswitch/0930:0d46
Processing ../usb-modeswitch-data-install/usr/share/usb_modeswitch/0ace:2011
Processing ../usb-modeswitch-data-install/usr/share/usb_modeswitch/0ace:20ff
Processing ../usb-modeswitch-data-install/usr/share/usb_modeswitch/0af0:4007
Processing ../usb-modeswitch-data-install/usr/share/usb_modeswitch/0af0:6711
Processing ../usb-modeswitch-data-install/usr/share/usb_modeswitch/0af0:6731
Processing ../usb-modeswitch-data-install/usr/share/usb_modeswitch/0af0:6751
Processing ../usb-modeswitch-data-install/usr/share/usb_modeswitch/0af0:6771
Processing ../usb-modeswitch-data-install/usr/share/usb_modeswitch/0af0:6791
Processing ../usb-modeswitch-data-install/usr/share/usb_modeswitch/0af0:6811
Processing ../usb-modeswitch-data-install/usr/share/usb_modeswitch/0af0:6911
Processing ../usb-modeswitch-data-install/usr/share/usb_modeswitch/0af0:6951
Processing ../usb-modeswitch-data-install/usr/share/usb_modeswitch/0af0:6971
Processing ../usb-modeswitch-data-install/usr/share/usb_modeswitch/0af0:7011
Processing ../usb-modeswitch-data-install/usr/share/usb_modeswitch/0af0:7031
Processing ../usb-modeswitch-data-install/usr/share/usb_modeswitch/0af0:7051
Processing ../usb-modeswitch-data-install/usr/share/usb_modeswitch/0af0:7071
Processing ../usb-modeswitch-data-install/usr/share/usb_modeswitch/0af0:7111
Processing ../usb-modeswitch-data-install/usr/share/usb_modeswitch/0af0:7211
Processing ../usb-modeswitch-data-install/usr/share/usb_modeswitch/0af0:7251
Processing ../usb-modeswitch-data-install/usr/share/usb_modeswitch/0af0:7271
Processing ../usb-modeswitch-data-install/usr/share/usb_modeswitch/0af0:7301
Processing ../usb-modeswitch-data-install/usr/share/usb_modeswitch/0af0:7311
Processing ../usb-modeswitch-data-install/usr/share/usb_modeswitch/0af0:7361
Processing ../usb-modeswitch-data-install/usr/share/usb_modeswitch/0af0:7381
Processing ../usb-modeswitch-data-install/usr/share/usb_modeswitch/0af0:7401
Processing ../usb-modeswitch-data-install/usr/share/usb_modeswitch/0af0:7501
Processing ../usb-modeswitch-data-install/usr/share/usb_modeswitch/0af0:7601
Processing ../usb-modeswitch-data-install/usr/share/usb_modeswitch/0af0:7701
Processing ../usb-modeswitch-data-install/usr/share/usb_modeswitch/0af0:7706
Processing ../usb-modeswitch-data-install/usr/share/usb_modeswitch/0af0:7801
Processing ../usb-modeswitch-data-install/usr/share/usb_modeswitch/0af0:7901
Processing ../usb-modeswitch-data-install/usr/share/usb_modeswitch/0af0:7a01
Processing ../usb-modeswitch-data-install/usr/share/usb_modeswitch/0af0:7a05
Processing ../usb-modeswitch-data-install/usr/share/usb_modeswitch/0af0:8006
Processing ../usb-modeswitch-data-install/usr/share/usb_modeswitch/0af0:8200
Processing ../usb-modeswitch-data-install/usr/share/usb_modeswitch/0af0:8201
Processing ../usb-modeswitch-data-install/usr/share/usb_modeswitch/0af0:8300
Processing ../usb-modeswitch-data-install/usr/share/usb_modeswitch/0af0:8302
Processing ../usb-modeswitch-data-install/usr/share/usb_modeswitch/0af0:8304
Processing ../usb-modeswitch-data-install/usr/share/usb_modeswitch/0af0:8400
Processing ../usb-modeswitch-data-install/usr/share/usb_modeswitch/0af0:8600
Processing ../usb-modeswitch-data-install/usr/share/usb_modeswitch/0af0:8700
Processing ../usb-modeswitch-data-install/usr/share/usb_modeswitch/0af0:8800
Processing ../usb-modeswitch-data-install/usr/share/usb_modeswitch/0af0:8900
Processing ../usb-modeswitch-data-install/usr/share/usb_modeswitch/0af0:9000
Processing ../usb-modeswitch-data-install/usr/share/usb_modeswitch/0af0:9200
Processing ../usb-modeswitch-data-install/usr/share/usb_modeswitch/0af0:c031
Processing ../usb-modeswitch-data-install/usr/share/usb_modeswitch/0af0:c100
Processing ../usb-modeswitch-data-install/usr/share/usb_modeswitch/0af0:d001
Processing ../usb-modeswitch-data-install/usr/share/usb_modeswitch/0af0:d013
Processing ../usb-modeswitch-data-install/usr/share/usb_modeswitch/0af0:d031
Processing ../usb-modeswitch-data-install/usr/share/usb_modeswitch/0af0:d033
Processing ../usb-modeswitch-data-install/usr/share/usb_modeswitch/0af0:d035
Processing ../usb-modeswitch-data-install/usr/share/usb_modeswitch/0af0:d055
Processing ../usb-modeswitch-data-install/usr/share/usb_modeswitch/0af0:d057
Processing ../usb-modeswitch-data-install/usr/share/usb_modeswitch/0af0:d058
Processing ../usb-modeswitch-data-install/usr/share/usb_modeswitch/0af0:d155
Processing ../usb-modeswitch-data-install/usr/share/usb_modeswitch/0af0:d157
Processing ../usb-modeswitch-data-install/usr/share/usb_modeswitch/0af0:d255
Processing ../usb-modeswitch-data-install/usr/share/usb_modeswitch/0af0:d257
Processing ../usb-modeswitch-data-install/usr/share/usb_modeswitch/0af0:d357
Processing ../usb-modeswitch-data-install/usr/share/usb_modeswitch/0b3c:c700
Processing ../usb-modeswitch-data-install/usr/share/usb_modeswitch/0b3c:f000
Processing ../usb-modeswitch-data-install/usr/share/usb_modeswitch/0b3c:f00c
Processing ../usb-modeswitch-data-install/usr/share/usb_modeswitch/0b3c:f017
Processing ../usb-modeswitch-data-install/usr/share/usb_modeswitch/0bdb:190d
Processing ../usb-modeswitch-data-install/usr/share/usb_modeswitch/0bdb:1910
Processing ../usb-modeswitch-data-install/usr/share/usb_modeswitch/0cf3:20ff
Processing ../usb-modeswitch-data-install/usr/share/usb_modeswitch/0d46:45a1
Processing ../usb-modeswitch-data-install/usr/share/usb_modeswitch/0d46:45a5
Processing ../usb-modeswitch-data-install/usr/share/usb_modeswitch/0df7:0800
Processing ../usb-modeswitch-data-install/usr/share/usb_modeswitch/0e8d:0002:uPr=MT
Processing ../usb-modeswitch-data-install/usr/share/usb_modeswitch/0e8d:7109
Processing ../usb-modeswitch-data-install/usr/share/usb_modeswitch/0fca:8020
Processing ../usb-modeswitch-data-install/usr/share/usb_modeswitch/0fce:d0cf
Processing ../usb-modeswitch-data-install/usr/share/usb_modeswitch/0fce:d0df
Processing ../usb-modeswitch-data-install/usr/share/usb_modeswitch/0fce:d0e1
Processing ../usb-modeswitch-data-install/usr/share/usb_modeswitch/0fce:d103
Processing ../usb-modeswitch-data-install/usr/share/usb_modeswitch/0fd1:1000
Processing ../usb-modeswitch-data-install/usr/share/usb_modeswitch/1004:1000
Processing ../usb-modeswitch-data-install/usr/share/usb_modeswitch/1004:607f
Processing ../usb-modeswitch-data-install/usr/share/usb_modeswitch/1004:613a
Processing ../usb-modeswitch-data-install/usr/share/usb_modeswitch/1004:613f
Processing ../usb-modeswitch-data-install/usr/share/usb_modeswitch/1004:614e
Processing ../usb-modeswitch-data-install/usr/share/usb_modeswitch/1004:6156
Processing ../usb-modeswitch-data-install/usr/share/usb_modeswitch/1004:6190
Processing ../usb-modeswitch-data-install/usr/share/usb_modeswitch/1004:61aa
Processing ../usb-modeswitch-data-install/usr/share/usb_modeswitch/1004:61dd
Processing ../usb-modeswitch-data-install/usr/share/usb_modeswitch/1004:61e7
Processing ../usb-modeswitch-data-install/usr/share/usb_modeswitch/1004:61eb
Processing ../usb-modeswitch-data-install/usr/share/usb_modeswitch/1004:6327
Processing ../usb-modeswitch-data-install/usr/share/usb_modeswitch/1033:0035
Processing ../usb-modeswitch-data-install/usr/share/usb_modeswitch/106c:3b03
Processing ../usb-modeswitch-data-install/usr/share/usb_modeswitch/106c:3b05
Processing ../usb-modeswitch-data-install/usr/share/usb_modeswitch/106c:3b06
Processing ../usb-modeswitch-data-install/usr/share/usb_modeswitch/106c:3b11
Processing ../usb-modeswitch-data-install/usr/share/usb_modeswitch/106c:3b14
Processing ../usb-modeswitch-data-install/usr/share/usb_modeswitch/1076:7f40
Processing ../usb-modeswitch-data-install/usr/share/usb_modeswitch/109b:f009
Processing ../usb-modeswitch-data-install/usr/share/usb_modeswitch/10a9:6080
Processing ../usb-modeswitch-data-install/usr/share/usb_modeswitch/1199:0fff
Processing ../usb-modeswitch-data-install/usr/share/usb_modeswitch/1266:1000
Processing ../usb-modeswitch-data-install/usr/share/usb_modeswitch/12d1:1001
Processing ../usb-modeswitch-data-install/usr/share/usb_modeswitch/12d1:1003
Processing ../usb-modeswitch-data-install/usr/share/usb_modeswitch/12d1:1009
Processing ../usb-modeswitch-data-install/usr/share/usb_modeswitch/12d1:1010
Processing ../usb-modeswitch-data-install/usr/share/usb_modeswitch/12d1:101e
Processing ../usb-modeswitch-data-install/usr/share/usb_modeswitch/12d1:1030
Processing ../usb-modeswitch-data-install/usr/share/usb_modeswitch/12d1:1031
Processing ../usb-modeswitch-data-install/usr/share/usb_modeswitch/12d1:1413
Processing ../usb-modeswitch-data-install/usr/share/usb_modeswitch/12d1:1414
Processing ../usb-modeswitch-data-install/usr/share/usb_modeswitch/12d1:1446
Processing ../usb-modeswitch-data-install/usr/share/usb_modeswitch/12d1:1449
Processing ../usb-modeswitch-data-install/usr/share/usb_modeswitch/12d1:14ad
Processing ../usb-modeswitch-data-install/usr/share/usb_modeswitch/12d1:14b5
Processing ../usb-modeswitch-data-install/usr/share/usb_modeswitch/12d1:14b7
Processing ../usb-modeswitch-data-install/usr/share/usb_modeswitch/12d1:14ba
Processing ../usb-modeswitch-data-install/usr/share/usb_modeswitch/12d1:14c1
Processing ../usb-modeswitch-data-install/usr/share/usb_modeswitch/12d1:14c3
Processing ../usb-modeswitch-data-install/usr/share/usb_modeswitch/12d1:14c4
Processing ../usb-modeswitch-data-install/usr/share/usb_modeswitch/12d1:14c5
Processing ../usb-modeswitch-data-install/usr/share/usb_modeswitch/12d1:14d1
Processing ../usb-modeswitch-data-install/usr/share/usb_modeswitch/12d1:14fe
Processing ../usb-modeswitch-data-install/usr/share/usb_modeswitch/12d1:1505
Processing ../usb-modeswitch-data-install/usr/share/usb_modeswitch/12d1:151a
Processing ../usb-modeswitch-data-install/usr/share/usb_modeswitch/12d1:1520
Processing ../usb-modeswitch-data-install/usr/share/usb_modeswitch/12d1:1521
Processing ../usb-modeswitch-data-install/usr/share/usb_modeswitch/12d1:1523
Processing ../usb-modeswitch-data-install/usr/share/usb_modeswitch/12d1:1526
Processing ../usb-modeswitch-data-install/usr/share/usb_modeswitch/12d1:1553
Processing ../usb-modeswitch-data-install/usr/share/usb_modeswitch/12d1:1557
Processing ../usb-modeswitch-data-install/usr/share/usb_modeswitch/12d1:155b
Processing ../usb-modeswitch-data-install/usr/share/usb_modeswitch/12d1:156a
Processing ../usb-modeswitch-data-install/usr/share/usb_modeswitch/12d1:157c
Processing ../usb-modeswitch-data-install/usr/share/usb_modeswitch/12d1:157d
Processing ../usb-modeswitch-data-install/usr/share/usb_modeswitch/12d1:1583
Processing ../usb-modeswitch-data-install/usr/share/usb_modeswitch/12d1:15ca
Processing ../usb-modeswitch-data-install/usr/share/usb_modeswitch/12d1:15e7
Processing ../usb-modeswitch-data-install/usr/share/usb_modeswitch/12d1:1805
Processing ../usb-modeswitch-data-install/usr/share/usb_modeswitch/12d1:1c0b
Processing ../usb-modeswitch-data-install/usr/share/usb_modeswitch/12d1:1c1b
Processing ../usb-modeswitch-data-install/usr/share/usb_modeswitch/12d1:1c24
Processing ../usb-modeswitch-data-install/usr/share/usb_modeswitch/12d1:1d50
Processing ../usb-modeswitch-data-install/usr/share/usb_modeswitch/12d1:1da1
Processing ../usb-modeswitch-data-install/usr/share/usb_modeswitch/12d1:1f01
Processing ../usb-modeswitch-data-install/usr/share/usb_modeswitch/12d1:1f03
Processing ../usb-modeswitch-data-install/usr/share/usb_modeswitch/12d1:1f11
Processing ../usb-modeswitch-data-install/usr/share/usb_modeswitch/12d1:1f15
Processing ../usb-modeswitch-data-install/usr/share/usb_modeswitch/12d1:1f16
Processing ../usb-modeswitch-data-install/usr/share/usb_modeswitch/12d1:1f17
Processing ../usb-modeswitch-data-install/usr/share/usb_modeswitch/12d1:1f18
Processing ../usb-modeswitch-data-install/usr/share/usb_modeswitch/12d1:1f19
Processing ../usb-modeswitch-data-install/usr/share/usb_modeswitch/12d1:1f1b
Processing ../usb-modeswitch-data-install/usr/share/usb_modeswitch/12d1:1f1c
Processing ../usb-modeswitch-data-install/usr/share/usb_modeswitch/12d1:1f1d
Processing ../usb-modeswitch-data-install/usr/share/usb_modeswitch/12d1:1f1e
Processing ../usb-modeswitch-data-install/usr/share/usb_modeswitch/12d1:380b
Processing ../usb-modeswitch-data-install/usr/share/usb_modeswitch/12d1:#android
Processing ../usb-modeswitch-data-install/usr/share/usb_modeswitch/12d1:#linux
Processing ../usb-modeswitch-data-install/usr/share/usb_modeswitch/1307:1169
Processing ../usb-modeswitch-data-install/usr/share/usb_modeswitch/1410:5010
Processing ../usb-modeswitch-data-install/usr/share/usb_modeswitch/1410:5020
Processing ../usb-modeswitch-data-install/usr/share/usb_modeswitch/1410:5023
Processing ../usb-modeswitch-data-install/usr/share/usb_modeswitch/1410:5030
Processing ../usb-modeswitch-data-install/usr/share/usb_modeswitch/1410:5031
Processing ../usb-modeswitch-data-install/usr/share/usb_modeswitch/1410:5041
Processing ../usb-modeswitch-data-install/usr/share/usb_modeswitch/1410:5055
Processing ../usb-modeswitch-data-install/usr/share/usb_modeswitch/1410:5059
Processing ../usb-modeswitch-data-install/usr/share/usb_modeswitch/1410:7001
Processing ../usb-modeswitch-data-install/usr/share/usb_modeswitch/148e:a000
Processing ../usb-modeswitch-data-install/usr/share/usb_modeswitch/148f:2578
Processing ../usb-modeswitch-data-install/usr/share/usb_modeswitch/15eb:7153
Processing ../usb-modeswitch-data-install/usr/share/usb_modeswitch/1614:0800
Processing ../usb-modeswitch-data-install/usr/share/usb_modeswitch/1614:0802
Processing ../usb-modeswitch-data-install/usr/share/usb_modeswitch/16d8:6281
Processing ../usb-modeswitch-data-install/usr/share/usb_modeswitch/16d8:6803
Processing ../usb-modeswitch-data-install/usr/share/usb_modeswitch/16d8:6804
Processing ../usb-modeswitch-data-install/usr/share/usb_modeswitch/16d8:700a
Processing ../usb-modeswitch-data-install/usr/share/usb_modeswitch/16d8:700b
Processing ../usb-modeswitch-data-install/usr/share/usb_modeswitch/16d8:f000
Processing ../usb-modeswitch-data-install/usr/share/usb_modeswitch/1726:f00e
Processing ../usb-modeswitch-data-install/usr/share/usb_modeswitch/198a:0003
Processing ../usb-modeswitch-data-install/usr/share/usb_modeswitch/198f:bccd
Processing ../usb-modeswitch-data-install/usr/share/usb_modeswitch/19d2:0003
Processing ../usb-modeswitch-data-install/usr/share/usb_modeswitch/19d2:0026
Processing ../usb-modeswitch-data-install/usr/share/usb_modeswitch/19d2:0040
Processing ../usb-modeswitch-data-install/usr/share/usb_modeswitch/19d2:0053
Processing ../usb-modeswitch-data-install/usr/share/usb_modeswitch/19d2:0083:uPr=WCDMA
Processing ../usb-modeswitch-data-install/usr/share/usb_modeswitch/19d2:0101
Processing ../usb-modeswitch-data-install/usr/share/usb_modeswitch/19d2:0103
Processing ../usb-modeswitch-data-install/usr/share/usb_modeswitch/19d2:0110
Processing ../usb-modeswitch-data-install/usr/share/usb_modeswitch/19d2:0115
Processing ../usb-modeswitch-data-install/usr/share/usb_modeswitch/19d2:0120
Processing ../usb-modeswitch-data-install/usr/share/usb_modeswitch/19d2:0146
Processing ../usb-modeswitch-data-install/usr/share/usb_modeswitch/19d2:0149
Processing ../usb-modeswitch-data-install/usr/share/usb_modeswitch/19d2:0150
Processing ../usb-modeswitch-data-install/usr/share/usb_modeswitch/19d2:0154
Processing ../usb-modeswitch-data-install/usr/share/usb_modeswitch/19d2:0166
Processing ../usb-modeswitch-data-install/usr/share/usb_modeswitch/19d2:0169
Processing ../usb-modeswitch-data-install/usr/share/usb_modeswitch/19d2:0266
Processing ../usb-modeswitch-data-install/usr/share/usb_modeswitch/19d2:0304
Processing ../usb-modeswitch-data-install/usr/share/usb_modeswitch/19d2:0318
Processing ../usb-modeswitch-data-install/usr/share/usb_modeswitch/19d2:0325
Processing ../usb-modeswitch-data-install/usr/share/usb_modeswitch/19d2:0413
Processing ../usb-modeswitch-data-install/usr/share/usb_modeswitch/19d2:1001
Processing ../usb-modeswitch-data-install/usr/share/usb_modeswitch/19d2:1007
Processing ../usb-modeswitch-data-install/usr/share/usb_modeswitch/19d2:1009
Processing ../usb-modeswitch-data-install/usr/share/usb_modeswitch/19d2:1013
Processing ../usb-modeswitch-data-install/usr/share/usb_modeswitch/19d2:1017
Processing ../usb-modeswitch-data-install/usr/share/usb_modeswitch/19d2:1030
Processing ../usb-modeswitch-data-install/usr/share/usb_modeswitch/19d2:1038
Processing ../usb-modeswitch-data-install/usr/share/usb_modeswitch/19d2:1171
Processing ../usb-modeswitch-data-install/usr/share/usb_modeswitch/19d2:1175
Processing ../usb-modeswitch-data-install/usr/share/usb_modeswitch/19d2:1179
Processing ../usb-modeswitch-data-install/usr/share/usb_modeswitch/19d2:1201
Processing ../usb-modeswitch-data-install/usr/share/usb_modeswitch/19d2:1207
Processing ../usb-modeswitch-data-install/usr/share/usb_modeswitch/19d2:1210
Processing ../usb-modeswitch-data-install/usr/share/usb_modeswitch/19d2:1216
Processing ../usb-modeswitch-data-install/usr/share/usb_modeswitch/19d2:1219
Processing ../usb-modeswitch-data-install/usr/share/usb_modeswitch/19d2:1224
Processing ../usb-modeswitch-data-install/usr/share/usb_modeswitch/19d2:1225
Processing ../usb-modeswitch-data-install/usr/share/usb_modeswitch/19d2:1227
Processing ../usb-modeswitch-data-install/usr/share/usb_modeswitch/19d2:1232
Processing ../usb-modeswitch-data-install/usr/share/usb_modeswitch/19d2:1233
Processing ../usb-modeswitch-data-install/usr/share/usb_modeswitch/19d2:1237
Processing ../usb-modeswitch-data-install/usr/share/usb_modeswitch/19d2:1238
Processing ../usb-modeswitch-data-install/usr/share/usb_modeswitch/19d2:1420
Processing ../usb-modeswitch-data-install/usr/share/usb_modeswitch/19d2:1511
Processing ../usb-modeswitch-data-install/usr/share/usb_modeswitch/19d2:1514
Processing ../usb-modeswitch-data-install/usr/share/usb_modeswitch/19d2:1517
Processing ../usb-modeswitch-data-install/usr/share/usb_modeswitch/19d2:1520
Processing ../usb-modeswitch-data-install/usr/share/usb_modeswitch/19d2:1523
Processing ../usb-modeswitch-data-install/usr/share/usb_modeswitch/19d2:1528
Processing ../usb-modeswitch-data-install/usr/share/usb_modeswitch/19d2:1536
Processing ../usb-modeswitch-data-install/usr/share/usb_modeswitch/19d2:1542
Processing ../usb-modeswitch-data-install/usr/share/usb_modeswitch/19d2:1588
Processing ../usb-modeswitch-data-install/usr/share/usb_modeswitch/19d2:2000
Processing ../usb-modeswitch-data-install/usr/share/usb_modeswitch/19d2:2004
Processing ../usb-modeswitch-data-install/usr/share/usb_modeswitch/19d2:bccd
Processing ../usb-modeswitch-data-install/usr/share/usb_modeswitch/19d2:ffde
Processing ../usb-modeswitch-data-install/usr/share/usb_modeswitch/19d2:ffe6
Processing ../usb-modeswitch-data-install/usr/share/usb_modeswitch/19d2:fff5
Processing ../usb-modeswitch-data-install/usr/share/usb_modeswitch/19d2:fff6
Processing ../usb-modeswitch-data-install/usr/share/usb_modeswitch/1a8d:1000
Processing ../usb-modeswitch-data-install/usr/share/usb_modeswitch/1a8d:2000
Processing ../usb-modeswitch-data-install/usr/share/usb_modeswitch/1ab7:5700
Processing ../usb-modeswitch-data-install/usr/share/usb_modeswitch/1b7d:0700
Processing ../usb-modeswitch-data-install/usr/share/usb_modeswitch/1bbb:000f
Processing ../usb-modeswitch-data-install/usr/share/usb_modeswitch/1bbb:00ca
Processing ../usb-modeswitch-data-install/usr/share/usb_modeswitch/1bbb:011f
Processing ../usb-modeswitch-data-install/usr/share/usb_modeswitch/1bbb:022c
Processing ../usb-modeswitch-data-install/usr/share/usb_modeswitch/1bbb:f000
Processing ../usb-modeswitch-data-install/usr/share/usb_modeswitch/1bbb:f017
Processing ../usb-modeswitch-data-install/usr/share/usb_modeswitch/1bbb:f052
Processing ../usb-modeswitch-data-install/usr/share/usb_modeswitch/1c9e:1001
Processing ../usb-modeswitch-data-install/usr/share/usb_modeswitch/1c9e:6000
Processing ../usb-modeswitch-data-install/usr/share/usb_modeswitch/1c9e:6061:uPr=Storage
Processing ../usb-modeswitch-data-install/usr/share/usb_modeswitch/1c9e:9101
Processing ../usb-modeswitch-data-install/usr/share/usb_modeswitch/1c9e:9200
Processing ../usb-modeswitch-data-install/usr/share/usb_modeswitch/1c9e:9401
Processing ../usb-modeswitch-data-install/usr/share/usb_modeswitch/1c9e:9800
Processing ../usb-modeswitch-data-install/usr/share/usb_modeswitch/1c9e:98ff
Processing ../usb-modeswitch-data-install/usr/share/usb_modeswitch/1c9e:9d00
Processing ../usb-modeswitch-data-install/usr/share/usb_modeswitch/1c9e:9e00
Processing ../usb-modeswitch-data-install/usr/share/usb_modeswitch/1c9e:9e08
Processing ../usb-modeswitch-data-install/usr/share/usb_modeswitch/1c9e:f000
Processing ../usb-modeswitch-data-install/usr/share/usb_modeswitch/1c9e:f000:uMa=USB_Modem
Processing ../usb-modeswitch-data-install/usr/share/usb_modeswitch/1d09:1000
Processing ../usb-modeswitch-data-install/usr/share/usb_modeswitch/1d09:1021
Processing ../usb-modeswitch-data-install/usr/share/usb_modeswitch/1d09:1025
Processing ../usb-modeswitch-data-install/usr/share/usb_modeswitch/1da5:f000
Processing ../usb-modeswitch-data-install/usr/share/usb_modeswitch/1dbc:0669
Processing ../usb-modeswitch-data-install/usr/share/usb_modeswitch/1dd6:1000
Processing ../usb-modeswitch-data-install/usr/share/usb_modeswitch/1de1:1101
Processing ../usb-modeswitch-data-install/usr/share/usb_modeswitch/1e0e:f000
Processing ../usb-modeswitch-data-install/usr/share/usb_modeswitch/1e89:f000
Processing ../usb-modeswitch-data-install/usr/share/usb_modeswitch/1edf:6003
Processing ../usb-modeswitch-data-install/usr/share/usb_modeswitch/1ee8:0003
Processing ../usb-modeswitch-data-install/usr/share/usb_modeswitch/1ee8:0009
Processing ../usb-modeswitch-data-install/usr/share/usb_modeswitch/1ee8:0013
Processing ../usb-modeswitch-data-install/usr/share/usb_modeswitch/1ee8:0018
Processing ../usb-modeswitch-data-install/usr/share/usb_modeswitch/1ee8:0040
Processing ../usb-modeswitch-data-install/usr/share/usb_modeswitch/1ee8:0045
Processing ../usb-modeswitch-data-install/usr/share/usb_modeswitch/1ee8:004a
Processing ../usb-modeswitch-data-install/usr/share/usb_modeswitch/1ee8:004f
Processing ../usb-modeswitch-data-install/usr/share/usb_modeswitch/1ee8:0054
Processing ../usb-modeswitch-data-install/usr/share/usb_modeswitch/1ee8:0060
Processing ../usb-modeswitch-data-install/usr/share/usb_modeswitch/1ee8:0063
Processing ../usb-modeswitch-data-install/usr/share/usb_modeswitch/1ee8:0068
Processing ../usb-modeswitch-data-install/usr/share/usb_modeswitch/1f28:0021
Processing ../usb-modeswitch-data-install/usr/share/usb_modeswitch/1fac:0032
Processing ../usb-modeswitch-data-install/usr/share/usb_modeswitch/1fac:0130
Processing ../usb-modeswitch-data-install/usr/share/usb_modeswitch/1fac:0150
Processing ../usb-modeswitch-data-install/usr/share/usb_modeswitch/1fac:0151
Processing ../usb-modeswitch-data-install/usr/share/usb_modeswitch/2001:00a6
Processing ../usb-modeswitch-data-install/usr/share/usb_modeswitch/2001:98ff
Processing ../usb-modeswitch-data-install/usr/share/usb_modeswitch/2001:a403
Processing ../usb-modeswitch-data-install/usr/share/usb_modeswitch/2001:a405
Processing ../usb-modeswitch-data-install/usr/share/usb_modeswitch/2001:a706
Processing ../usb-modeswitch-data-install/usr/share/usb_modeswitch/2001:a707
Processing ../usb-modeswitch-data-install/usr/share/usb_modeswitch/2001:a708
Processing ../usb-modeswitch-data-install/usr/share/usb_modeswitch/2001:a805
Processing ../usb-modeswitch-data-install/usr/share/usb_modeswitch/2001:a80b
Processing ../usb-modeswitch-data-install/usr/share/usb_modeswitch/201e:1023
Processing ../usb-modeswitch-data-install/usr/share/usb_modeswitch/201e:2009
Processing ../usb-modeswitch-data-install/usr/share/usb_modeswitch/2020:0002
Processing ../usb-modeswitch-data-install/usr/share/usb_modeswitch/2020:f00e
Processing ../usb-modeswitch-data-install/usr/share/usb_modeswitch/2020:f00f
Processing ../usb-modeswitch-data-install/usr/share/usb_modeswitch/2077:1000
Processing ../usb-modeswitch-data-install/usr/share/usb_modeswitch/2077:f000
Processing ../usb-modeswitch-data-install/usr/share/usb_modeswitch/20a6:f00e
Processing ../usb-modeswitch-data-install/usr/share/usb_modeswitch/20b9:1682
Processing ../usb-modeswitch-data-install/usr/share/usb_modeswitch/21f5:1000
Processing ../usb-modeswitch-data-install/usr/share/usb_modeswitch/21f5:3010
Processing ../usb-modeswitch-data-install/usr/share/usb_modeswitch/2262:0001
Processing ../usb-modeswitch-data-install/usr/share/usb_modeswitch/22de:6801
Processing ../usb-modeswitch-data-install/usr/share/usb_modeswitch/22de:6803
Processing ../usb-modeswitch-data-install/usr/share/usb_modeswitch/22f4:0021
Processing ../usb-modeswitch-data-install/usr/share/usb_modeswitch/230d:0001
Processing ../usb-modeswitch-data-install/usr/share/usb_modeswitch/230d:0003
Processing ../usb-modeswitch-data-install/usr/share/usb_modeswitch/230d:0007
Processing ../usb-modeswitch-data-install/usr/share/usb_modeswitch/230d:000b
Processing ../usb-modeswitch-data-install/usr/share/usb_modeswitch/230d:000d
Processing ../usb-modeswitch-data-install/usr/share/usb_modeswitch/230d:0101
Processing ../usb-modeswitch-data-install/usr/share/usb_modeswitch/230d:0103
Processing ../usb-modeswitch-data-install/usr/share/usb_modeswitch/2357:0200
Processing ../usb-modeswitch-data-install/usr/share/usb_modeswitch/2357:f000
Processing ../usb-modeswitch-data-install/usr/share/usb_modeswitch/23a2:1010
Processing ../usb-modeswitch-data-install/usr/share/usb_modeswitch/257a:a000
Processing ../usb-modeswitch-data-install/usr/share/usb_modeswitch/257a:b000
Processing ../usb-modeswitch-data-install/usr/share/usb_modeswitch/257a:c000
Processing ../usb-modeswitch-data-install/usr/share/usb_modeswitch/257a:d000
Processing ../usb-modeswitch-data-install/usr/share/usb_modeswitch/8888:6500
Processing ../usb-modeswitch-data-install/usr/share/usb_modeswitch/ed09:1021
all done
packaging usb-modeswitch-data-20150115-i686_slk600
done!
