vamps-0.99.2/
vamps-0.99.2/INSTALL
vamps-0.99.2/Makefile
vamps-0.99.2/play_cell/
vamps-0.99.2/play_cell/Makefile
vamps-0.99.2/play_cell/play_cell.c
vamps-0.99.2/vamps/
vamps-0.99.2/vamps/Makefile
vamps-0.99.2/vamps/getvlc.h
vamps-0.99.2/vamps/putvlc.h
vamps-0.99.2/vamps/qTable.h
vamps-0.99.2/vamps/requant.c
vamps-0.99.2/vamps/vamps.c
vamps-0.99.2/vamps/requant.h
vamps-0.99.2/COPYING
make[1]: Entering directory `/mnt/sda6/00_new-woof/petbuilds-slacko-32/builds/vamps/vamps-0.99.2/vamps'
gcc -pipe -O3 -fomit-frame-pointer -funroll-loops -DHAVE_BUILTIN_EXPECT -Wall   -c -o vamps.o vamps.c
gcc -pipe -O3 -fomit-frame-pointer -funroll-loops -DHAVE_BUILTIN_EXPECT -Wall   -c -o requant.o requant.c
gcc -s  vamps.o requant.o -lm -lpthread  -o vamps
make[1]: Leaving directory `/mnt/sda6/00_new-woof/petbuilds-slacko-32/builds/vamps/vamps-0.99.2/vamps'
make[1]: Entering directory `/mnt/sda6/00_new-woof/petbuilds-slacko-32/builds/vamps/vamps-0.99.2/play_cell'
gcc -pipe -O2 -fomit-frame-pointer -Wall -W   -c -o play_cell.o play_cell.c
gcc -s  play_cell.o -ldvdread  -o play_cell
make[1]: Leaving directory `/mnt/sda6/00_new-woof/petbuilds-slacko-32/builds/vamps/vamps-0.99.2/play_cell'
/mnt/sda6/00_new-woof/petbuilds-slacko-32/builds/vamps
packaging vamps-0.99.2-i686_slk600
done!
