wvdial-1.61/
wvdial-1.61/wvdialbrain.cc
wvdial-1.61/wvdialconf.cc
wvdial-1.61/wvdialer.cc
wvdial-1.61/ppp.provider-pipe
wvdial-1.61/wstrong-problem
wvdial-1.61/debian/
wvdial-1.61/debian/wvdial.postrm
wvdial-1.61/debian/wvdial.docs
wvdial-1.61/debian/poff.wvdial
wvdial-1.61/debian/wvdial.dirs
wvdial-1.61/debian/wvdial.templates
wvdial-1.61/debian/rules
wvdial-1.61/debian/wvdial.manpages
wvdial-1.61/debian/compat
wvdial-1.61/debian/control
wvdial-1.61/debian/copyright
wvdial-1.61/debian/config
wvdial-1.61/debian/changelog
wvdial-1.61/debian/pon.wvdial
wvdial-1.61/debian/wvdial.postinst
wvdial-1.61/debian/wvdial.links
wvdial-1.61/debian/po/
wvdial-1.61/debian/po/templates.pot
wvdial-1.61/debian/po/POTFILES.in
wvdial-1.61/wvdialmon.cc
wvdial-1.61/ChangeLog
wvdial-1.61/pppmon.cc
wvdial-1.61/wvrules.mk
wvdial-1.61/version.h.in
wvdial-1.61/COPYING.LIB
wvdial-1.61/README
wvdial-1.61/wvpapchap.cc
wvdial-1.61/ppp.provider
wvdial-1.61/papchaptest.cc
wvdial-1.61/wvdial.conf.5
wvdial-1.61/wvdialbrain.h
wvdial-1.61/wvdial.cc
wvdial-1.61/gen-cc
wvdial-1.61/wvdialmon.h
wvdial-1.61/configure
wvdial-1.61/wvmodemscan.h
wvdial-1.61/pon.wvdial.1
wvdial-1.61/wvdial.1
wvdial-1.61/TODO
wvdial-1.61/FAQ
wvdial-1.61/CHANGES
wvdial-1.61/wvdialer.h
wvdial-1.61/wvdialconf.1
wvdial-1.61/MENUS
wvdial-1.61/wvrules-posix.mk
wvdial-1.61/wvpapchap.h
wvdial-1.61/config.defaults.mk
wvdial-1.61/Makefile.in
wvdial-1.61/wvmodemscan.cc
* Generating CC
* Generating CXX
./CXX -c wvdialer   
./CXX -c wvmodemscan   
./CXX -c wvpapchap   
./CXX -c wvdialbrain   
./CXX -c wvdialmon   
linking wvdial.a...
ar: creating wvdial.a
./CXX -c wvdial   
linking wvdial...
./CXX -c wvdialconf   
linking wvdialconf...
./CXX -c pppmon   
linking pppmon...
./CXX -c papchaptest   
linking papchaptest...
* Generating CC
* Generating CXX
[ -d /mnt/sda6/00_new-woof/petbuilds-slacko-32/builds/wvdial/wvdial-install/usr/bin      ] || install -d /mnt/sda6/00_new-woof/petbuilds-slacko-32/builds/wvdial/wvdial-install/usr/bin
[ -d /mnt/sda6/00_new-woof/petbuilds-slacko-32/builds/wvdial/wvdial-install/etc/ppp/peers      ] || install -d /mnt/sda6/00_new-woof/petbuilds-slacko-32/builds/wvdial/wvdial-install/etc/ppp/peers
install -m 0755 wvdial wvdialconf /mnt/sda6/00_new-woof/petbuilds-slacko-32/builds/wvdial/wvdial-install/usr/bin
cp ppp.provider /mnt/sda6/00_new-woof/petbuilds-slacko-32/builds/wvdial/wvdial-install/etc/ppp/peers/wvdial
cp ppp.provider-pipe /mnt/sda6/00_new-woof/petbuilds-slacko-32/builds/wvdial/wvdial-install/etc/ppp/peers/wvdial-pipe
[ -d /mnt/sda6/00_new-woof/petbuilds-slacko-32/builds/wvdial/wvdial-install/usr/share/man/man1 ] || install -d /mnt/sda6/00_new-woof/petbuilds-slacko-32/builds/wvdial/wvdial-install/usr/share/man/man1
[ -d /mnt/sda6/00_new-woof/petbuilds-slacko-32/builds/wvdial/wvdial-install/usr/share/man/man5 ] || install -d /mnt/sda6/00_new-woof/petbuilds-slacko-32/builds/wvdial/wvdial-install/usr/share/man/man5
install -m 0644 wvdial.1 wvdialconf.1 /mnt/sda6/00_new-woof/petbuilds-slacko-32/builds/wvdial/wvdial-install/usr/share/man/man1
install -m 0644 wvdial.conf.5 /mnt/sda6/00_new-woof/petbuilds-slacko-32/builds/wvdial/wvdial-install/usr/share/man/man5
/mnt/sda6/00_new-woof/petbuilds-slacko-32/builds/wvdial
Processing ../wvdial-install/etc/ppp/peers/wvdial
Processing ../wvdial-install/etc/ppp/peers/wvdial-pipe
Processing ../wvdial-install/usr/bin/wvdial
Processing ../wvdial-install/usr/bin/wvdialconf
Processing ../wvdial-install/usr/share/man/man1/wvdial.1
Processing ../wvdial-install/usr/share/man/man1/wvdialconf.1
Processing ../wvdial-install/usr/share/man/man5/wvdial.conf.5
all done
packaging wvdial-1.61-i686_slk600
packaging wvdial_DOC-1.61-i686_slk600
done!
