xlockmore-5.31-patched/
xlockmore-5.31-patched/bitmaps/
xlockmore-5.31-patched/bitmaps/bad.xbm
xlockmore-5.31-patched/bitmaps/bat-0.xbm
xlockmore-5.31-patched/bitmaps/bat-1.xbm
xlockmore-5.31-patched/bitmaps/bat-2.xbm
xlockmore-5.31-patched/bitmaps/bat-3.xbm
xlockmore-5.31-patched/bitmaps/bat-4.xbm
xlockmore-5.31-patched/bitmaps/bounce-0.xbm
xlockmore-5.31-patched/bitmaps/bounce-1.xbm
xlockmore-5.31-patched/bitmaps/bounce-2.xbm
xlockmore-5.31-patched/bitmaps/bounce-3.xbm
xlockmore-5.31-patched/bitmaps/bounce-mask.xbm
xlockmore-5.31-patched/bitmaps/cooperat.xbm
xlockmore-5.31-patched/bitmaps/cross_weave.xbm
xlockmore-5.31-patched/bitmaps/defect.xbm
xlockmore-5.31-patched/bitmaps/dimple1.xbm
xlockmore-5.31-patched/bitmaps/dimple3.xbm
xlockmore-5.31-patched/bitmaps/donkey.xbm
xlockmore-5.31-patched/bitmaps/earth.xbm
xlockmore-5.31-patched/bitmaps/elephant.xbm
xlockmore-5.31-patched/bitmaps/enterprise-2.xbm
xlockmore-5.31-patched/bitmaps/enterprise-3.xbm
xlockmore-5.31-patched/bitmaps/enterprise-5.xbm
xlockmore-5.31-patched/bitmaps/enterprise-6.xbm
xlockmore-5.31-patched/bitmaps/fish-0.xbm
xlockmore-5.31-patched/bitmaps/fish-1.xbm
xlockmore-5.31-patched/bitmaps/fish-2.xbm
xlockmore-5.31-patched/bitmaps/fish-3.xbm
xlockmore-5.31-patched/bitmaps/fish-4.xbm
xlockmore-5.31-patched/bitmaps/fish-5.xbm
xlockmore-5.31-patched/bitmaps/fish-6.xbm
xlockmore-5.31-patched/bitmaps/fish-7.xbm
xlockmore-5.31-patched/bitmaps/flipped_gray.xbm
xlockmore-5.31-patched/bitmaps/good.xbm
xlockmore-5.31-patched/bitmaps/gray1.xbm
xlockmore-5.31-patched/bitmaps/gray3.xbm
xlockmore-5.31-patched/bitmaps/green.xbm
xlockmore-5.31-patched/bitmaps/hlines2.xbm
xlockmore-5.31-patched/bitmaps/l-bob.xbm
xlockmore-5.31-patched/bitmaps/l-bsd.xbm
xlockmore-5.31-patched/bitmaps/l-cygwin.xbm
xlockmore-5.31-patched/bitmaps/l-dec.xbm
xlockmore-5.31-patched/bitmaps/l-hp.xbm
xlockmore-5.31-patched/bitmaps/l-ibm.xbm
xlockmore-5.31-patched/bitmaps/l-linux.xbm
xlockmore-5.31-patched/bitmaps/l-linux1.xbm
xlockmore-5.31-patched/bitmaps/l-mot.xbm
xlockmore-5.31-patched/bitmaps/l-sco.xbm
xlockmore-5.31-patched/bitmaps/l-sgi.xbm
xlockmore-5.31-patched/bitmaps/l-sun.xbm
xlockmore-5.31-patched/bitmaps/l-win.xbm
xlockmore-5.31-patched/bitmaps/l-x11.xbm
xlockmore-5.31-patched/bitmaps/l-xlock.xbm
xlockmore-5.31-patched/bitmaps/light_gray.xbm
xlockmore-5.31-patched/bitmaps/m-bob.xbm
xlockmore-5.31-patched/bitmaps/m-bsd.xbm
xlockmore-5.31-patched/bitmaps/m-cygwin.xbm
xlockmore-5.31-patched/bitmaps/m-dec.xbm
xlockmore-5.31-patched/bitmaps/m-ghost.xbm
xlockmore-5.31-patched/bitmaps/m-grelb-2.xbm
xlockmore-5.31-patched/bitmaps/m-grelb.xbm
xlockmore-5.31-patched/bitmaps/m-hp.xbm
xlockmore-5.31-patched/bitmaps/m-ibm.xbm
xlockmore-5.31-patched/bitmaps/m-linux.xbm
xlockmore-5.31-patched/bitmaps/m-linux1.xbm
xlockmore-5.31-patched/bitmaps/m-mot.xbm
xlockmore-5.31-patched/bitmaps/m-sco.xbm
xlockmore-5.31-patched/bitmaps/m-sgi.xbm
xlockmore-5.31-patched/bitmaps/m-sun.xbm
xlockmore-5.31-patched/bitmaps/m-win.xbm
xlockmore-5.31-patched/bitmaps/m-x11.xbm
xlockmore-5.31-patched/bitmaps/m-xlock.xbm
xlockmore-5.31-patched/bitmaps/mailempty.xbm
xlockmore-5.31-patched/bitmaps/mailfull.xbm
xlockmore-5.31-patched/bitmaps/nose-faced.xbm
xlockmore-5.31-patched/bitmaps/nose-facef.xbm
xlockmore-5.31-patched/bitmaps/nose-facel.xbm
xlockmore-5.31-patched/bitmaps/nose-facer.xbm
xlockmore-5.31-patched/bitmaps/nose-hat.xbm
xlockmore-5.31-patched/bitmaps/nose-hatd.xbm
xlockmore-5.31-patched/bitmaps/nose-shoef.xbm
xlockmore-5.31-patched/bitmaps/nose-shoel.xbm
xlockmore-5.31-patched/bitmaps/nose-shoer.xbm
xlockmore-5.31-patched/bitmaps/nose-stepl.xbm
xlockmore-5.31-patched/bitmaps/nose-stepr.xbm
xlockmore-5.31-patched/bitmaps/root_weave.xbm
xlockmore-5.31-patched/bitmaps/s-bsd.xbm
xlockmore-5.31-patched/bitmaps/s-cygwin.xbm
xlockmore-5.31-patched/bitmaps/s-dec.xbm
xlockmore-5.31-patched/bitmaps/s-grelb-2.xbm
xlockmore-5.31-patched/bitmaps/s-grelb.xbm
xlockmore-5.31-patched/bitmaps/s-hp.xbm
xlockmore-5.31-patched/bitmaps/s-ibm.xbm
xlockmore-5.31-patched/bitmaps/s-linux.xbm
xlockmore-5.31-patched/bitmaps/s-linux1.xbm
xlockmore-5.31-patched/bitmaps/s-mot.xbm
xlockmore-5.31-patched/bitmaps/s-osf.xbm
xlockmore-5.31-patched/bitmaps/s-sco.xbm
xlockmore-5.31-patched/bitmaps/s-sgi.xbm
xlockmore-5.31-patched/bitmaps/s-sun.xbm
xlockmore-5.31-patched/bitmaps/s-win.xbm
xlockmore-5.31-patched/bitmaps/s-x11.xbm
xlockmore-5.31-patched/bitmaps/shark-0.xbm
xlockmore-5.31-patched/bitmaps/shark-1.xbm
xlockmore-5.31-patched/bitmaps/shark-2.xbm
xlockmore-5.31-patched/bitmaps/shark-3.xbm
xlockmore-5.31-patched/bitmaps/shark-4.xbm
xlockmore-5.31-patched/bitmaps/shark-5.xbm
xlockmore-5.31-patched/bitmaps/shark-6.xbm
xlockmore-5.31-patched/bitmaps/shark-7.xbm
xlockmore-5.31-patched/bitmaps/sickle.xbm
xlockmore-5.31-patched/bitmaps/stipple.xbm
xlockmore-5.31-patched/bitmaps/t-smilie.xbm
xlockmore-5.31-patched/bitmaps/t-x11.xbm
xlockmore-5.31-patched/bitmaps/terra-00.xbm
xlockmore-5.31-patched/bitmaps/terra-01.xbm
xlockmore-5.31-patched/bitmaps/terra-02.xbm
xlockmore-5.31-patched/bitmaps/terra-03.xbm
xlockmore-5.31-patched/bitmaps/terra-04.xbm
xlockmore-5.31-patched/bitmaps/terra-05.xbm
xlockmore-5.31-patched/bitmaps/terra-06.xbm
xlockmore-5.31-patched/bitmaps/terra-07.xbm
xlockmore-5.31-patched/bitmaps/terra-08.xbm
xlockmore-5.31-patched/bitmaps/terra-09.xbm
xlockmore-5.31-patched/bitmaps/terra-10.xbm
xlockmore-5.31-patched/bitmaps/terra-11.xbm
xlockmore-5.31-patched/bitmaps/terra-12.xbm
xlockmore-5.31-patched/bitmaps/terra-13.xbm
xlockmore-5.31-patched/bitmaps/terra-14.xbm
xlockmore-5.31-patched/bitmaps/terra-15.xbm
xlockmore-5.31-patched/bitmaps/terra-16.xbm
xlockmore-5.31-patched/bitmaps/terra-17.xbm
xlockmore-5.31-patched/bitmaps/terra-18.xbm
xlockmore-5.31-patched/bitmaps/terra-19.xbm
xlockmore-5.31-patched/bitmaps/terra-20.xbm
xlockmore-5.31-patched/bitmaps/terra-21.xbm
xlockmore-5.31-patched/bitmaps/terra-22.xbm
xlockmore-5.31-patched/bitmaps/terra-23.xbm
xlockmore-5.31-patched/bitmaps/terra-24.xbm
xlockmore-5.31-patched/bitmaps/terra-25.xbm
xlockmore-5.31-patched/bitmaps/terra-26.xbm
xlockmore-5.31-patched/bitmaps/terra-27.xbm
xlockmore-5.31-patched/bitmaps/terra-28.xbm
xlockmore-5.31-patched/bitmaps/terra-29.xbm
xlockmore-5.31-patched/bitmaps/vlines2.xbm
xlockmore-5.31-patched/bitmaps/vlines3.xbm
xlockmore-5.31-patched/config.guess
xlockmore-5.31-patched/config.h.in
xlockmore-5.31-patched/config.sub
xlockmore-5.31-patched/configure
xlockmore-5.31-patched/configure.in
xlockmore-5.31-patched/configure.tcl
xlockmore-5.31-patched/docs/
xlockmore-5.31-patched/docs/3d.howto
xlockmore-5.31-patched/docs/cell_automata
xlockmore-5.31-patched/docs/HACKERS.GUIDE
xlockmore-5.31-patched/docs/HACKERS.GUIDE.fr
xlockmore-5.31-patched/docs/Purify
xlockmore-5.31-patched/docs/Purify.sunos4
xlockmore-5.31-patched/docs/Purify.sunos5
xlockmore-5.31-patched/docs/Revisions
xlockmore-5.31-patched/docs/TODO
xlockmore-5.31-patched/docs/xlock.hlp
xlockmore-5.31-patched/docs/xlock.html
xlockmore-5.31-patched/etc/
xlockmore-5.31-patched/etc/barrierg.3dlife
xlockmore-5.31-patched/etc/cellxlock.sh
xlockmore-5.31-patched/etc/chkmbox/
xlockmore-5.31-patched/etc/chkmbox/chkmbox.c
xlockmore-5.31-patched/etc/chkmbox/chkmbox.cfg
xlockmore-5.31-patched/etc/chkmbox/imapsocket.c
xlockmore-5.31-patched/etc/chkmbox/imapsocket.h
xlockmore-5.31-patched/etc/chkmbox/Mail.xpm
xlockmore-5.31-patched/etc/chkmbox/Makefile
xlockmore-5.31-patched/etc/chkmbox/NoMail.xpm
xlockmore-5.31-patched/etc/classes/
xlockmore-5.31-patched/etc/classes/META-INF/
xlockmore-5.31-patched/etc/classes/META-INF/MANIFEST.MF
xlockmore-5.31-patched/etc/descrip.mms
xlockmore-5.31-patched/etc/dtprofile
xlockmore-5.31-patched/etc/dtscreen.dt
xlockmore-5.31-patched/etc/ext.life
xlockmore-5.31-patched/etc/fortune.dat
xlockmore-5.31-patched/etc/genlauncher/
xlockmore-5.31-patched/etc/genlauncher/CVS/
xlockmore-5.31-patched/etc/genlauncher/CVS/Entries
xlockmore-5.31-patched/etc/genlauncher/CVS/Repository
xlockmore-5.31-patched/etc/genlauncher/CVS/Root
xlockmore-5.31-patched/etc/genlauncher/etc.xlock.java
xlockmore-5.31-patched/etc/genlauncher/etc.xlock.tcl
xlockmore-5.31-patched/etc/genlauncher/guibuild.pl
xlockmore-5.31-patched/etc/genlauncher/lmode.h
xlockmore-5.31-patched/etc/genlauncher/Makefile
xlockmore-5.31-patched/etc/genlauncher/README.gui
xlockmore-5.31-patched/etc/genlauncher/xglock.modes.tpl
xlockmore-5.31-patched/etc/genlauncher/xlockgen.lex
xlockmore-5.31-patched/etc/genlauncher/xmlock.modes.tpl
xlockmore-5.31-patched/etc/gif/
xlockmore-5.31-patched/etc/gif/CVS/
xlockmore-5.31-patched/etc/gif/CVS/Entries
xlockmore-5.31-patched/etc/gif/CVS/Repository
xlockmore-5.31-patched/etc/gif/CVS/Root
xlockmore-5.31-patched/etc/gif/deflag.gif
xlockmore-5.31-patched/etc/gif/frflag.gif
xlockmore-5.31-patched/etc/gif/jpflag.gif
xlockmore-5.31-patched/etc/gif/nlflag.gif
xlockmore-5.31-patched/etc/gif/README
xlockmore-5.31-patched/etc/gif/ukflag.gif
xlockmore-5.31-patched/etc/glider.3dlife
xlockmore-5.31-patched/etc/glider.hlife
xlockmore-5.31-patched/etc/glider.life
xlockmore-5.31-patched/etc/hexlifexlock.pl
xlockmore-5.31-patched/etc/life3dxlock.pl
xlockmore-5.31-patched/etc/lifexlock.pl
xlockmore-5.31-patched/etc/makebz2.sh
xlockmore-5.31-patched/etc/Makefile
xlockmore-5.31-patched/etc/makever.sh
xlockmore-5.31-patched/etc/makezip.sh
xlockmore-5.31-patched/etc/play.sh
xlockmore-5.31-patched/etc/README.etc
xlockmore-5.31-patched/etc/rplay.conf
xlockmore-5.31-patched/etc/rplay.hosts
xlockmore-5.31-patched/etc/rplay.servers
xlockmore-5.31-patched/etc/showmodes.sh
xlockmore-5.31-patched/etc/system.fvwm2rc.xlock
xlockmore-5.31-patched/etc/system.fvwmrc.xlock
xlockmore-5.31-patched/etc/system.mwmrc.xlock
xlockmore-5.31-patched/etc/system.olwmrc.xlock
xlockmore-5.31-patched/etc/system.wmrc.xlock
xlockmore-5.31-patched/etc/vtswitch.c
xlockmore-5.31-patched/etc/xlock.pamd
xlockmore-5.31-patched/etc/xlock.sh
xlockmore-5.31-patched/etc/xlock.staff
xlockmore-5.31-patched/etc/xlock.tcl
xlockmore-5.31-patched/etc/xlock1.sh
xlockmore-5.31-patched/etc/xlockApp.jar
xlockmore-5.31-patched/etc/xlockApplet.java
xlockmore-5.31-patched/etc/xlockcell.sh
xlockmore-5.31-patched/etc/xlockhexlife.pl
xlockmore-5.31-patched/etc/xlocklife.pl
xlockmore-5.31-patched/etc/xlocklife3d.pl
xlockmore-5.31-patched/etc/xlockmess.sh
xlockmore-5.31-patched/etc/xlockmore-6.0.zh_TW.po
xlockmore-5.31-patched/etc/xlockmore.desktop
xlockmore-5.31-patched/etc/xlockranddur.pl
xlockmore-5.31-patched/etc/xlockrandimage.pl
xlockmore-5.31-patched/etc/xlockrle.pl
xlockmore-5.31-patched/etc/xlocksat.pl
xlockmore-5.31-patched/etc/xlockssh-add-keys.pl
xlockmore-5.31-patched/etc/xlockssh-add.sh
xlockmore-5.31-patched/etc/xlockssh.fvwm2rc
xlockmore-5.31-patched/etc/xlocksshprofile.sh
xlockmore-5.31-patched/etc/xtermlock.sh
xlockmore-5.31-patched/etc/xwinlock.sh
xlockmore-5.31-patched/gettext.tcl
xlockmore-5.31-patched/iconfig.h
xlockmore-5.31-patched/Imakefile
xlockmore-5.31-patched/install-sh
xlockmore-5.31-patched/language.ja.tcl
xlockmore-5.31-patched/language.tcl.tmpl
xlockmore-5.31-patched/make.com
xlockmore-5.31-patched/Makefile.in
xlockmore-5.31-patched/Makefile.win32
xlockmore-5.31-patched/mkinstalldirs
xlockmore-5.31-patched/mmov.com
xlockmore-5.31-patched/mmov.opt
xlockmore-5.31-patched/mmov_vms.opt
xlockmore-5.31-patched/modes/
xlockmore-5.31-patched/modes/anemone.c
xlockmore-5.31-patched/modes/ant.c
xlockmore-5.31-patched/modes/ant1d.c
xlockmore-5.31-patched/modes/ant3d.c
xlockmore-5.31-patched/modes/apollonian.c
xlockmore-5.31-patched/modes/ball.c
xlockmore-5.31-patched/modes/bat.c
xlockmore-5.31-patched/modes/blank.c
xlockmore-5.31-patched/modes/blot.c
xlockmore-5.31-patched/modes/bomb.c
xlockmore-5.31-patched/modes/bouboule.c
xlockmore-5.31-patched/modes/bounce.c
xlockmore-5.31-patched/modes/braid.c
xlockmore-5.31-patched/modes/bubble.c
xlockmore-5.31-patched/modes/bug.c
xlockmore-5.31-patched/modes/clock.c
xlockmore-5.31-patched/modes/color.h
xlockmore-5.31-patched/modes/coral.c
xlockmore-5.31-patched/modes/crystal.c
xlockmore-5.31-patched/modes/daisy.c
xlockmore-5.31-patched/modes/dclock-msg-en.h
xlockmore-5.31-patched/modes/dclock-msg-fr.h
xlockmore-5.31-patched/modes/dclock-msg-ja.h
xlockmore-5.31-patched/modes/dclock-msg-nl.h
xlockmore-5.31-patched/modes/dclock-msg-zh_TW.h
xlockmore-5.31-patched/modes/dclock.c
xlockmore-5.31-patched/modes/decay.c
xlockmore-5.31-patched/modes/deco.c
xlockmore-5.31-patched/modes/deluxe.c
xlockmore-5.31-patched/modes/demon.c
xlockmore-5.31-patched/modes/dilemma.c
xlockmore-5.31-patched/modes/discrete.c
xlockmore-5.31-patched/modes/dragon.c
xlockmore-5.31-patched/modes/drift.c
xlockmore-5.31-patched/modes/euler2d.c
xlockmore-5.31-patched/modes/euler2d.tex
xlockmore-5.31-patched/modes/eyes.c
xlockmore-5.31-patched/modes/fadeplot.c
xlockmore-5.31-patched/modes/fiberlamp.c
xlockmore-5.31-patched/modes/flag.c
xlockmore-5.31-patched/modes/flame.c
xlockmore-5.31-patched/modes/flow.c
xlockmore-5.31-patched/modes/forest.c
xlockmore-5.31-patched/modes/fzort.c
xlockmore-5.31-patched/modes/fz_filler.h
xlockmore-5.31-patched/modes/galaxy.c
xlockmore-5.31-patched/modes/glx/
xlockmore-5.31-patched/modes/glx/atlantis.c
xlockmore-5.31-patched/modes/glx/atlantis.h
xlockmore-5.31-patched/modes/glx/atunnels.c
xlockmore-5.31-patched/modes/glx/biof.c
xlockmore-5.31-patched/modes/glx/bubble3d.c
xlockmore-5.31-patched/modes/glx/bubble3d.h
xlockmore-5.31-patched/modes/glx/buildlwo.c
xlockmore-5.31-patched/modes/glx/buildlwo.h
xlockmore-5.31-patched/modes/glx/b_draw.c
xlockmore-5.31-patched/modes/glx/b_lockglue.c
xlockmore-5.31-patched/modes/glx/b_sphere.c
xlockmore-5.31-patched/modes/glx/cage.c
xlockmore-5.31-patched/modes/glx/dolphin.c
xlockmore-5.31-patched/modes/glx/e_textures.h
xlockmore-5.31-patched/modes/glx/fire.c
xlockmore-5.31-patched/modes/glx/gears.c
xlockmore-5.31-patched/modes/glx/glplanet.c
xlockmore-5.31-patched/modes/glx/gltrackball.c
xlockmore-5.31-patched/modes/glx/gltrackball.h
xlockmore-5.31-patched/modes/glx/glxfonts.c
xlockmore-5.31-patched/modes/glx/glxfonts.h
xlockmore-5.31-patched/modes/glx/Imakefile
xlockmore-5.31-patched/modes/glx/invert.c
xlockmore-5.31-patched/modes/glx/i_evert.h
xlockmore-5.31-patched/modes/glx/i_figureeight.cc
xlockmore-5.31-patched/modes/glx/i_figureeight.h
xlockmore-5.31-patched/modes/glx/i_linkage.cc
xlockmore-5.31-patched/modes/glx/i_linkage.h
xlockmore-5.31-patched/modes/glx/i_sphere.cc
xlockmore-5.31-patched/modes/glx/i_sphere.h
xlockmore-5.31-patched/modes/glx/i_spline.cc
xlockmore-5.31-patched/modes/glx/i_spline.h
xlockmore-5.31-patched/modes/glx/i_threejet.cc
xlockmore-5.31-patched/modes/glx/i_threejet.h
xlockmore-5.31-patched/modes/glx/i_threejetvec.cc
xlockmore-5.31-patched/modes/glx/i_threejetvec.h
xlockmore-5.31-patched/modes/glx/i_twojet.cc
xlockmore-5.31-patched/modes/glx/i_twojet.h
xlockmore-5.31-patched/modes/glx/i_twojetvec.cc
xlockmore-5.31-patched/modes/glx/i_twojetvec.h
xlockmore-5.31-patched/modes/glx/juggler3d.c
xlockmore-5.31-patched/modes/glx/lament.c
xlockmore-5.31-patched/modes/glx/Makefile.in
xlockmore-5.31-patched/modes/glx/Makefile.win32
xlockmore-5.31-patched/modes/glx/moebius.c
xlockmore-5.31-patched/modes/glx/molecule.c
xlockmore-5.31-patched/modes/glx/molecules.h
xlockmore-5.31-patched/modes/glx/morph3d.c
xlockmore-5.31-patched/modes/glx/noof.c
xlockmore-5.31-patched/modes/glx/pipeobjs.c
xlockmore-5.31-patched/modes/glx/pipes.c
xlockmore-5.31-patched/modes/glx/rotator.c
xlockmore-5.31-patched/modes/glx/rotator.h
xlockmore-5.31-patched/modes/glx/rubik.c
xlockmore-5.31-patched/modes/glx/s1_1.c
xlockmore-5.31-patched/modes/glx/s1_2.c
xlockmore-5.31-patched/modes/glx/s1_3.c
xlockmore-5.31-patched/modes/glx/s1_4.c
xlockmore-5.31-patched/modes/glx/s1_5.c
xlockmore-5.31-patched/modes/glx/s1_6.c
xlockmore-5.31-patched/modes/glx/s1_b.c
xlockmore-5.31-patched/modes/glx/sballs.c
xlockmore-5.31-patched/modes/glx/shark.c
xlockmore-5.31-patched/modes/glx/sierpinski3d.c
xlockmore-5.31-patched/modes/glx/skewb.c
xlockmore-5.31-patched/modes/glx/sphere.c
xlockmore-5.31-patched/modes/glx/sphere.h
xlockmore-5.31-patched/modes/glx/sproingies.c
xlockmore-5.31-patched/modes/glx/sproingiewrap.c
xlockmore-5.31-patched/modes/glx/stairs.c
xlockmore-5.31-patched/modes/glx/superquadrics.c
xlockmore-5.31-patched/modes/glx/swim.c
xlockmore-5.31-patched/modes/glx/text3d.cc
xlockmore-5.31-patched/modes/glx/text3d.h
xlockmore-5.31-patched/modes/glx/text3d2.cc
xlockmore-5.31-patched/modes/glx/text3d2.h
xlockmore-5.31-patched/modes/glx/trackball.c
xlockmore-5.31-patched/modes/glx/trackball.h
xlockmore-5.31-patched/modes/glx/tube.c
xlockmore-5.31-patched/modes/glx/tube.h
xlockmore-5.31-patched/modes/glx/tunnel_draw.c
xlockmore-5.31-patched/modes/glx/tunnel_draw.h
xlockmore-5.31-patched/modes/glx/whale.c
xlockmore-5.31-patched/modes/glx/xpm-ximage.c
xlockmore-5.31-patched/modes/glx/xpm-ximage.h
xlockmore-5.31-patched/modes/glx/Makefile
xlockmore-5.31-patched/modes/goop.c
xlockmore-5.31-patched/modes/grav.c
xlockmore-5.31-patched/modes/helix.c
xlockmore-5.31-patched/modes/hop.c
xlockmore-5.31-patched/modes/hyper.c
xlockmore-5.31-patched/modes/ico.c
xlockmore-5.31-patched/modes/ifs.c
xlockmore-5.31-patched/modes/image.c
xlockmore-5.31-patched/modes/Imakefile
xlockmore-5.31-patched/modes/juggle.c
xlockmore-5.31-patched/modes/julia.c
xlockmore-5.31-patched/modes/kaleid.c
xlockmore-5.31-patched/modes/kumppa.c
xlockmore-5.31-patched/modes/laser.c
xlockmore-5.31-patched/modes/life.c
xlockmore-5.31-patched/modes/life.h
xlockmore-5.31-patched/modes/life1d.c
xlockmore-5.31-patched/modes/life3d.c
xlockmore-5.31-patched/modes/life3d.h
xlockmore-5.31-patched/modes/lightning.c
xlockmore-5.31-patched/modes/lisa.c
xlockmore-5.31-patched/modes/lissie.c
xlockmore-5.31-patched/modes/loop.c
xlockmore-5.31-patched/modes/lyapunov.c
xlockmore-5.31-patched/modes/Makefile.in
xlockmore-5.31-patched/modes/Makefile.inxs
xlockmore-5.31-patched/modes/Makefile.win32
xlockmore-5.31-patched/modes/mandelbrot.c
xlockmore-5.31-patched/modes/marquee.c
xlockmore-5.31-patched/modes/matrix.c
xlockmore-5.31-patched/modes/maze.c
xlockmore-5.31-patched/modes/mountain.c
xlockmore-5.31-patched/modes/munch.c
xlockmore-5.31-patched/modes/nose.c
xlockmore-5.31-patched/modes/pacman.c
xlockmore-5.31-patched/modes/pacman.h
xlockmore-5.31-patched/modes/pacman_ai.h
xlockmore-5.31-patched/modes/pacman_level.h
xlockmore-5.31-patched/modes/penrose.c
xlockmore-5.31-patched/modes/petal.c
xlockmore-5.31-patched/modes/petri.c
xlockmore-5.31-patched/modes/polyominoes.c
xlockmore-5.31-patched/modes/puzzle.c
xlockmore-5.31-patched/modes/pyro.c
xlockmore-5.31-patched/modes/pyro2.c
xlockmore-5.31-patched/modes/qix.c
xlockmore-5.31-patched/modes/rain.c
xlockmore-5.31-patched/modes/random.c
xlockmore-5.31-patched/modes/roll.c
xlockmore-5.31-patched/modes/rotor.c
xlockmore-5.31-patched/modes/run.c
xlockmore-5.31-patched/modes/scooter.c
xlockmore-5.31-patched/modes/shape.c
xlockmore-5.31-patched/modes/sierpinski.c
xlockmore-5.31-patched/modes/slip.c
xlockmore-5.31-patched/modes/solitaire.cc
xlockmore-5.31-patched/modes/space.c
xlockmore-5.31-patched/modes/sphere.c
xlockmore-5.31-patched/modes/spiral.c
xlockmore-5.31-patched/modes/spline.c
xlockmore-5.31-patched/modes/star.c
xlockmore-5.31-patched/modes/starfish.c
xlockmore-5.31-patched/modes/strange.c
xlockmore-5.31-patched/modes/swarm.c
xlockmore-5.31-patched/modes/swirl.c
xlockmore-5.31-patched/modes/t3d.c
xlockmore-5.31-patched/modes/tetris.c
xlockmore-5.31-patched/modes/thornbird.c
xlockmore-5.31-patched/modes/tik_tak.c
xlockmore-5.31-patched/modes/toneclock.c
xlockmore-5.31-patched/modes/triangle.c
xlockmore-5.31-patched/modes/tube.c
xlockmore-5.31-patched/modes/turtle.c
xlockmore-5.31-patched/modes/vines.c
xlockmore-5.31-patched/modes/voters.c
xlockmore-5.31-patched/modes/wator.c
xlockmore-5.31-patched/modes/wire.c
xlockmore-5.31-patched/modes/world.c
xlockmore-5.31-patched/modes/worm.c
xlockmore-5.31-patched/modes/xcl.c
xlockmore-5.31-patched/modes/xcl.h
xlockmore-5.31-patched/modes/xjack.c
xlockmore-5.31-patched/modes/Makefile
xlockmore-5.31-patched/modes/bat.xbm
xlockmore-5.31-patched/modes/bat.xpm
xlockmore-5.31-patched/modes/bounce.xbm
xlockmore-5.31-patched/modes/bounce.xpm
xlockmore-5.31-patched/modes/decay.xbm
xlockmore-5.31-patched/modes/decay.xpm
xlockmore-5.31-patched/modes/eyes.xbm
xlockmore-5.31-patched/modes/eyes2.xbm
xlockmore-5.31-patched/modes/flag.xbm
xlockmore-5.31-patched/modes/flag.xpm
xlockmore-5.31-patched/modes/image.xbm
xlockmore-5.31-patched/modes/image.xpm
xlockmore-5.31-patched/modes/life.xbm
xlockmore-5.31-patched/modes/life2.xbm
xlockmore-5.31-patched/modes/life1d.xbm
xlockmore-5.31-patched/modes/maze.xbm
xlockmore-5.31-patched/modes/maze.xpm
xlockmore-5.31-patched/modes/puzzle.xbm
xlockmore-5.31-patched/modes/puzzle.xpm
xlockmore-5.31-patched/modes/pyro2.xbm
xlockmore-5.31-patched/modes/pyro2.xpm
xlockmore-5.31-patched/pixmaps/
xlockmore-5.31-patched/pixmaps/back.xpm
xlockmore-5.31-patched/pixmaps/bat-0.xpm
xlockmore-5.31-patched/pixmaps/bat-1.xpm
xlockmore-5.31-patched/pixmaps/bat-2.xpm
xlockmore-5.31-patched/pixmaps/bat-3.xpm
xlockmore-5.31-patched/pixmaps/bat-4.xpm
xlockmore-5.31-patched/pixmaps/face.xpm
xlockmore-5.31-patched/pixmaps/ground.xpm
xlockmore-5.31-patched/pixmaps/l-bob.xpm
xlockmore-5.31-patched/pixmaps/l-bsd.xpm
xlockmore-5.31-patched/pixmaps/l-cygwin.xpm
xlockmore-5.31-patched/pixmaps/l-dec.xpm
xlockmore-5.31-patched/pixmaps/l-hp.xpm
xlockmore-5.31-patched/pixmaps/l-irix.xpm
xlockmore-5.31-patched/pixmaps/l-lin.xpm
xlockmore-5.31-patched/pixmaps/l-linux.xpm
xlockmore-5.31-patched/pixmaps/l-sgi.xpm
xlockmore-5.31-patched/pixmaps/l-sol.xpm
xlockmore-5.31-patched/pixmaps/l-unflag.xpm
xlockmore-5.31-patched/pixmaps/l-usflag.xpm
xlockmore-5.31-patched/pixmaps/l-win.xpm
xlockmore-5.31-patched/pixmaps/l-xlock.xpm
xlockmore-5.31-patched/pixmaps/lament.xpm
xlockmore-5.31-patched/pixmaps/m-axp.xpm
xlockmore-5.31-patched/pixmaps/m-blank.xpm
xlockmore-5.31-patched/pixmaps/m-bsd.xpm
xlockmore-5.31-patched/pixmaps/m-cygwin.xpm
xlockmore-5.31-patched/pixmaps/m-dec.xpm
xlockmore-5.31-patched/pixmaps/m-hp.xpm
xlockmore-5.31-patched/pixmaps/m-ibm.xpm
xlockmore-5.31-patched/pixmaps/m-linux.xpm
xlockmore-5.31-patched/pixmaps/m-linux1.xpm
xlockmore-5.31-patched/pixmaps/m-lock.xpm
xlockmore-5.31-patched/pixmaps/m-sco.xpm
xlockmore-5.31-patched/pixmaps/m-sgi.xpm
xlockmore-5.31-patched/pixmaps/m-sol.xpm
xlockmore-5.31-patched/pixmaps/m-solaris.xpm
xlockmore-5.31-patched/pixmaps/m-sun.xpm
xlockmore-5.31-patched/pixmaps/m-win.xpm
xlockmore-5.31-patched/pixmaps/m-x11.xpm
xlockmore-5.31-patched/pixmaps/m-xlock.xpm
xlockmore-5.31-patched/pixmaps/s-grelb-2.xpm
xlockmore-5.31-patched/pixmaps/s-grelb.xpm
xlockmore-5.31-patched/pixmaps/s-lock.xpm
xlockmore-5.31-patched/pixmaps/s-xlock.xpm
xlockmore-5.31-patched/pixmaps/sea-texture.xpm
xlockmore-5.31-patched/pixmaps/t-lock.xpm
xlockmore-5.31-patched/pixmaps/t-xlock.xpm
xlockmore-5.31-patched/pixmaps/tree.xpm
xlockmore-5.31-patched/pixmaps/tunnel0.xpm
xlockmore-5.31-patched/pixmaps/tunnel1.xpm
xlockmore-5.31-patched/pixmaps/tunnel2.xpm
xlockmore-5.31-patched/pixmaps/tunnel3.xpm
xlockmore-5.31-patched/pixmaps/tunnel4.xpm
xlockmore-5.31-patched/pixmaps/tunnel5.xpm
xlockmore-5.31-patched/README
xlockmore-5.31-patched/sounds/
xlockmore-5.31-patched/sounds/complete.au
xlockmore-5.31-patched/sounds/identify-please.au
xlockmore-5.31-patched/sounds/not-programmed.au
xlockmore-5.31-patched/sounds/thank-you.au
xlockmore-5.31-patched/tclIndex
xlockmore-5.31-patched/win32/
xlockmore-5.31-patched/win32/EnableWin32.txt
xlockmore-5.31-patched/win32/Makefile.win32
xlockmore-5.31-patched/win32/readme.txt
xlockmore-5.31-patched/win32/scrnsave.c
xlockmore-5.31-patched/win32/todo.txt
xlockmore-5.31-patched/win32/Xapi.c
xlockmore-5.31-patched/win32/Xapi.h
xlockmore-5.31-patched/win32/xlock.ico
xlockmore-5.31-patched/win32/xlock95.c
xlockmore-5.31-patched/win32/xlock95.h
xlockmore-5.31-patched/win32/xlock95.manifest
xlockmore-5.31-patched/win32/xlock95.rc
xlockmore-5.31-patched/xglock/
xlockmore-5.31-patched/xglock/logo.h
xlockmore-5.31-patched/xglock/logo2.h
xlockmore-5.31-patched/xglock/logo2.xcf
xlockmore-5.31-patched/xglock/Makefile.in
xlockmore-5.31-patched/xglock/modes.h
xlockmore-5.31-patched/xglock/README.xglock
xlockmore-5.31-patched/xglock/xglock.c
xlockmore-5.31-patched/xglock/xglockrc
xlockmore-5.31-patched/xglock/Makefile
xlockmore-5.31-patched/xlock/
xlockmore-5.31-patched/xlock/automata.c
xlockmore-5.31-patched/xlock/automata.h
xlockmore-5.31-patched/xlock/color.c
xlockmore-5.31-patched/xlock/color.h
xlockmore-5.31-patched/xlock/erase.c
xlockmore-5.31-patched/xlock/erase.h
xlockmore-5.31-patched/xlock/erase_debug.h
xlockmore-5.31-patched/xlock/erase_init.h
xlockmore-5.31-patched/xlock/Imakefile
xlockmore-5.31-patched/xlock/iostuff.c
xlockmore-5.31-patched/xlock/iostuff.h
xlockmore-5.31-patched/xlock/junk2
xlockmore-5.31-patched/xlock/logout.c
xlockmore-5.31-patched/xlock/magick.c
xlockmore-5.31-patched/xlock/magick.h
xlockmore-5.31-patched/xlock/Makefile.in
xlockmore-5.31-patched/xlock/Makefile.inxs
xlockmore-5.31-patched/xlock/Makefile.win32
xlockmore-5.31-patched/xlock/memcheck.c
xlockmore-5.31-patched/xlock/mode.c
xlockmore-5.31-patched/xlock/mode.h
xlockmore-5.31-patched/xlock/parsecmd.c
xlockmore-5.31-patched/xlock/passwd.c
xlockmore-5.31-patched/xlock/passwd.h
xlockmore-5.31-patched/xlock/random.c
xlockmore-5.31-patched/xlock/random.h
xlockmore-5.31-patched/xlock/ras.c
xlockmore-5.31-patched/xlock/ras.h
xlockmore-5.31-patched/xlock/ras3.c
xlockmore-5.31-patched/xlock/resource-msg-en.h
xlockmore-5.31-patched/xlock/resource-msg-fr.h
xlockmore-5.31-patched/xlock/resource-msg-ja.h
xlockmore-5.31-patched/xlock/resource-msg-nl.h
xlockmore-5.31-patched/xlock/resource-msg-zh_TW.h
xlockmore-5.31-patched/xlock/resource.c
xlockmore-5.31-patched/xlock/sound.c
xlockmore-5.31-patched/xlock/spline.c
xlockmore-5.31-patched/xlock/spline.h
xlockmore-5.31-patched/xlock/util.c
xlockmore-5.31-patched/xlock/util.h
xlockmore-5.31-patched/xlock/version.h
xlockmore-5.31-patched/xlock/vis.c
xlockmore-5.31-patched/xlock/vis.h
xlockmore-5.31-patched/xlock/visgl.c
xlockmore-5.31-patched/xlock/visgl.h
xlockmore-5.31-patched/xlock/vms_amd.c
xlockmore-5.31-patched/xlock/vms_amd.h
xlockmore-5.31-patched/xlock/vms_mmov.c
xlockmore-5.31-patched/xlock/vms_x_fix.h
xlockmore-5.31-patched/xlock/vroot.h
xlockmore-5.31-patched/xlock/vtlock.c
xlockmore-5.31-patched/xlock/vtlock_proc.c
xlockmore-5.31-patched/xlock/xbm.c
xlockmore-5.31-patched/xlock/XLock-fr.ad
xlockmore-5.31-patched/xlock/XLock-ja.ad
xlockmore-5.31-patched/xlock/xlock-msg-ja.h
xlockmore-5.31-patched/xlock/xlock-msg-zh_TW.h
xlockmore-5.31-patched/xlock/XLock-zh_TW.ad
xlockmore-5.31-patched/xlock/XLock.ad
xlockmore-5.31-patched/xlock/xlock.c
xlockmore-5.31-patched/xlock/xlock.h
xlockmore-5.31-patched/xlock/xlock.hlp
xlockmore-5.31-patched/xlock/xlock.html
xlockmore-5.31-patched/xlock/xlock.man
xlockmore-5.31-patched/xlock/xlockimage.c
xlockmore-5.31-patched/xlock/xlockimage.h
xlockmore-5.31-patched/xlock/mode.hORIG
xlockmore-5.31-patched/xlock/Makefile
xlockmore-5.31-patched/xlockmore.spec
xlockmore-5.31-patched/xmlock/
xlockmore-5.31-patched/xmlock/Imakefile
xlockmore-5.31-patched/xmlock/Makefile.in
xlockmore-5.31-patched/xmlock/menu.h
xlockmore-5.31-patched/xmlock/modes.h
xlockmore-5.31-patched/xmlock/option.c
xlockmore-5.31-patched/xmlock/option.h
xlockmore-5.31-patched/xmlock/XmLock-jp.ad
xlockmore-5.31-patched/xmlock/XmLock.ad
xlockmore-5.31-patched/xmlock/xmlock.c
xlockmore-5.31-patched/xmlock/Makefile
xlockmore-5.31-patched/xscreensaver/
xlockmore-5.31-patched/xscreensaver/configure
xlockmore-5.31-patched/xscreensaver/configure.in
xlockmore-5.31-patched/xscreensaver/Makefile.in
xlockmore-5.31-patched/xscreensaver/README
xlockmore-5.31-patched/config.log
xlockmore-5.31-patched/config.status
xlockmore-5.31-patched/Makefile
xlockmore-5.31-patched/config.h
checking build system type... i686-pc-linux-gnu
checking host system type... i686-pc-linux-gnu
checking for gcc... gcc
checking whether the C compiler works... yes
checking for C compiler default output file name... a.out
checking for suffix of executables... 
checking whether we are cross compiling... no
checking for suffix of object files... o
checking whether we are using the GNU C compiler... yes
checking whether gcc accepts -g... yes
checking for gcc option to accept ISO C89... none needed
checking for g++... g++
checking whether we are using the GNU C++ compiler... yes
checking whether g++ accepts -g... yes
Turning on GNU compiler warnings.
checking whether ln -s works... yes
checking how to run the C preprocessor... gcc -Wnested-externs -Wno-format -E
checking for grep that handles long lines and -e... /bin/grep
checking for egrep... /bin/grep -E
checking for ANSI C header files... yes
checking for sys/types.h... yes
checking for sys/stat.h... yes
checking for stdlib.h... yes
checking for string.h... yes
checking for memory.h... yes
checking for strings.h... yes
checking for inttypes.h... yes
checking for stdint.h... yes
checking for unistd.h... yes
checking minix/config.h usability... no
checking minix/config.h presence... no
checking for minix/config.h... no
checking whether it is safe to define __EXTENSIONS__... yes
checking for a BSD-compatible install... /usr/bin/ginstall -c
checking whether make sets $(MAKE)... yes
checking test -h... -h
checking for library containing strerror... none required
checking fcntl.h usability... yes
checking fcntl.h presence... yes
checking for fcntl.h... yes
checking limits.h usability... yes
checking limits.h presence... yes
checking for limits.h... yes
checking sys/select.h usability... yes
checking sys/select.h presence... yes
checking for sys/select.h... yes
checking sys/time.h usability... yes
checking sys/time.h presence... yes
checking for sys/time.h... yes
checking syslog.h usability... yes
checking syslog.h presence... yes
checking for syslog.h... yes
checking for unistd.h... (cached) yes
checking for memory.h... (cached) yes
checking sys/param.h usability... yes
checking sys/param.h presence... yes
checking for sys/param.h... yes
checking for an ANSI C-conforming const... yes
checking for mode_t... yes
checking for uid_t in sys/types.h... yes
checking for pid_t... yes
checking for size_t... yes
checking whether time.h and sys/time.h may both be included... yes
checking whether struct tm is in sys/time.h or time.h... time.h
checking for getenv declaration... yes
checking for gethostname... yes
checking for select... yes
checking for strdup... yes
checking for setpriority... yes
checking for vfork... yes
checking for seteuid... yes
checking for X... libraries , headers 
checking for gethostbyname... yes
checking for connect... yes
checking for remove... yes
checking for shmat... yes
checking for IceConnectionNumber in -lICE... yes
checking for X app-defaults directory... /usr/lib/X11/app-defaults
checking for Motif... no
checking for Editres... no
checking for XPM... libraries /usr/lib, headers /usr/include
checking for GLTT... no
checking for TTF... no
checking for FTGL... no
checking for FREETYPE2... libraries /usr/lib, headers /usr/include/freetype2
checking for OpenGL (OK if this is Mesa)... no
checking for Mesa... no
checking for GL >=1.1... yes
checking for DtSaver... no
checking for EXT... libraries /usr/lib, headers /usr/include
checking for DPMS... libraries , headers /usr/include
checking for XINERAMA... libraries /usr/lib, headers /usr/include
checking for RPLAY... no
checking for ESOUND... libraries /usr/lib, headers /usr/include
checking for NAS... no
checking for CRYPT... libraries /usr/lib
checking for pkg-config... /usr/bin/pkg-config
checking for gtk+-2.0... 2.24.20
checking elf.h usability... yes
checking elf.h presence... yes
checking for elf.h... yes
checking for dirent.h that defines DIR... yes
checking for library containing opendir... none required
checking for usleep... yes
checking how to call gettimeofday... two arguments
checking for tzset... yes
checking for timelocal... yes
checking for inline... inline
checking for srand48... yes
checking for srand48 declaration... yes
checking matherr support... yes
checking struct sigset_t... no
checking whether wchar_t is defined internal to C++... no
defining option USE_VROOT
defining option ALWAYS_ALLOW_ROOT
defining option USE_XLOCKRC
defining option USE_BOMB
enabling nice modes only
using default language (English)
defining install options (setuid/setgid) = "-s -o root -m 4111"
configure: creating ./config.status
config.status: creating Makefile
config.status: creating xlock/Makefile
config.status: creating modes/Makefile
config.status: creating modes/glx/Makefile
config.status: creating xmlock/Makefile
config.status: creating xglock/Makefile
config.status: creating config.h
make[1]: Entering directory `/mnt/sda6/00_new-woof/petbuilds-slacko-32/builds/xlockmore/xlockmore-5.31-patched/xlock'
make[1]: warning: jobserver unavailable: using -j1.  Add `+' to parent make rule.
gcc -Wnested-externs -Wno-format -c  -DHAVE_CONFIG_H -DDEF_FILESEARCHPATH=\"/usr/lib/X11/app-defaults/%N%C%S:/usr/lib/X11/app-defaults/%N%S\"   -I. -I.. -I..  -I/usr/include -I/usr/include/freetype2 -I/usr/include -I/usr/include -I/usr/include -I/usr/include   -g -O2 xlock.c
gcc -Wnested-externs -Wno-format -c  -DHAVE_CONFIG_H -DDEF_FILESEARCHPATH=\"/usr/lib/X11/app-defaults/%N%C%S:/usr/lib/X11/app-defaults/%N%S\"   -I. -I.. -I..  -I/usr/include -I/usr/include/freetype2 -I/usr/include -I/usr/include -I/usr/include -I/usr/include   -g -O2 passwd.c
gcc -Wnested-externs -Wno-format -c  -DHAVE_CONFIG_H -DDEF_FILESEARCHPATH=\"/usr/lib/X11/app-defaults/%N%C%S:/usr/lib/X11/app-defaults/%N%S\"   -I. -I.. -I..  -I/usr/include -I/usr/include/freetype2 -I/usr/include -I/usr/include -I/usr/include -I/usr/include   -g -O2 resource.c
gcc -Wnested-externs -Wno-format -c  -DHAVE_CONFIG_H -DDEF_FILESEARCHPATH=\"/usr/lib/X11/app-defaults/%N%C%S:/usr/lib/X11/app-defaults/%N%S\"   -I. -I.. -I..  -I/usr/include -I/usr/include/freetype2 -I/usr/include -I/usr/include -I/usr/include -I/usr/include   -g -O2 parsecmd.c
gcc -Wnested-externs -Wno-format -c  -DHAVE_CONFIG_H -DDEF_FILESEARCHPATH=\"/usr/lib/X11/app-defaults/%N%C%S:/usr/lib/X11/app-defaults/%N%S\"   -I. -I.. -I..  -I/usr/include -I/usr/include/freetype2 -I/usr/include -I/usr/include -I/usr/include -I/usr/include   -g -O2 util.c
gcc -Wnested-externs -Wno-format -c  -DHAVE_CONFIG_H -DDEF_FILESEARCHPATH=\"/usr/lib/X11/app-defaults/%N%C%S:/usr/lib/X11/app-defaults/%N%S\"   -I. -I.. -I..  -I/usr/include -I/usr/include/freetype2 -I/usr/include -I/usr/include -I/usr/include -I/usr/include   -g -O2 logout.c
gcc -Wnested-externs -Wno-format -c  -DHAVE_CONFIG_H -DDEF_FILESEARCHPATH=\"/usr/lib/X11/app-defaults/%N%C%S:/usr/lib/X11/app-defaults/%N%S\"   -I. -I.. -I..  -I/usr/include -I/usr/include/freetype2 -I/usr/include -I/usr/include -I/usr/include -I/usr/include   -g -O2 mode.c
gcc -Wnested-externs -Wno-format -c  -DHAVE_CONFIG_H -DDEF_FILESEARCHPATH=\"/usr/lib/X11/app-defaults/%N%C%S:/usr/lib/X11/app-defaults/%N%S\"   -I. -I.. -I..  -I/usr/include -I/usr/include/freetype2 -I/usr/include -I/usr/include -I/usr/include -I/usr/include   -g -O2 xlockimage.c
gcc -Wnested-externs -Wno-format -c  -DHAVE_CONFIG_H -DDEF_FILESEARCHPATH=\"/usr/lib/X11/app-defaults/%N%C%S:/usr/lib/X11/app-defaults/%N%S\"   -I. -I.. -I..  -I/usr/include -I/usr/include/freetype2 -I/usr/include -I/usr/include -I/usr/include -I/usr/include   -g -O2 ras.c
gcc -Wnested-externs -Wno-format -c  -DHAVE_CONFIG_H -DDEF_FILESEARCHPATH=\"/usr/lib/X11/app-defaults/%N%C%S:/usr/lib/X11/app-defaults/%N%S\"   -I. -I.. -I..  -I/usr/include -I/usr/include/freetype2 -I/usr/include -I/usr/include -I/usr/include -I/usr/include   -g -O2 xbm.c
gcc -Wnested-externs -Wno-format -c  -DHAVE_CONFIG_H -DDEF_FILESEARCHPATH=\"/usr/lib/X11/app-defaults/%N%C%S:/usr/lib/X11/app-defaults/%N%S\"   -I. -I.. -I..  -I/usr/include -I/usr/include/freetype2 -I/usr/include -I/usr/include -I/usr/include -I/usr/include   -g -O2 vis.c
gcc -Wnested-externs -Wno-format -c  -DHAVE_CONFIG_H -DDEF_FILESEARCHPATH=\"/usr/lib/X11/app-defaults/%N%C%S:/usr/lib/X11/app-defaults/%N%S\"   -I. -I.. -I..  -I/usr/include -I/usr/include/freetype2 -I/usr/include -I/usr/include -I/usr/include -I/usr/include   -g -O2 visgl.c
gcc -Wnested-externs -Wno-format -c  -DHAVE_CONFIG_H -DDEF_FILESEARCHPATH=\"/usr/lib/X11/app-defaults/%N%C%S:/usr/lib/X11/app-defaults/%N%S\"   -I. -I.. -I..  -I/usr/include -I/usr/include/freetype2 -I/usr/include -I/usr/include -I/usr/include -I/usr/include   -g -O2 color.c
gcc -Wnested-externs -Wno-format -c  -DHAVE_CONFIG_H -DDEF_FILESEARCHPATH=\"/usr/lib/X11/app-defaults/%N%C%S:/usr/lib/X11/app-defaults/%N%S\"   -I. -I.. -I..  -I/usr/include -I/usr/include/freetype2 -I/usr/include -I/usr/include -I/usr/include -I/usr/include   -g -O2 random.c
gcc -Wnested-externs -Wno-format -c  -DHAVE_CONFIG_H -DDEF_FILESEARCHPATH=\"/usr/lib/X11/app-defaults/%N%C%S:/usr/lib/X11/app-defaults/%N%S\"   -I. -I.. -I..  -I/usr/include -I/usr/include/freetype2 -I/usr/include -I/usr/include -I/usr/include -I/usr/include   -g -O2 iostuff.c
gcc -Wnested-externs -Wno-format -c  -DHAVE_CONFIG_H -DDEF_FILESEARCHPATH=\"/usr/lib/X11/app-defaults/%N%C%S:/usr/lib/X11/app-defaults/%N%S\"   -I. -I.. -I..  -I/usr/include -I/usr/include/freetype2 -I/usr/include -I/usr/include -I/usr/include -I/usr/include   -g -O2 automata.c
gcc -Wnested-externs -Wno-format -c  -DHAVE_CONFIG_H -DDEF_FILESEARCHPATH=\"/usr/lib/X11/app-defaults/%N%C%S:/usr/lib/X11/app-defaults/%N%S\"   -I. -I.. -I..  -I/usr/include -I/usr/include/freetype2 -I/usr/include -I/usr/include -I/usr/include -I/usr/include   -g -O2 spline.c
gcc -Wnested-externs -Wno-format -c  -DHAVE_CONFIG_H -DDEF_FILESEARCHPATH=\"/usr/lib/X11/app-defaults/%N%C%S:/usr/lib/X11/app-defaults/%N%S\"   -I. -I.. -I..  -I/usr/include -I/usr/include/freetype2 -I/usr/include -I/usr/include -I/usr/include -I/usr/include   -g -O2 sound.c
gcc -Wnested-externs -Wno-format -c  -DHAVE_CONFIG_H -DDEF_FILESEARCHPATH=\"/usr/lib/X11/app-defaults/%N%C%S:/usr/lib/X11/app-defaults/%N%S\"   -I. -I.. -I..  -I/usr/include -I/usr/include/freetype2 -I/usr/include -I/usr/include -I/usr/include -I/usr/include   -g -O2 erase.c
gcc -Wnested-externs -Wno-format -c  -DHAVE_CONFIG_H -DDEF_FILESEARCHPATH=\"/usr/lib/X11/app-defaults/%N%C%S:/usr/lib/X11/app-defaults/%N%S\"   -I. -I.. -I..  -I/usr/include -I/usr/include/freetype2 -I/usr/include -I/usr/include -I/usr/include -I/usr/include   -g -O2 magick.c
gcc -Wnested-externs -Wno-format -c  -DHAVE_CONFIG_H -DDEF_FILESEARCHPATH=\"/usr/lib/X11/app-defaults/%N%C%S:/usr/lib/X11/app-defaults/%N%S\"   -I. -I.. -I..  -I/usr/include -I/usr/include/freetype2 -I/usr/include -I/usr/include -I/usr/include -I/usr/include   -g -O2 vtlock.c
gcc -Wnested-externs -Wno-format -c  -DHAVE_CONFIG_H -DDEF_FILESEARCHPATH=\"/usr/lib/X11/app-defaults/%N%C%S:/usr/lib/X11/app-defaults/%N%S\"   -I. -I.. -I..  -I/usr/include -I/usr/include/freetype2 -I/usr/include -I/usr/include -I/usr/include -I/usr/include   -g -O2 vtlock_proc.c
make[1]: Leaving directory `/mnt/sda6/00_new-woof/petbuilds-slacko-32/builds/xlockmore/xlockmore-5.31-patched/xlock'
make[1]: Entering directory `/mnt/sda6/00_new-woof/petbuilds-slacko-32/builds/xlockmore/xlockmore-5.31-patched/modes/glx'
make[1]: warning: jobserver unavailable: using -j1.  Add `+' to parent make rule.
make[1]: Nothing to be done for `all'.
make[1]: Leaving directory `/mnt/sda6/00_new-woof/petbuilds-slacko-32/builds/xlockmore/xlockmore-5.31-patched/modes/glx'
make[1]: Entering directory `/mnt/sda6/00_new-woof/petbuilds-slacko-32/builds/xlockmore/xlockmore-5.31-patched/modes'
make[1]: warning: jobserver unavailable: using -j1.  Add `+' to parent make rule.
gcc -Wnested-externs -Wno-format -c  -DHAVE_CONFIG_H -DDEF_FILESEARCHPATH=\"/usr/lib/X11/app-defaults/%N%C%S:/usr/lib/X11/app-defaults/%N%S\"   -I. -I.. -I.. -I../xlock/ -I../..  -I/usr/include -I/usr/include/freetype2 -I/usr/include -I/usr/include -I/usr/include -I/usr/include   -g -O2 anemone.c
gcc -Wnested-externs -Wno-format -c  -DHAVE_CONFIG_H -DDEF_FILESEARCHPATH=\"/usr/lib/X11/app-defaults/%N%C%S:/usr/lib/X11/app-defaults/%N%S\"   -I. -I.. -I.. -I../xlock/ -I../..  -I/usr/include -I/usr/include/freetype2 -I/usr/include -I/usr/include -I/usr/include -I/usr/include   -g -O2 ant.c
gcc -Wnested-externs -Wno-format -c  -DHAVE_CONFIG_H -DDEF_FILESEARCHPATH=\"/usr/lib/X11/app-defaults/%N%C%S:/usr/lib/X11/app-defaults/%N%S\"   -I. -I.. -I.. -I../xlock/ -I../..  -I/usr/include -I/usr/include/freetype2 -I/usr/include -I/usr/include -I/usr/include -I/usr/include   -g -O2 ant3d.c
gcc -Wnested-externs -Wno-format -c  -DHAVE_CONFIG_H -DDEF_FILESEARCHPATH=\"/usr/lib/X11/app-defaults/%N%C%S:/usr/lib/X11/app-defaults/%N%S\"   -I. -I.. -I.. -I../xlock/ -I../..  -I/usr/include -I/usr/include/freetype2 -I/usr/include -I/usr/include -I/usr/include -I/usr/include   -g -O2 apollonian.c
gcc -Wnested-externs -Wno-format -c  -DHAVE_CONFIG_H -DDEF_FILESEARCHPATH=\"/usr/lib/X11/app-defaults/%N%C%S:/usr/lib/X11/app-defaults/%N%S\"   -I. -I.. -I.. -I../xlock/ -I../..  -I/usr/include -I/usr/include/freetype2 -I/usr/include -I/usr/include -I/usr/include -I/usr/include   -g -O2 ball.c
gcc -Wnested-externs -Wno-format -c  -DHAVE_CONFIG_H -DDEF_FILESEARCHPATH=\"/usr/lib/X11/app-defaults/%N%C%S:/usr/lib/X11/app-defaults/%N%S\"   -I. -I.. -I.. -I../xlock/ -I../..  -I/usr/include -I/usr/include/freetype2 -I/usr/include -I/usr/include -I/usr/include -I/usr/include   -g -O2 bat.c
gcc -Wnested-externs -Wno-format -c  -DHAVE_CONFIG_H -DDEF_FILESEARCHPATH=\"/usr/lib/X11/app-defaults/%N%C%S:/usr/lib/X11/app-defaults/%N%S\"   -I. -I.. -I.. -I../xlock/ -I../..  -I/usr/include -I/usr/include/freetype2 -I/usr/include -I/usr/include -I/usr/include -I/usr/include   -g -O2 blot.c
gcc -Wnested-externs -Wno-format -c  -DHAVE_CONFIG_H -DDEF_FILESEARCHPATH=\"/usr/lib/X11/app-defaults/%N%C%S:/usr/lib/X11/app-defaults/%N%S\"   -I. -I.. -I.. -I../xlock/ -I../..  -I/usr/include -I/usr/include/freetype2 -I/usr/include -I/usr/include -I/usr/include -I/usr/include   -g -O2 bouboule.c
gcc -Wnested-externs -Wno-format -c  -DHAVE_CONFIG_H -DDEF_FILESEARCHPATH=\"/usr/lib/X11/app-defaults/%N%C%S:/usr/lib/X11/app-defaults/%N%S\"   -I. -I.. -I.. -I../xlock/ -I../..  -I/usr/include -I/usr/include/freetype2 -I/usr/include -I/usr/include -I/usr/include -I/usr/include   -g -O2 bounce.c
gcc -Wnested-externs -Wno-format -c  -DHAVE_CONFIG_H -DDEF_FILESEARCHPATH=\"/usr/lib/X11/app-defaults/%N%C%S:/usr/lib/X11/app-defaults/%N%S\"   -I. -I.. -I.. -I../xlock/ -I../..  -I/usr/include -I/usr/include/freetype2 -I/usr/include -I/usr/include -I/usr/include -I/usr/include   -g -O2 braid.c
gcc -Wnested-externs -Wno-format -c  -DHAVE_CONFIG_H -DDEF_FILESEARCHPATH=\"/usr/lib/X11/app-defaults/%N%C%S:/usr/lib/X11/app-defaults/%N%S\"   -I. -I.. -I.. -I../xlock/ -I../..  -I/usr/include -I/usr/include/freetype2 -I/usr/include -I/usr/include -I/usr/include -I/usr/include   -g -O2 bubble.c
gcc -Wnested-externs -Wno-format -c  -DHAVE_CONFIG_H -DDEF_FILESEARCHPATH=\"/usr/lib/X11/app-defaults/%N%C%S:/usr/lib/X11/app-defaults/%N%S\"   -I. -I.. -I.. -I../xlock/ -I../..  -I/usr/include -I/usr/include/freetype2 -I/usr/include -I/usr/include -I/usr/include -I/usr/include   -g -O2 bug.c
gcc -Wnested-externs -Wno-format -c  -DHAVE_CONFIG_H -DDEF_FILESEARCHPATH=\"/usr/lib/X11/app-defaults/%N%C%S:/usr/lib/X11/app-defaults/%N%S\"   -I. -I.. -I.. -I../xlock/ -I../..  -I/usr/include -I/usr/include/freetype2 -I/usr/include -I/usr/include -I/usr/include -I/usr/include   -g -O2 clock.c
gcc -Wnested-externs -Wno-format -c  -DHAVE_CONFIG_H -DDEF_FILESEARCHPATH=\"/usr/lib/X11/app-defaults/%N%C%S:/usr/lib/X11/app-defaults/%N%S\"   -I. -I.. -I.. -I../xlock/ -I../..  -I/usr/include -I/usr/include/freetype2 -I/usr/include -I/usr/include -I/usr/include -I/usr/include   -g -O2 coral.c
gcc -Wnested-externs -Wno-format -c  -DHAVE_CONFIG_H -DDEF_FILESEARCHPATH=\"/usr/lib/X11/app-defaults/%N%C%S:/usr/lib/X11/app-defaults/%N%S\"   -I. -I.. -I.. -I../xlock/ -I../..  -I/usr/include -I/usr/include/freetype2 -I/usr/include -I/usr/include -I/usr/include -I/usr/include   -g -O2 crystal.c
gcc -Wnested-externs -Wno-format -c  -DHAVE_CONFIG_H -DDEF_FILESEARCHPATH=\"/usr/lib/X11/app-defaults/%N%C%S:/usr/lib/X11/app-defaults/%N%S\"   -I. -I.. -I.. -I../xlock/ -I../..  -I/usr/include -I/usr/include/freetype2 -I/usr/include -I/usr/include -I/usr/include -I/usr/include   -g -O2 daisy.c
gcc -Wnested-externs -Wno-format -c  -DHAVE_CONFIG_H -DDEF_FILESEARCHPATH=\"/usr/lib/X11/app-defaults/%N%C%S:/usr/lib/X11/app-defaults/%N%S\"   -I. -I.. -I.. -I../xlock/ -I../..  -I/usr/include -I/usr/include/freetype2 -I/usr/include -I/usr/include -I/usr/include -I/usr/include   -g -O2 dclock.c
gcc -Wnested-externs -Wno-format -c  -DHAVE_CONFIG_H -DDEF_FILESEARCHPATH=\"/usr/lib/X11/app-defaults/%N%C%S:/usr/lib/X11/app-defaults/%N%S\"   -I. -I.. -I.. -I../xlock/ -I../..  -I/usr/include -I/usr/include/freetype2 -I/usr/include -I/usr/include -I/usr/include -I/usr/include   -g -O2 decay.c
gcc -Wnested-externs -Wno-format -c  -DHAVE_CONFIG_H -DDEF_FILESEARCHPATH=\"/usr/lib/X11/app-defaults/%N%C%S:/usr/lib/X11/app-defaults/%N%S\"   -I. -I.. -I.. -I../xlock/ -I../..  -I/usr/include -I/usr/include/freetype2 -I/usr/include -I/usr/include -I/usr/include -I/usr/include   -g -O2 deco.c
gcc -Wnested-externs -Wno-format -c  -DHAVE_CONFIG_H -DDEF_FILESEARCHPATH=\"/usr/lib/X11/app-defaults/%N%C%S:/usr/lib/X11/app-defaults/%N%S\"   -I. -I.. -I.. -I../xlock/ -I../..  -I/usr/include -I/usr/include/freetype2 -I/usr/include -I/usr/include -I/usr/include -I/usr/include   -g -O2 deluxe.c
gcc -Wnested-externs -Wno-format -c  -DHAVE_CONFIG_H -DDEF_FILESEARCHPATH=\"/usr/lib/X11/app-defaults/%N%C%S:/usr/lib/X11/app-defaults/%N%S\"   -I. -I.. -I.. -I../xlock/ -I../..  -I/usr/include -I/usr/include/freetype2 -I/usr/include -I/usr/include -I/usr/include -I/usr/include   -g -O2 demon.c
gcc -Wnested-externs -Wno-format -c  -DHAVE_CONFIG_H -DDEF_FILESEARCHPATH=\"/usr/lib/X11/app-defaults/%N%C%S:/usr/lib/X11/app-defaults/%N%S\"   -I. -I.. -I.. -I../xlock/ -I../..  -I/usr/include -I/usr/include/freetype2 -I/usr/include -I/usr/include -I/usr/include -I/usr/include   -g -O2 dilemma.c
gcc -Wnested-externs -Wno-format -c  -DHAVE_CONFIG_H -DDEF_FILESEARCHPATH=\"/usr/lib/X11/app-defaults/%N%C%S:/usr/lib/X11/app-defaults/%N%S\"   -I. -I.. -I.. -I../xlock/ -I../..  -I/usr/include -I/usr/include/freetype2 -I/usr/include -I/usr/include -I/usr/include -I/usr/include   -g -O2 discrete.c
gcc -Wnested-externs -Wno-format -c  -DHAVE_CONFIG_H -DDEF_FILESEARCHPATH=\"/usr/lib/X11/app-defaults/%N%C%S:/usr/lib/X11/app-defaults/%N%S\"   -I. -I.. -I.. -I../xlock/ -I../..  -I/usr/include -I/usr/include/freetype2 -I/usr/include -I/usr/include -I/usr/include -I/usr/include   -g -O2 dragon.c
gcc -Wnested-externs -Wno-format -c  -DHAVE_CONFIG_H -DDEF_FILESEARCHPATH=\"/usr/lib/X11/app-defaults/%N%C%S:/usr/lib/X11/app-defaults/%N%S\"   -I. -I.. -I.. -I../xlock/ -I../..  -I/usr/include -I/usr/include/freetype2 -I/usr/include -I/usr/include -I/usr/include -I/usr/include   -g -O2 drift.c
gcc -Wnested-externs -Wno-format -c  -DHAVE_CONFIG_H -DDEF_FILESEARCHPATH=\"/usr/lib/X11/app-defaults/%N%C%S:/usr/lib/X11/app-defaults/%N%S\"   -I. -I.. -I.. -I../xlock/ -I../..  -I/usr/include -I/usr/include/freetype2 -I/usr/include -I/usr/include -I/usr/include -I/usr/include   -g -O2 euler2d.c
gcc -Wnested-externs -Wno-format -c  -DHAVE_CONFIG_H -DDEF_FILESEARCHPATH=\"/usr/lib/X11/app-defaults/%N%C%S:/usr/lib/X11/app-defaults/%N%S\"   -I. -I.. -I.. -I../xlock/ -I../..  -I/usr/include -I/usr/include/freetype2 -I/usr/include -I/usr/include -I/usr/include -I/usr/include   -g -O2 eyes.c
gcc -Wnested-externs -Wno-format -c  -DHAVE_CONFIG_H -DDEF_FILESEARCHPATH=\"/usr/lib/X11/app-defaults/%N%C%S:/usr/lib/X11/app-defaults/%N%S\"   -I. -I.. -I.. -I../xlock/ -I../..  -I/usr/include -I/usr/include/freetype2 -I/usr/include -I/usr/include -I/usr/include -I/usr/include   -g -O2 fadeplot.c
gcc -Wnested-externs -Wno-format -c  -DHAVE_CONFIG_H -DDEF_FILESEARCHPATH=\"/usr/lib/X11/app-defaults/%N%C%S:/usr/lib/X11/app-defaults/%N%S\"   -I. -I.. -I.. -I../xlock/ -I../..  -I/usr/include -I/usr/include/freetype2 -I/usr/include -I/usr/include -I/usr/include -I/usr/include   -g -O2 fiberlamp.c
gcc -Wnested-externs -Wno-format -c  -DHAVE_CONFIG_H -DDEF_FILESEARCHPATH=\"/usr/lib/X11/app-defaults/%N%C%S:/usr/lib/X11/app-defaults/%N%S\"   -I. -I.. -I.. -I../xlock/ -I../..  -I/usr/include -I/usr/include/freetype2 -I/usr/include -I/usr/include -I/usr/include -I/usr/include   -g -O2 flag.c
gcc -Wnested-externs -Wno-format -c  -DHAVE_CONFIG_H -DDEF_FILESEARCHPATH=\"/usr/lib/X11/app-defaults/%N%C%S:/usr/lib/X11/app-defaults/%N%S\"   -I. -I.. -I.. -I../xlock/ -I../..  -I/usr/include -I/usr/include/freetype2 -I/usr/include -I/usr/include -I/usr/include -I/usr/include   -g -O2 flame.c
gcc -Wnested-externs -Wno-format -c  -DHAVE_CONFIG_H -DDEF_FILESEARCHPATH=\"/usr/lib/X11/app-defaults/%N%C%S:/usr/lib/X11/app-defaults/%N%S\"   -I. -I.. -I.. -I../xlock/ -I../..  -I/usr/include -I/usr/include/freetype2 -I/usr/include -I/usr/include -I/usr/include -I/usr/include   -g -O2 flow.c
gcc -Wnested-externs -Wno-format -c  -DHAVE_CONFIG_H -DDEF_FILESEARCHPATH=\"/usr/lib/X11/app-defaults/%N%C%S:/usr/lib/X11/app-defaults/%N%S\"   -I. -I.. -I.. -I../xlock/ -I../..  -I/usr/include -I/usr/include/freetype2 -I/usr/include -I/usr/include -I/usr/include -I/usr/include   -g -O2 forest.c
gcc -Wnested-externs -Wno-format -c  -DHAVE_CONFIG_H -DDEF_FILESEARCHPATH=\"/usr/lib/X11/app-defaults/%N%C%S:/usr/lib/X11/app-defaults/%N%S\"   -I. -I.. -I.. -I../xlock/ -I../..  -I/usr/include -I/usr/include/freetype2 -I/usr/include -I/usr/include -I/usr/include -I/usr/include   -g -O2 fzort.c
gcc -Wnested-externs -Wno-format -c  -DHAVE_CONFIG_H -DDEF_FILESEARCHPATH=\"/usr/lib/X11/app-defaults/%N%C%S:/usr/lib/X11/app-defaults/%N%S\"   -I. -I.. -I.. -I../xlock/ -I../..  -I/usr/include -I/usr/include/freetype2 -I/usr/include -I/usr/include -I/usr/include -I/usr/include   -g -O2 galaxy.c
gcc -Wnested-externs -Wno-format -c  -DHAVE_CONFIG_H -DDEF_FILESEARCHPATH=\"/usr/lib/X11/app-defaults/%N%C%S:/usr/lib/X11/app-defaults/%N%S\"   -I. -I.. -I.. -I../xlock/ -I../..  -I/usr/include -I/usr/include/freetype2 -I/usr/include -I/usr/include -I/usr/include -I/usr/include   -g -O2 goop.c
gcc -Wnested-externs -Wno-format -c  -DHAVE_CONFIG_H -DDEF_FILESEARCHPATH=\"/usr/lib/X11/app-defaults/%N%C%S:/usr/lib/X11/app-defaults/%N%S\"   -I. -I.. -I.. -I../xlock/ -I../..  -I/usr/include -I/usr/include/freetype2 -I/usr/include -I/usr/include -I/usr/include -I/usr/include   -g -O2 grav.c
gcc -Wnested-externs -Wno-format -c  -DHAVE_CONFIG_H -DDEF_FILESEARCHPATH=\"/usr/lib/X11/app-defaults/%N%C%S:/usr/lib/X11/app-defaults/%N%S\"   -I. -I.. -I.. -I../xlock/ -I../..  -I/usr/include -I/usr/include/freetype2 -I/usr/include -I/usr/include -I/usr/include -I/usr/include   -g -O2 helix.c
gcc -Wnested-externs -Wno-format -c  -DHAVE_CONFIG_H -DDEF_FILESEARCHPATH=\"/usr/lib/X11/app-defaults/%N%C%S:/usr/lib/X11/app-defaults/%N%S\"   -I. -I.. -I.. -I../xlock/ -I../..  -I/usr/include -I/usr/include/freetype2 -I/usr/include -I/usr/include -I/usr/include -I/usr/include   -g -O2 hop.c
gcc -Wnested-externs -Wno-format -c  -DHAVE_CONFIG_H -DDEF_FILESEARCHPATH=\"/usr/lib/X11/app-defaults/%N%C%S:/usr/lib/X11/app-defaults/%N%S\"   -I. -I.. -I.. -I../xlock/ -I../..  -I/usr/include -I/usr/include/freetype2 -I/usr/include -I/usr/include -I/usr/include -I/usr/include   -g -O2 hyper.c
gcc -Wnested-externs -Wno-format -c  -DHAVE_CONFIG_H -DDEF_FILESEARCHPATH=\"/usr/lib/X11/app-defaults/%N%C%S:/usr/lib/X11/app-defaults/%N%S\"   -I. -I.. -I.. -I../xlock/ -I../..  -I/usr/include -I/usr/include/freetype2 -I/usr/include -I/usr/include -I/usr/include -I/usr/include   -g -O2 ico.c
gcc -Wnested-externs -Wno-format -c  -DHAVE_CONFIG_H -DDEF_FILESEARCHPATH=\"/usr/lib/X11/app-defaults/%N%C%S:/usr/lib/X11/app-defaults/%N%S\"   -I. -I.. -I.. -I../xlock/ -I../..  -I/usr/include -I/usr/include/freetype2 -I/usr/include -I/usr/include -I/usr/include -I/usr/include   -g -O2 ifs.c
gcc -Wnested-externs -Wno-format -c  -DHAVE_CONFIG_H -DDEF_FILESEARCHPATH=\"/usr/lib/X11/app-defaults/%N%C%S:/usr/lib/X11/app-defaults/%N%S\"   -I. -I.. -I.. -I../xlock/ -I../..  -I/usr/include -I/usr/include/freetype2 -I/usr/include -I/usr/include -I/usr/include -I/usr/include   -g -O2 image.c
gcc -Wnested-externs -Wno-format -c  -DHAVE_CONFIG_H -DDEF_FILESEARCHPATH=\"/usr/lib/X11/app-defaults/%N%C%S:/usr/lib/X11/app-defaults/%N%S\"   -I. -I.. -I.. -I../xlock/ -I../..  -I/usr/include -I/usr/include/freetype2 -I/usr/include -I/usr/include -I/usr/include -I/usr/include   -g -O2 juggle.c
gcc -Wnested-externs -Wno-format -c  -DHAVE_CONFIG_H -DDEF_FILESEARCHPATH=\"/usr/lib/X11/app-defaults/%N%C%S:/usr/lib/X11/app-defaults/%N%S\"   -I. -I.. -I.. -I../xlock/ -I../..  -I/usr/include -I/usr/include/freetype2 -I/usr/include -I/usr/include -I/usr/include -I/usr/include   -g -O2 julia.c
gcc -Wnested-externs -Wno-format -c  -DHAVE_CONFIG_H -DDEF_FILESEARCHPATH=\"/usr/lib/X11/app-defaults/%N%C%S:/usr/lib/X11/app-defaults/%N%S\"   -I. -I.. -I.. -I../xlock/ -I../..  -I/usr/include -I/usr/include/freetype2 -I/usr/include -I/usr/include -I/usr/include -I/usr/include   -g -O2 kaleid.c
gcc -Wnested-externs -Wno-format -c  -DHAVE_CONFIG_H -DDEF_FILESEARCHPATH=\"/usr/lib/X11/app-defaults/%N%C%S:/usr/lib/X11/app-defaults/%N%S\"   -I. -I.. -I.. -I../xlock/ -I../..  -I/usr/include -I/usr/include/freetype2 -I/usr/include -I/usr/include -I/usr/include -I/usr/include   -g -O2 kumppa.c
gcc -Wnested-externs -Wno-format -c  -DHAVE_CONFIG_H -DDEF_FILESEARCHPATH=\"/usr/lib/X11/app-defaults/%N%C%S:/usr/lib/X11/app-defaults/%N%S\"   -I. -I.. -I.. -I../xlock/ -I../..  -I/usr/include -I/usr/include/freetype2 -I/usr/include -I/usr/include -I/usr/include -I/usr/include   -g -O2 laser.c
gcc -Wnested-externs -Wno-format -c  -DHAVE_CONFIG_H -DDEF_FILESEARCHPATH=\"/usr/lib/X11/app-defaults/%N%C%S:/usr/lib/X11/app-defaults/%N%S\"   -I. -I.. -I.. -I../xlock/ -I../..  -I/usr/include -I/usr/include/freetype2 -I/usr/include -I/usr/include -I/usr/include -I/usr/include   -g -O2 life.c
gcc -Wnested-externs -Wno-format -c  -DHAVE_CONFIG_H -DDEF_FILESEARCHPATH=\"/usr/lib/X11/app-defaults/%N%C%S:/usr/lib/X11/app-defaults/%N%S\"   -I. -I.. -I.. -I../xlock/ -I../..  -I/usr/include -I/usr/include/freetype2 -I/usr/include -I/usr/include -I/usr/include -I/usr/include   -g -O2 life1d.c
gcc -Wnested-externs -Wno-format -c  -DHAVE_CONFIG_H -DDEF_FILESEARCHPATH=\"/usr/lib/X11/app-defaults/%N%C%S:/usr/lib/X11/app-defaults/%N%S\"   -I. -I.. -I.. -I../xlock/ -I../..  -I/usr/include -I/usr/include/freetype2 -I/usr/include -I/usr/include -I/usr/include -I/usr/include   -g -O2 life3d.c
gcc -Wnested-externs -Wno-format -c  -DHAVE_CONFIG_H -DDEF_FILESEARCHPATH=\"/usr/lib/X11/app-defaults/%N%C%S:/usr/lib/X11/app-defaults/%N%S\"   -I. -I.. -I.. -I../xlock/ -I../..  -I/usr/include -I/usr/include/freetype2 -I/usr/include -I/usr/include -I/usr/include -I/usr/include   -g -O2 lightning.c
gcc -Wnested-externs -Wno-format -c  -DHAVE_CONFIG_H -DDEF_FILESEARCHPATH=\"/usr/lib/X11/app-defaults/%N%C%S:/usr/lib/X11/app-defaults/%N%S\"   -I. -I.. -I.. -I../xlock/ -I../..  -I/usr/include -I/usr/include/freetype2 -I/usr/include -I/usr/include -I/usr/include -I/usr/include   -g -O2 lisa.c
gcc -Wnested-externs -Wno-format -c  -DHAVE_CONFIG_H -DDEF_FILESEARCHPATH=\"/usr/lib/X11/app-defaults/%N%C%S:/usr/lib/X11/app-defaults/%N%S\"   -I. -I.. -I.. -I../xlock/ -I../..  -I/usr/include -I/usr/include/freetype2 -I/usr/include -I/usr/include -I/usr/include -I/usr/include   -g -O2 lissie.c
gcc -Wnested-externs -Wno-format -c  -DHAVE_CONFIG_H -DDEF_FILESEARCHPATH=\"/usr/lib/X11/app-defaults/%N%C%S:/usr/lib/X11/app-defaults/%N%S\"   -I. -I.. -I.. -I../xlock/ -I../..  -I/usr/include -I/usr/include/freetype2 -I/usr/include -I/usr/include -I/usr/include -I/usr/include   -g -O2 loop.c
gcc -Wnested-externs -Wno-format -c  -DHAVE_CONFIG_H -DDEF_FILESEARCHPATH=\"/usr/lib/X11/app-defaults/%N%C%S:/usr/lib/X11/app-defaults/%N%S\"   -I. -I.. -I.. -I../xlock/ -I../..  -I/usr/include -I/usr/include/freetype2 -I/usr/include -I/usr/include -I/usr/include -I/usr/include   -g -O2 lyapunov.c
gcc -Wnested-externs -Wno-format -c  -DHAVE_CONFIG_H -DDEF_FILESEARCHPATH=\"/usr/lib/X11/app-defaults/%N%C%S:/usr/lib/X11/app-defaults/%N%S\"   -I. -I.. -I.. -I../xlock/ -I../..  -I/usr/include -I/usr/include/freetype2 -I/usr/include -I/usr/include -I/usr/include -I/usr/include   -g -O2 mandelbrot.c
gcc -Wnested-externs -Wno-format -c  -DHAVE_CONFIG_H -DDEF_FILESEARCHPATH=\"/usr/lib/X11/app-defaults/%N%C%S:/usr/lib/X11/app-defaults/%N%S\"   -I. -I.. -I.. -I../xlock/ -I../..  -I/usr/include -I/usr/include/freetype2 -I/usr/include -I/usr/include -I/usr/include -I/usr/include   -g -O2 marquee.c
gcc -Wnested-externs -Wno-format -c  -DHAVE_CONFIG_H -DDEF_FILESEARCHPATH=\"/usr/lib/X11/app-defaults/%N%C%S:/usr/lib/X11/app-defaults/%N%S\"   -I. -I.. -I.. -I../xlock/ -I../..  -I/usr/include -I/usr/include/freetype2 -I/usr/include -I/usr/include -I/usr/include -I/usr/include   -g -O2 matrix.c
gcc -Wnested-externs -Wno-format -c  -DHAVE_CONFIG_H -DDEF_FILESEARCHPATH=\"/usr/lib/X11/app-defaults/%N%C%S:/usr/lib/X11/app-defaults/%N%S\"   -I. -I.. -I.. -I../xlock/ -I../..  -I/usr/include -I/usr/include/freetype2 -I/usr/include -I/usr/include -I/usr/include -I/usr/include   -g -O2 maze.c
gcc -Wnested-externs -Wno-format -c  -DHAVE_CONFIG_H -DDEF_FILESEARCHPATH=\"/usr/lib/X11/app-defaults/%N%C%S:/usr/lib/X11/app-defaults/%N%S\"   -I. -I.. -I.. -I../xlock/ -I../..  -I/usr/include -I/usr/include/freetype2 -I/usr/include -I/usr/include -I/usr/include -I/usr/include   -g -O2 mountain.c
gcc -Wnested-externs -Wno-format -c  -DHAVE_CONFIG_H -DDEF_FILESEARCHPATH=\"/usr/lib/X11/app-defaults/%N%C%S:/usr/lib/X11/app-defaults/%N%S\"   -I. -I.. -I.. -I../xlock/ -I../..  -I/usr/include -I/usr/include/freetype2 -I/usr/include -I/usr/include -I/usr/include -I/usr/include   -g -O2 munch.c
gcc -Wnested-externs -Wno-format -c  -DHAVE_CONFIG_H -DDEF_FILESEARCHPATH=\"/usr/lib/X11/app-defaults/%N%C%S:/usr/lib/X11/app-defaults/%N%S\"   -I. -I.. -I.. -I../xlock/ -I../..  -I/usr/include -I/usr/include/freetype2 -I/usr/include -I/usr/include -I/usr/include -I/usr/include   -g -O2 nose.c
gcc -Wnested-externs -Wno-format -c  -DHAVE_CONFIG_H -DDEF_FILESEARCHPATH=\"/usr/lib/X11/app-defaults/%N%C%S:/usr/lib/X11/app-defaults/%N%S\"   -I. -I.. -I.. -I../xlock/ -I../..  -I/usr/include -I/usr/include/freetype2 -I/usr/include -I/usr/include -I/usr/include -I/usr/include   -g -O2 pacman.c
gcc -Wnested-externs -Wno-format -c  -DHAVE_CONFIG_H -DDEF_FILESEARCHPATH=\"/usr/lib/X11/app-defaults/%N%C%S:/usr/lib/X11/app-defaults/%N%S\"   -I. -I.. -I.. -I../xlock/ -I../..  -I/usr/include -I/usr/include/freetype2 -I/usr/include -I/usr/include -I/usr/include -I/usr/include   -g -O2 penrose.c
gcc -Wnested-externs -Wno-format -c  -DHAVE_CONFIG_H -DDEF_FILESEARCHPATH=\"/usr/lib/X11/app-defaults/%N%C%S:/usr/lib/X11/app-defaults/%N%S\"   -I. -I.. -I.. -I../xlock/ -I../..  -I/usr/include -I/usr/include/freetype2 -I/usr/include -I/usr/include -I/usr/include -I/usr/include   -g -O2 petal.c
gcc -Wnested-externs -Wno-format -c  -DHAVE_CONFIG_H -DDEF_FILESEARCHPATH=\"/usr/lib/X11/app-defaults/%N%C%S:/usr/lib/X11/app-defaults/%N%S\"   -I. -I.. -I.. -I../xlock/ -I../..  -I/usr/include -I/usr/include/freetype2 -I/usr/include -I/usr/include -I/usr/include -I/usr/include   -g -O2 petri.c
gcc -Wnested-externs -Wno-format -c  -DHAVE_CONFIG_H -DDEF_FILESEARCHPATH=\"/usr/lib/X11/app-defaults/%N%C%S:/usr/lib/X11/app-defaults/%N%S\"   -I. -I.. -I.. -I../xlock/ -I../..  -I/usr/include -I/usr/include/freetype2 -I/usr/include -I/usr/include -I/usr/include -I/usr/include   -g -O2 polyominoes.c
gcc -Wnested-externs -Wno-format -c  -DHAVE_CONFIG_H -DDEF_FILESEARCHPATH=\"/usr/lib/X11/app-defaults/%N%C%S:/usr/lib/X11/app-defaults/%N%S\"   -I. -I.. -I.. -I../xlock/ -I../..  -I/usr/include -I/usr/include/freetype2 -I/usr/include -I/usr/include -I/usr/include -I/usr/include   -g -O2 puzzle.c
gcc -Wnested-externs -Wno-format -c  -DHAVE_CONFIG_H -DDEF_FILESEARCHPATH=\"/usr/lib/X11/app-defaults/%N%C%S:/usr/lib/X11/app-defaults/%N%S\"   -I. -I.. -I.. -I../xlock/ -I../..  -I/usr/include -I/usr/include/freetype2 -I/usr/include -I/usr/include -I/usr/include -I/usr/include   -g -O2 pyro.c
gcc -Wnested-externs -Wno-format -c  -DHAVE_CONFIG_H -DDEF_FILESEARCHPATH=\"/usr/lib/X11/app-defaults/%N%C%S:/usr/lib/X11/app-defaults/%N%S\"   -I. -I.. -I.. -I../xlock/ -I../..  -I/usr/include -I/usr/include/freetype2 -I/usr/include -I/usr/include -I/usr/include -I/usr/include   -g -O2 pyro2.c
gcc -Wnested-externs -Wno-format -c  -DHAVE_CONFIG_H -DDEF_FILESEARCHPATH=\"/usr/lib/X11/app-defaults/%N%C%S:/usr/lib/X11/app-defaults/%N%S\"   -I. -I.. -I.. -I../xlock/ -I../..  -I/usr/include -I/usr/include/freetype2 -I/usr/include -I/usr/include -I/usr/include -I/usr/include   -g -O2 qix.c
gcc -Wnested-externs -Wno-format -c  -DHAVE_CONFIG_H -DDEF_FILESEARCHPATH=\"/usr/lib/X11/app-defaults/%N%C%S:/usr/lib/X11/app-defaults/%N%S\"   -I. -I.. -I.. -I../xlock/ -I../..  -I/usr/include -I/usr/include/freetype2 -I/usr/include -I/usr/include -I/usr/include -I/usr/include   -g -O2 rain.c
gcc -Wnested-externs -Wno-format -c  -DHAVE_CONFIG_H -DDEF_FILESEARCHPATH=\"/usr/lib/X11/app-defaults/%N%C%S:/usr/lib/X11/app-defaults/%N%S\"   -I. -I.. -I.. -I../xlock/ -I../..  -I/usr/include -I/usr/include/freetype2 -I/usr/include -I/usr/include -I/usr/include -I/usr/include   -g -O2 roll.c
gcc -Wnested-externs -Wno-format -c  -DHAVE_CONFIG_H -DDEF_FILESEARCHPATH=\"/usr/lib/X11/app-defaults/%N%C%S:/usr/lib/X11/app-defaults/%N%S\"   -I. -I.. -I.. -I../xlock/ -I../..  -I/usr/include -I/usr/include/freetype2 -I/usr/include -I/usr/include -I/usr/include -I/usr/include   -g -O2 rotor.c
gcc -Wnested-externs -Wno-format -c  -DHAVE_CONFIG_H -DDEF_FILESEARCHPATH=\"/usr/lib/X11/app-defaults/%N%C%S:/usr/lib/X11/app-defaults/%N%S\"   -I. -I.. -I.. -I../xlock/ -I../..  -I/usr/include -I/usr/include/freetype2 -I/usr/include -I/usr/include -I/usr/include -I/usr/include   -g -O2 scooter.c
gcc -Wnested-externs -Wno-format -c  -DHAVE_CONFIG_H -DDEF_FILESEARCHPATH=\"/usr/lib/X11/app-defaults/%N%C%S:/usr/lib/X11/app-defaults/%N%S\"   -I. -I.. -I.. -I../xlock/ -I../..  -I/usr/include -I/usr/include/freetype2 -I/usr/include -I/usr/include -I/usr/include -I/usr/include   -g -O2 shape.c
gcc -Wnested-externs -Wno-format -c  -DHAVE_CONFIG_H -DDEF_FILESEARCHPATH=\"/usr/lib/X11/app-defaults/%N%C%S:/usr/lib/X11/app-defaults/%N%S\"   -I. -I.. -I.. -I../xlock/ -I../..  -I/usr/include -I/usr/include/freetype2 -I/usr/include -I/usr/include -I/usr/include -I/usr/include   -g -O2 sierpinski.c
gcc -Wnested-externs -Wno-format -c  -DHAVE_CONFIG_H -DDEF_FILESEARCHPATH=\"/usr/lib/X11/app-defaults/%N%C%S:/usr/lib/X11/app-defaults/%N%S\"   -I. -I.. -I.. -I../xlock/ -I../..  -I/usr/include -I/usr/include/freetype2 -I/usr/include -I/usr/include -I/usr/include -I/usr/include   -g -O2 slip.c
gcc -Wnested-externs -Wno-format -c  -DHAVE_CONFIG_H -DDEF_FILESEARCHPATH=\"/usr/lib/X11/app-defaults/%N%C%S:/usr/lib/X11/app-defaults/%N%S\"   -I. -I.. -I.. -I../xlock/ -I../..  -I/usr/include -I/usr/include/freetype2 -I/usr/include -I/usr/include -I/usr/include -I/usr/include   -g -O2 space.c
gcc -Wnested-externs -Wno-format -c  -DHAVE_CONFIG_H -DDEF_FILESEARCHPATH=\"/usr/lib/X11/app-defaults/%N%C%S:/usr/lib/X11/app-defaults/%N%S\"   -I. -I.. -I.. -I../xlock/ -I../..  -I/usr/include -I/usr/include/freetype2 -I/usr/include -I/usr/include -I/usr/include -I/usr/include   -g -O2 sphere.c
gcc -Wnested-externs -Wno-format -c  -DHAVE_CONFIG_H -DDEF_FILESEARCHPATH=\"/usr/lib/X11/app-defaults/%N%C%S:/usr/lib/X11/app-defaults/%N%S\"   -I. -I.. -I.. -I../xlock/ -I../..  -I/usr/include -I/usr/include/freetype2 -I/usr/include -I/usr/include -I/usr/include -I/usr/include   -g -O2 spiral.c
gcc -Wnested-externs -Wno-format -c  -DHAVE_CONFIG_H -DDEF_FILESEARCHPATH=\"/usr/lib/X11/app-defaults/%N%C%S:/usr/lib/X11/app-defaults/%N%S\"   -I. -I.. -I.. -I../xlock/ -I../..  -I/usr/include -I/usr/include/freetype2 -I/usr/include -I/usr/include -I/usr/include -I/usr/include   -g -O2 spline.c
gcc -Wnested-externs -Wno-format -c  -DHAVE_CONFIG_H -DDEF_FILESEARCHPATH=\"/usr/lib/X11/app-defaults/%N%C%S:/usr/lib/X11/app-defaults/%N%S\"   -I. -I.. -I.. -I../xlock/ -I../..  -I/usr/include -I/usr/include/freetype2 -I/usr/include -I/usr/include -I/usr/include -I/usr/include   -g -O2 star.c
gcc -Wnested-externs -Wno-format -c  -DHAVE_CONFIG_H -DDEF_FILESEARCHPATH=\"/usr/lib/X11/app-defaults/%N%C%S:/usr/lib/X11/app-defaults/%N%S\"   -I. -I.. -I.. -I../xlock/ -I../..  -I/usr/include -I/usr/include/freetype2 -I/usr/include -I/usr/include -I/usr/include -I/usr/include   -g -O2 starfish.c
gcc -Wnested-externs -Wno-format -c  -DHAVE_CONFIG_H -DDEF_FILESEARCHPATH=\"/usr/lib/X11/app-defaults/%N%C%S:/usr/lib/X11/app-defaults/%N%S\"   -I. -I.. -I.. -I../xlock/ -I../..  -I/usr/include -I/usr/include/freetype2 -I/usr/include -I/usr/include -I/usr/include -I/usr/include   -g -O2 strange.c
gcc -Wnested-externs -Wno-format -c  -DHAVE_CONFIG_H -DDEF_FILESEARCHPATH=\"/usr/lib/X11/app-defaults/%N%C%S:/usr/lib/X11/app-defaults/%N%S\"   -I. -I.. -I.. -I../xlock/ -I../..  -I/usr/include -I/usr/include/freetype2 -I/usr/include -I/usr/include -I/usr/include -I/usr/include   -g -O2 swarm.c
gcc -Wnested-externs -Wno-format -c  -DHAVE_CONFIG_H -DDEF_FILESEARCHPATH=\"/usr/lib/X11/app-defaults/%N%C%S:/usr/lib/X11/app-defaults/%N%S\"   -I. -I.. -I.. -I../xlock/ -I../..  -I/usr/include -I/usr/include/freetype2 -I/usr/include -I/usr/include -I/usr/include -I/usr/include   -g -O2 swirl.c
gcc -Wnested-externs -Wno-format -c  -DHAVE_CONFIG_H -DDEF_FILESEARCHPATH=\"/usr/lib/X11/app-defaults/%N%C%S:/usr/lib/X11/app-defaults/%N%S\"   -I. -I.. -I.. -I../xlock/ -I../..  -I/usr/include -I/usr/include/freetype2 -I/usr/include -I/usr/include -I/usr/include -I/usr/include   -g -O2 t3d.c
gcc -Wnested-externs -Wno-format -c  -DHAVE_CONFIG_H -DDEF_FILESEARCHPATH=\"/usr/lib/X11/app-defaults/%N%C%S:/usr/lib/X11/app-defaults/%N%S\"   -I. -I.. -I.. -I../xlock/ -I../..  -I/usr/include -I/usr/include/freetype2 -I/usr/include -I/usr/include -I/usr/include -I/usr/include   -g -O2 tetris.c
gcc -Wnested-externs -Wno-format -c  -DHAVE_CONFIG_H -DDEF_FILESEARCHPATH=\"/usr/lib/X11/app-defaults/%N%C%S:/usr/lib/X11/app-defaults/%N%S\"   -I. -I.. -I.. -I../xlock/ -I../..  -I/usr/include -I/usr/include/freetype2 -I/usr/include -I/usr/include -I/usr/include -I/usr/include   -g -O2 thornbird.c
gcc -Wnested-externs -Wno-format -c  -DHAVE_CONFIG_H -DDEF_FILESEARCHPATH=\"/usr/lib/X11/app-defaults/%N%C%S:/usr/lib/X11/app-defaults/%N%S\"   -I. -I.. -I.. -I../xlock/ -I../..  -I/usr/include -I/usr/include/freetype2 -I/usr/include -I/usr/include -I/usr/include -I/usr/include   -g -O2 tik_tak.c
gcc -Wnested-externs -Wno-format -c  -DHAVE_CONFIG_H -DDEF_FILESEARCHPATH=\"/usr/lib/X11/app-defaults/%N%C%S:/usr/lib/X11/app-defaults/%N%S\"   -I. -I.. -I.. -I../xlock/ -I../..  -I/usr/include -I/usr/include/freetype2 -I/usr/include -I/usr/include -I/usr/include -I/usr/include   -g -O2 toneclock.c
gcc -Wnested-externs -Wno-format -c  -DHAVE_CONFIG_H -DDEF_FILESEARCHPATH=\"/usr/lib/X11/app-defaults/%N%C%S:/usr/lib/X11/app-defaults/%N%S\"   -I. -I.. -I.. -I../xlock/ -I../..  -I/usr/include -I/usr/include/freetype2 -I/usr/include -I/usr/include -I/usr/include -I/usr/include   -g -O2 triangle.c
gcc -Wnested-externs -Wno-format -c  -DHAVE_CONFIG_H -DDEF_FILESEARCHPATH=\"/usr/lib/X11/app-defaults/%N%C%S:/usr/lib/X11/app-defaults/%N%S\"   -I. -I.. -I.. -I../xlock/ -I../..  -I/usr/include -I/usr/include/freetype2 -I/usr/include -I/usr/include -I/usr/include -I/usr/include   -g -O2 tube.c
gcc -Wnested-externs -Wno-format -c  -DHAVE_CONFIG_H -DDEF_FILESEARCHPATH=\"/usr/lib/X11/app-defaults/%N%C%S:/usr/lib/X11/app-defaults/%N%S\"   -I. -I.. -I.. -I../xlock/ -I../..  -I/usr/include -I/usr/include/freetype2 -I/usr/include -I/usr/include -I/usr/include -I/usr/include   -g -O2 turtle.c
gcc -Wnested-externs -Wno-format -c  -DHAVE_CONFIG_H -DDEF_FILESEARCHPATH=\"/usr/lib/X11/app-defaults/%N%C%S:/usr/lib/X11/app-defaults/%N%S\"   -I. -I.. -I.. -I../xlock/ -I../..  -I/usr/include -I/usr/include/freetype2 -I/usr/include -I/usr/include -I/usr/include -I/usr/include   -g -O2 vines.c
gcc -Wnested-externs -Wno-format -c  -DHAVE_CONFIG_H -DDEF_FILESEARCHPATH=\"/usr/lib/X11/app-defaults/%N%C%S:/usr/lib/X11/app-defaults/%N%S\"   -I. -I.. -I.. -I../xlock/ -I../..  -I/usr/include -I/usr/include/freetype2 -I/usr/include -I/usr/include -I/usr/include -I/usr/include   -g -O2 voters.c
gcc -Wnested-externs -Wno-format -c  -DHAVE_CONFIG_H -DDEF_FILESEARCHPATH=\"/usr/lib/X11/app-defaults/%N%C%S:/usr/lib/X11/app-defaults/%N%S\"   -I. -I.. -I.. -I../xlock/ -I../..  -I/usr/include -I/usr/include/freetype2 -I/usr/include -I/usr/include -I/usr/include -I/usr/include   -g -O2 wator.c
gcc -Wnested-externs -Wno-format -c  -DHAVE_CONFIG_H -DDEF_FILESEARCHPATH=\"/usr/lib/X11/app-defaults/%N%C%S:/usr/lib/X11/app-defaults/%N%S\"   -I. -I.. -I.. -I../xlock/ -I../..  -I/usr/include -I/usr/include/freetype2 -I/usr/include -I/usr/include -I/usr/include -I/usr/include   -g -O2 wire.c
gcc -Wnested-externs -Wno-format -c  -DHAVE_CONFIG_H -DDEF_FILESEARCHPATH=\"/usr/lib/X11/app-defaults/%N%C%S:/usr/lib/X11/app-defaults/%N%S\"   -I. -I.. -I.. -I../xlock/ -I../..  -I/usr/include -I/usr/include/freetype2 -I/usr/include -I/usr/include -I/usr/include -I/usr/include   -g -O2 world.c
gcc -Wnested-externs -Wno-format -c  -DHAVE_CONFIG_H -DDEF_FILESEARCHPATH=\"/usr/lib/X11/app-defaults/%N%C%S:/usr/lib/X11/app-defaults/%N%S\"   -I. -I.. -I.. -I../xlock/ -I../..  -I/usr/include -I/usr/include/freetype2 -I/usr/include -I/usr/include -I/usr/include -I/usr/include   -g -O2 worm.c
gcc -Wnested-externs -Wno-format -c  -DHAVE_CONFIG_H -DDEF_FILESEARCHPATH=\"/usr/lib/X11/app-defaults/%N%C%S:/usr/lib/X11/app-defaults/%N%S\"   -I. -I.. -I.. -I../xlock/ -I../..  -I/usr/include -I/usr/include/freetype2 -I/usr/include -I/usr/include -I/usr/include -I/usr/include   -g -O2 xcl.c
gcc -Wnested-externs -Wno-format -c  -DHAVE_CONFIG_H -DDEF_FILESEARCHPATH=\"/usr/lib/X11/app-defaults/%N%C%S:/usr/lib/X11/app-defaults/%N%S\"   -I. -I.. -I.. -I../xlock/ -I../..  -I/usr/include -I/usr/include/freetype2 -I/usr/include -I/usr/include -I/usr/include -I/usr/include   -g -O2 xjack.c
g++ -c  -DHAVE_CONFIG_H -DDEF_FILESEARCHPATH=\"/usr/lib/X11/app-defaults/%N%C%S:/usr/lib/X11/app-defaults/%N%S\"   -I. -I.. -I.. -I../xlock/ -I../..  -I/usr/include -I/usr/include/freetype2 -I/usr/include -I/usr/include -I/usr/include -I/usr/include   -g -O2 solitaire.cc
gcc -Wnested-externs -Wno-format -c  -DHAVE_CONFIG_H -DDEF_FILESEARCHPATH=\"/usr/lib/X11/app-defaults/%N%C%S:/usr/lib/X11/app-defaults/%N%S\"   -I. -I.. -I.. -I../xlock/ -I../..  -I/usr/include -I/usr/include/freetype2 -I/usr/include -I/usr/include -I/usr/include -I/usr/include   -g -O2 bomb.c
gcc -Wnested-externs -Wno-format -c  -DHAVE_CONFIG_H -DDEF_FILESEARCHPATH=\"/usr/lib/X11/app-defaults/%N%C%S:/usr/lib/X11/app-defaults/%N%S\"   -I. -I.. -I.. -I../xlock/ -I../..  -I/usr/include -I/usr/include/freetype2 -I/usr/include -I/usr/include -I/usr/include -I/usr/include   -g -O2 blank.c
gcc -Wnested-externs -Wno-format -c  -DHAVE_CONFIG_H -DDEF_FILESEARCHPATH=\"/usr/lib/X11/app-defaults/%N%C%S:/usr/lib/X11/app-defaults/%N%S\"   -I. -I.. -I.. -I../xlock/ -I../..  -I/usr/include -I/usr/include/freetype2 -I/usr/include -I/usr/include -I/usr/include -I/usr/include   -g -O2 random.c
g++ -g -O2 -o ../xlock/xlock ../xlock/xlock.o ../xlock/passwd.o ../xlock/resource.o ../xlock/parsecmd.o  ../xlock/util.o ../xlock/logout.o ../xlock/mode.o ../xlock/xlockimage.o ../xlock/ras.o ../xlock/xbm.o  ../xlock/vis.o ../xlock/visgl.o ../xlock/color.o ../xlock/random.o ../xlock/iostuff.o ../xlock/automata.o  ../xlock/spline.o ../xlock/sound.o ../xlock/erase.o ../xlock/magick.o  ../xlock/vtlock.o ../xlock/vtlock_proc.o  anemone.o ant.o ant3d.o apollonian.o  ball.o bat.o blot.o  bouboule.o bounce.o braid.o bubble.o bug.o  clock.o coral.o crystal.o  daisy.o dclock.o decay.o deco.o deluxe.o demon.o  dilemma.o discrete.o dragon.o drift.o euler2d.o eyes.o  fadeplot.o fiberlamp.o flag.o flame.o flow.o forest.o  fzort.o galaxy.o goop.o grav.o  helix.o hop.o hyper.o  ico.o ifs.o image.o juggle.o julia.o kaleid.o kumppa.o  laser.o life.o life1d.o life3d.o  lightning.o lisa.o lissie.o loop.o lyapunov.o  mandelbrot.o marquee.o matrix.o maze.o  mountain.o munch.o nose.o  pacman.o penrose.o petal.o petri.o  polyominoes.o puzzle.o pyro.o pyro2.o  qix.o rain.o roll.o rotor.o  scooter.o shape.o sierpinski.o slip.o  space.o sphere.o spiral.o spline.o  star.o starfish.o strange.o swarm.o swirl.o  t3d.o tetris.o thornbird.o tik_tak.o toneclock.o  triangle.o tube.o turtle.o  vines.o voters.o  wator.o wire.o world.o worm.o xcl.o xjack.o   solitaire.o     bomb.o blank.o random.o       -L/usr/lib -L/usr/lib -L/usr/lib -L/usr/lib -L/usr/lib  -lSM -lICE  -laudiofile -lcrypt -lXpm -lfreetype -lXext -lXinerama -lesd   -lcrypt -lX11 -lXext -lm 
../xlock/xlock BUILD COMPLETE

make[1]: Leaving directory `/mnt/sda6/00_new-woof/petbuilds-slacko-32/builds/xlockmore/xlockmore-5.31-patched/modes'
make[1]: Entering directory `/mnt/sda6/00_new-woof/petbuilds-slacko-32/builds/xlockmore/xlockmore-5.31-patched/xmlock'
make[1]: warning: jobserver unavailable: using -j1.  Add `+' to parent make rule.
make[1]: Nothing to be done for `all'.
make[1]: Leaving directory `/mnt/sda6/00_new-woof/petbuilds-slacko-32/builds/xlockmore/xlockmore-5.31-patched/xmlock'
make[1]: Entering directory `/mnt/sda6/00_new-woof/petbuilds-slacko-32/builds/xlockmore/xlockmore-5.31-patched/xglock'
make[1]: warning: jobserver unavailable: using -j1.  Add `+' to parent make rule.
gcc -Wnested-externs -Wno-format -c  -DHAVE_CONFIG_H  -DXGLOCKRC_FILE=\"/mnt/sda6/00_new-woof/petbuilds-slacko-32/builds/xlockmore/xlockmore-install/usr/share/xlock/xglockrc\" -pthread -I/usr/include/gtk-2.0 -I/usr/lib/gtk-2.0/include -I/usr/include/atk-1.0 -I/usr/include/cairo -I/usr/include/gdk-pixbuf-2.0 -I/usr/include/pango-1.0 -I/usr/include/glib-2.0 -I/usr/lib/glib-2.0/include -I/usr/include/pixman-1 -I/usr/include/freetype2 -I/usr/include/libpng14 -I/usr/include/libdrm -I/usr/include/harfbuzz   -I.. -I.. -g -O2 xglock.c
gcc -Wnested-externs -Wno-format -o xglock xglock.o -lgtk-x11-2.0 -lgdk-x11-2.0 -latk-1.0 -lgio-2.0 -lpangoft2-1.0 -lpangocairo-1.0 -lgdk_pixbuf-2.0 -lcairo -lpango-1.0 -lfreetype -lfontconfig -lgobject-2.0 -lglib-2.0   
xglock BUILD COMPLETE

make[1]: Leaving directory `/mnt/sda6/00_new-woof/petbuilds-slacko-32/builds/xlockmore/xlockmore-5.31-patched/xglock'
make[1]: Entering directory `/mnt/sda6/00_new-woof/petbuilds-slacko-32/builds/xlockmore/xlockmore-5.31-patched/xlock'
make[1]: Nothing to be done for `install'.
make[1]: Leaving directory `/mnt/sda6/00_new-woof/petbuilds-slacko-32/builds/xlockmore/xlockmore-5.31-patched/xlock'
make[1]: Entering directory `/mnt/sda6/00_new-woof/petbuilds-slacko-32/builds/xlockmore/xlockmore-5.31-patched/modes/glx'
make[1]: Nothing to be done for `install'.
make[1]: Leaving directory `/mnt/sda6/00_new-woof/petbuilds-slacko-32/builds/xlockmore/xlockmore-5.31-patched/modes/glx'
make[1]: Entering directory `/mnt/sda6/00_new-woof/petbuilds-slacko-32/builds/xlockmore/xlockmore-5.31-patched/modes'
../mkinstalldirs /mnt/sda6/00_new-woof/petbuilds-slacko-32/builds/xlockmore/xlockmore-install/usr/bin
mkdir /mnt/sda6/00_new-woof/petbuilds-slacko-32/builds/xlockmore/xlockmore-install/usr
mkdir /mnt/sda6/00_new-woof/petbuilds-slacko-32/builds/xlockmore/xlockmore-install/usr/bin
/usr/bin/ginstall -c -s -o root -m 4111 ../xlock/xlock /mnt/sda6/00_new-woof/petbuilds-slacko-32/builds/xlockmore/xlockmore-install/usr/bin
#mkdir -p /mnt/sda6/00_new-woof/petbuilds-slacko-32/builds/xlockmore/xlockmore-install/usr/lib/X11/xlock/modules
#cp *.xlk /mnt/sda6/00_new-woof/petbuilds-slacko-32/builds/xlockmore/xlockmore-install/usr/lib/X11/xlock/modules
#cp glx/*.xlk /mnt/sda6/00_new-woof/petbuilds-slacko-32/builds/xlockmore/xlockmore-install/usr/lib/X11/xlock/modules
../mkinstalldirs /mnt/sda6/00_new-woof/petbuilds-slacko-32/builds/xlockmore/xlockmore-install/usr/share/man/man1
mkdir /mnt/sda6/00_new-woof/petbuilds-slacko-32/builds/xlockmore/xlockmore-install/usr/share
mkdir /mnt/sda6/00_new-woof/petbuilds-slacko-32/builds/xlockmore/xlockmore-install/usr/share/man
mkdir /mnt/sda6/00_new-woof/petbuilds-slacko-32/builds/xlockmore/xlockmore-install/usr/share/man/man1
/usr/bin/ginstall -c -m 644 ../xlock/xlock.man /mnt/sda6/00_new-woof/petbuilds-slacko-32/builds/xlockmore/xlockmore-install/usr/share/man/man1/xlock.1
../mkinstalldirs /usr/lib/X11/app-defaults
/usr/bin/ginstall -c -m 644 ../xlock/XLock.ad /usr/lib/X11/app-defaults/XLock
install COMPLETE

make[1]: Leaving directory `/mnt/sda6/00_new-woof/petbuilds-slacko-32/builds/xlockmore/xlockmore-5.31-patched/modes'
make[1]: Entering directory `/mnt/sda6/00_new-woof/petbuilds-slacko-32/builds/xlockmore/xlockmore-5.31-patched/xmlock'
make[1]: Nothing to be done for `install'.
make[1]: Leaving directory `/mnt/sda6/00_new-woof/petbuilds-slacko-32/builds/xlockmore/xlockmore-5.31-patched/xmlock'
make[1]: Entering directory `/mnt/sda6/00_new-woof/petbuilds-slacko-32/builds/xlockmore/xlockmore-5.31-patched/xglock'
../mkinstalldirs /mnt/sda6/00_new-woof/petbuilds-slacko-32/builds/xlockmore/xlockmore-install/usr/bin
/usr/bin/ginstall -c xglock /mnt/sda6/00_new-woof/petbuilds-slacko-32/builds/xlockmore/xlockmore-install/usr/bin
../mkinstalldirs /mnt/sda6/00_new-woof/petbuilds-slacko-32/builds/xlockmore/xlockmore-install/usr/share/xlock
mkdir /mnt/sda6/00_new-woof/petbuilds-slacko-32/builds/xlockmore/xlockmore-install/usr/share/xlock
/usr/bin/ginstall -c ../xglock/xglockrc /mnt/sda6/00_new-woof/petbuilds-slacko-32/builds/xlockmore/xlockmore-install/usr/share/xlock/xglockrc
install_xglock COMPLETE

make[1]: Leaving directory `/mnt/sda6/00_new-woof/petbuilds-slacko-32/builds/xlockmore/xlockmore-5.31-patched/xglock'
/mnt/sda6/00_new-woof/petbuilds-slacko-32/builds/xlockmore
Found 'i686'
Processing ../xlockmore-install/usr/bin/xglock
Processing ../xlockmore-install/usr/bin/xlock
Processing ../xlockmore-install/usr/share/man/man1/xlock.1
Processing ../xlockmore-install/usr/share/xlock/xglockrc
all done
packaging xlockmore-5.31-patched-i686_slk600
packaging xlockmore_DOC-5.31-patched-i686_slk600
done!
